2020-04-02 02:04:05|   0.1|  0.1|INFORM|FME 2017.1.1.1 (20171014 - Build 17652 - WIN32)
2020-04-02 02:04:05|   0.1|  0.0|INFORM|FME_HOME is 'c:\FME2017\'
2020-04-02 02:04:05|   0.1|  0.0|INFORM|FME Desktop ESRI Edition (floating)
2020-04-02 02:04:05|   0.1|  0.0|INFORM|Permanent License.
2020-04-02 02:04:05|   0.1|  0.0|INFORM|Machine host name is: coa-gis-fme2
2020-04-02 02:04:05|   0.1|  0.0|INFORM|START - ProcessID: 8548, peak process memory usage: 30068 kB, current process memory usage: 30044 kB
2020-04-02 02:04:05|   0.1|  0.0|INFORM|FME Configuration: Command line arguments are `c:\FME2017\fme' `C:\COA\bedrock\working_directory\utility_billing_services/MunisTOwh-utility_billing_services.fmw'
2020-04-02 02:04:05|   0.2|  0.1|INFORM|Shared folders for formats are : c:\FME2017\datasources;C:\Users\mssqlgisadmin\Documents\FME\Formats
2020-04-02 02:04:05|   0.2|  0.0|INFORM|Shared folders for transformers are : c:\FME2017\transformers;C:\Users\mssqlgisadmin\Documents\FME\Transformers;C:\Users\mssqlgisadmin\AppData\Roaming\Safe Software\FME\FME Store\Transformers
2020-04-02 02:04:05|   0.2|  0.0|INFORM|Shared folders for coordinate systems are : C:\Users\mssqlgisadmin\Documents\FME\CoordinateSystems
2020-04-02 02:04:05|   0.2|  0.0|INFORM|Shared folders for coordinate system exceptions are : C:\Users\mssqlgisadmin\Documents\FME\CoordinateSystemExceptions
2020-04-02 02:04:05|   0.2|  0.0|INFORM|Shared folders for coordinate system grid overrides are : C:\Users\mssqlgisadmin\Documents\FME\CoordinateSystemGridOverrides
2020-04-02 02:04:05|   0.2|  0.0|INFORM|Shared folders for CS-MAP transformation exceptions are : C:\Users\mssqlgisadmin\Documents\FME\CsmapTransformationExceptions
2020-04-02 02:04:05|   0.2|  0.0|INFORM|Shared folders for transformer categories are : C:\Users\mssqlgisadmin\Documents\FME\TransformerCategories
2020-04-02 02:04:05|   0.2|  0.0|INFORM|FME Configuration: Reader Keyword is `NULL_SOURCE'
2020-04-02 02:04:05|   0.2|  0.0|INFORM|FME Configuration: Writer Keyword is `MULTI_WRITER'
2020-04-02 02:04:05|   0.2|  0.0|INFORM|FME Configuration: Writer Group Definition Keyword is `MULTI_WRITER_DEF'
2020-04-02 02:04:05|   0.2|  0.0|INFORM|FME Configuration: Reader type is `NULL'
2020-04-02 02:04:05|   0.2|  0.0|INFORM|FME Configuration: Writer type is `MULTI_WRITER'
2020-04-02 02:04:05|   0.2|  0.0|INFORM|FME Configuration: No destination coordinate system set
2020-04-02 02:04:05|   0.2|  0.0|INFORM|FME Configuration: Current working folder is `C:\COA\bedrock\working_directory\utility_billing_services'
2020-04-02 02:04:05|   0.2|  0.0|INFORM|FME Configuration: Temporary folder is `C:\Users\MSSQLG~1\AppData\Local\Temp', set from environment variable `TEMP'
2020-04-02 02:04:05|   0.2|  0.0|INFORM|FME Configuration: FME_HOME is `c:\FME2017\'
2020-04-02 02:04:05|   0.2|  0.0|INFORM|FME Configuration: FME_BASE is 'no'
2020-04-02 02:04:05|   0.2|  0.0|INFORM|FME Configuration: FME_MF_DIR is 'C:\COA\bedrock\working_directory\utility_billing_services/'
2020-04-02 02:04:05|   0.2|  0.0|INFORM|FME Configuration: FME_MF_NAME is 'MunisTOwh-utility_billing_services.fmw'
2020-04-02 02:04:05|   0.2|  0.0|INFORM|FME Configuration: FME_PRODUCT_NAME is 'FME(R) 2017.1.1.1'
2020-04-02 02:04:05|   0.2|  0.0|INFORM|System Status: 105.37 GB of disk space available in the FME temporary folder (C:\Users\MSSQLG~1\AppData\Local\Temp)
2020-04-02 02:04:05|   0.2|  0.0|INFORM|System Status: 4.00 GB of virtual memory available
2020-04-02 02:04:05|   0.2|  0.0|INFORM|Operating System: Microsoft Windows Server 2012 R2 Server 4.0 64-bit  (Build 9600)
2020-04-02 02:04:05|   0.2|  0.0|INFORM|FME Platform: WIN32
2020-04-02 02:04:05|   0.2|  0.0|INFORM|Locale: en_US
2020-04-02 02:04:05|   0.2|  0.0|INFORM|Code Page: 1252  (ANSI - Latin I)
2020-04-02 02:04:05|   0.2|  0.0|INFORM|FME Configuration: Process limits are 8.00 GB of physical memory and 4.00 GB of address space
2020-04-02 02:04:05|   0.2|  0.0|INFORM|FME Configuration: Start freeing memory when process usage exceeds 2.83 GB of memory or 3.41 GB of address space
2020-04-02 02:04:05|   0.2|  0.0|INFORM|FME Configuration: Stop freeing memory when process usage is below 2.12 GB of memory and 2.56 GB of address space
2020-04-02 02:04:05|   0.3|  0.1|INFORM|Creating writer for format: 
2020-04-02 02:04:05|   0.3|  0.0|INFORM|Creating reader for format: NULL (Nothing)
2020-04-02 02:04:05|   0.3|  0.0|INFORM|Trying to find a DYNAMIC plugin for reader named `NULL'
2020-04-02 02:04:05|   0.3|  0.0|INFORM|Loaded module 'NULL' from file 'c:\FME2017\plugins/NULL.dll'
2020-04-02 02:04:05|   0.3|  0.0|INFORM|FME API version of module 'NULL' matches current internal version (3.8 20170315)
2020-04-02 02:04:05|   0.3|  0.0|INFORM|Using MultiWriter with keyword `MULTI_WRITER' to output data (ID_ATTRIBUTE is `multi_writer_id')
2020-04-02 02:04:05|   0.3|  0.0|INFORM|Writer output will be ordered by value of multi_writer_id
2020-04-02 02:04:05|   0.3|  0.0|INFORM|Loaded module 'QueryFactory' from file 'c:\FME2017\plugins/QueryFactory.dll'
2020-04-02 02:04:05|   0.3|  0.0|INFORM|FME API version of module 'QueryFactory' matches current internal version (3.8 20170315)
2020-04-02 02:04:05|   0.3|  0.0|INFORM|Emptying factory pipeline
2020-04-02 02:04:06|   1.7|  1.4|INFORM|FME Configuration: Named Connection Storage: 'C:\Users\mssqlgisadmin\AppData\Roaming\Safe Software\FME\'
2020-04-02 02:04:06|   1.7|  0.0|INFORM|FME Configuration: Using Named Connection values from 'munis-prod' for R_1
2020-04-02 02:04:06|   1.7|  0.0|INFORM|Creating reader for format: Microsoft SQL Server Non-Spatial
2020-04-02 02:04:06|   1.7|  0.1|INFORM|Trying to find a DYNAMIC plugin for reader named `MSSQL_ADO'
2020-04-02 02:04:06|   1.8|  0.0|INFORM|Loaded module 'MSSQL_ADO' from file 'c:\FME2017\plugins/FME_ADO.dll'
2020-04-02 02:04:06|   1.8|  0.0|INFORM|FME API version of module 'MSSQL_ADO' matches current internal version (3.8 20170315)
2020-04-02 02:04:06|   1.8|  0.0|INFORM|Performing query against MSSQL_ADO dataset `munis-prod'
2020-04-02 02:04:06|   1.8|  0.0|INFORM|Microsoft SQL Server Non-Spatial Reader: Opening `munprod' for read operation
2020-04-02 02:04:06|   1.8|  0.0|INFORM|Microsoft SQL Server Non-Spatial Reader: Trying to connect using SQL Server 2012 Native Client...
2020-04-02 02:04:18|   2.1|  0.3|INFORM|FME Configuration: Using Named Connection values from 'coa-gis-warehouse1' for POSTGRES_1
2020-04-02 02:04:18|   2.1|  0.0|INFORM|Creating writer for format: PostgreSQL
2020-04-02 02:04:18|   2.2|  0.1|INFORM|Trying to find a DYNAMIC plugin for writer named `POSTGRES'
2020-04-02 02:04:18|   2.2|  0.0|INFORM|Loaded module 'POSTGRES' from file 'c:\FME2017\plugins/POSTGIS.dll'
2020-04-02 02:04:18|   2.2|  0.0|INFORM|FME API version of module 'POSTGRES' matches current internal version (3.8 20170315)
2020-04-02 02:04:18|   2.2|  0.0|INFORM|FME Configuration: No destination coordinate system set
2020-04-02 02:04:18|   2.2|  0.0|INFORM|FME API version of module 'POSTGRES' matches current internal version (3.8 20170315)
2020-04-02 02:04:18|   2.2|  0.0|INFORM|Writer `POSTGRES_1' of type `POSTGRES' using group definition keyword `POSTGRES_1_DEF'
2020-04-02 02:04:18|   2.2|  0.0|INFORM|FME API version of module 'POSTGRES' matches current internal version (3.8 20170315)
2020-04-02 02:04:18|   2.2|  0.0|INFORM|Opening POSTGRES writer for dataset 'coagiswarehouse'...
2020-04-02 02:04:18|   2.2|  0.0|INFORM|PostGIS client encoding: 'UTF8'
2020-04-02 02:04:18|   2.2|  0.0|INFORM|PostgreSQL 9.6.11 on x86_64-pc-linux-gnu, compiled by gcc (GCC) 4.4.7 20120313 (Red Hat 4.4.7-23), 64-bit
2020-04-02 02:04:18|   2.2|  0.0|INFORM|Testing for the existence of table 'coagis.munis_utility_billing_services_etl_table'...
2020-04-02 02:04:18|   2.2|  0.0|INFORM|Truncating existing table 'coagis.munis_utility_billing_services_etl_table'...
2020-04-02 02:04:18|   2.2|  0.0|INFORM|Using existing table 'coagis.munis_utility_billing_services_etl_table'
2020-04-02 02:04:19|   2.2|  0.0|INFORM|POSTGRES Writer: Creating 'streaming Bulk Copy' feature type processor for feature type 'coagis.munis_utility_billing_services_etl_table'
2020-04-02 03:11:15|   2.7|  0.5|INFORM|Committed transaction at feature '1000'
2020-04-02 03:11:16|   3.2|  0.5|INFORM|Committed transaction at feature '2000'
2020-04-02 03:11:16|   3.6|  0.5|INFORM|Committed transaction at feature '3000'
2020-04-02 03:11:17|   4.1|  0.5|INFORM|Committed transaction at feature '4000'
2020-04-02 03:11:18|   4.5|  0.5|INFORM|Committed transaction at feature '5000'
2020-04-02 03:11:18|   5.0|  0.5|INFORM|Committed transaction at feature '6000'
2020-04-02 03:11:19|   5.5|  0.5|INFORM|Committed transaction at feature '7000'
2020-04-02 03:11:20|   5.9|  0.5|INFORM|Committed transaction at feature '8000'
2020-04-02 03:11:20|   6.4|  0.5|INFORM|Committed transaction at feature '9000'
2020-04-02 03:11:21|   6.9|  0.5|INFORM|Committed transaction at feature '10000'
2020-04-02 03:11:21|   7.3|  0.5|INFORM|Committed transaction at feature '11000'
2020-04-02 03:11:22|   7.8|  0.5|INFORM|Committed transaction at feature '12000'
2020-04-02 03:11:22|   8.3|  0.5|INFORM|Committed transaction at feature '13000'
2020-04-02 03:11:26|   8.7|  0.5|INFORM|Committed transaction at feature '14000'
2020-04-02 03:11:27|   9.2|  0.5|INFORM|Committed transaction at feature '15000'
2020-04-02 03:11:27|   9.6|  0.5|INFORM|Committed transaction at feature '16000'
2020-04-02 03:11:27|  10.1|  0.5|INFORM|Committed transaction at feature '17000'
2020-04-02 03:11:28|  10.6|  0.5|INFORM|Committed transaction at feature '18000'
2020-04-02 03:11:29|  11.0|  0.5|INFORM|Committed transaction at feature '19000'
2020-04-02 03:11:29|  11.5|  0.5|INFORM|Committed transaction at feature '20000'
2020-04-02 03:11:30|  12.0|  0.5|INFORM|Committed transaction at feature '21000'
2020-04-02 03:11:30|  12.4|  0.5|INFORM|Committed transaction at feature '22000'
2020-04-02 03:11:31|  12.9|  0.5|INFORM|Committed transaction at feature '23000'
2020-04-02 03:11:31|  13.3|  0.5|INFORM|Committed transaction at feature '24000'
2020-04-02 03:11:32|  13.8|  0.5|INFORM|Committed transaction at feature '25000'
2020-04-02 03:11:32|  14.3|  0.5|INFORM|Committed transaction at feature '26000'
2020-04-02 03:11:34|  14.7|  0.5|INFORM|Committed transaction at feature '27000'
2020-04-02 03:11:35|  15.2|  0.5|INFORM|Committed transaction at feature '28000'
2020-04-02 03:11:35|  15.6|  0.5|INFORM|Committed transaction at feature '29000'
2020-04-02 03:11:36|  16.1|  0.5|INFORM|Committed transaction at feature '30000'
2020-04-02 03:11:36|  16.5|  0.5|INFORM|Committed transaction at feature '31000'
2020-04-02 03:11:37|  17.0|  0.5|INFORM|Committed transaction at feature '32000'
2020-04-02 03:11:37|  17.4|  0.5|INFORM|Committed transaction at feature '33000'
2020-04-02 03:11:38|  17.9|  0.5|INFORM|Committed transaction at feature '34000'
2020-04-02 03:11:39|  18.4|  0.5|INFORM|Committed transaction at feature '35000'
2020-04-02 03:11:39|  18.8|  0.5|INFORM|Committed transaction at feature '36000'
2020-04-02 03:11:40|  19.3|  0.5|INFORM|Committed transaction at feature '37000'
2020-04-02 03:11:40|  19.7|  0.5|INFORM|Committed transaction at feature '38000'
2020-04-02 03:11:41|  20.2|  0.5|INFORM|Committed transaction at feature '39000'
2020-04-02 03:11:41|  20.6|  0.5|INFORM|Committed transaction at feature '40000'
2020-04-02 03:11:42|  21.1|  0.5|INFORM|Committed transaction at feature '41000'
2020-04-02 03:11:42|  21.5|  0.5|INFORM|Committed transaction at feature '42000'
2020-04-02 03:11:45|  22.0|  0.5|INFORM|Committed transaction at feature '43000'
2020-04-02 03:11:45|  22.5|  0.5|INFORM|Committed transaction at feature '44000'
2020-04-02 03:11:46|  22.9|  0.5|INFORM|Committed transaction at feature '45000'
2020-04-02 03:11:46|  23.4|  0.5|INFORM|Committed transaction at feature '46000'
2020-04-02 03:11:47|  23.8|  0.5|INFORM|Committed transaction at feature '47000'
2020-04-02 03:11:47|  24.3|  0.5|INFORM|Committed transaction at feature '48000'
2020-04-02 03:11:48|  24.7|  0.5|INFORM|Committed transaction at feature '49000'
2020-04-02 03:11:49|  25.2|  0.5|INFORM|Committed transaction at feature '50000'
2020-04-02 03:11:50|  25.7|  0.5|INFORM|Committed transaction at feature '51000'
2020-04-02 03:11:50|  26.1|  0.5|INFORM|Committed transaction at feature '52000'
2020-04-02 03:11:51|  26.6|  0.5|INFORM|Committed transaction at feature '53000'
2020-04-02 03:11:51|  27.0|  0.5|INFORM|Committed transaction at feature '54000'
2020-04-02 03:11:52|  27.5|  0.5|INFORM|Committed transaction at feature '55000'
2020-04-02 03:11:52|  27.9|  0.5|INFORM|Committed transaction at feature '56000'
2020-04-02 03:11:54|  28.4|  0.5|INFORM|Committed transaction at feature '57000'
2020-04-02 03:11:54|  28.8|  0.5|INFORM|Committed transaction at feature '58000'
2020-04-02 03:11:55|  29.3|  0.5|INFORM|Committed transaction at feature '59000'
2020-04-02 03:11:55|  29.8|  0.5|INFORM|Committed transaction at feature '60000'
2020-04-02 03:11:55|  30.2|  0.5|INFORM|Committed transaction at feature '61000'
2020-04-02 03:11:56|  30.7|  0.5|INFORM|Committed transaction at feature '62000'
2020-04-02 03:11:56|  31.2|  0.5|INFORM|Committed transaction at feature '63000'
2020-04-02 03:11:57|  31.6|  0.5|INFORM|Committed transaction at feature '64000'
2020-04-02 03:11:57|  32.1|  0.5|INFORM|Committed transaction at feature '65000'
2020-04-02 03:11:59|  32.5|  0.5|INFORM|Committed transaction at feature '66000'
2020-04-02 03:11:59|  33.0|  0.5|INFORM|Committed transaction at feature '67000'
2020-04-02 03:12:00|  33.5|  0.5|INFORM|Committed transaction at feature '68000'
2020-04-02 03:12:00|  34.0|  0.5|INFORM|Committed transaction at feature '69000'
2020-04-02 03:12:01|  34.5|  0.5|INFORM|Committed transaction at feature '70000'
2020-04-02 03:12:01|  35.0|  0.5|INFORM|Committed transaction at feature '71000'
2020-04-02 03:12:02|  35.6|  0.5|INFORM|Committed transaction at feature '72000'
2020-04-02 03:12:03|  36.1|  0.5|INFORM|Committed transaction at feature '73000'
2020-04-02 03:12:04|  36.6|  0.5|INFORM|Committed transaction at feature '74000'
2020-04-02 03:12:04|  37.0|  0.5|INFORM|Committed transaction at feature '75000'
2020-04-02 03:12:04|  37.5|  0.5|INFORM|Committed transaction at feature '76000'
2020-04-02 03:12:05|  38.0|  0.5|INFORM|Committed transaction at feature '77000'
2020-04-02 03:12:06|  38.6|  0.6|INFORM|Committed transaction at feature '78000'
2020-04-02 03:12:06|  39.1|  0.5|INFORM|Committed transaction at feature '79000'
2020-04-02 03:12:07|  39.6|  0.5|INFORM|Committed transaction at feature '80000'
2020-04-02 03:12:07|  40.1|  0.5|INFORM|Committed transaction at feature '81000'
2020-04-02 03:12:09|  40.5|  0.5|INFORM|Committed transaction at feature '82000'
2020-04-02 03:12:09|  41.0|  0.5|INFORM|Committed transaction at feature '83000'
2020-04-02 03:12:10|  41.5|  0.5|INFORM|Committed transaction at feature '84000'
2020-04-02 03:12:10|  41.9|  0.5|INFORM|Committed transaction at feature '85000'
2020-04-02 03:12:11|  42.4|  0.5|INFORM|Committed transaction at feature '86000'
2020-04-02 03:12:11|  42.8|  0.5|INFORM|Committed transaction at feature '87000'
2020-04-02 03:12:12|  43.3|  0.5|INFORM|Committed transaction at feature '88000'
2020-04-02 03:12:12|  43.8|  0.5|INFORM|Committed transaction at feature '89000'
2020-04-02 03:12:12|  44.2|  0.5|INFORM|Committed transaction at feature '90000'
2020-04-02 03:12:14|  44.7|  0.5|INFORM|Committed transaction at feature '91000'
2020-04-02 03:12:14|  45.1|  0.5|INFORM|Committed transaction at feature '92000'
2020-04-02 03:12:15|  45.6|  0.5|INFORM|Committed transaction at feature '93000'
2020-04-02 03:12:15|  46.0|  0.5|INFORM|Committed transaction at feature '94000'
2020-04-02 03:12:16|  46.5|  0.5|INFORM|Committed transaction at feature '95000'
2020-04-02 03:12:16|  47.0|  0.5|INFORM|Committed transaction at feature '96000'
2020-04-02 03:12:17|  47.4|  0.5|INFORM|Committed transaction at feature '97000'
2020-04-02 03:12:17|  47.9|  0.5|INFORM|Committed transaction at feature '98000'
2020-04-02 03:12:18|  48.3|  0.5|INFORM|Committed transaction at feature '99000'
2020-04-02 03:12:19|  48.8|  0.5|INFORM|Committed transaction at feature '100000'
2020-04-02 03:12:20|  49.3|  0.5|INFORM|Committed transaction at feature '101000'
2020-04-02 03:12:20|  49.8|  0.5|INFORM|Committed transaction at feature '102000'
2020-04-02 03:12:21|  50.3|  0.5|INFORM|Committed transaction at feature '103000'
2020-04-02 03:12:21|  50.8|  0.5|INFORM|Committed transaction at feature '104000'
2020-04-02 03:12:22|  51.3|  0.5|INFORM|Committed transaction at feature '105000'
2020-04-02 03:12:22|  51.8|  0.5|INFORM|Committed transaction at feature '106000'
2020-04-02 03:12:23|  52.3|  0.5|INFORM|Committed transaction at feature '107000'
2020-04-02 03:12:23|  52.8|  0.5|INFORM|Committed transaction at feature '108000'
2020-04-02 03:12:24|  53.2|  0.5|INFORM|Committed transaction at feature '109000'
2020-04-02 03:12:25|  53.7|  0.5|INFORM|Committed transaction at feature '110000'
2020-04-02 03:12:26|  54.1|  0.5|INFORM|Committed transaction at feature '111000'
2020-04-02 03:12:28|  54.6|  0.5|INFORM|Committed transaction at feature '112000'
2020-04-02 03:12:29|  55.1|  0.5|INFORM|Committed transaction at feature '113000'
2020-04-02 03:12:29|  55.5|  0.5|INFORM|Committed transaction at feature '114000'
2020-04-02 03:12:30|  56.0|  0.5|INFORM|Committed transaction at feature '115000'
2020-04-02 03:12:30|  56.5|  0.5|INFORM|Committed transaction at feature '116000'
2020-04-02 03:12:31|  56.9|  0.5|INFORM|Committed transaction at feature '117000'
2020-04-02 03:12:31|  57.4|  0.5|INFORM|Committed transaction at feature '118000'
2020-04-02 03:12:32|  57.9|  0.5|INFORM|Committed transaction at feature '119000'
2020-04-02 03:12:32|  58.3|  0.5|INFORM|Committed transaction at feature '120000'
2020-04-02 03:12:33|  58.8|  0.5|INFORM|Committed transaction at feature '121000'
2020-04-02 03:12:33|  59.2|  0.5|INFORM|Committed transaction at feature '122000'
2020-04-02 03:12:34|  59.7|  0.5|INFORM|Committed transaction at feature '123000'
2020-04-02 03:12:35|  60.2|  0.5|INFORM|Committed transaction at feature '124000'
2020-04-02 03:12:35|  60.6|  0.5|INFORM|Committed transaction at feature '125000'
2020-04-02 03:12:36|  61.1|  0.5|INFORM|Committed transaction at feature '126000'
2020-04-02 03:12:36|  61.5|  0.5|INFORM|Committed transaction at feature '127000'
2020-04-02 03:12:37|  62.0|  0.5|INFORM|Committed transaction at feature '128000'
2020-04-02 03:12:38|  62.4|  0.5|INFORM|Committed transaction at feature '129000'
2020-04-02 03:12:38|  62.9|  0.5|INFORM|Committed transaction at feature '130000'
2020-04-02 03:12:38|  63.3|  0.5|INFORM|Committed transaction at feature '131000'
2020-04-02 03:12:39|  63.8|  0.5|INFORM|Committed transaction at feature '132000'
2020-04-02 03:12:41|  64.3|  0.5|INFORM|Committed transaction at feature '133000'
2020-04-02 03:12:41|  64.7|  0.5|INFORM|Committed transaction at feature '134000'
2020-04-02 03:12:42|  65.2|  0.5|INFORM|Committed transaction at feature '135000'
2020-04-02 03:12:42|  65.6|  0.5|INFORM|Committed transaction at feature '136000'
2020-04-02 03:12:43|  66.1|  0.5|INFORM|Committed transaction at feature '137000'
2020-04-02 03:12:43|  66.5|  0.5|INFORM|Committed transaction at feature '138000'
2020-04-02 03:12:44|  67.0|  0.5|INFORM|Committed transaction at feature '139000'
2020-04-02 03:12:44|  67.4|  0.5|INFORM|Committed transaction at feature '140000'
2020-04-02 03:12:45|  67.9|  0.5|INFORM|Committed transaction at feature '141000'
2020-04-02 03:12:46|  68.3|  0.5|INFORM|Committed transaction at feature '142000'
2020-04-02 03:12:46|  68.8|  0.5|INFORM|Committed transaction at feature '143000'
2020-04-02 03:12:47|  69.3|  0.5|INFORM|Committed transaction at feature '144000'
2020-04-02 03:12:47|  69.7|  0.5|INFORM|Committed transaction at feature '145000'
2020-04-02 03:12:48|  70.2|  0.5|INFORM|Committed transaction at feature '146000'
2020-04-02 03:12:48|  70.7|  0.5|INFORM|Committed transaction at feature '147000'
2020-04-02 03:12:49|  71.2|  0.5|INFORM|Committed transaction at feature '148000'
2020-04-02 03:12:49|  71.7|  0.5|INFORM|Committed transaction at feature '149000'
2020-04-02 03:12:50|  72.1|  0.5|INFORM|Committed transaction at feature '150000'
2020-04-02 03:12:51|  72.6|  0.5|INFORM|Committed transaction at feature '151000'
2020-04-02 03:12:52|  73.0|  0.4|INFORM|Committed transaction at feature '152000'
2020-04-02 03:12:52|  73.5|  0.5|INFORM|Committed transaction at feature '153000'
2020-04-02 03:12:53|  74.0|  0.5|INFORM|Committed transaction at feature '154000'
2020-04-02 03:12:53|  74.4|  0.5|INFORM|Committed transaction at feature '155000'
2020-04-02 03:12:54|  74.9|  0.5|INFORM|Committed transaction at feature '156000'
2020-04-02 03:12:54|  75.3|  0.5|INFORM|Committed transaction at feature '157000'
2020-04-02 03:12:55|  75.8|  0.5|INFORM|Committed transaction at feature '158000'
2020-04-02 03:12:56|  76.2|  0.5|INFORM|Committed transaction at feature '159000'
2020-04-02 03:12:57|  76.7|  0.5|INFORM|Committed transaction at feature '160000'
2020-04-02 03:12:57|  77.2|  0.5|INFORM|Committed transaction at feature '161000'
2020-04-02 03:12:58|  77.6|  0.5|INFORM|Committed transaction at feature '162000'
2020-04-02 03:12:58|  78.1|  0.5|INFORM|Committed transaction at feature '163000'
2020-04-02 03:13:00|  78.5|  0.5|INFORM|Committed transaction at feature '164000'
2020-04-02 03:13:01|  79.1|  0.5|INFORM|Committed transaction at feature '165000'
2020-04-02 03:13:02|  79.6|  0.5|INFORM|Committed transaction at feature '166000'
2020-04-02 03:13:02|  80.1|  0.5|INFORM|Committed transaction at feature '167000'
2020-04-02 03:13:03|  80.6|  0.5|INFORM|Committed transaction at feature '168000'
2020-04-02 03:13:03|  81.0|  0.5|INFORM|Committed transaction at feature '169000'
2020-04-02 03:13:04|  81.5|  0.5|INFORM|Committed transaction at feature '170000'
2020-04-02 03:13:05|  81.9|  0.5|INFORM|Committed transaction at feature '171000'
2020-04-02 03:13:05|  82.5|  0.5|INFORM|Committed transaction at feature '172000'
2020-04-02 03:13:06|  83.0|  0.5|INFORM|Committed transaction at feature '173000'
2020-04-02 03:13:06|  83.5|  0.5|INFORM|Committed transaction at feature '174000'
2020-04-02 03:13:07|  84.0|  0.5|INFORM|Committed transaction at feature '175000'
2020-04-02 03:13:07|  84.4|  0.5|INFORM|Committed transaction at feature '176000'
2020-04-02 03:13:08|  84.9|  0.5|INFORM|Committed transaction at feature '177000'
2020-04-02 03:13:08|  85.4|  0.5|INFORM|Committed transaction at feature '178000'
2020-04-02 03:13:09|  85.8|  0.5|INFORM|Committed transaction at feature '179000'
2020-04-02 03:13:10|  86.3|  0.5|INFORM|Committed transaction at feature '180000'
2020-04-02 03:13:10|  86.8|  0.5|INFORM|Committed transaction at feature '181000'
2020-04-02 03:13:11|  87.2|  0.5|INFORM|Committed transaction at feature '182000'
2020-04-02 03:13:11|  87.7|  0.5|INFORM|Committed transaction at feature '183000'
2020-04-02 03:13:12|  88.1|  0.5|INFORM|Committed transaction at feature '184000'
2020-04-02 03:13:12|  88.6|  0.5|INFORM|Committed transaction at feature '185000'
2020-04-02 03:13:13|  89.0|  0.5|INFORM|Committed transaction at feature '186000'
2020-04-02 03:13:13|  89.5|  0.5|INFORM|Committed transaction at feature '187000'
2020-04-02 03:13:14|  89.9|  0.5|INFORM|Committed transaction at feature '188000'
2020-04-02 03:13:15|  90.4|  0.5|INFORM|Committed transaction at feature '189000'
2020-04-02 03:13:15|  90.9|  0.5|INFORM|Committed transaction at feature '190000'
2020-04-02 03:13:16|  91.4|  0.5|INFORM|Committed transaction at feature '191000'
2020-04-02 03:13:16|  91.9|  0.5|INFORM|Committed transaction at feature '192000'
2020-04-02 03:13:17|  92.4|  0.5|INFORM|Committed transaction at feature '193000'
2020-04-02 03:13:18|  93.0|  0.6|INFORM|Committed transaction at feature '194000'
2020-04-02 03:13:18|  93.5|  0.5|INFORM|Committed transaction at feature '195000'
2020-04-02 03:13:19|  94.0|  0.5|INFORM|Committed transaction at feature '196000'
2020-04-02 03:13:19|  94.6|  0.5|INFORM|Committed transaction at feature '197000'
2020-04-02 03:13:20|  95.1|  0.5|INFORM|Committed transaction at feature '198000'
2020-04-02 03:13:20|  95.6|  0.5|INFORM|Committed transaction at feature '199000'
2020-04-02 03:13:21|  96.1|  0.5|INFORM|Committed transaction at feature '200000'
2020-04-02 03:13:21|  96.5|  0.5|INFORM|Committed transaction at feature '201000'
2020-04-02 03:13:22|  97.0|  0.5|INFORM|Committed transaction at feature '202000'
2020-04-02 03:13:23|  97.5|  0.5|INFORM|Committed transaction at feature '203000'
2020-04-02 03:13:24|  98.1|  0.5|INFORM|Committed transaction at feature '204000'
2020-04-02 03:13:24|  98.5|  0.5|INFORM|Committed transaction at feature '205000'
2020-04-02 03:13:25|  99.1|  0.5|INFORM|Committed transaction at feature '206000'
2020-04-02 03:13:25|  99.6|  0.5|INFORM|Committed transaction at feature '207000'
2020-04-02 03:13:26| 100.1|  0.5|INFORM|Committed transaction at feature '208000'
2020-04-02 03:13:26| 100.6|  0.5|INFORM|Committed transaction at feature '209000'
2020-04-02 03:13:27| 101.0|  0.5|INFORM|Committed transaction at feature '210000'
2020-04-02 03:13:28| 101.5|  0.5|INFORM|Committed transaction at feature '211000'
2020-04-02 03:13:29| 102.1|  0.5|INFORM|Committed transaction at feature '212000'
2020-04-02 03:13:30| 102.6|  0.5|INFORM|Committed transaction at feature '213000'
2020-04-02 03:13:31| 103.1|  0.5|INFORM|Committed transaction at feature '214000'
2020-04-02 03:13:31| 103.5|  0.5|INFORM|Committed transaction at feature '215000'
2020-04-02 03:13:32| 104.0|  0.5|INFORM|Committed transaction at feature '216000'
2020-04-02 03:13:32| 104.5|  0.5|INFORM|Committed transaction at feature '217000'
2020-04-02 03:13:33| 105.1|  0.5|INFORM|Committed transaction at feature '218000'
2020-04-02 03:13:34| 105.6|  0.5|INFORM|Committed transaction at feature '219000'
2020-04-02 03:13:42| 106.1|  0.5|INFORM|Committed transaction at feature '220000'
2020-04-02 03:13:42| 106.6|  0.5|INFORM|Committed transaction at feature '221000'
2020-04-02 03:13:43| 107.0|  0.5|INFORM|Committed transaction at feature '222000'
2020-04-02 03:13:43| 107.6|  0.6|INFORM|Committed transaction at feature '223000'
2020-04-02 03:13:44| 108.1|  0.5|INFORM|Committed transaction at feature '224000'
2020-04-02 03:13:44| 108.6|  0.5|INFORM|Committed transaction at feature '225000'
2020-04-02 03:13:45| 109.3|  0.6|INFORM|Committed transaction at feature '226000'
2020-04-02 03:13:46| 109.8|  0.5|INFORM|Committed transaction at feature '227000'
2020-04-02 03:13:47| 110.3|  0.5|INFORM|Committed transaction at feature '228000'
2020-04-02 03:13:48| 110.8|  0.5|INFORM|Committed transaction at feature '229000'
2020-04-02 03:13:49| 111.4|  0.5|INFORM|Committed transaction at feature '230000'
2020-04-02 03:13:50| 112.0|  0.6|INFORM|Committed transaction at feature '231000'
2020-04-02 03:13:50| 112.5|  0.5|INFORM|Committed transaction at feature '232000'
2020-04-02 03:13:51| 113.0|  0.5|INFORM|Committed transaction at feature '233000'
2020-04-02 03:13:51| 113.4|  0.5|INFORM|Committed transaction at feature '234000'
2020-04-02 03:13:52| 113.9|  0.5|INFORM|Committed transaction at feature '235000'
2020-04-02 03:13:53| 114.4|  0.5|INFORM|Committed transaction at feature '236000'
2020-04-02 03:13:53| 114.9|  0.5|INFORM|Committed transaction at feature '237000'
2020-04-02 03:13:54| 115.4|  0.5|INFORM|Committed transaction at feature '238000'
2020-04-02 03:13:54| 115.8|  0.5|INFORM|Committed transaction at feature '239000'
2020-04-02 03:13:55| 116.3|  0.5|INFORM|Committed transaction at feature '240000'
2020-04-02 03:13:55| 116.8|  0.5|INFORM|Committed transaction at feature '241000'
2020-04-02 03:13:56| 117.2|  0.5|INFORM|Committed transaction at feature '242000'
2020-04-02 03:13:56| 117.7|  0.5|INFORM|Committed transaction at feature '243000'
2020-04-02 03:13:57| 118.2|  0.5|INFORM|Committed transaction at feature '244000'
2020-04-02 03:13:57| 118.6|  0.5|INFORM|Committed transaction at feature '245000'
2020-04-02 03:13:58| 119.1|  0.5|INFORM|Committed transaction at feature '246000'
2020-04-02 03:13:59| 119.6|  0.5|INFORM|Committed transaction at feature '247000'
2020-04-02 03:13:59| 120.1|  0.5|INFORM|Committed transaction at feature '248000'
2020-04-02 03:14:00| 120.6|  0.5|INFORM|Committed transaction at feature '249000'
2020-04-02 03:14:00| 121.1|  0.5|INFORM|Committed transaction at feature '250000'
2020-04-02 03:14:01| 121.6|  0.5|INFORM|Committed transaction at feature '251000'
2020-04-02 03:14:02| 122.1|  0.5|INFORM|Committed transaction at feature '252000'
2020-04-02 03:14:02| 122.6|  0.5|INFORM|Committed transaction at feature '253000'
2020-04-02 03:14:03| 123.1|  0.5|INFORM|Committed transaction at feature '254000'
2020-04-02 03:14:03| 123.6|  0.5|INFORM|Committed transaction at feature '255000'
2020-04-02 03:14:04| 124.1|  0.5|INFORM|Committed transaction at feature '256000'
2020-04-02 03:14:04| 124.5|  0.5|INFORM|Committed transaction at feature '257000'
2020-04-02 03:14:05| 125.0|  0.5|INFORM|Committed transaction at feature '258000'
2020-04-02 03:14:05| 125.5|  0.5|INFORM|Committed transaction at feature '259000'
2020-04-02 03:14:06| 126.0|  0.5|INFORM|Committed transaction at feature '260000'
2020-04-02 03:14:06| 126.5|  0.5|INFORM|Committed transaction at feature '261000'
2020-04-02 03:14:07| 127.0|  0.5|INFORM|Committed transaction at feature '262000'
2020-04-02 03:14:08| 127.4|  0.5|INFORM|Committed transaction at feature '263000'
2020-04-02 03:14:08| 127.9|  0.5|INFORM|Committed transaction at feature '264000'
2020-04-02 03:14:09| 128.4|  0.5|INFORM|Committed transaction at feature '265000'
2020-04-02 03:14:09| 128.9|  0.5|INFORM|Committed transaction at feature '266000'
2020-04-02 03:14:10| 129.4|  0.5|INFORM|Committed transaction at feature '267000'
2020-04-02 03:14:10| 129.9|  0.5|INFORM|Committed transaction at feature '268000'
2020-04-02 03:14:11| 130.5|  0.5|INFORM|Committed transaction at feature '269000'
2020-04-02 03:14:11| 131.0|  0.5|INFORM|Committed transaction at feature '270000'
2020-04-02 03:14:15| 131.5|  0.5|INFORM|Committed transaction at feature '271000'
2020-04-02 03:14:16| 132.0|  0.5|INFORM|Committed transaction at feature '272000'
2020-04-02 03:14:16| 132.4|  0.5|INFORM|Committed transaction at feature '273000'
2020-04-02 03:14:17| 132.9|  0.5|INFORM|Committed transaction at feature '274000'
2020-04-02 03:14:17| 133.4|  0.5|INFORM|Committed transaction at feature '275000'
2020-04-02 03:14:18| 133.8|  0.5|INFORM|Committed transaction at feature '276000'
2020-04-02 03:14:18| 134.3|  0.5|INFORM|Committed transaction at feature '277000'
2020-04-02 03:14:19| 134.8|  0.5|INFORM|Committed transaction at feature '278000'
2020-04-02 03:14:19| 135.2|  0.5|INFORM|Committed transaction at feature '279000'
2020-04-02 03:14:20| 135.7|  0.5|INFORM|Committed transaction at feature '280000'
2020-04-02 03:14:21| 136.2|  0.5|INFORM|Committed transaction at feature '281000'
2020-04-02 03:14:22| 136.6|  0.5|INFORM|Committed transaction at feature '282000'
2020-04-02 03:14:23| 137.1|  0.5|INFORM|Committed transaction at feature '283000'
2020-04-02 03:14:23| 137.6|  0.5|INFORM|Committed transaction at feature '284000'
2020-04-02 03:14:24| 138.1|  0.5|INFORM|Committed transaction at feature '285000'
2020-04-02 03:14:24| 138.6|  0.5|INFORM|Committed transaction at feature '286000'
2020-04-02 03:14:25| 139.2|  0.6|INFORM|Committed transaction at feature '287000'
2020-04-02 03:14:25| 139.8|  0.6|INFORM|Committed transaction at feature '288000'
2020-04-02 03:14:26| 140.3|  0.5|INFORM|Committed transaction at feature '289000'
2020-04-02 03:14:26| 140.8|  0.5|INFORM|Committed transaction at feature '290000'
2020-04-02 03:14:27| 141.2|  0.5|INFORM|Committed transaction at feature '291000'
2020-04-02 03:14:27| 141.7|  0.5|INFORM|Committed transaction at feature '292000'
2020-04-02 03:14:28| 142.2|  0.5|INFORM|Committed transaction at feature '293000'
2020-04-02 03:14:28| 142.8|  0.5|INFORM|Committed transaction at feature '294000'
2020-04-02 03:14:29| 143.3|  0.6|INFORM|Committed transaction at feature '295000'
2020-04-02 03:14:29| 143.9|  0.6|INFORM|Committed transaction at feature '296000'
2020-04-02 03:14:30| 144.5|  0.5|INFORM|Committed transaction at feature '297000'
2020-04-02 03:14:31| 145.0|  0.6|INFORM|Committed transaction at feature '298000'
2020-04-02 03:14:31| 145.5|  0.5|INFORM|Committed transaction at feature '299000'
2020-04-02 03:14:32| 146.0|  0.5|INFORM|Committed transaction at feature '300000'
2020-04-02 03:14:32| 146.5|  0.5|INFORM|Committed transaction at feature '301000'
2020-04-02 03:14:33| 147.0|  0.5|INFORM|Committed transaction at feature '302000'
2020-04-02 03:14:33| 147.5|  0.5|INFORM|Committed transaction at feature '303000'
2020-04-02 03:14:34| 148.0|  0.5|INFORM|Committed transaction at feature '304000'
2020-04-02 03:14:34| 148.4|  0.5|INFORM|Committed transaction at feature '305000'
2020-04-02 03:14:35| 148.9|  0.5|INFORM|Committed transaction at feature '306000'
2020-04-02 03:14:35| 149.4|  0.5|INFORM|Committed transaction at feature '307000'
2020-04-02 03:14:36| 149.9|  0.5|INFORM|Committed transaction at feature '308000'
2020-04-02 03:14:36| 150.3|  0.5|INFORM|Committed transaction at feature '309000'
2020-04-02 03:14:37| 150.8|  0.5|INFORM|Committed transaction at feature '310000'
2020-04-02 03:14:37| 151.2|  0.5|INFORM|Committed transaction at feature '311000'
2020-04-02 03:14:38| 151.8|  0.5|INFORM|Committed transaction at feature '312000'
2020-04-02 03:14:38| 152.3|  0.5|INFORM|Committed transaction at feature '313000'
2020-04-02 03:14:39| 152.8|  0.5|INFORM|Committed transaction at feature '314000'
2020-04-02 03:14:39| 153.3|  0.5|INFORM|Committed transaction at feature '315000'
2020-04-02 03:14:40| 153.7|  0.5|INFORM|Committed transaction at feature '316000'
2020-04-02 03:14:40| 154.2|  0.5|INFORM|Committed transaction at feature '317000'
2020-04-02 03:14:41| 154.7|  0.5|INFORM|Committed transaction at feature '318000'
2020-04-02 03:14:42| 155.1|  0.5|INFORM|Committed transaction at feature '319000'
2020-04-02 03:14:42| 155.6|  0.5|INFORM|Committed transaction at feature '320000'
2020-04-02 03:14:43| 156.0|  0.5|INFORM|Committed transaction at feature '321000'
2020-04-02 03:14:43| 156.5|  0.5|INFORM|Committed transaction at feature '322000'
2020-04-02 03:14:44| 157.0|  0.5|INFORM|Committed transaction at feature '323000'
2020-04-02 03:14:44| 157.4|  0.5|INFORM|Committed transaction at feature '324000'
2020-04-02 03:14:47| 157.9|  0.5|INFORM|Committed transaction at feature '325000'
2020-04-02 03:14:48| 158.5|  0.6|INFORM|Committed transaction at feature '326000'
2020-04-02 03:14:49| 159.0|  0.5|INFORM|Committed transaction at feature '327000'
2020-04-02 03:14:49| 159.5|  0.5|INFORM|Committed transaction at feature '328000'
2020-04-02 03:14:50| 160.0|  0.5|INFORM|Committed transaction at feature '329000'
2020-04-02 03:14:51| 160.5|  0.5|INFORM|Committed transaction at feature '330000'
2020-04-02 03:14:52| 161.0|  0.5|INFORM|Committed transaction at feature '331000'
2020-04-02 03:14:52| 161.5|  0.5|INFORM|Committed transaction at feature '332000'
2020-04-02 03:14:53| 161.9|  0.5|INFORM|Committed transaction at feature '333000'
2020-04-02 03:14:53| 162.5|  0.5|INFORM|Committed transaction at feature '334000'
2020-04-02 03:14:54| 163.0|  0.5|INFORM|Committed transaction at feature '335000'
2020-04-02 03:14:54| 163.5|  0.5|INFORM|Committed transaction at feature '336000'
2020-04-02 03:14:55| 163.9|  0.5|INFORM|Committed transaction at feature '337000'
2020-04-02 03:14:55| 164.4|  0.5|INFORM|Committed transaction at feature '338000'
2020-04-02 03:14:56| 164.9|  0.5|INFORM|Committed transaction at feature '339000'
2020-04-02 03:14:56| 165.2|  0.3|INFORM|Microsoft SQL Server Non-Spatial Reader: Database read complete.  Retrieved 339605 feature(s)
2020-04-02 03:14:56| 165.2|  0.0|STATS |SQLCreator_Creator(CreationFactory): Created 1 features
2020-04-02 03:14:56| 165.2|  0.0|INFORM|Microsoft SQL Server Non-Spatial Reader: Closing `munprod' . Read operation complete
2020-04-02 03:14:56| 165.2|  0.0|STATS |SQLCreator <REJECTED> Output Nuker(TeeFactory): Cloned 0 input feature(s) into 0 output feature(s)
2020-04-02 03:14:56| 165.2|  0.0|STATS |SQLCreator_RESULT Brancher -1 6(BranchingFactory): Branched 339605 input features -- 339605 features routed to the target factory, and 0 features routed to the fallback factory.
2020-04-02 03:14:56| 165.2|  0.0|STATS |SQLCreator_<Rejected>(TeeFactory): Cloned 0 input feature(s) into 0 output feature(s)
2020-04-02 03:14:56| 165.2|  0.0|STATS |_CREATOR_BRANCH_TARGET(TeeFactory): Cloned 339605 input feature(s) into 339605 output feature(s)
2020-04-02 03:14:56| 165.2|  0.0|STATS |Counter_Counter(TeeFactory): Cloned 339605 input feature(s) into 339605 output feature(s)
2020-04-02 03:14:56| 165.2|  0.0|STATS |Counter_Rejector(TestFactory): Tested 339605 input feature(s) -- 0 feature(s) passed and 339605 feature(s) failed
2020-04-02 03:14:56| 165.2|  0.0|STATS |Counter <REJECTED> Output Nuker(TeeFactory): Cloned 0 input feature(s) into 0 output feature(s)
2020-04-02 03:14:56| 165.2|  0.0|STATS |Counter_<Rejected>(TeeFactory): Cloned 0 input feature(s) into 0 output feature(s)
2020-04-02 03:14:56| 165.2|  0.0|STATS |Destination Feature Type Routing Correlator(RoutingFactory): Tested 339605 input feature(s), wrote 339605 output feature(s): 0 matched merge filters, 339605 were routed to output, 0 could not be routed.
2020-04-02 03:14:56| 165.2|  0.0|STATS |Final Output Nuker(TeeFactory): Cloned 0 input feature(s) into 0 output feature(s)
2020-04-02 03:14:56| 165.2|  0.0|STATS |=-=-=-=-=-=-=-=-=-=-=-=-=-=-=-=-=-=-=-=-=-=-=-=-=-=-=-=-=-=-=-=-=-=-=-=-=-=-=-
2020-04-02 03:14:56| 165.2|  0.0|STATS |                            `Count' Domain Summary
2020-04-02 03:14:56| 165.2|  0.0|STATS |=-=-=-=-=-=-=-=-=-=-=-=-=-=-=-=-=-=-=-=-=-=-=-=-=-=-=-=-=-=-=-=-=-=-=-=-=-=-=-
2020-04-02 03:14:56| 165.2|  0.0|STATS |counter                                                                 339605
2020-04-02 03:14:56| 165.2|  0.0|STATS |==============================================================================
2020-04-02 03:14:56| 165.2|  0.0|STATS |Total `@Count' Invocations:                                             339605
2020-04-02 03:14:56| 165.2|  0.0|STATS |=-=-=-=-=-=-=-=-=-=-=-=-=-=-=-=-=-=-=-=-=-=-=-=-=-=-=-=-=-=-=-=-=-=-=-=-=-=-=-
2020-04-02 03:14:56| 165.2|  0.0|INFORM|Successfully closed POSTGRES database writer
2020-04-02 03:14:56| 165.2|  0.0|INFORM|=-=-=-=-=-=-=-=-=-=-=-=-=-=-=-=-=-=-=-=-=-=-=-=-=-=-=-=-=-=-=-=-=-=-=-=-=-=-=-
2020-04-02 03:14:56| 165.2|  0.0|INFORM|Feature output statistics for `POSTGRES' writer using keyword `POSTGRES_1':
2020-04-02 03:14:56| 165.2|  0.0|STATS |=-=-=-=-=-=-=-=-=-=-=-=-=-=-=-=-=-=-=-=-=-=-=-=-=-=-=-=-=-=-=-=-=-=-=-=-=-=-=-
2020-04-02 03:14:56| 165.2|  0.0|STATS |                               Features Written
2020-04-02 03:14:56| 165.2|  0.0|STATS |=-=-=-=-=-=-=-=-=-=-=-=-=-=-=-=-=-=-=-=-=-=-=-=-=-=-=-=-=-=-=-=-=-=-=-=-=-=-=-
2020-04-02 03:14:56| 165.2|  0.0|STATS |coagis.munis_utility_billing_services_etl_table                         339605
2020-04-02 03:14:56| 165.2|  0.0|STATS |==============================================================================
2020-04-02 03:14:56| 165.2|  0.0|STATS |Total Features Written                                                  339605
2020-04-02 03:14:56| 165.2|  0.0|STATS |=-=-=-=-=-=-=-=-=-=-=-=-=-=-=-=-=-=-=-=-=-=-=-=-=-=-=-=-=-=-=-=-=-=-=-=-=-=-=-
2020-04-02 03:14:56| 165.2|  0.0|STATS |=-=-=-=-=-=-=-=-=-=-=-=-=-=-=-=-=-=-=-=-=-=-=-=-=-=-=-=-=-=-=-=-=-=-=-=-=-=-=-
2020-04-02 03:14:56| 165.2|  0.0|STATS |                            Features Read Summary
2020-04-02 03:14:56| 165.2|  0.0|STATS |=-=-=-=-=-=-=-=-=-=-=-=-=-=-=-=-=-=-=-=-=-=-=-=-=-=-=-=-=-=-=-=-=-=-=-=-=-=-=-
2020-04-02 03:14:56| 165.2|  0.0|STATS |==============================================================================
2020-04-02 03:14:56| 165.2|  0.0|STATS |Total Features Read                                                          0
2020-04-02 03:14:56| 165.2|  0.0|STATS |=-=-=-=-=-=-=-=-=-=-=-=-=-=-=-=-=-=-=-=-=-=-=-=-=-=-=-=-=-=-=-=-=-=-=-=-=-=-=-
2020-04-02 03:14:56| 165.2|  0.0|STATS |=-=-=-=-=-=-=-=-=-=-=-=-=-=-=-=-=-=-=-=-=-=-=-=-=-=-=-=-=-=-=-=-=-=-=-=-=-=-=-
2020-04-02 03:14:56| 165.2|  0.0|STATS |                           Features Written Summary
2020-04-02 03:14:56| 165.2|  0.0|STATS |=-=-=-=-=-=-=-=-=-=-=-=-=-=-=-=-=-=-=-=-=-=-=-=-=-=-=-=-=-=-=-=-=-=-=-=-=-=-=-
2020-04-02 03:14:56| 165.2|  0.0|STATS |coagis.munis_utility_billing_services_etl_table                         339605
2020-04-02 03:14:56| 165.2|  0.0|STATS |==============================================================================
2020-04-02 03:14:56| 165.2|  0.0|STATS |Total Features Written                                                  339605
2020-04-02 03:14:56| 165.2|  0.0|STATS |=-=-=-=-=-=-=-=-=-=-=-=-=-=-=-=-=-=-=-=-=-=-=-=-=-=-=-=-=-=-=-=-=-=-=-=-=-=-=-
2020-04-02 03:14:56| 165.2|  0.0|INFORM|Translation was SUCCESSFUL with 0 warning(s) (339605 feature(s) output)
2020-04-02 03:14:56| 165.2|  0.0|INFORM|FME Session Duration: 1 hour 10 minutes 51.6 seconds. (CPU: 164.1s user, 1.0s system)
2020-04-02 03:14:56| 165.2|  0.0|INFORM|END - ProcessID: 8548, peak process memory usage: 85324 kB, current process memory usage: 85040 kB
