2020-04-02 01:52:05|   0.1|  0.1|INFORM|FME 2017.1.1.1 (20171014 - Build 17652 - WIN32)
2020-04-02 01:52:05|   0.1|  0.0|INFORM|FME_HOME is 'c:\FME2017\'
2020-04-02 01:52:05|   0.1|  0.0|INFORM|FME Desktop ESRI Edition (floating)
2020-04-02 01:52:05|   0.1|  0.0|INFORM|Permanent License.
2020-04-02 01:52:05|   0.1|  0.0|INFORM|Machine host name is: coa-gis-fme2
2020-04-02 01:52:05|   0.1|  0.0|INFORM|START - ProcessID: 8012, peak process memory usage: 30956 kB, current process memory usage: 30932 kB
2020-04-02 01:52:05|   0.1|  0.0|INFORM|FME Configuration: Command line arguments are `c:\FME2017\fme' `C:\COA\bedrock\working_directory\pcard_statement_status_history/munisTOwh_pcard_statement_status_history.fmw'
2020-04-02 01:52:05|   0.2|  0.1|INFORM|Shared folders for formats are : c:\FME2017\datasources;C:\Users\mssqlgisadmin\Documents\FME\Formats
2020-04-02 01:52:05|   0.2|  0.0|INFORM|Shared folders for transformers are : c:\FME2017\transformers;C:\Users\mssqlgisadmin\Documents\FME\Transformers;C:\Users\mssqlgisadmin\AppData\Roaming\Safe Software\FME\FME Store\Transformers
2020-04-02 01:52:05|   0.2|  0.0|INFORM|Shared folders for coordinate systems are : C:\Users\mssqlgisadmin\Documents\FME\CoordinateSystems
2020-04-02 01:52:05|   0.2|  0.0|INFORM|Shared folders for coordinate system exceptions are : C:\Users\mssqlgisadmin\Documents\FME\CoordinateSystemExceptions
2020-04-02 01:52:05|   0.2|  0.0|INFORM|Shared folders for coordinate system grid overrides are : C:\Users\mssqlgisadmin\Documents\FME\CoordinateSystemGridOverrides
2020-04-02 01:52:05|   0.2|  0.0|INFORM|Shared folders for CS-MAP transformation exceptions are : C:\Users\mssqlgisadmin\Documents\FME\CsmapTransformationExceptions
2020-04-02 01:52:05|   0.2|  0.0|INFORM|Shared folders for transformer categories are : C:\Users\mssqlgisadmin\Documents\FME\TransformerCategories
2020-04-02 01:52:05|   0.2|  0.0|INFORM|FME Configuration: Reader Keyword is `MSSQL_ADO_1'
2020-04-02 01:52:05|   0.2|  0.0|INFORM|FME Configuration: Writer Keyword is `MULTI_WRITER'
2020-04-02 01:52:05|   0.2|  0.0|INFORM|FME Configuration: Writer Group Definition Keyword is `MULTI_WRITER_DEF'
2020-04-02 01:52:05|   0.2|  0.0|INFORM|FME Configuration: Reader type is `MSSQL_ADO'
2020-04-02 01:52:05|   0.2|  0.0|INFORM|FME Configuration: Writer type is `MULTI_WRITER'
2020-04-02 01:52:05|   0.2|  0.0|INFORM|FME Configuration: No destination coordinate system set
2020-04-02 01:52:05|   0.2|  0.0|INFORM|FME Configuration: Current working folder is `C:\COA\bedrock\working_directory\pcard_statement_status_history'
2020-04-02 01:52:05|   0.2|  0.0|INFORM|FME Configuration: Temporary folder is `C:\Users\MSSQLG~1\AppData\Local\Temp', set from environment variable `TEMP'
2020-04-02 01:52:05|   0.2|  0.0|INFORM|FME Configuration: FME_HOME is `c:\FME2017\'
2020-04-02 01:52:05|   0.2|  0.0|INFORM|FME Configuration: FME_BASE is 'no'
2020-04-02 01:52:05|   0.2|  0.0|INFORM|FME Configuration: FME_MF_DIR is 'C:\COA\bedrock\working_directory\pcard_statement_status_history/'
2020-04-02 01:52:05|   0.2|  0.0|INFORM|FME Configuration: FME_MF_NAME is 'munisTOwh_pcard_statement_status_history.fmw'
2020-04-02 01:52:05|   0.2|  0.0|INFORM|FME Configuration: FME_PRODUCT_NAME is 'FME(R) 2017.1.1.1'
2020-04-02 01:52:05|   0.2|  0.0|INFORM|System Status: 105.37 GB of disk space available in the FME temporary folder (C:\Users\MSSQLG~1\AppData\Local\Temp)
2020-04-02 01:52:05|   0.2|  0.0|INFORM|System Status: 4.00 GB of virtual memory available
2020-04-02 01:52:05|   0.2|  0.0|INFORM|Operating System: Microsoft Windows Server 2012 R2 Server 4.0 64-bit  (Build 9600)
2020-04-02 01:52:05|   0.2|  0.0|INFORM|FME Platform: WIN32
2020-04-02 01:52:05|   0.2|  0.0|INFORM|Locale: en_US
2020-04-02 01:52:05|   0.2|  0.0|INFORM|Code Page: 1252  (ANSI - Latin I)
2020-04-02 01:52:05|   0.2|  0.0|INFORM|FME Configuration: Process limits are 8.00 GB of physical memory and 4.00 GB of address space
2020-04-02 01:52:05|   0.2|  0.0|INFORM|FME Configuration: Start freeing memory when process usage exceeds 2.83 GB of memory or 3.41 GB of address space
2020-04-02 01:52:05|   0.2|  0.0|INFORM|FME Configuration: Stop freeing memory when process usage is below 2.12 GB of memory and 2.56 GB of address space
2020-04-02 01:52:05|   0.3|  0.1|INFORM|Creating writer for format: 
2020-04-02 01:52:06|   1.6|  1.4|INFORM|FME Configuration: Named Connection Storage: 'C:\Users\mssqlgisadmin\AppData\Roaming\Safe Software\FME\'
2020-04-02 01:52:06|   1.6|  0.0|INFORM|FME Configuration: Using Named Connection values from 'munis-prod' for MSSQL_ADO_1
2020-04-02 01:52:06|   1.6|  0.0|INFORM|Creating reader for format: Microsoft SQL Server Non-Spatial
2020-04-02 01:52:06|   1.7|  0.1|INFORM|Trying to find a DYNAMIC plugin for reader named `MSSQL_ADO'
2020-04-02 01:52:06|   1.7|  0.0|INFORM|Loaded module 'MSSQL_ADO' from file 'c:\FME2017\plugins/FME_ADO.dll'
2020-04-02 01:52:06|   1.7|  0.0|INFORM|FME API version of module 'MSSQL_ADO' matches current internal version (3.8 20170315)
2020-04-02 01:52:06|   1.7|  0.0|INFORM|Microsoft SQL Server Non-Spatial Reader: Read 1 DEF line(s).  Found 0 attribute(s)
2020-04-02 01:52:06|   1.7|  0.0|INFORM|Microsoft SQL Server Non-Spatial Reader: Opening `munprod' for read operation
2020-04-02 01:52:06|   1.7|  0.0|INFORM|Microsoft SQL Server Non-Spatial Reader: Trying to connect using SQL Server 2012 Native Client...
2020-04-02 01:52:06|   1.7|  0.0|INFORM|Using MultiWriter with keyword `MULTI_WRITER' to output data (ID_ATTRIBUTE is `multi_writer_id')
2020-04-02 01:52:06|   1.7|  0.0|INFORM|Writer output will be ordered by value of multi_writer_id
2020-04-02 01:52:11|   1.7|  0.0|INFORM|Microsoft SQL Server Non-Spatial Reader: Now reading features from table amd.pcard_statement_status_history, 10 record(s) at a time
2020-04-02 01:52:11|   2.0|  0.3|INFORM|FME Configuration: Using Named Connection values from 'mda-store-1' for POSTGRES_2
2020-04-02 01:52:11|   2.0|  0.0|INFORM|Creating writer for format: PostgreSQL
2020-04-02 01:52:11|   2.1|  0.1|INFORM|Trying to find a DYNAMIC plugin for writer named `POSTGRES'
2020-04-02 01:52:11|   2.1|  0.0|INFORM|Loaded module 'POSTGRES' from file 'c:\FME2017\plugins/POSTGIS.dll'
2020-04-02 01:52:11|   2.1|  0.0|INFORM|FME API version of module 'POSTGRES' matches current internal version (3.8 20170315)
2020-04-02 01:52:11|   2.1|  0.0|INFORM|FME Configuration: No destination coordinate system set
2020-04-02 01:52:11|   2.1|  0.0|INFORM|FME API version of module 'POSTGRES' matches current internal version (3.8 20170315)
2020-04-02 01:52:11|   2.1|  0.0|INFORM|Writer `POSTGRES_2' of type `POSTGRES' using group definition keyword `POSTGRES_2_DEF'
2020-04-02 01:52:11|   2.1|  0.0|INFORM|FME API version of module 'POSTGRES' matches current internal version (3.8 20170315)
2020-04-02 01:52:11|   2.1|  0.0|INFORM|Opening POSTGRES writer for dataset 'mdastore1'...
2020-04-02 01:52:12|   3.2|  1.1|INFORM|PostGIS client encoding: 'UTF8'
2020-04-02 01:52:13|   3.2|  0.0|INFORM|PostgreSQL 10.4 on x86_64-pc-linux-gnu, compiled by gcc (GCC) 4.8.3 20140911 (Red Hat 4.8.3-9), 64-bit
2020-04-02 01:52:13|   3.2|  0.0|INFORM|Testing for the existence of table 'internal.pcard_statement_status_history'...
2020-04-02 01:52:13|   3.2|  0.0|INFORM|Truncating existing table 'internal.pcard_statement_status_history'...
2020-04-02 01:52:13|   3.2|  0.0|INFORM|Using existing table 'internal.pcard_statement_status_history'
2020-04-02 01:52:13|   3.2|  0.0|INFORM|POSTGRES Writer: Creating 'streaming Bulk Copy' feature type processor for feature type 'internal.pcard_statement_status_history'
2020-04-02 01:52:13|   3.5|  0.3|INFORM|Committed transaction at feature '1000'
2020-04-02 01:52:14|   3.7|  0.3|INFORM|Committed transaction at feature '2000'
2020-04-02 01:52:14|   3.9|  0.2|INFORM|Reading source feature # 2500
2020-04-02 01:52:14|   4.0|  0.2|INFORM|Committed transaction at feature '3000'
2020-04-02 01:52:14|   4.3|  0.3|INFORM|Committed transaction at feature '4000'
2020-04-02 01:52:15|   4.6|  0.3|INFORM|Reading source feature # 5000
2020-04-02 01:52:15|   4.6|  0.0|INFORM|Committed transaction at feature '5000'
2020-04-02 01:52:15|   4.9|  0.3|INFORM|Committed transaction at feature '6000'
2020-04-02 01:52:15|   5.2|  0.3|INFORM|Committed transaction at feature '7000'
2020-04-02 01:52:16|   5.3|  0.1|INFORM|Reading source feature # 7500
2020-04-02 01:52:16|   5.5|  0.1|INFORM|Committed transaction at feature '8000'
2020-04-02 01:52:16|   5.7|  0.3|INFORM|Committed transaction at feature '9000'
2020-04-02 01:52:16|   6.0|  0.3|INFORM|Reading source feature # 10000
2020-04-02 01:52:16|   6.0|  0.0|INFORM|Committed transaction at feature '10000'
2020-04-02 01:52:17|   6.3|  0.3|INFORM|Committed transaction at feature '11000'
2020-04-02 01:52:17|   6.5|  0.3|INFORM|Committed transaction at feature '12000'
2020-04-02 01:52:17|   6.7|  0.1|INFORM|Reading source feature # 12500
2020-04-02 01:52:17|   6.8|  0.1|INFORM|Committed transaction at feature '13000'
2020-04-02 01:52:18|   7.1|  0.3|INFORM|Committed transaction at feature '14000'
2020-04-02 01:52:18|   7.4|  0.3|INFORM|Reading source feature # 15000
2020-04-02 01:52:18|   7.4|  0.0|INFORM|Committed transaction at feature '15000'
2020-04-02 01:52:18|   7.7|  0.3|INFORM|Committed transaction at feature '16000'
2020-04-02 01:52:19|   8.0|  0.3|INFORM|Committed transaction at feature '17000'
2020-04-02 01:52:19|   8.1|  0.1|INFORM|Reading source feature # 17500
2020-04-02 01:52:19|   8.2|  0.1|INFORM|Committed transaction at feature '18000'
2020-04-02 01:52:19|   8.5|  0.3|INFORM|Committed transaction at feature '19000'
2020-04-02 01:52:20|   8.8|  0.3|INFORM|Reading source feature # 20000
2020-04-02 01:52:20|   8.8|  0.0|INFORM|Committed transaction at feature '20000'
2020-04-02 01:52:20|   9.1|  0.3|INFORM|Committed transaction at feature '21000'
2020-04-02 01:52:20|   9.3|  0.3|INFORM|Committed transaction at feature '22000'
2020-04-02 01:52:21|   9.5|  0.1|INFORM|Reading source feature # 22500
2020-04-02 01:52:21|   9.6|  0.1|INFORM|Committed transaction at feature '23000'
2020-04-02 01:52:21|   9.9|  0.3|INFORM|Committed transaction at feature '24000'
2020-04-02 01:52:21|  10.2|  0.3|INFORM|Reading source feature # 25000
2020-04-02 01:52:21|  10.2|  0.0|INFORM|Committed transaction at feature '25000'
2020-04-02 01:52:22|  10.5|  0.3|INFORM|Committed transaction at feature '26000'
2020-04-02 01:52:22|  10.8|  0.3|INFORM|Committed transaction at feature '27000'
2020-04-02 01:52:22|  10.9|  0.2|INFORM|Reading source feature # 27500
2020-04-02 01:52:23|  11.1|  0.1|INFORM|Committed transaction at feature '28000'
2020-04-02 01:52:23|  11.4|  0.3|INFORM|Committed transaction at feature '29000'
2020-04-02 01:52:23|  11.7|  0.3|INFORM|Reading source feature # 30000
2020-04-02 01:52:23|  11.7|  0.0|INFORM|Committed transaction at feature '30000'
2020-04-02 01:52:24|  11.9|  0.3|INFORM|Committed transaction at feature '31000'
2020-04-02 01:52:24|  12.2|  0.3|INFORM|Committed transaction at feature '32000'
2020-04-02 01:52:24|  12.4|  0.1|INFORM|Reading source feature # 32500
2020-04-02 01:52:24|  12.5|  0.1|INFORM|Committed transaction at feature '33000'
2020-04-02 01:52:25|  12.8|  0.3|INFORM|Committed transaction at feature '34000'
2020-04-02 01:52:25|  13.1|  0.3|INFORM|Reading source feature # 35000
2020-04-02 01:52:25|  13.1|  0.0|INFORM|Committed transaction at feature '35000'
2020-04-02 01:52:25|  13.3|  0.3|INFORM|Committed transaction at feature '36000'
2020-04-02 01:52:26|  13.7|  0.3|INFORM|Committed transaction at feature '37000'
2020-04-02 01:52:26|  13.8|  0.1|INFORM|Reading source feature # 37500
2020-04-02 01:52:26|  13.9|  0.1|INFORM|Committed transaction at feature '38000'
2020-04-02 01:52:26|  14.2|  0.3|INFORM|Committed transaction at feature '39000'
2020-04-02 01:52:27|  14.5|  0.3|INFORM|Reading source feature # 40000
2020-04-02 01:52:27|  14.5|  0.0|INFORM|Committed transaction at feature '40000'
2020-04-02 01:52:27|  14.8|  0.3|INFORM|Committed transaction at feature '41000'
2020-04-02 01:52:27|  15.0|  0.3|INFORM|Committed transaction at feature '42000'
2020-04-02 01:52:27|  15.2|  0.1|INFORM|Reading source feature # 42500
2020-04-02 01:52:28|  15.3|  0.1|INFORM|Committed transaction at feature '43000'
2020-04-02 01:52:28|  15.6|  0.3|INFORM|Committed transaction at feature '44000'
2020-04-02 01:52:28|  15.9|  0.3|INFORM|Reading source feature # 45000
2020-04-02 01:52:28|  15.9|  0.0|INFORM|Committed transaction at feature '45000'
2020-04-02 01:52:29|  16.2|  0.3|INFORM|Committed transaction at feature '46000'
2020-04-02 01:52:29|  16.5|  0.3|INFORM|Committed transaction at feature '47000'
2020-04-02 01:52:29|  16.6|  0.1|INFORM|Reading source feature # 47500
2020-04-02 01:52:29|  16.8|  0.1|INFORM|Committed transaction at feature '48000'
2020-04-02 01:52:30|  17.0|  0.3|INFORM|Committed transaction at feature '49000'
2020-04-02 01:52:30|  17.3|  0.3|INFORM|Reading source feature # 50000
2020-04-02 01:52:30|  17.3|  0.0|INFORM|Committed transaction at feature '50000'
2020-04-02 01:52:30|  17.6|  0.3|INFORM|Committed transaction at feature '51000'
2020-04-02 01:52:31|  17.9|  0.3|INFORM|Committed transaction at feature '52000'
2020-04-02 01:52:31|  18.0|  0.1|INFORM|Reading source feature # 52500
2020-04-02 01:52:31|  18.1|  0.1|INFORM|Committed transaction at feature '53000'
2020-04-02 01:52:31|  18.4|  0.3|INFORM|Committed transaction at feature '54000'
2020-04-02 01:52:32|  18.7|  0.3|INFORM|Reading source feature # 55000
2020-04-02 01:52:32|  18.7|  0.0|INFORM|Committed transaction at feature '55000'
2020-04-02 01:52:32|  19.0|  0.3|INFORM|Committed transaction at feature '56000'
2020-04-02 01:52:32|  19.3|  0.3|INFORM|Committed transaction at feature '57000'
2020-04-02 01:52:33|  19.4|  0.1|INFORM|Reading source feature # 57500
2020-04-02 01:52:33|  19.5|  0.1|INFORM|Committed transaction at feature '58000'
2020-04-02 01:52:33|  19.8|  0.3|INFORM|Committed transaction at feature '59000'
2020-04-02 01:52:33|  20.1|  0.3|INFORM|Reading source feature # 60000
2020-04-02 01:52:33|  20.1|  0.0|INFORM|Committed transaction at feature '60000'
2020-04-02 01:52:34|  20.4|  0.3|INFORM|Committed transaction at feature '61000'
2020-04-02 01:52:34|  20.7|  0.3|INFORM|Committed transaction at feature '62000'
2020-04-02 01:52:34|  20.8|  0.1|INFORM|Reading source feature # 62500
2020-04-02 01:52:34|  21.0|  0.1|INFORM|Committed transaction at feature '63000'
2020-04-02 01:52:35|  21.2|  0.3|INFORM|Microsoft SQL Server Non-Spatial Reader: Database read complete.  Retrieved 63845 feature(s)
2020-04-02 01:52:35|  21.2|  0.0|INFORM|Emptying factory pipeline
2020-04-02 01:52:35|  21.2|  0.0|STATS |Router and Unexpected Input Remover(RoutingFactory): Tested 63845 input feature(s), wrote 63845 output feature(s): 63845 matched merge filters, 63845 were routed to output, 0 could not be routed.
2020-04-02 01:52:35|  21.2|  0.0|STATS |amd.pcard_statement_status_history (MSSQL_ADO_1) Splitter(TeeFactory): Cloned 63845 input feature(s) into 63845 output feature(s)
2020-04-02 01:52:35|  21.2|  0.0|STATS |Destination Feature Type Routing Correlator(RoutingFactory): Tested 63845 input feature(s), wrote 63845 output feature(s): 0 matched merge filters, 63845 were routed to output, 0 could not be routed.
2020-04-02 01:52:35|  21.2|  0.0|STATS |Final Output Nuker(TeeFactory): Cloned 0 input feature(s) into 0 output feature(s)
2020-04-02 01:52:35|  21.2|  0.0|INFORM|Successfully closed POSTGRES database writer
2020-04-02 01:52:35|  21.2|  0.0|INFORM|=-=-=-=-=-=-=-=-=-=-=-=-=-=-=-=-=-=-=-=-=-=-=-=-=-=-=-=-=-=-=-=-=-=-=-=-=-=-=-
2020-04-02 01:52:35|  21.2|  0.0|INFORM|Feature output statistics for `POSTGRES' writer using keyword `POSTGRES_2':
2020-04-02 01:52:35|  21.2|  0.0|STATS |=-=-=-=-=-=-=-=-=-=-=-=-=-=-=-=-=-=-=-=-=-=-=-=-=-=-=-=-=-=-=-=-=-=-=-=-=-=-=-
2020-04-02 01:52:35|  21.2|  0.0|STATS |                               Features Written
2020-04-02 01:52:35|  21.2|  0.0|STATS |=-=-=-=-=-=-=-=-=-=-=-=-=-=-=-=-=-=-=-=-=-=-=-=-=-=-=-=-=-=-=-=-=-=-=-=-=-=-=-
2020-04-02 01:52:35|  21.2|  0.0|STATS |internal.pcard_statement_status_history                                  63845
2020-04-02 01:52:35|  21.2|  0.0|STATS |==============================================================================
2020-04-02 01:52:35|  21.2|  0.0|STATS |Total Features Written                                                   63845
2020-04-02 01:52:35|  21.2|  0.0|STATS |=-=-=-=-=-=-=-=-=-=-=-=-=-=-=-=-=-=-=-=-=-=-=-=-=-=-=-=-=-=-=-=-=-=-=-=-=-=-=-
2020-04-02 01:52:35|  21.2|  0.0|STATS |=-=-=-=-=-=-=-=-=-=-=-=-=-=-=-=-=-=-=-=-=-=-=-=-=-=-=-=-=-=-=-=-=-=-=-=-=-=-=-
2020-04-02 01:52:35|  21.2|  0.0|STATS |                            Features Read Summary
2020-04-02 01:52:35|  21.2|  0.0|STATS |=-=-=-=-=-=-=-=-=-=-=-=-=-=-=-=-=-=-=-=-=-=-=-=-=-=-=-=-=-=-=-=-=-=-=-=-=-=-=-
2020-04-02 01:52:35|  21.2|  0.0|STATS |amd.pcard_statement_status_history                                       63845
2020-04-02 01:52:35|  21.2|  0.0|STATS |==============================================================================
2020-04-02 01:52:35|  21.2|  0.0|STATS |Total Features Read                                                      63845
2020-04-02 01:52:35|  21.2|  0.0|STATS |=-=-=-=-=-=-=-=-=-=-=-=-=-=-=-=-=-=-=-=-=-=-=-=-=-=-=-=-=-=-=-=-=-=-=-=-=-=-=-
2020-04-02 01:52:35|  21.2|  0.0|STATS |=-=-=-=-=-=-=-=-=-=-=-=-=-=-=-=-=-=-=-=-=-=-=-=-=-=-=-=-=-=-=-=-=-=-=-=-=-=-=-
2020-04-02 01:52:35|  21.2|  0.0|STATS |                           Features Written Summary
2020-04-02 01:52:35|  21.2|  0.0|STATS |=-=-=-=-=-=-=-=-=-=-=-=-=-=-=-=-=-=-=-=-=-=-=-=-=-=-=-=-=-=-=-=-=-=-=-=-=-=-=-
2020-04-02 01:52:35|  21.2|  0.0|STATS |internal.pcard_statement_status_history                                  63845
2020-04-02 01:52:35|  21.2|  0.0|STATS |==============================================================================
2020-04-02 01:52:35|  21.2|  0.0|STATS |Total Features Written                                                   63845
2020-04-02 01:52:35|  21.2|  0.0|STATS |=-=-=-=-=-=-=-=-=-=-=-=-=-=-=-=-=-=-=-=-=-=-=-=-=-=-=-=-=-=-=-=-=-=-=-=-=-=-=-
2020-04-02 01:52:35|  21.2|  0.0|INFORM|Microsoft SQL Server Non-Spatial Reader: Closing `munprod' . Read operation complete
2020-04-02 01:52:35|  21.2|  0.0|INFORM|Translation was SUCCESSFUL with 0 warning(s) (63845 feature(s) output)
2020-04-02 01:52:35|  21.2|  0.0|INFORM|FME Session Duration: 30.0 seconds. (CPU: 20.6s user, 0.6s system)
2020-04-02 01:52:35|  21.2|  0.0|INFORM|END - ProcessID: 8012, peak process memory usage: 81148 kB, current process memory usage: 80908 kB
