2018-12-07 09:36:09|   0.0|  0.0|INFORM|FME 2017.1.1.1 (20171014 - Build 17652 - WIN32)
2018-12-07 09:36:09|   0.0|  0.0|INFORM|FME_HOME is 'C:\FME2017\'
2018-12-07 09:36:09|   0.0|  0.0|INFORM|FME Desktop ESRI Edition (floating)
2018-12-07 09:36:09|   0.0|  0.0|INFORM|Permanent License.
2018-12-07 09:36:09|   0.0|  0.0|INFORM|Machine host name is: coa-gis-fme2
2018-12-07 09:36:09|   0.0|  0.0|INFORM|START - ProcessID: 5132, peak process memory usage: 29260 kB, current process memory usage: 29248 kB
2018-12-07 09:36:09|   0.0|  0.0|INFORM|FME Configuration: Command line arguments are `C:\FME2017\fme.exe' `C:/jon/bedrock/working_directory/assets/everbridge/Employees\wb-xlate-1544193366357_2624' `LOG_STANDARDOUT' `YES' `LogCountServerName' `{6bf39fb2-2c50-46b6-a2cb-8e29bf83fd0a}'
2018-12-07 09:36:10|   0.1|  0.1|INFORM|Shared folders for formats are : C:\FME2017\datasources;C:\Users\mssqlgisadmin\Documents\FME\Formats
2018-12-07 09:36:10|   0.1|  0.0|INFORM|Shared folders for transformers are : C:\FME2017\transformers;C:\Users\mssqlgisadmin\Documents\FME\Transformers;C:\Users\mssqlgisadmin\AppData\Roaming\Safe Software\FME\FME Store\Transformers
2018-12-07 09:36:10|   0.1|  0.0|INFORM|Shared folders for coordinate systems are : C:\Users\mssqlgisadmin\Documents\FME\CoordinateSystems
2018-12-07 09:36:10|   0.1|  0.0|INFORM|Shared folders for coordinate system exceptions are : C:\Users\mssqlgisadmin\Documents\FME\CoordinateSystemExceptions
2018-12-07 09:36:10|   0.1|  0.0|INFORM|Shared folders for coordinate system grid overrides are : C:\Users\mssqlgisadmin\Documents\FME\CoordinateSystemGridOverrides
2018-12-07 09:36:10|   0.1|  0.0|INFORM|Shared folders for CS-MAP transformation exceptions are : C:\Users\mssqlgisadmin\Documents\FME\CsmapTransformationExceptions
2018-12-07 09:36:10|   0.1|  0.0|INFORM|Shared folders for transformer categories are : C:\Users\mssqlgisadmin\Documents\FME\TransformerCategories
2018-12-07 09:36:10|   0.1|  0.0|INFORM|FME Configuration: Reader Keyword is `MSSQL_ADO_1'
2018-12-07 09:36:10|   0.1|  0.0|INFORM|FME Configuration: Writer Keyword is `NULL_DEST'
2018-12-07 09:36:10|   0.1|  0.0|INFORM|FME Configuration: Writer Group Definition Keyword is `NULL_DEST_DEF'
2018-12-07 09:36:10|   0.1|  0.0|INFORM|FME Configuration: Reader type is `MSSQL_ADO'
2018-12-07 09:36:10|   0.1|  0.0|INFORM|FME Configuration: Writer type is `NULL'
2018-12-07 09:36:10|   0.1|  0.0|INFORM|FME Configuration: No destination coordinate system set
2018-12-07 09:36:10|   0.1|  0.0|INFORM|FME Configuration: Current working folder is `C:\jon\bedrock\working_directory\assets\everbridge\Employees'
2018-12-07 09:36:10|   0.1|  0.0|INFORM|FME Configuration: Temporary folder is `C:\Users\MSSQLG~1\AppData\Local\Temp\2', set from environment variable `TEMP'
2018-12-07 09:36:10|   0.1|  0.0|INFORM|FME Configuration: FME_HOME is `C:\FME2017\'
2018-12-07 09:36:10|   0.1|  0.0|INFORM|FME Configuration: FME_BASE is 'no'
2018-12-07 09:36:10|   0.1|  0.0|INFORM|FME Configuration: FME_MF_DIR is 'C:\jon\bedrock\working_directory\assets\everbridge\Employees/'
2018-12-07 09:36:10|   0.1|  0.0|INFORM|FME Configuration: FME_MF_NAME is 'everbridge_city_employees_ftp.fmw'
2018-12-07 09:36:10|   0.1|  0.0|INFORM|FME Configuration: FME_PRODUCT_NAME is 'FME(R) 2017.1.1.1'
2018-12-07 09:36:10|   0.1|  0.0|INFORM|System Status: 116.53 GB of disk space available in the FME temporary folder (C:\Users\MSSQLG~1\AppData\Local\Temp\2)
2018-12-07 09:36:10|   0.1|  0.0|INFORM|System Status: 4.00 GB of virtual memory available
2018-12-07 09:36:10|   0.1|  0.0|INFORM|Operating System: Microsoft Windows Server 2012 R2 Server 4.0 64-bit  (Build 9600)
2018-12-07 09:36:10|   0.1|  0.0|INFORM|FME Platform: WIN32
2018-12-07 09:36:10|   0.1|  0.0|INFORM|Locale: en_US
2018-12-07 09:36:10|   0.1|  0.0|INFORM|Code Page: 1252  (ANSI - Latin I)
2018-12-07 09:36:10|   0.1|  0.0|INFORM|FME Configuration: Process limits are 8.00 GB of physical memory and 4.00 GB of address space
2018-12-07 09:36:10|   0.1|  0.0|INFORM|FME Configuration: Start freeing memory when process usage exceeds 2.83 GB of memory or 3.41 GB of address space
2018-12-07 09:36:10|   0.1|  0.0|INFORM|FME Configuration: Stop freeing memory when process usage is below 2.12 GB of memory and 2.56 GB of address space
2018-12-07 09:36:10|   0.2|  0.1|INFORM|Creating writer for format: NULL (Nothing)
2018-12-07 09:36:10|   0.2|  0.0|INFORM|Trying to find a DYNAMIC plugin for writer named `NULL'
2018-12-07 09:36:10|   0.3|  0.0|INFORM|Loaded module 'NULL' from file 'C:\FME2017\plugins/NULL.dll'
2018-12-07 09:36:10|   0.3|  0.0|INFORM|FME API version of module 'NULL' matches current internal version (3.8 20170315)
2018-12-07 09:36:11|   1.7|  1.4|INFORM|FME Configuration: Named Connection Storage: 'C:\Users\mssqlgisadmin\AppData\Roaming\Safe Software\FME\'
2018-12-07 09:36:11|   1.7|  0.0|INFORM|FME Configuration: Using Named Connection values from 'munprod' for MSSQL_ADO_1
2018-12-07 09:36:11|   1.7|  0.0|INFORM|Creating reader for format: Microsoft SQL Server Non-Spatial
2018-12-07 09:36:11|   1.8|  0.1|INFORM|Trying to find a DYNAMIC plugin for reader named `MSSQL_ADO'
2018-12-07 09:36:11|   1.8|  0.0|WARN  |Error prepending '<FME_HOME>/plugins/' to path environment variable.  The addition may not exist, or on Windows the resulting path may be longer than 2047 characters
2018-12-07 09:36:11|   1.8|  0.0|INFORM|Loaded module 'MSSQL_ADO' from file 'C:\FME2017\plugins/FME_ADO.dll'
2018-12-07 09:36:11|   1.8|  0.0|INFORM|FME API version of module 'MSSQL_ADO' matches current internal version (3.8 20170315)
2018-12-07 09:36:11|   1.8|  0.0|INFORM|Microsoft SQL Server Non-Spatial Reader: Read 1 DEF line(s).  Found 0 attribute(s)
2018-12-07 09:36:11|   1.8|  0.0|INFORM|Microsoft SQL Server Non-Spatial Reader: Opening `munprod' for read operation
2018-12-07 09:36:11|   1.8|  0.0|INFORM|Microsoft SQL Server Non-Spatial Reader: Trying to connect using SQL Server 2012 Native Client...
2018-12-07 09:36:11|   1.8|  0.0|INFORM|Loaded module 'LogCount_func' from file 'C:\FME2017\plugins/LogCount_func.dll'
2018-12-07 09:36:11|   1.8|  0.0|INFORM|FME API version of module 'LogCount_func' matches current internal version (3.8 20170315)
2018-12-07 09:36:11|   1.8|  0.0|INFORM|FME API version of module 'NULL' matches current internal version (3.8 20170315)
2018-12-07 09:36:12|   2.0|  0.2|INFORM|FME API version of module 'NULL' matches current internal version (3.8 20170315)
2018-12-07 09:36:12|   2.0|  0.0|INFORM|Microsoft SQL Server Non-Spatial Reader: Now reading features from table avl.PR_City_Employees_Everbridge, 10 record(s) at a time
2018-12-07 09:36:12|   2.0|  0.0|INFORM|Creating writer for format: 
2018-12-07 09:36:12|   2.0|  0.0|INFORM|Using MultiWriter with keyword `FeatureWriter' to output data (ID_ATTRIBUTE is `multi_writer_id')
2018-12-07 09:36:12|   2.2|  0.3|INFORM|FME Configuration: Using Named Connection values from 'munprod' for R_1
2018-12-07 09:36:12|   2.2|  0.0|INFORM|Creating reader for format: Microsoft SQL Server Non-Spatial
2018-12-07 09:36:12|   2.2|  0.0|INFORM|Trying to find a DYNAMIC plugin for reader named `MSSQL_ADO'
2018-12-07 09:36:12|   2.3|  0.0|INFORM|FME API version of module 'MSSQL_ADO' matches current internal version (3.8 20170315)
2018-12-07 09:36:12|   2.3|  0.0|INFORM|FME Configuration: Using Named Connection values from 'munprod' for R_1
2018-12-07 09:36:12|   2.3|  0.0|INFORM|Creating reader for format: Microsoft SQL Server Non-Spatial
2018-12-07 09:36:12|   2.3|  0.0|INFORM|Trying to find a DYNAMIC plugin for reader named `MSSQL_ADO'
2018-12-07 09:36:12|   2.3|  0.0|INFORM|FME API version of module 'MSSQL_ADO' matches current internal version (3.8 20170315)
2018-12-07 09:36:12|   2.3|  0.0|INFORM|Microsoft SQL Server Non-Spatial Reader: Read 1 DEF line(s).  Found 0 attribute(s)
2018-12-07 09:36:12|   2.3|  0.0|INFORM|Microsoft SQL Server Non-Spatial Reader: Opening `munprod' for read operation
2018-12-07 09:36:12|   2.3|  0.0|INFORM|Microsoft SQL Server Non-Spatial Reader: Closing `munprod' . Read operation complete
2018-12-07 09:36:12|   2.3|  0.0|INFORM|Reader `MSSQL_ADO_1' of type `MSSQL_ADO' provided schema for types: avl.PR_City_Employees_Everbridge
2018-12-07 09:36:12|   2.3|  0.1|INFORM|Creating writer for format: CSV (Comma Separated Value)
2018-12-07 09:36:12|   2.4|  0.1|INFORM|Trying to find a DYNAMIC plugin for writer named `CSV2'
2018-12-07 09:36:12|   2.4|  0.0|INFORM|Loaded module 'CSV2' from file 'C:\FME2017\plugins/CSV2.dll'
2018-12-07 09:36:12|   2.4|  0.0|INFORM|FME API version of module 'CSV2' matches current internal version (3.8 20170315)
2018-12-07 09:36:12|   2.4|  0.0|INFORM|FME Configuration: No destination coordinate system set
2018-12-07 09:36:12|   2.4|  0.0|INFORM|FME API version of module 'CSV2' matches current internal version (3.8 20170315)
2018-12-07 09:36:12|   2.4|  0.0|INFORM|Writer `FeatureWriter_0' of type `CSV2' using group definition keyword `FeatureWriter_0_DEF'
2018-12-07 09:36:12|   2.4|  0.0|INFORM|FME API version of module 'CSV2' matches current internal version (3.8 20170315)
2018-12-07 09:36:12|   2.4|  0.0|INFORM|CSV writer: Directive '_EXTENSION' has the value 'csv'
2018-12-07 09:36:12|   2.4|  0.0|INFORM|CSV writer: Directive '_DELIMITER' has the value ','
2018-12-07 09:36:12|   2.4|  0.0|INFORM|CSV writer: Directive '_WRITE_BOM_FOR_UNICODE' has the value 'Yes'
2018-12-07 09:36:12|   2.4|  0.0|INFORM|CSV writer: Directive '_QUALIFY_FIELD_NAMES' has the value 'if_needed'
2018-12-07 09:36:12|   2.4|  0.0|INFORM|CSV writer: Directive '_QUALIFY_FIELD_VALUES' has the value 'if_needed'
2018-12-07 09:36:12|   2.4|  0.0|INFORM|CSV writer: Directive '_FIELD_QUALIFIER_CHARACTER' has the value '"'
2018-12-07 09:36:12|   2.4|  0.0|INFORM|CSV writer: Directive '_FIELD_QUALIFIER_ESCAPE_CHARACTER' has the value '"'
2018-12-07 09:36:12|   2.4|  0.0|INFORM|CSV writer: Directive '_ROW_TERMINATION' has the value 'System'
2018-12-07 09:36:12|   2.4|  0.0|INFORM|CSV writer: Directive '_WRITE_SCHEMA_FILE' has the value 'NO'
2018-12-07 09:36:12|   2.4|  0.0|INFORM|CSV writer: Opening dataset 'avl.PR_City_Employees_Everbridge.csv'
2018-12-07 09:36:13|   3.0|  0.6|INFORM|Microsoft SQL Server Non-Spatial Reader: Database read complete.  Retrieved 1249 feature(s)
2018-12-07 09:36:13|   3.0|  0.0|INFORM|Emptying factory pipeline
2018-12-07 09:36:13|   3.0|  0.0|STATS |Router and Unexpected Input Remover(RoutingFactory): Tested 1249 input feature(s), wrote 1249 output feature(s): 1249 matched merge filters, 1249 were routed to output, 0 could not be routed.
2018-12-07 09:36:13|   3.0|  0.0|STATS |Unexpected Input Remover Nuker(TeeFactory): Cloned 0 input feature(s) into 0 output feature(s)
2018-12-07 09:36:13|   3.0|  0.0|STATS |avl.PR_City_Employees_Everbridge (MSSQL_ADO_1) Splitter(TeeFactory): Cloned 1249 input feature(s) into 1249 output feature(s)
2018-12-07 09:36:13|   3.0|  0.0|STATS |avl.PR_City_Employees_Everbridge_MSSQL_ADO_1 Feature Counter -1 4(TeeFactory): Cloned 1249 input feature(s) into 1249 output feature(s)
2018-12-07 09:36:13|   3.0|  0.0|INFORM|=-=-=-=-=-=-=-=-=-=-=-=-=-=-=-=-=-=-=-=-=-=-=-=-=-=-=-=-=-=-=-=-=-=-=-=-=-=-=-
2018-12-07 09:36:13|   3.0|  0.0|INFORM|Feature output statistics for `CSV2' writer using keyword `FeatureWriter_0':
2018-12-07 09:36:13|   3.0|  0.0|STATS |=-=-=-=-=-=-=-=-=-=-=-=-=-=-=-=-=-=-=-=-=-=-=-=-=-=-=-=-=-=-=-=-=-=-=-=-=-=-=-
2018-12-07 09:36:13|   3.0|  0.0|STATS |                               Features Written
2018-12-07 09:36:13|   3.0|  0.0|STATS |=-=-=-=-=-=-=-=-=-=-=-=-=-=-=-=-=-=-=-=-=-=-=-=-=-=-=-=-=-=-=-=-=-=-=-=-=-=-=-
2018-12-07 09:36:13|   3.0|  0.0|STATS |avl.PR_City_Employees_Everbridge                                          1249
2018-12-07 09:36:13|   3.0|  0.0|STATS |==============================================================================
2018-12-07 09:36:13|   3.0|  0.0|STATS |Total Features Written                                                    1249
2018-12-07 09:36:13|   3.0|  0.0|STATS |=-=-=-=-=-=-=-=-=-=-=-=-=-=-=-=-=-=-=-=-=-=-=-=-=-=-=-=-=-=-=-=-=-=-=-=-=-=-=-
2018-12-07 09:36:13|   3.0|  0.0|STATS |Destination Feature Type Routing Correlator(RoutingFactory): Tested 0 input feature(s), wrote 0 output feature(s): 0 matched merge filters, 0 were routed to output, 0 could not be routed.
2018-12-07 09:36:13|   3.0|  0.0|STATS |Final Output Nuker(TeeFactory): Cloned 0 input feature(s) into 0 output feature(s)
2018-12-07 09:36:13|   3.0|  0.0|STATS |=-=-=-=-=-=-=-=-=-=-=-=-=-=-=-=-=-=-=-=-=-=-=-=-=-=-=-=-=-=-=-=-=-=-=-=-=-=-=-
2018-12-07 09:36:13|   3.0|  0.0|STATS |                            Features Read Summary
2018-12-07 09:36:13|   3.0|  0.0|STATS |=-=-=-=-=-=-=-=-=-=-=-=-=-=-=-=-=-=-=-=-=-=-=-=-=-=-=-=-=-=-=-=-=-=-=-=-=-=-=-
2018-12-07 09:36:13|   3.0|  0.0|STATS |avl.PR_City_Employees_Everbridge                                          1249
2018-12-07 09:36:13|   3.0|  0.0|STATS |==============================================================================
2018-12-07 09:36:13|   3.0|  0.0|STATS |Total Features Read                                                       1249
2018-12-07 09:36:13|   3.0|  0.0|STATS |=-=-=-=-=-=-=-=-=-=-=-=-=-=-=-=-=-=-=-=-=-=-=-=-=-=-=-=-=-=-=-=-=-=-=-=-=-=-=-
2018-12-07 09:36:13|   3.0|  0.0|STATS |=-=-=-=-=-=-=-=-=-=-=-=-=-=-=-=-=-=-=-=-=-=-=-=-=-=-=-=-=-=-=-=-=-=-=-=-=-=-=-
2018-12-07 09:36:13|   3.0|  0.0|STATS |                           Features Written Summary
2018-12-07 09:36:13|   3.0|  0.0|STATS |=-=-=-=-=-=-=-=-=-=-=-=-=-=-=-=-=-=-=-=-=-=-=-=-=-=-=-=-=-=-=-=-=-=-=-=-=-=-=-
2018-12-07 09:36:13|   3.0|  0.0|STATS |==============================================================================
2018-12-07 09:36:13|   3.0|  0.0|STATS |Total Features Written                                                       0
2018-12-07 09:36:13|   3.0|  0.0|STATS |=-=-=-=-=-=-=-=-=-=-=-=-=-=-=-=-=-=-=-=-=-=-=-=-=-=-=-=-=-=-=-=-=-=-=-=-=-=-=-
2018-12-07 09:36:13|   3.0|  0.0|INFORM|Microsoft SQL Server Non-Spatial Reader: Closing `munprod' . Read operation complete
2018-12-07 09:36:13|   3.0|  0.0|INFORM|Translation was SUCCESSFUL with 1 warning(s) (0 feature(s) output)
2018-12-07 09:36:13|   3.0|  0.0|INFORM|FME Session Duration: 3.2 seconds. (CPU: 2.5s user, 0.5s system)
2018-12-07 09:36:13|   3.0|  0.0|INFORM|END - ProcessID: 5132, peak process memory usage: 82312 kB, current process memory usage: 82152 kB
