2020-04-02 01:15:05|   0.1|  0.1|INFORM|FME 2017.1.1.1 (20171014 - Build 17652 - WIN32)
2020-04-02 01:15:05|   0.1|  0.0|INFORM|FME_HOME is 'c:\FME2017\'
2020-04-02 01:15:05|   0.1|  0.0|INFORM|FME Desktop ESRI Edition (floating)
2020-04-02 01:15:05|   0.1|  0.0|INFORM|Permanent License.
2020-04-02 01:15:05|   0.1|  0.0|INFORM|Machine host name is: coa-gis-fme2
2020-04-02 01:15:05|   0.1|  0.0|INFORM|START - ProcessID: 8704, peak process memory usage: 30256 kB, current process memory usage: 30232 kB
2020-04-02 01:15:05|   0.1|  0.0|INFORM|FME Configuration: Command line arguments are `c:\FME2017\fme' `C:\COA\bedrock\working_directory\bc_property_account_master/bc_property_account_master.fmw'
2020-04-02 01:15:05|   0.2|  0.1|INFORM|Shared folders for formats are : c:\FME2017\datasources;C:\Users\mssqlgisadmin\Documents\FME\Formats
2020-04-02 01:15:05|   0.2|  0.0|INFORM|Shared folders for transformers are : c:\FME2017\transformers;C:\Users\mssqlgisadmin\Documents\FME\Transformers;C:\Users\mssqlgisadmin\AppData\Roaming\Safe Software\FME\FME Store\Transformers
2020-04-02 01:15:05|   0.2|  0.0|INFORM|Shared folders for coordinate systems are : C:\Users\mssqlgisadmin\Documents\FME\CoordinateSystems
2020-04-02 01:15:05|   0.2|  0.0|INFORM|Shared folders for coordinate system exceptions are : C:\Users\mssqlgisadmin\Documents\FME\CoordinateSystemExceptions
2020-04-02 01:15:05|   0.2|  0.0|INFORM|Shared folders for coordinate system grid overrides are : C:\Users\mssqlgisadmin\Documents\FME\CoordinateSystemGridOverrides
2020-04-02 01:15:05|   0.2|  0.0|INFORM|Shared folders for CS-MAP transformation exceptions are : C:\Users\mssqlgisadmin\Documents\FME\CsmapTransformationExceptions
2020-04-02 01:15:05|   0.2|  0.0|INFORM|Shared folders for transformer categories are : C:\Users\mssqlgisadmin\Documents\FME\TransformerCategories
2020-04-02 01:15:05|   0.2|  0.0|INFORM|FME Configuration: Reader Keyword is `MSSQL_ADO_1'
2020-04-02 01:15:05|   0.2|  0.0|INFORM|FME Configuration: Writer Keyword is `MULTI_WRITER'
2020-04-02 01:15:05|   0.2|  0.0|INFORM|FME Configuration: Writer Group Definition Keyword is `MULTI_WRITER_DEF'
2020-04-02 01:15:05|   0.2|  0.0|INFORM|FME Configuration: Reader type is `MSSQL_ADO'
2020-04-02 01:15:05|   0.2|  0.0|INFORM|FME Configuration: Writer type is `MULTI_WRITER'
2020-04-02 01:15:05|   0.2|  0.0|INFORM|FME Configuration: No destination coordinate system set
2020-04-02 01:15:05|   0.2|  0.0|INFORM|FME Configuration: Current working folder is `C:\COA\bedrock\working_directory\bc_property_account_master'
2020-04-02 01:15:05|   0.2|  0.0|INFORM|FME Configuration: Temporary folder is `C:\Users\MSSQLG~1\AppData\Local\Temp', set from environment variable `TEMP'
2020-04-02 01:15:05|   0.2|  0.0|INFORM|FME Configuration: FME_HOME is `c:\FME2017\'
2020-04-02 01:15:05|   0.2|  0.0|INFORM|FME Configuration: FME_BASE is 'no'
2020-04-02 01:15:05|   0.2|  0.0|INFORM|FME Configuration: FME_MF_DIR is 'C:\COA\bedrock\working_directory\bc_property_account_master/'
2020-04-02 01:15:05|   0.2|  0.0|INFORM|FME Configuration: FME_MF_NAME is 'bc_property_account_master.fmw'
2020-04-02 01:15:05|   0.2|  0.0|INFORM|FME Configuration: FME_PRODUCT_NAME is 'FME(R) 2017.1.1.1'
2020-04-02 01:15:05|   0.2|  0.0|INFORM|System Status: 105.37 GB of disk space available in the FME temporary folder (C:\Users\MSSQLG~1\AppData\Local\Temp)
2020-04-02 01:15:05|   0.2|  0.0|INFORM|System Status: 4.00 GB of virtual memory available
2020-04-02 01:15:05|   0.2|  0.0|INFORM|Operating System: Microsoft Windows Server 2012 R2 Server 4.0 64-bit  (Build 9600)
2020-04-02 01:15:05|   0.2|  0.0|INFORM|FME Platform: WIN32
2020-04-02 01:15:05|   0.2|  0.0|INFORM|Locale: en_US
2020-04-02 01:15:05|   0.2|  0.0|INFORM|Code Page: 1252  (ANSI - Latin I)
2020-04-02 01:15:05|   0.2|  0.0|INFORM|FME Configuration: Process limits are 8.00 GB of physical memory and 4.00 GB of address space
2020-04-02 01:15:05|   0.2|  0.0|INFORM|FME Configuration: Start freeing memory when process usage exceeds 2.83 GB of memory or 3.41 GB of address space
2020-04-02 01:15:05|   0.2|  0.0|INFORM|FME Configuration: Stop freeing memory when process usage is below 2.12 GB of memory and 2.56 GB of address space
2020-04-02 01:15:05|   0.3|  0.1|INFORM|Creating writer for format: 
2020-04-02 01:15:06|   1.5|  1.3|INFORM|FME Configuration: Named Connection Storage: 'C:\Users\mssqlgisadmin\AppData\Roaming\Safe Software\FME\'
2020-04-02 01:15:06|   1.5|  0.0|INFORM|FME Configuration: Using Named Connection values from '@itsqlprod.bcdomain.local/pinhistory' for MSSQL_ADO_1
2020-04-02 01:15:06|   1.5|  0.0|INFORM|Creating reader for format: Microsoft SQL Server Non-Spatial
2020-04-02 01:15:06|   1.6|  0.1|INFORM|Trying to find a DYNAMIC plugin for reader named `MSSQL_ADO'
2020-04-02 01:15:06|   1.6|  0.0|INFORM|Loaded module 'MSSQL_ADO' from file 'c:\FME2017\plugins/FME_ADO.dll'
2020-04-02 01:15:06|   1.6|  0.0|INFORM|FME API version of module 'MSSQL_ADO' matches current internal version (3.8 20170315)
2020-04-02 01:15:06|   1.6|  0.0|INFORM|Microsoft SQL Server Non-Spatial Reader: Read 0 DEF line(s).  Found 0 attribute(s)
2020-04-02 01:15:06|   1.6|  0.0|INFORM|Microsoft SQL Server Non-Spatial Reader: Opening `pinhistory' for read operation
2020-04-02 01:15:06|   1.6|  0.0|INFORM|Microsoft SQL Server Non-Spatial Reader: Trying to connect using SQL Server 2012 Native Client...
2020-04-02 01:15:06|   1.7|  0.0|INFORM|Using MultiWriter with keyword `MULTI_WRITER' to output data (ID_ATTRIBUTE is `multi_writer_id')
2020-04-02 01:15:06|   1.7|  0.0|INFORM|Writer output will be ordered by value of multi_writer_id
2020-04-02 01:15:06|   1.7|  0.0|INFORM|Loaded module 'QueryFactory' from file 'c:\FME2017\plugins/QueryFactory.dll'
2020-04-02 01:15:06|   1.7|  0.0|INFORM|FME API version of module 'QueryFactory' matches current internal version (3.8 20170315)
2020-04-02 01:15:06|   1.7|  0.0|INFORM|Microsoft SQL Server Non-Spatial Reader: Database read complete.  Retrieved 0 feature(s)
2020-04-02 01:15:06|   1.7|  0.0|INFORM|Emptying factory pipeline
2020-04-02 01:15:06|   1.7|  0.0|STATS |Router and Unexpected Input Remover(RoutingFactory): Tested 0 input feature(s), wrote 0 output feature(s): 0 matched merge filters, 0 were routed to output, 0 could not be routed.
2020-04-02 01:15:06|   1.8|  0.1|INFORM|FME Configuration: Using Named Connection values from '@itsqlprod.bcdomain.local/pinhistory' for R_1
2020-04-02 01:15:06|   1.8|  0.0|INFORM|Creating reader for format: Microsoft SQL Server Non-Spatial
2020-04-02 01:15:06|   1.8|  0.0|INFORM|Trying to find a DYNAMIC plugin for reader named `MSSQL_ADO'
2020-04-02 01:15:06|   1.8|  0.0|INFORM|FME API version of module 'MSSQL_ADO' matches current internal version (3.8 20170315)
2020-04-02 01:15:06|   1.8|  0.0|INFORM|Performing query against MSSQL_ADO dataset `@itsqlprod.bcdomain.local/pinhistory'
2020-04-02 01:15:06|   1.8|  0.0|INFORM|Microsoft SQL Server Non-Spatial Reader: Opening `pinhistory' for read operation
2020-04-02 01:15:07|   2.0|  0.3|INFORM|FME Configuration: Using Named Connection values from 'mda-store-1' for POSTGRES_1
2020-04-02 01:15:07|   2.0|  0.0|INFORM|Creating writer for format: PostgreSQL
2020-04-02 01:15:07|   2.1|  0.1|INFORM|Trying to find a DYNAMIC plugin for writer named `POSTGRES'
2020-04-02 01:15:07|   2.1|  0.0|INFORM|Loaded module 'POSTGRES' from file 'c:\FME2017\plugins/POSTGIS.dll'
2020-04-02 01:15:07|   2.1|  0.0|INFORM|FME API version of module 'POSTGRES' matches current internal version (3.8 20170315)
2020-04-02 01:15:07|   2.1|  0.0|INFORM|FME Configuration: No destination coordinate system set
2020-04-02 01:15:07|   2.1|  0.0|INFORM|FME API version of module 'POSTGRES' matches current internal version (3.8 20170315)
2020-04-02 01:15:07|   2.1|  0.0|INFORM|Writer `POSTGRES_1' of type `POSTGRES' using group definition keyword `POSTGRES_1_DEF'
2020-04-02 01:15:07|   2.1|  0.0|INFORM|FME API version of module 'POSTGRES' matches current internal version (3.8 20170315)
2020-04-02 01:15:07|   2.1|  0.0|INFORM|Opening POSTGRES writer for dataset 'mdastore1'...
2020-04-02 01:15:08|   3.2|  1.1|INFORM|PostGIS client encoding: 'UTF8'
2020-04-02 01:15:09|   3.2|  0.0|INFORM|PostgreSQL 10.4 on x86_64-pc-linux-gnu, compiled by gcc (GCC) 4.8.3 20140911 (Red Hat 4.8.3-9), 64-bit
2020-04-02 01:15:09|   3.2|  0.0|INFORM|Testing for the existence of table 'internal.bc_property_account_master'...
2020-04-02 01:15:09|   3.2|  0.0|INFORM|Truncating existing table 'internal.bc_property_account_master'...
2020-04-02 01:15:09|   3.2|  0.0|INFORM|Using existing table 'internal.bc_property_account_master'
2020-04-02 01:15:09|   3.2|  0.0|INFORM|POSTGRES Writer: Creating 'streaming Bulk Copy' feature type processor for feature type 'internal.bc_property_account_master'
2020-04-02 01:15:10|   3.7|  0.5|INFORM|Committed transaction at feature '1000'
2020-04-02 01:15:10|   4.2|  0.5|INFORM|Committed transaction at feature '2000'
2020-04-02 01:15:11|   4.7|  0.5|INFORM|Committed transaction at feature '3000'
2020-04-02 01:15:11|   5.2|  0.5|INFORM|Committed transaction at feature '4000'
2020-04-02 01:15:12|   5.7|  0.5|INFORM|Committed transaction at feature '5000'
2020-04-02 01:15:12|   6.1|  0.5|INFORM|Committed transaction at feature '6000'
2020-04-02 01:15:13|   6.6|  0.5|INFORM|Committed transaction at feature '7000'
2020-04-02 01:15:13|   7.1|  0.5|INFORM|Committed transaction at feature '8000'
2020-04-02 01:15:14|   7.6|  0.5|INFORM|Committed transaction at feature '9000'
2020-04-02 01:15:14|   8.1|  0.5|INFORM|Committed transaction at feature '10000'
2020-04-02 01:15:15|   8.6|  0.5|INFORM|Committed transaction at feature '11000'
2020-04-02 01:15:16|   9.0|  0.5|INFORM|Committed transaction at feature '12000'
2020-04-02 01:15:16|   9.5|  0.5|INFORM|Committed transaction at feature '13000'
2020-04-02 01:15:17|  10.0|  0.5|INFORM|Committed transaction at feature '14000'
2020-04-02 01:15:17|  10.5|  0.5|INFORM|Committed transaction at feature '15000'
2020-04-02 01:15:18|  10.9|  0.5|INFORM|Committed transaction at feature '16000'
2020-04-02 01:15:18|  11.4|  0.5|INFORM|Committed transaction at feature '17000'
2020-04-02 01:15:19|  11.9|  0.5|INFORM|Committed transaction at feature '18000'
2020-04-02 01:15:19|  12.4|  0.5|INFORM|Committed transaction at feature '19000'
2020-04-02 01:15:20|  12.8|  0.5|INFORM|Committed transaction at feature '20000'
2020-04-02 01:15:21|  13.3|  0.5|INFORM|Committed transaction at feature '21000'
2020-04-02 01:15:21|  13.8|  0.5|INFORM|Committed transaction at feature '22000'
2020-04-02 01:15:22|  14.3|  0.5|INFORM|Committed transaction at feature '23000'
2020-04-02 01:15:22|  14.8|  0.5|INFORM|Committed transaction at feature '24000'
2020-04-02 01:15:23|  15.3|  0.5|INFORM|Committed transaction at feature '25000'
2020-04-02 01:15:24|  15.7|  0.5|INFORM|Committed transaction at feature '26000'
2020-04-02 01:15:24|  16.2|  0.5|INFORM|Committed transaction at feature '27000'
2020-04-02 01:15:25|  16.7|  0.5|INFORM|Committed transaction at feature '28000'
2020-04-02 01:15:25|  17.2|  0.5|INFORM|Committed transaction at feature '29000'
2020-04-02 01:15:26|  17.7|  0.5|INFORM|Committed transaction at feature '30000'
2020-04-02 01:15:26|  18.2|  0.5|INFORM|Committed transaction at feature '31000'
2020-04-02 01:15:27|  18.6|  0.5|INFORM|Committed transaction at feature '32000'
2020-04-02 01:15:27|  19.1|  0.5|INFORM|Committed transaction at feature '33000'
2020-04-02 01:15:28|  19.6|  0.5|INFORM|Committed transaction at feature '34000'
2020-04-02 01:15:28|  20.0|  0.5|INFORM|Committed transaction at feature '35000'
2020-04-02 01:15:29|  20.5|  0.5|INFORM|Committed transaction at feature '36000'
2020-04-02 01:15:29|  21.0|  0.5|INFORM|Committed transaction at feature '37000'
2020-04-02 01:15:30|  21.5|  0.5|INFORM|Committed transaction at feature '38000'
2020-04-02 01:15:31|  21.9|  0.5|INFORM|Committed transaction at feature '39000'
2020-04-02 01:15:31|  22.4|  0.5|INFORM|Committed transaction at feature '40000'
2020-04-02 01:15:32|  22.9|  0.5|INFORM|Committed transaction at feature '41000'
2020-04-02 01:15:32|  23.4|  0.5|INFORM|Committed transaction at feature '42000'
2020-04-02 01:15:33|  23.9|  0.5|INFORM|Committed transaction at feature '43000'
2020-04-02 01:15:33|  24.3|  0.5|INFORM|Committed transaction at feature '44000'
2020-04-02 01:15:34|  24.8|  0.5|INFORM|Committed transaction at feature '45000'
2020-04-02 01:15:34|  25.3|  0.5|INFORM|Committed transaction at feature '46000'
2020-04-02 01:15:35|  25.8|  0.5|INFORM|Committed transaction at feature '47000'
2020-04-02 01:15:35|  26.2|  0.5|INFORM|Committed transaction at feature '48000'
2020-04-02 01:15:36|  26.7|  0.5|INFORM|Committed transaction at feature '49000'
2020-04-02 01:15:36|  27.2|  0.5|INFORM|Committed transaction at feature '50000'
2020-04-02 01:15:37|  27.7|  0.5|INFORM|Committed transaction at feature '51000'
2020-04-02 01:15:38|  28.2|  0.5|INFORM|Committed transaction at feature '52000'
2020-04-02 01:15:38|  28.7|  0.5|INFORM|Committed transaction at feature '53000'
2020-04-02 01:15:39|  29.1|  0.5|INFORM|Committed transaction at feature '54000'
2020-04-02 01:15:39|  29.6|  0.5|INFORM|Committed transaction at feature '55000'
2020-04-02 01:15:40|  30.1|  0.5|INFORM|Committed transaction at feature '56000'
2020-04-02 01:15:40|  30.6|  0.5|INFORM|Committed transaction at feature '57000'
2020-04-02 01:15:41|  31.1|  0.5|INFORM|Committed transaction at feature '58000'
2020-04-02 01:15:41|  31.6|  0.5|INFORM|Committed transaction at feature '59000'
2020-04-02 01:15:42|  32.1|  0.5|INFORM|Committed transaction at feature '60000'
2020-04-02 01:15:43|  32.6|  0.5|INFORM|Committed transaction at feature '61000'
2020-04-02 01:15:43|  33.1|  0.5|INFORM|Committed transaction at feature '62000'
2020-04-02 01:15:44|  33.6|  0.5|INFORM|Committed transaction at feature '63000'
2020-04-02 01:15:44|  34.1|  0.5|INFORM|Committed transaction at feature '64000'
2020-04-02 01:15:45|  34.5|  0.5|INFORM|Committed transaction at feature '65000'
2020-04-02 01:15:45|  35.0|  0.5|INFORM|Committed transaction at feature '66000'
2020-04-02 01:15:46|  35.5|  0.5|INFORM|Committed transaction at feature '67000'
2020-04-02 01:15:46|  36.0|  0.5|INFORM|Committed transaction at feature '68000'
2020-04-02 01:15:47|  36.5|  0.5|INFORM|Committed transaction at feature '69000'
2020-04-02 01:15:47|  36.9|  0.5|INFORM|Committed transaction at feature '70000'
2020-04-02 01:15:48|  37.4|  0.5|INFORM|Committed transaction at feature '71000'
2020-04-02 01:15:48|  37.9|  0.5|INFORM|Committed transaction at feature '72000'
2020-04-02 01:15:49|  38.4|  0.5|INFORM|Committed transaction at feature '73000'
2020-04-02 01:15:50|  38.9|  0.5|INFORM|Committed transaction at feature '74000'
2020-04-02 01:15:50|  39.4|  0.5|INFORM|Committed transaction at feature '75000'
2020-04-02 01:15:51|  39.9|  0.5|INFORM|Committed transaction at feature '76000'
2020-04-02 01:15:51|  40.3|  0.5|INFORM|Committed transaction at feature '77000'
2020-04-02 01:15:52|  40.8|  0.5|INFORM|Committed transaction at feature '78000'
2020-04-02 01:15:52|  41.3|  0.5|INFORM|Committed transaction at feature '79000'
2020-04-02 01:15:53|  41.8|  0.5|INFORM|Committed transaction at feature '80000'
2020-04-02 01:15:53|  42.3|  0.5|INFORM|Committed transaction at feature '81000'
2020-04-02 01:15:54|  42.8|  0.5|INFORM|Committed transaction at feature '82000'
2020-04-02 01:15:54|  43.3|  0.5|INFORM|Committed transaction at feature '83000'
2020-04-02 01:15:55|  43.8|  0.5|INFORM|Committed transaction at feature '84000'
2020-04-02 01:15:56|  44.2|  0.5|INFORM|Committed transaction at feature '85000'
2020-04-02 01:15:56|  44.7|  0.5|INFORM|Committed transaction at feature '86000'
2020-04-02 01:15:57|  45.2|  0.5|INFORM|Committed transaction at feature '87000'
2020-04-02 01:15:57|  45.7|  0.5|INFORM|Committed transaction at feature '88000'
2020-04-02 01:15:58|  46.2|  0.5|INFORM|Committed transaction at feature '89000'
2020-04-02 01:15:58|  46.7|  0.5|INFORM|Committed transaction at feature '90000'
2020-04-02 01:15:59|  47.2|  0.5|INFORM|Committed transaction at feature '91000'
2020-04-02 01:15:59|  47.7|  0.5|INFORM|Committed transaction at feature '92000'
2020-04-02 01:16:00|  48.2|  0.5|INFORM|Committed transaction at feature '93000'
2020-04-02 01:16:01|  48.7|  0.5|INFORM|Committed transaction at feature '94000'
2020-04-02 01:16:01|  49.3|  0.5|INFORM|Committed transaction at feature '95000'
2020-04-02 01:16:02|  49.8|  0.5|INFORM|Committed transaction at feature '96000'
2020-04-02 01:16:02|  50.2|  0.5|INFORM|Committed transaction at feature '97000'
2020-04-02 01:16:03|  50.7|  0.5|INFORM|Committed transaction at feature '98000'
2020-04-02 01:16:03|  51.2|  0.5|INFORM|Committed transaction at feature '99000'
2020-04-02 01:16:04|  51.7|  0.5|INFORM|Committed transaction at feature '100000'
2020-04-02 01:16:04|  52.2|  0.5|INFORM|Committed transaction at feature '101000'
2020-04-02 01:16:05|  52.6|  0.5|INFORM|Committed transaction at feature '102000'
2020-04-02 01:16:06|  53.1|  0.5|INFORM|Committed transaction at feature '103000'
2020-04-02 01:16:06|  53.6|  0.5|INFORM|Committed transaction at feature '104000'
2020-04-02 01:16:07|  54.1|  0.5|INFORM|Committed transaction at feature '105000'
2020-04-02 01:16:07|  54.5|  0.5|INFORM|Committed transaction at feature '106000'
2020-04-02 01:16:08|  55.0|  0.5|INFORM|Committed transaction at feature '107000'
2020-04-02 01:16:08|  55.5|  0.5|INFORM|Committed transaction at feature '108000'
2020-04-02 01:16:09|  56.0|  0.5|INFORM|Committed transaction at feature '109000'
2020-04-02 01:16:09|  56.5|  0.5|INFORM|Committed transaction at feature '110000'
2020-04-02 01:16:10|  57.0|  0.5|INFORM|Committed transaction at feature '111000'
2020-04-02 01:16:10|  57.4|  0.5|INFORM|Committed transaction at feature '112000'
2020-04-02 01:16:11|  57.9|  0.5|INFORM|Committed transaction at feature '113000'
2020-04-02 01:16:11|  58.4|  0.5|INFORM|Committed transaction at feature '114000'
2020-04-02 01:16:12|  58.9|  0.5|INFORM|Committed transaction at feature '115000'
2020-04-02 01:16:13|  59.3|  0.5|INFORM|Committed transaction at feature '116000'
2020-04-02 01:16:13|  59.9|  0.5|INFORM|Committed transaction at feature '117000'
2020-04-02 01:16:14|  60.4|  0.5|INFORM|Committed transaction at feature '118000'
2020-04-02 01:16:14|  60.8|  0.5|INFORM|Committed transaction at feature '119000'
2020-04-02 01:16:15|  61.3|  0.5|INFORM|Committed transaction at feature '120000'
2020-04-02 01:16:15|  61.8|  0.5|INFORM|Committed transaction at feature '121000'
2020-04-02 01:16:16|  62.3|  0.5|INFORM|Committed transaction at feature '122000'
2020-04-02 01:16:16|  62.8|  0.5|INFORM|Committed transaction at feature '123000'
2020-04-02 01:16:17|  63.3|  0.5|INFORM|Committed transaction at feature '124000'
2020-04-02 01:16:17|  63.7|  0.5|INFORM|Committed transaction at feature '125000'
2020-04-02 01:16:18|  64.2|  0.5|INFORM|Committed transaction at feature '126000'
2020-04-02 01:16:19|  64.7|  0.5|INFORM|Committed transaction at feature '127000'
2020-04-02 01:16:19|  65.2|  0.5|INFORM|Committed transaction at feature '128000'
2020-04-02 01:16:20|  65.6|  0.5|INFORM|Committed transaction at feature '129000'
2020-04-02 01:16:20|  66.1|  0.5|INFORM|Committed transaction at feature '130000'
2020-04-02 01:16:21|  66.6|  0.5|INFORM|Committed transaction at feature '131000'
2020-04-02 01:16:21|  67.1|  0.5|INFORM|Committed transaction at feature '132000'
2020-04-02 01:16:22|  67.6|  0.5|INFORM|Committed transaction at feature '133000'
2020-04-02 01:16:22|  68.1|  0.5|INFORM|Committed transaction at feature '134000'
2020-04-02 01:16:23|  68.6|  0.5|INFORM|Committed transaction at feature '135000'
2020-04-02 01:16:23|  69.1|  0.5|INFORM|Committed transaction at feature '136000'
2020-04-02 01:16:24|  69.6|  0.5|INFORM|Committed transaction at feature '137000'
2020-04-02 01:16:25|  70.0|  0.5|INFORM|Committed transaction at feature '138000'
2020-04-02 01:16:25|  70.5|  0.5|INFORM|Committed transaction at feature '139000'
2020-04-02 01:16:26|  71.0|  0.5|INFORM|Committed transaction at feature '140000'
2020-04-02 01:16:26|  71.5|  0.5|INFORM|Committed transaction at feature '141000'
2020-04-02 01:16:27|  71.9|  0.5|INFORM|Committed transaction at feature '142000'
2020-04-02 01:16:27|  72.4|  0.5|INFORM|Committed transaction at feature '143000'
2020-04-02 01:16:28|  72.9|  0.5|INFORM|Committed transaction at feature '144000'
2020-04-02 01:16:28|  73.4|  0.5|INFORM|Committed transaction at feature '145000'
2020-04-02 01:16:29|  73.8|  0.5|INFORM|Committed transaction at feature '146000'
2020-04-02 01:16:29|  74.3|  0.5|INFORM|Committed transaction at feature '147000'
2020-04-02 01:16:30|  74.8|  0.5|INFORM|Committed transaction at feature '148000'
2020-04-02 01:16:31|  75.3|  0.5|INFORM|Committed transaction at feature '149000'
2020-04-02 01:16:31|  75.8|  0.5|INFORM|Committed transaction at feature '150000'
2020-04-02 01:16:32|  76.3|  0.5|INFORM|Committed transaction at feature '151000'
2020-04-02 01:16:32|  76.8|  0.5|INFORM|Committed transaction at feature '152000'
2020-04-02 01:16:33|  77.3|  0.5|INFORM|Committed transaction at feature '153000'
2020-04-02 01:16:33|  77.8|  0.5|INFORM|Committed transaction at feature '154000'
2020-04-02 01:16:34|  78.2|  0.5|INFORM|Committed transaction at feature '155000'
2020-04-02 01:16:34|  78.7|  0.5|INFORM|Committed transaction at feature '156000'
2020-04-02 01:16:35|  79.2|  0.5|INFORM|Committed transaction at feature '157000'
2020-04-02 01:16:35|  79.7|  0.5|INFORM|Committed transaction at feature '158000'
2020-04-02 01:16:36|  80.2|  0.5|INFORM|Committed transaction at feature '159000'
2020-04-02 01:16:36|  80.6|  0.5|INFORM|Committed transaction at feature '160000'
2020-04-02 01:16:37|  81.1|  0.5|INFORM|Committed transaction at feature '161000'
2020-04-02 01:16:38|  81.6|  0.5|INFORM|Committed transaction at feature '162000'
2020-04-02 01:16:38|  82.1|  0.5|INFORM|Committed transaction at feature '163000'
2020-04-02 01:16:39|  82.6|  0.5|INFORM|Committed transaction at feature '164000'
2020-04-02 01:16:39|  83.1|  0.5|INFORM|Committed transaction at feature '165000'
2020-04-02 01:16:40|  83.6|  0.5|INFORM|Committed transaction at feature '166000'
2020-04-02 01:16:40|  84.1|  0.5|INFORM|Committed transaction at feature '167000'
2020-04-02 01:16:41|  84.6|  0.5|INFORM|Committed transaction at feature '168000'
2020-04-02 01:16:41|  85.0|  0.5|INFORM|Committed transaction at feature '169000'
2020-04-02 01:16:42|  85.6|  0.5|INFORM|Committed transaction at feature '170000'
2020-04-02 01:16:42|  86.0|  0.5|INFORM|Committed transaction at feature '171000'
2020-04-02 01:16:43|  86.5|  0.5|INFORM|Committed transaction at feature '172000'
2020-04-02 01:16:44|  87.0|  0.5|INFORM|Committed transaction at feature '173000'
2020-04-02 01:16:44|  87.5|  0.5|INFORM|Committed transaction at feature '174000'
2020-04-02 01:16:45|  88.0|  0.5|INFORM|Committed transaction at feature '175000'
2020-04-02 01:16:45|  88.4|  0.5|INFORM|Committed transaction at feature '176000'
2020-04-02 01:16:46|  88.9|  0.5|INFORM|Committed transaction at feature '177000'
2020-04-02 01:16:46|  89.4|  0.5|INFORM|Committed transaction at feature '178000'
2020-04-02 01:16:47|  89.9|  0.5|INFORM|Committed transaction at feature '179000'
2020-04-02 01:16:47|  90.3|  0.5|INFORM|Committed transaction at feature '180000'
2020-04-02 01:16:48|  90.8|  0.5|INFORM|Committed transaction at feature '181000'
2020-04-02 01:16:48|  91.3|  0.5|INFORM|Committed transaction at feature '182000'
2020-04-02 01:16:49|  91.8|  0.5|INFORM|Committed transaction at feature '183000'
2020-04-02 01:16:49|  92.3|  0.5|INFORM|Committed transaction at feature '184000'
2020-04-02 01:16:50|  92.8|  0.5|INFORM|Committed transaction at feature '185000'
2020-04-02 01:16:51|  93.3|  0.5|INFORM|Committed transaction at feature '186000'
2020-04-02 01:16:51|  93.7|  0.5|INFORM|Committed transaction at feature '187000'
2020-04-02 01:16:52|  94.2|  0.5|INFORM|Committed transaction at feature '188000'
2020-04-02 01:16:52|  94.7|  0.5|INFORM|Committed transaction at feature '189000'
2020-04-02 01:16:53|  95.1|  0.5|INFORM|Committed transaction at feature '190000'
2020-04-02 01:16:53|  95.6|  0.5|INFORM|Committed transaction at feature '191000'
2020-04-02 01:16:54|  96.1|  0.5|INFORM|Committed transaction at feature '192000'
2020-04-02 01:16:54|  96.6|  0.5|INFORM|Committed transaction at feature '193000'
2020-04-02 01:16:55|  97.1|  0.5|INFORM|Committed transaction at feature '194000'
2020-04-02 01:16:55|  97.6|  0.5|INFORM|Committed transaction at feature '195000'
2020-04-02 01:16:56|  98.0|  0.5|INFORM|Committed transaction at feature '196000'
2020-04-02 01:16:56|  98.5|  0.5|INFORM|Committed transaction at feature '197000'
2020-04-02 01:16:57|  99.0|  0.5|INFORM|Committed transaction at feature '198000'
2020-04-02 01:16:58|  99.5|  0.5|INFORM|Committed transaction at feature '199000'
2020-04-02 01:16:58|  99.9|  0.5|INFORM|Committed transaction at feature '200000'
2020-04-02 01:16:59| 100.4|  0.5|INFORM|Committed transaction at feature '201000'
2020-04-02 01:16:59| 100.9|  0.5|INFORM|Committed transaction at feature '202000'
2020-04-02 01:17:00| 101.4|  0.5|INFORM|Committed transaction at feature '203000'
2020-04-02 01:17:00| 101.9|  0.5|INFORM|Committed transaction at feature '204000'
2020-04-02 01:17:01| 102.5|  0.5|INFORM|Committed transaction at feature '205000'
2020-04-02 01:17:01| 103.0|  0.6|INFORM|Committed transaction at feature '206000'
2020-04-02 01:17:02| 103.6|  0.6|INFORM|Committed transaction at feature '207000'
2020-04-02 01:17:03| 104.1|  0.5|INFORM|Committed transaction at feature '208000'
2020-04-02 01:17:03| 104.6|  0.5|INFORM|Committed transaction at feature '209000'
2020-04-02 01:17:04| 105.0|  0.5|INFORM|Committed transaction at feature '210000'
2020-04-02 01:17:04| 105.5|  0.5|INFORM|Committed transaction at feature '211000'
2020-04-02 01:17:05| 106.0|  0.5|INFORM|Committed transaction at feature '212000'
2020-04-02 01:17:05| 106.5|  0.5|INFORM|Committed transaction at feature '213000'
2020-04-02 01:17:06| 107.0|  0.5|INFORM|Committed transaction at feature '214000'
2020-04-02 01:17:06| 107.5|  0.5|INFORM|Committed transaction at feature '215000'
2020-04-02 01:17:07| 107.9|  0.5|INFORM|Committed transaction at feature '216000'
2020-04-02 01:17:08| 108.4|  0.5|INFORM|Committed transaction at feature '217000'
2020-04-02 01:17:08| 108.9|  0.5|INFORM|Committed transaction at feature '218000'
2020-04-02 01:17:09| 109.4|  0.5|INFORM|Committed transaction at feature '219000'
2020-04-02 01:17:09| 109.8|  0.5|INFORM|Committed transaction at feature '220000'
2020-04-02 01:17:10| 110.3|  0.5|INFORM|Committed transaction at feature '221000'
2020-04-02 01:17:10| 110.8|  0.5|INFORM|Committed transaction at feature '222000'
2020-04-02 01:17:11| 111.3|  0.5|INFORM|Committed transaction at feature '223000'
2020-04-02 01:17:11| 111.8|  0.5|INFORM|Committed transaction at feature '224000'
2020-04-02 01:17:12| 112.2|  0.5|INFORM|Committed transaction at feature '225000'
2020-04-02 01:17:12| 112.7|  0.5|INFORM|Committed transaction at feature '226000'
2020-04-02 01:17:13| 113.2|  0.5|INFORM|Committed transaction at feature '227000'
2020-04-02 01:17:13| 113.7|  0.5|INFORM|Committed transaction at feature '228000'
2020-04-02 01:17:14| 114.1|  0.5|INFORM|Committed transaction at feature '229000'
2020-04-02 01:17:14| 114.6|  0.5|INFORM|Committed transaction at feature '230000'
2020-04-02 01:17:15| 115.1|  0.5|INFORM|Committed transaction at feature '231000'
2020-04-02 01:17:16| 115.6|  0.5|INFORM|Committed transaction at feature '232000'
2020-04-02 01:17:16| 116.0|  0.5|INFORM|Committed transaction at feature '233000'
2020-04-02 01:17:17| 116.5|  0.5|INFORM|Committed transaction at feature '234000'
2020-04-02 01:17:17| 117.0|  0.4|INFORM|Committed transaction at feature '235000'
2020-04-02 01:17:18| 117.5|  0.5|INFORM|Committed transaction at feature '236000'
2020-04-02 01:17:18| 117.9|  0.5|INFORM|Committed transaction at feature '237000'
2020-04-02 01:17:19| 118.4|  0.5|INFORM|Committed transaction at feature '238000'
2020-04-02 01:17:19| 118.9|  0.5|INFORM|Committed transaction at feature '239000'
2020-04-02 01:17:20| 119.4|  0.5|INFORM|Committed transaction at feature '240000'
2020-04-02 01:17:20| 119.9|  0.5|INFORM|Committed transaction at feature '241000'
2020-04-02 01:17:21| 120.4|  0.5|INFORM|Committed transaction at feature '242000'
2020-04-02 01:17:21| 120.8|  0.5|INFORM|Committed transaction at feature '243000'
2020-04-02 01:17:22| 121.3|  0.5|INFORM|Committed transaction at feature '244000'
2020-04-02 01:17:23| 122.0|  0.6|INFORM|Committed transaction at feature '245000'
2020-04-02 01:17:23| 122.6|  0.6|INFORM|Committed transaction at feature '246000'
2020-04-02 01:17:24| 123.1|  0.5|INFORM|Committed transaction at feature '247000'
2020-04-02 01:17:24| 123.5|  0.5|INFORM|Committed transaction at feature '248000'
2020-04-02 01:17:25| 124.0|  0.5|INFORM|Committed transaction at feature '249000'
2020-04-02 01:17:25| 124.5|  0.5|INFORM|Committed transaction at feature '250000'
2020-04-02 01:17:26| 125.0|  0.5|INFORM|Committed transaction at feature '251000'
2020-04-02 01:17:27| 125.5|  0.5|INFORM|Committed transaction at feature '252000'
2020-04-02 01:17:27| 126.0|  0.5|INFORM|Committed transaction at feature '253000'
2020-04-02 01:17:28| 126.4|  0.5|INFORM|Committed transaction at feature '254000'
2020-04-02 01:17:28| 126.9|  0.5|INFORM|Committed transaction at feature '255000'
2020-04-02 01:17:29| 127.4|  0.5|INFORM|Committed transaction at feature '256000'
2020-04-02 01:17:29| 127.8|  0.5|INFORM|Committed transaction at feature '257000'
2020-04-02 01:17:30| 128.3|  0.5|INFORM|Committed transaction at feature '258000'
2020-04-02 01:17:30| 128.8|  0.5|INFORM|Committed transaction at feature '259000'
2020-04-02 01:17:31| 129.3|  0.5|INFORM|Committed transaction at feature '260000'
2020-04-02 01:17:31| 129.8|  0.5|INFORM|Committed transaction at feature '261000'
2020-04-02 01:17:32| 130.3|  0.5|INFORM|Committed transaction at feature '262000'
2020-04-02 01:17:32| 130.8|  0.5|INFORM|Committed transaction at feature '263000'
2020-04-02 01:17:33| 131.2|  0.5|INFORM|Committed transaction at feature '264000'
2020-04-02 01:17:34| 131.7|  0.5|INFORM|Committed transaction at feature '265000'
2020-04-02 01:17:34| 132.2|  0.5|INFORM|Committed transaction at feature '266000'
2020-04-02 01:17:35| 132.7|  0.5|INFORM|Committed transaction at feature '267000'
2020-04-02 01:17:35| 133.1|  0.5|INFORM|Committed transaction at feature '268000'
2020-04-02 01:17:36| 133.6|  0.5|INFORM|Committed transaction at feature '269000'
2020-04-02 01:17:36| 134.1|  0.5|INFORM|Committed transaction at feature '270000'
2020-04-02 01:17:37| 134.6|  0.5|INFORM|Committed transaction at feature '271000'
2020-04-02 01:17:37| 135.1|  0.5|INFORM|Committed transaction at feature '272000'
2020-04-02 01:17:38| 135.6|  0.5|INFORM|Committed transaction at feature '273000'
2020-04-02 01:17:38| 136.0|  0.5|INFORM|Committed transaction at feature '274000'
2020-04-02 01:17:39| 136.5|  0.5|INFORM|Committed transaction at feature '275000'
2020-04-02 01:17:39| 137.0|  0.5|INFORM|Committed transaction at feature '276000'
2020-04-02 01:17:40| 137.5|  0.5|INFORM|Committed transaction at feature '277000'
2020-04-02 01:17:41| 138.0|  0.5|INFORM|Committed transaction at feature '278000'
2020-04-02 01:17:41| 138.5|  0.5|INFORM|Committed transaction at feature '279000'
2020-04-02 01:17:42| 139.0|  0.5|INFORM|Committed transaction at feature '280000'
2020-04-02 01:17:42| 139.5|  0.5|INFORM|Committed transaction at feature '281000'
2020-04-02 01:17:43| 140.0|  0.5|INFORM|Committed transaction at feature '282000'
2020-04-02 01:17:43| 140.4|  0.5|INFORM|Committed transaction at feature '283000'
2020-04-02 01:17:44| 140.9|  0.5|INFORM|Committed transaction at feature '284000'
2020-04-02 01:17:44| 141.4|  0.5|INFORM|Committed transaction at feature '285000'
2020-04-02 01:17:45| 141.9|  0.5|INFORM|Committed transaction at feature '286000'
2020-04-02 01:17:45| 142.4|  0.5|INFORM|Committed transaction at feature '287000'
2020-04-02 01:17:46| 142.8|  0.5|INFORM|Committed transaction at feature '288000'
2020-04-02 01:17:47| 143.3|  0.5|INFORM|Committed transaction at feature '289000'
2020-04-02 01:17:47| 143.8|  0.5|INFORM|Committed transaction at feature '290000'
2020-04-02 01:17:48| 144.3|  0.5|INFORM|Committed transaction at feature '291000'
2020-04-02 01:17:48| 144.8|  0.5|INFORM|Committed transaction at feature '292000'
2020-04-02 01:17:49| 145.2|  0.5|INFORM|Committed transaction at feature '293000'
2020-04-02 01:17:49| 145.7|  0.5|INFORM|Committed transaction at feature '294000'
2020-04-02 01:17:50| 146.2|  0.5|INFORM|Committed transaction at feature '295000'
2020-04-02 01:17:50| 146.7|  0.5|INFORM|Committed transaction at feature '296000'
2020-04-02 01:17:51| 147.2|  0.5|INFORM|Committed transaction at feature '297000'
2020-04-02 01:17:51| 147.7|  0.5|INFORM|Committed transaction at feature '298000'
2020-04-02 01:17:52| 148.2|  0.5|INFORM|Committed transaction at feature '299000'
2020-04-02 01:17:52| 148.6|  0.5|INFORM|Committed transaction at feature '300000'
2020-04-02 01:17:53| 149.1|  0.5|INFORM|Committed transaction at feature '301000'
2020-04-02 01:17:54| 149.6|  0.5|INFORM|Committed transaction at feature '302000'
2020-04-02 01:17:54| 150.1|  0.5|INFORM|Committed transaction at feature '303000'
2020-04-02 01:17:55| 150.6|  0.5|INFORM|Committed transaction at feature '304000'
2020-04-02 01:17:55| 151.0|  0.5|INFORM|Committed transaction at feature '305000'
2020-04-02 01:17:56| 151.5|  0.5|INFORM|Committed transaction at feature '306000'
2020-04-02 01:17:56| 152.0|  0.5|INFORM|Committed transaction at feature '307000'
2020-04-02 01:17:57| 152.5|  0.5|INFORM|Committed transaction at feature '308000'
2020-04-02 01:17:57| 152.9|  0.5|INFORM|Committed transaction at feature '309000'
2020-04-02 01:17:58| 153.4|  0.5|INFORM|Committed transaction at feature '310000'
2020-04-02 01:17:58| 153.9|  0.5|INFORM|Committed transaction at feature '311000'
2020-04-02 01:17:59| 154.4|  0.5|INFORM|Committed transaction at feature '312000'
2020-04-02 01:17:59| 154.9|  0.5|INFORM|Committed transaction at feature '313000'
2020-04-02 01:18:00| 155.4|  0.5|INFORM|Committed transaction at feature '314000'
2020-04-02 01:18:01| 156.0|  0.5|INFORM|Committed transaction at feature '315000'
2020-04-02 01:18:01| 156.4|  0.5|INFORM|Committed transaction at feature '316000'
2020-04-02 01:18:02| 157.0|  0.5|INFORM|Committed transaction at feature '317000'
2020-04-02 01:18:02| 157.5|  0.5|INFORM|Committed transaction at feature '318000'
2020-04-02 01:18:03| 158.0|  0.5|INFORM|Committed transaction at feature '319000'
2020-04-02 01:18:03| 158.5|  0.5|INFORM|Committed transaction at feature '320000'
2020-04-02 01:18:04| 159.0|  0.5|INFORM|Committed transaction at feature '321000'
2020-04-02 01:18:05| 159.4|  0.5|INFORM|Committed transaction at feature '322000'
2020-04-02 01:18:05| 159.9|  0.5|INFORM|Committed transaction at feature '323000'
2020-04-02 01:18:06| 160.4|  0.5|INFORM|Committed transaction at feature '324000'
2020-04-02 01:18:06| 160.8|  0.5|INFORM|Committed transaction at feature '325000'
2020-04-02 01:18:07| 161.3|  0.5|INFORM|Committed transaction at feature '326000'
2020-04-02 01:18:07| 161.8|  0.5|INFORM|Committed transaction at feature '327000'
2020-04-02 01:18:08| 162.3|  0.5|INFORM|Committed transaction at feature '328000'
2020-04-02 01:18:08| 162.8|  0.5|INFORM|Committed transaction at feature '329000'
2020-04-02 01:18:09| 163.2|  0.5|INFORM|Committed transaction at feature '330000'
2020-04-02 01:18:09| 163.7|  0.5|INFORM|Committed transaction at feature '331000'
2020-04-02 01:18:10| 164.2|  0.5|INFORM|Committed transaction at feature '332000'
2020-04-02 01:18:10| 164.7|  0.5|INFORM|Committed transaction at feature '333000'
2020-04-02 01:18:11| 165.2|  0.5|INFORM|Committed transaction at feature '334000'
2020-04-02 01:18:12| 165.7|  0.5|INFORM|Committed transaction at feature '335000'
2020-04-02 01:18:12| 166.2|  0.5|INFORM|Committed transaction at feature '336000'
2020-04-02 01:18:13| 166.6|  0.5|INFORM|Committed transaction at feature '337000'
2020-04-02 01:18:13| 167.1|  0.5|INFORM|Committed transaction at feature '338000'
2020-04-02 01:18:14| 167.6|  0.5|INFORM|Committed transaction at feature '339000'
2020-04-02 01:18:14| 168.1|  0.5|INFORM|Committed transaction at feature '340000'
2020-04-02 01:18:15| 168.5|  0.5|INFORM|Committed transaction at feature '341000'
2020-04-02 01:18:15| 169.0|  0.5|INFORM|Committed transaction at feature '342000'
2020-04-02 01:18:16| 169.5|  0.5|INFORM|Committed transaction at feature '343000'
2020-04-02 01:18:16| 170.0|  0.5|INFORM|Committed transaction at feature '344000'
2020-04-02 01:18:17| 170.5|  0.5|INFORM|Committed transaction at feature '345000'
2020-04-02 01:18:18| 171.0|  0.5|INFORM|Committed transaction at feature '346000'
2020-04-02 01:18:18| 171.4|  0.5|INFORM|Committed transaction at feature '347000'
2020-04-02 01:18:19| 171.9|  0.5|INFORM|Committed transaction at feature '348000'
2020-04-02 01:18:19| 172.4|  0.5|INFORM|Committed transaction at feature '349000'
2020-04-02 01:18:20| 172.9|  0.5|INFORM|Committed transaction at feature '350000'
2020-04-02 01:18:20| 173.4|  0.5|INFORM|Committed transaction at feature '351000'
2020-04-02 01:18:21| 173.8|  0.5|INFORM|Committed transaction at feature '352000'
2020-04-02 01:18:21| 174.3|  0.5|INFORM|Committed transaction at feature '353000'
2020-04-02 01:18:22| 174.8|  0.5|INFORM|Committed transaction at feature '354000'
2020-04-02 01:18:22| 175.3|  0.5|INFORM|Committed transaction at feature '355000'
2020-04-02 01:18:23| 175.8|  0.5|INFORM|Committed transaction at feature '356000'
2020-04-02 01:18:23| 176.3|  0.5|INFORM|Committed transaction at feature '357000'
2020-04-02 01:18:24| 176.8|  0.5|INFORM|Committed transaction at feature '358000'
2020-04-02 01:18:25| 177.3|  0.5|INFORM|Committed transaction at feature '359000'
2020-04-02 01:18:25| 177.7|  0.5|INFORM|Committed transaction at feature '360000'
2020-04-02 01:18:26| 178.2|  0.5|INFORM|Committed transaction at feature '361000'
2020-04-02 01:18:26| 178.7|  0.5|INFORM|Committed transaction at feature '362000'
2020-04-02 01:18:27| 179.1|  0.5|INFORM|Committed transaction at feature '363000'
2020-04-02 01:18:27| 179.6|  0.5|INFORM|Committed transaction at feature '364000'
2020-04-02 01:18:28| 180.1|  0.5|INFORM|Committed transaction at feature '365000'
2020-04-02 01:18:28| 180.5|  0.5|INFORM|Committed transaction at feature '366000'
2020-04-02 01:18:29| 181.0|  0.5|INFORM|Committed transaction at feature '367000'
2020-04-02 01:18:29| 181.5|  0.5|INFORM|Committed transaction at feature '368000'
2020-04-02 01:18:30| 182.0|  0.5|INFORM|Committed transaction at feature '369000'
2020-04-02 01:18:30| 182.5|  0.5|INFORM|Committed transaction at feature '370000'
2020-04-02 01:18:31| 182.9|  0.5|INFORM|Committed transaction at feature '371000'
2020-04-02 01:18:32| 183.4|  0.5|INFORM|Committed transaction at feature '372000'
2020-04-02 01:18:32| 183.9|  0.5|INFORM|Committed transaction at feature '373000'
2020-04-02 01:18:33| 184.4|  0.5|INFORM|Committed transaction at feature '374000'
2020-04-02 01:18:33| 184.9|  0.5|INFORM|Committed transaction at feature '375000'
2020-04-02 01:18:34| 185.4|  0.5|INFORM|Committed transaction at feature '376000'
2020-04-02 01:18:34| 185.8|  0.5|INFORM|Committed transaction at feature '377000'
2020-04-02 01:18:35| 186.3|  0.5|INFORM|Committed transaction at feature '378000'
2020-04-02 01:18:35| 186.8|  0.5|INFORM|Committed transaction at feature '379000'
2020-04-02 01:18:36| 187.3|  0.5|INFORM|Committed transaction at feature '380000'
2020-04-02 01:18:36| 187.8|  0.5|INFORM|Committed transaction at feature '381000'
2020-04-02 01:18:37| 188.3|  0.5|INFORM|Committed transaction at feature '382000'
2020-04-02 01:18:37| 188.7|  0.5|INFORM|Committed transaction at feature '383000'
2020-04-02 01:18:38| 189.2|  0.5|INFORM|Committed transaction at feature '384000'
2020-04-02 01:18:39| 189.7|  0.5|INFORM|Committed transaction at feature '385000'
2020-04-02 01:18:39| 190.2|  0.5|INFORM|Committed transaction at feature '386000'
2020-04-02 01:18:40| 190.7|  0.5|INFORM|Committed transaction at feature '387000'
2020-04-02 01:18:40| 191.1|  0.5|INFORM|Committed transaction at feature '388000'
2020-04-02 01:18:41| 191.6|  0.5|INFORM|Committed transaction at feature '389000'
2020-04-02 01:18:41| 192.1|  0.5|INFORM|Committed transaction at feature '390000'
2020-04-02 01:18:42| 192.6|  0.5|INFORM|Committed transaction at feature '391000'
2020-04-02 01:18:42| 193.1|  0.5|INFORM|Committed transaction at feature '392000'
2020-04-02 01:18:43| 193.6|  0.5|INFORM|Committed transaction at feature '393000'
2020-04-02 01:18:43| 194.1|  0.5|INFORM|Committed transaction at feature '394000'
2020-04-02 01:18:44| 194.5|  0.5|INFORM|Committed transaction at feature '395000'
2020-04-02 01:18:44| 195.0|  0.5|INFORM|Committed transaction at feature '396000'
2020-04-02 01:18:45| 195.5|  0.5|INFORM|Committed transaction at feature '397000'
2020-04-02 01:18:45| 196.0|  0.5|INFORM|Committed transaction at feature '398000'
2020-04-02 01:18:46| 196.5|  0.5|INFORM|Committed transaction at feature '399000'
2020-04-02 01:18:47| 196.9|  0.5|INFORM|Committed transaction at feature '400000'
2020-04-02 01:18:47| 197.4|  0.5|INFORM|Committed transaction at feature '401000'
2020-04-02 01:18:48| 197.9|  0.5|INFORM|Committed transaction at feature '402000'
2020-04-02 01:18:48| 198.4|  0.5|INFORM|Committed transaction at feature '403000'
2020-04-02 01:18:49| 198.9|  0.5|INFORM|Committed transaction at feature '404000'
2020-04-02 01:18:49| 199.3|  0.5|INFORM|Committed transaction at feature '405000'
2020-04-02 01:18:50| 199.8|  0.5|INFORM|Committed transaction at feature '406000'
2020-04-02 01:18:50| 200.3|  0.5|INFORM|Committed transaction at feature '407000'
2020-04-02 01:18:51| 200.8|  0.5|INFORM|Committed transaction at feature '408000'
2020-04-02 01:18:51| 201.3|  0.5|INFORM|Committed transaction at feature '409000'
2020-04-02 01:18:52| 201.8|  0.5|INFORM|Committed transaction at feature '410000'
2020-04-02 01:18:53| 202.2|  0.5|INFORM|Committed transaction at feature '411000'
2020-04-02 01:18:53| 202.7|  0.5|INFORM|Committed transaction at feature '412000'
2020-04-02 01:18:54| 203.2|  0.5|INFORM|Committed transaction at feature '413000'
2020-04-02 01:18:54| 203.6|  0.5|INFORM|Committed transaction at feature '414000'
2020-04-02 01:18:55| 204.1|  0.5|INFORM|Committed transaction at feature '415000'
2020-04-02 01:18:55| 204.6|  0.5|INFORM|Committed transaction at feature '416000'
2020-04-02 01:18:56| 205.1|  0.5|INFORM|Committed transaction at feature '417000'
2020-04-02 01:18:56| 205.6|  0.5|INFORM|Committed transaction at feature '418000'
2020-04-02 01:18:57| 206.0|  0.5|INFORM|Committed transaction at feature '419000'
2020-04-02 01:18:57| 206.5|  0.5|INFORM|Committed transaction at feature '420000'
2020-04-02 01:18:58| 207.0|  0.5|INFORM|Committed transaction at feature '421000'
2020-04-02 01:18:58| 207.5|  0.5|INFORM|Committed transaction at feature '422000'
2020-04-02 01:18:59| 207.9|  0.5|INFORM|Committed transaction at feature '423000'
2020-04-02 01:19:00| 208.4|  0.5|INFORM|Committed transaction at feature '424000'
2020-04-02 01:19:00| 209.0|  0.5|INFORM|Committed transaction at feature '425000'
2020-04-02 01:19:01| 209.5|  0.6|INFORM|Committed transaction at feature '426000'
2020-04-02 01:19:01| 210.1|  0.6|INFORM|Committed transaction at feature '427000'
2020-04-02 01:19:02| 210.7|  0.6|INFORM|Committed transaction at feature '428000'
2020-04-02 01:19:03| 211.2|  0.5|INFORM|Committed transaction at feature '429000'
2020-04-02 01:19:03| 211.7|  0.5|INFORM|Committed transaction at feature '430000'
2020-04-02 01:19:04| 212.1|  0.4|INFORM|Committed transaction at feature '431000'
2020-04-02 01:19:04| 212.5|  0.4|INFORM|Committed transaction at feature '432000'
2020-04-02 01:19:05| 212.9|  0.4|INFORM|Committed transaction at feature '433000'
2020-04-02 01:19:05| 213.3|  0.4|INFORM|Committed transaction at feature '434000'
2020-04-02 01:19:05| 213.7|  0.4|INFORM|Committed transaction at feature '435000'
2020-04-02 01:19:06| 214.1|  0.4|INFORM|Committed transaction at feature '436000'
2020-04-02 01:19:06| 214.5|  0.4|INFORM|Committed transaction at feature '437000'
2020-04-02 01:19:07| 214.9|  0.4|INFORM|Committed transaction at feature '438000'
2020-04-02 01:19:07| 215.3|  0.4|INFORM|Committed transaction at feature '439000'
2020-04-02 01:19:08| 215.8|  0.4|INFORM|Committed transaction at feature '440000'
2020-04-02 01:19:08| 216.2|  0.4|INFORM|Committed transaction at feature '441000'
2020-04-02 01:19:09| 216.6|  0.4|INFORM|Committed transaction at feature '442000'
2020-04-02 01:19:09| 217.0|  0.4|INFORM|Committed transaction at feature '443000'
2020-04-02 01:19:10| 217.4|  0.4|INFORM|Committed transaction at feature '444000'
2020-04-02 01:19:10| 217.8|  0.4|INFORM|Committed transaction at feature '445000'
2020-04-02 01:19:11| 218.3|  0.4|INFORM|Committed transaction at feature '446000'
2020-04-02 01:19:11| 218.7|  0.4|INFORM|Committed transaction at feature '447000'
2020-04-02 01:19:12| 219.1|  0.5|INFORM|Committed transaction at feature '448000'
2020-04-02 01:19:12| 219.6|  0.5|INFORM|Committed transaction at feature '449000'
2020-04-02 01:19:13| 220.0|  0.4|INFORM|Committed transaction at feature '450000'
2020-04-02 01:19:13| 220.4|  0.4|INFORM|Committed transaction at feature '451000'
2020-04-02 01:19:13| 220.8|  0.4|INFORM|Committed transaction at feature '452000'
2020-04-02 01:19:14| 221.2|  0.4|INFORM|Committed transaction at feature '453000'
2020-04-02 01:19:14| 221.6|  0.4|INFORM|Committed transaction at feature '454000'
2020-04-02 01:19:15| 222.0|  0.4|INFORM|Committed transaction at feature '455000'
2020-04-02 01:19:15| 222.4|  0.4|INFORM|Committed transaction at feature '456000'
2020-04-02 01:19:16| 222.8|  0.4|INFORM|Committed transaction at feature '457000'
2020-04-02 01:19:16| 223.2|  0.4|INFORM|Committed transaction at feature '458000'
2020-04-02 01:19:17| 223.6|  0.4|INFORM|Committed transaction at feature '459000'
2020-04-02 01:19:17| 224.0|  0.4|INFORM|Committed transaction at feature '460000'
2020-04-02 01:19:18| 224.5|  0.4|INFORM|Committed transaction at feature '461000'
2020-04-02 01:19:18| 224.9|  0.4|INFORM|Committed transaction at feature '462000'
2020-04-02 01:19:19| 225.3|  0.4|INFORM|Committed transaction at feature '463000'
2020-04-02 01:19:19| 225.7|  0.4|INFORM|Committed transaction at feature '464000'
2020-04-02 01:19:20| 226.1|  0.4|INFORM|Committed transaction at feature '465000'
2020-04-02 01:19:20| 226.5|  0.4|INFORM|Committed transaction at feature '466000'
2020-04-02 01:19:21| 226.9|  0.4|INFORM|Committed transaction at feature '467000'
2020-04-02 01:19:21| 227.3|  0.4|INFORM|Committed transaction at feature '468000'
2020-04-02 01:19:21| 227.7|  0.4|INFORM|Committed transaction at feature '469000'
2020-04-02 01:19:22| 228.1|  0.4|INFORM|Committed transaction at feature '470000'
2020-04-02 01:19:22| 228.5|  0.4|INFORM|Committed transaction at feature '471000'
2020-04-02 01:19:23| 228.9|  0.4|INFORM|Committed transaction at feature '472000'
2020-04-02 01:19:23| 229.3|  0.4|INFORM|Committed transaction at feature '473000'
2020-04-02 01:19:24| 229.7|  0.4|INFORM|Committed transaction at feature '474000'
2020-04-02 01:19:24| 230.2|  0.4|INFORM|Committed transaction at feature '475000'
2020-04-02 01:19:25| 230.6|  0.4|INFORM|Committed transaction at feature '476000'
2020-04-02 01:19:25| 231.0|  0.4|INFORM|Committed transaction at feature '477000'
2020-04-02 01:19:26| 231.4|  0.4|INFORM|Committed transaction at feature '478000'
2020-04-02 01:19:26| 231.8|  0.4|INFORM|Committed transaction at feature '479000'
2020-04-02 01:19:27| 232.2|  0.4|INFORM|Committed transaction at feature '480000'
2020-04-02 01:19:27| 232.6|  0.4|INFORM|Committed transaction at feature '481000'
2020-04-02 01:19:28| 233.0|  0.4|INFORM|Committed transaction at feature '482000'
2020-04-02 01:19:28| 233.4|  0.4|INFORM|Committed transaction at feature '483000'
2020-04-02 01:19:28| 233.8|  0.4|INFORM|Committed transaction at feature '484000'
2020-04-02 01:19:29| 234.2|  0.4|INFORM|Committed transaction at feature '485000'
2020-04-02 01:19:29| 234.6|  0.4|INFORM|Committed transaction at feature '486000'
2020-04-02 01:19:30| 235.0|  0.4|INFORM|Committed transaction at feature '487000'
2020-04-02 01:19:30| 235.5|  0.4|INFORM|Committed transaction at feature '488000'
2020-04-02 01:19:31| 235.9|  0.4|INFORM|Committed transaction at feature '489000'
2020-04-02 01:19:31| 236.3|  0.4|INFORM|Committed transaction at feature '490000'
2020-04-02 01:19:31| 236.3|  0.1|INFORM|Microsoft SQL Server Non-Spatial Reader: Database read complete.  Retrieved 490151 feature(s)
2020-04-02 01:19:31| 236.3|  0.0|STATS |SQLCreator_Creator(CreationFactory): Created 1 features
2020-04-02 01:19:31| 236.3|  0.0|INFORM|Microsoft SQL Server Non-Spatial Reader: Closing `pinhistory' . Read operation complete
2020-04-02 01:19:31| 236.3|  0.0|STATS |SQLCreator_RESULT Brancher -1 6(BranchingFactory): Branched 490151 input features -- 490151 features routed to the target factory, and 0 features routed to the fallback factory.
2020-04-02 01:19:31| 236.3|  0.0|STATS |_CREATOR_BRANCH_TARGET(TeeFactory): Cloned 490151 input feature(s) into 490151 output feature(s)
2020-04-02 01:19:31| 236.3|  0.0|STATS |Destination Feature Type Routing Correlator(RoutingFactory): Tested 490151 input feature(s), wrote 490151 output feature(s): 0 matched merge filters, 490151 were routed to output, 0 could not be routed.
2020-04-02 01:19:31| 236.3|  0.0|STATS |Final Output Nuker(TeeFactory): Cloned 0 input feature(s) into 0 output feature(s)
2020-04-02 01:19:31| 236.3|  0.0|INFORM|Successfully closed POSTGRES database writer
2020-04-02 01:19:31| 236.3|  0.0|INFORM|=-=-=-=-=-=-=-=-=-=-=-=-=-=-=-=-=-=-=-=-=-=-=-=-=-=-=-=-=-=-=-=-=-=-=-=-=-=-=-
2020-04-02 01:19:31| 236.3|  0.0|INFORM|Feature output statistics for `POSTGRES' writer using keyword `POSTGRES_1':
2020-04-02 01:19:31| 236.3|  0.0|STATS |=-=-=-=-=-=-=-=-=-=-=-=-=-=-=-=-=-=-=-=-=-=-=-=-=-=-=-=-=-=-=-=-=-=-=-=-=-=-=-
2020-04-02 01:19:31| 236.3|  0.0|STATS |                               Features Written
2020-04-02 01:19:31| 236.3|  0.0|STATS |=-=-=-=-=-=-=-=-=-=-=-=-=-=-=-=-=-=-=-=-=-=-=-=-=-=-=-=-=-=-=-=-=-=-=-=-=-=-=-
2020-04-02 01:19:31| 236.3|  0.0|STATS |internal.bc_property_account_master                                     490151
2020-04-02 01:19:31| 236.3|  0.0|STATS |==============================================================================
2020-04-02 01:19:31| 236.3|  0.0|STATS |Total Features Written                                                  490151
2020-04-02 01:19:31| 236.3|  0.0|STATS |=-=-=-=-=-=-=-=-=-=-=-=-=-=-=-=-=-=-=-=-=-=-=-=-=-=-=-=-=-=-=-=-=-=-=-=-=-=-=-
2020-04-02 01:19:31| 236.3|  0.0|STATS |=-=-=-=-=-=-=-=-=-=-=-=-=-=-=-=-=-=-=-=-=-=-=-=-=-=-=-=-=-=-=-=-=-=-=-=-=-=-=-
2020-04-02 01:19:31| 236.3|  0.0|STATS |                            Features Read Summary
2020-04-02 01:19:31| 236.3|  0.0|STATS |=-=-=-=-=-=-=-=-=-=-=-=-=-=-=-=-=-=-=-=-=-=-=-=-=-=-=-=-=-=-=-=-=-=-=-=-=-=-=-
2020-04-02 01:19:31| 236.3|  0.0|STATS |==============================================================================
2020-04-02 01:19:31| 236.3|  0.0|STATS |Total Features Read                                                          0
2020-04-02 01:19:31| 236.3|  0.0|STATS |=-=-=-=-=-=-=-=-=-=-=-=-=-=-=-=-=-=-=-=-=-=-=-=-=-=-=-=-=-=-=-=-=-=-=-=-=-=-=-
2020-04-02 01:19:31| 236.3|  0.0|STATS |=-=-=-=-=-=-=-=-=-=-=-=-=-=-=-=-=-=-=-=-=-=-=-=-=-=-=-=-=-=-=-=-=-=-=-=-=-=-=-
2020-04-02 01:19:31| 236.3|  0.0|STATS |                           Features Written Summary
2020-04-02 01:19:31| 236.3|  0.0|STATS |=-=-=-=-=-=-=-=-=-=-=-=-=-=-=-=-=-=-=-=-=-=-=-=-=-=-=-=-=-=-=-=-=-=-=-=-=-=-=-
2020-04-02 01:19:31| 236.3|  0.0|STATS |internal.bc_property_account_master                                     490151
2020-04-02 01:19:31| 236.3|  0.0|STATS |==============================================================================
2020-04-02 01:19:31| 236.3|  0.0|STATS |Total Features Written                                                  490151
2020-04-02 01:19:31| 236.3|  0.0|STATS |=-=-=-=-=-=-=-=-=-=-=-=-=-=-=-=-=-=-=-=-=-=-=-=-=-=-=-=-=-=-=-=-=-=-=-=-=-=-=-
2020-04-02 01:19:31| 236.3|  0.0|INFORM|Microsoft SQL Server Non-Spatial Reader: Closing `pinhistory' . Read operation complete
2020-04-02 01:19:31| 236.3|  0.0|INFORM|Translation was SUCCESSFUL with 0 warning(s) (490151 feature(s) output)
2020-04-02 01:19:31| 236.3|  0.0|INFORM|FME Session Duration: 4 minutes 26.8 seconds. (CPU: 234.9s user, 1.4s system)
2020-04-02 01:19:31| 236.3|  0.0|INFORM|END - ProcessID: 8704, peak process memory usage: 82756 kB, current process memory usage: 81884 kB
