2020-04-02 02:00:05|   0.1|  0.1|INFORM|FME 2017.1.1.1 (20171014 - Build 17652 - WIN32)
2020-04-02 02:00:05|   0.1|  0.0|INFORM|FME_HOME is 'c:\FME2017\'
2020-04-02 02:00:05|   0.1|  0.0|INFORM|FME Desktop ESRI Edition (floating)
2020-04-02 02:00:05|   0.1|  0.0|INFORM|Permanent License.
2020-04-02 02:00:05|   0.1|  0.0|INFORM|Machine host name is: coa-gis-fme2
2020-04-02 02:00:05|   0.1|  0.0|INFORM|START - ProcessID: 7848, peak process memory usage: 30368 kB, current process memory usage: 30344 kB
2020-04-02 02:00:05|   0.1|  0.0|INFORM|FME Configuration: Command line arguments are `c:\FME2017\fme' `C:\COA\bedrock\working_directory\steepslope/steepslope_warehouseTOpubrec.fmw'
2020-04-02 02:00:05|   0.2|  0.1|INFORM|Shared folders for formats are : c:\FME2017\datasources;C:\Users\mssqlgisadmin\Documents\FME\Formats
2020-04-02 02:00:05|   0.2|  0.0|INFORM|Shared folders for transformers are : c:\FME2017\transformers;C:\Users\mssqlgisadmin\Documents\FME\Transformers;C:\Users\mssqlgisadmin\AppData\Roaming\Safe Software\FME\FME Store\Transformers
2020-04-02 02:00:05|   0.2|  0.0|INFORM|Shared folders for coordinate systems are : C:\Users\mssqlgisadmin\Documents\FME\CoordinateSystems
2020-04-02 02:00:05|   0.2|  0.0|INFORM|Shared folders for coordinate system exceptions are : C:\Users\mssqlgisadmin\Documents\FME\CoordinateSystemExceptions
2020-04-02 02:00:05|   0.2|  0.0|INFORM|Shared folders for coordinate system grid overrides are : C:\Users\mssqlgisadmin\Documents\FME\CoordinateSystemGridOverrides
2020-04-02 02:00:05|   0.2|  0.0|INFORM|Shared folders for CS-MAP transformation exceptions are : C:\Users\mssqlgisadmin\Documents\FME\CsmapTransformationExceptions
2020-04-02 02:00:05|   0.2|  0.0|INFORM|Shared folders for transformer categories are : C:\Users\mssqlgisadmin\Documents\FME\TransformerCategories
2020-04-02 02:00:05|   0.2|  0.0|INFORM|FME Configuration: Reader Keyword is `POSTGIS_1'
2020-04-02 02:00:05|   0.2|  0.0|INFORM|FME Configuration: Writer Keyword is `MULTI_WRITER'
2020-04-02 02:00:05|   0.2|  0.0|INFORM|FME Configuration: Writer Group Definition Keyword is `MULTI_WRITER_DEF'
2020-04-02 02:00:05|   0.2|  0.0|INFORM|FME Configuration: Reader type is `POSTGIS'
2020-04-02 02:00:05|   0.2|  0.0|INFORM|FME Configuration: Writer type is `MULTI_WRITER'
2020-04-02 02:00:05|   0.2|  0.0|INFORM|FME Configuration: No destination coordinate system set
2020-04-02 02:00:05|   0.2|  0.0|INFORM|FME Configuration: Current working folder is `C:\COA\bedrock\working_directory\steepslope'
2020-04-02 02:00:05|   0.2|  0.0|INFORM|FME Configuration: Temporary folder is `C:\Users\MSSQLG~1\AppData\Local\Temp', set from environment variable `TEMP'
2020-04-02 02:00:05|   0.2|  0.0|INFORM|FME Configuration: FME_HOME is `c:\FME2017\'
2020-04-02 02:00:05|   0.2|  0.0|INFORM|FME Configuration: FME_BASE is 'no'
2020-04-02 02:00:05|   0.2|  0.0|INFORM|FME Configuration: FME_MF_DIR is 'C:\COA\bedrock\working_directory\steepslope/'
2020-04-02 02:00:05|   0.2|  0.0|INFORM|FME Configuration: FME_MF_NAME is 'steepslope_warehouseTOpubrec.fmw'
2020-04-02 02:00:05|   0.2|  0.0|INFORM|FME Configuration: FME_PRODUCT_NAME is 'FME(R) 2017.1.1.1'
2020-04-02 02:00:05|   0.2|  0.0|INFORM|System Status: 105.37 GB of disk space available in the FME temporary folder (C:\Users\MSSQLG~1\AppData\Local\Temp)
2020-04-02 02:00:05|   0.2|  0.0|INFORM|System Status: 4.00 GB of virtual memory available
2020-04-02 02:00:05|   0.2|  0.0|INFORM|Operating System: Microsoft Windows Server 2012 R2 Server 4.0 64-bit  (Build 9600)
2020-04-02 02:00:05|   0.2|  0.0|INFORM|FME Platform: WIN32
2020-04-02 02:00:05|   0.2|  0.0|INFORM|Locale: en_US
2020-04-02 02:00:05|   0.2|  0.0|INFORM|Code Page: 1252  (ANSI - Latin I)
2020-04-02 02:00:05|   0.2|  0.0|INFORM|FME Configuration: Process limits are 8.00 GB of physical memory and 4.00 GB of address space
2020-04-02 02:00:05|   0.2|  0.0|INFORM|FME Configuration: Start freeing memory when process usage exceeds 2.83 GB of memory or 3.41 GB of address space
2020-04-02 02:00:05|   0.2|  0.0|INFORM|FME Configuration: Stop freeing memory when process usage is below 2.12 GB of memory and 2.56 GB of address space
2020-04-02 02:00:05|   0.3|  0.1|INFORM|Creating writer for format: 
2020-04-02 02:00:06|   1.9|  1.6|INFORM|FME Configuration: Named Connection Storage: 'C:\Users\mssqlgisadmin\AppData\Roaming\Safe Software\FME\'
2020-04-02 02:00:06|   1.9|  0.0|INFORM|FME Configuration: Using Named Connection values from 'coa-gis-warehouse1' for POSTGIS_1
2020-04-02 02:00:06|   1.9|  0.0|INFORM|Creating reader for format: PostGIS
2020-04-02 02:00:06|   2.0|  0.1|INFORM|Trying to find a DYNAMIC plugin for reader named `POSTGIS'
2020-04-02 02:00:06|   2.0|  0.0|WARN  |Error prepending '<FME_HOME>/plugins/' to path environment variable.  The addition may not exist, or on Windows the resulting path may be longer than 2047 characters
2020-04-02 02:00:06|   2.0|  0.0|INFORM|Loaded module 'POSTGIS' from file 'c:\FME2017\plugins/POSTGIS.dll'
2020-04-02 02:00:06|   2.0|  0.0|INFORM|FME API version of module 'POSTGIS' matches current internal version (3.8 20170315)
2020-04-02 02:00:06|   2.0|  0.0|INFORM|Opening POSTGIS reader for dataset 'coagiswarehouse'
2020-04-02 02:00:07|   2.0|  0.0|INFORM|PostGIS client encoding: 'UTF8'
2020-04-02 02:00:07|   2.0|  0.0|INFORM|PostgreSQL 9.6.11 on x86_64-pc-linux-gnu, compiled by gcc (GCC) 4.4.7 20120313 (Red Hat 4.4.7-23), 64-bit
2020-04-02 02:00:07|   2.0|  0.0|INFORM|2.4 USE_GEOS=1 USE_PROJ=1 USE_STATS=1
2020-04-02 02:00:07|   2.0|  0.0|INFORM|Using MultiWriter with keyword `MULTI_WRITER' to output data (ID_ATTRIBUTE is `multi_writer_id')
2020-04-02 02:00:07|   2.0|  0.0|INFORM|Writer output will be ordered by value of multi_writer_id
2020-04-02 02:00:08|   2.0|  0.0|INFORM|Reading POSTGIS table: 'coagis.bc_incorporated_areas'...
2020-04-02 02:00:09|   2.1|  0.1|INFORM|FME Configuration: Source coordinate system for reader POSTGIS_1[POSTGIS] set to `EPSG:2264' as read from input data
2020-04-02 02:00:09|   2.6|  0.5|INFORM|Coordinate System `EPSG:2264' parameters: CS_NAME=`NC83F' DESC_NM=`NAD83 North Carolina State Planes, US Foot' DT_NAME=`NAD83' GROUP=`SPCS83F' MAP_SCL=`1' MAX_LAT=`36.86666666666667' MAX_LNG=`-74.26666666666667' MIN_LAT=`33.55' MIN_LNG=`-85.43333333333334' ORG_LAT=`33.75' ORG_LNG=`-79' PARM1=`36.16666666666666' PARM2=`34.33333333333333' PROJ=`LM' QUAD=`1' SCL_RED=`1' SOURCE=`Calculated from NC83 by Mentor Software' UNIT=`FOOT' X_OFF=`2000000.002616666' 
2020-04-02 02:00:09|   2.7|  0.1|INFORM|FME Configuration: Using Named Connection values from 'steepslope' for POSTGIS_2
2020-04-02 02:00:09|   2.7|  0.0|INFORM|Creating writer for format: PostGIS
2020-04-02 02:00:09|   2.7|  0.0|INFORM|Trying to find a DYNAMIC plugin for writer named `POSTGIS'
2020-04-02 02:00:09|   2.7|  0.0|INFORM|FME API version of module 'POSTGIS' matches current internal version (3.8 20170315)
2020-04-02 02:00:09|   2.7|  0.0|INFORM|FME Configuration: No destination coordinate system set
2020-04-02 02:00:09|   2.7|  0.0|INFORM|FME API version of module 'POSTGIS' matches current internal version (3.8 20170315)
2020-04-02 02:00:09|   2.7|  0.0|INFORM|Writer `POSTGIS_2' of type `POSTGIS' using group definition keyword `POSTGIS_2_DEF'
2020-04-02 02:00:09|   2.7|  0.0|INFORM|FME API version of module 'POSTGIS' matches current internal version (3.8 20170315)
2020-04-02 02:00:09|   2.7|  0.0|INFORM|Opening POSTGIS writer for dataset 'steepslope'...
2020-04-02 02:00:11|   3.8|  1.1|INFORM|PostGIS client encoding: 'UTF8'
2020-04-02 02:00:11|   3.8|  0.0|INFORM|PostgreSQL 10.4 on x86_64-pc-linux-gnu, compiled by gcc (GCC) 4.8.3 20140911 (Red Hat 4.8.3-9), 64-bit
2020-04-02 02:00:11|   3.8|  0.0|INFORM|2.4 USE_GEOS=1 USE_PROJ=1 USE_STATS=1
2020-04-02 02:00:11|   3.8|  0.0|INFORM|Testing for the existence of table 'public.bc_incorporated_areas'...
2020-04-02 02:00:12|   3.8|  0.0|INFORM|Truncating existing table 'public.bc_incorporated_areas'...
2020-04-02 02:00:12|   3.8|  0.0|INFORM|Using existing table 'public.bc_incorporated_areas'
2020-04-02 02:00:12|   3.8|  0.0|INFORM|POSTGIS Writer: Creating 'unquoted WKB' geometry processor for feature type 'public.bc_incorporated_areas'
2020-04-02 02:00:12|   3.8|  0.0|INFORM|POSTGIS Writer: Creating 'streaming Bulk Copy' feature type processor for feature type 'public.bc_incorporated_areas'
2020-04-02 02:00:13|   4.0|  0.2|INFORM|Reading POSTGIS table: 'coagis.coa_active_jurisdictions'...
2020-04-02 02:00:13|   4.0|  0.0|INFORM|Testing for the existence of table 'public.coa_active_jurisdictions'...
2020-04-02 02:00:13|   4.0|  0.0|INFORM|Truncating existing table 'public.coa_active_jurisdictions'...
2020-04-02 02:00:13|   4.0|  0.0|INFORM|Using existing table 'public.coa_active_jurisdictions'
2020-04-02 02:00:13|   4.0|  0.0|INFORM|POSTGIS Writer: Creating 'unquoted WKB' geometry processor for feature type 'public.coa_active_jurisdictions'
2020-04-02 02:00:13|   4.0|  0.0|INFORM|POSTGIS Writer: Creating 'batched Bulk Copy' feature type processor for feature type 'public.coa_active_jurisdictions'
2020-04-02 02:00:14|   4.0|  0.0|INFORM|Reading POSTGIS table: 'coagis.bc_property'...
2020-04-02 02:00:36|   4.2|  0.1|INFORM|Testing for the existence of table 'public.bc_property'...
2020-04-02 02:00:36|   4.2|  0.0|INFORM|Truncating existing table 'public.bc_property'...
2020-04-02 02:00:36|   4.2|  0.0|INFORM|Using existing table 'public.bc_property'
2020-04-02 02:00:37|   4.2|  0.0|INFORM|POSTGIS Writer: Creating 'unquoted WKB' geometry processor for feature type 'public.bc_property'
2020-04-02 02:00:37|   4.2|  0.0|INFORM|POSTGIS Writer: Creating 'batched Bulk Copy' feature type processor for feature type 'public.bc_property'
2020-04-02 02:00:38|   5.1|  0.9|INFORM|Committed transaction at feature '1000'
2020-04-02 02:00:38|   5.1|  0.0|INFORM|POSTGIS Writer: Promoting feature type 'public.bc_property' to streaming Bulk Copy and demoting feature type 'public.bc_incorporated_areas' for optimization
2020-04-02 02:00:38|   5.1|  0.0|INFORM|POSTGIS Writer: Creating 'unquoted WKB' geometry processor for feature type 'public.bc_incorporated_areas'
2020-04-02 02:00:38|   5.1|  0.0|INFORM|POSTGIS Writer: Creating 'unquoted WKB' geometry processor for feature type 'public.bc_property'
2020-04-02 02:00:39|   6.0|  1.0|INFORM|Committed transaction at feature '2000'
2020-04-02 02:00:39|   6.5|  0.5|INFORM|Reading source feature # 2500
2020-04-02 02:00:40|   7.1|  0.6|INFORM|Committed transaction at feature '3000'
2020-04-02 02:00:41|   8.1|  1.0|INFORM|Committed transaction at feature '4000'
2020-04-02 02:00:42|   9.1|  1.0|INFORM|Reading source feature # 5000
2020-04-02 02:00:42|   9.1|  0.0|INFORM|Committed transaction at feature '5000'
2020-04-02 02:00:43|  10.0|  0.9|INFORM|Committed transaction at feature '6000'
2020-04-02 02:00:44|  10.9|  0.9|INFORM|Committed transaction at feature '7000'
2020-04-02 02:00:45|  11.3|  0.5|INFORM|Reading source feature # 7500
2020-04-02 02:00:45|  11.8|  0.5|INFORM|Committed transaction at feature '8000'
2020-04-02 02:00:46|  12.8|  0.9|INFORM|Committed transaction at feature '9000'
2020-04-02 02:00:47|  13.7|  1.0|INFORM|Reading source feature # 10000
2020-04-02 02:00:47|  13.7|  0.0|INFORM|Committed transaction at feature '10000'
2020-04-02 02:01:05|  14.8|  1.1|INFORM|Committed transaction at feature '11000'
2020-04-02 02:01:06|  15.7|  0.9|INFORM|Committed transaction at feature '12000'
2020-04-02 02:01:07|  16.2|  0.4|INFORM|Reading source feature # 12500
2020-04-02 02:01:07|  16.6|  0.5|INFORM|Committed transaction at feature '13000'
2020-04-02 02:01:08|  17.6|  0.9|INFORM|Committed transaction at feature '14000'
2020-04-02 02:01:09|  18.5|  1.0|INFORM|Reading source feature # 15000
2020-04-02 02:01:09|  18.5|  0.0|INFORM|Committed transaction at feature '15000'
2020-04-02 02:01:10|  19.5|  0.9|INFORM|Committed transaction at feature '16000'
2020-04-02 02:01:11|  20.4|  0.9|INFORM|Committed transaction at feature '17000'
2020-04-02 02:01:12|  20.8|  0.5|INFORM|Reading source feature # 17500
2020-04-02 02:01:12|  21.3|  0.5|INFORM|Committed transaction at feature '18000'
2020-04-02 02:01:13|  22.3|  1.0|INFORM|Committed transaction at feature '19000'
2020-04-02 02:01:14|  23.2|  0.9|INFORM|Reading source feature # 20000
2020-04-02 02:01:14|  23.2|  0.0|INFORM|Committed transaction at feature '20000'
2020-04-02 02:01:24|  24.2|  1.0|INFORM|Committed transaction at feature '21000'
2020-04-02 02:01:25|  25.3|  1.1|INFORM|Committed transaction at feature '22000'
2020-04-02 02:01:25|  25.8|  0.5|INFORM|Reading source feature # 22500
2020-04-02 02:01:26|  26.3|  0.5|INFORM|Committed transaction at feature '23000'
2020-04-02 02:01:27|  27.3|  1.0|INFORM|Committed transaction at feature '24000'
2020-04-02 02:01:28|  28.3|  1.0|INFORM|Reading source feature # 25000
2020-04-02 02:01:28|  28.3|  0.0|INFORM|Committed transaction at feature '25000'
2020-04-02 02:01:29|  29.4|  1.1|INFORM|Committed transaction at feature '26000'
2020-04-02 02:01:30|  30.5|  1.0|INFORM|Committed transaction at feature '27000'
2020-04-02 02:01:31|  30.9|  0.5|INFORM|Reading source feature # 27500
2020-04-02 02:01:31|  31.4|  0.5|INFORM|Committed transaction at feature '28000'
2020-04-02 02:01:32|  32.3|  0.9|INFORM|Committed transaction at feature '29000'
2020-04-02 02:01:33|  33.1|  0.9|INFORM|Reading source feature # 30000
2020-04-02 02:01:33|  33.1|  0.0|INFORM|Committed transaction at feature '30000'
2020-04-02 02:01:51|  34.2|  1.1|INFORM|Committed transaction at feature '31000'
2020-04-02 02:01:52|  35.2|  1.0|INFORM|Committed transaction at feature '32000'
2020-04-02 02:01:53|  35.8|  0.5|INFORM|Reading source feature # 32500
2020-04-02 02:01:54|  36.2|  0.5|INFORM|Committed transaction at feature '33000'
2020-04-02 02:01:55|  37.2|  1.0|INFORM|Committed transaction at feature '34000'
2020-04-02 02:01:56|  38.2|  1.0|INFORM|Reading source feature # 35000
2020-04-02 02:01:56|  38.2|  0.0|INFORM|Committed transaction at feature '35000'
2020-04-02 02:01:57|  39.2|  1.0|INFORM|Committed transaction at feature '36000'
2020-04-02 02:01:58|  40.0|  0.9|INFORM|Committed transaction at feature '37000'
2020-04-02 02:01:58|  40.5|  0.4|INFORM|Reading source feature # 37500
2020-04-02 02:01:58|  40.9|  0.4|INFORM|Committed transaction at feature '38000'
2020-04-02 02:01:59|  41.8|  0.9|INFORM|Committed transaction at feature '39000'
2020-04-02 02:02:01|  43.0|  1.1|INFORM|Reading source feature # 40000
2020-04-02 02:02:01|  43.0|  0.0|INFORM|Committed transaction at feature '40000'
2020-04-02 02:02:10|  44.0|  1.0|INFORM|Committed transaction at feature '41000'
2020-04-02 02:02:11|  45.0|  1.0|INFORM|Committed transaction at feature '42000'
2020-04-02 02:02:11|  45.6|  0.6|INFORM|Reading source feature # 42500
2020-04-02 02:02:12|  46.0|  0.5|INFORM|Committed transaction at feature '43000'
2020-04-02 02:02:13|  47.0|  0.9|INFORM|Committed transaction at feature '44000'
2020-04-02 02:02:14|  47.8|  0.9|INFORM|Reading source feature # 45000
2020-04-02 02:02:14|  47.8|  0.0|INFORM|Committed transaction at feature '45000'
2020-04-02 02:02:15|  48.7|  0.9|INFORM|Committed transaction at feature '46000'
2020-04-02 02:02:16|  49.6|  0.9|INFORM|Committed transaction at feature '47000'
2020-04-02 02:02:16|  50.0|  0.5|INFORM|Reading source feature # 47500
2020-04-02 02:02:17|  50.6|  0.5|INFORM|Committed transaction at feature '48000'
2020-04-02 02:02:18|  51.5|  0.9|INFORM|Committed transaction at feature '49000'
2020-04-02 02:02:19|  52.3|  0.8|INFORM|Reading source feature # 50000
2020-04-02 02:02:19|  52.3|  0.0|INFORM|Committed transaction at feature '50000'
2020-04-02 02:02:29|  53.3|  1.0|INFORM|Committed transaction at feature '51000'
2020-04-02 02:02:30|  54.2|  0.9|INFORM|Committed transaction at feature '52000'
2020-04-02 02:02:30|  54.6|  0.4|INFORM|Reading source feature # 52500
2020-04-02 02:02:31|  55.1|  0.5|INFORM|Committed transaction at feature '53000'
2020-04-02 02:02:32|  56.1|  1.0|INFORM|Committed transaction at feature '54000'
2020-04-02 02:02:33|  57.0|  0.9|INFORM|Reading source feature # 55000
2020-04-02 02:02:33|  57.0|  0.0|INFORM|Committed transaction at feature '55000'
2020-04-02 02:02:34|  57.9|  0.9|INFORM|Committed transaction at feature '56000'
2020-04-02 02:02:35|  58.8|  0.9|INFORM|Committed transaction at feature '57000'
2020-04-02 02:02:35|  59.3|  0.5|INFORM|Reading source feature # 57500
2020-04-02 02:02:36|  59.8|  0.5|INFORM|Committed transaction at feature '58000'
2020-04-02 02:02:37|  60.7|  0.9|INFORM|Committed transaction at feature '59000'
2020-04-02 02:02:38|  61.7|  1.1|INFORM|Reading source feature # 60000
2020-04-02 02:02:38|  61.7|  0.0|INFORM|Committed transaction at feature '60000'
2020-04-02 02:02:40|  62.9|  1.2|INFORM|Committed transaction at feature '61000'
2020-04-02 02:02:41|  63.9|  1.0|INFORM|Committed transaction at feature '62000'
2020-04-02 02:02:41|  64.5|  0.5|INFORM|Reading source feature # 62500
2020-04-02 02:02:42|  64.9|  0.5|INFORM|Committed transaction at feature '63000'
2020-04-02 02:02:43|  65.8|  0.9|INFORM|Committed transaction at feature '64000'
2020-04-02 02:02:44|  66.7|  0.9|INFORM|Reading source feature # 65000
2020-04-02 02:02:44|  66.7|  0.0|INFORM|Committed transaction at feature '65000'
2020-04-02 02:02:45|  67.6|  0.9|INFORM|Committed transaction at feature '66000'
2020-04-02 02:02:46|  68.7|  1.0|INFORM|Committed transaction at feature '67000'
2020-04-02 02:02:46|  69.2|  0.5|INFORM|Reading source feature # 67500
2020-04-02 02:02:47|  69.6|  0.5|INFORM|Committed transaction at feature '68000'
2020-04-02 02:02:48|  70.5|  0.9|INFORM|Committed transaction at feature '69000'
2020-04-02 02:02:49|  71.5|  1.0|INFORM|Reading source feature # 70000
2020-04-02 02:02:49|  71.5|  0.0|INFORM|Committed transaction at feature '70000'
2020-04-02 02:02:51|  72.6|  1.0|INFORM|Committed transaction at feature '71000'
2020-04-02 02:02:52|  73.4|  0.9|INFORM|Committed transaction at feature '72000'
2020-04-02 02:02:52|  73.9|  0.5|INFORM|Reading source feature # 72500
2020-04-02 02:02:53|  74.3|  0.4|INFORM|Committed transaction at feature '73000'
2020-04-02 02:02:54|  75.2|  0.9|INFORM|Committed transaction at feature '74000'
2020-04-02 02:02:55|  76.1|  0.9|INFORM|Reading source feature # 75000
2020-04-02 02:02:55|  76.1|  0.0|INFORM|Committed transaction at feature '75000'
2020-04-02 02:02:56|  77.0|  1.0|INFORM|Committed transaction at feature '76000'
2020-04-02 02:02:57|  78.0|  1.0|INFORM|Committed transaction at feature '77000'
2020-04-02 02:02:57|  78.5|  0.5|INFORM|Reading source feature # 77500
2020-04-02 02:02:58|  78.9|  0.4|INFORM|Committed transaction at feature '78000'
2020-04-02 02:02:59|  79.9|  1.0|INFORM|Committed transaction at feature '79000'
2020-04-02 02:03:00|  80.8|  0.9|INFORM|Reading source feature # 80000
2020-04-02 02:03:00|  80.8|  0.0|INFORM|Committed transaction at feature '80000'
2020-04-02 02:03:01|  81.8|  1.0|INFORM|Committed transaction at feature '81000'
2020-04-02 02:03:02|  82.7|  0.9|INFORM|Committed transaction at feature '82000'
2020-04-02 02:03:03|  83.1|  0.4|INFORM|Reading source feature # 82500
2020-04-02 02:03:03|  83.5|  0.4|INFORM|Committed transaction at feature '83000'
2020-04-02 02:03:04|  84.5|  0.9|INFORM|Committed transaction at feature '84000'
2020-04-02 02:03:05|  85.4|  0.9|INFORM|Reading source feature # 85000
2020-04-02 02:03:05|  85.4|  0.0|INFORM|Committed transaction at feature '85000'
2020-04-02 02:03:06|  86.2|  0.9|INFORM|Committed transaction at feature '86000'
2020-04-02 02:03:07|  87.2|  0.9|INFORM|Committed transaction at feature '87000'
2020-04-02 02:03:08|  87.7|  0.5|INFORM|Reading source feature # 87500
2020-04-02 02:03:08|  88.1|  0.4|INFORM|Committed transaction at feature '88000'
2020-04-02 02:03:09|  89.0|  0.9|INFORM|Committed transaction at feature '89000'
2020-04-02 02:03:10|  89.9|  0.9|INFORM|Reading source feature # 90000
2020-04-02 02:03:10|  89.9|  0.0|INFORM|Committed transaction at feature '90000'
2020-04-02 02:03:12|  90.8|  1.0|INFORM|Committed transaction at feature '91000'
2020-04-02 02:03:13|  91.7|  0.9|INFORM|Committed transaction at feature '92000'
2020-04-02 02:03:13|  92.2|  0.5|INFORM|Reading source feature # 92500
2020-04-02 02:03:14|  92.6|  0.4|INFORM|Committed transaction at feature '93000'
2020-04-02 02:03:15|  93.5|  0.9|INFORM|Committed transaction at feature '94000'
2020-04-02 02:03:16|  94.5|  0.9|INFORM|Reading source feature # 95000
2020-04-02 02:03:16|  94.5|  0.0|INFORM|Committed transaction at feature '95000'
2020-04-02 02:03:17|  95.4|  0.9|INFORM|Committed transaction at feature '96000'
2020-04-02 02:03:18|  96.3|  0.9|INFORM|Committed transaction at feature '97000'
2020-04-02 02:03:18|  96.8|  0.5|INFORM|Reading source feature # 97500
2020-04-02 02:03:19|  97.3|  0.5|INFORM|Committed transaction at feature '98000'
2020-04-02 02:03:20|  98.2|  0.9|INFORM|Committed transaction at feature '99000'
2020-04-02 02:03:21|  99.1|  0.9|INFORM|Reading source feature # 100000
2020-04-02 02:03:21|  99.2|  0.0|INFORM|Committed transaction at feature '100000'
2020-04-02 02:03:23| 100.1|  0.9|INFORM|Committed transaction at feature '101000'
2020-04-02 02:03:24| 101.0|  0.9|INFORM|Committed transaction at feature '102000'
2020-04-02 02:03:24| 101.4|  0.5|INFORM|Reading source feature # 102500
2020-04-02 02:03:25| 101.9|  0.5|INFORM|Committed transaction at feature '103000'
2020-04-02 02:03:26| 102.8|  0.9|INFORM|Committed transaction at feature '104000'
2020-04-02 02:03:27| 104.0|  1.2|INFORM|Reading source feature # 105000
2020-04-02 02:03:27| 104.0|  0.0|INFORM|Committed transaction at feature '105000'
2020-04-02 02:03:28| 104.9|  0.9|INFORM|Committed transaction at feature '106000'
2020-04-02 02:03:29| 105.9|  1.0|INFORM|Committed transaction at feature '107000'
2020-04-02 02:03:29| 106.3|  0.5|INFORM|Reading source feature # 107500
2020-04-02 02:03:30| 106.8|  0.4|INFORM|Committed transaction at feature '108000'
2020-04-02 02:03:31| 107.8|  1.0|INFORM|Committed transaction at feature '109000'
2020-04-02 02:03:32| 108.7|  0.9|INFORM|Reading source feature # 110000
2020-04-02 02:03:32| 108.7|  0.0|INFORM|Committed transaction at feature '110000'
2020-04-02 02:03:33| 109.7|  1.0|INFORM|Committed transaction at feature '111000'
2020-04-02 02:03:34| 110.6|  0.9|INFORM|Committed transaction at feature '112000'
2020-04-02 02:03:35| 111.1|  0.5|INFORM|Reading source feature # 112500
2020-04-02 02:03:36| 111.6|  0.5|INFORM|Committed transaction at feature '113000'
2020-04-02 02:03:36| 112.5|  0.9|INFORM|Committed transaction at feature '114000'
2020-04-02 02:03:37| 113.4|  0.9|INFORM|Reading source feature # 115000
2020-04-02 02:03:37| 113.4|  0.0|INFORM|Committed transaction at feature '115000'
2020-04-02 02:03:39| 114.4|  1.0|INFORM|Committed transaction at feature '116000'
2020-04-02 02:03:40| 115.3|  1.0|INFORM|Committed transaction at feature '117000'
2020-04-02 02:03:40| 115.8|  0.5|INFORM|Reading source feature # 117500
2020-04-02 02:03:41| 116.3|  0.5|INFORM|Committed transaction at feature '118000'
2020-04-02 02:03:42| 117.3|  0.9|INFORM|Committed transaction at feature '119000'
2020-04-02 02:03:43| 118.2|  0.9|INFORM|Reading source feature # 120000
2020-04-02 02:03:43| 118.2|  0.0|INFORM|Committed transaction at feature '120000'
2020-04-02 02:03:44| 119.2|  1.0|INFORM|Committed transaction at feature '121000'
2020-04-02 02:03:45| 120.1|  0.9|INFORM|Committed transaction at feature '122000'
2020-04-02 02:03:46| 120.6|  0.5|INFORM|Reading source feature # 122500
2020-04-02 02:03:46| 121.0|  0.4|INFORM|Committed transaction at feature '123000'
2020-04-02 02:03:47| 121.9|  0.9|INFORM|Committed transaction at feature '124000'
2020-04-02 02:03:48| 122.8|  0.9|INFORM|Reading source feature # 125000
2020-04-02 02:03:48| 122.8|  0.0|INFORM|Committed transaction at feature '125000'
2020-04-02 02:03:49| 123.7|  0.9|INFORM|Committed transaction at feature '126000'
2020-04-02 02:03:50| 124.6|  0.9|INFORM|Committed transaction at feature '127000'
2020-04-02 02:03:51| 125.1|  0.5|INFORM|Reading source feature # 127500
2020-04-02 02:03:51| 125.6|  0.5|INFORM|Committed transaction at feature '128000'
2020-04-02 02:03:51| 125.8|  0.2|INFORM|Emptying factory pipeline
2020-04-02 02:03:51| 125.8|  0.0|STATS |Router and Unexpected Input Remover(RoutingFactory): Tested 128197 input feature(s), wrote 128197 output feature(s): 128197 matched merge filters, 128197 were routed to output, 0 could not be routed.
2020-04-02 02:03:51| 125.8|  0.0|STATS |coagis.bc_incorporated_areas (POSTGIS_1) Splitter(TeeFactory): Cloned 7 input feature(s) into 7 output feature(s)
2020-04-02 02:03:51| 125.8|  0.0|STATS |coagis.coa_active_jurisdictions (POSTGIS_1) Splitter(TeeFactory): Cloned 39 input feature(s) into 39 output feature(s)
2020-04-02 02:03:51| 125.8|  0.0|STATS |coagis.bc_property (POSTGIS_1) Splitter(TeeFactory): Cloned 128151 input feature(s) into 128151 output feature(s)
2020-04-02 02:03:51| 125.8|  0.0|STATS |Destination Feature Type Routing Correlator(RoutingFactory): Tested 128197 input feature(s), wrote 128197 output feature(s): 0 matched merge filters, 128197 were routed to output, 0 could not be routed.
2020-04-02 02:03:51| 125.8|  0.0|STATS |Final Output Nuker(TeeFactory): Cloned 0 input feature(s) into 0 output feature(s)
2020-04-02 02:03:51| 125.8|  0.0|INFORM|Successfully closed POSTGIS database writer
2020-04-02 02:03:51| 125.8|  0.0|INFORM|=-=-=-=-=-=-=-=-=-=-=-=-=-=-=-=-=-=-=-=-=-=-=-=-=-=-=-=-=-=-=-=-=-=-=-=-=-=-=-
2020-04-02 02:03:51| 125.8|  0.0|INFORM|Feature output statistics for `POSTGIS' writer using keyword `POSTGIS_2':
2020-04-02 02:03:51| 125.8|  0.0|STATS |=-=-=-=-=-=-=-=-=-=-=-=-=-=-=-=-=-=-=-=-=-=-=-=-=-=-=-=-=-=-=-=-=-=-=-=-=-=-=-
2020-04-02 02:03:51| 125.8|  0.0|STATS |                               Features Written
2020-04-02 02:03:51| 125.8|  0.0|STATS |=-=-=-=-=-=-=-=-=-=-=-=-=-=-=-=-=-=-=-=-=-=-=-=-=-=-=-=-=-=-=-=-=-=-=-=-=-=-=-
2020-04-02 02:03:51| 125.8|  0.0|STATS |public.bc_incorporated_areas                                                 7
2020-04-02 02:03:51| 125.8|  0.0|STATS |public.bc_property                                                      128151
2020-04-02 02:03:51| 125.8|  0.0|STATS |public.coa_active_jurisdictions                                             39
2020-04-02 02:03:51| 125.8|  0.0|STATS |==============================================================================
2020-04-02 02:03:51| 125.8|  0.0|STATS |Total Features Written                                                  128197
2020-04-02 02:03:51| 125.8|  0.0|STATS |=-=-=-=-=-=-=-=-=-=-=-=-=-=-=-=-=-=-=-=-=-=-=-=-=-=-=-=-=-=-=-=-=-=-=-=-=-=-=-
2020-04-02 02:03:51| 125.8|  0.0|STATS |=-=-=-=-=-=-=-=-=-=-=-=-=-=-=-=-=-=-=-=-=-=-=-=-=-=-=-=-=-=-=-=-=-=-=-=-=-=-=-
2020-04-02 02:03:51| 125.8|  0.0|STATS |                            Features Read Summary
2020-04-02 02:03:51| 125.8|  0.0|STATS |=-=-=-=-=-=-=-=-=-=-=-=-=-=-=-=-=-=-=-=-=-=-=-=-=-=-=-=-=-=-=-=-=-=-=-=-=-=-=-
2020-04-02 02:03:51| 125.8|  0.0|STATS |coagis.bc_incorporated_areas                                                 7
2020-04-02 02:03:51| 125.8|  0.0|STATS |coagis.bc_property                                                      128151
2020-04-02 02:03:51| 125.8|  0.0|STATS |coagis.coa_active_jurisdictions                                             39
2020-04-02 02:03:51| 125.8|  0.0|STATS |==============================================================================
2020-04-02 02:03:51| 125.8|  0.0|STATS |Total Features Read                                                     128197
2020-04-02 02:03:51| 125.8|  0.0|STATS |=-=-=-=-=-=-=-=-=-=-=-=-=-=-=-=-=-=-=-=-=-=-=-=-=-=-=-=-=-=-=-=-=-=-=-=-=-=-=-
2020-04-02 02:03:51| 125.8|  0.0|STATS |=-=-=-=-=-=-=-=-=-=-=-=-=-=-=-=-=-=-=-=-=-=-=-=-=-=-=-=-=-=-=-=-=-=-=-=-=-=-=-
2020-04-02 02:03:51| 125.8|  0.0|STATS |                           Features Written Summary
2020-04-02 02:03:51| 125.8|  0.0|STATS |=-=-=-=-=-=-=-=-=-=-=-=-=-=-=-=-=-=-=-=-=-=-=-=-=-=-=-=-=-=-=-=-=-=-=-=-=-=-=-
2020-04-02 02:03:51| 125.8|  0.0|STATS |public.bc_incorporated_areas                                                 7
2020-04-02 02:03:51| 125.8|  0.0|STATS |public.bc_property                                                      128151
2020-04-02 02:03:51| 125.8|  0.0|STATS |public.coa_active_jurisdictions                                             39
2020-04-02 02:03:51| 125.8|  0.0|STATS |==============================================================================
2020-04-02 02:03:51| 125.8|  0.0|STATS |Total Features Written                                                  128197
2020-04-02 02:03:51| 125.8|  0.0|STATS |=-=-=-=-=-=-=-=-=-=-=-=-=-=-=-=-=-=-=-=-=-=-=-=-=-=-=-=-=-=-=-=-=-=-=-=-=-=-=-
2020-04-02 02:03:51| 125.8|  0.0|INFORM|Successfully closed POSTGIS database reader
2020-04-02 02:03:51| 125.8|  0.0|INFORM|Successfully closed POSTGIS database reader
2020-04-02 02:03:51| 125.8|  0.0|INFORM|Translation was SUCCESSFUL with 1 warning(s) (128197 feature(s) output)
2020-04-02 02:03:51| 125.8|  0.0|INFORM|FME Session Duration: 3 minutes 46.8 seconds. (CPU: 123.9s user, 1.8s system)
2020-04-02 02:03:51| 125.8|  0.0|INFORM|END - ProcessID: 7848, peak process memory usage: 151072 kB, current process memory usage: 124168 kB
