2020-04-02 01:56:05|   0.1|  0.1|INFORM|FME 2017.1.1.1 (20171014 - Build 17652 - WIN32)
2020-04-02 01:56:05|   0.1|  0.0|INFORM|FME_HOME is 'c:\FME2017\'
2020-04-02 01:56:05|   0.1|  0.0|INFORM|FME Desktop ESRI Edition (floating)
2020-04-02 01:56:05|   0.1|  0.0|INFORM|Permanent License.
2020-04-02 01:56:05|   0.1|  0.0|INFORM|Machine host name is: coa-gis-fme2
2020-04-02 01:56:05|   0.1|  0.0|INFORM|START - ProcessID: 792, peak process memory usage: 30208 kB, current process memory usage: 30184 kB
2020-04-02 01:56:05|   0.1|  0.0|INFORM|FME Configuration: Command line arguments are `c:\FME2017\fme' `C:\COA\bedrock\working_directory\permit_tasks/accela_to_wh-permit_tasks.fmw'
2020-04-02 01:56:05|   0.2|  0.1|INFORM|Shared folders for formats are : c:\FME2017\datasources;C:\Users\mssqlgisadmin\Documents\FME\Formats
2020-04-02 01:56:05|   0.2|  0.0|INFORM|Shared folders for transformers are : c:\FME2017\transformers;C:\Users\mssqlgisadmin\Documents\FME\Transformers;C:\Users\mssqlgisadmin\AppData\Roaming\Safe Software\FME\FME Store\Transformers
2020-04-02 01:56:05|   0.2|  0.0|INFORM|Shared folders for coordinate systems are : C:\Users\mssqlgisadmin\Documents\FME\CoordinateSystems
2020-04-02 01:56:05|   0.2|  0.0|INFORM|Shared folders for coordinate system exceptions are : C:\Users\mssqlgisadmin\Documents\FME\CoordinateSystemExceptions
2020-04-02 01:56:05|   0.2|  0.0|INFORM|Shared folders for coordinate system grid overrides are : C:\Users\mssqlgisadmin\Documents\FME\CoordinateSystemGridOverrides
2020-04-02 01:56:05|   0.2|  0.0|INFORM|Shared folders for CS-MAP transformation exceptions are : C:\Users\mssqlgisadmin\Documents\FME\CsmapTransformationExceptions
2020-04-02 01:56:05|   0.2|  0.0|INFORM|Shared folders for transformer categories are : C:\Users\mssqlgisadmin\Documents\FME\TransformerCategories
2020-04-02 01:56:05|   0.2|  0.0|INFORM|FME Configuration: Reader Keyword is `MSSQL_ADO_1'
2020-04-02 01:56:05|   0.2|  0.0|INFORM|FME Configuration: Writer Keyword is `MULTI_WRITER'
2020-04-02 01:56:05|   0.2|  0.0|INFORM|FME Configuration: Writer Group Definition Keyword is `MULTI_WRITER_DEF'
2020-04-02 01:56:05|   0.2|  0.0|INFORM|FME Configuration: Reader type is `MSSQL_ADO'
2020-04-02 01:56:05|   0.2|  0.0|INFORM|FME Configuration: Writer type is `MULTI_WRITER'
2020-04-02 01:56:05|   0.2|  0.0|INFORM|FME Configuration: No destination coordinate system set
2020-04-02 01:56:05|   0.2|  0.0|INFORM|FME Configuration: Current working folder is `C:\COA\bedrock\working_directory\permit_tasks'
2020-04-02 01:56:05|   0.2|  0.0|INFORM|FME Configuration: Temporary folder is `C:\Users\MSSQLG~1\AppData\Local\Temp', set from environment variable `TEMP'
2020-04-02 01:56:05|   0.2|  0.0|INFORM|FME Configuration: FME_HOME is `c:\FME2017\'
2020-04-02 01:56:05|   0.2|  0.0|INFORM|FME Configuration: FME_BASE is 'no'
2020-04-02 01:56:05|   0.2|  0.0|INFORM|FME Configuration: FME_MF_DIR is 'C:\COA\bedrock\working_directory\permit_tasks/'
2020-04-02 01:56:05|   0.2|  0.0|INFORM|FME Configuration: FME_MF_NAME is 'accela_to_wh-permit_tasks.fmw'
2020-04-02 01:56:05|   0.2|  0.0|INFORM|FME Configuration: FME_PRODUCT_NAME is 'FME(R) 2017.1.1.1'
2020-04-02 01:56:05|   0.2|  0.0|INFORM|System Status: 105.37 GB of disk space available in the FME temporary folder (C:\Users\MSSQLG~1\AppData\Local\Temp)
2020-04-02 01:56:05|   0.2|  0.0|INFORM|System Status: 4.00 GB of virtual memory available
2020-04-02 01:56:05|   0.2|  0.0|INFORM|Operating System: Microsoft Windows Server 2012 R2 Server 4.0 64-bit  (Build 9600)
2020-04-02 01:56:05|   0.2|  0.0|INFORM|FME Platform: WIN32
2020-04-02 01:56:05|   0.2|  0.0|INFORM|Locale: en_US
2020-04-02 01:56:05|   0.2|  0.0|INFORM|Code Page: 1252  (ANSI - Latin I)
2020-04-02 01:56:05|   0.2|  0.0|INFORM|FME Configuration: Process limits are 8.00 GB of physical memory and 4.00 GB of address space
2020-04-02 01:56:05|   0.2|  0.0|INFORM|FME Configuration: Start freeing memory when process usage exceeds 2.83 GB of memory or 3.41 GB of address space
2020-04-02 01:56:05|   0.2|  0.0|INFORM|FME Configuration: Stop freeing memory when process usage is below 2.12 GB of memory and 2.56 GB of address space
2020-04-02 01:56:05|   0.3|  0.1|INFORM|Creating writer for format: 
2020-04-02 01:56:06|   1.7|  1.4|INFORM|FME Configuration: Named Connection Storage: 'C:\Users\mssqlgisadmin\AppData\Roaming\Safe Software\FME\'
2020-04-02 01:56:06|   1.7|  0.0|INFORM|FME Configuration: Using Named Connection values from '@coa-dscdb/accelaprod' for MSSQL_ADO_1
2020-04-02 01:56:06|   1.7|  0.0|INFORM|Creating reader for format: Microsoft SQL Server Non-Spatial
2020-04-02 01:56:06|   1.7|  0.1|INFORM|Trying to find a DYNAMIC plugin for reader named `MSSQL_ADO'
2020-04-02 01:56:06|   1.7|  0.0|INFORM|Loaded module 'MSSQL_ADO' from file 'c:\FME2017\plugins/FME_ADO.dll'
2020-04-02 01:56:06|   1.7|  0.0|INFORM|FME API version of module 'MSSQL_ADO' matches current internal version (3.8 20170315)
2020-04-02 01:56:06|   1.7|  0.0|INFORM|Microsoft SQL Server Non-Spatial Reader: Read 1 DEF line(s).  Found 25 attribute(s)
2020-04-02 01:56:06|   1.7|  0.0|INFORM|Microsoft SQL Server Non-Spatial Reader: Opening `accela' for read operation
2020-04-02 01:56:06|   1.7|  0.0|INFORM|Microsoft SQL Server Non-Spatial Reader: Trying to connect using SQL Server 2012 Native Client...
2020-04-02 01:56:06|   1.8|  0.0|INFORM|Using MultiWriter with keyword `MULTI_WRITER' to output data (ID_ATTRIBUTE is `multi_writer_id')
2020-04-02 01:56:06|   1.8|  0.0|INFORM|Writer output will be ordered by value of multi_writer_id
2020-04-02 01:56:12|   1.8|  0.0|INFORM|Microsoft SQL Server Non-Spatial Reader: Now reading features from table amd.permit_tasks, 10 record(s) at a time
2020-04-02 01:56:13|   2.0|  0.2|INFORM|FME Configuration: Using Named Connection values from 'mda-store-1' for POSTGRES_1
2020-04-02 01:56:13|   2.0|  0.0|INFORM|Creating writer for format: PostgreSQL
2020-04-02 01:56:13|   2.1|  0.1|INFORM|Trying to find a DYNAMIC plugin for writer named `POSTGRES'
2020-04-02 01:56:13|   2.1|  0.0|INFORM|Loaded module 'POSTGRES' from file 'c:\FME2017\plugins/POSTGIS.dll'
2020-04-02 01:56:13|   2.1|  0.0|INFORM|FME API version of module 'POSTGRES' matches current internal version (3.8 20170315)
2020-04-02 01:56:13|   2.1|  0.0|INFORM|FME Configuration: No destination coordinate system set
2020-04-02 01:56:13|   2.1|  0.0|INFORM|FME API version of module 'POSTGRES' matches current internal version (3.8 20170315)
2020-04-02 01:56:13|   2.1|  0.0|INFORM|Writer `POSTGRES_1' of type `POSTGRES' using group definition keyword `POSTGRES_1_DEF'
2020-04-02 01:56:13|   2.1|  0.0|INFORM|FME API version of module 'POSTGRES' matches current internal version (3.8 20170315)
2020-04-02 01:56:13|   2.1|  0.0|INFORM|Opening POSTGRES writer for dataset 'mdastore1'...
2020-04-02 01:56:14|   3.2|  1.1|INFORM|PostGIS client encoding: 'UTF8'
2020-04-02 01:56:14|   3.2|  0.0|INFORM|PostgreSQL 10.4 on x86_64-pc-linux-gnu, compiled by gcc (GCC) 4.8.3 20140911 (Red Hat 4.8.3-9), 64-bit
2020-04-02 01:56:14|   3.2|  0.0|INFORM|Testing for the existence of table 'internal.permit_tasks'...
2020-04-02 01:56:14|   3.2|  0.0|INFORM|Truncating existing table 'internal.permit_tasks'...
2020-04-02 01:56:14|   3.2|  0.0|INFORM|Using existing table 'internal.permit_tasks'
2020-04-02 01:56:15|   3.2|  0.0|INFORM|POSTGRES Writer: Creating 'streaming Bulk Copy' feature type processor for feature type 'internal.permit_tasks'
2020-04-02 01:56:15|   3.7|  0.5|INFORM|Committed transaction at feature '1000'
2020-04-02 01:56:16|   4.1|  0.5|INFORM|Committed transaction at feature '2000'
2020-04-02 01:56:16|   4.3|  0.2|INFORM|Reading source feature # 2500
2020-04-02 01:56:17|   4.6|  0.3|INFORM|Committed transaction at feature '3000'
2020-04-02 01:56:18|   5.1|  0.5|INFORM|Committed transaction at feature '4000'
2020-04-02 01:56:18|   5.5|  0.5|INFORM|Reading source feature # 5000
2020-04-02 01:56:18|   5.5|  0.0|INFORM|Committed transaction at feature '5000'
2020-04-02 01:56:19|   6.0|  0.5|INFORM|Committed transaction at feature '6000'
2020-04-02 01:56:19|   6.5|  0.5|INFORM|Committed transaction at feature '7000'
2020-04-02 01:56:19|   6.7|  0.2|INFORM|Reading source feature # 7500
2020-04-02 01:56:20|   6.9|  0.2|INFORM|Committed transaction at feature '8000'
2020-04-02 01:56:20|   7.4|  0.5|INFORM|Committed transaction at feature '9000'
2020-04-02 01:56:21|   7.9|  0.5|INFORM|Reading source feature # 10000
2020-04-02 01:56:21|   7.9|  0.0|INFORM|Committed transaction at feature '10000'
2020-04-02 01:56:21|   8.4|  0.5|INFORM|Committed transaction at feature '11000'
2020-04-02 01:56:22|   8.8|  0.5|INFORM|Committed transaction at feature '12000'
2020-04-02 01:56:23|   9.0|  0.2|INFORM|Reading source feature # 12500
2020-04-02 01:56:23|   9.3|  0.2|INFORM|Committed transaction at feature '13000'
2020-04-02 01:56:23|   9.7|  0.5|INFORM|Committed transaction at feature '14000'
2020-04-02 01:56:24|  10.2|  0.5|INFORM|Reading source feature # 15000
2020-04-02 01:56:24|  10.2|  0.0|INFORM|Committed transaction at feature '15000'
2020-04-02 01:56:24|  10.7|  0.5|INFORM|Committed transaction at feature '16000'
2020-04-02 01:56:25|  11.2|  0.5|INFORM|Committed transaction at feature '17000'
2020-04-02 01:56:25|  11.4|  0.2|INFORM|Reading source feature # 17500
2020-04-02 01:56:25|  11.6|  0.2|INFORM|Committed transaction at feature '18000'
2020-04-02 01:56:26|  12.1|  0.5|INFORM|Committed transaction at feature '19000'
2020-04-02 01:56:26|  12.6|  0.5|INFORM|Reading source feature # 20000
2020-04-02 01:56:27|  12.6|  0.0|INFORM|Committed transaction at feature '20000'
2020-04-02 01:56:27|  13.0|  0.5|INFORM|Committed transaction at feature '21000'
2020-04-02 01:56:28|  13.5|  0.5|INFORM|Committed transaction at feature '22000'
2020-04-02 01:56:28|  13.8|  0.3|INFORM|Reading source feature # 22500
2020-04-02 01:56:28|  14.0|  0.3|INFORM|Committed transaction at feature '23000'
2020-04-02 01:56:29|  14.5|  0.5|INFORM|Committed transaction at feature '24000'
2020-04-02 01:56:29|  14.9|  0.5|INFORM|Reading source feature # 25000
2020-04-02 01:56:29|  14.9|  0.0|INFORM|Committed transaction at feature '25000'
2020-04-02 01:56:30|  15.4|  0.5|INFORM|Committed transaction at feature '26000'
2020-04-02 01:56:30|  15.9|  0.5|INFORM|Committed transaction at feature '27000'
2020-04-02 01:56:30|  16.1|  0.2|INFORM|Reading source feature # 27500
2020-04-02 01:56:31|  16.3|  0.2|INFORM|Committed transaction at feature '28000'
2020-04-02 01:56:31|  16.8|  0.5|INFORM|Committed transaction at feature '29000'
2020-04-02 01:56:32|  17.3|  0.5|INFORM|Reading source feature # 30000
2020-04-02 01:56:32|  17.3|  0.0|INFORM|Committed transaction at feature '30000'
2020-04-02 01:56:32|  17.8|  0.5|INFORM|Committed transaction at feature '31000'
2020-04-02 01:56:33|  18.2|  0.5|INFORM|Committed transaction at feature '32000'
2020-04-02 01:56:33|  18.5|  0.2|INFORM|Reading source feature # 32500
2020-04-02 01:56:33|  18.7|  0.2|INFORM|Committed transaction at feature '33000'
2020-04-02 01:56:34|  19.2|  0.5|INFORM|Committed transaction at feature '34000'
2020-04-02 01:56:34|  19.6|  0.5|INFORM|Reading source feature # 35000
2020-04-02 01:56:34|  19.6|  0.0|INFORM|Committed transaction at feature '35000'
2020-04-02 01:56:35|  20.1|  0.5|INFORM|Committed transaction at feature '36000'
2020-04-02 01:56:35|  20.6|  0.5|INFORM|Committed transaction at feature '37000'
2020-04-02 01:56:36|  20.8|  0.2|INFORM|Reading source feature # 37500
2020-04-02 01:56:36|  21.0|  0.2|INFORM|Committed transaction at feature '38000'
2020-04-02 01:56:37|  21.5|  0.5|INFORM|Committed transaction at feature '39000'
2020-04-02 01:56:37|  22.0|  0.5|INFORM|Reading source feature # 40000
2020-04-02 01:56:37|  22.0|  0.0|INFORM|Committed transaction at feature '40000'
2020-04-02 01:56:38|  22.5|  0.5|INFORM|Committed transaction at feature '41000'
2020-04-02 01:56:38|  22.9|  0.5|INFORM|Committed transaction at feature '42000'
2020-04-02 01:56:38|  23.2|  0.2|INFORM|Reading source feature # 42500
2020-04-02 01:56:39|  23.4|  0.2|INFORM|Committed transaction at feature '43000'
2020-04-02 01:56:39|  23.9|  0.5|INFORM|Committed transaction at feature '44000'
2020-04-02 01:56:40|  24.4|  0.5|INFORM|Reading source feature # 45000
2020-04-02 01:56:40|  24.4|  0.0|INFORM|Committed transaction at feature '45000'
2020-04-02 01:56:40|  24.9|  0.5|INFORM|Committed transaction at feature '46000'
2020-04-02 01:56:41|  25.3|  0.5|INFORM|Committed transaction at feature '47000'
2020-04-02 01:56:41|  25.6|  0.2|INFORM|Reading source feature # 47500
2020-04-02 01:56:41|  25.8|  0.2|INFORM|Committed transaction at feature '48000'
2020-04-02 01:56:42|  26.3|  0.5|INFORM|Committed transaction at feature '49000'
2020-04-02 01:56:42|  26.8|  0.5|INFORM|Reading source feature # 50000
2020-04-02 01:56:42|  26.8|  0.0|INFORM|Committed transaction at feature '50000'
2020-04-02 01:56:43|  27.2|  0.5|INFORM|Committed transaction at feature '51000'
2020-04-02 01:56:43|  27.7|  0.5|INFORM|Committed transaction at feature '52000'
2020-04-02 01:56:44|  27.9|  0.2|INFORM|Reading source feature # 52500
2020-04-02 01:56:44|  28.2|  0.2|INFORM|Committed transaction at feature '53000'
2020-04-02 01:56:44|  28.6|  0.5|INFORM|Committed transaction at feature '54000'
2020-04-02 01:56:45|  29.1|  0.5|INFORM|Reading source feature # 55000
2020-04-02 01:56:45|  29.1|  0.0|INFORM|Committed transaction at feature '55000'
2020-04-02 01:56:46|  29.6|  0.5|INFORM|Committed transaction at feature '56000'
2020-04-02 01:56:46|  30.0|  0.5|INFORM|Committed transaction at feature '57000'
2020-04-02 01:56:46|  30.3|  0.2|INFORM|Reading source feature # 57500
2020-04-02 01:56:47|  30.5|  0.2|INFORM|Committed transaction at feature '58000'
2020-04-02 01:56:47|  31.0|  0.5|INFORM|Committed transaction at feature '59000'
2020-04-02 01:56:48|  31.5|  0.5|INFORM|Reading source feature # 60000
2020-04-02 01:56:48|  31.5|  0.0|INFORM|Committed transaction at feature '60000'
2020-04-02 01:56:48|  32.1|  0.5|INFORM|Committed transaction at feature '61000'
2020-04-02 01:56:49|  32.5|  0.5|INFORM|Committed transaction at feature '62000'
2020-04-02 01:56:49|  32.8|  0.3|INFORM|Reading source feature # 62500
2020-04-02 01:56:49|  33.0|  0.2|INFORM|Committed transaction at feature '63000'
2020-04-02 01:56:50|  33.5|  0.5|INFORM|Committed transaction at feature '64000'
2020-04-02 01:56:50|  34.0|  0.5|INFORM|Reading source feature # 65000
2020-04-02 01:56:50|  34.0|  0.0|INFORM|Committed transaction at feature '65000'
2020-04-02 01:56:51|  34.4|  0.5|INFORM|Committed transaction at feature '66000'
2020-04-02 01:56:52|  34.9|  0.5|INFORM|Committed transaction at feature '67000'
2020-04-02 01:56:52|  35.1|  0.2|INFORM|Reading source feature # 67500
2020-04-02 01:56:52|  35.3|  0.2|INFORM|Committed transaction at feature '68000'
2020-04-02 01:56:53|  35.8|  0.5|INFORM|Committed transaction at feature '69000'
2020-04-02 01:56:53|  36.3|  0.5|INFORM|Reading source feature # 70000
2020-04-02 01:56:53|  36.3|  0.0|INFORM|Committed transaction at feature '70000'
2020-04-02 01:56:54|  36.7|  0.5|INFORM|Committed transaction at feature '71000'
2020-04-02 01:56:54|  37.2|  0.5|INFORM|Committed transaction at feature '72000'
2020-04-02 01:56:54|  37.4|  0.2|INFORM|Reading source feature # 72500
2020-04-02 01:56:55|  37.7|  0.3|INFORM|Committed transaction at feature '73000'
2020-04-02 01:56:55|  38.1|  0.5|INFORM|Committed transaction at feature '74000'
2020-04-02 01:56:56|  38.6|  0.5|INFORM|Reading source feature # 75000
2020-04-02 01:56:56|  38.6|  0.0|INFORM|Committed transaction at feature '75000'
2020-04-02 01:56:56|  39.1|  0.5|INFORM|Committed transaction at feature '76000'
2020-04-02 01:56:57|  39.6|  0.5|INFORM|Committed transaction at feature '77000'
2020-04-02 01:56:57|  39.8|  0.2|INFORM|Reading source feature # 77500
2020-04-02 01:56:57|  40.0|  0.2|INFORM|Committed transaction at feature '78000'
2020-04-02 01:56:58|  40.5|  0.5|INFORM|Committed transaction at feature '79000'
2020-04-02 01:56:58|  41.0|  0.5|INFORM|Reading source feature # 80000
2020-04-02 01:56:58|  41.0|  0.0|INFORM|Committed transaction at feature '80000'
2020-04-02 01:56:59|  41.4|  0.5|INFORM|Committed transaction at feature '81000'
2020-04-02 01:56:59|  41.9|  0.5|INFORM|Committed transaction at feature '82000'
2020-04-02 01:57:00|  42.2|  0.3|INFORM|Reading source feature # 82500
2020-04-02 01:57:00|  42.4|  0.3|INFORM|Committed transaction at feature '83000'
2020-04-02 01:57:01|  42.9|  0.5|INFORM|Committed transaction at feature '84000'
2020-04-02 01:57:01|  43.5|  0.5|INFORM|Reading source feature # 85000
2020-04-02 01:57:01|  43.5|  0.0|INFORM|Committed transaction at feature '85000'
2020-04-02 01:57:02|  44.0|  0.5|INFORM|Committed transaction at feature '86000'
2020-04-02 01:57:02|  44.5|  0.5|INFORM|Committed transaction at feature '87000'
2020-04-02 01:57:03|  44.7|  0.2|INFORM|Reading source feature # 87500
2020-04-02 01:57:03|  45.0|  0.2|INFORM|Committed transaction at feature '88000'
2020-04-02 01:57:03|  45.4|  0.5|INFORM|Committed transaction at feature '89000'
2020-04-02 01:57:04|  45.9|  0.5|INFORM|Reading source feature # 90000
2020-04-02 01:57:04|  45.9|  0.0|INFORM|Committed transaction at feature '90000'
2020-04-02 01:57:04|  46.4|  0.5|INFORM|Committed transaction at feature '91000'
2020-04-02 01:57:05|  46.8|  0.5|INFORM|Committed transaction at feature '92000'
2020-04-02 01:57:05|  47.0|  0.2|INFORM|Reading source feature # 92500
2020-04-02 01:57:05|  47.3|  0.2|INFORM|Committed transaction at feature '93000'
2020-04-02 01:57:06|  47.7|  0.5|INFORM|Committed transaction at feature '94000'
2020-04-02 01:57:06|  48.2|  0.5|INFORM|Reading source feature # 95000
2020-04-02 01:57:06|  48.2|  0.0|INFORM|Committed transaction at feature '95000'
2020-04-02 01:57:07|  48.7|  0.5|INFORM|Committed transaction at feature '96000'
2020-04-02 01:57:08|  49.2|  0.5|INFORM|Committed transaction at feature '97000'
2020-04-02 01:57:08|  49.4|  0.2|INFORM|Reading source feature # 97500
2020-04-02 01:57:08|  49.6|  0.2|INFORM|Committed transaction at feature '98000'
2020-04-02 01:57:09|  50.1|  0.5|INFORM|Committed transaction at feature '99000'
2020-04-02 01:57:09|  50.5|  0.5|INFORM|Reading source feature # 100000
2020-04-02 01:57:09|  50.5|  0.0|INFORM|Committed transaction at feature '100000'
2020-04-02 01:57:10|  51.0|  0.5|INFORM|Committed transaction at feature '101000'
2020-04-02 01:57:10|  51.5|  0.5|INFORM|Committed transaction at feature '102000'
2020-04-02 01:57:10|  51.7|  0.2|INFORM|Reading source feature # 102500
2020-04-02 01:57:11|  52.0|  0.2|INFORM|Committed transaction at feature '103000'
2020-04-02 01:57:11|  52.4|  0.5|INFORM|Committed transaction at feature '104000'
2020-04-02 01:57:12|  52.9|  0.5|INFORM|Reading source feature # 105000
2020-04-02 01:57:12|  52.9|  0.0|INFORM|Committed transaction at feature '105000'
2020-04-02 01:57:12|  53.4|  0.5|INFORM|Committed transaction at feature '106000'
2020-04-02 01:57:13|  53.8|  0.5|INFORM|Committed transaction at feature '107000'
2020-04-02 01:57:13|  54.1|  0.2|INFORM|Reading source feature # 107500
2020-04-02 01:57:13|  54.3|  0.2|INFORM|Committed transaction at feature '108000'
2020-04-02 01:57:14|  54.8|  0.5|INFORM|Committed transaction at feature '109000'
2020-04-02 01:57:14|  55.3|  0.5|INFORM|Reading source feature # 110000
2020-04-02 01:57:14|  55.3|  0.0|INFORM|Committed transaction at feature '110000'
2020-04-02 01:57:15|  55.7|  0.5|INFORM|Committed transaction at feature '111000'
2020-04-02 01:57:15|  56.2|  0.5|INFORM|Committed transaction at feature '112000'
2020-04-02 01:57:16|  56.4|  0.2|INFORM|Reading source feature # 112500
2020-04-02 01:57:16|  56.7|  0.3|INFORM|Committed transaction at feature '113000'
2020-04-02 01:57:17|  57.1|  0.5|INFORM|Committed transaction at feature '114000'
2020-04-02 01:57:17|  57.6|  0.5|INFORM|Reading source feature # 115000
2020-04-02 01:57:17|  57.6|  0.0|INFORM|Committed transaction at feature '115000'
2020-04-02 01:57:18|  58.1|  0.5|INFORM|Committed transaction at feature '116000'
2020-04-02 01:57:18|  58.5|  0.5|INFORM|Committed transaction at feature '117000'
2020-04-02 01:57:18|  58.8|  0.2|INFORM|Reading source feature # 117500
2020-04-02 01:57:19|  59.0|  0.2|INFORM|Committed transaction at feature '118000'
2020-04-02 01:57:19|  59.5|  0.5|INFORM|Committed transaction at feature '119000'
2020-04-02 01:57:20|  60.0|  0.5|INFORM|Reading source feature # 120000
2020-04-02 01:57:20|  60.0|  0.0|INFORM|Committed transaction at feature '120000'
2020-04-02 01:57:20|  60.5|  0.5|INFORM|Committed transaction at feature '121000'
2020-04-02 01:57:21|  60.9|  0.5|INFORM|Committed transaction at feature '122000'
2020-04-02 01:57:21|  61.2|  0.2|INFORM|Reading source feature # 122500
2020-04-02 01:57:21|  61.4|  0.2|INFORM|Committed transaction at feature '123000'
2020-04-02 01:57:22|  61.8|  0.5|INFORM|Committed transaction at feature '124000'
2020-04-02 01:57:22|  62.3|  0.5|INFORM|Reading source feature # 125000
2020-04-02 01:57:22|  62.3|  0.0|INFORM|Committed transaction at feature '125000'
2020-04-02 01:57:23|  62.8|  0.5|INFORM|Committed transaction at feature '126000'
2020-04-02 01:57:23|  63.3|  0.5|INFORM|Committed transaction at feature '127000'
2020-04-02 01:57:24|  63.5|  0.2|INFORM|Reading source feature # 127500
2020-04-02 01:57:24|  63.7|  0.2|INFORM|Committed transaction at feature '128000'
2020-04-02 01:57:24|  64.2|  0.5|INFORM|Committed transaction at feature '129000'
2020-04-02 01:57:25|  64.7|  0.5|INFORM|Reading source feature # 130000
2020-04-02 01:57:25|  64.7|  0.0|INFORM|Committed transaction at feature '130000'
2020-04-02 01:57:26|  65.2|  0.5|INFORM|Committed transaction at feature '131000'
2020-04-02 01:57:26|  65.7|  0.5|INFORM|Committed transaction at feature '132000'
2020-04-02 01:57:26|  65.9|  0.2|INFORM|Reading source feature # 132500
2020-04-02 01:57:27|  66.1|  0.2|INFORM|Committed transaction at feature '133000'
2020-04-02 01:57:27|  66.6|  0.5|INFORM|Committed transaction at feature '134000'
2020-04-02 01:57:28|  67.1|  0.5|INFORM|Reading source feature # 135000
2020-04-02 01:57:28|  67.1|  0.0|INFORM|Committed transaction at feature '135000'
2020-04-02 01:57:28|  67.5|  0.5|INFORM|Committed transaction at feature '136000'
2020-04-02 01:57:29|  68.0|  0.5|INFORM|Committed transaction at feature '137000'
2020-04-02 01:57:29|  68.3|  0.2|INFORM|Reading source feature # 137500
2020-04-02 01:57:29|  68.5|  0.2|INFORM|Committed transaction at feature '138000'
2020-04-02 01:57:30|  69.0|  0.5|INFORM|Committed transaction at feature '139000'
2020-04-02 01:57:30|  69.4|  0.5|INFORM|Reading source feature # 140000
2020-04-02 01:57:30|  69.4|  0.0|INFORM|Committed transaction at feature '140000'
2020-04-02 01:57:31|  69.9|  0.5|INFORM|Committed transaction at feature '141000'
2020-04-02 01:57:31|  70.3|  0.5|INFORM|Committed transaction at feature '142000'
2020-04-02 01:57:32|  70.6|  0.2|INFORM|Reading source feature # 142500
2020-04-02 01:57:32|  70.8|  0.2|INFORM|Committed transaction at feature '143000'
2020-04-02 01:57:32|  71.3|  0.5|INFORM|Committed transaction at feature '144000'
2020-04-02 01:57:33|  71.7|  0.5|INFORM|Reading source feature # 145000
2020-04-02 01:57:33|  71.8|  0.0|INFORM|Committed transaction at feature '145000'
2020-04-02 01:57:33|  72.2|  0.5|INFORM|Committed transaction at feature '146000'
2020-04-02 01:57:34|  72.7|  0.5|INFORM|Committed transaction at feature '147000'
2020-04-02 01:57:34|  72.9|  0.2|INFORM|Reading source feature # 147500
2020-04-02 01:57:35|  73.2|  0.3|INFORM|Committed transaction at feature '148000'
2020-04-02 01:57:35|  73.6|  0.5|INFORM|Committed transaction at feature '149000'
2020-04-02 01:57:36|  74.1|  0.5|INFORM|Reading source feature # 150000
2020-04-02 01:57:36|  74.1|  0.0|INFORM|Committed transaction at feature '150000'
2020-04-02 01:57:36|  74.6|  0.5|INFORM|Committed transaction at feature '151000'
2020-04-02 01:57:37|  75.1|  0.5|INFORM|Committed transaction at feature '152000'
2020-04-02 01:57:37|  75.4|  0.3|INFORM|Reading source feature # 152500
2020-04-02 01:57:37|  75.6|  0.2|INFORM|Committed transaction at feature '153000'
2020-04-02 01:57:38|  76.1|  0.5|INFORM|Committed transaction at feature '154000'
2020-04-02 01:57:38|  76.5|  0.5|INFORM|Reading source feature # 155000
2020-04-02 01:57:38|  76.5|  0.0|INFORM|Committed transaction at feature '155000'
2020-04-02 01:57:39|  77.0|  0.5|INFORM|Committed transaction at feature '156000'
2020-04-02 01:57:39|  77.5|  0.5|INFORM|Committed transaction at feature '157000'
2020-04-02 01:57:40|  77.7|  0.2|INFORM|Reading source feature # 157500
2020-04-02 01:57:40|  78.0|  0.2|INFORM|Committed transaction at feature '158000'
2020-04-02 01:57:40|  78.4|  0.5|INFORM|Committed transaction at feature '159000'
2020-04-02 01:57:41|  78.9|  0.5|INFORM|Reading source feature # 160000
2020-04-02 01:57:41|  78.9|  0.0|INFORM|Committed transaction at feature '160000'
2020-04-02 01:57:41|  79.4|  0.5|INFORM|Committed transaction at feature '161000'
2020-04-02 01:57:42|  79.8|  0.5|INFORM|Committed transaction at feature '162000'
2020-04-02 01:57:42|  80.1|  0.2|INFORM|Reading source feature # 162500
2020-04-02 01:57:43|  80.3|  0.2|INFORM|Committed transaction at feature '163000'
2020-04-02 01:57:43|  80.8|  0.5|INFORM|Committed transaction at feature '164000'
2020-04-02 01:57:44|  81.3|  0.5|INFORM|Reading source feature # 165000
2020-04-02 01:57:44|  81.3|  0.0|INFORM|Committed transaction at feature '165000'
2020-04-02 01:57:44|  81.7|  0.5|INFORM|Committed transaction at feature '166000'
2020-04-02 01:57:45|  82.2|  0.5|INFORM|Committed transaction at feature '167000'
2020-04-02 01:57:45|  82.4|  0.2|INFORM|Reading source feature # 167500
2020-04-02 01:57:45|  82.6|  0.2|INFORM|Committed transaction at feature '168000'
2020-04-02 01:57:46|  83.1|  0.5|INFORM|Committed transaction at feature '169000'
2020-04-02 01:57:46|  83.5|  0.5|INFORM|Reading source feature # 170000
2020-04-02 01:57:46|  83.5|  0.0|INFORM|Committed transaction at feature '170000'
2020-04-02 01:57:47|  84.0|  0.5|INFORM|Committed transaction at feature '171000'
2020-04-02 01:57:47|  84.5|  0.5|INFORM|Committed transaction at feature '172000'
2020-04-02 01:57:48|  84.7|  0.2|INFORM|Reading source feature # 172500
2020-04-02 01:57:48|  85.0|  0.3|INFORM|Committed transaction at feature '173000'
2020-04-02 01:57:48|  85.4|  0.5|INFORM|Committed transaction at feature '174000'
2020-04-02 01:57:49|  85.9|  0.5|INFORM|Reading source feature # 175000
2020-04-02 01:57:49|  85.9|  0.0|INFORM|Committed transaction at feature '175000'
2020-04-02 01:57:49|  86.4|  0.5|INFORM|Committed transaction at feature '176000'
2020-04-02 01:57:50|  86.9|  0.5|INFORM|Committed transaction at feature '177000'
2020-04-02 01:57:50|  87.1|  0.2|INFORM|Reading source feature # 177500
2020-04-02 01:57:50|  87.3|  0.2|INFORM|Committed transaction at feature '178000'
2020-04-02 01:57:51|  87.8|  0.5|INFORM|Committed transaction at feature '179000'
2020-04-02 01:57:51|  88.3|  0.5|INFORM|Reading source feature # 180000
2020-04-02 01:57:52|  88.3|  0.0|INFORM|Committed transaction at feature '180000'
2020-04-02 01:57:52|  88.7|  0.5|INFORM|Committed transaction at feature '181000'
2020-04-02 01:57:53|  89.2|  0.5|INFORM|Committed transaction at feature '182000'
2020-04-02 01:57:53|  89.5|  0.2|INFORM|Reading source feature # 182500
2020-04-02 01:57:53|  89.7|  0.2|INFORM|Committed transaction at feature '183000'
2020-04-02 01:57:54|  90.2|  0.5|INFORM|Committed transaction at feature '184000'
2020-04-02 01:57:54|  90.6|  0.5|INFORM|Reading source feature # 185000
2020-04-02 01:57:54|  90.6|  0.0|INFORM|Committed transaction at feature '185000'
2020-04-02 01:57:55|  91.1|  0.5|INFORM|Committed transaction at feature '186000'
2020-04-02 01:57:55|  91.5|  0.5|INFORM|Committed transaction at feature '187000'
2020-04-02 01:57:55|  91.8|  0.2|INFORM|Reading source feature # 187500
2020-04-02 01:57:56|  92.0|  0.2|INFORM|Committed transaction at feature '188000'
2020-04-02 01:57:56|  92.5|  0.5|INFORM|Committed transaction at feature '189000'
2020-04-02 01:57:57|  92.9|  0.5|INFORM|Reading source feature # 190000
2020-04-02 01:57:57|  92.9|  0.0|INFORM|Committed transaction at feature '190000'
2020-04-02 01:57:57|  93.4|  0.5|INFORM|Committed transaction at feature '191000'
2020-04-02 01:57:58|  94.0|  0.6|INFORM|Committed transaction at feature '192000'
2020-04-02 01:57:58|  94.3|  0.3|INFORM|Reading source feature # 192500
2020-04-02 01:57:59|  94.5|  0.3|INFORM|Committed transaction at feature '193000'
2020-04-02 01:57:59|  95.0|  0.5|INFORM|Committed transaction at feature '194000'
2020-04-02 01:58:00|  95.5|  0.5|INFORM|Reading source feature # 195000
2020-04-02 01:58:00|  95.5|  0.0|INFORM|Committed transaction at feature '195000'
2020-04-02 01:58:00|  96.0|  0.5|INFORM|Committed transaction at feature '196000'
2020-04-02 01:58:01|  96.5|  0.5|INFORM|Committed transaction at feature '197000'
2020-04-02 01:58:01|  96.8|  0.3|INFORM|Reading source feature # 197500
2020-04-02 01:58:01|  97.0|  0.3|INFORM|Committed transaction at feature '198000'
2020-04-02 01:58:02|  97.6|  0.5|INFORM|Committed transaction at feature '199000'
2020-04-02 01:58:02|  98.0|  0.5|INFORM|Reading source feature # 200000
2020-04-02 01:58:02|  98.0|  0.0|INFORM|Committed transaction at feature '200000'
2020-04-02 01:58:03|  98.5|  0.5|INFORM|Committed transaction at feature '201000'
2020-04-02 01:58:04|  99.0|  0.5|INFORM|Committed transaction at feature '202000'
2020-04-02 01:58:04|  99.2|  0.2|INFORM|Reading source feature # 202500
2020-04-02 01:58:04|  99.5|  0.2|INFORM|Committed transaction at feature '203000'
2020-04-02 01:58:05|  99.9|  0.5|INFORM|Committed transaction at feature '204000'
2020-04-02 01:58:05| 100.4|  0.5|INFORM|Reading source feature # 205000
2020-04-02 01:58:05| 100.4|  0.0|INFORM|Committed transaction at feature '205000'
2020-04-02 01:58:06| 100.9|  0.5|INFORM|Committed transaction at feature '206000'
2020-04-02 01:58:06| 101.3|  0.5|INFORM|Committed transaction at feature '207000'
2020-04-02 01:58:06| 101.6|  0.2|INFORM|Reading source feature # 207500
2020-04-02 01:58:07| 101.8|  0.2|INFORM|Committed transaction at feature '208000'
2020-04-02 01:58:07| 102.3|  0.5|INFORM|Committed transaction at feature '209000'
2020-04-02 01:58:08| 102.7|  0.5|INFORM|Reading source feature # 210000
2020-04-02 01:58:08| 102.7|  0.0|INFORM|Committed transaction at feature '210000'
2020-04-02 01:58:08| 103.2|  0.5|INFORM|Committed transaction at feature '211000'
2020-04-02 01:58:09| 103.7|  0.5|INFORM|Committed transaction at feature '212000'
2020-04-02 01:58:09| 103.9|  0.2|INFORM|Reading source feature # 212500
2020-04-02 01:58:09| 104.2|  0.2|INFORM|Committed transaction at feature '213000'
2020-04-02 01:58:10| 104.6|  0.5|INFORM|Committed transaction at feature '214000'
2020-04-02 01:58:10| 105.1|  0.5|INFORM|Reading source feature # 215000
2020-04-02 01:58:10| 105.1|  0.0|INFORM|Committed transaction at feature '215000'
2020-04-02 01:58:11| 105.6|  0.5|INFORM|Committed transaction at feature '216000'
2020-04-02 01:58:11| 106.0|  0.5|INFORM|Committed transaction at feature '217000'
2020-04-02 01:58:12| 106.3|  0.2|INFORM|Reading source feature # 217500
2020-04-02 01:58:12| 106.5|  0.2|INFORM|Committed transaction at feature '218000'
2020-04-02 01:58:13| 107.0|  0.5|INFORM|Committed transaction at feature '219000'
2020-04-02 01:58:13| 107.5|  0.5|INFORM|Reading source feature # 220000
2020-04-02 01:58:13| 107.5|  0.0|INFORM|Committed transaction at feature '220000'
2020-04-02 01:58:14| 108.0|  0.5|INFORM|Committed transaction at feature '221000'
2020-04-02 01:58:14| 108.4|  0.5|INFORM|Committed transaction at feature '222000'
2020-04-02 01:58:14| 108.7|  0.2|INFORM|Reading source feature # 222500
2020-04-02 01:58:15| 108.9|  0.2|INFORM|Committed transaction at feature '223000'
2020-04-02 01:58:15| 109.4|  0.5|INFORM|Committed transaction at feature '224000'
2020-04-02 01:58:16| 109.8|  0.5|INFORM|Reading source feature # 225000
2020-04-02 01:58:16| 109.8|  0.0|INFORM|Committed transaction at feature '225000'
2020-04-02 01:58:16| 110.3|  0.5|INFORM|Committed transaction at feature '226000'
2020-04-02 01:58:17| 110.8|  0.5|INFORM|Committed transaction at feature '227000'
2020-04-02 01:58:17| 111.0|  0.2|INFORM|Reading source feature # 227500
2020-04-02 01:58:17| 111.2|  0.2|INFORM|Committed transaction at feature '228000'
2020-04-02 01:58:18| 111.7|  0.5|INFORM|Committed transaction at feature '229000'
2020-04-02 01:58:18| 112.2|  0.5|INFORM|Reading source feature # 230000
2020-04-02 01:58:18| 112.2|  0.0|INFORM|Committed transaction at feature '230000'
2020-04-02 01:58:19| 112.7|  0.5|INFORM|Committed transaction at feature '231000'
2020-04-02 01:58:19| 113.1|  0.5|INFORM|Committed transaction at feature '232000'
2020-04-02 01:58:20| 113.4|  0.2|INFORM|Reading source feature # 232500
2020-04-02 01:58:20| 113.6|  0.2|INFORM|Committed transaction at feature '233000'
2020-04-02 01:58:20| 114.1|  0.5|INFORM|Committed transaction at feature '234000'
2020-04-02 01:58:21| 114.5|  0.5|INFORM|Reading source feature # 235000
2020-04-02 01:58:21| 114.5|  0.0|INFORM|Committed transaction at feature '235000'
2020-04-02 01:58:22| 115.0|  0.5|INFORM|Committed transaction at feature '236000'
2020-04-02 01:58:22| 115.5|  0.5|INFORM|Committed transaction at feature '237000'
2020-04-02 01:58:22| 115.7|  0.2|INFORM|Reading source feature # 237500
2020-04-02 01:58:23| 115.9|  0.2|INFORM|Committed transaction at feature '238000'
2020-04-02 01:58:23| 116.4|  0.5|INFORM|Committed transaction at feature '239000'
2020-04-02 01:58:24| 116.9|  0.5|INFORM|Reading source feature # 240000
2020-04-02 01:58:24| 116.9|  0.0|INFORM|Committed transaction at feature '240000'
2020-04-02 01:58:24| 117.4|  0.5|INFORM|Committed transaction at feature '241000'
2020-04-02 01:58:25| 117.8|  0.5|INFORM|Committed transaction at feature '242000'
2020-04-02 01:58:25| 118.1|  0.2|INFORM|Reading source feature # 242500
2020-04-02 01:58:25| 118.3|  0.2|INFORM|Committed transaction at feature '243000'
2020-04-02 01:58:26| 118.8|  0.5|INFORM|Committed transaction at feature '244000'
2020-04-02 01:58:26| 119.3|  0.5|INFORM|Reading source feature # 245000
2020-04-02 01:58:26| 119.3|  0.0|INFORM|Committed transaction at feature '245000'
2020-04-02 01:58:27| 119.7|  0.5|INFORM|Committed transaction at feature '246000'
2020-04-02 01:58:27| 120.2|  0.5|INFORM|Committed transaction at feature '247000'
2020-04-02 01:58:28| 120.4|  0.2|INFORM|Reading source feature # 247500
2020-04-02 01:58:28| 120.6|  0.2|INFORM|Committed transaction at feature '248000'
2020-04-02 01:58:28| 121.1|  0.5|INFORM|Committed transaction at feature '249000'
2020-04-02 01:58:29| 121.6|  0.5|INFORM|Reading source feature # 250000
2020-04-02 01:58:29| 121.6|  0.0|INFORM|Committed transaction at feature '250000'
2020-04-02 01:58:30| 122.1|  0.5|INFORM|Committed transaction at feature '251000'
2020-04-02 01:58:30| 122.6|  0.5|INFORM|Committed transaction at feature '252000'
2020-04-02 01:58:30| 122.8|  0.2|INFORM|Reading source feature # 252500
2020-04-02 01:58:31| 123.0|  0.2|INFORM|Committed transaction at feature '253000'
2020-04-02 01:58:31| 123.5|  0.5|INFORM|Committed transaction at feature '254000'
2020-04-02 01:58:32| 124.0|  0.5|INFORM|Reading source feature # 255000
2020-04-02 01:58:32| 124.0|  0.0|INFORM|Committed transaction at feature '255000'
2020-04-02 01:58:32| 124.5|  0.5|INFORM|Committed transaction at feature '256000'
2020-04-02 01:58:33| 125.0|  0.5|INFORM|Committed transaction at feature '257000'
2020-04-02 01:58:33| 125.2|  0.2|INFORM|Reading source feature # 257500
2020-04-02 01:58:33| 125.4|  0.2|INFORM|Committed transaction at feature '258000'
2020-04-02 01:58:34| 125.9|  0.5|INFORM|Committed transaction at feature '259000'
2020-04-02 01:58:34| 126.4|  0.5|INFORM|Reading source feature # 260000
2020-04-02 01:58:34| 126.4|  0.0|INFORM|Committed transaction at feature '260000'
2020-04-02 01:58:35| 126.8|  0.5|INFORM|Committed transaction at feature '261000'
2020-04-02 01:58:35| 127.3|  0.5|INFORM|Committed transaction at feature '262000'
2020-04-02 01:58:36| 127.5|  0.2|INFORM|Reading source feature # 262500
2020-04-02 01:58:36| 127.8|  0.2|INFORM|Committed transaction at feature '263000'
2020-04-02 01:58:36| 128.2|  0.5|INFORM|Committed transaction at feature '264000'
2020-04-02 01:58:37| 128.7|  0.5|INFORM|Reading source feature # 265000
2020-04-02 01:58:37| 128.7|  0.0|INFORM|Committed transaction at feature '265000'
2020-04-02 01:58:37| 129.2|  0.5|INFORM|Committed transaction at feature '266000'
2020-04-02 01:58:38| 129.6|  0.5|INFORM|Committed transaction at feature '267000'
2020-04-02 01:58:38| 129.9|  0.3|INFORM|Reading source feature # 267500
2020-04-02 01:58:39| 130.1|  0.3|INFORM|Committed transaction at feature '268000'
2020-04-02 01:58:39| 130.6|  0.5|INFORM|Committed transaction at feature '269000'
2020-04-02 01:58:40| 131.1|  0.5|INFORM|Reading source feature # 270000
2020-04-02 01:58:40| 131.1|  0.0|INFORM|Committed transaction at feature '270000'
2020-04-02 01:58:40| 131.5|  0.5|INFORM|Committed transaction at feature '271000'
2020-04-02 01:58:41| 132.0|  0.5|INFORM|Committed transaction at feature '272000'
2020-04-02 01:58:41| 132.3|  0.2|INFORM|Reading source feature # 272500
2020-04-02 01:58:41| 132.5|  0.2|INFORM|Committed transaction at feature '273000'
2020-04-02 01:58:42| 133.0|  0.5|INFORM|Committed transaction at feature '274000'
2020-04-02 01:58:42| 133.4|  0.5|INFORM|Reading source feature # 275000
2020-04-02 01:58:42| 133.4|  0.0|INFORM|Committed transaction at feature '275000'
2020-04-02 01:58:43| 133.9|  0.5|INFORM|Committed transaction at feature '276000'
2020-04-02 01:58:43| 134.4|  0.5|INFORM|Committed transaction at feature '277000'
2020-04-02 01:58:44| 134.6|  0.2|INFORM|Reading source feature # 277500
2020-04-02 01:58:44| 134.9|  0.2|INFORM|Committed transaction at feature '278000'
2020-04-02 01:58:44| 135.3|  0.5|INFORM|Committed transaction at feature '279000'
2020-04-02 01:58:45| 135.8|  0.5|INFORM|Reading source feature # 280000
2020-04-02 01:58:45| 135.8|  0.0|INFORM|Committed transaction at feature '280000'
2020-04-02 01:58:45| 136.3|  0.5|INFORM|Committed transaction at feature '281000'
2020-04-02 01:58:46| 136.8|  0.5|INFORM|Committed transaction at feature '282000'
2020-04-02 01:58:46| 137.0|  0.2|INFORM|Reading source feature # 282500
2020-04-02 01:58:47| 137.3|  0.3|INFORM|Committed transaction at feature '283000'
2020-04-02 01:58:47| 137.7|  0.5|INFORM|Committed transaction at feature '284000'
2020-04-02 01:58:48| 138.2|  0.5|INFORM|Reading source feature # 285000
2020-04-02 01:58:48| 138.2|  0.0|INFORM|Committed transaction at feature '285000'
2020-04-02 01:58:48| 138.7|  0.5|INFORM|Committed transaction at feature '286000'
2020-04-02 01:58:49| 139.2|  0.5|INFORM|Committed transaction at feature '287000'
2020-04-02 01:58:49| 139.5|  0.3|INFORM|Reading source feature # 287500
2020-04-02 01:58:49| 139.7|  0.2|INFORM|Committed transaction at feature '288000'
2020-04-02 01:58:50| 140.2|  0.5|INFORM|Committed transaction at feature '289000'
2020-04-02 01:58:50| 140.6|  0.5|INFORM|Reading source feature # 290000
2020-04-02 01:58:50| 140.6|  0.0|INFORM|Committed transaction at feature '290000'
2020-04-02 01:58:51| 141.1|  0.5|INFORM|Committed transaction at feature '291000'
2020-04-02 01:58:51| 141.6|  0.5|INFORM|Committed transaction at feature '292000'
2020-04-02 01:58:52| 141.9|  0.3|INFORM|Reading source feature # 292500
2020-04-02 01:58:52| 142.1|  0.2|INFORM|Committed transaction at feature '293000'
2020-04-02 01:58:52| 142.6|  0.5|INFORM|Committed transaction at feature '294000'
2020-04-02 01:58:53| 143.0|  0.5|INFORM|Reading source feature # 295000
2020-04-02 01:58:53| 143.0|  0.0|INFORM|Committed transaction at feature '295000'
2020-04-02 01:58:53| 143.5|  0.5|INFORM|Committed transaction at feature '296000'
2020-04-02 01:58:54| 144.0|  0.5|INFORM|Committed transaction at feature '297000'
2020-04-02 01:58:54| 144.2|  0.2|INFORM|Reading source feature # 297500
2020-04-02 01:58:55| 144.5|  0.3|INFORM|Committed transaction at feature '298000'
2020-04-02 01:58:55| 144.9|  0.5|INFORM|Committed transaction at feature '299000'
2020-04-02 01:58:56| 145.4|  0.5|INFORM|Reading source feature # 300000
2020-04-02 01:58:56| 145.4|  0.0|INFORM|Committed transaction at feature '300000'
2020-04-02 01:58:56| 145.9|  0.5|INFORM|Committed transaction at feature '301000'
2020-04-02 01:58:57| 146.4|  0.5|INFORM|Committed transaction at feature '302000'
2020-04-02 01:58:57| 146.6|  0.2|INFORM|Reading source feature # 302500
2020-04-02 01:58:57| 146.8|  0.3|INFORM|Committed transaction at feature '303000'
2020-04-02 01:58:58| 147.3|  0.5|INFORM|Committed transaction at feature '304000'
2020-04-02 01:58:58| 147.8|  0.5|INFORM|Reading source feature # 305000
2020-04-02 01:58:58| 147.8|  0.0|INFORM|Committed transaction at feature '305000'
2020-04-02 01:58:59| 148.3|  0.5|INFORM|Committed transaction at feature '306000'
2020-04-02 01:58:59| 148.8|  0.5|INFORM|Committed transaction at feature '307000'
2020-04-02 01:59:00| 149.0|  0.3|INFORM|Reading source feature # 307500
2020-04-02 01:59:00| 149.3|  0.3|INFORM|Committed transaction at feature '308000'
2020-04-02 01:59:00| 149.8|  0.5|INFORM|Committed transaction at feature '309000'
2020-04-02 01:59:01| 150.3|  0.5|INFORM|Reading source feature # 310000
2020-04-02 01:59:01| 150.3|  0.0|INFORM|Committed transaction at feature '310000'
2020-04-02 01:59:02| 150.8|  0.5|INFORM|Committed transaction at feature '311000'
2020-04-02 01:59:02| 151.3|  0.5|INFORM|Committed transaction at feature '312000'
2020-04-02 01:59:02| 151.5|  0.2|INFORM|Reading source feature # 312500
2020-04-02 01:59:03| 151.8|  0.3|INFORM|Committed transaction at feature '313000'
2020-04-02 01:59:03| 152.3|  0.5|INFORM|Committed transaction at feature '314000'
2020-04-02 01:59:04| 152.8|  0.5|INFORM|Reading source feature # 315000
2020-04-02 01:59:04| 152.8|  0.0|INFORM|Committed transaction at feature '315000'
2020-04-02 01:59:04| 153.2|  0.5|INFORM|Committed transaction at feature '316000'
2020-04-02 01:59:05| 153.7|  0.5|INFORM|Committed transaction at feature '317000'
2020-04-02 01:59:05| 154.0|  0.3|INFORM|Reading source feature # 317500
2020-04-02 01:59:05| 154.2|  0.2|INFORM|Committed transaction at feature '318000'
2020-04-02 01:59:06| 154.7|  0.5|INFORM|Committed transaction at feature '319000'
2020-04-02 01:59:06| 155.1|  0.5|INFORM|Reading source feature # 320000
2020-04-02 01:59:06| 155.1|  0.0|INFORM|Committed transaction at feature '320000'
2020-04-02 01:59:07| 155.6|  0.5|INFORM|Committed transaction at feature '321000'
2020-04-02 01:59:08| 156.1|  0.5|INFORM|Committed transaction at feature '322000'
2020-04-02 01:59:08| 156.4|  0.3|INFORM|Reading source feature # 322500
2020-04-02 01:59:08| 156.7|  0.3|INFORM|Committed transaction at feature '323000'
2020-04-02 01:59:09| 157.2|  0.5|INFORM|Committed transaction at feature '324000'
2020-04-02 01:59:09| 157.6|  0.5|INFORM|Reading source feature # 325000
2020-04-02 01:59:09| 157.6|  0.0|INFORM|Committed transaction at feature '325000'
2020-04-02 01:59:10| 158.1|  0.5|INFORM|Committed transaction at feature '326000'
2020-04-02 01:59:10| 158.6|  0.5|INFORM|Committed transaction at feature '327000'
2020-04-02 01:59:11| 158.9|  0.3|INFORM|Reading source feature # 327500
2020-04-02 01:59:11| 159.1|  0.2|INFORM|Committed transaction at feature '328000'
2020-04-02 01:59:11| 159.6|  0.5|INFORM|Committed transaction at feature '329000'
2020-04-02 01:59:12| 160.0|  0.5|INFORM|Reading source feature # 330000
2020-04-02 01:59:12| 160.0|  0.0|INFORM|Committed transaction at feature '330000'
2020-04-02 01:59:13| 160.5|  0.5|INFORM|Committed transaction at feature '331000'
2020-04-02 01:59:13| 161.0|  0.5|INFORM|Committed transaction at feature '332000'
2020-04-02 01:59:13| 161.2|  0.2|INFORM|Reading source feature # 332500
2020-04-02 01:59:14| 161.5|  0.2|INFORM|Committed transaction at feature '333000'
2020-04-02 01:59:14| 161.9|  0.5|INFORM|Committed transaction at feature '334000'
2020-04-02 01:59:15| 162.4|  0.5|INFORM|Reading source feature # 335000
2020-04-02 01:59:15| 162.4|  0.0|INFORM|Committed transaction at feature '335000'
2020-04-02 01:59:15| 162.9|  0.5|INFORM|Committed transaction at feature '336000'
2020-04-02 01:59:16| 163.4|  0.5|INFORM|Committed transaction at feature '337000'
2020-04-02 01:59:16| 163.7|  0.3|INFORM|Reading source feature # 337500
2020-04-02 01:59:16| 163.9|  0.2|INFORM|Committed transaction at feature '338000'
2020-04-02 01:59:17| 164.4|  0.5|INFORM|Committed transaction at feature '339000'
2020-04-02 01:59:17| 164.8|  0.5|INFORM|Reading source feature # 340000
2020-04-02 01:59:17| 164.8|  0.0|INFORM|Committed transaction at feature '340000'
2020-04-02 01:59:18| 165.3|  0.5|INFORM|Committed transaction at feature '341000'
2020-04-02 01:59:18| 165.8|  0.5|INFORM|Committed transaction at feature '342000'
2020-04-02 01:59:19| 166.0|  0.2|INFORM|Reading source feature # 342500
2020-04-02 01:59:19| 166.3|  0.3|INFORM|Committed transaction at feature '343000'
2020-04-02 01:59:19| 166.8|  0.5|INFORM|Committed transaction at feature '344000'
2020-04-02 01:59:20| 167.3|  0.5|INFORM|Reading source feature # 345000
2020-04-02 01:59:20| 167.3|  0.0|INFORM|Committed transaction at feature '345000'
2020-04-02 01:59:21| 167.7|  0.5|INFORM|Committed transaction at feature '346000'
2020-04-02 01:59:21| 168.2|  0.5|INFORM|Committed transaction at feature '347000'
2020-04-02 01:59:21| 168.5|  0.2|INFORM|Reading source feature # 347500
2020-04-02 01:59:22| 168.7|  0.2|INFORM|Committed transaction at feature '348000'
2020-04-02 01:59:22| 169.2|  0.5|INFORM|Committed transaction at feature '349000'
2020-04-02 01:59:23| 169.7|  0.5|INFORM|Reading source feature # 350000
2020-04-02 01:59:23| 169.7|  0.0|INFORM|Committed transaction at feature '350000'
2020-04-02 01:59:23| 170.2|  0.5|INFORM|Committed transaction at feature '351000'
2020-04-02 01:59:24| 170.7|  0.5|INFORM|Committed transaction at feature '352000'
2020-04-02 01:59:24| 170.9|  0.3|INFORM|Reading source feature # 352500
2020-04-02 01:59:24| 171.1|  0.2|INFORM|Committed transaction at feature '353000'
2020-04-02 01:59:25| 171.6|  0.5|INFORM|Committed transaction at feature '354000'
2020-04-02 01:59:25| 172.1|  0.5|INFORM|Reading source feature # 355000
2020-04-02 01:59:25| 172.1|  0.0|INFORM|Committed transaction at feature '355000'
2020-04-02 01:59:26| 172.6|  0.5|INFORM|Committed transaction at feature '356000'
2020-04-02 01:59:26| 173.0|  0.5|INFORM|Committed transaction at feature '357000'
2020-04-02 01:59:27| 173.3|  0.3|INFORM|Reading source feature # 357500
2020-04-02 01:59:27| 173.5|  0.2|INFORM|Committed transaction at feature '358000'
2020-04-02 01:59:28| 174.0|  0.5|INFORM|Committed transaction at feature '359000'
2020-04-02 01:59:28| 174.5|  0.5|INFORM|Reading source feature # 360000
2020-04-02 01:59:28| 174.5|  0.0|INFORM|Committed transaction at feature '360000'
2020-04-02 01:59:29| 174.9|  0.5|INFORM|Committed transaction at feature '361000'
2020-04-02 01:59:29| 175.4|  0.5|INFORM|Committed transaction at feature '362000'
2020-04-02 01:59:29| 175.7|  0.2|INFORM|Reading source feature # 362500
2020-04-02 01:59:30| 175.9|  0.2|INFORM|Committed transaction at feature '363000'
2020-04-02 01:59:30| 176.4|  0.5|INFORM|Committed transaction at feature '364000'
2020-04-02 01:59:31| 176.9|  0.5|INFORM|Reading source feature # 365000
2020-04-02 01:59:31| 176.9|  0.0|INFORM|Committed transaction at feature '365000'
2020-04-02 01:59:31| 177.4|  0.5|INFORM|Committed transaction at feature '366000'
2020-04-02 01:59:32| 177.9|  0.5|INFORM|Committed transaction at feature '367000'
2020-04-02 01:59:32| 178.1|  0.2|INFORM|Reading source feature # 367500
2020-04-02 01:59:32| 178.3|  0.2|INFORM|Committed transaction at feature '368000'
2020-04-02 01:59:33| 178.4|  0.1|INFORM|Microsoft SQL Server Non-Spatial Reader: Database read complete.  Retrieved 368179 feature(s)
2020-04-02 01:59:33| 178.4|  0.0|INFORM|Emptying factory pipeline
2020-04-02 01:59:33| 178.4|  0.0|STATS |Router and Unexpected Input Remover(RoutingFactory): Tested 368179 input feature(s), wrote 368179 output feature(s): 368179 matched merge filters, 368179 were routed to output, 0 could not be routed.
2020-04-02 01:59:33| 178.4|  0.0|STATS |amd.permit_tasks (MSSQL_ADO_1) Splitter(TeeFactory): Cloned 368179 input feature(s) into 368179 output feature(s)
2020-04-02 01:59:33| 178.4|  0.0|STATS |Destination Feature Type Routing Correlator(RoutingFactory): Tested 368179 input feature(s), wrote 368179 output feature(s): 0 matched merge filters, 368179 were routed to output, 0 could not be routed.
2020-04-02 01:59:33| 178.4|  0.0|STATS |Final Output Nuker(TeeFactory): Cloned 0 input feature(s) into 0 output feature(s)
2020-04-02 01:59:33| 178.4|  0.0|INFORM|Successfully closed POSTGRES database writer
2020-04-02 01:59:33| 178.4|  0.0|INFORM|=-=-=-=-=-=-=-=-=-=-=-=-=-=-=-=-=-=-=-=-=-=-=-=-=-=-=-=-=-=-=-=-=-=-=-=-=-=-=-
2020-04-02 01:59:33| 178.4|  0.0|INFORM|Feature output statistics for `POSTGRES' writer using keyword `POSTGRES_1':
2020-04-02 01:59:33| 178.4|  0.0|STATS |=-=-=-=-=-=-=-=-=-=-=-=-=-=-=-=-=-=-=-=-=-=-=-=-=-=-=-=-=-=-=-=-=-=-=-=-=-=-=-
2020-04-02 01:59:33| 178.4|  0.0|STATS |                               Features Written
2020-04-02 01:59:33| 178.4|  0.0|STATS |=-=-=-=-=-=-=-=-=-=-=-=-=-=-=-=-=-=-=-=-=-=-=-=-=-=-=-=-=-=-=-=-=-=-=-=-=-=-=-
2020-04-02 01:59:33| 178.4|  0.0|STATS |internal.permit_tasks                                                   368179
2020-04-02 01:59:33| 178.4|  0.0|STATS |==============================================================================
2020-04-02 01:59:33| 178.4|  0.0|STATS |Total Features Written                                                  368179
2020-04-02 01:59:33| 178.4|  0.0|STATS |=-=-=-=-=-=-=-=-=-=-=-=-=-=-=-=-=-=-=-=-=-=-=-=-=-=-=-=-=-=-=-=-=-=-=-=-=-=-=-
2020-04-02 01:59:33| 178.4|  0.0|STATS |=-=-=-=-=-=-=-=-=-=-=-=-=-=-=-=-=-=-=-=-=-=-=-=-=-=-=-=-=-=-=-=-=-=-=-=-=-=-=-
2020-04-02 01:59:33| 178.4|  0.0|STATS |                            Features Read Summary
2020-04-02 01:59:33| 178.4|  0.0|STATS |=-=-=-=-=-=-=-=-=-=-=-=-=-=-=-=-=-=-=-=-=-=-=-=-=-=-=-=-=-=-=-=-=-=-=-=-=-=-=-
2020-04-02 01:59:33| 178.4|  0.0|STATS |amd.permit_tasks                                                        368179
2020-04-02 01:59:33| 178.4|  0.0|STATS |==============================================================================
2020-04-02 01:59:33| 178.4|  0.0|STATS |Total Features Read                                                     368179
2020-04-02 01:59:33| 178.4|  0.0|STATS |=-=-=-=-=-=-=-=-=-=-=-=-=-=-=-=-=-=-=-=-=-=-=-=-=-=-=-=-=-=-=-=-=-=-=-=-=-=-=-
2020-04-02 01:59:33| 178.4|  0.0|STATS |=-=-=-=-=-=-=-=-=-=-=-=-=-=-=-=-=-=-=-=-=-=-=-=-=-=-=-=-=-=-=-=-=-=-=-=-=-=-=-
2020-04-02 01:59:33| 178.4|  0.0|STATS |                           Features Written Summary
2020-04-02 01:59:33| 178.4|  0.0|STATS |=-=-=-=-=-=-=-=-=-=-=-=-=-=-=-=-=-=-=-=-=-=-=-=-=-=-=-=-=-=-=-=-=-=-=-=-=-=-=-
2020-04-02 01:59:33| 178.4|  0.0|STATS |internal.permit_tasks                                                   368179
2020-04-02 01:59:33| 178.4|  0.0|STATS |==============================================================================
2020-04-02 01:59:33| 178.4|  0.0|STATS |Total Features Written                                                  368179
2020-04-02 01:59:33| 178.4|  0.0|STATS |=-=-=-=-=-=-=-=-=-=-=-=-=-=-=-=-=-=-=-=-=-=-=-=-=-=-=-=-=-=-=-=-=-=-=-=-=-=-=-
2020-04-02 01:59:33| 178.4|  0.0|INFORM|Microsoft SQL Server Non-Spatial Reader: Closing `accela' . Read operation complete
2020-04-02 01:59:33| 178.4|  0.0|INFORM|Translation was SUCCESSFUL with 0 warning(s) (368179 feature(s) output)
2020-04-02 01:59:33| 178.4|  0.0|INFORM|FME Session Duration: 3 minutes 28.0 seconds. (CPU: 176.1s user, 2.3s system)
2020-04-02 01:59:33| 178.4|  0.0|INFORM|END - ProcessID: 792, peak process memory usage: 79784 kB, current process memory usage: 79612 kB
