2018-12-07 04:18:03|   0.1|  0.1|INFORM|FME 2017.1.1.1 (20171014 - Build 17652 - WIN32)
2018-12-07 04:18:03|   0.1|  0.0|INFORM|FME_HOME is 'c:\FME2017\'
2018-12-07 04:18:03|   0.1|  0.0|INFORM|FME Desktop ESRI Edition (floating)
2018-12-07 04:18:03|   0.1|  0.0|INFORM|Permanent License.
2018-12-07 04:18:03|   0.1|  0.0|INFORM|Machine host name is: coa-gis-fme2
2018-12-07 04:18:03|   0.1|  0.0|INFORM|START - ProcessID: 4936, peak process memory usage: 32088 kB, current process memory usage: 32072 kB
2018-12-07 04:18:03|   0.1|  0.0|INFORM|FME Configuration: Command line arguments are `c:\FME2017\fme' `C:\jon\bedrock\working_directory\assets\gis\bc_civicaddress_table.ms1/editTOwh-bc_civicaddress_table.fmw'
2018-12-07 04:18:03|   0.2|  0.1|INFORM|Shared folders for formats are : c:\FME2017\datasources;C:\Users\mssqlgisadmin\Documents\FME\Formats
2018-12-07 04:18:03|   0.2|  0.0|INFORM|Shared folders for transformers are : c:\FME2017\transformers;C:\Users\mssqlgisadmin\Documents\FME\Transformers;C:\Users\mssqlgisadmin\AppData\Roaming\Safe Software\FME\FME Store\Transformers
2018-12-07 04:18:03|   0.2|  0.0|INFORM|Shared folders for coordinate systems are : C:\Users\mssqlgisadmin\Documents\FME\CoordinateSystems
2018-12-07 04:18:03|   0.2|  0.0|INFORM|Shared folders for coordinate system exceptions are : C:\Users\mssqlgisadmin\Documents\FME\CoordinateSystemExceptions
2018-12-07 04:18:03|   0.2|  0.0|INFORM|Shared folders for coordinate system grid overrides are : C:\Users\mssqlgisadmin\Documents\FME\CoordinateSystemGridOverrides
2018-12-07 04:18:03|   0.2|  0.0|INFORM|Shared folders for CS-MAP transformation exceptions are : C:\Users\mssqlgisadmin\Documents\FME\CsmapTransformationExceptions
2018-12-07 04:18:03|   0.2|  0.0|INFORM|Shared folders for transformer categories are : C:\Users\mssqlgisadmin\Documents\FME\TransformerCategories
2018-12-07 04:18:03|   0.2|  0.0|INFORM|FME Configuration: Reader Keyword is `GEODATABASE_SDE_1'
2018-12-07 04:18:03|   0.2|  0.0|INFORM|FME Configuration: Writer Keyword is `MULTI_WRITER'
2018-12-07 04:18:03|   0.2|  0.0|INFORM|FME Configuration: Writer Group Definition Keyword is `MULTI_WRITER_DEF'
2018-12-07 04:18:03|   0.2|  0.0|INFORM|FME Configuration: Reader type is `GEODATABASE_SDE'
2018-12-07 04:18:03|   0.2|  0.0|INFORM|FME Configuration: Writer type is `MULTI_WRITER'
2018-12-07 04:18:03|   0.2|  0.0|INFORM|FME Configuration: No destination coordinate system set
2018-12-07 04:18:03|   0.2|  0.0|INFORM|FME Configuration: Current working folder is `C:\jon\bedrock\working_directory\assets\gis\bc_civicaddress_table.ms1'
2018-12-07 04:18:03|   0.2|  0.0|INFORM|FME Configuration: Temporary folder is `C:\Users\MSSQLG~1\AppData\Local\Temp', set from environment variable `TEMP'
2018-12-07 04:18:03|   0.2|  0.0|INFORM|FME Configuration: FME_HOME is `c:\FME2017\'
2018-12-07 04:18:03|   0.2|  0.0|INFORM|FME Configuration: FME_BASE is 'no'
2018-12-07 04:18:03|   0.2|  0.0|INFORM|FME Configuration: FME_MF_DIR is 'C:\jon\bedrock\working_directory\assets\gis\bc_civicaddress_table.ms1/'
2018-12-07 04:18:03|   0.2|  0.0|INFORM|FME Configuration: FME_MF_NAME is 'editTOwh-bc_civicaddress_table.fmw'
2018-12-07 04:18:03|   0.2|  0.0|INFORM|FME Configuration: FME_PRODUCT_NAME is 'FME(R) 2017.1.1.1'
2018-12-07 04:18:03|   0.2|  0.0|INFORM|System Status: 116.53 GB of disk space available in the FME temporary folder (C:\Users\MSSQLG~1\AppData\Local\Temp)
2018-12-07 04:18:03|   0.2|  0.0|INFORM|System Status: 4.00 GB of virtual memory available
2018-12-07 04:18:03|   0.2|  0.0|INFORM|Operating System: Microsoft Windows Server 2012 R2 Server 4.0 64-bit  (Build 9600)
2018-12-07 04:18:03|   0.2|  0.0|INFORM|FME Platform: WIN32
2018-12-07 04:18:03|   0.2|  0.0|INFORM|Locale: en_US
2018-12-07 04:18:03|   0.2|  0.0|INFORM|Code Page: 1252  (ANSI - Latin I)
2018-12-07 04:18:03|   0.2|  0.0|INFORM|FME Configuration: Process limits are 8.00 GB of physical memory and 4.00 GB of address space
2018-12-07 04:18:03|   0.2|  0.0|INFORM|FME Configuration: Start freeing memory when process usage exceeds 2.83 GB of memory or 3.41 GB of address space
2018-12-07 04:18:03|   0.2|  0.0|INFORM|FME Configuration: Stop freeing memory when process usage is below 2.12 GB of memory and 2.56 GB of address space
2018-12-07 04:18:04|   0.3|  0.1|INFORM|Creating writer for format: 
2018-12-07 04:18:04|   0.5|  0.3|INFORM|Creating reader for format: Esri Geodatabase (ArcSDE Geodb)
2018-12-07 04:18:04|   0.6|  0.1|INFORM|Trying to find a DYNAMIC plugin for reader named `GEODATABASE_SDE'
2018-12-07 04:18:04|   0.6|  0.0|INFORM|FME Configuration: Source coordinate system for reader GEODATABASE_SDE_1[GEODATABASE_SDE] set to `EPSG:2264'
2018-12-07 04:18:05|   1.1|  0.5|INFORM|Coordinate System `EPSG:2264' parameters: CS_NAME=`NC83F' DESC_NM=`NAD83 North Carolina State Planes, US Foot' DT_NAME=`NAD83' GROUP=`SPCS83F' MAP_SCL=`1' MAX_LAT=`36.86666666666667' MAX_LNG=`-74.26666666666667' MIN_LAT=`33.55' MIN_LNG=`-85.43333333333334' ORG_LAT=`33.75' ORG_LNG=`-79' PARM1=`36.16666666666666' PARM2=`34.33333333333333' PROJ=`LM' QUAD=`1' SCL_RED=`1' SOURCE=`Calculated from NC83 by Mentor Software' UNIT=`FOOT' X_OFF=`2000000.002616666' 
2018-12-07 04:18:05|   1.2|  0.0|INFORM|Loaded module 'GEODATABASE_SDE' from file 'c:\FME2017\GEODATABASE9.dll'
2018-12-07 04:18:05|   1.2|  0.0|INFORM|FME API version of module 'GEODATABASE_SDE' matches current internal version (3.8 20170315)
2018-12-07 04:18:05|   1.2|  0.0|INFORM|Opening the Geodatabase reader
2018-12-07 04:18:05|   1.4|  0.2|INFORM|The ArcObjects license 'Advanced' is being selected from the Windows registry
2018-12-07 04:18:11|   2.8|  1.4|INFORM|FME has checked out an Esri license. The product checked out is 'Advanced'
2018-12-07 04:18:11|   2.8|  0.0|INFORM|Installed ArcGIS version is '10.4'
2018-12-07 04:18:12|   3.3|  0.5|INFORM|Connection made to server 'coa-gis-edit1' for dataset 'coagisedit' (historical timestamp '11/14/2017 2:06:00 PM') using Operating System's current user
2018-12-07 04:18:12|   3.3|  0.0|INFORM|ArcSDE release: '10.0'. Underlying database: 'SQL Server'
2018-12-07 04:18:12|   3.3|  0.0|INFORM|GEODATABASE_SDE_1 Reader: Using Enhanced geometry
2018-12-07 04:18:12|   3.3|  0.0|INFORM|All network information will be ignored. As a result, edges will be treated as polyline features and junctions will be treated as point features
2018-12-07 04:18:12|   3.3|  0.0|INFORM|All relationship information will be ignored. As a result, simple relationships will not be read, and attributed relationships will be read as tables
2018-12-07 04:18:12|   3.3|  0.0|INFORM|Using MultiWriter with keyword `MULTI_WRITER' to output data (ID_ATTRIBUTE is `multi_writer_id')
2018-12-07 04:18:12|   3.3|  0.0|INFORM|Writer output will be ordered by value of multi_writer_id
2018-12-07 04:18:12|   3.4|  0.1|INFORM|Reading table/feature class 'coagis.bc_civicaddress_table'
2018-12-07 04:18:14|   5.0|  1.6|INFORM|FME Configuration: Named Connection Storage: 'C:\Users\mssqlgisadmin\AppData\Roaming\Safe Software\FME\'
2018-12-07 04:18:14|   5.0|  0.0|INFORM|FME Configuration: Using Named Connection values from 'mda-store-1' for POSTGRES_1
2018-12-07 04:18:14|   5.0|  0.0|INFORM|Creating writer for format: PostgreSQL
2018-12-07 04:18:14|   5.1|  0.1|INFORM|Trying to find a DYNAMIC plugin for writer named `POSTGRES'
2018-12-07 04:18:14|   5.1|  0.0|INFORM|Loaded module 'POSTGRES' from file 'c:\FME2017\plugins/POSTGIS.dll'
2018-12-07 04:18:14|   5.1|  0.0|INFORM|FME API version of module 'POSTGRES' matches current internal version (3.8 20170315)
2018-12-07 04:18:14|   5.1|  0.0|INFORM|FME Configuration: No destination coordinate system set
2018-12-07 04:18:14|   5.1|  0.0|INFORM|FME API version of module 'POSTGRES' matches current internal version (3.8 20170315)
2018-12-07 04:18:14|   5.1|  0.0|INFORM|Writer `POSTGRES_1' of type `POSTGRES' using group definition keyword `POSTGRES_1_DEF'
2018-12-07 04:18:14|   5.1|  0.0|INFORM|FME API version of module 'POSTGRES' matches current internal version (3.8 20170315)
2018-12-07 04:18:14|   5.1|  0.0|INFORM|Opening POSTGRES writer for dataset 'mdastore1'...
2018-12-07 04:18:15|   6.2|  1.1|INFORM|PostGIS client encoding: 'UTF8'
2018-12-07 04:18:16|   6.2|  0.0|INFORM|PostgreSQL 10.4 on x86_64-pc-linux-gnu, compiled by gcc (GCC) 4.8.3 20140911 (Red Hat 4.8.3-9), 64-bit
2018-12-07 04:18:16|   6.2|  0.0|INFORM|FME Configuration: Destination coordinate system set to input coordinate system `EPSG:2264'
2018-12-07 04:18:16|   6.2|  0.0|INFORM|Testing for the existence of table 'internal.bc_civicaddress_table'...
2018-12-07 04:18:16|   6.2|  0.0|INFORM|Truncating existing table 'internal.bc_civicaddress_table'...
2018-12-07 04:18:16|   6.2|  0.0|INFORM|Using existing table 'internal.bc_civicaddress_table'
2018-12-07 04:18:16|   6.2|  0.0|INFORM|POSTGRES Writer: Creating 'streaming Bulk Copy' feature type processor for feature type 'internal.bc_civicaddress_table'
2018-12-07 04:18:16|   6.5|  0.3|INFORM|Committed transaction at feature '1000'
2018-12-07 04:18:17|   6.9|  0.4|INFORM|Committed transaction at feature '2000'
2018-12-07 04:18:17|   7.1|  0.2|INFORM|Reading source feature # 2500
2018-12-07 04:18:17|   7.3|  0.2|INFORM|Committed transaction at feature '3000'
2018-12-07 04:18:18|   7.6|  0.3|INFORM|Committed transaction at feature '4000'
2018-12-07 04:18:18|   7.9|  0.3|INFORM|Reading source feature # 5000
2018-12-07 04:18:18|   7.9|  0.0|INFORM|Committed transaction at feature '5000'
2018-12-07 04:18:18|   8.3|  0.4|INFORM|Committed transaction at feature '6000'
2018-12-07 04:18:19|   8.7|  0.4|INFORM|Committed transaction at feature '7000'
2018-12-07 04:18:19|   8.8|  0.2|INFORM|Reading source feature # 7500
2018-12-07 04:18:19|   9.0|  0.2|INFORM|Committed transaction at feature '8000'
2018-12-07 04:18:20|   9.4|  0.4|INFORM|Committed transaction at feature '9000'
2018-12-07 04:18:20|   9.7|  0.4|INFORM|Reading source feature # 10000
2018-12-07 04:18:20|   9.7|  0.0|INFORM|Committed transaction at feature '10000'
2018-12-07 04:18:20|  10.1|  0.4|INFORM|Committed transaction at feature '11000'
2018-12-07 04:18:21|  10.5|  0.4|INFORM|Committed transaction at feature '12000'
2018-12-07 04:18:21|  10.7|  0.2|INFORM|Reading source feature # 12500
2018-12-07 04:18:21|  10.8|  0.2|INFORM|Committed transaction at feature '13000'
2018-12-07 04:18:22|  11.2|  0.3|INFORM|Committed transaction at feature '14000'
2018-12-07 04:18:22|  11.5|  0.4|INFORM|Reading source feature # 15000
2018-12-07 04:18:22|  11.5|  0.0|INFORM|Committed transaction at feature '15000'
2018-12-07 04:18:22|  11.9|  0.3|INFORM|Committed transaction at feature '16000'
2018-12-07 04:18:23|  12.2|  0.3|INFORM|Committed transaction at feature '17000'
2018-12-07 04:18:23|  12.4|  0.2|INFORM|Reading source feature # 17500
2018-12-07 04:18:23|  12.6|  0.2|INFORM|Committed transaction at feature '18000'
2018-12-07 04:18:24|  13.0|  0.4|INFORM|Committed transaction at feature '19000'
2018-12-07 04:18:24|  13.3|  0.3|INFORM|Reading source feature # 20000
2018-12-07 04:18:24|  13.3|  0.0|INFORM|Committed transaction at feature '20000'
2018-12-07 04:18:25|  13.7|  0.3|INFORM|Committed transaction at feature '21000'
2018-12-07 04:18:25|  14.0|  0.3|INFORM|Committed transaction at feature '22000'
2018-12-07 04:18:25|  14.2|  0.2|INFORM|Reading source feature # 22500
2018-12-07 04:18:25|  14.4|  0.2|INFORM|Committed transaction at feature '23000'
2018-12-07 04:18:26|  14.7|  0.3|INFORM|Committed transaction at feature '24000'
2018-12-07 04:18:26|  15.0|  0.3|INFORM|Reading source feature # 25000
2018-12-07 04:18:26|  15.0|  0.0|INFORM|Committed transaction at feature '25000'
2018-12-07 04:18:27|  15.4|  0.4|INFORM|Committed transaction at feature '26000'
2018-12-07 04:18:27|  15.7|  0.3|INFORM|Committed transaction at feature '27000'
2018-12-07 04:18:27|  15.9|  0.2|INFORM|Reading source feature # 27500
2018-12-07 04:18:27|  16.1|  0.2|INFORM|Committed transaction at feature '28000'
2018-12-07 04:18:28|  16.4|  0.3|INFORM|Committed transaction at feature '29000'
2018-12-07 04:18:28|  16.8|  0.4|INFORM|Reading source feature # 30000
2018-12-07 04:18:28|  16.8|  0.0|INFORM|Committed transaction at feature '30000'
2018-12-07 04:18:29|  17.1|  0.3|INFORM|Committed transaction at feature '31000'
2018-12-07 04:18:29|  17.4|  0.4|INFORM|Committed transaction at feature '32000'
2018-12-07 04:18:29|  17.6|  0.2|INFORM|Reading source feature # 32500
2018-12-07 04:18:29|  17.8|  0.2|INFORM|Committed transaction at feature '33000'
2018-12-07 04:18:30|  18.1|  0.4|INFORM|Committed transaction at feature '34000'
2018-12-07 04:18:30|  18.5|  0.3|INFORM|Reading source feature # 35000
2018-12-07 04:18:30|  18.5|  0.0|INFORM|Committed transaction at feature '35000'
2018-12-07 04:18:30|  18.8|  0.3|INFORM|Committed transaction at feature '36000'
2018-12-07 04:18:31|  19.1|  0.3|INFORM|Committed transaction at feature '37000'
2018-12-07 04:18:31|  19.3|  0.2|INFORM|Reading source feature # 37500
2018-12-07 04:18:31|  19.5|  0.2|INFORM|Committed transaction at feature '38000'
2018-12-07 04:18:32|  19.8|  0.3|INFORM|Committed transaction at feature '39000'
2018-12-07 04:18:32|  20.1|  0.3|INFORM|Reading source feature # 40000
2018-12-07 04:18:32|  20.1|  0.0|INFORM|Committed transaction at feature '40000'
2018-12-07 04:18:32|  20.4|  0.3|INFORM|Committed transaction at feature '41000'
2018-12-07 04:18:33|  20.8|  0.4|INFORM|Committed transaction at feature '42000'
2018-12-07 04:18:33|  21.0|  0.2|INFORM|Reading source feature # 42500
2018-12-07 04:18:33|  21.1|  0.2|INFORM|Committed transaction at feature '43000'
2018-12-07 04:18:34|  21.5|  0.4|INFORM|Committed transaction at feature '44000'
2018-12-07 04:18:34|  21.8|  0.3|INFORM|Reading source feature # 45000
2018-12-07 04:18:34|  21.8|  0.0|INFORM|Committed transaction at feature '45000'
2018-12-07 04:18:34|  22.1|  0.3|INFORM|Committed transaction at feature '46000'
2018-12-07 04:18:35|  22.5|  0.4|INFORM|Committed transaction at feature '47000'
2018-12-07 04:18:35|  22.7|  0.2|INFORM|Reading source feature # 47500
2018-12-07 04:18:35|  22.8|  0.2|INFORM|Committed transaction at feature '48000'
2018-12-07 04:18:35|  23.1|  0.3|INFORM|Committed transaction at feature '49000'
2018-12-07 04:18:36|  23.5|  0.3|INFORM|Reading source feature # 50000
2018-12-07 04:18:36|  23.5|  0.0|INFORM|Committed transaction at feature '50000'
2018-12-07 04:18:36|  23.8|  0.3|INFORM|Committed transaction at feature '51000'
2018-12-07 04:18:37|  24.1|  0.3|INFORM|Committed transaction at feature '52000'
2018-12-07 04:18:37|  24.3|  0.2|INFORM|Reading source feature # 52500
2018-12-07 04:18:37|  24.5|  0.2|INFORM|Committed transaction at feature '53000'
2018-12-07 04:18:37|  24.8|  0.3|INFORM|Committed transaction at feature '54000'
2018-12-07 04:18:38|  25.1|  0.3|INFORM|Reading source feature # 55000
2018-12-07 04:18:38|  25.1|  0.0|INFORM|Committed transaction at feature '55000'
2018-12-07 04:18:38|  25.5|  0.4|INFORM|Committed transaction at feature '56000'
2018-12-07 04:18:39|  25.8|  0.3|INFORM|Committed transaction at feature '57000'
2018-12-07 04:18:39|  26.0|  0.2|INFORM|Reading source feature # 57500
2018-12-07 04:18:39|  26.1|  0.2|INFORM|Committed transaction at feature '58000'
2018-12-07 04:18:39|  26.4|  0.3|INFORM|Committed transaction at feature '59000'
2018-12-07 04:18:40|  26.8|  0.3|INFORM|Reading source feature # 60000
2018-12-07 04:18:40|  26.8|  0.0|INFORM|Committed transaction at feature '60000'
2018-12-07 04:18:40|  27.1|  0.3|INFORM|Committed transaction at feature '61000'
2018-12-07 04:18:41|  27.4|  0.3|INFORM|Committed transaction at feature '62000'
2018-12-07 04:18:41|  27.6|  0.2|INFORM|Reading source feature # 62500
2018-12-07 04:18:41|  27.8|  0.2|INFORM|Committed transaction at feature '63000'
2018-12-07 04:18:41|  28.1|  0.3|INFORM|Committed transaction at feature '64000'
2018-12-07 04:18:42|  28.4|  0.3|INFORM|Reading source feature # 65000
2018-12-07 04:18:42|  28.4|  0.0|INFORM|Committed transaction at feature '65000'
2018-12-07 04:18:42|  28.8|  0.3|INFORM|Committed transaction at feature '66000'
2018-12-07 04:18:42|  29.1|  0.3|INFORM|Committed transaction at feature '67000'
2018-12-07 04:18:43|  29.3|  0.2|INFORM|Reading source feature # 67500
2018-12-07 04:18:43|  29.5|  0.2|INFORM|Committed transaction at feature '68000'
2018-12-07 04:18:43|  29.8|  0.4|INFORM|Committed transaction at feature '69000'
2018-12-07 04:18:44|  30.2|  0.3|INFORM|Reading source feature # 70000
2018-12-07 04:18:44|  30.2|  0.0|INFORM|Committed transaction at feature '70000'
2018-12-07 04:18:44|  30.5|  0.3|INFORM|Committed transaction at feature '71000'
2018-12-07 04:18:44|  30.8|  0.3|INFORM|Committed transaction at feature '72000'
2018-12-07 04:18:45|  31.0|  0.2|INFORM|Reading source feature # 72500
2018-12-07 04:18:45|  31.2|  0.2|INFORM|Committed transaction at feature '73000'
2018-12-07 04:18:45|  31.5|  0.3|INFORM|Committed transaction at feature '74000'
2018-12-07 04:18:46|  31.9|  0.4|INFORM|Reading source feature # 75000
2018-12-07 04:18:46|  31.9|  0.0|INFORM|Committed transaction at feature '75000'
2018-12-07 04:18:46|  32.2|  0.3|INFORM|Committed transaction at feature '76000'
2018-12-07 04:18:47|  32.6|  0.3|INFORM|Committed transaction at feature '77000'
2018-12-07 04:18:47|  32.7|  0.2|INFORM|Reading source feature # 77500
2018-12-07 04:18:47|  32.9|  0.2|INFORM|Committed transaction at feature '78000'
2018-12-07 04:18:47|  33.3|  0.4|INFORM|Committed transaction at feature '79000'
2018-12-07 04:18:48|  33.6|  0.3|INFORM|Reading source feature # 80000
2018-12-07 04:18:48|  33.6|  0.0|INFORM|Committed transaction at feature '80000'
2018-12-07 04:18:48|  34.0|  0.4|INFORM|Committed transaction at feature '81000'
2018-12-07 04:18:48|  34.3|  0.3|INFORM|Committed transaction at feature '82000'
2018-12-07 04:18:49|  34.5|  0.2|INFORM|Reading source feature # 82500
2018-12-07 04:18:49|  34.6|  0.2|INFORM|Committed transaction at feature '83000'
2018-12-07 04:18:49|  35.0|  0.3|INFORM|Committed transaction at feature '84000'
2018-12-07 04:18:50|  35.3|  0.3|INFORM|Reading source feature # 85000
2018-12-07 04:18:50|  35.3|  0.0|INFORM|Committed transaction at feature '85000'
2018-12-07 04:18:50|  35.6|  0.3|INFORM|Committed transaction at feature '86000'
2018-12-07 04:18:50|  35.9|  0.3|INFORM|Committed transaction at feature '87000'
2018-12-07 04:18:51|  36.1|  0.2|INFORM|Reading source feature # 87500
2018-12-07 04:18:51|  36.3|  0.2|INFORM|Committed transaction at feature '88000'
2018-12-07 04:18:51|  36.6|  0.3|INFORM|Committed transaction at feature '89000'
2018-12-07 04:18:52|  36.9|  0.3|INFORM|Reading source feature # 90000
2018-12-07 04:18:52|  36.9|  0.0|INFORM|Committed transaction at feature '90000'
2018-12-07 04:18:52|  37.2|  0.3|INFORM|Committed transaction at feature '91000'
2018-12-07 04:18:52|  37.5|  0.3|INFORM|Committed transaction at feature '92000'
2018-12-07 04:18:52|  37.7|  0.2|INFORM|Reading source feature # 92500
2018-12-07 04:18:53|  37.8|  0.2|INFORM|Committed transaction at feature '93000'
2018-12-07 04:18:53|  38.2|  0.3|INFORM|Committed transaction at feature '94000'
2018-12-07 04:18:53|  38.5|  0.3|INFORM|Reading source feature # 95000
2018-12-07 04:18:53|  38.5|  0.0|INFORM|Committed transaction at feature '95000'
2018-12-07 04:18:54|  38.8|  0.3|INFORM|Committed transaction at feature '96000'
2018-12-07 04:18:54|  39.1|  0.3|INFORM|Committed transaction at feature '97000'
2018-12-07 04:18:54|  39.3|  0.1|INFORM|Reading source feature # 97500
2018-12-07 04:18:54|  39.4|  0.2|INFORM|Committed transaction at feature '98000'
2018-12-07 04:18:55|  39.7|  0.3|INFORM|Committed transaction at feature '99000'
2018-12-07 04:18:55|  40.0|  0.3|INFORM|Reading source feature # 100000
2018-12-07 04:18:55|  40.0|  0.0|INFORM|Committed transaction at feature '100000'
2018-12-07 04:18:56|  40.3|  0.3|INFORM|Committed transaction at feature '101000'
2018-12-07 04:18:56|  40.7|  0.3|INFORM|Committed transaction at feature '102000'
2018-12-07 04:18:56|  40.8|  0.2|INFORM|Reading source feature # 102500
2018-12-07 04:18:56|  41.0|  0.2|INFORM|Committed transaction at feature '103000'
2018-12-07 04:18:57|  41.3|  0.3|INFORM|Committed transaction at feature '104000'
2018-12-07 04:18:57|  41.6|  0.3|INFORM|Reading source feature # 105000
2018-12-07 04:18:57|  41.6|  0.0|INFORM|Committed transaction at feature '105000'
2018-12-07 04:18:57|  42.0|  0.3|INFORM|Committed transaction at feature '106000'
2018-12-07 04:18:58|  42.3|  0.3|INFORM|Committed transaction at feature '107000'
2018-12-07 04:18:58|  42.5|  0.2|INFORM|Reading source feature # 107500
2018-12-07 04:18:58|  42.6|  0.2|INFORM|Committed transaction at feature '108000'
2018-12-07 04:18:59|  42.9|  0.3|INFORM|Committed transaction at feature '109000'
2018-12-07 04:18:59|  43.2|  0.3|INFORM|Reading source feature # 110000
2018-12-07 04:18:59|  43.2|  0.0|INFORM|Committed transaction at feature '110000'
2018-12-07 04:18:59|  43.6|  0.3|INFORM|Committed transaction at feature '111000'
2018-12-07 04:19:00|  43.9|  0.4|INFORM|Committed transaction at feature '112000'
2018-12-07 04:19:00|  44.1|  0.2|INFORM|Reading source feature # 112500
2018-12-07 04:19:00|  44.3|  0.2|INFORM|Committed transaction at feature '113000'
2018-12-07 04:19:00|  44.6|  0.4|INFORM|Committed transaction at feature '114000'
2018-12-07 04:19:01|  45.0|  0.3|INFORM|Reading source feature # 115000
2018-12-07 04:19:01|  45.0|  0.0|INFORM|Committed transaction at feature '115000'
2018-12-07 04:19:01|  45.4|  0.4|INFORM|Committed transaction at feature '116000'
2018-12-07 04:19:02|  45.7|  0.3|INFORM|Committed transaction at feature '117000'
2018-12-07 04:19:02|  45.8|  0.2|INFORM|Reading source feature # 117500
2018-12-07 04:19:02|  46.0|  0.2|INFORM|Committed transaction at feature '118000'
2018-12-07 04:19:02|  46.3|  0.3|INFORM|Committed transaction at feature '119000'
2018-12-07 04:19:03|  46.6|  0.3|INFORM|Reading source feature # 120000
2018-12-07 04:19:03|  46.6|  0.0|INFORM|Committed transaction at feature '120000'
2018-12-07 04:19:03|  47.0|  0.3|INFORM|Committed transaction at feature '121000'
2018-12-07 04:19:04|  47.3|  0.3|INFORM|Committed transaction at feature '122000'
2018-12-07 04:19:04|  47.5|  0.2|INFORM|Reading source feature # 122500
2018-12-07 04:19:04|  47.7|  0.2|INFORM|Committed transaction at feature '123000'
2018-12-07 04:19:04|  48.0|  0.3|INFORM|Committed transaction at feature '124000'
2018-12-07 04:19:05|  48.3|  0.3|INFORM|Reading source feature # 125000
2018-12-07 04:19:05|  48.3|  0.0|INFORM|Committed transaction at feature '125000'
2018-12-07 04:19:05|  48.6|  0.3|INFORM|Committed transaction at feature '126000'
2018-12-07 04:19:05|  49.0|  0.3|INFORM|Committed transaction at feature '127000'
2018-12-07 04:19:06|  49.1|  0.2|INFORM|Reading source feature # 127500
2018-12-07 04:19:06|  49.3|  0.1|INFORM|Committed transaction at feature '128000'
2018-12-07 04:19:06|  49.6|  0.3|INFORM|Committed transaction at feature '129000'
2018-12-07 04:19:07|  49.9|  0.3|INFORM|Reading source feature # 130000
2018-12-07 04:19:07|  49.9|  0.0|INFORM|Committed transaction at feature '130000'
2018-12-07 04:19:07|  50.2|  0.3|INFORM|Committed transaction at feature '131000'
2018-12-07 04:19:07|  50.5|  0.3|INFORM|Committed transaction at feature '132000'
2018-12-07 04:19:08|  50.7|  0.2|INFORM|Reading source feature # 132500
2018-12-07 04:19:08|  50.9|  0.2|INFORM|Committed transaction at feature '133000'
2018-12-07 04:19:08|  51.2|  0.4|INFORM|Committed transaction at feature '134000'
2018-12-07 04:19:08|  51.5|  0.3|INFORM|Reading source feature # 135000
2018-12-07 04:19:08|  51.5|  0.0|INFORM|Committed transaction at feature '135000'
2018-12-07 04:19:09|  51.9|  0.3|INFORM|Committed transaction at feature '136000'
2018-12-07 04:19:09|  52.2|  0.3|INFORM|Committed transaction at feature '137000'
2018-12-07 04:19:09|  52.4|  0.2|INFORM|Reading source feature # 137500
2018-12-07 04:19:10|  52.6|  0.2|INFORM|Committed transaction at feature '138000'
2018-12-07 04:19:10|  52.9|  0.4|INFORM|Committed transaction at feature '139000'
2018-12-07 04:19:10|  53.3|  0.3|INFORM|Reading source feature # 140000
2018-12-07 04:19:10|  53.3|  0.0|INFORM|Committed transaction at feature '140000'
2018-12-07 04:19:11|  53.5|  0.3|INFORM|Committed transaction at feature '141000'
2018-12-07 04:19:11|  53.9|  0.3|INFORM|Committed transaction at feature '142000'
2018-12-07 04:19:11|  54.0|  0.2|INFORM|Reading source feature # 142500
2018-12-07 04:19:12|  54.2|  0.2|INFORM|Committed transaction at feature '143000'
2018-12-07 04:19:12|  54.6|  0.3|INFORM|Committed transaction at feature '144000'
2018-12-07 04:19:12|  54.9|  0.4|INFORM|Reading source feature # 145000
2018-12-07 04:19:12|  54.9|  0.0|INFORM|Committed transaction at feature '145000'
2018-12-07 04:19:13|  55.3|  0.3|INFORM|Committed transaction at feature '146000'
2018-12-07 04:19:13|  55.6|  0.3|INFORM|Committed transaction at feature '147000'
2018-12-07 04:19:13|  55.7|  0.2|INFORM|Reading source feature # 147500
2018-12-07 04:19:14|  55.9|  0.2|INFORM|Committed transaction at feature '148000'
2018-12-07 04:19:14|  56.2|  0.3|INFORM|Committed transaction at feature '149000'
2018-12-07 04:19:14|  56.5|  0.3|INFORM|Reading source feature # 150000
2018-12-07 04:19:14|  56.5|  0.0|INFORM|Committed transaction at feature '150000'
2018-12-07 04:19:15|  56.8|  0.3|INFORM|Committed transaction at feature '151000'
2018-12-07 04:19:15|  57.2|  0.3|INFORM|Committed transaction at feature '152000'
2018-12-07 04:19:16|  57.3|  0.2|INFORM|Reading source feature # 152500
2018-12-07 04:19:16|  57.5|  0.2|INFORM|Committed transaction at feature '153000'
2018-12-07 04:19:16|  57.9|  0.4|INFORM|Committed transaction at feature '154000'
2018-12-07 04:19:17|  58.2|  0.4|INFORM|Reading source feature # 155000
2018-12-07 04:19:17|  58.2|  0.0|INFORM|Committed transaction at feature '155000'
2018-12-07 04:19:17|  58.6|  0.3|INFORM|Committed transaction at feature '156000'
2018-12-07 04:19:17|  58.9|  0.3|INFORM|Committed transaction at feature '157000'
2018-12-07 04:19:18|  59.0|  0.2|INFORM|Reading source feature # 157500
2018-12-07 04:19:18|  59.2|  0.2|INFORM|Committed transaction at feature '158000'
2018-12-07 04:19:18|  59.3|  0.1|INFORM|Emptying factory pipeline
2018-12-07 04:19:18|  59.3|  0.0|STATS |Router and Unexpected Input Remover(RoutingFactory): Tested 158367 input feature(s), wrote 158367 output feature(s): 158367 matched merge filters, 158367 were routed to output, 0 could not be routed.
2018-12-07 04:19:18|  59.3|  0.0|STATS |coagis.bc_civicaddress_table (GEODATABASE_SDE_1) Splitter(TeeFactory): Cloned 158367 input feature(s) into 158367 output feature(s)
2018-12-07 04:19:18|  59.3|  0.0|STATS |Destination Feature Type Routing Correlator(RoutingFactory): Tested 158367 input feature(s), wrote 158367 output feature(s): 0 matched merge filters, 158367 were routed to output, 0 could not be routed.
2018-12-07 04:19:18|  59.3|  0.0|STATS |Final Output Nuker(TeeFactory): Cloned 0 input feature(s) into 0 output feature(s)
2018-12-07 04:19:18|  59.3|  0.0|INFORM|Successfully closed POSTGRES database writer
2018-12-07 04:19:18|  59.3|  0.0|INFORM|=-=-=-=-=-=-=-=-=-=-=-=-=-=-=-=-=-=-=-=-=-=-=-=-=-=-=-=-=-=-=-=-=-=-=-=-=-=-=-
2018-12-07 04:19:18|  59.3|  0.0|INFORM|Feature output statistics for `POSTGRES' writer using keyword `POSTGRES_1':
2018-12-07 04:19:18|  59.3|  0.0|STATS |=-=-=-=-=-=-=-=-=-=-=-=-=-=-=-=-=-=-=-=-=-=-=-=-=-=-=-=-=-=-=-=-=-=-=-=-=-=-=-
2018-12-07 04:19:18|  59.3|  0.0|STATS |                               Features Written
2018-12-07 04:19:18|  59.3|  0.0|STATS |=-=-=-=-=-=-=-=-=-=-=-=-=-=-=-=-=-=-=-=-=-=-=-=-=-=-=-=-=-=-=-=-=-=-=-=-=-=-=-
2018-12-07 04:19:18|  59.3|  0.0|STATS |internal.bc_civicaddress_table                                          158367
2018-12-07 04:19:18|  59.3|  0.0|STATS |==============================================================================
2018-12-07 04:19:18|  59.3|  0.0|STATS |Total Features Written                                                  158367
2018-12-07 04:19:18|  59.3|  0.0|STATS |=-=-=-=-=-=-=-=-=-=-=-=-=-=-=-=-=-=-=-=-=-=-=-=-=-=-=-=-=-=-=-=-=-=-=-=-=-=-=-
2018-12-07 04:19:18|  59.3|  0.0|STATS |=-=-=-=-=-=-=-=-=-=-=-=-=-=-=-=-=-=-=-=-=-=-=-=-=-=-=-=-=-=-=-=-=-=-=-=-=-=-=-
2018-12-07 04:19:18|  59.3|  0.0|STATS |                            Features Read Summary
2018-12-07 04:19:18|  59.3|  0.0|STATS |=-=-=-=-=-=-=-=-=-=-=-=-=-=-=-=-=-=-=-=-=-=-=-=-=-=-=-=-=-=-=-=-=-=-=-=-=-=-=-
2018-12-07 04:19:18|  59.3|  0.0|STATS |coagis.bc_civicaddress_table                                            158367
2018-12-07 04:19:18|  59.3|  0.0|STATS |==============================================================================
2018-12-07 04:19:18|  59.3|  0.0|STATS |Total Features Read                                                     158367
2018-12-07 04:19:18|  59.3|  0.0|STATS |=-=-=-=-=-=-=-=-=-=-=-=-=-=-=-=-=-=-=-=-=-=-=-=-=-=-=-=-=-=-=-=-=-=-=-=-=-=-=-
2018-12-07 04:19:18|  59.3|  0.0|STATS |=-=-=-=-=-=-=-=-=-=-=-=-=-=-=-=-=-=-=-=-=-=-=-=-=-=-=-=-=-=-=-=-=-=-=-=-=-=-=-
2018-12-07 04:19:18|  59.3|  0.0|STATS |                           Features Written Summary
2018-12-07 04:19:18|  59.3|  0.0|STATS |=-=-=-=-=-=-=-=-=-=-=-=-=-=-=-=-=-=-=-=-=-=-=-=-=-=-=-=-=-=-=-=-=-=-=-=-=-=-=-
2018-12-07 04:19:18|  59.3|  0.0|STATS |internal.bc_civicaddress_table                                          158367
2018-12-07 04:19:18|  59.3|  0.0|STATS |==============================================================================
2018-12-07 04:19:18|  59.3|  0.0|STATS |Total Features Written                                                  158367
2018-12-07 04:19:18|  59.3|  0.0|STATS |=-=-=-=-=-=-=-=-=-=-=-=-=-=-=-=-=-=-=-=-=-=-=-=-=-=-=-=-=-=-=-=-=-=-=-=-=-=-=-
2018-12-07 04:19:18|  59.3|  0.0|INFORM|Closing the Geodatabase reader
2018-12-07 04:19:18|  59.3|  0.0|INFORM|Translation was SUCCESSFUL with 0 warning(s) (158367 feature(s) output)
2018-12-07 04:19:18|  59.3|  0.0|INFORM|FME Session Duration: 1 minute 15.1 seconds. (CPU: 57.8s user, 1.4s system)
2018-12-07 04:19:18|  59.3|  0.0|INFORM|END - ProcessID: 4936, peak process memory usage: 172280 kB, current process memory usage: 159888 kB
