2018-12-07 04:35:03|   0.1|  0.1|INFORM|FME 2017.1.1.1 (20171014 - Build 17652 - WIN32)
2018-12-07 04:35:03|   0.1|  0.0|INFORM|FME_HOME is 'c:\FME2017\'
2018-12-07 04:35:03|   0.1|  0.0|INFORM|FME Desktop ESRI Edition (floating)
2018-12-07 04:35:03|   0.1|  0.0|INFORM|Permanent License.
2018-12-07 04:35:03|   0.1|  0.0|INFORM|Machine host name is: coa-gis-fme2
2018-12-07 04:35:03|   0.1|  0.0|INFORM|START - ProcessID: 5488, peak process memory usage: 31464 kB, current process memory usage: 31448 kB
2018-12-07 04:35:03|   0.1|  0.0|INFORM|FME Configuration: Command line arguments are `c:\FME2017\fme' `C:\jon\bedrock\working_directory\assets\finance\gl_master/munisTOwh-gl_master.fmw'
2018-12-07 04:35:04|   0.2|  0.1|INFORM|Shared folders for formats are : c:\FME2017\datasources;C:\Users\mssqlgisadmin\Documents\FME\Formats
2018-12-07 04:35:04|   0.2|  0.0|INFORM|Shared folders for transformers are : c:\FME2017\transformers;C:\Users\mssqlgisadmin\Documents\FME\Transformers;C:\Users\mssqlgisadmin\AppData\Roaming\Safe Software\FME\FME Store\Transformers
2018-12-07 04:35:04|   0.2|  0.0|INFORM|Shared folders for coordinate systems are : C:\Users\mssqlgisadmin\Documents\FME\CoordinateSystems
2018-12-07 04:35:04|   0.2|  0.0|INFORM|Shared folders for coordinate system exceptions are : C:\Users\mssqlgisadmin\Documents\FME\CoordinateSystemExceptions
2018-12-07 04:35:04|   0.2|  0.0|INFORM|Shared folders for coordinate system grid overrides are : C:\Users\mssqlgisadmin\Documents\FME\CoordinateSystemGridOverrides
2018-12-07 04:35:04|   0.2|  0.0|INFORM|Shared folders for CS-MAP transformation exceptions are : C:\Users\mssqlgisadmin\Documents\FME\CsmapTransformationExceptions
2018-12-07 04:35:04|   0.2|  0.0|INFORM|Shared folders for transformer categories are : C:\Users\mssqlgisadmin\Documents\FME\TransformerCategories
2018-12-07 04:35:04|   0.2|  0.0|INFORM|FME Configuration: Reader Keyword is `MSSQL_ADO_1'
2018-12-07 04:35:04|   0.2|  0.0|INFORM|FME Configuration: Writer Keyword is `MULTI_WRITER'
2018-12-07 04:35:04|   0.2|  0.0|INFORM|FME Configuration: Writer Group Definition Keyword is `MULTI_WRITER_DEF'
2018-12-07 04:35:04|   0.2|  0.0|INFORM|FME Configuration: Reader type is `MSSQL_ADO'
2018-12-07 04:35:04|   0.2|  0.0|INFORM|FME Configuration: Writer type is `MULTI_WRITER'
2018-12-07 04:35:04|   0.2|  0.0|INFORM|FME Configuration: No destination coordinate system set
2018-12-07 04:35:04|   0.2|  0.0|INFORM|FME Configuration: Current working folder is `C:\jon\bedrock\working_directory\assets\finance\gl_master'
2018-12-07 04:35:04|   0.2|  0.0|INFORM|FME Configuration: Temporary folder is `C:\Users\MSSQLG~1\AppData\Local\Temp', set from environment variable `TEMP'
2018-12-07 04:35:04|   0.2|  0.0|INFORM|FME Configuration: FME_HOME is `c:\FME2017\'
2018-12-07 04:35:04|   0.2|  0.0|INFORM|FME Configuration: FME_BASE is 'no'
2018-12-07 04:35:04|   0.2|  0.0|INFORM|FME Configuration: FME_MF_DIR is 'C:\jon\bedrock\working_directory\assets\finance\gl_master/'
2018-12-07 04:35:04|   0.2|  0.0|INFORM|FME Configuration: FME_MF_NAME is 'munisTOwh-gl_master.fmw'
2018-12-07 04:35:04|   0.2|  0.0|INFORM|FME Configuration: FME_PRODUCT_NAME is 'FME(R) 2017.1.1.1'
2018-12-07 04:35:04|   0.2|  0.0|INFORM|System Status: 116.53 GB of disk space available in the FME temporary folder (C:\Users\MSSQLG~1\AppData\Local\Temp)
2018-12-07 04:35:04|   0.2|  0.0|INFORM|System Status: 4.00 GB of virtual memory available
2018-12-07 04:35:04|   0.2|  0.0|INFORM|Operating System: Microsoft Windows Server 2012 R2 Server 4.0 64-bit  (Build 9600)
2018-12-07 04:35:04|   0.2|  0.0|INFORM|FME Platform: WIN32
2018-12-07 04:35:04|   0.2|  0.0|INFORM|Locale: en_US
2018-12-07 04:35:04|   0.2|  0.0|INFORM|Code Page: 1252  (ANSI - Latin I)
2018-12-07 04:35:04|   0.2|  0.0|INFORM|FME Configuration: Process limits are 8.00 GB of physical memory and 4.00 GB of address space
2018-12-07 04:35:04|   0.2|  0.0|INFORM|FME Configuration: Start freeing memory when process usage exceeds 2.83 GB of memory or 3.41 GB of address space
2018-12-07 04:35:04|   0.2|  0.0|INFORM|FME Configuration: Stop freeing memory when process usage is below 2.12 GB of memory and 2.56 GB of address space
2018-12-07 04:35:04|   0.3|  0.1|INFORM|Creating writer for format: 
2018-12-07 04:35:05|   1.9|  1.6|INFORM|FME Configuration: Named Connection Storage: 'C:\Users\mssqlgisadmin\AppData\Roaming\Safe Software\FME\'
2018-12-07 04:35:05|   1.9|  0.0|INFORM|FME Configuration: Using Named Connection values from 'munis-prod' for MSSQL_ADO_1
2018-12-07 04:35:05|   1.9|  0.0|INFORM|Creating reader for format: Microsoft SQL Server Non-Spatial
2018-12-07 04:35:05|   2.0|  0.1|INFORM|Trying to find a DYNAMIC plugin for reader named `MSSQL_ADO'
2018-12-07 04:35:05|   2.0|  0.0|INFORM|Loaded module 'MSSQL_ADO' from file 'c:\FME2017\plugins/FME_ADO.dll'
2018-12-07 04:35:05|   2.0|  0.0|INFORM|FME API version of module 'MSSQL_ADO' matches current internal version (3.8 20170315)
2018-12-07 04:35:05|   2.0|  0.0|INFORM|Microsoft SQL Server Non-Spatial Reader: Read 1 DEF line(s).  Found 0 attribute(s)
2018-12-07 04:35:05|   2.0|  0.0|INFORM|Microsoft SQL Server Non-Spatial Reader: Opening `munprod' for read operation
2018-12-07 04:35:05|   2.0|  0.0|INFORM|Microsoft SQL Server Non-Spatial Reader: Trying to connect using SQL Server 2012 Native Client...
2018-12-07 04:35:05|   2.0|  0.0|INFORM|Using MultiWriter with keyword `MULTI_WRITER' to output data (ID_ATTRIBUTE is `multi_writer_id')
2018-12-07 04:35:05|   2.0|  0.0|INFORM|Writer output will be ordered by value of multi_writer_id
2018-12-07 04:35:07|   2.0|  0.0|INFORM|Microsoft SQL Server Non-Spatial Reader: Now reading features from table amd.gl_master, 10 record(s) at a time
2018-12-07 04:35:07|   2.3|  0.3|INFORM|FME Configuration: Using Named Connection values from 'mda-store-1' for POSTGRES_1
2018-12-07 04:35:07|   2.3|  0.0|INFORM|Creating writer for format: PostgreSQL
2018-12-07 04:35:08|   2.3|  0.1|INFORM|Trying to find a DYNAMIC plugin for writer named `POSTGRES'
2018-12-07 04:35:08|   2.4|  0.0|INFORM|Loaded module 'POSTGRES' from file 'c:\FME2017\plugins/POSTGIS.dll'
2018-12-07 04:35:08|   2.4|  0.0|INFORM|FME API version of module 'POSTGRES' matches current internal version (3.8 20170315)
2018-12-07 04:35:08|   2.4|  0.0|INFORM|FME Configuration: No destination coordinate system set
2018-12-07 04:35:08|   2.4|  0.0|INFORM|FME API version of module 'POSTGRES' matches current internal version (3.8 20170315)
2018-12-07 04:35:08|   2.4|  0.0|INFORM|Writer `POSTGRES_1' of type `POSTGRES' using group definition keyword `POSTGRES_1_DEF'
2018-12-07 04:35:08|   2.4|  0.0|INFORM|FME API version of module 'POSTGRES' matches current internal version (3.8 20170315)
2018-12-07 04:35:08|   2.4|  0.0|INFORM|Opening POSTGRES writer for dataset 'mdastore1'...
2018-12-07 04:35:09|   3.4|  1.1|INFORM|PostGIS client encoding: 'UTF8'
2018-12-07 04:35:09|   3.4|  0.0|INFORM|PostgreSQL 10.4 on x86_64-pc-linux-gnu, compiled by gcc (GCC) 4.8.3 20140911 (Red Hat 4.8.3-9), 64-bit
2018-12-07 04:35:09|   3.4|  0.0|INFORM|Testing for the existence of table 'internal.gl_master'...
2018-12-07 04:35:09|   3.4|  0.0|INFORM|Truncating existing table 'internal.gl_master'...
2018-12-07 04:35:09|   3.4|  0.0|INFORM|Using existing table 'internal.gl_master'
2018-12-07 04:35:10|   3.4|  0.0|INFORM|POSTGRES Writer: Creating 'streaming Bulk Copy' feature type processor for feature type 'internal.gl_master'
2018-12-07 04:35:10|   4.0|  0.5|INFORM|Committed transaction at feature '1000'
2018-12-07 04:35:11|   4.5|  0.5|INFORM|Committed transaction at feature '2000'
2018-12-07 04:35:11|   4.8|  0.3|INFORM|Reading source feature # 2500
2018-12-07 04:35:12|   5.1|  0.3|INFORM|Committed transaction at feature '3000'
2018-12-07 04:35:12|   5.7|  0.6|INFORM|Committed transaction at feature '4000'
2018-12-07 04:35:13|   6.2|  0.5|INFORM|Reading source feature # 5000
2018-12-07 04:35:13|   6.2|  0.0|INFORM|Committed transaction at feature '5000'
2018-12-07 04:35:14|   6.8|  0.5|INFORM|Committed transaction at feature '6000'
2018-12-07 04:35:14|   7.3|  0.5|INFORM|Committed transaction at feature '7000'
2018-12-07 04:35:14|   7.6|  0.3|INFORM|Reading source feature # 7500
2018-12-07 04:35:15|   7.9|  0.3|INFORM|Committed transaction at feature '8000'
2018-12-07 04:35:15|   8.4|  0.5|INFORM|Committed transaction at feature '9000'
2018-12-07 04:35:16|   9.0|  0.6|INFORM|Reading source feature # 10000
2018-12-07 04:35:16|   9.0|  0.0|INFORM|Committed transaction at feature '10000'
2018-12-07 04:35:17|   9.5|  0.5|INFORM|Committed transaction at feature '11000'
2018-12-07 04:35:17|  10.1|  0.6|INFORM|Committed transaction at feature '12000'
2018-12-07 04:35:18|  10.4|  0.3|INFORM|Reading source feature # 12500
2018-12-07 04:35:18|  10.6|  0.3|INFORM|Committed transaction at feature '13000'
2018-12-07 04:35:18|  11.2|  0.5|INFORM|Committed transaction at feature '14000'
2018-12-07 04:35:19|  11.7|  0.5|INFORM|Reading source feature # 15000
2018-12-07 04:35:19|  11.7|  0.0|INFORM|Committed transaction at feature '15000'
2018-12-07 04:35:20|  12.3|  0.6|INFORM|Committed transaction at feature '16000'
2018-12-07 04:35:20|  12.9|  0.6|INFORM|Committed transaction at feature '17000'
2018-12-07 04:35:21|  13.2|  0.3|INFORM|Reading source feature # 17500
2018-12-07 04:35:21|  13.4|  0.3|INFORM|Committed transaction at feature '18000'
2018-12-07 04:35:22|  14.0|  0.6|INFORM|Committed transaction at feature '19000'
2018-12-07 04:35:22|  14.5|  0.5|INFORM|Reading source feature # 20000
2018-12-07 04:35:22|  14.5|  0.0|INFORM|Committed transaction at feature '20000'
2018-12-07 04:35:23|  15.1|  0.5|INFORM|Committed transaction at feature '21000'
2018-12-07 04:35:23|  15.6|  0.5|INFORM|Committed transaction at feature '22000'
2018-12-07 04:35:24|  15.9|  0.3|INFORM|Reading source feature # 22500
2018-12-07 04:35:24|  16.1|  0.3|INFORM|Committed transaction at feature '23000'
2018-12-07 04:35:25|  16.7|  0.5|INFORM|Committed transaction at feature '24000'
2018-12-07 04:35:25|  17.2|  0.5|INFORM|Reading source feature # 25000
2018-12-07 04:35:25|  17.2|  0.0|INFORM|Committed transaction at feature '25000'
2018-12-07 04:35:26|  17.8|  0.6|INFORM|Committed transaction at feature '26000'
2018-12-07 04:35:26|  18.3|  0.6|INFORM|Committed transaction at feature '27000'
2018-12-07 04:35:27|  18.6|  0.3|INFORM|Reading source feature # 27500
2018-12-07 04:35:27|  18.9|  0.3|INFORM|Committed transaction at feature '28000'
2018-12-07 04:35:28|  19.4|  0.6|INFORM|Committed transaction at feature '29000'
2018-12-07 04:35:28|  20.0|  0.5|INFORM|Reading source feature # 30000
2018-12-07 04:35:28|  20.0|  0.0|INFORM|Committed transaction at feature '30000'
2018-12-07 04:35:29|  20.5|  0.5|INFORM|Committed transaction at feature '31000'
2018-12-07 04:35:29|  21.0|  0.5|INFORM|Committed transaction at feature '32000'
2018-12-07 04:35:30|  21.3|  0.3|INFORM|Reading source feature # 32500
2018-12-07 04:35:30|  21.5|  0.3|INFORM|Committed transaction at feature '33000'
2018-12-07 04:35:31|  22.0|  0.5|INFORM|Committed transaction at feature '34000'
2018-12-07 04:35:31|  22.5|  0.5|INFORM|Reading source feature # 35000
2018-12-07 04:35:31|  22.5|  0.0|INFORM|Committed transaction at feature '35000'
2018-12-07 04:35:32|  23.1|  0.5|INFORM|Committed transaction at feature '36000'
2018-12-07 04:35:32|  23.6|  0.5|INFORM|Committed transaction at feature '37000'
2018-12-07 04:35:33|  23.8|  0.3|INFORM|Reading source feature # 37500
2018-12-07 04:35:33|  24.1|  0.3|INFORM|Committed transaction at feature '38000'
2018-12-07 04:35:33|  24.6|  0.5|INFORM|Committed transaction at feature '39000'
2018-12-07 04:35:34|  25.1|  0.5|INFORM|Reading source feature # 40000
2018-12-07 04:35:34|  25.1|  0.0|INFORM|Committed transaction at feature '40000'
2018-12-07 04:35:35|  25.7|  0.5|INFORM|Committed transaction at feature '41000'
2018-12-07 04:35:35|  26.2|  0.5|INFORM|Committed transaction at feature '42000'
2018-12-07 04:35:35|  26.5|  0.3|INFORM|Reading source feature # 42500
2018-12-07 04:35:36|  26.7|  0.3|INFORM|Committed transaction at feature '43000'
2018-12-07 04:35:36|  27.3|  0.5|INFORM|Committed transaction at feature '44000'
2018-12-07 04:35:37|  27.8|  0.5|INFORM|Reading source feature # 45000
2018-12-07 04:35:37|  27.8|  0.0|INFORM|Committed transaction at feature '45000'
2018-12-07 04:35:38|  28.3|  0.5|INFORM|Committed transaction at feature '46000'
2018-12-07 04:35:38|  28.8|  0.5|INFORM|Committed transaction at feature '47000'
2018-12-07 04:35:38|  29.1|  0.3|INFORM|Reading source feature # 47500
2018-12-07 04:35:39|  29.3|  0.3|INFORM|Committed transaction at feature '48000'
2018-12-07 04:35:39|  29.8|  0.5|INFORM|Committed transaction at feature '49000'
2018-12-07 04:35:40|  30.4|  0.5|INFORM|Reading source feature # 50000
2018-12-07 04:35:40|  30.4|  0.0|INFORM|Committed transaction at feature '50000'
2018-12-07 04:35:40|  30.9|  0.5|INFORM|Committed transaction at feature '51000'
2018-12-07 04:35:41|  31.4|  0.5|INFORM|Committed transaction at feature '52000'
2018-12-07 04:35:41|  31.7|  0.3|INFORM|Reading source feature # 52500
2018-12-07 04:35:42|  31.9|  0.3|INFORM|Committed transaction at feature '53000'
2018-12-07 04:35:42|  32.4|  0.5|INFORM|Committed transaction at feature '54000'
2018-12-07 04:35:43|  33.0|  0.5|INFORM|Reading source feature # 55000
2018-12-07 04:35:43|  33.0|  0.0|INFORM|Committed transaction at feature '55000'
2018-12-07 04:35:43|  33.5|  0.5|INFORM|Committed transaction at feature '56000'
2018-12-07 04:35:44|  34.0|  0.5|INFORM|Committed transaction at feature '57000'
2018-12-07 04:35:44|  34.2|  0.3|INFORM|Reading source feature # 57500
2018-12-07 04:35:44|  34.5|  0.3|INFORM|Committed transaction at feature '58000'
2018-12-07 04:35:45|  35.0|  0.5|INFORM|Committed transaction at feature '59000'
2018-12-07 04:35:46|  35.5|  0.5|INFORM|Reading source feature # 60000
2018-12-07 04:35:46|  35.5|  0.0|INFORM|Committed transaction at feature '60000'
2018-12-07 04:35:46|  36.1|  0.5|INFORM|Committed transaction at feature '61000'
2018-12-07 04:35:47|  36.6|  0.5|INFORM|Committed transaction at feature '62000'
2018-12-07 04:35:47|  36.8|  0.3|INFORM|Reading source feature # 62500
2018-12-07 04:35:47|  37.1|  0.3|INFORM|Committed transaction at feature '63000'
2018-12-07 04:35:48|  37.6|  0.5|INFORM|Committed transaction at feature '64000'
2018-12-07 04:35:48|  38.1|  0.5|INFORM|Reading source feature # 65000
2018-12-07 04:35:49|  38.1|  0.0|INFORM|Committed transaction at feature '65000'
2018-12-07 04:35:49|  38.6|  0.5|INFORM|Committed transaction at feature '66000'
2018-12-07 04:35:50|  39.2|  0.5|INFORM|Committed transaction at feature '67000'
2018-12-07 04:35:50|  39.4|  0.3|INFORM|Reading source feature # 67500
2018-12-07 04:35:50|  39.7|  0.3|INFORM|Committed transaction at feature '68000'
2018-12-07 04:35:51|  40.2|  0.5|INFORM|Committed transaction at feature '69000'
2018-12-07 04:35:51|  40.7|  0.5|INFORM|Reading source feature # 70000
2018-12-07 04:35:51|  40.7|  0.0|INFORM|Committed transaction at feature '70000'
2018-12-07 04:35:52|  41.2|  0.5|INFORM|Committed transaction at feature '71000'
2018-12-07 04:35:53|  41.8|  0.5|INFORM|Committed transaction at feature '72000'
2018-12-07 04:35:53|  42.0|  0.3|INFORM|Reading source feature # 72500
2018-12-07 04:35:53|  42.3|  0.3|INFORM|Committed transaction at feature '73000'
2018-12-07 04:35:54|  42.8|  0.5|INFORM|Committed transaction at feature '74000'
2018-12-07 04:35:54|  43.3|  0.5|INFORM|Reading source feature # 75000
2018-12-07 04:35:54|  43.3|  0.0|INFORM|Committed transaction at feature '75000'
2018-12-07 04:35:55|  43.8|  0.5|INFORM|Committed transaction at feature '76000'
2018-12-07 04:35:55|  44.3|  0.5|INFORM|Committed transaction at feature '77000'
2018-12-07 04:35:56|  44.6|  0.3|INFORM|Reading source feature # 77500
2018-12-07 04:35:56|  44.8|  0.3|INFORM|Committed transaction at feature '78000'
2018-12-07 04:35:57|  45.3|  0.5|INFORM|Committed transaction at feature '79000'
2018-12-07 04:35:57|  45.9|  0.5|INFORM|Reading source feature # 80000
2018-12-07 04:35:57|  45.9|  0.0|INFORM|Committed transaction at feature '80000'
2018-12-07 04:35:58|  46.4|  0.5|INFORM|Committed transaction at feature '81000'
2018-12-07 04:35:58|  46.9|  0.5|INFORM|Committed transaction at feature '82000'
2018-12-07 04:35:59|  47.2|  0.3|INFORM|Reading source feature # 82500
2018-12-07 04:35:59|  47.4|  0.3|INFORM|Committed transaction at feature '83000'
2018-12-07 04:36:00|  47.9|  0.5|INFORM|Committed transaction at feature '84000'
2018-12-07 04:36:00|  48.5|  0.6|INFORM|Reading source feature # 85000
2018-12-07 04:36:00|  48.5|  0.0|INFORM|Committed transaction at feature '85000'
2018-12-07 04:36:01|  49.1|  0.6|INFORM|Committed transaction at feature '86000'
2018-12-07 04:36:01|  49.7|  0.6|INFORM|Committed transaction at feature '87000'
2018-12-07 04:36:02|  49.9|  0.3|INFORM|Reading source feature # 87500
2018-12-07 04:36:02|  50.2|  0.3|INFORM|Committed transaction at feature '88000'
2018-12-07 04:36:03|  50.7|  0.5|INFORM|Committed transaction at feature '89000'
2018-12-07 04:36:03|  51.2|  0.5|INFORM|Reading source feature # 90000
2018-12-07 04:36:03|  51.2|  0.0|INFORM|Committed transaction at feature '90000'
2018-12-07 04:36:04|  51.8|  0.5|INFORM|Committed transaction at feature '91000'
2018-12-07 04:36:04|  52.4|  0.6|INFORM|Committed transaction at feature '92000'
2018-12-07 04:36:05|  52.7|  0.3|INFORM|Reading source feature # 92500
2018-12-07 04:36:05|  53.0|  0.3|INFORM|Committed transaction at feature '93000'
2018-12-07 04:36:06|  53.5|  0.5|INFORM|Committed transaction at feature '94000'
2018-12-07 04:36:06|  54.1|  0.5|INFORM|Reading source feature # 95000
2018-12-07 04:36:06|  54.1|  0.0|INFORM|Committed transaction at feature '95000'
2018-12-07 04:36:07|  54.6|  0.5|INFORM|Committed transaction at feature '96000'
2018-12-07 04:36:08|  55.1|  0.5|INFORM|Committed transaction at feature '97000'
2018-12-07 04:36:08|  55.4|  0.3|INFORM|Reading source feature # 97500
2018-12-07 04:36:08|  55.6|  0.3|INFORM|Committed transaction at feature '98000'
2018-12-07 04:36:09|  56.2|  0.5|INFORM|Committed transaction at feature '99000'
2018-12-07 04:36:09|  56.8|  0.6|INFORM|Reading source feature # 100000
2018-12-07 04:36:09|  56.8|  0.0|INFORM|Committed transaction at feature '100000'
2018-12-07 04:36:10|  57.4|  0.6|INFORM|Committed transaction at feature '101000'
2018-12-07 04:36:11|  57.9|  0.5|INFORM|Committed transaction at feature '102000'
2018-12-07 04:36:11|  58.3|  0.3|INFORM|Reading source feature # 102500
2018-12-07 04:36:11|  58.5|  0.3|INFORM|Committed transaction at feature '103000'
2018-12-07 04:36:12|  59.1|  0.5|INFORM|Committed transaction at feature '104000'
2018-12-07 04:36:13|  59.6|  0.5|INFORM|Reading source feature # 105000
2018-12-07 04:36:13|  59.6|  0.0|INFORM|Committed transaction at feature '105000'
2018-12-07 04:36:13|  60.1|  0.5|INFORM|Committed transaction at feature '106000'
2018-12-07 04:36:14|  60.7|  0.6|INFORM|Committed transaction at feature '107000'
2018-12-07 04:36:14|  61.0|  0.3|INFORM|Reading source feature # 107500
2018-12-07 04:36:14|  61.3|  0.3|INFORM|Committed transaction at feature '108000'
2018-12-07 04:36:15|  61.9|  0.6|INFORM|Committed transaction at feature '109000'
2018-12-07 04:36:16|  62.4|  0.5|INFORM|Reading source feature # 110000
2018-12-07 04:36:16|  62.4|  0.0|INFORM|Committed transaction at feature '110000'
2018-12-07 04:36:16|  62.9|  0.5|INFORM|Committed transaction at feature '111000'
2018-12-07 04:36:17|  63.5|  0.6|INFORM|Committed transaction at feature '112000'
2018-12-07 04:36:17|  63.8|  0.3|INFORM|Reading source feature # 112500
2018-12-07 04:36:17|  64.0|  0.3|INFORM|Committed transaction at feature '113000'
2018-12-07 04:36:18|  64.6|  0.5|INFORM|Committed transaction at feature '114000'
2018-12-07 04:36:19|  65.2|  0.6|INFORM|Reading source feature # 115000
2018-12-07 04:36:19|  65.2|  0.0|INFORM|Committed transaction at feature '115000'
2018-12-07 04:36:19|  65.7|  0.5|INFORM|Committed transaction at feature '116000'
2018-12-07 04:36:20|  66.3|  0.6|INFORM|Committed transaction at feature '117000'
2018-12-07 04:36:20|  66.5|  0.3|INFORM|Reading source feature # 117500
2018-12-07 04:36:20|  66.8|  0.3|INFORM|Committed transaction at feature '118000'
2018-12-07 04:36:21|  67.3|  0.5|INFORM|Committed transaction at feature '119000'
2018-12-07 04:36:22|  67.9|  0.6|INFORM|Reading source feature # 120000
2018-12-07 04:36:22|  68.0|  0.0|INFORM|Committed transaction at feature '120000'
2018-12-07 04:36:22|  68.5|  0.6|INFORM|Committed transaction at feature '121000'
2018-12-07 04:36:23|  69.1|  0.6|INFORM|Committed transaction at feature '122000'
2018-12-07 04:36:23|  69.4|  0.3|INFORM|Reading source feature # 122500
2018-12-07 04:36:24|  69.7|  0.3|INFORM|Committed transaction at feature '123000'
2018-12-07 04:36:24|  70.3|  0.6|INFORM|Committed transaction at feature '124000'
2018-12-07 04:36:25|  70.8|  0.6|INFORM|Reading source feature # 125000
2018-12-07 04:36:25|  70.8|  0.0|INFORM|Committed transaction at feature '125000'
2018-12-07 04:36:26|  71.4|  0.5|INFORM|Committed transaction at feature '126000'
2018-12-07 04:36:26|  72.0|  0.6|INFORM|Committed transaction at feature '127000'
2018-12-07 04:36:27|  72.2|  0.3|INFORM|Reading source feature # 127500
2018-12-07 04:36:27|  72.5|  0.3|INFORM|Committed transaction at feature '128000'
2018-12-07 04:36:27|  73.0|  0.5|INFORM|Committed transaction at feature '129000'
2018-12-07 04:36:28|  73.6|  0.6|INFORM|Reading source feature # 130000
2018-12-07 04:36:28|  73.6|  0.0|INFORM|Committed transaction at feature '130000'
2018-12-07 04:36:29|  74.2|  0.6|INFORM|Committed transaction at feature '131000'
2018-12-07 04:36:29|  74.7|  0.5|INFORM|Committed transaction at feature '132000'
2018-12-07 04:36:30|  75.0|  0.3|INFORM|Reading source feature # 132500
2018-12-07 04:36:30|  75.3|  0.3|INFORM|Committed transaction at feature '133000'
2018-12-07 04:36:30|  75.8|  0.5|INFORM|Committed transaction at feature '134000'
2018-12-07 04:36:31|  76.3|  0.5|INFORM|Reading source feature # 135000
2018-12-07 04:36:31|  76.3|  0.0|INFORM|Committed transaction at feature '135000'
2018-12-07 04:36:32|  76.8|  0.5|INFORM|Committed transaction at feature '136000'
2018-12-07 04:36:32|  76.8|  0.0|INFORM|Microsoft SQL Server Non-Spatial Reader: Database read complete.  Retrieved 136071 feature(s)
2018-12-07 04:36:32|  76.8|  0.0|INFORM|Emptying factory pipeline
2018-12-07 04:36:32|  76.8|  0.0|STATS |Router and Unexpected Input Remover(RoutingFactory): Tested 136071 input feature(s), wrote 136071 output feature(s): 136071 matched merge filters, 136071 were routed to output, 0 could not be routed.
2018-12-07 04:36:32|  76.8|  0.0|STATS |amd.gl_master (MSSQL_ADO_1) Splitter(TeeFactory): Cloned 136071 input feature(s) into 136071 output feature(s)
2018-12-07 04:36:32|  76.8|  0.0|STATS |Destination Feature Type Routing Correlator(RoutingFactory): Tested 136071 input feature(s), wrote 136071 output feature(s): 0 matched merge filters, 136071 were routed to output, 0 could not be routed.
2018-12-07 04:36:32|  76.8|  0.0|STATS |Final Output Nuker(TeeFactory): Cloned 0 input feature(s) into 0 output feature(s)
2018-12-07 04:36:32|  76.8|  0.0|INFORM|Successfully closed POSTGRES database writer
2018-12-07 04:36:32|  76.8|  0.0|INFORM|=-=-=-=-=-=-=-=-=-=-=-=-=-=-=-=-=-=-=-=-=-=-=-=-=-=-=-=-=-=-=-=-=-=-=-=-=-=-=-
2018-12-07 04:36:32|  76.8|  0.0|INFORM|Feature output statistics for `POSTGRES' writer using keyword `POSTGRES_1':
2018-12-07 04:36:32|  76.8|  0.0|STATS |=-=-=-=-=-=-=-=-=-=-=-=-=-=-=-=-=-=-=-=-=-=-=-=-=-=-=-=-=-=-=-=-=-=-=-=-=-=-=-
2018-12-07 04:36:32|  76.8|  0.0|STATS |                               Features Written
2018-12-07 04:36:32|  76.8|  0.0|STATS |=-=-=-=-=-=-=-=-=-=-=-=-=-=-=-=-=-=-=-=-=-=-=-=-=-=-=-=-=-=-=-=-=-=-=-=-=-=-=-
2018-12-07 04:36:32|  76.8|  0.0|STATS |internal.gl_master                                                      136071
2018-12-07 04:36:32|  76.8|  0.0|STATS |==============================================================================
2018-12-07 04:36:32|  76.8|  0.0|STATS |Total Features Written                                                  136071
2018-12-07 04:36:32|  76.8|  0.0|STATS |=-=-=-=-=-=-=-=-=-=-=-=-=-=-=-=-=-=-=-=-=-=-=-=-=-=-=-=-=-=-=-=-=-=-=-=-=-=-=-
2018-12-07 04:36:32|  76.8|  0.0|STATS |=-=-=-=-=-=-=-=-=-=-=-=-=-=-=-=-=-=-=-=-=-=-=-=-=-=-=-=-=-=-=-=-=-=-=-=-=-=-=-
2018-12-07 04:36:32|  76.8|  0.0|STATS |                            Features Read Summary
2018-12-07 04:36:32|  76.8|  0.0|STATS |=-=-=-=-=-=-=-=-=-=-=-=-=-=-=-=-=-=-=-=-=-=-=-=-=-=-=-=-=-=-=-=-=-=-=-=-=-=-=-
2018-12-07 04:36:32|  76.8|  0.0|STATS |amd.gl_master                                                           136071
2018-12-07 04:36:32|  76.8|  0.0|STATS |==============================================================================
2018-12-07 04:36:32|  76.8|  0.0|STATS |Total Features Read                                                     136071
2018-12-07 04:36:32|  76.8|  0.0|STATS |=-=-=-=-=-=-=-=-=-=-=-=-=-=-=-=-=-=-=-=-=-=-=-=-=-=-=-=-=-=-=-=-=-=-=-=-=-=-=-
2018-12-07 04:36:32|  76.8|  0.0|STATS |=-=-=-=-=-=-=-=-=-=-=-=-=-=-=-=-=-=-=-=-=-=-=-=-=-=-=-=-=-=-=-=-=-=-=-=-=-=-=-
2018-12-07 04:36:32|  76.8|  0.0|STATS |                           Features Written Summary
2018-12-07 04:36:32|  76.8|  0.0|STATS |=-=-=-=-=-=-=-=-=-=-=-=-=-=-=-=-=-=-=-=-=-=-=-=-=-=-=-=-=-=-=-=-=-=-=-=-=-=-=-
2018-12-07 04:36:32|  76.8|  0.0|STATS |internal.gl_master                                                      136071
2018-12-07 04:36:32|  76.8|  0.0|STATS |==============================================================================
2018-12-07 04:36:32|  76.8|  0.0|STATS |Total Features Written                                                  136071
2018-12-07 04:36:32|  76.8|  0.0|STATS |=-=-=-=-=-=-=-=-=-=-=-=-=-=-=-=-=-=-=-=-=-=-=-=-=-=-=-=-=-=-=-=-=-=-=-=-=-=-=-
2018-12-07 04:36:32|  76.8|  0.0|INFORM|Microsoft SQL Server Non-Spatial Reader: Closing `munprod' . Read operation complete
2018-12-07 04:36:32|  76.8|  0.0|INFORM|Translation was SUCCESSFUL with 0 warning(s) (136071 feature(s) output)
2018-12-07 04:36:32|  76.8|  0.0|INFORM|FME Session Duration: 1 minute 28.4 seconds. (CPU: 76.0s user, 0.7s system)
2018-12-07 04:36:32|  76.8|  0.0|INFORM|END - ProcessID: 5488, peak process memory usage: 80756 kB, current process memory usage: 80528 kB
