2020-04-02 01:42:05|   0.1|  0.1|INFORM|FME 2017.1.1.1 (20171014 - Build 17652 - WIN32)
2020-04-02 01:42:05|   0.1|  0.0|INFORM|FME_HOME is 'c:\FME2017\'
2020-04-02 01:42:05|   0.1|  0.0|INFORM|FME Desktop ESRI Edition (floating)
2020-04-02 01:42:05|   0.1|  0.0|INFORM|Permanent License.
2020-04-02 01:42:05|   0.1|  0.0|INFORM|Machine host name is: coa-gis-fme2
2020-04-02 01:42:05|   0.1|  0.0|INFORM|START - ProcessID: 8640, peak process memory usage: 32284 kB, current process memory usage: 32260 kB
2020-04-02 01:42:05|   0.1|  0.0|INFORM|FME Configuration: Command line arguments are `c:\FME2017\fme' `C:\COA\bedrock\working_directory\everbridge_cust/everbridge_water_customers_ftp.fmw'
2020-04-02 01:42:05|   0.2|  0.1|INFORM|Shared folders for formats are : c:\FME2017\datasources;C:\Users\mssqlgisadmin\Documents\FME\Formats
2020-04-02 01:42:05|   0.2|  0.0|INFORM|Shared folders for transformers are : c:\FME2017\transformers;C:\Users\mssqlgisadmin\Documents\FME\Transformers;C:\Users\mssqlgisadmin\AppData\Roaming\Safe Software\FME\FME Store\Transformers
2020-04-02 01:42:05|   0.2|  0.0|INFORM|Shared folders for coordinate systems are : C:\Users\mssqlgisadmin\Documents\FME\CoordinateSystems
2020-04-02 01:42:05|   0.2|  0.0|INFORM|Shared folders for coordinate system exceptions are : C:\Users\mssqlgisadmin\Documents\FME\CoordinateSystemExceptions
2020-04-02 01:42:05|   0.2|  0.0|INFORM|Shared folders for coordinate system grid overrides are : C:\Users\mssqlgisadmin\Documents\FME\CoordinateSystemGridOverrides
2020-04-02 01:42:05|   0.2|  0.0|INFORM|Shared folders for CS-MAP transformation exceptions are : C:\Users\mssqlgisadmin\Documents\FME\CsmapTransformationExceptions
2020-04-02 01:42:05|   0.2|  0.0|INFORM|Shared folders for transformer categories are : C:\Users\mssqlgisadmin\Documents\FME\TransformerCategories
2020-04-02 01:42:05|   0.2|  0.0|INFORM|FME Configuration: Reader Keyword is `MSSQL_ADO_1'
2020-04-02 01:42:05|   0.2|  0.0|INFORM|FME Configuration: Writer Keyword is `NULL_DEST'
2020-04-02 01:42:05|   0.2|  0.0|INFORM|FME Configuration: Writer Group Definition Keyword is `NULL_DEST_DEF'
2020-04-02 01:42:05|   0.2|  0.0|INFORM|FME Configuration: Reader type is `MSSQL_ADO'
2020-04-02 01:42:05|   0.2|  0.0|INFORM|FME Configuration: Writer type is `NULL'
2020-04-02 01:42:05|   0.2|  0.0|INFORM|FME Configuration: No destination coordinate system set
2020-04-02 01:42:05|   0.2|  0.0|INFORM|FME Configuration: Current working folder is `C:\COA\bedrock\working_directory\everbridge_cust'
2020-04-02 01:42:05|   0.2|  0.0|INFORM|FME Configuration: Temporary folder is `C:\Users\MSSQLG~1\AppData\Local\Temp', set from environment variable `TEMP'
2020-04-02 01:42:05|   0.2|  0.0|INFORM|FME Configuration: FME_HOME is `c:\FME2017\'
2020-04-02 01:42:05|   0.2|  0.0|INFORM|FME Configuration: FME_BASE is 'no'
2020-04-02 01:42:05|   0.2|  0.0|INFORM|FME Configuration: FME_MF_DIR is 'C:\COA\bedrock\working_directory\everbridge_cust/'
2020-04-02 01:42:05|   0.2|  0.0|INFORM|FME Configuration: FME_MF_NAME is 'everbridge_water_customers_ftp.fmw'
2020-04-02 01:42:05|   0.2|  0.0|INFORM|FME Configuration: FME_PRODUCT_NAME is 'FME(R) 2017.1.1.1'
2020-04-02 01:42:05|   0.2|  0.0|INFORM|System Status: 105.37 GB of disk space available in the FME temporary folder (C:\Users\MSSQLG~1\AppData\Local\Temp)
2020-04-02 01:42:05|   0.2|  0.0|INFORM|System Status: 4.00 GB of virtual memory available
2020-04-02 01:42:05|   0.2|  0.0|INFORM|Operating System: Microsoft Windows Server 2012 R2 Server 4.0 64-bit  (Build 9600)
2020-04-02 01:42:05|   0.2|  0.0|INFORM|FME Platform: WIN32
2020-04-02 01:42:05|   0.2|  0.0|INFORM|Locale: en_US
2020-04-02 01:42:05|   0.2|  0.0|INFORM|Code Page: 1252  (ANSI - Latin I)
2020-04-02 01:42:05|   0.2|  0.0|INFORM|FME Configuration: Process limits are 8.00 GB of physical memory and 4.00 GB of address space
2020-04-02 01:42:05|   0.2|  0.0|INFORM|FME Configuration: Start freeing memory when process usage exceeds 2.83 GB of memory or 3.41 GB of address space
2020-04-02 01:42:05|   0.2|  0.0|INFORM|FME Configuration: Stop freeing memory when process usage is below 2.12 GB of memory and 2.56 GB of address space
2020-04-02 01:42:05|   0.3|  0.1|INFORM|Creating writer for format: NULL (Nothing)
2020-04-02 01:42:05|   0.3|  0.0|INFORM|Trying to find a DYNAMIC plugin for writer named `NULL'
2020-04-02 01:42:05|   0.3|  0.0|INFORM|Loaded module 'NULL' from file 'c:\FME2017\plugins/NULL.dll'
2020-04-02 01:42:05|   0.3|  0.0|INFORM|FME API version of module 'NULL' matches current internal version (3.8 20170315)
2020-04-02 01:42:06|   1.6|  1.3|INFORM|FME Configuration: Named Connection Storage: 'C:\Users\mssqlgisadmin\AppData\Roaming\Safe Software\FME\'
2020-04-02 01:42:06|   1.6|  0.0|INFORM|FME Configuration: Using Named Connection values from 'munprod' for MSSQL_ADO_1
2020-04-02 01:42:06|   1.6|  0.0|INFORM|Creating reader for format: Microsoft SQL Server Non-Spatial
2020-04-02 01:42:06|   1.7|  0.1|INFORM|Trying to find a DYNAMIC plugin for reader named `MSSQL_ADO'
2020-04-02 01:42:06|   1.7|  0.0|INFORM|Loaded module 'MSSQL_ADO' from file 'c:\FME2017\plugins/FME_ADO.dll'
2020-04-02 01:42:06|   1.7|  0.0|INFORM|FME API version of module 'MSSQL_ADO' matches current internal version (3.8 20170315)
2020-04-02 01:42:06|   1.7|  0.0|INFORM|Microsoft SQL Server Non-Spatial Reader: Read 1 DEF line(s).  Found 13 attribute(s)
2020-04-02 01:42:06|   1.7|  0.0|INFORM|Microsoft SQL Server Non-Spatial Reader: Opening `munprod' for read operation
2020-04-02 01:42:06|   1.7|  0.0|INFORM|Microsoft SQL Server Non-Spatial Reader: Trying to connect using SQL Server 2012 Native Client...
2020-04-02 01:42:06|   1.7|  0.0|INFORM|FME API version of module 'NULL' matches current internal version (3.8 20170315)
2020-04-02 01:42:11|   1.9|  0.1|INFORM|FME API version of module 'NULL' matches current internal version (3.8 20170315)
2020-04-02 01:42:11|   1.9|  0.0|INFORM|Microsoft SQL Server Non-Spatial Reader: Now reading features from table avl.UB_Water_Customers_Everbridge, 10 record(s) at a time
2020-04-02 01:42:11|   1.9|  0.0|INFORM|Creating writer for format: 
2020-04-02 01:42:11|   1.9|  0.0|INFORM|Using MultiWriter with keyword `FeatureWriter' to output data (ID_ATTRIBUTE is `multi_writer_id')
2020-04-02 01:42:11|   2.1|  0.2|INFORM|FME Configuration: Using Named Connection values from 'munprod' for R_1
2020-04-02 01:42:11|   2.1|  0.0|INFORM|Creating reader for format: Microsoft SQL Server Non-Spatial
2020-04-02 01:42:11|   2.1|  0.0|INFORM|Trying to find a DYNAMIC plugin for reader named `MSSQL_ADO'
2020-04-02 01:42:11|   2.1|  0.0|INFORM|FME API version of module 'MSSQL_ADO' matches current internal version (3.8 20170315)
2020-04-02 01:42:11|   2.1|  0.0|INFORM|FME Configuration: Using Named Connection values from 'munprod' for R_1
2020-04-02 01:42:11|   2.1|  0.0|INFORM|Creating reader for format: Microsoft SQL Server Non-Spatial
2020-04-02 01:42:11|   2.1|  0.0|INFORM|Trying to find a DYNAMIC plugin for reader named `MSSQL_ADO'
2020-04-02 01:42:11|   2.1|  0.0|INFORM|FME API version of module 'MSSQL_ADO' matches current internal version (3.8 20170315)
2020-04-02 01:42:11|   2.1|  0.0|INFORM|Microsoft SQL Server Non-Spatial Reader: Read 1 DEF line(s).  Found 0 attribute(s)
2020-04-02 01:42:11|   2.1|  0.0|INFORM|Microsoft SQL Server Non-Spatial Reader: Opening `munprod' for read operation
2020-04-02 01:42:11|   2.1|  0.0|INFORM|Microsoft SQL Server Non-Spatial Reader: Closing `munprod' . Read operation complete
2020-04-02 01:42:11|   2.1|  0.0|INFORM|Reader `MSSQL_ADO_1' of type `MSSQL_ADO' provided schema for types: avl.UB_Water_Customers_Everbridge
2020-04-02 01:42:11|   2.2|  0.0|INFORM|Creating writer for format: CSV (Comma Separated Value)
2020-04-02 01:42:11|   2.3|  0.1|INFORM|Trying to find a DYNAMIC plugin for writer named `CSV2'
2020-04-02 01:42:11|   2.3|  0.0|INFORM|Loaded module 'CSV2' from file 'c:\FME2017\plugins/CSV2.dll'
2020-04-02 01:42:11|   2.3|  0.0|INFORM|FME API version of module 'CSV2' matches current internal version (3.8 20170315)
2020-04-02 01:42:11|   2.3|  0.0|INFORM|FME Configuration: No destination coordinate system set
2020-04-02 01:42:11|   2.3|  0.0|INFORM|FME API version of module 'CSV2' matches current internal version (3.8 20170315)
2020-04-02 01:42:11|   2.3|  0.0|INFORM|Writer `FeatureWriter_0' of type `CSV2' using group definition keyword `FeatureWriter_0_DEF'
2020-04-02 01:42:11|   2.3|  0.0|INFORM|FME API version of module 'CSV2' matches current internal version (3.8 20170315)
2020-04-02 01:42:11|   2.3|  0.0|INFORM|CSV writer: Directive '_EXTENSION' has the value 'csv'
2020-04-02 01:42:11|   2.3|  0.0|INFORM|CSV writer: Directive '_DELIMITER' has the value ','
2020-04-02 01:42:11|   2.3|  0.0|INFORM|CSV writer: Directive '_WRITE_BOM_FOR_UNICODE' has the value 'Yes'
2020-04-02 01:42:11|   2.3|  0.0|INFORM|CSV writer: Directive '_QUALIFY_FIELD_NAMES' has the value 'if_needed'
2020-04-02 01:42:11|   2.3|  0.0|INFORM|CSV writer: Directive '_QUALIFY_FIELD_VALUES' has the value 'if_needed'
2020-04-02 01:42:11|   2.3|  0.0|INFORM|CSV writer: Directive '_FIELD_QUALIFIER_CHARACTER' has the value '"'
2020-04-02 01:42:11|   2.3|  0.0|INFORM|CSV writer: Directive '_FIELD_QUALIFIER_ESCAPE_CHARACTER' has the value '"'
2020-04-02 01:42:11|   2.3|  0.0|INFORM|CSV writer: Directive '_ROW_TERMINATION' has the value 'System'
2020-04-02 01:42:11|   2.3|  0.0|INFORM|CSV writer: Directive '_WRITE_SCHEMA_FILE' has the value 'NO'
2020-04-02 01:42:11|   2.3|  0.0|INFORM|CSV writer: Opening dataset 'avl.UB_Water_Customers_Everbridge.csv'
2020-04-02 01:42:12|   2.9|  0.7|INFORM|Reading source feature # 2500
2020-04-02 01:42:12|   3.6|  0.7|INFORM|Reading source feature # 5000
2020-04-02 01:42:13|   4.3|  0.7|INFORM|Reading source feature # 7500
2020-04-02 01:42:14|   5.0|  0.7|INFORM|Reading source feature # 10000
2020-04-02 01:42:14|   5.6|  0.7|INFORM|Reading source feature # 12500
2020-04-02 01:42:15|   6.3|  0.7|INFORM|Reading source feature # 15000
2020-04-02 01:42:16|   7.0|  0.7|INFORM|Reading source feature # 17500
2020-04-02 01:42:16|   7.7|  0.7|INFORM|Reading source feature # 20000
2020-04-02 01:42:17|   8.4|  0.7|INFORM|Reading source feature # 22500
2020-04-02 01:42:18|   9.0|  0.7|INFORM|Reading source feature # 25000
2020-04-02 01:42:19|   9.7|  0.7|INFORM|Reading source feature # 27500
2020-04-02 01:42:19|  10.4|  0.7|INFORM|Reading source feature # 30000
2020-04-02 01:42:20|  11.0|  0.7|INFORM|Reading source feature # 32500
2020-04-02 01:42:21|  11.7|  0.7|INFORM|Reading source feature # 35000
2020-04-02 01:42:21|  12.4|  0.7|INFORM|Reading source feature # 37500
2020-04-02 01:42:22|  13.0|  0.7|INFORM|Reading source feature # 40000
2020-04-02 01:42:23|  13.7|  0.7|INFORM|Reading source feature # 42500
2020-04-02 01:42:23|  14.4|  0.7|INFORM|Reading source feature # 45000
2020-04-02 01:42:24|  15.1|  0.7|INFORM|Reading source feature # 47500
2020-04-02 01:42:25|  15.8|  0.7|INFORM|Reading source feature # 50000
2020-04-02 01:42:25|  16.3|  0.6|INFORM|Microsoft SQL Server Non-Spatial Reader: Database read complete.  Retrieved 52055 feature(s)
2020-04-02 01:42:25|  16.3|  0.0|INFORM|Emptying factory pipeline
2020-04-02 01:42:25|  16.3|  0.0|STATS |Router and Unexpected Input Remover(RoutingFactory): Tested 52055 input feature(s), wrote 52055 output feature(s): 52055 matched merge filters, 52055 were routed to output, 0 could not be routed.
2020-04-02 01:42:25|  16.3|  0.0|STATS |avl.UB_Water_Customers_Everbridge (MSSQL_ADO_1) Splitter(TeeFactory): Cloned 52055 input feature(s) into 52055 output feature(s)
2020-04-02 01:42:25|  16.3|  0.0|INFORM|=-=-=-=-=-=-=-=-=-=-=-=-=-=-=-=-=-=-=-=-=-=-=-=-=-=-=-=-=-=-=-=-=-=-=-=-=-=-=-
2020-04-02 01:42:25|  16.3|  0.0|INFORM|Feature output statistics for `CSV2' writer using keyword `FeatureWriter_0':
2020-04-02 01:42:25|  16.3|  0.0|STATS |=-=-=-=-=-=-=-=-=-=-=-=-=-=-=-=-=-=-=-=-=-=-=-=-=-=-=-=-=-=-=-=-=-=-=-=-=-=-=-
2020-04-02 01:42:25|  16.3|  0.0|STATS |                               Features Written
2020-04-02 01:42:25|  16.3|  0.0|STATS |=-=-=-=-=-=-=-=-=-=-=-=-=-=-=-=-=-=-=-=-=-=-=-=-=-=-=-=-=-=-=-=-=-=-=-=-=-=-=-
2020-04-02 01:42:25|  16.3|  0.0|STATS |avl.UB_Water_Customers_Everbridge                                        52055
2020-04-02 01:42:25|  16.3|  0.0|STATS |==============================================================================
2020-04-02 01:42:25|  16.3|  0.0|STATS |Total Features Written                                                   52055
2020-04-02 01:42:25|  16.3|  0.0|STATS |=-=-=-=-=-=-=-=-=-=-=-=-=-=-=-=-=-=-=-=-=-=-=-=-=-=-=-=-=-=-=-=-=-=-=-=-=-=-=-
2020-04-02 01:42:25|  16.3|  0.0|STATS |Destination Feature Type Routing Correlator(RoutingFactory): Tested 0 input feature(s), wrote 0 output feature(s): 0 matched merge filters, 0 were routed to output, 0 could not be routed.
2020-04-02 01:42:25|  16.3|  0.0|STATS |Final Output Nuker(TeeFactory): Cloned 0 input feature(s) into 0 output feature(s)
2020-04-02 01:42:25|  16.3|  0.0|STATS |=-=-=-=-=-=-=-=-=-=-=-=-=-=-=-=-=-=-=-=-=-=-=-=-=-=-=-=-=-=-=-=-=-=-=-=-=-=-=-
2020-04-02 01:42:25|  16.3|  0.0|STATS |                            Features Read Summary
2020-04-02 01:42:25|  16.3|  0.0|STATS |=-=-=-=-=-=-=-=-=-=-=-=-=-=-=-=-=-=-=-=-=-=-=-=-=-=-=-=-=-=-=-=-=-=-=-=-=-=-=-
2020-04-02 01:42:25|  16.3|  0.0|STATS |avl.UB_Water_Customers_Everbridge                                        52055
2020-04-02 01:42:25|  16.3|  0.0|STATS |==============================================================================
2020-04-02 01:42:25|  16.3|  0.0|STATS |Total Features Read                                                      52055
2020-04-02 01:42:25|  16.3|  0.0|STATS |=-=-=-=-=-=-=-=-=-=-=-=-=-=-=-=-=-=-=-=-=-=-=-=-=-=-=-=-=-=-=-=-=-=-=-=-=-=-=-
2020-04-02 01:42:25|  16.3|  0.0|STATS |=-=-=-=-=-=-=-=-=-=-=-=-=-=-=-=-=-=-=-=-=-=-=-=-=-=-=-=-=-=-=-=-=-=-=-=-=-=-=-
2020-04-02 01:42:25|  16.3|  0.0|STATS |                           Features Written Summary
2020-04-02 01:42:25|  16.3|  0.0|STATS |=-=-=-=-=-=-=-=-=-=-=-=-=-=-=-=-=-=-=-=-=-=-=-=-=-=-=-=-=-=-=-=-=-=-=-=-=-=-=-
2020-04-02 01:42:25|  16.3|  0.0|STATS |==============================================================================
2020-04-02 01:42:25|  16.3|  0.0|STATS |Total Features Written                                                       0
2020-04-02 01:42:25|  16.3|  0.0|STATS |=-=-=-=-=-=-=-=-=-=-=-=-=-=-=-=-=-=-=-=-=-=-=-=-=-=-=-=-=-=-=-=-=-=-=-=-=-=-=-
2020-04-02 01:42:25|  16.3|  0.0|INFORM|Microsoft SQL Server Non-Spatial Reader: Closing `munprod' . Read operation complete
2020-04-02 01:42:25|  16.3|  0.0|INFORM|Translation was SUCCESSFUL with 0 warning(s) (0 feature(s) output)
2020-04-02 01:42:25|  16.3|  0.0|INFORM|FME Session Duration: 20.6 seconds. (CPU: 15.7s user, 0.5s system)
2020-04-02 01:42:25|  16.3|  0.0|INFORM|END - ProcessID: 8640, peak process memory usage: 84780 kB, current process memory usage: 84756 kB
