2020-04-02 01:23:05|   0.0|  0.0|INFORM|FME 2017.1.1.1 (20171014 - Build 17652 - WIN32)
2020-04-02 01:23:05|   0.0|  0.0|INFORM|FME_HOME is 'c:\FME2017\'
2020-04-02 01:23:05|   0.0|  0.0|INFORM|FME Desktop ESRI Edition (floating)
2020-04-02 01:23:05|   0.0|  0.0|INFORM|Permanent License.
2020-04-02 01:23:05|   0.0|  0.0|INFORM|Machine host name is: coa-gis-fme2
2020-04-02 01:23:05|   0.0|  0.0|INFORM|START - ProcessID: 6796, peak process memory usage: 31812 kB, current process memory usage: 31788 kB
2020-04-02 01:23:05|   0.0|  0.0|INFORM|FME Configuration: Command line arguments are `c:\FME2017\fme' `C:\COA\bedrock\working_directory\bc_property_pinnum_formatted_owner_names/bc_property_pinnum_formatted_owner_names.fmw'
2020-04-02 01:23:05|   0.1|  0.1|INFORM|Shared folders for formats are : c:\FME2017\datasources;C:\Users\mssqlgisadmin\Documents\FME\Formats
2020-04-02 01:23:05|   0.1|  0.0|INFORM|Shared folders for transformers are : c:\FME2017\transformers;C:\Users\mssqlgisadmin\Documents\FME\Transformers;C:\Users\mssqlgisadmin\AppData\Roaming\Safe Software\FME\FME Store\Transformers
2020-04-02 01:23:05|   0.1|  0.0|INFORM|Shared folders for coordinate systems are : C:\Users\mssqlgisadmin\Documents\FME\CoordinateSystems
2020-04-02 01:23:05|   0.1|  0.0|INFORM|Shared folders for coordinate system exceptions are : C:\Users\mssqlgisadmin\Documents\FME\CoordinateSystemExceptions
2020-04-02 01:23:05|   0.1|  0.0|INFORM|Shared folders for coordinate system grid overrides are : C:\Users\mssqlgisadmin\Documents\FME\CoordinateSystemGridOverrides
2020-04-02 01:23:05|   0.1|  0.0|INFORM|Shared folders for CS-MAP transformation exceptions are : C:\Users\mssqlgisadmin\Documents\FME\CsmapTransformationExceptions
2020-04-02 01:23:05|   0.1|  0.0|INFORM|Shared folders for transformer categories are : C:\Users\mssqlgisadmin\Documents\FME\TransformerCategories
2020-04-02 01:23:05|   0.1|  0.0|INFORM|FME Configuration: Reader Keyword is `NULL_SOURCE'
2020-04-02 01:23:05|   0.1|  0.0|INFORM|FME Configuration: Writer Keyword is `MULTI_WRITER'
2020-04-02 01:23:05|   0.1|  0.0|INFORM|FME Configuration: Writer Group Definition Keyword is `MULTI_WRITER_DEF'
2020-04-02 01:23:05|   0.1|  0.0|INFORM|FME Configuration: Reader type is `NULL'
2020-04-02 01:23:05|   0.1|  0.0|INFORM|FME Configuration: Writer type is `MULTI_WRITER'
2020-04-02 01:23:05|   0.1|  0.0|INFORM|FME Configuration: No destination coordinate system set
2020-04-02 01:23:05|   0.1|  0.0|INFORM|FME Configuration: Current working folder is `C:\COA\bedrock\working_directory\bc_property_pinnum_formatted_owner_names'
2020-04-02 01:23:05|   0.1|  0.0|INFORM|FME Configuration: Temporary folder is `C:\Users\MSSQLG~1\AppData\Local\Temp', set from environment variable `TEMP'
2020-04-02 01:23:05|   0.1|  0.0|INFORM|FME Configuration: FME_HOME is `c:\FME2017\'
2020-04-02 01:23:05|   0.1|  0.0|INFORM|FME Configuration: FME_BASE is 'no'
2020-04-02 01:23:05|   0.1|  0.0|INFORM|FME Configuration: FME_MF_DIR is 'C:\COA\bedrock\working_directory\bc_property_pinnum_formatted_owner_names/'
2020-04-02 01:23:05|   0.1|  0.0|INFORM|FME Configuration: FME_MF_NAME is 'bc_property_pinnum_formatted_owner_names.fmw'
2020-04-02 01:23:05|   0.1|  0.0|INFORM|FME Configuration: FME_PRODUCT_NAME is 'FME(R) 2017.1.1.1'
2020-04-02 01:23:05|   0.1|  0.0|INFORM|System Status: 105.37 GB of disk space available in the FME temporary folder (C:\Users\MSSQLG~1\AppData\Local\Temp)
2020-04-02 01:23:05|   0.1|  0.0|INFORM|System Status: 4.00 GB of virtual memory available
2020-04-02 01:23:05|   0.1|  0.0|INFORM|Operating System: Microsoft Windows Server 2012 R2 Server 4.0 64-bit  (Build 9600)
2020-04-02 01:23:05|   0.1|  0.0|INFORM|FME Platform: WIN32
2020-04-02 01:23:05|   0.1|  0.0|INFORM|Locale: en_US
2020-04-02 01:23:05|   0.1|  0.0|INFORM|Code Page: 1252  (ANSI - Latin I)
2020-04-02 01:23:05|   0.1|  0.0|INFORM|FME Configuration: Process limits are 8.00 GB of physical memory and 4.00 GB of address space
2020-04-02 01:23:05|   0.1|  0.0|INFORM|FME Configuration: Start freeing memory when process usage exceeds 2.83 GB of memory or 3.41 GB of address space
2020-04-02 01:23:05|   0.1|  0.0|INFORM|FME Configuration: Stop freeing memory when process usage is below 2.12 GB of memory and 2.56 GB of address space
2020-04-02 01:23:05|   0.2|  0.1|INFORM|Creating writer for format: 
2020-04-02 01:23:05|   0.3|  0.0|INFORM|Creating reader for format: NULL (Nothing)
2020-04-02 01:23:05|   0.3|  0.0|INFORM|Trying to find a DYNAMIC plugin for reader named `NULL'
2020-04-02 01:23:05|   0.3|  0.0|INFORM|Loaded module 'NULL' from file 'c:\FME2017\plugins/NULL.dll'
2020-04-02 01:23:05|   0.3|  0.0|INFORM|FME API version of module 'NULL' matches current internal version (3.8 20170315)
2020-04-02 01:23:05|   0.3|  0.0|INFORM|Using MultiWriter with keyword `MULTI_WRITER' to output data (ID_ATTRIBUTE is `multi_writer_id')
2020-04-02 01:23:05|   0.3|  0.0|INFORM|Writer output will be ordered by value of multi_writer_id
2020-04-02 01:23:05|   0.3|  0.0|INFORM|Loaded module 'QueryFactory' from file 'c:\FME2017\plugins/QueryFactory.dll'
2020-04-02 01:23:05|   0.3|  0.0|INFORM|FME API version of module 'QueryFactory' matches current internal version (3.8 20170315)
2020-04-02 01:23:05|   0.3|  0.0|INFORM|Emptying factory pipeline
2020-04-02 01:23:06|   1.7|  1.4|INFORM|FME Configuration: Named Connection Storage: 'C:\Users\mssqlgisadmin\AppData\Roaming\Safe Software\FME\'
2020-04-02 01:23:06|   1.7|  0.0|INFORM|FME Configuration: Using Named Connection values from 'coa-pg-db1' for R_1
2020-04-02 01:23:06|   1.7|  0.0|INFORM|Creating reader for format: PostgreSQL
2020-04-02 01:23:06|   1.8|  0.1|INFORM|Trying to find a DYNAMIC plugin for reader named `POSTGRES'
2020-04-02 01:23:06|   1.8|  0.0|INFORM|Loaded module 'POSTGRES' from file 'c:\FME2017\plugins/POSTGIS.dll'
2020-04-02 01:23:06|   1.8|  0.0|INFORM|FME API version of module 'POSTGRES' matches current internal version (3.8 20170315)
2020-04-02 01:23:06|   1.8|  0.0|INFORM|Performing query against POSTGRES dataset `coa-pg-db1'
2020-04-02 01:23:06|   1.8|  0.0|INFORM|Opening POSTGRES reader for dataset 'datastore1'
2020-04-02 01:23:06|   1.8|  0.0|INFORM|PostGIS client encoding: 'UTF8'
2020-04-02 01:23:06|   1.8|  0.0|INFORM|PostgreSQL 9.4.10 on x86_64-unknown-linux-gnu, compiled by gcc (GCC) 4.8.5 20150623 (Red Hat 4.8.5-4), 64-bit
2020-04-02 01:23:18|   1.9|  0.2|INFORM|FME Configuration: Using Named Connection values from 'mda-store-1' for POSTGRES_1
2020-04-02 01:23:18|   1.9|  0.0|INFORM|Creating writer for format: PostgreSQL
2020-04-02 01:23:18|   1.9|  0.0|INFORM|Trying to find a DYNAMIC plugin for writer named `POSTGRES'
2020-04-02 01:23:18|   1.9|  0.0|INFORM|FME API version of module 'POSTGRES' matches current internal version (3.8 20170315)
2020-04-02 01:23:18|   1.9|  0.0|INFORM|FME Configuration: No destination coordinate system set
2020-04-02 01:23:18|   1.9|  0.0|INFORM|FME API version of module 'POSTGRES' matches current internal version (3.8 20170315)
2020-04-02 01:23:18|   1.9|  0.0|INFORM|Writer `POSTGRES_1' of type `POSTGRES' using group definition keyword `POSTGRES_1_DEF'
2020-04-02 01:23:18|   1.9|  0.0|INFORM|FME API version of module 'POSTGRES' matches current internal version (3.8 20170315)
2020-04-02 01:23:18|   1.9|  0.0|INFORM|Opening POSTGRES writer for dataset 'mdastore1'...
2020-04-02 01:23:19|   3.0|  1.1|INFORM|PostGIS client encoding: 'UTF8'
2020-04-02 01:23:20|   3.0|  0.0|INFORM|PostgreSQL 10.4 on x86_64-pc-linux-gnu, compiled by gcc (GCC) 4.8.3 20140911 (Red Hat 4.8.3-9), 64-bit
2020-04-02 01:23:20|   3.0|  0.0|INFORM|Testing for the existence of table 'internal.bc_property_pinnum_formatted_owner_names'...
2020-04-02 01:23:20|   3.0|  0.0|INFORM|Truncating existing table 'internal.bc_property_pinnum_formatted_owner_names'...
2020-04-02 01:23:20|   3.0|  0.0|INFORM|Using existing table 'internal.bc_property_pinnum_formatted_owner_names'
2020-04-02 01:23:20|   3.0|  0.0|INFORM|POSTGRES Writer: Creating 'streaming Bulk Copy' feature type processor for feature type 'internal.bc_property_pinnum_formatted_owner_names'
2020-04-02 01:23:20|   3.1|  0.1|INFORM|Committed transaction at feature '1000'
2020-04-02 01:23:20|   3.2|  0.1|INFORM|Committed transaction at feature '2000'
2020-04-02 01:23:20|   3.3|  0.1|INFORM|Committed transaction at feature '3000'
2020-04-02 01:23:20|   3.3|  0.1|INFORM|Committed transaction at feature '4000'
2020-04-02 01:23:20|   3.4|  0.1|INFORM|Committed transaction at feature '5000'
2020-04-02 01:23:20|   3.5|  0.1|INFORM|Committed transaction at feature '6000'
2020-04-02 01:23:21|   3.6|  0.1|INFORM|Committed transaction at feature '7000'
2020-04-02 01:23:21|   3.7|  0.1|INFORM|Committed transaction at feature '8000'
2020-04-02 01:23:21|   3.8|  0.1|INFORM|Committed transaction at feature '9000'
2020-04-02 01:23:21|   3.9|  0.1|INFORM|Committed transaction at feature '10000'
2020-04-02 01:23:21|   4.0|  0.1|INFORM|Committed transaction at feature '11000'
2020-04-02 01:23:21|   4.1|  0.1|INFORM|Committed transaction at feature '12000'
2020-04-02 01:23:22|   4.1|  0.1|INFORM|Committed transaction at feature '13000'
2020-04-02 01:23:22|   4.2|  0.1|INFORM|Committed transaction at feature '14000'
2020-04-02 01:23:22|   4.3|  0.1|INFORM|Committed transaction at feature '15000'
2020-04-02 01:23:22|   4.4|  0.1|INFORM|Committed transaction at feature '16000'
2020-04-02 01:23:22|   4.4|  0.1|INFORM|Committed transaction at feature '17000'
2020-04-02 01:23:22|   4.5|  0.1|INFORM|Committed transaction at feature '18000'
2020-04-02 01:23:22|   4.6|  0.1|INFORM|Committed transaction at feature '19000'
2020-04-02 01:23:23|   4.7|  0.1|INFORM|Committed transaction at feature '20000'
2020-04-02 01:23:23|   4.8|  0.1|INFORM|Committed transaction at feature '21000'
2020-04-02 01:23:23|   4.8|  0.1|INFORM|Committed transaction at feature '22000'
2020-04-02 01:23:23|   4.9|  0.1|INFORM|Committed transaction at feature '23000'
2020-04-02 01:23:23|   5.0|  0.1|INFORM|Committed transaction at feature '24000'
2020-04-02 01:23:23|   5.1|  0.1|INFORM|Committed transaction at feature '25000'
2020-04-02 01:23:24|   5.2|  0.1|INFORM|Committed transaction at feature '26000'
2020-04-02 01:23:24|   5.3|  0.1|INFORM|Committed transaction at feature '27000'
2020-04-02 01:23:24|   5.4|  0.1|INFORM|Committed transaction at feature '28000'
2020-04-02 01:23:24|   5.5|  0.1|INFORM|Committed transaction at feature '29000'
2020-04-02 01:23:24|   5.5|  0.1|INFORM|Committed transaction at feature '30000'
2020-04-02 01:23:24|   5.6|  0.1|INFORM|Committed transaction at feature '31000'
2020-04-02 01:23:25|   5.7|  0.1|INFORM|Committed transaction at feature '32000'
2020-04-02 01:23:25|   5.8|  0.1|INFORM|Committed transaction at feature '33000'
2020-04-02 01:23:25|   5.9|  0.1|INFORM|Committed transaction at feature '34000'
2020-04-02 01:23:25|   6.0|  0.1|INFORM|Committed transaction at feature '35000'
2020-04-02 01:23:25|   6.1|  0.1|INFORM|Committed transaction at feature '36000'
2020-04-02 01:23:25|   6.2|  0.1|INFORM|Committed transaction at feature '37000'
2020-04-02 01:23:25|   6.3|  0.1|INFORM|Committed transaction at feature '38000'
2020-04-02 01:23:26|   6.4|  0.1|INFORM|Committed transaction at feature '39000'
2020-04-02 01:23:26|   6.5|  0.1|INFORM|Committed transaction at feature '40000'
2020-04-02 01:23:26|   6.6|  0.1|INFORM|Committed transaction at feature '41000'
2020-04-02 01:23:26|   6.7|  0.1|INFORM|Committed transaction at feature '42000'
2020-04-02 01:23:26|   6.7|  0.1|INFORM|Committed transaction at feature '43000'
2020-04-02 01:23:26|   6.8|  0.1|INFORM|Committed transaction at feature '44000'
2020-04-02 01:23:27|   6.9|  0.1|INFORM|Committed transaction at feature '45000'
2020-04-02 01:23:27|   7.0|  0.1|INFORM|Committed transaction at feature '46000'
2020-04-02 01:23:27|   7.0|  0.1|INFORM|Committed transaction at feature '47000'
2020-04-02 01:23:27|   7.1|  0.1|INFORM|Committed transaction at feature '48000'
2020-04-02 01:23:27|   7.2|  0.1|INFORM|Committed transaction at feature '49000'
2020-04-02 01:23:27|   7.3|  0.1|INFORM|Committed transaction at feature '50000'
2020-04-02 01:23:27|   7.4|  0.1|INFORM|Committed transaction at feature '51000'
2020-04-02 01:23:28|   7.5|  0.1|INFORM|Committed transaction at feature '52000'
2020-04-02 01:23:28|   7.6|  0.1|INFORM|Committed transaction at feature '53000'
2020-04-02 01:23:28|   7.7|  0.1|INFORM|Committed transaction at feature '54000'
2020-04-02 01:23:28|   7.8|  0.1|INFORM|Committed transaction at feature '55000'
2020-04-02 01:23:28|   7.9|  0.1|INFORM|Committed transaction at feature '56000'
2020-04-02 01:23:28|   8.0|  0.1|INFORM|Committed transaction at feature '57000'
2020-04-02 01:23:29|   8.0|  0.1|INFORM|Committed transaction at feature '58000'
2020-04-02 01:23:29|   8.1|  0.1|INFORM|Committed transaction at feature '59000'
2020-04-02 01:23:29|   8.2|  0.1|INFORM|Committed transaction at feature '60000'
2020-04-02 01:23:29|   8.3|  0.1|INFORM|Committed transaction at feature '61000'
2020-04-02 01:23:29|   8.4|  0.1|INFORM|Committed transaction at feature '62000'
2020-04-02 01:23:29|   8.5|  0.1|INFORM|Committed transaction at feature '63000'
2020-04-02 01:23:29|   8.5|  0.1|INFORM|Committed transaction at feature '64000'
2020-04-02 01:23:30|   8.6|  0.1|INFORM|Committed transaction at feature '65000'
2020-04-02 01:23:30|   8.7|  0.1|INFORM|Committed transaction at feature '66000'
2020-04-02 01:23:30|   8.8|  0.1|INFORM|Committed transaction at feature '67000'
2020-04-02 01:23:30|   8.9|  0.1|INFORM|Committed transaction at feature '68000'
2020-04-02 01:23:30|   9.0|  0.1|INFORM|Committed transaction at feature '69000'
2020-04-02 01:23:30|   9.0|  0.1|INFORM|Committed transaction at feature '70000'
2020-04-02 01:23:31|   9.1|  0.1|INFORM|Committed transaction at feature '71000'
2020-04-02 01:23:31|   9.2|  0.1|INFORM|Committed transaction at feature '72000'
2020-04-02 01:23:31|   9.3|  0.1|INFORM|Committed transaction at feature '73000'
2020-04-02 01:23:31|   9.4|  0.1|INFORM|Committed transaction at feature '74000'
2020-04-02 01:23:31|   9.5|  0.1|INFORM|Committed transaction at feature '75000'
2020-04-02 01:23:31|   9.6|  0.1|INFORM|Committed transaction at feature '76000'
2020-04-02 01:23:31|   9.7|  0.1|INFORM|Committed transaction at feature '77000'
2020-04-02 01:23:31|   9.7|  0.1|INFORM|Committed transaction at feature '78000'
2020-04-02 01:23:32|   9.8|  0.1|INFORM|Committed transaction at feature '79000'
2020-04-02 01:23:32|   9.9|  0.1|INFORM|Committed transaction at feature '80000'
2020-04-02 01:23:32|  10.0|  0.1|INFORM|Committed transaction at feature '81000'
2020-04-02 01:23:32|  10.1|  0.1|INFORM|Committed transaction at feature '82000'
2020-04-02 01:23:32|  10.1|  0.1|INFORM|Committed transaction at feature '83000'
2020-04-02 01:23:32|  10.2|  0.1|INFORM|Committed transaction at feature '84000'
2020-04-02 01:23:33|  10.3|  0.1|INFORM|Committed transaction at feature '85000'
2020-04-02 01:23:33|  10.4|  0.1|INFORM|Committed transaction at feature '86000'
2020-04-02 01:23:33|  10.5|  0.1|INFORM|Committed transaction at feature '87000'
2020-04-02 01:23:33|  10.5|  0.1|INFORM|Committed transaction at feature '88000'
2020-04-02 01:23:33|  10.6|  0.1|INFORM|Committed transaction at feature '89000'
2020-04-02 01:23:33|  10.7|  0.1|INFORM|Committed transaction at feature '90000'
2020-04-02 01:23:33|  10.8|  0.1|INFORM|Committed transaction at feature '91000'
2020-04-02 01:23:34|  10.9|  0.1|INFORM|Committed transaction at feature '92000'
2020-04-02 01:23:34|  11.0|  0.1|INFORM|Committed transaction at feature '93000'
2020-04-02 01:23:34|  11.0|  0.1|INFORM|Committed transaction at feature '94000'
2020-04-02 01:23:34|  11.1|  0.1|INFORM|Committed transaction at feature '95000'
2020-04-02 01:23:34|  11.2|  0.1|INFORM|Committed transaction at feature '96000'
2020-04-02 01:23:34|  11.3|  0.1|INFORM|Committed transaction at feature '97000'
2020-04-02 01:23:34|  11.4|  0.1|INFORM|Committed transaction at feature '98000'
2020-04-02 01:23:35|  11.5|  0.1|INFORM|Committed transaction at feature '99000'
2020-04-02 01:23:35|  11.6|  0.1|INFORM|Committed transaction at feature '100000'
2020-04-02 01:23:35|  11.7|  0.1|INFORM|Committed transaction at feature '101000'
2020-04-02 01:23:35|  11.8|  0.1|INFORM|Committed transaction at feature '102000'
2020-04-02 01:23:35|  11.8|  0.1|INFORM|Committed transaction at feature '103000'
2020-04-02 01:23:35|  11.9|  0.1|INFORM|Committed transaction at feature '104000'
2020-04-02 01:23:36|  12.0|  0.1|INFORM|Committed transaction at feature '105000'
2020-04-02 01:23:36|  12.1|  0.1|INFORM|Committed transaction at feature '106000'
2020-04-02 01:23:36|  12.1|  0.1|INFORM|Committed transaction at feature '107000'
2020-04-02 01:23:36|  12.2|  0.1|INFORM|Committed transaction at feature '108000'
2020-04-02 01:23:36|  12.3|  0.1|INFORM|Committed transaction at feature '109000'
2020-04-02 01:23:36|  12.4|  0.1|INFORM|Committed transaction at feature '110000'
2020-04-02 01:23:36|  12.5|  0.1|INFORM|Committed transaction at feature '111000'
2020-04-02 01:23:37|  12.6|  0.1|INFORM|Committed transaction at feature '112000'
2020-04-02 01:23:37|  12.6|  0.1|INFORM|Committed transaction at feature '113000'
2020-04-02 01:23:37|  12.7|  0.1|INFORM|Committed transaction at feature '114000'
2020-04-02 01:23:37|  12.8|  0.1|INFORM|Committed transaction at feature '115000'
2020-04-02 01:23:37|  12.9|  0.1|INFORM|Committed transaction at feature '116000'
2020-04-02 01:23:37|  12.9|  0.1|INFORM|Committed transaction at feature '117000'
2020-04-02 01:23:37|  13.0|  0.1|INFORM|Committed transaction at feature '118000'
2020-04-02 01:23:38|  13.1|  0.1|INFORM|Committed transaction at feature '119000'
2020-04-02 01:23:38|  13.2|  0.1|INFORM|Committed transaction at feature '120000'
2020-04-02 01:23:38|  13.3|  0.1|INFORM|Committed transaction at feature '121000'
2020-04-02 01:23:38|  13.3|  0.1|INFORM|Committed transaction at feature '122000'
2020-04-02 01:23:38|  13.4|  0.1|INFORM|Committed transaction at feature '123000'
2020-04-02 01:23:38|  13.5|  0.1|INFORM|Committed transaction at feature '124000'
2020-04-02 01:23:38|  13.6|  0.1|INFORM|Committed transaction at feature '125000'
2020-04-02 01:23:39|  13.7|  0.1|INFORM|Committed transaction at feature '126000'
2020-04-02 01:23:39|  13.7|  0.0|STATS |SQLCreator_Creator(CreationFactory): Created 1 features
2020-04-02 01:23:39|  13.7|  0.0|INFORM|Successfully closed POSTGRES database reader
2020-04-02 01:23:39|  13.7|  0.0|INFORM|Successfully closed POSTGRES database reader
2020-04-02 01:23:39|  13.7|  0.0|STATS |SQLCreator <REJECTED> Output Nuker(TeeFactory): Cloned 0 input feature(s) into 0 output feature(s)
2020-04-02 01:23:39|  13.7|  0.0|STATS |SQLCreator_RESULT Brancher -1 6(BranchingFactory): Branched 126436 input features -- 126436 features routed to the target factory, and 0 features routed to the fallback factory.
2020-04-02 01:23:39|  13.7|  0.0|STATS |SQLCreator_<Rejected>(TeeFactory): Cloned 0 input feature(s) into 0 output feature(s)
2020-04-02 01:23:39|  13.7|  0.0|STATS |_CREATOR_BRANCH_TARGET(TeeFactory): Cloned 126436 input feature(s) into 126436 output feature(s)
2020-04-02 01:23:39|  13.7|  0.0|STATS |Destination Feature Type Routing Correlator(RoutingFactory): Tested 126436 input feature(s), wrote 126436 output feature(s): 0 matched merge filters, 126436 were routed to output, 0 could not be routed.
2020-04-02 01:23:39|  13.7|  0.0|STATS |Final Output Nuker(TeeFactory): Cloned 0 input feature(s) into 0 output feature(s)
2020-04-02 01:23:39|  13.7|  0.0|INFORM|Successfully closed POSTGRES database writer
2020-04-02 01:23:39|  13.7|  0.0|INFORM|=-=-=-=-=-=-=-=-=-=-=-=-=-=-=-=-=-=-=-=-=-=-=-=-=-=-=-=-=-=-=-=-=-=-=-=-=-=-=-
2020-04-02 01:23:39|  13.7|  0.0|INFORM|Feature output statistics for `POSTGRES' writer using keyword `POSTGRES_1':
2020-04-02 01:23:39|  13.7|  0.0|STATS |=-=-=-=-=-=-=-=-=-=-=-=-=-=-=-=-=-=-=-=-=-=-=-=-=-=-=-=-=-=-=-=-=-=-=-=-=-=-=-
2020-04-02 01:23:39|  13.7|  0.0|STATS |                               Features Written
2020-04-02 01:23:39|  13.7|  0.0|STATS |=-=-=-=-=-=-=-=-=-=-=-=-=-=-=-=-=-=-=-=-=-=-=-=-=-=-=-=-=-=-=-=-=-=-=-=-=-=-=-
2020-04-02 01:23:39|  13.7|  0.0|STATS |internal.bc_property_pinnum_formatted_owner_names                       126436
2020-04-02 01:23:39|  13.7|  0.0|STATS |==============================================================================
2020-04-02 01:23:39|  13.7|  0.0|STATS |Total Features Written                                                  126436
2020-04-02 01:23:39|  13.7|  0.0|STATS |=-=-=-=-=-=-=-=-=-=-=-=-=-=-=-=-=-=-=-=-=-=-=-=-=-=-=-=-=-=-=-=-=-=-=-=-=-=-=-
2020-04-02 01:23:39|  13.7|  0.0|STATS |=-=-=-=-=-=-=-=-=-=-=-=-=-=-=-=-=-=-=-=-=-=-=-=-=-=-=-=-=-=-=-=-=-=-=-=-=-=-=-
2020-04-02 01:23:39|  13.7|  0.0|STATS |                            Features Read Summary
2020-04-02 01:23:39|  13.7|  0.0|STATS |=-=-=-=-=-=-=-=-=-=-=-=-=-=-=-=-=-=-=-=-=-=-=-=-=-=-=-=-=-=-=-=-=-=-=-=-=-=-=-
2020-04-02 01:23:39|  13.7|  0.0|STATS |==============================================================================
2020-04-02 01:23:39|  13.7|  0.0|STATS |Total Features Read                                                          0
2020-04-02 01:23:39|  13.7|  0.0|STATS |=-=-=-=-=-=-=-=-=-=-=-=-=-=-=-=-=-=-=-=-=-=-=-=-=-=-=-=-=-=-=-=-=-=-=-=-=-=-=-
2020-04-02 01:23:39|  13.7|  0.0|STATS |=-=-=-=-=-=-=-=-=-=-=-=-=-=-=-=-=-=-=-=-=-=-=-=-=-=-=-=-=-=-=-=-=-=-=-=-=-=-=-
2020-04-02 01:23:39|  13.7|  0.0|STATS |                           Features Written Summary
2020-04-02 01:23:39|  13.7|  0.0|STATS |=-=-=-=-=-=-=-=-=-=-=-=-=-=-=-=-=-=-=-=-=-=-=-=-=-=-=-=-=-=-=-=-=-=-=-=-=-=-=-
2020-04-02 01:23:39|  13.7|  0.0|STATS |internal.bc_property_pinnum_formatted_owner_names                       126436
2020-04-02 01:23:39|  13.7|  0.0|STATS |==============================================================================
2020-04-02 01:23:39|  13.7|  0.0|STATS |Total Features Written                                                  126436
2020-04-02 01:23:39|  13.7|  0.0|STATS |=-=-=-=-=-=-=-=-=-=-=-=-=-=-=-=-=-=-=-=-=-=-=-=-=-=-=-=-=-=-=-=-=-=-=-=-=-=-=-
2020-04-02 01:23:39|  13.7|  0.0|INFORM|Translation was SUCCESSFUL with 0 warning(s) (126436 feature(s) output)
2020-04-02 01:23:39|  13.7|  0.0|INFORM|FME Session Duration: 34.0 seconds. (CPU: 13.0s user, 0.6s system)
2020-04-02 01:23:39|  13.7|  0.0|INFORM|END - ProcessID: 6796, peak process memory usage: 82564 kB, current process memory usage: 81896 kB
