2020-04-02 01:39:05|   0.1|  0.1|INFORM|FME 2017.1.1.1 (20171014 - Build 17652 - WIN32)
2020-04-02 01:39:05|   0.1|  0.0|INFORM|FME_HOME is 'c:\FME2017\'
2020-04-02 01:39:05|   0.1|  0.0|INFORM|FME Desktop ESRI Edition (floating)
2020-04-02 01:39:05|   0.1|  0.0|INFORM|Permanent License.
2020-04-02 01:39:05|   0.1|  0.0|INFORM|Machine host name is: coa-gis-fme2
2020-04-02 01:39:05|   0.1|  0.0|INFORM|START - ProcessID: 8440, peak process memory usage: 30104 kB, current process memory usage: 30080 kB
2020-04-02 01:39:05|   0.1|  0.0|INFORM|FME Configuration: Command line arguments are `c:\FME2017\fme' `C:\COA\bedrock\working_directory\coa_street_maintenance/wh_TO_mds_coa_street_maintenance.fmw'
2020-04-02 01:39:05|   0.2|  0.1|INFORM|Shared folders for formats are : c:\FME2017\datasources;C:\Users\mssqlgisadmin\Documents\FME\Formats
2020-04-02 01:39:05|   0.2|  0.0|INFORM|Shared folders for transformers are : c:\FME2017\transformers;C:\Users\mssqlgisadmin\Documents\FME\Transformers;C:\Users\mssqlgisadmin\AppData\Roaming\Safe Software\FME\FME Store\Transformers
2020-04-02 01:39:05|   0.2|  0.0|INFORM|Shared folders for coordinate systems are : C:\Users\mssqlgisadmin\Documents\FME\CoordinateSystems
2020-04-02 01:39:05|   0.2|  0.0|INFORM|Shared folders for coordinate system exceptions are : C:\Users\mssqlgisadmin\Documents\FME\CoordinateSystemExceptions
2020-04-02 01:39:05|   0.2|  0.0|INFORM|Shared folders for coordinate system grid overrides are : C:\Users\mssqlgisadmin\Documents\FME\CoordinateSystemGridOverrides
2020-04-02 01:39:05|   0.2|  0.0|INFORM|Shared folders for CS-MAP transformation exceptions are : C:\Users\mssqlgisadmin\Documents\FME\CsmapTransformationExceptions
2020-04-02 01:39:05|   0.2|  0.0|INFORM|Shared folders for transformer categories are : C:\Users\mssqlgisadmin\Documents\FME\TransformerCategories
2020-04-02 01:39:05|   0.2|  0.0|INFORM|FME Configuration: Reader Keyword is `POSTGIS_1'
2020-04-02 01:39:05|   0.2|  0.0|INFORM|FME Configuration: Writer Keyword is `MULTI_WRITER'
2020-04-02 01:39:05|   0.2|  0.0|INFORM|FME Configuration: Writer Group Definition Keyword is `MULTI_WRITER_DEF'
2020-04-02 01:39:05|   0.2|  0.0|INFORM|FME Configuration: Reader type is `POSTGIS'
2020-04-02 01:39:05|   0.2|  0.0|INFORM|FME Configuration: Writer type is `MULTI_WRITER'
2020-04-02 01:39:05|   0.2|  0.0|INFORM|FME Configuration: No destination coordinate system set
2020-04-02 01:39:05|   0.2|  0.0|INFORM|FME Configuration: Current working folder is `C:\COA\bedrock\working_directory\coa_street_maintenance'
2020-04-02 01:39:05|   0.2|  0.0|INFORM|FME Configuration: Temporary folder is `C:\Users\MSSQLG~1\AppData\Local\Temp', set from environment variable `TEMP'
2020-04-02 01:39:05|   0.2|  0.0|INFORM|FME Configuration: FME_HOME is `c:\FME2017\'
2020-04-02 01:39:05|   0.2|  0.0|INFORM|FME Configuration: FME_BASE is 'no'
2020-04-02 01:39:05|   0.2|  0.0|INFORM|FME Configuration: FME_MF_DIR is 'C:\COA\bedrock\working_directory\coa_street_maintenance/'
2020-04-02 01:39:05|   0.2|  0.0|INFORM|FME Configuration: FME_MF_NAME is 'wh_TO_mds_coa_street_maintenance.fmw'
2020-04-02 01:39:05|   0.2|  0.0|INFORM|FME Configuration: FME_PRODUCT_NAME is 'FME(R) 2017.1.1.1'
2020-04-02 01:39:05|   0.2|  0.0|INFORM|System Status: 105.37 GB of disk space available in the FME temporary folder (C:\Users\MSSQLG~1\AppData\Local\Temp)
2020-04-02 01:39:05|   0.2|  0.0|INFORM|System Status: 4.00 GB of virtual memory available
2020-04-02 01:39:05|   0.2|  0.0|INFORM|Operating System: Microsoft Windows Server 2012 R2 Server 4.0 64-bit  (Build 9600)
2020-04-02 01:39:05|   0.2|  0.0|INFORM|FME Platform: WIN32
2020-04-02 01:39:05|   0.2|  0.0|INFORM|Locale: en_US
2020-04-02 01:39:05|   0.2|  0.0|INFORM|Code Page: 1252  (ANSI - Latin I)
2020-04-02 01:39:05|   0.2|  0.0|INFORM|FME Configuration: Process limits are 8.00 GB of physical memory and 4.00 GB of address space
2020-04-02 01:39:05|   0.2|  0.0|INFORM|FME Configuration: Start freeing memory when process usage exceeds 2.83 GB of memory or 3.41 GB of address space
2020-04-02 01:39:05|   0.2|  0.0|INFORM|FME Configuration: Stop freeing memory when process usage is below 2.12 GB of memory and 2.56 GB of address space
2020-04-02 01:39:05|   0.3|  0.1|INFORM|Creating writer for format: 
2020-04-02 01:39:06|   1.8|  1.5|INFORM|FME Configuration: Named Connection Storage: 'C:\Users\mssqlgisadmin\AppData\Roaming\Safe Software\FME\'
2020-04-02 01:39:06|   1.8|  0.0|INFORM|FME Configuration: Using Named Connection values from 'coa-gis-warehouse1' for POSTGIS_1
2020-04-02 01:39:06|   1.8|  0.0|INFORM|Creating reader for format: PostGIS
2020-04-02 01:39:06|   1.8|  0.1|INFORM|Trying to find a DYNAMIC plugin for reader named `POSTGIS'
2020-04-02 01:39:06|   1.8|  0.0|WARN  |Error prepending '<FME_HOME>/plugins/' to path environment variable.  The addition may not exist, or on Windows the resulting path may be longer than 2047 characters
2020-04-02 01:39:06|   1.8|  0.0|INFORM|Loaded module 'POSTGIS' from file 'c:\FME2017\plugins/POSTGIS.dll'
2020-04-02 01:39:06|   1.8|  0.0|INFORM|FME API version of module 'POSTGIS' matches current internal version (3.8 20170315)
2020-04-02 01:39:06|   1.8|  0.0|INFORM|Opening POSTGIS reader for dataset 'coagiswarehouse'
2020-04-02 01:39:07|   1.8|  0.0|INFORM|PostGIS client encoding: 'UTF8'
2020-04-02 01:39:07|   1.8|  0.0|INFORM|PostgreSQL 9.6.11 on x86_64-pc-linux-gnu, compiled by gcc (GCC) 4.4.7 20120313 (Red Hat 4.4.7-23), 64-bit
2020-04-02 01:39:07|   1.8|  0.0|INFORM|2.4 USE_GEOS=1 USE_PROJ=1 USE_STATS=1
2020-04-02 01:39:07|   1.8|  0.0|INFORM|Using MultiWriter with keyword `MULTI_WRITER' to output data (ID_ATTRIBUTE is `multi_writer_id')
2020-04-02 01:39:07|   1.8|  0.0|INFORM|Writer output will be ordered by value of multi_writer_id
2020-04-02 01:39:07|   1.9|  0.0|INFORM|Reading POSTGIS table: 'coagis.coa_street_maintenance'...
2020-04-02 01:39:08|   1.9|  0.0|INFORM|FME Configuration: Source coordinate system for reader POSTGIS_1[POSTGIS] set to `EPSG:2264' as read from input data
2020-04-02 01:39:08|   2.4|  0.5|INFORM|Coordinate System `EPSG:2264' parameters: CS_NAME=`NC83F' DESC_NM=`NAD83 North Carolina State Planes, US Foot' DT_NAME=`NAD83' GROUP=`SPCS83F' MAP_SCL=`1' MAX_LAT=`36.86666666666667' MAX_LNG=`-74.26666666666667' MIN_LAT=`33.55' MIN_LNG=`-85.43333333333334' ORG_LAT=`33.75' ORG_LNG=`-79' PARM1=`36.16666666666666' PARM2=`34.33333333333333' PROJ=`LM' QUAD=`1' SCL_RED=`1' SOURCE=`Calculated from NC83 by Mentor Software' UNIT=`FOOT' X_OFF=`2000000.002616666' 
2020-04-02 01:39:09|   2.5|  0.1|INFORM|FME Configuration: Using Named Connection values from 'mda-store-1' for POSTGIS_2
2020-04-02 01:39:09|   2.5|  0.0|INFORM|Creating writer for format: PostGIS
2020-04-02 01:39:09|   2.5|  0.0|INFORM|Trying to find a DYNAMIC plugin for writer named `POSTGIS'
2020-04-02 01:39:09|   2.5|  0.0|INFORM|FME API version of module 'POSTGIS' matches current internal version (3.8 20170315)
2020-04-02 01:39:09|   2.5|  0.0|INFORM|FME Configuration: No destination coordinate system set
2020-04-02 01:39:09|   2.5|  0.0|INFORM|FME API version of module 'POSTGIS' matches current internal version (3.8 20170315)
2020-04-02 01:39:09|   2.5|  0.0|INFORM|Writer `POSTGIS_2' of type `POSTGIS' using group definition keyword `POSTGIS_2_DEF'
2020-04-02 01:39:09|   2.5|  0.0|INFORM|FME API version of module 'POSTGIS' matches current internal version (3.8 20170315)
2020-04-02 01:39:09|   2.5|  0.0|INFORM|Opening POSTGIS writer for dataset 'mdastore1'...
2020-04-02 01:39:10|   3.6|  1.1|INFORM|PostGIS client encoding: 'UTF8'
2020-04-02 01:39:10|   3.6|  0.0|INFORM|PostgreSQL 10.4 on x86_64-pc-linux-gnu, compiled by gcc (GCC) 4.8.3 20140911 (Red Hat 4.8.3-9), 64-bit
2020-04-02 01:39:10|   3.6|  0.0|INFORM|2.4 USE_GEOS=1 USE_PROJ=1 USE_STATS=1
2020-04-02 01:39:10|   3.6|  0.0|INFORM|Testing for the existence of table 'internal.coa_street_maintenance'...
2020-04-02 01:39:11|   3.6|  0.0|INFORM|Truncating existing table 'internal.coa_street_maintenance'...
2020-04-02 01:39:11|   3.6|  0.0|INFORM|Using existing table 'internal.coa_street_maintenance'
2020-04-02 01:39:11|   3.6|  0.0|INFORM|POSTGIS Writer: Creating 'unquoted WKB' geometry processor for feature type 'internal.coa_street_maintenance'
2020-04-02 01:39:11|   3.6|  0.0|INFORM|POSTGIS Writer: Creating 'streaming Bulk Copy' feature type processor for feature type 'internal.coa_street_maintenance'
2020-04-02 01:39:11|   3.9|  0.3|INFORM|Committed transaction at feature '1000'
2020-04-02 01:39:12|   4.3|  0.4|INFORM|Committed transaction at feature '2000'
2020-04-02 01:39:12|   4.5|  0.2|INFORM|Reading source feature # 2500
2020-04-02 01:39:12|   4.6|  0.2|INFORM|Committed transaction at feature '3000'
2020-04-02 01:39:13|   5.0|  0.4|INFORM|Committed transaction at feature '4000'
2020-04-02 01:39:13|   5.4|  0.4|INFORM|Reading source feature # 5000
2020-04-02 01:39:13|   5.4|  0.0|INFORM|Committed transaction at feature '5000'
2020-04-02 01:39:13|   5.7|  0.3|INFORM|Committed transaction at feature '6000'
2020-04-02 01:39:14|   6.0|  0.3|INFORM|Committed transaction at feature '7000'
2020-04-02 01:39:14|   6.2|  0.2|INFORM|Reading source feature # 7500
2020-04-02 01:39:14|   6.2|  0.0|INFORM|Emptying factory pipeline
2020-04-02 01:39:14|   6.2|  0.0|STATS |Router and Unexpected Input Remover(RoutingFactory): Tested 7530 input feature(s), wrote 7530 output feature(s): 7530 matched merge filters, 7530 were routed to output, 0 could not be routed.
2020-04-02 01:39:14|   6.2|  0.0|STATS |coagis.coa_street_maintenance (POSTGIS_1) Splitter(TeeFactory): Cloned 7530 input feature(s) into 7530 output feature(s)
2020-04-02 01:39:14|   6.2|  0.0|STATS |Destination Feature Type Routing Correlator(RoutingFactory): Tested 7530 input feature(s), wrote 7530 output feature(s): 0 matched merge filters, 7530 were routed to output, 0 could not be routed.
2020-04-02 01:39:14|   6.2|  0.0|STATS |Final Output Nuker(TeeFactory): Cloned 0 input feature(s) into 0 output feature(s)
2020-04-02 01:39:14|   6.2|  0.0|INFORM|Successfully closed POSTGIS database writer
2020-04-02 01:39:14|   6.2|  0.0|INFORM|=-=-=-=-=-=-=-=-=-=-=-=-=-=-=-=-=-=-=-=-=-=-=-=-=-=-=-=-=-=-=-=-=-=-=-=-=-=-=-
2020-04-02 01:39:14|   6.2|  0.0|INFORM|Feature output statistics for `POSTGIS' writer using keyword `POSTGIS_2':
2020-04-02 01:39:14|   6.2|  0.0|STATS |=-=-=-=-=-=-=-=-=-=-=-=-=-=-=-=-=-=-=-=-=-=-=-=-=-=-=-=-=-=-=-=-=-=-=-=-=-=-=-
2020-04-02 01:39:14|   6.2|  0.0|STATS |                               Features Written
2020-04-02 01:39:14|   6.2|  0.0|STATS |=-=-=-=-=-=-=-=-=-=-=-=-=-=-=-=-=-=-=-=-=-=-=-=-=-=-=-=-=-=-=-=-=-=-=-=-=-=-=-
2020-04-02 01:39:14|   6.2|  0.0|STATS |internal.coa_street_maintenance                                           7530
2020-04-02 01:39:14|   6.2|  0.0|STATS |==============================================================================
2020-04-02 01:39:14|   6.2|  0.0|STATS |Total Features Written                                                    7530
2020-04-02 01:39:14|   6.2|  0.0|STATS |=-=-=-=-=-=-=-=-=-=-=-=-=-=-=-=-=-=-=-=-=-=-=-=-=-=-=-=-=-=-=-=-=-=-=-=-=-=-=-
2020-04-02 01:39:14|   6.2|  0.0|STATS |=-=-=-=-=-=-=-=-=-=-=-=-=-=-=-=-=-=-=-=-=-=-=-=-=-=-=-=-=-=-=-=-=-=-=-=-=-=-=-
2020-04-02 01:39:14|   6.2|  0.0|STATS |                            Features Read Summary
2020-04-02 01:39:14|   6.2|  0.0|STATS |=-=-=-=-=-=-=-=-=-=-=-=-=-=-=-=-=-=-=-=-=-=-=-=-=-=-=-=-=-=-=-=-=-=-=-=-=-=-=-
2020-04-02 01:39:14|   6.2|  0.0|STATS |coagis.coa_street_maintenance                                             7530
2020-04-02 01:39:14|   6.2|  0.0|STATS |==============================================================================
2020-04-02 01:39:14|   6.2|  0.0|STATS |Total Features Read                                                       7530
2020-04-02 01:39:14|   6.2|  0.0|STATS |=-=-=-=-=-=-=-=-=-=-=-=-=-=-=-=-=-=-=-=-=-=-=-=-=-=-=-=-=-=-=-=-=-=-=-=-=-=-=-
2020-04-02 01:39:14|   6.2|  0.0|STATS |=-=-=-=-=-=-=-=-=-=-=-=-=-=-=-=-=-=-=-=-=-=-=-=-=-=-=-=-=-=-=-=-=-=-=-=-=-=-=-
2020-04-02 01:39:14|   6.2|  0.0|STATS |                           Features Written Summary
2020-04-02 01:39:14|   6.2|  0.0|STATS |=-=-=-=-=-=-=-=-=-=-=-=-=-=-=-=-=-=-=-=-=-=-=-=-=-=-=-=-=-=-=-=-=-=-=-=-=-=-=-
2020-04-02 01:39:14|   6.2|  0.0|STATS |internal.coa_street_maintenance                                           7530
2020-04-02 01:39:14|   6.2|  0.0|STATS |==============================================================================
2020-04-02 01:39:14|   6.2|  0.0|STATS |Total Features Written                                                    7530
2020-04-02 01:39:14|   6.2|  0.0|STATS |=-=-=-=-=-=-=-=-=-=-=-=-=-=-=-=-=-=-=-=-=-=-=-=-=-=-=-=-=-=-=-=-=-=-=-=-=-=-=-
2020-04-02 01:39:14|   6.2|  0.0|INFORM|Successfully closed POSTGIS database reader
2020-04-02 01:39:14|   6.2|  0.0|INFORM|Successfully closed POSTGIS database reader
2020-04-02 01:39:14|   6.2|  0.0|INFORM|Translation was SUCCESSFUL with 1 warning(s) (7530 feature(s) output)
2020-04-02 01:39:14|   6.2|  0.0|INFORM|FME Session Duration: 9.5 seconds. (CPU: 5.4s user, 0.7s system)
2020-04-02 01:39:14|   6.2|  0.0|INFORM|END - ProcessID: 8440, peak process memory usage: 122908 kB, current process memory usage: 116736 kB
