2018-12-07 09:43:51|   0.0|  0.0|INFORM|FME 2017.1.1.1 (20171014 - Build 17652 - WIN32)
2018-12-07 09:43:51|   0.0|  0.0|INFORM|FME_HOME is 'C:\FME2017\'
2018-12-07 09:43:51|   0.1|  0.0|INFORM|FME Desktop ESRI Edition (floating)
2018-12-07 09:43:51|   0.1|  0.0|INFORM|Permanent License.
2018-12-07 09:43:51|   0.1|  0.0|INFORM|Machine host name is: coa-gis-fme2
2018-12-07 09:43:51|   0.1|  0.0|INFORM|START - ProcessID: 5928, peak process memory usage: 29372 kB, current process memory usage: 29364 kB
2018-12-07 09:43:51|   0.1|  0.0|INFORM|FME Configuration: Command line arguments are `C:\FME2017\fme.exe' `C:/jon/bedrock/working_directory/assets/everbridge/Customers\wb-xlate-1544193828531_4740' `LOG_STANDARDOUT' `YES' `LogCountServerName' `{d5af4c1a-6f8f-4da4-a0d1-50573681192b}'
2018-12-07 09:43:51|   0.1|  0.1|INFORM|Shared folders for formats are : C:\FME2017\datasources;C:\Users\mssqlgisadmin\Documents\FME\Formats
2018-12-07 09:43:51|   0.1|  0.0|INFORM|Shared folders for transformers are : C:\FME2017\transformers;C:\Users\mssqlgisadmin\Documents\FME\Transformers;C:\Users\mssqlgisadmin\AppData\Roaming\Safe Software\FME\FME Store\Transformers
2018-12-07 09:43:51|   0.1|  0.0|INFORM|Shared folders for coordinate systems are : C:\Users\mssqlgisadmin\Documents\FME\CoordinateSystems
2018-12-07 09:43:51|   0.1|  0.0|INFORM|Shared folders for coordinate system exceptions are : C:\Users\mssqlgisadmin\Documents\FME\CoordinateSystemExceptions
2018-12-07 09:43:51|   0.1|  0.0|INFORM|Shared folders for coordinate system grid overrides are : C:\Users\mssqlgisadmin\Documents\FME\CoordinateSystemGridOverrides
2018-12-07 09:43:51|   0.1|  0.0|INFORM|Shared folders for CS-MAP transformation exceptions are : C:\Users\mssqlgisadmin\Documents\FME\CsmapTransformationExceptions
2018-12-07 09:43:51|   0.1|  0.0|INFORM|Shared folders for transformer categories are : C:\Users\mssqlgisadmin\Documents\FME\TransformerCategories
2018-12-07 09:43:51|   0.1|  0.0|INFORM|FME Configuration: Reader Keyword is `MSSQL_ADO_1'
2018-12-07 09:43:51|   0.1|  0.0|INFORM|FME Configuration: Writer Keyword is `NULL_DEST'
2018-12-07 09:43:51|   0.1|  0.0|INFORM|FME Configuration: Writer Group Definition Keyword is `NULL_DEST_DEF'
2018-12-07 09:43:51|   0.1|  0.0|INFORM|FME Configuration: Reader type is `MSSQL_ADO'
2018-12-07 09:43:51|   0.1|  0.0|INFORM|FME Configuration: Writer type is `NULL'
2018-12-07 09:43:51|   0.1|  0.0|INFORM|FME Configuration: No destination coordinate system set
2018-12-07 09:43:51|   0.1|  0.0|INFORM|FME Configuration: Current working folder is `C:\jon\bedrock\working_directory\assets\everbridge\Customers'
2018-12-07 09:43:51|   0.1|  0.0|INFORM|FME Configuration: Temporary folder is `C:\Users\MSSQLG~1\AppData\Local\Temp\2', set from environment variable `TEMP'
2018-12-07 09:43:51|   0.1|  0.0|INFORM|FME Configuration: FME_HOME is `C:\FME2017\'
2018-12-07 09:43:51|   0.1|  0.0|INFORM|FME Configuration: FME_BASE is 'no'
2018-12-07 09:43:51|   0.1|  0.0|INFORM|FME Configuration: FME_MF_DIR is 'C:\jon\bedrock\working_directory\assets\everbridge\Customers/'
2018-12-07 09:43:51|   0.1|  0.0|INFORM|FME Configuration: FME_MF_NAME is 'everbridge_water_customers_ftp.fmw'
2018-12-07 09:43:51|   0.1|  0.0|INFORM|FME Configuration: FME_PRODUCT_NAME is 'FME(R) 2017.1.1.1'
2018-12-07 09:43:51|   0.1|  0.0|INFORM|System Status: 116.53 GB of disk space available in the FME temporary folder (C:\Users\MSSQLG~1\AppData\Local\Temp\2)
2018-12-07 09:43:51|   0.1|  0.0|INFORM|System Status: 4.00 GB of virtual memory available
2018-12-07 09:43:51|   0.1|  0.0|INFORM|Operating System: Microsoft Windows Server 2012 R2 Server 4.0 64-bit  (Build 9600)
2018-12-07 09:43:51|   0.1|  0.0|INFORM|FME Platform: WIN32
2018-12-07 09:43:51|   0.1|  0.0|INFORM|Locale: en_US
2018-12-07 09:43:51|   0.1|  0.0|INFORM|Code Page: 1252  (ANSI - Latin I)
2018-12-07 09:43:51|   0.1|  0.0|INFORM|FME Configuration: Process limits are 8.00 GB of physical memory and 4.00 GB of address space
2018-12-07 09:43:51|   0.1|  0.0|INFORM|FME Configuration: Start freeing memory when process usage exceeds 2.83 GB of memory or 3.41 GB of address space
2018-12-07 09:43:51|   0.1|  0.0|INFORM|FME Configuration: Stop freeing memory when process usage is below 2.12 GB of memory and 2.56 GB of address space
2018-12-07 09:43:52|   0.3|  0.1|INFORM|Creating writer for format: NULL (Nothing)
2018-12-07 09:43:52|   0.3|  0.0|INFORM|Trying to find a DYNAMIC plugin for writer named `NULL'
2018-12-07 09:43:52|   0.3|  0.0|INFORM|Loaded module 'NULL' from file 'C:\FME2017\plugins/NULL.dll'
2018-12-07 09:43:52|   0.3|  0.0|INFORM|FME API version of module 'NULL' matches current internal version (3.8 20170315)
2018-12-07 09:43:53|   1.6|  1.3|INFORM|FME Configuration: Named Connection Storage: 'C:\Users\mssqlgisadmin\AppData\Roaming\Safe Software\FME\'
2018-12-07 09:43:53|   1.6|  0.0|INFORM|FME Configuration: Using Named Connection values from 'munprod' for MSSQL_ADO_1
2018-12-07 09:43:53|   1.6|  0.0|INFORM|Creating reader for format: Microsoft SQL Server Non-Spatial
2018-12-07 09:43:53|   1.7|  0.1|INFORM|Trying to find a DYNAMIC plugin for reader named `MSSQL_ADO'
2018-12-07 09:43:53|   1.7|  0.0|WARN  |Error prepending '<FME_HOME>/plugins/' to path environment variable.  The addition may not exist, or on Windows the resulting path may be longer than 2047 characters
2018-12-07 09:43:53|   1.7|  0.0|INFORM|Loaded module 'MSSQL_ADO' from file 'C:\FME2017\plugins/FME_ADO.dll'
2018-12-07 09:43:53|   1.7|  0.0|INFORM|FME API version of module 'MSSQL_ADO' matches current internal version (3.8 20170315)
2018-12-07 09:43:53|   1.7|  0.0|INFORM|Microsoft SQL Server Non-Spatial Reader: Read 1 DEF line(s).  Found 13 attribute(s)
2018-12-07 09:43:53|   1.7|  0.0|INFORM|Microsoft SQL Server Non-Spatial Reader: Opening `munprod' for read operation
2018-12-07 09:43:53|   1.7|  0.0|INFORM|Microsoft SQL Server Non-Spatial Reader: Trying to connect using SQL Server 2012 Native Client...
2018-12-07 09:43:53|   1.7|  0.0|INFORM|Loaded module 'LogCount_func' from file 'C:\FME2017\plugins/LogCount_func.dll'
2018-12-07 09:43:53|   1.7|  0.0|INFORM|FME API version of module 'LogCount_func' matches current internal version (3.8 20170315)
2018-12-07 09:43:53|   1.7|  0.0|INFORM|FME API version of module 'NULL' matches current internal version (3.8 20170315)
2018-12-07 09:43:55|   1.9|  0.2|INFORM|FME API version of module 'NULL' matches current internal version (3.8 20170315)
2018-12-07 09:43:55|   1.9|  0.0|INFORM|Microsoft SQL Server Non-Spatial Reader: Now reading features from table avl.UB_Water_Customers_Everbridge, 10 record(s) at a time
2018-12-07 09:43:55|   1.9|  0.0|INFORM|Creating writer for format: 
2018-12-07 09:43:55|   1.9|  0.0|INFORM|Using MultiWriter with keyword `FeatureWriter' to output data (ID_ATTRIBUTE is `multi_writer_id')
2018-12-07 09:43:55|   2.1|  0.2|INFORM|FME Configuration: Using Named Connection values from 'munprod' for R_1
2018-12-07 09:43:55|   2.1|  0.0|INFORM|Creating reader for format: Microsoft SQL Server Non-Spatial
2018-12-07 09:43:55|   2.1|  0.0|INFORM|Trying to find a DYNAMIC plugin for reader named `MSSQL_ADO'
2018-12-07 09:43:55|   2.1|  0.0|INFORM|FME API version of module 'MSSQL_ADO' matches current internal version (3.8 20170315)
2018-12-07 09:43:55|   2.1|  0.0|INFORM|FME Configuration: Using Named Connection values from 'munprod' for R_1
2018-12-07 09:43:55|   2.1|  0.0|INFORM|Creating reader for format: Microsoft SQL Server Non-Spatial
2018-12-07 09:43:55|   2.1|  0.0|INFORM|Trying to find a DYNAMIC plugin for reader named `MSSQL_ADO'
2018-12-07 09:43:55|   2.1|  0.0|INFORM|FME API version of module 'MSSQL_ADO' matches current internal version (3.8 20170315)
2018-12-07 09:43:55|   2.1|  0.0|INFORM|Microsoft SQL Server Non-Spatial Reader: Read 1 DEF line(s).  Found 0 attribute(s)
2018-12-07 09:43:55|   2.1|  0.0|INFORM|Microsoft SQL Server Non-Spatial Reader: Opening `munprod' for read operation
2018-12-07 09:43:55|   2.1|  0.0|INFORM|Microsoft SQL Server Non-Spatial Reader: Closing `munprod' . Read operation complete
2018-12-07 09:43:55|   2.1|  0.0|INFORM|Reader `MSSQL_ADO_1' of type `MSSQL_ADO' provided schema for types: avl.UB_Water_Customers_Everbridge
2018-12-07 09:43:55|   2.2|  0.1|INFORM|Creating writer for format: CSV (Comma Separated Value)
2018-12-07 09:43:55|   2.3|  0.1|INFORM|Trying to find a DYNAMIC plugin for writer named `CSV2'
2018-12-07 09:43:55|   2.3|  0.0|INFORM|Loaded module 'CSV2' from file 'C:\FME2017\plugins/CSV2.dll'
2018-12-07 09:43:55|   2.3|  0.0|INFORM|FME API version of module 'CSV2' matches current internal version (3.8 20170315)
2018-12-07 09:43:55|   2.3|  0.0|INFORM|FME Configuration: No destination coordinate system set
2018-12-07 09:43:55|   2.3|  0.0|INFORM|FME API version of module 'CSV2' matches current internal version (3.8 20170315)
2018-12-07 09:43:55|   2.3|  0.0|INFORM|Writer `FeatureWriter_0' of type `CSV2' using group definition keyword `FeatureWriter_0_DEF'
2018-12-07 09:43:55|   2.3|  0.0|INFORM|FME API version of module 'CSV2' matches current internal version (3.8 20170315)
2018-12-07 09:43:55|   2.3|  0.0|INFORM|CSV writer: Directive '_EXTENSION' has the value 'csv'
2018-12-07 09:43:55|   2.3|  0.0|INFORM|CSV writer: Directive '_DELIMITER' has the value ','
2018-12-07 09:43:55|   2.3|  0.0|INFORM|CSV writer: Directive '_WRITE_BOM_FOR_UNICODE' has the value 'Yes'
2018-12-07 09:43:55|   2.3|  0.0|INFORM|CSV writer: Directive '_QUALIFY_FIELD_NAMES' has the value 'if_needed'
2018-12-07 09:43:55|   2.3|  0.0|INFORM|CSV writer: Directive '_QUALIFY_FIELD_VALUES' has the value 'if_needed'
2018-12-07 09:43:55|   2.3|  0.0|INFORM|CSV writer: Directive '_FIELD_QUALIFIER_CHARACTER' has the value '"'
2018-12-07 09:43:55|   2.3|  0.0|INFORM|CSV writer: Directive '_FIELD_QUALIFIER_ESCAPE_CHARACTER' has the value '"'
2018-12-07 09:43:55|   2.3|  0.0|INFORM|CSV writer: Directive '_ROW_TERMINATION' has the value 'System'
2018-12-07 09:43:55|   2.3|  0.0|INFORM|CSV writer: Directive '_WRITE_SCHEMA_FILE' has the value 'NO'
2018-12-07 09:43:55|   2.3|  0.0|INFORM|CSV writer: Opening dataset 'avl.UB_Water_Customers_Everbridge.csv'
2018-12-07 09:43:56|   3.1|  0.8|INFORM|Reading source feature # 2500
2018-12-07 09:43:57|   3.8|  0.7|INFORM|Reading source feature # 5000
2018-12-07 09:43:57|   4.6|  0.8|INFORM|Reading source feature # 7500
2018-12-07 09:43:58|   5.3|  0.7|INFORM|Reading source feature # 10000
2018-12-07 09:43:59|   6.1|  0.8|INFORM|Reading source feature # 12500
2018-12-07 09:44:00|   6.8|  0.7|INFORM|Reading source feature # 15000
2018-12-07 09:44:00|   7.5|  0.7|INFORM|Reading source feature # 17500
2018-12-07 09:44:01|   8.3|  0.8|INFORM|Reading source feature # 20000
2018-12-07 09:44:02|   9.0|  0.7|INFORM|Reading source feature # 22500
2018-12-07 09:44:03|   9.8|  0.8|INFORM|Reading source feature # 25000
2018-12-07 09:44:03|  10.5|  0.7|INFORM|Reading source feature # 27500
2018-12-07 09:44:04|  11.2|  0.8|INFORM|Reading source feature # 30000
2018-12-07 09:44:05|  12.0|  0.7|INFORM|Reading source feature # 32500
2018-12-07 09:44:06|  12.7|  0.8|INFORM|Reading source feature # 35000
2018-12-07 09:44:07|  13.5|  0.8|INFORM|Reading source feature # 37500
2018-12-07 09:44:07|  14.2|  0.8|INFORM|Reading source feature # 40000
2018-12-07 09:44:08|  15.0|  0.7|INFORM|Reading source feature # 42500
2018-12-07 09:44:09|  15.7|  0.8|INFORM|Reading source feature # 45000
2018-12-07 09:44:10|  16.5|  0.8|INFORM|Reading source feature # 47500
2018-12-07 09:44:10|  17.3|  0.8|INFORM|Reading source feature # 50000
2018-12-07 09:44:11|  17.5|  0.2|INFORM|Microsoft SQL Server Non-Spatial Reader: Database read complete.  Retrieved 50700 feature(s)
2018-12-07 09:44:11|  17.5|  0.0|INFORM|Emptying factory pipeline
2018-12-07 09:44:11|  17.5|  0.0|STATS |Router and Unexpected Input Remover(RoutingFactory): Tested 50700 input feature(s), wrote 50700 output feature(s): 50700 matched merge filters, 50700 were routed to output, 0 could not be routed.
2018-12-07 09:44:11|  17.5|  0.0|STATS |Unexpected Input Remover Nuker(TeeFactory): Cloned 0 input feature(s) into 0 output feature(s)
2018-12-07 09:44:11|  17.5|  0.0|STATS |avl.UB_Water_Customers_Everbridge (MSSQL_ADO_1) Splitter(TeeFactory): Cloned 50700 input feature(s) into 50700 output feature(s)
2018-12-07 09:44:11|  17.5|  0.0|STATS |avl.UB_Water_Customers_Everbridge_MSSQL_ADO_1 Feature Counter -1 6(TeeFactory): Cloned 50700 input feature(s) into 50700 output feature(s)
2018-12-07 09:44:11|  17.5|  0.0|INFORM|=-=-=-=-=-=-=-=-=-=-=-=-=-=-=-=-=-=-=-=-=-=-=-=-=-=-=-=-=-=-=-=-=-=-=-=-=-=-=-
2018-12-07 09:44:11|  17.5|  0.0|INFORM|Feature output statistics for `CSV2' writer using keyword `FeatureWriter_0':
2018-12-07 09:44:11|  17.5|  0.0|STATS |=-=-=-=-=-=-=-=-=-=-=-=-=-=-=-=-=-=-=-=-=-=-=-=-=-=-=-=-=-=-=-=-=-=-=-=-=-=-=-
2018-12-07 09:44:11|  17.5|  0.0|STATS |                               Features Written
2018-12-07 09:44:11|  17.5|  0.0|STATS |=-=-=-=-=-=-=-=-=-=-=-=-=-=-=-=-=-=-=-=-=-=-=-=-=-=-=-=-=-=-=-=-=-=-=-=-=-=-=-
2018-12-07 09:44:11|  17.5|  0.0|STATS |avl.UB_Water_Customers_Everbridge                                        50700
2018-12-07 09:44:11|  17.5|  0.0|STATS |==============================================================================
2018-12-07 09:44:11|  17.5|  0.0|STATS |Total Features Written                                                   50700
2018-12-07 09:44:11|  17.5|  0.0|STATS |=-=-=-=-=-=-=-=-=-=-=-=-=-=-=-=-=-=-=-=-=-=-=-=-=-=-=-=-=-=-=-=-=-=-=-=-=-=-=-
2018-12-07 09:44:11|  17.5|  0.0|STATS |Destination Feature Type Routing Correlator(RoutingFactory): Tested 0 input feature(s), wrote 0 output feature(s): 0 matched merge filters, 0 were routed to output, 0 could not be routed.
2018-12-07 09:44:11|  17.5|  0.0|STATS |Final Output Nuker(TeeFactory): Cloned 0 input feature(s) into 0 output feature(s)
2018-12-07 09:44:11|  17.5|  0.0|STATS |=-=-=-=-=-=-=-=-=-=-=-=-=-=-=-=-=-=-=-=-=-=-=-=-=-=-=-=-=-=-=-=-=-=-=-=-=-=-=-
2018-12-07 09:44:11|  17.5|  0.0|STATS |                            Features Read Summary
2018-12-07 09:44:11|  17.5|  0.0|STATS |=-=-=-=-=-=-=-=-=-=-=-=-=-=-=-=-=-=-=-=-=-=-=-=-=-=-=-=-=-=-=-=-=-=-=-=-=-=-=-
2018-12-07 09:44:11|  17.5|  0.0|STATS |avl.UB_Water_Customers_Everbridge                                        50700
2018-12-07 09:44:11|  17.5|  0.0|STATS |==============================================================================
2018-12-07 09:44:11|  17.5|  0.0|STATS |Total Features Read                                                      50700
2018-12-07 09:44:11|  17.5|  0.0|STATS |=-=-=-=-=-=-=-=-=-=-=-=-=-=-=-=-=-=-=-=-=-=-=-=-=-=-=-=-=-=-=-=-=-=-=-=-=-=-=-
2018-12-07 09:44:11|  17.5|  0.0|STATS |=-=-=-=-=-=-=-=-=-=-=-=-=-=-=-=-=-=-=-=-=-=-=-=-=-=-=-=-=-=-=-=-=-=-=-=-=-=-=-
2018-12-07 09:44:11|  17.5|  0.0|STATS |                           Features Written Summary
2018-12-07 09:44:11|  17.5|  0.0|STATS |=-=-=-=-=-=-=-=-=-=-=-=-=-=-=-=-=-=-=-=-=-=-=-=-=-=-=-=-=-=-=-=-=-=-=-=-=-=-=-
2018-12-07 09:44:11|  17.5|  0.0|STATS |==============================================================================
2018-12-07 09:44:11|  17.5|  0.0|STATS |Total Features Written                                                       0
2018-12-07 09:44:11|  17.5|  0.0|STATS |=-=-=-=-=-=-=-=-=-=-=-=-=-=-=-=-=-=-=-=-=-=-=-=-=-=-=-=-=-=-=-=-=-=-=-=-=-=-=-
2018-12-07 09:44:11|  17.5|  0.0|INFORM|Microsoft SQL Server Non-Spatial Reader: Closing `munprod' . Read operation complete
2018-12-07 09:44:11|  17.5|  0.0|INFORM|Translation was SUCCESSFUL with 1 warning(s) (0 feature(s) output)
2018-12-07 09:44:11|  17.5|  0.0|INFORM|FME Session Duration: 19.3 seconds. (CPU: 16.9s user, 0.5s system)
2018-12-07 09:44:11|  17.5|  0.0|INFORM|END - ProcessID: 5928, peak process memory usage: 82104 kB, current process memory usage: 81536 kB
