2020-04-02 00:11:05|   0.1|  0.1|INFORM|FME 2017.1.1.1 (20171014 - Build 17652 - WIN32)
2020-04-02 00:11:05|   0.1|  0.0|INFORM|FME_HOME is 'c:\FME2017\'
2020-04-02 00:11:05|   0.1|  0.0|INFORM|FME Desktop ESRI Edition (floating)
2020-04-02 00:11:05|   0.1|  0.0|INFORM|Permanent License.
2020-04-02 00:11:05|   0.1|  0.0|INFORM|Machine host name is: coa-gis-fme2
2020-04-02 00:11:05|   0.1|  0.0|INFORM|START - ProcessID: 8440, peak process memory usage: 29688 kB, current process memory usage: 29664 kB
2020-04-02 00:11:05|   0.1|  0.0|INFORM|FME Configuration: Command line arguments are `c:\FME2017\fme' `C:\COA\bedrock\working_directory\vendors.lib/mda1TOlibplayground_vendors.fmw'
2020-04-02 00:11:05|   0.2|  0.1|INFORM|Shared folders for formats are : c:\FME2017\datasources;C:\Users\mssqlgisadmin\Documents\FME\Formats
2020-04-02 00:11:05|   0.2|  0.0|INFORM|Shared folders for transformers are : c:\FME2017\transformers;C:\Users\mssqlgisadmin\Documents\FME\Transformers;C:\Users\mssqlgisadmin\AppData\Roaming\Safe Software\FME\FME Store\Transformers
2020-04-02 00:11:05|   0.2|  0.0|INFORM|Shared folders for coordinate systems are : C:\Users\mssqlgisadmin\Documents\FME\CoordinateSystems
2020-04-02 00:11:05|   0.2|  0.0|INFORM|Shared folders for coordinate system exceptions are : C:\Users\mssqlgisadmin\Documents\FME\CoordinateSystemExceptions
2020-04-02 00:11:05|   0.2|  0.0|INFORM|Shared folders for coordinate system grid overrides are : C:\Users\mssqlgisadmin\Documents\FME\CoordinateSystemGridOverrides
2020-04-02 00:11:05|   0.2|  0.0|INFORM|Shared folders for CS-MAP transformation exceptions are : C:\Users\mssqlgisadmin\Documents\FME\CsmapTransformationExceptions
2020-04-02 00:11:05|   0.2|  0.0|INFORM|Shared folders for transformer categories are : C:\Users\mssqlgisadmin\Documents\FME\TransformerCategories
2020-04-02 00:11:05|   0.2|  0.0|INFORM|FME Configuration: Reader Keyword is `POSTGRES_1'
2020-04-02 00:11:05|   0.2|  0.0|INFORM|FME Configuration: Writer Keyword is `MULTI_WRITER'
2020-04-02 00:11:05|   0.2|  0.0|INFORM|FME Configuration: Writer Group Definition Keyword is `MULTI_WRITER_DEF'
2020-04-02 00:11:05|   0.2|  0.0|INFORM|FME Configuration: Reader type is `POSTGRES'
2020-04-02 00:11:05|   0.2|  0.0|INFORM|FME Configuration: Writer type is `MULTI_WRITER'
2020-04-02 00:11:05|   0.2|  0.0|INFORM|FME Configuration: No destination coordinate system set
2020-04-02 00:11:05|   0.2|  0.0|INFORM|FME Configuration: Current working folder is `C:\COA\bedrock\working_directory\vendors.lib'
2020-04-02 00:11:05|   0.2|  0.0|INFORM|FME Configuration: Temporary folder is `C:\Users\MSSQLG~1\AppData\Local\Temp', set from environment variable `TEMP'
2020-04-02 00:11:05|   0.2|  0.0|INFORM|FME Configuration: FME_HOME is `c:\FME2017\'
2020-04-02 00:11:05|   0.2|  0.0|INFORM|FME Configuration: FME_BASE is 'no'
2020-04-02 00:11:05|   0.2|  0.0|INFORM|FME Configuration: FME_MF_DIR is 'C:\COA\bedrock\working_directory\vendors.lib/'
2020-04-02 00:11:05|   0.2|  0.0|INFORM|FME Configuration: FME_MF_NAME is 'mda1TOlibplayground_vendors.fmw'
2020-04-02 00:11:05|   0.2|  0.0|INFORM|FME Configuration: FME_PRODUCT_NAME is 'FME(R) 2017.1.1.1'
2020-04-02 00:11:05|   0.2|  0.0|INFORM|System Status: 95.11 GB of disk space available in the FME temporary folder (C:\Users\MSSQLG~1\AppData\Local\Temp)
2020-04-02 00:11:05|   0.2|  0.0|INFORM|System Status: 4.00 GB of virtual memory available
2020-04-02 00:11:05|   0.2|  0.0|INFORM|Operating System: Microsoft Windows Server 2012 R2 Server 4.0 64-bit  (Build 9600)
2020-04-02 00:11:05|   0.2|  0.0|INFORM|FME Platform: WIN32
2020-04-02 00:11:05|   0.2|  0.0|INFORM|Locale: en_US
2020-04-02 00:11:05|   0.2|  0.0|INFORM|Code Page: 1252  (ANSI - Latin I)
2020-04-02 00:11:05|   0.2|  0.0|INFORM|FME Configuration: Process limits are 8.00 GB of physical memory and 4.00 GB of address space
2020-04-02 00:11:05|   0.2|  0.0|INFORM|FME Configuration: Start freeing memory when process usage exceeds 2.83 GB of memory or 3.41 GB of address space
2020-04-02 00:11:05|   0.2|  0.0|INFORM|FME Configuration: Stop freeing memory when process usage is below 2.12 GB of memory and 2.56 GB of address space
2020-04-02 00:11:05|   0.3|  0.1|INFORM|Creating writer for format: 
2020-04-02 00:11:07|   1.9|  1.6|INFORM|FME Configuration: Named Connection Storage: 'C:\Users\mssqlgisadmin\AppData\Roaming\Safe Software\FME\'
2020-04-02 00:11:07|   1.9|  0.0|INFORM|FME Configuration: Using Named Connection values from 'mda-store-1' for POSTGRES_1
2020-04-02 00:11:07|   1.9|  0.0|INFORM|Creating reader for format: PostgreSQL
2020-04-02 00:11:07|   2.0|  0.1|INFORM|Trying to find a DYNAMIC plugin for reader named `POSTGRES'
2020-04-02 00:11:07|   2.0|  0.0|INFORM|Loaded module 'POSTGRES' from file 'c:\FME2017\plugins/POSTGIS.dll'
2020-04-02 00:11:07|   2.0|  0.0|INFORM|FME API version of module 'POSTGRES' matches current internal version (3.8 20170315)
2020-04-02 00:11:07|   2.0|  0.0|INFORM|Opening POSTGRES reader for dataset 'mdastore1'
2020-04-02 00:11:08|   3.1|  1.1|INFORM|PostGIS client encoding: 'UTF8'
2020-04-02 00:11:08|   3.1|  0.0|INFORM|PostgreSQL 10.4 on x86_64-pc-linux-gnu, compiled by gcc (GCC) 4.8.3 20140911 (Red Hat 4.8.3-9), 64-bit
2020-04-02 00:11:08|   3.1|  0.0|INFORM|Using MultiWriter with keyword `MULTI_WRITER' to output data (ID_ATTRIBUTE is `multi_writer_id')
2020-04-02 00:11:08|   3.1|  0.0|INFORM|Writer output will be ordered by value of multi_writer_id
2020-04-02 00:11:08|   3.1|  0.0|INFORM|Reading POSTGRES table: 'internal.vendors'...
2020-04-02 00:11:10|   3.8|  0.7|INFORM|FME Configuration: Using Named Connection values from 'library_playground' for POSTGRES_2
2020-04-02 00:11:10|   3.8|  0.0|INFORM|Creating writer for format: PostgreSQL
2020-04-02 00:11:10|   3.8|  0.0|INFORM|Trying to find a DYNAMIC plugin for writer named `POSTGRES'
2020-04-02 00:11:10|   3.8|  0.0|INFORM|FME API version of module 'POSTGRES' matches current internal version (3.8 20170315)
2020-04-02 00:11:10|   3.8|  0.0|INFORM|FME Configuration: No destination coordinate system set
2020-04-02 00:11:10|   3.8|  0.0|INFORM|FME API version of module 'POSTGRES' matches current internal version (3.8 20170315)
2020-04-02 00:11:10|   3.8|  0.0|INFORM|Writer `POSTGRES_2' of type `POSTGRES' using group definition keyword `POSTGRES_2_DEF'
2020-04-02 00:11:10|   3.8|  0.0|INFORM|FME API version of module 'POSTGRES' matches current internal version (3.8 20170315)
2020-04-02 00:11:10|   3.8|  0.0|INFORM|Opening POSTGRES writer for dataset 'library'...
2020-04-02 00:11:10|   3.8|  0.0|INFORM|PostGIS client encoding: 'UTF8'
2020-04-02 00:11:11|   3.8|  0.0|INFORM|PostgreSQL 10.7 on x86_64-pc-linux-gnu, compiled by gcc (GCC) 4.9.3, 64-bit
2020-04-02 00:11:11|   3.8|  0.0|INFORM|Testing for the existence of table 'r_finance.vendors'...
2020-04-02 00:11:11|   3.8|  0.0|INFORM|Using existing table 'r_finance.vendors'
2020-04-02 00:11:13|   3.8|  0.0|INFORM|POSTGRES Writer: Creating 'streaming Bulk Copy' feature type processor for feature type 'r_finance.vendors'
2020-04-02 00:11:14|   5.5|  1.6|INFORM|Committed transaction at feature '1000'
2020-04-02 00:11:16|   7.2|  1.7|INFORM|Committed transaction at feature '2000'
2020-04-02 00:11:17|   8.0|  0.8|INFORM|Reading source feature # 2500
2020-04-02 00:11:18|   8.8|  0.8|INFORM|Committed transaction at feature '3000'
2020-04-02 00:11:20|  10.5|  1.7|INFORM|Committed transaction at feature '4000'
2020-04-02 00:11:21|  12.2|  1.7|INFORM|Reading source feature # 5000
2020-04-02 00:11:21|  12.2|  0.0|INFORM|Committed transaction at feature '5000'
2020-04-02 00:11:23|  13.9|  1.7|INFORM|Committed transaction at feature '6000'
2020-04-02 00:11:25|  15.6|  1.7|INFORM|Committed transaction at feature '7000'
2020-04-02 00:11:26|  16.4|  0.8|INFORM|Reading source feature # 7500
2020-04-02 00:11:27|  17.3|  0.8|INFORM|Committed transaction at feature '8000'
2020-04-02 00:11:28|  18.9|  1.7|INFORM|Committed transaction at feature '9000'
2020-04-02 00:11:30|  20.6|  1.7|INFORM|Reading source feature # 10000
2020-04-02 00:11:30|  20.6|  0.0|INFORM|Committed transaction at feature '10000'
2020-04-02 00:11:34|  22.9|  2.3|INFORM|Committed transaction at feature '11000'
2020-04-02 00:11:36|  24.5|  1.7|INFORM|Committed transaction at feature '12000'
2020-04-02 00:11:37|  25.4|  0.8|INFORM|Reading source feature # 12500
2020-04-02 00:11:38|  26.2|  0.9|INFORM|Committed transaction at feature '13000'
2020-04-02 00:11:39|  27.9|  1.7|INFORM|Committed transaction at feature '14000'
2020-04-02 00:11:41|  29.5|  1.6|INFORM|Reading source feature # 15000
2020-04-02 00:11:41|  29.5|  0.0|INFORM|Committed transaction at feature '15000'
2020-04-02 00:11:43|  31.3|  1.7|INFORM|Committed transaction at feature '16000'
2020-04-02 00:11:45|  32.9|  1.6|INFORM|Committed transaction at feature '17000'
2020-04-02 00:11:45|  33.7|  0.8|INFORM|Reading source feature # 17500
2020-04-02 00:11:46|  34.6|  0.8|INFORM|Committed transaction at feature '18000'
2020-04-02 00:11:48|  36.2|  1.7|INFORM|Committed transaction at feature '19000'
2020-04-02 00:11:50|  37.9|  1.7|INFORM|Reading source feature # 20000
2020-04-02 00:11:50|  37.9|  0.0|INFORM|Committed transaction at feature '20000'
2020-04-02 00:11:54|  40.3|  2.4|INFORM|Committed transaction at feature '21000'
2020-04-02 00:11:56|  42.0|  1.7|INFORM|Committed transaction at feature '22000'
2020-04-02 00:11:56|  42.8|  0.8|INFORM|Reading source feature # 22500
2020-04-02 00:11:57|  43.6|  0.8|INFORM|Committed transaction at feature '23000'
2020-04-02 00:11:59|  45.3|  1.7|INFORM|Committed transaction at feature '24000'
2020-04-02 00:12:01|  47.1|  1.8|INFORM|Reading source feature # 25000
2020-04-02 00:12:01|  47.1|  0.0|INFORM|Committed transaction at feature '25000'
2020-04-02 00:12:03|  48.8|  1.7|INFORM|Committed transaction at feature '26000'
2020-04-02 00:12:05|  50.5|  1.7|INFORM|Committed transaction at feature '27000'
2020-04-02 00:12:06|  51.4|  0.9|INFORM|Reading source feature # 27500
2020-04-02 00:12:06|  52.3|  0.9|INFORM|Committed transaction at feature '28000'
2020-04-02 00:12:08|  54.0|  1.8|INFORM|Committed transaction at feature '29000'
2020-04-02 00:12:10|  55.7|  1.7|INFORM|Reading source feature # 30000
2020-04-02 00:12:10|  55.7|  0.0|INFORM|Committed transaction at feature '30000'
2020-04-02 00:12:11|  56.0|  0.3|INFORM|Emptying factory pipeline
2020-04-02 00:12:11|  56.0|  0.0|STATS |Router and Unexpected Input Remover(RoutingFactory): Tested 30194 input feature(s), wrote 30194 output feature(s): 30194 matched merge filters, 30194 were routed to output, 0 could not be routed.
2020-04-02 00:12:11|  56.0|  0.0|STATS |internal.vendors (POSTGRES_1) Splitter(TeeFactory): Cloned 30194 input feature(s) into 30194 output feature(s)
2020-04-02 00:12:11|  56.0|  0.0|STATS |Destination Feature Type Routing Correlator(RoutingFactory): Tested 30194 input feature(s), wrote 30194 output feature(s): 0 matched merge filters, 30194 were routed to output, 0 could not be routed.
2020-04-02 00:12:11|  56.0|  0.0|STATS |Final Output Nuker(TeeFactory): Cloned 0 input feature(s) into 0 output feature(s)
2020-04-02 00:12:11|  56.0|  0.0|INFORM|Successfully closed POSTGRES database writer
2020-04-02 00:12:11|  56.0|  0.0|INFORM|=-=-=-=-=-=-=-=-=-=-=-=-=-=-=-=-=-=-=-=-=-=-=-=-=-=-=-=-=-=-=-=-=-=-=-=-=-=-=-
2020-04-02 00:12:11|  56.0|  0.0|INFORM|Feature output statistics for `POSTGRES' writer using keyword `POSTGRES_2':
2020-04-02 00:12:11|  56.0|  0.0|STATS |=-=-=-=-=-=-=-=-=-=-=-=-=-=-=-=-=-=-=-=-=-=-=-=-=-=-=-=-=-=-=-=-=-=-=-=-=-=-=-
2020-04-02 00:12:11|  56.0|  0.0|STATS |                               Features Written
2020-04-02 00:12:11|  56.0|  0.0|STATS |=-=-=-=-=-=-=-=-=-=-=-=-=-=-=-=-=-=-=-=-=-=-=-=-=-=-=-=-=-=-=-=-=-=-=-=-=-=-=-
2020-04-02 00:12:11|  56.0|  0.0|STATS |r_finance.vendors                                                        30194
2020-04-02 00:12:11|  56.0|  0.0|STATS |==============================================================================
2020-04-02 00:12:11|  56.0|  0.0|STATS |Total Features Written                                                   30194
2020-04-02 00:12:11|  56.0|  0.0|STATS |=-=-=-=-=-=-=-=-=-=-=-=-=-=-=-=-=-=-=-=-=-=-=-=-=-=-=-=-=-=-=-=-=-=-=-=-=-=-=-
2020-04-02 00:12:11|  56.0|  0.0|STATS |=-=-=-=-=-=-=-=-=-=-=-=-=-=-=-=-=-=-=-=-=-=-=-=-=-=-=-=-=-=-=-=-=-=-=-=-=-=-=-
2020-04-02 00:12:11|  56.0|  0.0|STATS |                            Features Read Summary
2020-04-02 00:12:11|  56.0|  0.0|STATS |=-=-=-=-=-=-=-=-=-=-=-=-=-=-=-=-=-=-=-=-=-=-=-=-=-=-=-=-=-=-=-=-=-=-=-=-=-=-=-
2020-04-02 00:12:11|  56.0|  0.0|STATS |internal.vendors                                                         30194
2020-04-02 00:12:11|  56.0|  0.0|STATS |==============================================================================
2020-04-02 00:12:11|  56.0|  0.0|STATS |Total Features Read                                                      30194
2020-04-02 00:12:11|  56.0|  0.0|STATS |=-=-=-=-=-=-=-=-=-=-=-=-=-=-=-=-=-=-=-=-=-=-=-=-=-=-=-=-=-=-=-=-=-=-=-=-=-=-=-
2020-04-02 00:12:11|  56.0|  0.0|STATS |=-=-=-=-=-=-=-=-=-=-=-=-=-=-=-=-=-=-=-=-=-=-=-=-=-=-=-=-=-=-=-=-=-=-=-=-=-=-=-
2020-04-02 00:12:11|  56.0|  0.0|STATS |                           Features Written Summary
2020-04-02 00:12:11|  56.0|  0.0|STATS |=-=-=-=-=-=-=-=-=-=-=-=-=-=-=-=-=-=-=-=-=-=-=-=-=-=-=-=-=-=-=-=-=-=-=-=-=-=-=-
2020-04-02 00:12:11|  56.0|  0.0|STATS |r_finance.vendors                                                        30194
2020-04-02 00:12:11|  56.0|  0.0|STATS |==============================================================================
2020-04-02 00:12:11|  56.0|  0.0|STATS |Total Features Written                                                   30194
2020-04-02 00:12:11|  56.0|  0.0|STATS |=-=-=-=-=-=-=-=-=-=-=-=-=-=-=-=-=-=-=-=-=-=-=-=-=-=-=-=-=-=-=-=-=-=-=-=-=-=-=-
2020-04-02 00:12:11|  56.0|  0.0|INFORM|Successfully closed POSTGRES database reader
2020-04-02 00:12:11|  56.0|  0.0|INFORM|Successfully closed POSTGRES database reader
2020-04-02 00:12:11|  56.0|  0.0|INFORM|Translation was SUCCESSFUL with 0 warning(s) (30194 feature(s) output)
2020-04-02 00:12:11|  56.0|  0.0|INFORM|FME Session Duration: 1 minute 5.8 seconds. (CPU: 55.2s user, 0.8s system)
2020-04-02 00:12:11|  56.0|  0.0|INFORM|END - ProcessID: 8440, peak process memory usage: 106952 kB, current process memory usage: 76016 kB
