2020-04-02 00:56:05|   0.1|  0.1|INFORM|FME 2017.1.1.1 (20171014 - Build 17652 - WIN32)
2020-04-02 00:56:05|   0.1|  0.0|INFORM|FME_HOME is 'c:\FME2017\'
2020-04-02 00:56:05|   0.1|  0.0|INFORM|FME Desktop ESRI Edition (floating)
2020-04-02 00:56:05|   0.1|  0.0|INFORM|Permanent License.
2020-04-02 00:56:05|   0.1|  0.0|INFORM|Machine host name is: coa-gis-fme2
2020-04-02 00:56:05|   0.1|  0.0|INFORM|START - ProcessID: 4196, peak process memory usage: 31080 kB, current process memory usage: 31056 kB
2020-04-02 00:56:05|   0.1|  0.0|INFORM|FME Configuration: Command line arguments are `c:\FME2017\fme' `C:\COA\bedrock\working_directory\parking_cincinnati_contract_activity.pub/mdastore1TOcoa-publicdb1-parking_cincinnati_contract_activity.fmw'
2020-04-02 00:56:05|   0.2|  0.1|INFORM|Shared folders for formats are : c:\FME2017\datasources;C:\Users\mssqlgisadmin\Documents\FME\Formats
2020-04-02 00:56:05|   0.2|  0.0|INFORM|Shared folders for transformers are : c:\FME2017\transformers;C:\Users\mssqlgisadmin\Documents\FME\Transformers;C:\Users\mssqlgisadmin\AppData\Roaming\Safe Software\FME\FME Store\Transformers
2020-04-02 00:56:05|   0.2|  0.0|INFORM|Shared folders for coordinate systems are : C:\Users\mssqlgisadmin\Documents\FME\CoordinateSystems
2020-04-02 00:56:05|   0.2|  0.0|INFORM|Shared folders for coordinate system exceptions are : C:\Users\mssqlgisadmin\Documents\FME\CoordinateSystemExceptions
2020-04-02 00:56:05|   0.2|  0.0|INFORM|Shared folders for coordinate system grid overrides are : C:\Users\mssqlgisadmin\Documents\FME\CoordinateSystemGridOverrides
2020-04-02 00:56:05|   0.2|  0.0|INFORM|Shared folders for CS-MAP transformation exceptions are : C:\Users\mssqlgisadmin\Documents\FME\CsmapTransformationExceptions
2020-04-02 00:56:05|   0.2|  0.0|INFORM|Shared folders for transformer categories are : C:\Users\mssqlgisadmin\Documents\FME\TransformerCategories
2020-04-02 00:56:05|   0.2|  0.0|INFORM|FME Configuration: Reader Keyword is `POSTGRES_1'
2020-04-02 00:56:05|   0.2|  0.0|INFORM|FME Configuration: Writer Keyword is `MULTI_WRITER'
2020-04-02 00:56:05|   0.2|  0.0|INFORM|FME Configuration: Writer Group Definition Keyword is `MULTI_WRITER_DEF'
2020-04-02 00:56:05|   0.2|  0.0|INFORM|FME Configuration: Reader type is `POSTGRES'
2020-04-02 00:56:05|   0.2|  0.0|INFORM|FME Configuration: Writer type is `MULTI_WRITER'
2020-04-02 00:56:05|   0.2|  0.0|INFORM|FME Configuration: No destination coordinate system set
2020-04-02 00:56:05|   0.2|  0.0|INFORM|FME Configuration: Current working folder is `C:\COA\bedrock\working_directory\parking_cincinnati_contract_activity.pub'
2020-04-02 00:56:05|   0.2|  0.0|INFORM|FME Configuration: Temporary folder is `C:\Users\MSSQLG~1\AppData\Local\Temp', set from environment variable `TEMP'
2020-04-02 00:56:05|   0.2|  0.0|INFORM|FME Configuration: FME_HOME is `c:\FME2017\'
2020-04-02 00:56:05|   0.2|  0.0|INFORM|FME Configuration: FME_BASE is 'no'
2020-04-02 00:56:05|   0.2|  0.0|INFORM|FME Configuration: FME_MF_DIR is 'C:\COA\bedrock\working_directory\parking_cincinnati_contract_activity.pub/'
2020-04-02 00:56:05|   0.2|  0.0|INFORM|FME Configuration: FME_MF_NAME is 'mdastore1TOcoa-publicdb1-parking_cincinnati_contract_activity.fmw'
2020-04-02 00:56:05|   0.2|  0.0|INFORM|FME Configuration: FME_PRODUCT_NAME is 'FME(R) 2017.1.1.1'
2020-04-02 00:56:05|   0.2|  0.0|INFORM|System Status: 105.37 GB of disk space available in the FME temporary folder (C:\Users\MSSQLG~1\AppData\Local\Temp)
2020-04-02 00:56:05|   0.2|  0.0|INFORM|System Status: 4.00 GB of virtual memory available
2020-04-02 00:56:05|   0.2|  0.0|INFORM|Operating System: Microsoft Windows Server 2012 R2 Server 4.0 64-bit  (Build 9600)
2020-04-02 00:56:05|   0.2|  0.0|INFORM|FME Platform: WIN32
2020-04-02 00:56:05|   0.2|  0.0|INFORM|Locale: en_US
2020-04-02 00:56:05|   0.2|  0.0|INFORM|Code Page: 1252  (ANSI - Latin I)
2020-04-02 00:56:05|   0.2|  0.0|INFORM|FME Configuration: Process limits are 8.00 GB of physical memory and 4.00 GB of address space
2020-04-02 00:56:05|   0.2|  0.0|INFORM|FME Configuration: Start freeing memory when process usage exceeds 2.83 GB of memory or 3.41 GB of address space
2020-04-02 00:56:05|   0.2|  0.0|INFORM|FME Configuration: Stop freeing memory when process usage is below 2.12 GB of memory and 2.56 GB of address space
2020-04-02 00:56:05|   0.3|  0.1|INFORM|Creating writer for format: 
2020-04-02 00:56:06|   1.7|  1.4|INFORM|FME Configuration: Named Connection Storage: 'C:\Users\mssqlgisadmin\AppData\Roaming\Safe Software\FME\'
2020-04-02 00:56:06|   1.7|  0.0|INFORM|FME Configuration: Using Named Connection values from 'mda-store-1' for POSTGRES_1
2020-04-02 00:56:06|   1.7|  0.0|INFORM|Creating reader for format: PostgreSQL
2020-04-02 00:56:06|   1.7|  0.1|INFORM|Trying to find a DYNAMIC plugin for reader named `POSTGRES'
2020-04-02 00:56:06|   1.7|  0.0|INFORM|Loaded module 'POSTGRES' from file 'c:\FME2017\plugins/POSTGIS.dll'
2020-04-02 00:56:06|   1.7|  0.0|INFORM|FME API version of module 'POSTGRES' matches current internal version (3.8 20170315)
2020-04-02 00:56:06|   1.7|  0.0|INFORM|Opening POSTGRES reader for dataset 'mdastore1'
2020-04-02 00:56:08|   2.8|  1.1|INFORM|PostGIS client encoding: 'UTF8'
2020-04-02 00:56:08|   2.8|  0.0|INFORM|PostgreSQL 10.4 on x86_64-pc-linux-gnu, compiled by gcc (GCC) 4.8.3 20140911 (Red Hat 4.8.3-9), 64-bit
2020-04-02 00:56:08|   2.8|  0.0|INFORM|Using MultiWriter with keyword `MULTI_WRITER' to output data (ID_ATTRIBUTE is `multi_writer_id')
2020-04-02 00:56:08|   2.8|  0.0|INFORM|Writer output will be ordered by value of multi_writer_id
2020-04-02 00:56:08|   2.9|  0.0|INFORM|Reading POSTGRES table: 'internal.parking_cincinnati_contract_activity'...
2020-04-02 00:56:08|   3.0|  0.1|INFORM|FME Configuration: Using Named Connection values from 'coa-publicdb1' for POSTGRES_2
2020-04-02 00:56:08|   3.0|  0.0|INFORM|Creating writer for format: PostgreSQL
2020-04-02 00:56:08|   3.0|  0.0|INFORM|Trying to find a DYNAMIC plugin for writer named `POSTGRES'
2020-04-02 00:56:08|   3.0|  0.0|INFORM|FME API version of module 'POSTGRES' matches current internal version (3.8 20170315)
2020-04-02 00:56:08|   3.0|  0.0|INFORM|FME Configuration: No destination coordinate system set
2020-04-02 00:56:08|   3.0|  0.0|INFORM|FME API version of module 'POSTGRES' matches current internal version (3.8 20170315)
2020-04-02 00:56:08|   3.0|  0.0|INFORM|Writer `POSTGRES_2' of type `POSTGRES' using group definition keyword `POSTGRES_2_DEF'
2020-04-02 00:56:08|   3.0|  0.0|INFORM|FME API version of module 'POSTGRES' matches current internal version (3.8 20170315)
2020-04-02 00:56:08|   3.0|  0.0|INFORM|Opening POSTGRES writer for dataset 'coa_share'...
2020-04-02 00:56:09|   3.0|  0.0|INFORM|PostGIS client encoding: 'UTF8'
2020-04-02 00:56:09|   3.0|  0.0|INFORM|PostgreSQL 10.4 on x86_64-pc-linux-gnu, compiled by gcc (GCC) 4.8.3 20140911 (Red Hat 4.8.3-9), 64-bit
2020-04-02 00:56:09|   3.0|  0.0|INFORM|Testing for the existence of table 'smarking.parking_cincinnati_contract_activity'...
2020-04-02 00:56:10|   3.0|  0.0|INFORM|Truncating existing table 'smarking.parking_cincinnati_contract_activity'...
2020-04-02 00:56:10|   3.0|  0.0|INFORM|Using existing table 'smarking.parking_cincinnati_contract_activity'
2020-04-02 00:56:10|   3.0|  0.0|INFORM|POSTGRES Writer: Creating 'streaming Bulk Copy' feature type processor for feature type 'smarking.parking_cincinnati_contract_activity'
2020-04-02 00:56:11|   3.6|  0.6|INFORM|Committed transaction at feature '1000'
2020-04-02 00:56:12|   4.2|  0.6|INFORM|Committed transaction at feature '2000'
2020-04-02 00:56:12|   4.5|  0.3|INFORM|Reading source feature # 2500
2020-04-02 00:56:12|   4.8|  0.3|INFORM|Committed transaction at feature '3000'
2020-04-02 00:56:13|   5.3|  0.6|INFORM|Committed transaction at feature '4000'
2020-04-02 00:56:14|   5.9|  0.6|INFORM|Reading source feature # 5000
2020-04-02 00:56:14|   5.9|  0.0|INFORM|Committed transaction at feature '5000'
2020-04-02 00:56:14|   6.5|  0.6|INFORM|Committed transaction at feature '6000'
2020-04-02 00:56:15|   7.1|  0.6|INFORM|Committed transaction at feature '7000'
2020-04-02 00:56:15|   7.4|  0.3|INFORM|Reading source feature # 7500
2020-04-02 00:56:16|   7.7|  0.3|INFORM|Committed transaction at feature '8000'
2020-04-02 00:56:17|   8.3|  0.6|INFORM|Committed transaction at feature '9000'
2020-04-02 00:56:17|   8.8|  0.6|INFORM|Reading source feature # 10000
2020-04-02 00:56:17|   8.8|  0.0|INFORM|Committed transaction at feature '10000'
2020-04-02 00:56:18|   9.5|  0.6|INFORM|Committed transaction at feature '11000'
2020-04-02 00:56:19|  10.0|  0.6|INFORM|Committed transaction at feature '12000'
2020-04-02 00:56:19|  10.3|  0.3|INFORM|Reading source feature # 12500
2020-04-02 00:56:19|  10.6|  0.3|INFORM|Committed transaction at feature '13000'
2020-04-02 00:56:20|  11.2|  0.6|INFORM|Committed transaction at feature '14000'
2020-04-02 00:56:21|  11.8|  0.6|INFORM|Reading source feature # 15000
2020-04-02 00:56:21|  11.8|  0.0|INFORM|Committed transaction at feature '15000'
2020-04-02 00:56:21|  12.4|  0.6|INFORM|Committed transaction at feature '16000'
2020-04-02 00:56:22|  13.0|  0.6|INFORM|Committed transaction at feature '17000'
2020-04-02 00:56:22|  13.3|  0.3|INFORM|Reading source feature # 17500
2020-04-02 00:56:23|  13.6|  0.3|INFORM|Committed transaction at feature '18000'
2020-04-02 00:56:23|  14.2|  0.6|INFORM|Committed transaction at feature '19000'
2020-04-02 00:56:24|  14.8|  0.6|INFORM|Reading source feature # 20000
2020-04-02 00:56:24|  14.8|  0.0|INFORM|Committed transaction at feature '20000'
2020-04-02 00:56:25|  15.4|  0.6|INFORM|Committed transaction at feature '21000'
2020-04-02 00:56:26|  16.0|  0.6|INFORM|Committed transaction at feature '22000'
2020-04-02 00:56:26|  16.3|  0.3|INFORM|Reading source feature # 22500
2020-04-02 00:56:26|  16.6|  0.3|INFORM|Committed transaction at feature '23000'
2020-04-02 00:56:27|  17.2|  0.6|INFORM|Committed transaction at feature '24000'
2020-04-02 00:56:28|  17.8|  0.6|INFORM|Reading source feature # 25000
2020-04-02 00:56:28|  17.8|  0.0|INFORM|Committed transaction at feature '25000'
2020-04-02 00:56:28|  18.4|  0.6|INFORM|Committed transaction at feature '26000'
2020-04-02 00:56:29|  19.0|  0.6|INFORM|Committed transaction at feature '27000'
2020-04-02 00:56:29|  19.3|  0.3|INFORM|Reading source feature # 27500
2020-04-02 00:56:30|  19.6|  0.3|INFORM|Committed transaction at feature '28000'
2020-04-02 00:56:30|  20.2|  0.6|INFORM|Committed transaction at feature '29000'
2020-04-02 00:56:31|  20.8|  0.6|INFORM|Reading source feature # 30000
2020-04-02 00:56:31|  20.8|  0.0|INFORM|Committed transaction at feature '30000'
2020-04-02 00:56:32|  21.4|  0.7|INFORM|Committed transaction at feature '31000'
2020-04-02 00:56:33|  22.0|  0.6|INFORM|Committed transaction at feature '32000'
2020-04-02 00:56:33|  22.3|  0.3|INFORM|Reading source feature # 32500
2020-04-02 00:56:33|  22.6|  0.3|INFORM|Committed transaction at feature '33000'
2020-04-02 00:56:34|  23.2|  0.6|INFORM|Committed transaction at feature '34000'
2020-04-02 00:56:35|  23.8|  0.6|INFORM|Reading source feature # 35000
2020-04-02 00:56:35|  23.8|  0.0|INFORM|Committed transaction at feature '35000'
2020-04-02 00:56:35|  24.4|  0.6|INFORM|Committed transaction at feature '36000'
2020-04-02 00:56:36|  25.0|  0.6|INFORM|Committed transaction at feature '37000'
2020-04-02 00:56:36|  25.3|  0.3|INFORM|Reading source feature # 37500
2020-04-02 00:56:37|  25.5|  0.3|INFORM|Committed transaction at feature '38000'
2020-04-02 00:56:37|  26.2|  0.6|INFORM|Committed transaction at feature '39000'
2020-04-02 00:56:38|  26.8|  0.6|INFORM|Reading source feature # 40000
2020-04-02 00:56:38|  26.8|  0.0|INFORM|Committed transaction at feature '40000'
2020-04-02 00:56:39|  27.5|  0.7|INFORM|Committed transaction at feature '41000'
2020-04-02 00:56:40|  28.1|  0.6|INFORM|Committed transaction at feature '42000'
2020-04-02 00:56:40|  28.4|  0.3|INFORM|Reading source feature # 42500
2020-04-02 00:56:40|  28.7|  0.3|INFORM|Committed transaction at feature '43000'
2020-04-02 00:56:41|  29.3|  0.6|INFORM|Committed transaction at feature '44000'
2020-04-02 00:56:42|  30.0|  0.7|INFORM|Reading source feature # 45000
2020-04-02 00:56:42|  30.0|  0.0|INFORM|Committed transaction at feature '45000'
2020-04-02 00:56:43|  30.6|  0.6|INFORM|Committed transaction at feature '46000'
2020-04-02 00:56:43|  31.2|  0.6|INFORM|Committed transaction at feature '47000'
2020-04-02 00:56:44|  31.5|  0.3|INFORM|Reading source feature # 47500
2020-04-02 00:56:44|  31.8|  0.3|INFORM|Committed transaction at feature '48000'
2020-04-02 00:56:45|  32.3|  0.6|INFORM|Committed transaction at feature '49000'
2020-04-02 00:56:45|  32.9|  0.6|INFORM|Reading source feature # 50000
2020-04-02 00:56:45|  32.9|  0.0|INFORM|Committed transaction at feature '50000'
2020-04-02 00:56:46|  33.6|  0.7|INFORM|Committed transaction at feature '51000'
2020-04-02 00:56:47|  34.2|  0.6|INFORM|Committed transaction at feature '52000'
2020-04-02 00:56:47|  34.5|  0.3|INFORM|Reading source feature # 52500
2020-04-02 00:56:48|  34.8|  0.3|INFORM|Committed transaction at feature '53000'
2020-04-02 00:56:48|  35.4|  0.6|INFORM|Committed transaction at feature '54000'
2020-04-02 00:56:49|  35.9|  0.6|INFORM|Reading source feature # 55000
2020-04-02 00:56:49|  36.0|  0.0|INFORM|Committed transaction at feature '55000'
2020-04-02 00:56:50|  36.5|  0.6|INFORM|Committed transaction at feature '56000'
2020-04-02 00:56:50|  37.1|  0.6|INFORM|Committed transaction at feature '57000'
2020-04-02 00:56:51|  37.4|  0.3|INFORM|Reading source feature # 57500
2020-04-02 00:56:51|  37.7|  0.3|INFORM|Committed transaction at feature '58000'
2020-04-02 00:56:52|  38.3|  0.6|INFORM|Committed transaction at feature '59000'
2020-04-02 00:56:52|  38.9|  0.6|INFORM|Reading source feature # 60000
2020-04-02 00:56:52|  38.9|  0.0|INFORM|Committed transaction at feature '60000'
2020-04-02 00:56:53|  39.5|  0.7|INFORM|Committed transaction at feature '61000'
2020-04-02 00:56:54|  40.2|  0.6|INFORM|Committed transaction at feature '62000'
2020-04-02 00:56:54|  40.4|  0.3|INFORM|Reading source feature # 62500
2020-04-02 00:56:55|  40.7|  0.3|INFORM|Committed transaction at feature '63000'
2020-04-02 00:56:55|  41.3|  0.6|INFORM|Committed transaction at feature '64000'
2020-04-02 00:56:56|  41.9|  0.6|INFORM|Reading source feature # 65000
2020-04-02 00:56:56|  41.9|  0.0|INFORM|Committed transaction at feature '65000'
2020-04-02 00:56:57|  42.5|  0.6|INFORM|Committed transaction at feature '66000'
2020-04-02 00:56:57|  43.1|  0.6|INFORM|Committed transaction at feature '67000'
2020-04-02 00:56:58|  43.4|  0.3|INFORM|Reading source feature # 67500
2020-04-02 00:56:58|  43.7|  0.3|INFORM|Committed transaction at feature '68000'
2020-04-02 00:56:59|  44.2|  0.6|INFORM|Committed transaction at feature '69000'
2020-04-02 00:56:59|  44.8|  0.6|INFORM|Reading source feature # 70000
2020-04-02 00:56:59|  44.8|  0.0|INFORM|Committed transaction at feature '70000'
2020-04-02 00:57:00|  45.5|  0.7|INFORM|Committed transaction at feature '71000'
2020-04-02 00:57:01|  46.2|  0.6|INFORM|Committed transaction at feature '72000'
2020-04-02 00:57:01|  46.5|  0.3|INFORM|Reading source feature # 72500
2020-04-02 00:57:02|  46.8|  0.3|INFORM|Committed transaction at feature '73000'
2020-04-02 00:57:02|  47.4|  0.6|INFORM|Committed transaction at feature '74000'
2020-04-02 00:57:03|  48.0|  0.6|INFORM|Reading source feature # 75000
2020-04-02 00:57:03|  48.0|  0.0|INFORM|Committed transaction at feature '75000'
2020-04-02 00:57:04|  48.5|  0.6|INFORM|Committed transaction at feature '76000'
2020-04-02 00:57:04|  49.1|  0.6|INFORM|Committed transaction at feature '77000'
2020-04-02 00:57:05|  49.4|  0.3|INFORM|Reading source feature # 77500
2020-04-02 00:57:05|  49.7|  0.3|INFORM|Committed transaction at feature '78000'
2020-04-02 00:57:06|  50.3|  0.6|INFORM|Committed transaction at feature '79000'
2020-04-02 00:57:06|  50.9|  0.6|INFORM|Reading source feature # 80000
2020-04-02 00:57:06|  50.9|  0.0|INFORM|Committed transaction at feature '80000'
2020-04-02 00:57:07|  51.6|  0.7|INFORM|Committed transaction at feature '81000'
2020-04-02 00:57:08|  52.2|  0.6|INFORM|Committed transaction at feature '82000'
2020-04-02 00:57:08|  52.5|  0.3|INFORM|Reading source feature # 82500
2020-04-02 00:57:09|  52.7|  0.3|INFORM|Committed transaction at feature '83000'
2020-04-02 00:57:09|  53.3|  0.6|INFORM|Committed transaction at feature '84000'
2020-04-02 00:57:10|  53.9|  0.6|INFORM|Reading source feature # 85000
2020-04-02 00:57:10|  53.9|  0.0|INFORM|Committed transaction at feature '85000'
2020-04-02 00:57:11|  54.5|  0.6|INFORM|Committed transaction at feature '86000'
2020-04-02 00:57:11|  55.1|  0.6|INFORM|Committed transaction at feature '87000'
2020-04-02 00:57:12|  55.4|  0.3|INFORM|Reading source feature # 87500
2020-04-02 00:57:12|  55.6|  0.3|INFORM|Committed transaction at feature '88000'
2020-04-02 00:57:13|  56.2|  0.6|INFORM|Committed transaction at feature '89000'
2020-04-02 00:57:13|  56.8|  0.6|INFORM|Reading source feature # 90000
2020-04-02 00:57:13|  56.8|  0.0|INFORM|Committed transaction at feature '90000'
2020-04-02 00:57:14|  57.5|  0.6|INFORM|Committed transaction at feature '91000'
2020-04-02 00:57:15|  58.0|  0.6|INFORM|Committed transaction at feature '92000'
2020-04-02 00:57:15|  58.3|  0.3|INFORM|Reading source feature # 92500
2020-04-02 00:57:16|  58.6|  0.3|INFORM|Committed transaction at feature '93000'
2020-04-02 00:57:16|  59.2|  0.6|INFORM|Committed transaction at feature '94000'
2020-04-02 00:57:17|  59.8|  0.6|INFORM|Reading source feature # 95000
2020-04-02 00:57:17|  59.8|  0.0|INFORM|Committed transaction at feature '95000'
2020-04-02 00:57:18|  60.4|  0.6|INFORM|Committed transaction at feature '96000'
2020-04-02 00:57:18|  61.0|  0.6|INFORM|Committed transaction at feature '97000'
2020-04-02 00:57:19|  61.3|  0.3|INFORM|Reading source feature # 97500
2020-04-02 00:57:19|  61.5|  0.3|INFORM|Committed transaction at feature '98000'
2020-04-02 00:57:20|  62.1|  0.6|INFORM|Committed transaction at feature '99000'
2020-04-02 00:57:20|  62.7|  0.6|INFORM|Reading source feature # 100000
2020-04-02 00:57:20|  62.7|  0.0|INFORM|Committed transaction at feature '100000'
2020-04-02 00:57:21|  63.4|  0.7|INFORM|Committed transaction at feature '101000'
2020-04-02 00:57:22|  64.0|  0.6|INFORM|Committed transaction at feature '102000'
2020-04-02 00:57:22|  64.3|  0.3|INFORM|Reading source feature # 102500
2020-04-02 00:57:23|  64.6|  0.3|INFORM|Committed transaction at feature '103000'
2020-04-02 00:57:23|  65.1|  0.6|INFORM|Committed transaction at feature '104000'
2020-04-02 00:57:24|  65.7|  0.6|INFORM|Reading source feature # 105000
2020-04-02 00:57:24|  65.7|  0.0|INFORM|Committed transaction at feature '105000'
2020-04-02 00:57:25|  66.3|  0.6|INFORM|Committed transaction at feature '106000'
2020-04-02 00:57:25|  66.9|  0.6|INFORM|Committed transaction at feature '107000'
2020-04-02 00:57:26|  67.2|  0.3|INFORM|Reading source feature # 107500
2020-04-02 00:57:26|  67.5|  0.3|INFORM|Committed transaction at feature '108000'
2020-04-02 00:57:27|  68.1|  0.6|INFORM|Committed transaction at feature '109000'
2020-04-02 00:57:27|  68.7|  0.6|INFORM|Reading source feature # 110000
2020-04-02 00:57:27|  68.7|  0.0|INFORM|Committed transaction at feature '110000'
2020-04-02 00:57:28|  69.3|  0.6|INFORM|Committed transaction at feature '111000'
2020-04-02 00:57:29|  69.9|  0.6|INFORM|Committed transaction at feature '112000'
2020-04-02 00:57:29|  70.2|  0.3|INFORM|Reading source feature # 112500
2020-04-02 00:57:30|  70.5|  0.3|INFORM|Committed transaction at feature '113000'
2020-04-02 00:57:30|  71.1|  0.6|INFORM|Committed transaction at feature '114000'
2020-04-02 00:57:31|  71.7|  0.6|INFORM|Reading source feature # 115000
2020-04-02 00:57:31|  71.7|  0.0|INFORM|Committed transaction at feature '115000'
2020-04-02 00:57:32|  72.3|  0.6|INFORM|Committed transaction at feature '116000'
2020-04-02 00:57:32|  72.8|  0.6|INFORM|Committed transaction at feature '117000'
2020-04-02 00:57:33|  73.1|  0.3|INFORM|Reading source feature # 117500
2020-04-02 00:57:33|  73.4|  0.3|INFORM|Committed transaction at feature '118000'
2020-04-02 00:57:34|  74.0|  0.6|INFORM|Committed transaction at feature '119000'
2020-04-02 00:57:34|  74.6|  0.6|INFORM|Reading source feature # 120000
2020-04-02 00:57:34|  74.6|  0.0|INFORM|Committed transaction at feature '120000'
2020-04-02 00:57:35|  75.3|  0.7|INFORM|Committed transaction at feature '121000'
2020-04-02 00:57:36|  75.8|  0.6|INFORM|Committed transaction at feature '122000'
2020-04-02 00:57:36|  76.2|  0.3|INFORM|Reading source feature # 122500
2020-04-02 00:57:37|  76.5|  0.3|INFORM|Committed transaction at feature '123000'
2020-04-02 00:57:37|  77.0|  0.6|INFORM|Committed transaction at feature '124000'
2020-04-02 00:57:38|  77.6|  0.6|INFORM|Reading source feature # 125000
2020-04-02 00:57:38|  77.6|  0.0|INFORM|Committed transaction at feature '125000'
2020-04-02 00:57:39|  78.2|  0.6|INFORM|Committed transaction at feature '126000'
2020-04-02 00:57:39|  78.8|  0.6|INFORM|Committed transaction at feature '127000'
2020-04-02 00:57:40|  79.1|  0.3|INFORM|Reading source feature # 127500
2020-04-02 00:57:40|  79.4|  0.3|INFORM|Committed transaction at feature '128000'
2020-04-02 00:57:41|  80.0|  0.6|INFORM|Committed transaction at feature '129000'
2020-04-02 00:57:41|  80.5|  0.6|INFORM|Reading source feature # 130000
2020-04-02 00:57:41|  80.5|  0.0|INFORM|Committed transaction at feature '130000'
2020-04-02 00:57:42|  81.2|  0.7|INFORM|Committed transaction at feature '131000'
2020-04-02 00:57:43|  81.8|  0.6|INFORM|Committed transaction at feature '132000'
2020-04-02 00:57:43|  82.1|  0.3|INFORM|Reading source feature # 132500
2020-04-02 00:57:44|  82.4|  0.3|INFORM|Committed transaction at feature '133000'
2020-04-02 00:57:44|  83.0|  0.6|INFORM|Committed transaction at feature '134000'
2020-04-02 00:57:45|  83.6|  0.6|INFORM|Reading source feature # 135000
2020-04-02 00:57:45|  83.6|  0.0|INFORM|Committed transaction at feature '135000'
2020-04-02 00:57:46|  84.2|  0.6|INFORM|Committed transaction at feature '136000'
2020-04-02 00:57:46|  84.7|  0.6|INFORM|Committed transaction at feature '137000'
2020-04-02 00:57:47|  85.0|  0.3|INFORM|Reading source feature # 137500
2020-04-02 00:57:47|  85.3|  0.3|INFORM|Committed transaction at feature '138000'
2020-04-02 00:57:48|  85.9|  0.6|INFORM|Committed transaction at feature '139000'
2020-04-02 00:57:48|  86.5|  0.6|INFORM|Reading source feature # 140000
2020-04-02 00:57:48|  86.5|  0.0|INFORM|Committed transaction at feature '140000'
2020-04-02 00:57:49|  87.2|  0.7|INFORM|Committed transaction at feature '141000'
2020-04-02 00:57:50|  87.8|  0.6|INFORM|Committed transaction at feature '142000'
2020-04-02 00:57:50|  88.1|  0.3|INFORM|Reading source feature # 142500
2020-04-02 00:57:51|  88.4|  0.3|INFORM|Committed transaction at feature '143000'
2020-04-02 00:57:51|  89.0|  0.6|INFORM|Committed transaction at feature '144000'
2020-04-02 00:57:52|  89.5|  0.6|INFORM|Reading source feature # 145000
2020-04-02 00:57:52|  89.5|  0.0|INFORM|Committed transaction at feature '145000'
2020-04-02 00:57:53|  90.1|  0.6|INFORM|Committed transaction at feature '146000'
2020-04-02 00:57:53|  90.7|  0.6|INFORM|Committed transaction at feature '147000'
2020-04-02 00:57:54|  91.0|  0.3|INFORM|Reading source feature # 147500
2020-04-02 00:57:54|  91.3|  0.3|INFORM|Committed transaction at feature '148000'
2020-04-02 00:57:55|  91.9|  0.6|INFORM|Committed transaction at feature '149000'
2020-04-02 00:57:55|  92.5|  0.6|INFORM|Reading source feature # 150000
2020-04-02 00:57:55|  92.5|  0.0|INFORM|Committed transaction at feature '150000'
2020-04-02 00:57:56|  93.1|  0.7|INFORM|Committed transaction at feature '151000'
2020-04-02 00:57:57|  93.7|  0.6|INFORM|Committed transaction at feature '152000'
2020-04-02 00:57:57|  94.0|  0.3|INFORM|Reading source feature # 152500
2020-04-02 00:57:58|  94.3|  0.3|INFORM|Committed transaction at feature '153000'
2020-04-02 00:57:58|  94.9|  0.6|INFORM|Committed transaction at feature '154000'
2020-04-02 00:57:59|  95.5|  0.6|INFORM|Reading source feature # 155000
2020-04-02 00:57:59|  95.5|  0.0|INFORM|Committed transaction at feature '155000'
2020-04-02 00:58:00|  96.1|  0.6|INFORM|Committed transaction at feature '156000'
2020-04-02 00:58:00|  96.7|  0.6|INFORM|Committed transaction at feature '157000'
2020-04-02 00:58:01|  97.0|  0.3|INFORM|Reading source feature # 157500
2020-04-02 00:58:01|  97.3|  0.3|INFORM|Committed transaction at feature '158000'
2020-04-02 00:58:02|  97.9|  0.7|INFORM|Committed transaction at feature '159000'
2020-04-02 00:58:03|  98.5|  0.6|INFORM|Reading source feature # 160000
2020-04-02 00:58:03|  98.5|  0.0|INFORM|Committed transaction at feature '160000'
2020-04-02 00:58:04|  99.2|  0.7|INFORM|Committed transaction at feature '161000'
2020-04-02 00:58:04|  99.8|  0.6|INFORM|Committed transaction at feature '162000'
2020-04-02 00:58:05| 100.1|  0.3|INFORM|Reading source feature # 162500
2020-04-02 00:58:05| 100.4|  0.3|INFORM|Committed transaction at feature '163000'
2020-04-02 00:58:06| 101.0|  0.6|INFORM|Committed transaction at feature '164000'
2020-04-02 00:58:06| 101.6|  0.6|INFORM|Reading source feature # 165000
2020-04-02 00:58:06| 101.6|  0.0|INFORM|Committed transaction at feature '165000'
2020-04-02 00:58:07| 102.2|  0.6|INFORM|Committed transaction at feature '166000'
2020-04-02 00:58:08| 102.8|  0.6|INFORM|Committed transaction at feature '167000'
2020-04-02 00:58:08| 103.1|  0.3|INFORM|Reading source feature # 167500
2020-04-02 00:58:08| 103.4|  0.3|INFORM|Committed transaction at feature '168000'
2020-04-02 00:58:09| 103.9|  0.6|INFORM|Committed transaction at feature '169000'
2020-04-02 00:58:10| 104.5|  0.6|INFORM|Reading source feature # 170000
2020-04-02 00:58:10| 104.5|  0.0|INFORM|Committed transaction at feature '170000'
2020-04-02 00:58:11| 105.2|  0.7|INFORM|Committed transaction at feature '171000'
2020-04-02 00:58:11| 105.8|  0.6|INFORM|Committed transaction at feature '172000'
2020-04-02 00:58:12| 106.1|  0.3|INFORM|Reading source feature # 172500
2020-04-02 00:58:12| 106.4|  0.3|INFORM|Committed transaction at feature '173000'
2020-04-02 00:58:13| 107.0|  0.6|INFORM|Committed transaction at feature '174000'
2020-04-02 00:58:13| 107.5|  0.6|INFORM|Reading source feature # 175000
2020-04-02 00:58:13| 107.5|  0.0|INFORM|Committed transaction at feature '175000'
2020-04-02 00:58:14| 108.1|  0.6|INFORM|Committed transaction at feature '176000'
2020-04-02 00:58:15| 108.7|  0.6|INFORM|Committed transaction at feature '177000'
2020-04-02 00:58:15| 109.0|  0.3|INFORM|Reading source feature # 177500
2020-04-02 00:58:15| 109.3|  0.3|INFORM|Committed transaction at feature '178000'
2020-04-02 00:58:16| 109.9|  0.6|INFORM|Committed transaction at feature '179000'
2020-04-02 00:58:17| 110.5|  0.6|INFORM|Reading source feature # 180000
2020-04-02 00:58:17| 110.5|  0.0|INFORM|Committed transaction at feature '180000'
2020-04-02 00:58:18| 111.2|  0.7|INFORM|Committed transaction at feature '181000'
2020-04-02 00:58:18| 111.7|  0.6|INFORM|Committed transaction at feature '182000'
2020-04-02 00:58:19| 112.0|  0.3|INFORM|Reading source feature # 182500
2020-04-02 00:58:19| 112.3|  0.3|INFORM|Committed transaction at feature '183000'
2020-04-02 00:58:20| 112.9|  0.6|INFORM|Committed transaction at feature '184000'
2020-04-02 00:58:20| 113.5|  0.6|INFORM|Reading source feature # 185000
2020-04-02 00:58:20| 113.5|  0.0|INFORM|Committed transaction at feature '185000'
2020-04-02 00:58:21| 114.1|  0.6|INFORM|Committed transaction at feature '186000'
2020-04-02 00:58:22| 114.7|  0.6|INFORM|Committed transaction at feature '187000'
2020-04-02 00:58:22| 115.0|  0.3|INFORM|Reading source feature # 187500
2020-04-02 00:58:22| 115.3|  0.3|INFORM|Committed transaction at feature '188000'
2020-04-02 00:58:23| 115.8|  0.6|INFORM|Committed transaction at feature '189000'
2020-04-02 00:58:24| 116.4|  0.6|INFORM|Reading source feature # 190000
2020-04-02 00:58:24| 116.4|  0.0|INFORM|Committed transaction at feature '190000'
2020-04-02 00:58:25| 117.1|  0.7|INFORM|Committed transaction at feature '191000'
2020-04-02 00:58:25| 117.7|  0.6|INFORM|Committed transaction at feature '192000'
2020-04-02 00:58:26| 118.0|  0.3|INFORM|Reading source feature # 192500
2020-04-02 00:58:26| 118.2|  0.3|INFORM|Committed transaction at feature '193000'
2020-04-02 00:58:27| 118.8|  0.6|INFORM|Committed transaction at feature '194000'
2020-04-02 00:58:27| 119.4|  0.6|INFORM|Reading source feature # 195000
2020-04-02 00:58:27| 119.4|  0.0|INFORM|Committed transaction at feature '195000'
2020-04-02 00:58:28| 120.0|  0.6|INFORM|Committed transaction at feature '196000'
2020-04-02 00:58:29| 120.5|  0.6|INFORM|Committed transaction at feature '197000'
2020-04-02 00:58:29| 120.8|  0.3|INFORM|Reading source feature # 197500
2020-04-02 00:58:29| 121.1|  0.3|INFORM|Committed transaction at feature '198000'
2020-04-02 00:58:30| 121.7|  0.6|INFORM|Committed transaction at feature '199000'
2020-04-02 00:58:31| 122.3|  0.6|INFORM|Reading source feature # 200000
2020-04-02 00:58:31| 122.3|  0.0|INFORM|Committed transaction at feature '200000'
2020-04-02 00:58:32| 123.0|  0.7|INFORM|Committed transaction at feature '201000'
2020-04-02 00:58:32| 123.6|  0.6|INFORM|Committed transaction at feature '202000'
2020-04-02 00:58:33| 123.9|  0.3|INFORM|Reading source feature # 202500
2020-04-02 00:58:33| 124.2|  0.3|INFORM|Committed transaction at feature '203000'
2020-04-02 00:58:34| 124.7|  0.6|INFORM|Committed transaction at feature '204000'
2020-04-02 00:58:34| 125.3|  0.6|INFORM|Reading source feature # 205000
2020-04-02 00:58:35| 125.3|  0.0|INFORM|Committed transaction at feature '205000'
2020-04-02 00:58:35| 125.9|  0.6|INFORM|Committed transaction at feature '206000'
2020-04-02 00:58:36| 126.5|  0.6|INFORM|Committed transaction at feature '207000'
2020-04-02 00:58:36| 126.8|  0.3|INFORM|Reading source feature # 207500
2020-04-02 00:58:37| 127.0|  0.3|INFORM|Committed transaction at feature '208000'
2020-04-02 00:58:37| 127.6|  0.6|INFORM|Committed transaction at feature '209000'
2020-04-02 00:58:38| 128.2|  0.6|INFORM|Reading source feature # 210000
2020-04-02 00:58:38| 128.2|  0.0|INFORM|Committed transaction at feature '210000'
2020-04-02 00:58:39| 128.9|  0.7|INFORM|Committed transaction at feature '211000'
2020-04-02 00:58:40| 129.5|  0.6|INFORM|Committed transaction at feature '212000'
2020-04-02 00:58:40| 129.8|  0.3|INFORM|Reading source feature # 212500
2020-04-02 00:58:40| 130.0|  0.3|INFORM|Committed transaction at feature '213000'
2020-04-02 00:58:41| 130.6|  0.6|INFORM|Committed transaction at feature '214000'
2020-04-02 00:58:42| 131.2|  0.6|INFORM|Reading source feature # 215000
2020-04-02 00:58:42| 131.2|  0.0|INFORM|Committed transaction at feature '215000'
2020-04-02 00:58:42| 131.8|  0.6|INFORM|Committed transaction at feature '216000'
2020-04-02 00:58:43| 132.4|  0.6|INFORM|Committed transaction at feature '217000'
2020-04-02 00:58:43| 132.7|  0.3|INFORM|Reading source feature # 217500
2020-04-02 00:58:44| 133.0|  0.3|INFORM|Committed transaction at feature '218000'
2020-04-02 00:58:44| 133.6|  0.6|INFORM|Committed transaction at feature '219000'
2020-04-02 00:58:45| 134.2|  0.6|INFORM|Reading source feature # 220000
2020-04-02 00:58:45| 134.2|  0.0|INFORM|Committed transaction at feature '220000'
2020-04-02 00:58:46| 134.8|  0.7|INFORM|Committed transaction at feature '221000'
2020-04-02 00:58:47| 135.4|  0.6|INFORM|Committed transaction at feature '222000'
2020-04-02 00:58:47| 135.7|  0.3|INFORM|Reading source feature # 222500
2020-04-02 00:58:47| 136.0|  0.3|INFORM|Committed transaction at feature '223000'
2020-04-02 00:58:48| 136.6|  0.6|INFORM|Committed transaction at feature '224000'
2020-04-02 00:58:49| 137.2|  0.6|INFORM|Reading source feature # 225000
2020-04-02 00:58:49| 137.2|  0.0|INFORM|Committed transaction at feature '225000'
2020-04-02 00:58:49| 137.8|  0.6|INFORM|Committed transaction at feature '226000'
2020-04-02 00:58:50| 138.4|  0.6|INFORM|Committed transaction at feature '227000'
2020-04-02 00:58:50| 138.7|  0.3|INFORM|Reading source feature # 227500
2020-04-02 00:58:51| 138.9|  0.3|INFORM|Committed transaction at feature '228000'
2020-04-02 00:58:51| 139.5|  0.6|INFORM|Committed transaction at feature '229000'
2020-04-02 00:58:52| 140.1|  0.6|INFORM|Reading source feature # 230000
2020-04-02 00:58:52| 140.1|  0.0|INFORM|Committed transaction at feature '230000'
2020-04-02 00:58:53| 140.8|  0.7|INFORM|Committed transaction at feature '231000'
2020-04-02 00:58:54| 141.4|  0.6|INFORM|Committed transaction at feature '232000'
2020-04-02 00:58:54| 141.7|  0.3|INFORM|Reading source feature # 232500
2020-04-02 00:58:54| 142.0|  0.3|INFORM|Committed transaction at feature '233000'
2020-04-02 00:58:55| 142.6|  0.6|INFORM|Committed transaction at feature '234000'
2020-04-02 00:58:56| 143.2|  0.6|INFORM|Reading source feature # 235000
2020-04-02 00:58:56| 143.2|  0.0|INFORM|Committed transaction at feature '235000'
2020-04-02 00:58:56| 143.7|  0.6|INFORM|Committed transaction at feature '236000'
2020-04-02 00:58:57| 144.3|  0.6|INFORM|Committed transaction at feature '237000'
2020-04-02 00:58:57| 144.6|  0.3|INFORM|Reading source feature # 237500
2020-04-02 00:58:58| 144.9|  0.3|INFORM|Committed transaction at feature '238000'
2020-04-02 00:58:58| 145.5|  0.6|INFORM|Committed transaction at feature '239000'
2020-04-02 00:58:59| 146.1|  0.6|INFORM|Reading source feature # 240000
2020-04-02 00:58:59| 146.1|  0.0|INFORM|Committed transaction at feature '240000'
2020-04-02 00:59:00| 146.7|  0.7|INFORM|Committed transaction at feature '241000'
2020-04-02 00:59:01| 147.3|  0.6|INFORM|Committed transaction at feature '242000'
2020-04-02 00:59:01| 147.6|  0.3|INFORM|Reading source feature # 242500
2020-04-02 00:59:01| 147.9|  0.3|INFORM|Committed transaction at feature '243000'
2020-04-02 00:59:02| 148.6|  0.6|INFORM|Committed transaction at feature '244000'
2020-04-02 00:59:03| 149.2|  0.6|INFORM|Reading source feature # 245000
2020-04-02 00:59:03| 149.2|  0.0|INFORM|Committed transaction at feature '245000'
2020-04-02 00:59:04| 149.7|  0.6|INFORM|Committed transaction at feature '246000'
2020-04-02 00:59:04| 150.3|  0.6|INFORM|Committed transaction at feature '247000'
2020-04-02 00:59:05| 150.6|  0.3|INFORM|Reading source feature # 247500
2020-04-02 00:59:05| 150.9|  0.3|INFORM|Committed transaction at feature '248000'
2020-04-02 00:59:06| 151.5|  0.6|INFORM|Committed transaction at feature '249000'
2020-04-02 00:59:06| 152.1|  0.6|INFORM|Reading source feature # 250000
2020-04-02 00:59:06| 152.1|  0.0|INFORM|Committed transaction at feature '250000'
2020-04-02 00:59:07| 152.7|  0.7|INFORM|Committed transaction at feature '251000'
2020-04-02 00:59:08| 153.3|  0.6|INFORM|Committed transaction at feature '252000'
2020-04-02 00:59:08| 153.6|  0.3|INFORM|Reading source feature # 252500
2020-04-02 00:59:08| 153.9|  0.3|INFORM|Committed transaction at feature '253000'
2020-04-02 00:59:09| 154.5|  0.6|INFORM|Committed transaction at feature '254000'
2020-04-02 00:59:10| 155.1|  0.6|INFORM|Reading source feature # 255000
2020-04-02 00:59:10| 155.1|  0.0|INFORM|Committed transaction at feature '255000'
2020-04-02 00:59:11| 155.6|  0.6|INFORM|Committed transaction at feature '256000'
2020-04-02 00:59:11| 156.2|  0.6|INFORM|Committed transaction at feature '257000'
2020-04-02 00:59:12| 156.5|  0.3|INFORM|Reading source feature # 257500
2020-04-02 00:59:12| 156.8|  0.3|INFORM|Committed transaction at feature '258000'
2020-04-02 00:59:13| 157.4|  0.6|INFORM|Committed transaction at feature '259000'
2020-04-02 00:59:13| 158.0|  0.6|INFORM|Reading source feature # 260000
2020-04-02 00:59:13| 158.0|  0.0|INFORM|Committed transaction at feature '260000'
2020-04-02 00:59:14| 158.6|  0.6|INFORM|Committed transaction at feature '261000'
2020-04-02 00:59:15| 159.2|  0.6|INFORM|Committed transaction at feature '262000'
2020-04-02 00:59:15| 159.5|  0.3|INFORM|Reading source feature # 262500
2020-04-02 00:59:15| 159.8|  0.3|INFORM|Committed transaction at feature '263000'
2020-04-02 00:59:16| 160.4|  0.6|INFORM|Committed transaction at feature '264000'
2020-04-02 00:59:17| 161.0|  0.6|INFORM|Reading source feature # 265000
2020-04-02 00:59:17| 161.0|  0.0|INFORM|Committed transaction at feature '265000'
2020-04-02 00:59:18| 161.6|  0.6|INFORM|Committed transaction at feature '266000'
2020-04-02 00:59:18| 162.2|  0.6|INFORM|Committed transaction at feature '267000'
2020-04-02 00:59:19| 162.5|  0.3|INFORM|Reading source feature # 267500
2020-04-02 00:59:19| 162.8|  0.3|INFORM|Committed transaction at feature '268000'
2020-04-02 00:59:20| 163.3|  0.6|INFORM|Committed transaction at feature '269000'
2020-04-02 00:59:20| 163.9|  0.6|INFORM|Reading source feature # 270000
2020-04-02 00:59:20| 163.9|  0.0|INFORM|Committed transaction at feature '270000'
2020-04-02 00:59:21| 164.6|  0.7|INFORM|Committed transaction at feature '271000'
2020-04-02 00:59:22| 165.2|  0.6|INFORM|Committed transaction at feature '272000'
2020-04-02 00:59:22| 165.5|  0.3|INFORM|Reading source feature # 272500
2020-04-02 00:59:23| 165.8|  0.3|INFORM|Committed transaction at feature '273000'
2020-04-02 00:59:23| 166.4|  0.6|INFORM|Committed transaction at feature '274000'
2020-04-02 00:59:24| 167.0|  0.6|INFORM|Reading source feature # 275000
2020-04-02 00:59:24| 167.0|  0.0|INFORM|Committed transaction at feature '275000'
2020-04-02 00:59:25| 167.6|  0.6|INFORM|Committed transaction at feature '276000'
2020-04-02 00:59:25| 168.2|  0.6|INFORM|Committed transaction at feature '277000'
2020-04-02 00:59:26| 168.5|  0.3|INFORM|Reading source feature # 277500
2020-04-02 00:59:26| 168.7|  0.3|INFORM|Committed transaction at feature '278000'
2020-04-02 00:59:27| 169.3|  0.6|INFORM|Committed transaction at feature '279000'
2020-04-02 00:59:27| 169.9|  0.6|INFORM|Reading source feature # 280000
2020-04-02 00:59:27| 169.9|  0.0|INFORM|Committed transaction at feature '280000'
2020-04-02 00:59:28| 170.5|  0.7|INFORM|Committed transaction at feature '281000'
2020-04-02 00:59:29| 171.1|  0.6|INFORM|Committed transaction at feature '282000'
2020-04-02 00:59:29| 171.4|  0.3|INFORM|Reading source feature # 282500
2020-04-02 00:59:30| 171.7|  0.3|INFORM|Committed transaction at feature '283000'
2020-04-02 00:59:30| 172.3|  0.6|INFORM|Committed transaction at feature '284000'
2020-04-02 00:59:31| 172.9|  0.6|INFORM|Reading source feature # 285000
2020-04-02 00:59:31| 172.9|  0.0|INFORM|Committed transaction at feature '285000'
2020-04-02 00:59:32| 173.5|  0.6|INFORM|Committed transaction at feature '286000'
2020-04-02 00:59:32| 174.1|  0.6|INFORM|Committed transaction at feature '287000'
2020-04-02 00:59:33| 174.4|  0.3|INFORM|Reading source feature # 287500
2020-04-02 00:59:33| 174.7|  0.3|INFORM|Committed transaction at feature '288000'
2020-04-02 00:59:34| 175.3|  0.6|INFORM|Committed transaction at feature '289000'
2020-04-02 00:59:34| 175.9|  0.6|INFORM|Reading source feature # 290000
2020-04-02 00:59:34| 175.9|  0.0|INFORM|Committed transaction at feature '290000'
2020-04-02 00:59:35| 176.5|  0.6|INFORM|Committed transaction at feature '291000'
2020-04-02 00:59:36| 177.1|  0.6|INFORM|Committed transaction at feature '292000'
2020-04-02 00:59:36| 177.4|  0.3|INFORM|Reading source feature # 292500
2020-04-02 00:59:37| 177.7|  0.3|INFORM|Committed transaction at feature '293000'
2020-04-02 00:59:37| 178.3|  0.6|INFORM|Committed transaction at feature '294000'
2020-04-02 00:59:38| 178.9|  0.6|INFORM|Reading source feature # 295000
2020-04-02 00:59:38| 178.9|  0.0|INFORM|Committed transaction at feature '295000'
2020-04-02 00:59:39| 179.5|  0.6|INFORM|Committed transaction at feature '296000'
2020-04-02 00:59:39| 180.0|  0.6|INFORM|Committed transaction at feature '297000'
2020-04-02 00:59:40| 180.3|  0.3|INFORM|Reading source feature # 297500
2020-04-02 00:59:40| 180.6|  0.3|INFORM|Committed transaction at feature '298000'
2020-04-02 00:59:41| 181.2|  0.6|INFORM|Committed transaction at feature '299000'
2020-04-02 00:59:41| 181.8|  0.6|INFORM|Reading source feature # 300000
2020-04-02 00:59:41| 181.8|  0.0|INFORM|Committed transaction at feature '300000'
2020-04-02 00:59:42| 182.5|  0.7|INFORM|Committed transaction at feature '301000'
2020-04-02 00:59:43| 183.1|  0.6|INFORM|Committed transaction at feature '302000'
2020-04-02 00:59:43| 183.3|  0.3|INFORM|Reading source feature # 302500
2020-04-02 00:59:44| 183.6|  0.3|INFORM|Committed transaction at feature '303000'
2020-04-02 00:59:44| 184.2|  0.6|INFORM|Committed transaction at feature '304000'
2020-04-02 00:59:45| 184.8|  0.6|INFORM|Reading source feature # 305000
2020-04-02 00:59:45| 184.8|  0.0|INFORM|Committed transaction at feature '305000'
2020-04-02 00:59:46| 185.4|  0.6|INFORM|Committed transaction at feature '306000'
2020-04-02 00:59:46| 186.0|  0.6|INFORM|Committed transaction at feature '307000'
2020-04-02 00:59:47| 186.3|  0.3|INFORM|Reading source feature # 307500
2020-04-02 00:59:47| 186.6|  0.3|INFORM|Committed transaction at feature '308000'
2020-04-02 00:59:48| 187.2|  0.6|INFORM|Committed transaction at feature '309000'
2020-04-02 00:59:48| 187.7|  0.6|INFORM|Reading source feature # 310000
2020-04-02 00:59:48| 187.7|  0.0|INFORM|Committed transaction at feature '310000'
2020-04-02 00:59:49| 188.4|  0.7|INFORM|Committed transaction at feature '311000'
2020-04-02 00:59:50| 189.0|  0.6|INFORM|Committed transaction at feature '312000'
2020-04-02 00:59:50| 189.3|  0.3|INFORM|Reading source feature # 312500
2020-04-02 00:59:51| 189.6|  0.3|INFORM|Committed transaction at feature '313000'
2020-04-02 00:59:51| 190.2|  0.6|INFORM|Committed transaction at feature '314000'
2020-04-02 00:59:52| 190.8|  0.6|INFORM|Reading source feature # 315000
2020-04-02 00:59:52| 190.8|  0.0|INFORM|Committed transaction at feature '315000'
2020-04-02 00:59:53| 191.4|  0.6|INFORM|Committed transaction at feature '316000'
2020-04-02 00:59:53| 192.0|  0.6|INFORM|Committed transaction at feature '317000'
2020-04-02 00:59:54| 192.3|  0.3|INFORM|Reading source feature # 317500
2020-04-02 00:59:54| 192.6|  0.3|INFORM|Committed transaction at feature '318000'
2020-04-02 00:59:55| 193.2|  0.6|INFORM|Committed transaction at feature '319000'
2020-04-02 00:59:55| 193.7|  0.6|INFORM|Reading source feature # 320000
2020-04-02 00:59:55| 193.7|  0.0|INFORM|Committed transaction at feature '320000'
2020-04-02 00:59:56| 194.4|  0.6|INFORM|Committed transaction at feature '321000'
2020-04-02 00:59:57| 195.0|  0.6|INFORM|Committed transaction at feature '322000'
2020-04-02 00:59:57| 195.2|  0.3|INFORM|Reading source feature # 322500
2020-04-02 00:59:58| 195.5|  0.3|INFORM|Committed transaction at feature '323000'
2020-04-02 00:59:58| 196.1|  0.6|INFORM|Committed transaction at feature '324000'
2020-04-02 00:59:59| 196.7|  0.6|INFORM|Reading source feature # 325000
2020-04-02 00:59:59| 196.7|  0.0|INFORM|Committed transaction at feature '325000'
2020-04-02 01:00:00| 197.3|  0.6|INFORM|Committed transaction at feature '326000'
2020-04-02 01:00:00| 198.0|  0.7|INFORM|Committed transaction at feature '327000'
2020-04-02 01:00:01| 198.3|  0.4|INFORM|Reading source feature # 327500
2020-04-02 01:00:01| 198.7|  0.3|INFORM|Committed transaction at feature '328000'
2020-04-02 01:00:02| 199.3|  0.6|INFORM|Committed transaction at feature '329000'
2020-04-02 01:00:03| 199.9|  0.6|INFORM|Reading source feature # 330000
2020-04-02 01:00:03| 199.9|  0.0|INFORM|Committed transaction at feature '330000'
2020-04-02 01:00:04| 200.6|  0.7|INFORM|Committed transaction at feature '331000'
2020-04-02 01:00:04| 201.2|  0.6|INFORM|Committed transaction at feature '332000'
2020-04-02 01:00:05| 201.4|  0.3|INFORM|Reading source feature # 332500
2020-04-02 01:00:05| 201.7|  0.3|INFORM|Committed transaction at feature '333000'
2020-04-02 01:00:06| 202.3|  0.6|INFORM|Committed transaction at feature '334000'
2020-04-02 01:00:06| 202.9|  0.6|INFORM|Reading source feature # 335000
2020-04-02 01:00:06| 202.9|  0.0|INFORM|Committed transaction at feature '335000'
2020-04-02 01:00:07| 203.5|  0.6|INFORM|Committed transaction at feature '336000'
2020-04-02 01:00:08| 204.2|  0.7|INFORM|Committed transaction at feature '337000'
2020-04-02 01:00:08| 204.4|  0.3|INFORM|Reading source feature # 337500
2020-04-02 01:00:09| 204.7|  0.3|INFORM|Committed transaction at feature '338000'
2020-04-02 01:00:10| 205.4|  0.7|INFORM|Committed transaction at feature '339000'
2020-04-02 01:00:10| 206.0|  0.6|INFORM|Reading source feature # 340000
2020-04-02 01:00:11| 206.0|  0.0|INFORM|Committed transaction at feature '340000'
2020-04-02 01:00:12| 206.6|  0.7|INFORM|Committed transaction at feature '341000'
2020-04-02 01:00:13| 207.3|  0.6|INFORM|Committed transaction at feature '342000'
2020-04-02 01:00:13| 207.5|  0.3|INFORM|Reading source feature # 342500
2020-04-02 01:00:14| 207.8|  0.3|INFORM|Committed transaction at feature '343000'
2020-04-02 01:00:15| 208.4|  0.6|INFORM|Committed transaction at feature '344000'
2020-04-02 01:00:15| 209.0|  0.6|INFORM|Reading source feature # 345000
2020-04-02 01:00:15| 209.0|  0.0|INFORM|Committed transaction at feature '345000'
2020-04-02 01:00:16| 209.6|  0.6|INFORM|Committed transaction at feature '346000'
2020-04-02 01:00:17| 210.2|  0.6|INFORM|Committed transaction at feature '347000'
2020-04-02 01:00:17| 210.5|  0.3|INFORM|Reading source feature # 347500
2020-04-02 01:00:17| 210.8|  0.3|INFORM|Committed transaction at feature '348000'
2020-04-02 01:00:18| 211.3|  0.6|INFORM|Committed transaction at feature '349000'
2020-04-02 01:00:19| 211.9|  0.6|INFORM|Reading source feature # 350000
2020-04-02 01:00:19| 211.9|  0.0|INFORM|Committed transaction at feature '350000'
2020-04-02 01:00:20| 212.6|  0.6|INFORM|Committed transaction at feature '351000'
2020-04-02 01:00:20| 213.2|  0.6|INFORM|Committed transaction at feature '352000'
2020-04-02 01:00:21| 213.5|  0.3|INFORM|Reading source feature # 352500
2020-04-02 01:00:21| 213.8|  0.3|INFORM|Committed transaction at feature '353000'
2020-04-02 01:00:22| 214.3|  0.6|INFORM|Committed transaction at feature '354000'
2020-04-02 01:00:22| 214.9|  0.6|INFORM|Reading source feature # 355000
2020-04-02 01:00:22| 214.9|  0.0|INFORM|Committed transaction at feature '355000'
2020-04-02 01:00:23| 215.5|  0.6|INFORM|Committed transaction at feature '356000'
2020-04-02 01:00:24| 216.1|  0.6|INFORM|Committed transaction at feature '357000'
2020-04-02 01:00:24| 216.4|  0.3|INFORM|Reading source feature # 357500
2020-04-02 01:00:24| 216.7|  0.3|INFORM|Committed transaction at feature '358000'
2020-04-02 01:00:25| 217.3|  0.6|INFORM|Committed transaction at feature '359000'
2020-04-02 01:00:26| 217.9|  0.6|INFORM|Reading source feature # 360000
2020-04-02 01:00:26| 217.9|  0.0|INFORM|Committed transaction at feature '360000'
2020-04-02 01:00:27| 218.5|  0.7|INFORM|Committed transaction at feature '361000'
2020-04-02 01:00:27| 219.1|  0.6|INFORM|Committed transaction at feature '362000'
2020-04-02 01:00:28| 219.4|  0.3|INFORM|Reading source feature # 362500
2020-04-02 01:00:28| 219.7|  0.3|INFORM|Committed transaction at feature '363000'
2020-04-02 01:00:29| 220.3|  0.6|INFORM|Committed transaction at feature '364000'
2020-04-02 01:00:29| 220.9|  0.6|INFORM|Reading source feature # 365000
2020-04-02 01:00:29| 220.9|  0.0|INFORM|Committed transaction at feature '365000'
2020-04-02 01:00:30| 221.5|  0.6|INFORM|Committed transaction at feature '366000'
2020-04-02 01:00:31| 222.0|  0.6|INFORM|Committed transaction at feature '367000'
2020-04-02 01:00:31| 222.3|  0.3|INFORM|Reading source feature # 367500
2020-04-02 01:00:31| 222.6|  0.3|INFORM|Committed transaction at feature '368000'
2020-04-02 01:00:32| 223.2|  0.6|INFORM|Committed transaction at feature '369000'
2020-04-02 01:00:33| 223.8|  0.6|INFORM|Reading source feature # 370000
2020-04-02 01:00:33| 223.8|  0.0|INFORM|Committed transaction at feature '370000'
2020-04-02 01:00:34| 224.5|  0.7|INFORM|Committed transaction at feature '371000'
2020-04-02 01:00:34| 225.1|  0.6|INFORM|Committed transaction at feature '372000'
2020-04-02 01:00:35| 225.4|  0.3|INFORM|Reading source feature # 372500
2020-04-02 01:00:35| 225.7|  0.3|INFORM|Committed transaction at feature '373000'
2020-04-02 01:00:36| 226.3|  0.6|INFORM|Committed transaction at feature '374000'
2020-04-02 01:00:36| 226.8|  0.6|INFORM|Reading source feature # 375000
2020-04-02 01:00:36| 226.9|  0.0|INFORM|Committed transaction at feature '375000'
2020-04-02 01:00:37| 227.5|  0.6|INFORM|Committed transaction at feature '376000'
2020-04-02 01:00:38| 228.0|  0.6|INFORM|Committed transaction at feature '377000'
2020-04-02 01:00:38| 228.3|  0.3|INFORM|Reading source feature # 377500
2020-04-02 01:00:38| 228.6|  0.3|INFORM|Committed transaction at feature '378000'
2020-04-02 01:00:39| 229.2|  0.6|INFORM|Committed transaction at feature '379000'
2020-04-02 01:00:40| 229.8|  0.6|INFORM|Reading source feature # 380000
2020-04-02 01:00:40| 229.8|  0.0|INFORM|Committed transaction at feature '380000'
2020-04-02 01:00:41| 230.5|  0.7|INFORM|Committed transaction at feature '381000'
2020-04-02 01:00:41| 231.1|  0.6|INFORM|Committed transaction at feature '382000'
2020-04-02 01:00:42| 231.4|  0.3|INFORM|Reading source feature # 382500
2020-04-02 01:00:42| 231.7|  0.3|INFORM|Committed transaction at feature '383000'
2020-04-02 01:00:43| 232.3|  0.6|INFORM|Committed transaction at feature '384000'
2020-04-02 01:00:43| 232.9|  0.6|INFORM|Reading source feature # 385000
2020-04-02 01:00:43| 232.9|  0.0|INFORM|Committed transaction at feature '385000'
2020-04-02 01:00:44| 233.5|  0.6|INFORM|Committed transaction at feature '386000'
2020-04-02 01:00:45| 234.0|  0.6|INFORM|Committed transaction at feature '387000'
2020-04-02 01:00:45| 234.3|  0.3|INFORM|Reading source feature # 387500
2020-04-02 01:00:45| 234.6|  0.3|INFORM|Committed transaction at feature '388000'
2020-04-02 01:00:46| 235.3|  0.6|INFORM|Committed transaction at feature '389000'
2020-04-02 01:00:47| 235.8|  0.6|INFORM|Reading source feature # 390000
2020-04-02 01:00:47| 235.8|  0.0|INFORM|Committed transaction at feature '390000'
2020-04-02 01:00:48| 236.5|  0.7|INFORM|Committed transaction at feature '391000'
2020-04-02 01:00:48| 237.2|  0.6|INFORM|Committed transaction at feature '392000'
2020-04-02 01:00:49| 237.5|  0.3|INFORM|Reading source feature # 392500
2020-04-02 01:00:49| 237.8|  0.3|INFORM|Committed transaction at feature '393000'
2020-04-02 01:00:50| 238.4|  0.6|INFORM|Committed transaction at feature '394000'
2020-04-02 01:00:50| 238.9|  0.6|INFORM|Reading source feature # 395000
2020-04-02 01:00:50| 238.9|  0.0|INFORM|Committed transaction at feature '395000'
2020-04-02 01:00:51| 239.5|  0.6|INFORM|Committed transaction at feature '396000'
2020-04-02 01:00:52| 240.1|  0.6|INFORM|Committed transaction at feature '397000'
2020-04-02 01:00:52| 240.4|  0.3|INFORM|Reading source feature # 397500
2020-04-02 01:00:52| 240.7|  0.3|INFORM|Committed transaction at feature '398000'
2020-04-02 01:00:53| 241.3|  0.6|INFORM|Committed transaction at feature '399000'
2020-04-02 01:00:54| 241.8|  0.6|INFORM|Reading source feature # 400000
2020-04-02 01:00:54| 241.8|  0.0|INFORM|Committed transaction at feature '400000'
2020-04-02 01:00:55| 242.5|  0.7|INFORM|Committed transaction at feature '401000'
2020-04-02 01:00:55| 243.1|  0.6|INFORM|Committed transaction at feature '402000'
2020-04-02 01:00:56| 243.4|  0.3|INFORM|Reading source feature # 402500
2020-04-02 01:00:56| 243.7|  0.3|INFORM|Committed transaction at feature '403000'
2020-04-02 01:00:57| 244.2|  0.6|INFORM|Committed transaction at feature '404000'
2020-04-02 01:00:57| 244.8|  0.6|INFORM|Reading source feature # 405000
2020-04-02 01:00:57| 244.8|  0.0|INFORM|Committed transaction at feature '405000'
2020-04-02 01:00:58| 245.4|  0.6|INFORM|Committed transaction at feature '406000'
2020-04-02 01:00:59| 246.0|  0.6|INFORM|Committed transaction at feature '407000'
2020-04-02 01:00:59| 246.3|  0.3|INFORM|Reading source feature # 407500
2020-04-02 01:00:59| 246.6|  0.3|INFORM|Committed transaction at feature '408000'
2020-04-02 01:01:00| 247.2|  0.6|INFORM|Committed transaction at feature '409000'
2020-04-02 01:01:01| 247.8|  0.6|INFORM|Reading source feature # 410000
2020-04-02 01:01:01| 247.8|  0.0|INFORM|Committed transaction at feature '410000'
2020-04-02 01:01:02| 248.5|  0.7|INFORM|Committed transaction at feature '411000'
2020-04-02 01:01:03| 249.1|  0.6|INFORM|Committed transaction at feature '412000'
2020-04-02 01:01:03| 249.4|  0.3|INFORM|Reading source feature # 412500
2020-04-02 01:01:03| 249.7|  0.3|INFORM|Committed transaction at feature '413000'
2020-04-02 01:01:04| 250.3|  0.6|INFORM|Committed transaction at feature '414000'
2020-04-02 01:01:05| 250.9|  0.6|INFORM|Reading source feature # 415000
2020-04-02 01:01:05| 250.9|  0.0|INFORM|Committed transaction at feature '415000'
2020-04-02 01:01:05| 251.4|  0.6|INFORM|Committed transaction at feature '416000'
2020-04-02 01:01:06| 252.0|  0.6|INFORM|Committed transaction at feature '417000'
2020-04-02 01:01:06| 252.3|  0.3|INFORM|Reading source feature # 417500
2020-04-02 01:01:07| 252.6|  0.3|INFORM|Committed transaction at feature '418000'
2020-04-02 01:01:07| 253.2|  0.6|INFORM|Committed transaction at feature '419000'
2020-04-02 01:01:08| 253.8|  0.6|INFORM|Reading source feature # 420000
2020-04-02 01:01:08| 253.8|  0.0|INFORM|Committed transaction at feature '420000'
2020-04-02 01:01:09| 254.5|  0.7|INFORM|Committed transaction at feature '421000'
2020-04-02 01:01:10| 255.1|  0.6|INFORM|Committed transaction at feature '422000'
2020-04-02 01:01:10| 255.4|  0.3|INFORM|Reading source feature # 422500
2020-04-02 01:01:10| 255.7|  0.3|INFORM|Committed transaction at feature '423000'
2020-04-02 01:01:11| 256.2|  0.6|INFORM|Committed transaction at feature '424000'
2020-04-02 01:01:12| 256.8|  0.6|INFORM|Reading source feature # 425000
2020-04-02 01:01:12| 256.8|  0.0|INFORM|Committed transaction at feature '425000'
2020-04-02 01:01:12| 257.4|  0.6|INFORM|Committed transaction at feature '426000'
2020-04-02 01:01:13| 258.0|  0.6|INFORM|Committed transaction at feature '427000'
2020-04-02 01:01:14| 258.3|  0.3|INFORM|Reading source feature # 427500
2020-04-02 01:01:14| 258.5|  0.3|INFORM|Committed transaction at feature '428000'
2020-04-02 01:01:15| 259.1|  0.6|INFORM|Committed transaction at feature '429000'
2020-04-02 01:01:15| 259.7|  0.6|INFORM|Reading source feature # 430000
2020-04-02 01:01:15| 259.7|  0.0|INFORM|Committed transaction at feature '430000'
2020-04-02 01:01:16| 260.4|  0.7|INFORM|Committed transaction at feature '431000'
2020-04-02 01:01:17| 261.0|  0.6|INFORM|Committed transaction at feature '432000'
2020-04-02 01:01:17| 261.3|  0.3|INFORM|Reading source feature # 432500
2020-04-02 01:01:18| 261.5|  0.3|INFORM|Committed transaction at feature '433000'
2020-04-02 01:01:18| 262.1|  0.6|INFORM|Committed transaction at feature '434000'
2020-04-02 01:01:19| 262.7|  0.6|INFORM|Reading source feature # 435000
2020-04-02 01:01:20| 262.7|  0.0|INFORM|Committed transaction at feature '435000'
2020-04-02 01:01:20| 263.3|  0.6|INFORM|Committed transaction at feature '436000'
2020-04-02 01:01:21| 263.9|  0.6|INFORM|Committed transaction at feature '437000'
2020-04-02 01:01:21| 264.2|  0.3|INFORM|Reading source feature # 437500
2020-04-02 01:01:22| 264.5|  0.3|INFORM|Committed transaction at feature '438000'
2020-04-02 01:01:22| 265.1|  0.6|INFORM|Committed transaction at feature '439000'
2020-04-02 01:01:23| 265.7|  0.6|INFORM|Reading source feature # 440000
2020-04-02 01:01:23| 265.7|  0.0|INFORM|Committed transaction at feature '440000'
2020-04-02 01:01:24| 266.3|  0.7|INFORM|Committed transaction at feature '441000'
2020-04-02 01:01:25| 266.9|  0.6|INFORM|Committed transaction at feature '442000'
2020-04-02 01:01:25| 267.2|  0.3|INFORM|Reading source feature # 442500
2020-04-02 01:01:25| 267.5|  0.3|INFORM|Committed transaction at feature '443000'
2020-04-02 01:01:26| 268.1|  0.6|INFORM|Committed transaction at feature '444000'
2020-04-02 01:01:27| 268.7|  0.6|INFORM|Reading source feature # 445000
2020-04-02 01:01:27| 268.7|  0.0|INFORM|Committed transaction at feature '445000'
2020-04-02 01:01:27| 269.3|  0.6|INFORM|Committed transaction at feature '446000'
2020-04-02 01:01:28| 269.9|  0.6|INFORM|Committed transaction at feature '447000'
2020-04-02 01:01:28| 270.2|  0.3|INFORM|Reading source feature # 447500
2020-04-02 01:01:29| 270.5|  0.3|INFORM|Committed transaction at feature '448000'
2020-04-02 01:01:29| 271.1|  0.6|INFORM|Committed transaction at feature '449000'
2020-04-02 01:01:30| 271.7|  0.6|INFORM|Reading source feature # 450000
2020-04-02 01:01:30| 271.7|  0.0|INFORM|Committed transaction at feature '450000'
2020-04-02 01:01:30| 271.8|  0.1|INFORM|Emptying factory pipeline
2020-04-02 01:01:30| 271.8|  0.0|STATS |Router and Unexpected Input Remover(RoutingFactory): Tested 450222 input feature(s), wrote 450222 output feature(s): 450222 matched merge filters, 450222 were routed to output, 0 could not be routed.
2020-04-02 01:01:30| 271.8|  0.0|STATS |internal.parking_cincinnati_contract_activity (POSTGRES_1) Splitter(TeeFactory): Cloned 450222 input feature(s) into 450222 output feature(s)
2020-04-02 01:01:30| 271.8|  0.0|STATS |Destination Feature Type Routing Correlator(RoutingFactory): Tested 450222 input feature(s), wrote 450222 output feature(s): 0 matched merge filters, 450222 were routed to output, 0 could not be routed.
2020-04-02 01:01:30| 271.8|  0.0|STATS |Final Output Nuker(TeeFactory): Cloned 0 input feature(s) into 0 output feature(s)
2020-04-02 01:01:30| 271.8|  0.0|INFORM|Successfully closed POSTGRES database writer
2020-04-02 01:01:30| 271.8|  0.0|INFORM|=-=-=-=-=-=-=-=-=-=-=-=-=-=-=-=-=-=-=-=-=-=-=-=-=-=-=-=-=-=-=-=-=-=-=-=-=-=-=-
2020-04-02 01:01:30| 271.8|  0.0|INFORM|Feature output statistics for `POSTGRES' writer using keyword `POSTGRES_2':
2020-04-02 01:01:30| 271.8|  0.0|STATS |=-=-=-=-=-=-=-=-=-=-=-=-=-=-=-=-=-=-=-=-=-=-=-=-=-=-=-=-=-=-=-=-=-=-=-=-=-=-=-
2020-04-02 01:01:30| 271.8|  0.0|STATS |                               Features Written
2020-04-02 01:01:30| 271.8|  0.0|STATS |=-=-=-=-=-=-=-=-=-=-=-=-=-=-=-=-=-=-=-=-=-=-=-=-=-=-=-=-=-=-=-=-=-=-=-=-=-=-=-
2020-04-02 01:01:30| 271.8|  0.0|STATS |smarking.parking_cincinnati_contract_activity                           450222
2020-04-02 01:01:30| 271.8|  0.0|STATS |==============================================================================
2020-04-02 01:01:30| 271.8|  0.0|STATS |Total Features Written                                                  450222
2020-04-02 01:01:30| 271.8|  0.0|STATS |=-=-=-=-=-=-=-=-=-=-=-=-=-=-=-=-=-=-=-=-=-=-=-=-=-=-=-=-=-=-=-=-=-=-=-=-=-=-=-
2020-04-02 01:01:30| 271.8|  0.0|STATS |=-=-=-=-=-=-=-=-=-=-=-=-=-=-=-=-=-=-=-=-=-=-=-=-=-=-=-=-=-=-=-=-=-=-=-=-=-=-=-
2020-04-02 01:01:30| 271.8|  0.0|STATS |                            Features Read Summary
2020-04-02 01:01:30| 271.8|  0.0|STATS |=-=-=-=-=-=-=-=-=-=-=-=-=-=-=-=-=-=-=-=-=-=-=-=-=-=-=-=-=-=-=-=-=-=-=-=-=-=-=-
2020-04-02 01:01:30| 271.8|  0.0|STATS |internal.parking_cincinnati_contract_activity                           450222
2020-04-02 01:01:30| 271.8|  0.0|STATS |==============================================================================
2020-04-02 01:01:30| 271.8|  0.0|STATS |Total Features Read                                                     450222
2020-04-02 01:01:30| 271.8|  0.0|STATS |=-=-=-=-=-=-=-=-=-=-=-=-=-=-=-=-=-=-=-=-=-=-=-=-=-=-=-=-=-=-=-=-=-=-=-=-=-=-=-
2020-04-02 01:01:30| 271.8|  0.0|STATS |=-=-=-=-=-=-=-=-=-=-=-=-=-=-=-=-=-=-=-=-=-=-=-=-=-=-=-=-=-=-=-=-=-=-=-=-=-=-=-
2020-04-02 01:01:30| 271.8|  0.0|STATS |                           Features Written Summary
2020-04-02 01:01:30| 271.8|  0.0|STATS |=-=-=-=-=-=-=-=-=-=-=-=-=-=-=-=-=-=-=-=-=-=-=-=-=-=-=-=-=-=-=-=-=-=-=-=-=-=-=-
2020-04-02 01:01:30| 271.8|  0.0|STATS |smarking.parking_cincinnati_contract_activity                           450222
2020-04-02 01:01:30| 271.8|  0.0|STATS |==============================================================================
2020-04-02 01:01:30| 271.8|  0.0|STATS |Total Features Written                                                  450222
2020-04-02 01:01:30| 271.8|  0.0|STATS |=-=-=-=-=-=-=-=-=-=-=-=-=-=-=-=-=-=-=-=-=-=-=-=-=-=-=-=-=-=-=-=-=-=-=-=-=-=-=-
2020-04-02 01:01:30| 271.8|  0.0|INFORM|Successfully closed POSTGRES database reader
2020-04-02 01:01:30| 271.8|  0.0|INFORM|Successfully closed POSTGRES database reader
2020-04-02 01:01:30| 271.8|  0.0|INFORM|Translation was SUCCESSFUL with 0 warning(s) (450222 feature(s) output)
2020-04-02 01:01:30| 271.8|  0.0|INFORM|FME Session Duration: 5 minutes 25.8 seconds. (CPU: 270.3s user, 1.4s system)
2020-04-02 01:01:30| 271.8|  0.0|INFORM|END - ProcessID: 4196, peak process memory usage: 81572 kB, current process memory usage: 77056 kB
