2020-04-02 00:50:06|   0.1|  0.1|INFORM|FME 2017.1.1.1 (20171014 - Build 17652 - WIN32)
2020-04-02 00:50:06|   0.1|  0.0|INFORM|FME_HOME is 'c:\FME2017\'
2020-04-02 00:50:06|   0.1|  0.0|INFORM|FME Desktop ESRI Edition (floating)
2020-04-02 00:50:06|   0.1|  0.0|INFORM|Permanent License.
2020-04-02 00:50:06|   0.1|  0.0|INFORM|Machine host name is: coa-gis-fme2
2020-04-02 00:50:06|   0.1|  0.0|INFORM|START - ProcessID: 3952, peak process memory usage: 31532 kB, current process memory usage: 31508 kB
2020-04-02 00:50:06|   0.1|  0.0|INFORM|FME Configuration: Command line arguments are `c:\FME2017\fme' `C:\COA\bedrock\working_directory\parking_cincinnati_contract_activity.ms1/cincinnatiTOmdastore1-parking_cincinnati_contract_activity.fmw'
2020-04-02 00:50:06|   0.2|  0.1|INFORM|Shared folders for formats are : c:\FME2017\datasources;C:\Users\mssqlgisadmin\Documents\FME\Formats
2020-04-02 00:50:06|   0.2|  0.0|INFORM|Shared folders for transformers are : c:\FME2017\transformers;C:\Users\mssqlgisadmin\Documents\FME\Transformers;C:\Users\mssqlgisadmin\AppData\Roaming\Safe Software\FME\FME Store\Transformers
2020-04-02 00:50:06|   0.2|  0.0|INFORM|Shared folders for coordinate systems are : C:\Users\mssqlgisadmin\Documents\FME\CoordinateSystems
2020-04-02 00:50:06|   0.2|  0.0|INFORM|Shared folders for coordinate system exceptions are : C:\Users\mssqlgisadmin\Documents\FME\CoordinateSystemExceptions
2020-04-02 00:50:06|   0.2|  0.0|INFORM|Shared folders for coordinate system grid overrides are : C:\Users\mssqlgisadmin\Documents\FME\CoordinateSystemGridOverrides
2020-04-02 00:50:06|   0.2|  0.0|INFORM|Shared folders for CS-MAP transformation exceptions are : C:\Users\mssqlgisadmin\Documents\FME\CsmapTransformationExceptions
2020-04-02 00:50:06|   0.2|  0.0|INFORM|Shared folders for transformer categories are : C:\Users\mssqlgisadmin\Documents\FME\TransformerCategories
2020-04-02 00:50:06|   0.2|  0.0|INFORM|FME Configuration: Reader Keyword is `MSSQL_ADO_1'
2020-04-02 00:50:06|   0.2|  0.0|INFORM|FME Configuration: Writer Keyword is `MULTI_WRITER'
2020-04-02 00:50:06|   0.2|  0.0|INFORM|FME Configuration: Writer Group Definition Keyword is `MULTI_WRITER_DEF'
2020-04-02 00:50:06|   0.2|  0.0|INFORM|FME Configuration: Reader type is `MSSQL_ADO'
2020-04-02 00:50:06|   0.2|  0.0|INFORM|FME Configuration: Writer type is `MULTI_WRITER'
2020-04-02 00:50:06|   0.2|  0.0|INFORM|FME Configuration: No destination coordinate system set
2020-04-02 00:50:06|   0.2|  0.0|INFORM|FME Configuration: Current working folder is `C:\COA\bedrock\working_directory\parking_cincinnati_contract_activity.ms1'
2020-04-02 00:50:06|   0.2|  0.0|INFORM|FME Configuration: Temporary folder is `C:\Users\MSSQLG~1\AppData\Local\Temp', set from environment variable `TEMP'
2020-04-02 00:50:06|   0.2|  0.0|INFORM|FME Configuration: FME_HOME is `c:\FME2017\'
2020-04-02 00:50:06|   0.2|  0.0|INFORM|FME Configuration: FME_BASE is 'no'
2020-04-02 00:50:06|   0.2|  0.0|INFORM|FME Configuration: FME_MF_DIR is 'C:\COA\bedrock\working_directory\parking_cincinnati_contract_activity.ms1/'
2020-04-02 00:50:06|   0.2|  0.0|INFORM|FME Configuration: FME_MF_NAME is 'cincinnatiTOmdastore1-parking_cincinnati_contract_activity.fmw'
2020-04-02 00:50:06|   0.2|  0.0|INFORM|FME Configuration: FME_PRODUCT_NAME is 'FME(R) 2017.1.1.1'
2020-04-02 00:50:06|   0.2|  0.0|INFORM|System Status: 95.11 GB of disk space available in the FME temporary folder (C:\Users\MSSQLG~1\AppData\Local\Temp)
2020-04-02 00:50:06|   0.2|  0.0|INFORM|System Status: 4.00 GB of virtual memory available
2020-04-02 00:50:06|   0.2|  0.0|INFORM|Operating System: Microsoft Windows Server 2012 R2 Server 4.0 64-bit  (Build 9600)
2020-04-02 00:50:06|   0.2|  0.0|INFORM|FME Platform: WIN32
2020-04-02 00:50:06|   0.2|  0.0|INFORM|Locale: en_US
2020-04-02 00:50:06|   0.2|  0.0|INFORM|Code Page: 1252  (ANSI - Latin I)
2020-04-02 00:50:06|   0.2|  0.0|INFORM|FME Configuration: Process limits are 8.00 GB of physical memory and 4.00 GB of address space
2020-04-02 00:50:06|   0.2|  0.0|INFORM|FME Configuration: Start freeing memory when process usage exceeds 2.83 GB of memory or 3.41 GB of address space
2020-04-02 00:50:06|   0.2|  0.0|INFORM|FME Configuration: Stop freeing memory when process usage is below 2.12 GB of memory and 2.56 GB of address space
2020-04-02 00:50:06|   0.3|  0.1|INFORM|Creating writer for format: 
2020-04-02 00:50:08|   1.8|  1.5|INFORM|FME Configuration: Named Connection Storage: 'C:\Users\mssqlgisadmin\AppData\Roaming\Safe Software\FME\'
2020-04-02 00:50:08|   1.8|  0.0|INFORM|FME Configuration: Using Named Connection values from 'cinncinati_parking' for MSSQL_ADO_1
2020-04-02 00:50:08|   1.8|  0.0|INFORM|Creating reader for format: Microsoft SQL Server Non-Spatial
2020-04-02 00:50:08|   1.8|  0.1|INFORM|Trying to find a DYNAMIC plugin for reader named `MSSQL_ADO'
2020-04-02 00:50:08|   1.9|  0.0|INFORM|Loaded module 'MSSQL_ADO' from file 'c:\FME2017\plugins/FME_ADO.dll'
2020-04-02 00:50:08|   1.9|  0.0|INFORM|FME API version of module 'MSSQL_ADO' matches current internal version (3.8 20170315)
2020-04-02 00:50:08|   1.9|  0.0|INFORM|Microsoft SQL Server Non-Spatial Reader: Read 1 DEF line(s).  Found 40 attribute(s)
2020-04-02 00:50:08|   1.9|  0.0|INFORM|Microsoft SQL Server Non-Spatial Reader: Opening `McGann' for read operation
2020-04-02 00:50:08|   1.9|  0.0|INFORM|Microsoft SQL Server Non-Spatial Reader: Trying to connect using SQL Server 2012 Native Client...
2020-04-02 00:50:08|   1.9|  0.0|INFORM|Using MultiWriter with keyword `MULTI_WRITER' to output data (ID_ATTRIBUTE is `multi_writer_id')
2020-04-02 00:50:08|   1.9|  0.0|INFORM|Writer output will be ordered by value of multi_writer_id
2020-04-02 00:50:08|   1.9|  0.0|INFORM|Microsoft SQL Server Non-Spatial Reader: Now reading features from table dbo.CONTRACT_ACTIVITY, 10 record(s) at a time
2020-04-02 00:50:08|   2.2|  0.3|INFORM|FME Configuration: Using Named Connection values from 'mda-store-1' for POSTGRES_1
2020-04-02 00:50:08|   2.2|  0.0|INFORM|Creating writer for format: PostgreSQL
2020-04-02 00:50:08|   2.3|  0.1|INFORM|Trying to find a DYNAMIC plugin for writer named `POSTGRES'
2020-04-02 00:50:08|   2.3|  0.0|INFORM|Loaded module 'POSTGRES' from file 'c:\FME2017\plugins/POSTGIS.dll'
2020-04-02 00:50:08|   2.3|  0.0|INFORM|FME API version of module 'POSTGRES' matches current internal version (3.8 20170315)
2020-04-02 00:50:08|   2.3|  0.0|INFORM|FME Configuration: No destination coordinate system set
2020-04-02 00:50:08|   2.3|  0.0|INFORM|FME API version of module 'POSTGRES' matches current internal version (3.8 20170315)
2020-04-02 00:50:08|   2.3|  0.0|INFORM|Writer `POSTGRES_1' of type `POSTGRES' using group definition keyword `POSTGRES_1_DEF'
2020-04-02 00:50:08|   2.3|  0.0|INFORM|FME API version of module 'POSTGRES' matches current internal version (3.8 20170315)
2020-04-02 00:50:08|   2.3|  0.0|INFORM|Opening POSTGRES writer for dataset 'mdastore1'...
2020-04-02 00:50:10|   3.4|  1.1|INFORM|PostGIS client encoding: 'UTF8'
2020-04-02 00:50:10|   3.4|  0.0|INFORM|PostgreSQL 10.4 on x86_64-pc-linux-gnu, compiled by gcc (GCC) 4.8.3 20140911 (Red Hat 4.8.3-9), 64-bit
2020-04-02 00:50:10|   3.4|  0.0|INFORM|Testing for the existence of table 'internal.parking_cincinnati_contract_activity'...
2020-04-02 00:50:10|   3.4|  0.0|INFORM|Truncating existing table 'internal.parking_cincinnati_contract_activity'...
2020-04-02 00:50:10|   3.4|  0.0|INFORM|Using existing table 'internal.parking_cincinnati_contract_activity'
2020-04-02 00:50:11|   3.4|  0.0|INFORM|POSTGRES Writer: Creating 'streaming Bulk Copy' feature type processor for feature type 'internal.parking_cincinnati_contract_activity'
2020-04-02 00:50:12|   4.1|  0.7|INFORM|Committed transaction at feature '1000'
2020-04-02 00:50:12|   4.7|  0.7|INFORM|Committed transaction at feature '2000'
2020-04-02 00:50:13|   5.0|  0.3|INFORM|Reading source feature # 2500
2020-04-02 00:50:13|   5.4|  0.3|INFORM|Committed transaction at feature '3000'
2020-04-02 00:50:14|   6.0|  0.7|INFORM|Committed transaction at feature '4000'
2020-04-02 00:50:14|   6.7|  0.7|INFORM|Reading source feature # 5000
2020-04-02 00:50:14|   6.7|  0.0|INFORM|Committed transaction at feature '5000'
2020-04-02 00:50:15|   7.4|  0.7|INFORM|Committed transaction at feature '6000'
2020-04-02 00:50:16|   8.0|  0.6|INFORM|Committed transaction at feature '7000'
2020-04-02 00:50:16|   8.3|  0.3|INFORM|Reading source feature # 7500
2020-04-02 00:50:17|   8.6|  0.3|INFORM|Committed transaction at feature '8000'
2020-04-02 00:50:17|   9.3|  0.7|INFORM|Committed transaction at feature '9000'
2020-04-02 00:50:18|   9.9|  0.7|INFORM|Reading source feature # 10000
2020-04-02 00:50:18|   9.9|  0.0|INFORM|Committed transaction at feature '10000'
2020-04-02 00:50:19|  10.6|  0.7|INFORM|Committed transaction at feature '11000'
2020-04-02 00:50:20|  11.3|  0.7|INFORM|Committed transaction at feature '12000'
2020-04-02 00:50:20|  11.7|  0.3|INFORM|Reading source feature # 12500
2020-04-02 00:50:20|  12.0|  0.3|INFORM|Committed transaction at feature '13000'
2020-04-02 00:50:21|  12.7|  0.7|INFORM|Committed transaction at feature '14000'
2020-04-02 00:50:22|  13.3|  0.7|INFORM|Reading source feature # 15000
2020-04-02 00:50:22|  13.3|  0.0|INFORM|Committed transaction at feature '15000'
2020-04-02 00:50:22|  14.0|  0.7|INFORM|Committed transaction at feature '16000'
2020-04-02 00:50:23|  14.7|  0.7|INFORM|Committed transaction at feature '17000'
2020-04-02 00:50:24|  15.0|  0.3|INFORM|Reading source feature # 17500
2020-04-02 00:50:24|  15.3|  0.3|INFORM|Committed transaction at feature '18000'
2020-04-02 00:50:25|  15.9|  0.6|INFORM|Committed transaction at feature '19000'
2020-04-02 00:50:25|  16.6|  0.7|INFORM|Reading source feature # 20000
2020-04-02 00:50:25|  16.6|  0.0|INFORM|Committed transaction at feature '20000'
2020-04-02 00:50:26|  17.3|  0.7|INFORM|Committed transaction at feature '21000'
2020-04-02 00:50:27|  17.9|  0.6|INFORM|Committed transaction at feature '22000'
2020-04-02 00:50:27|  18.2|  0.3|INFORM|Reading source feature # 22500
2020-04-02 00:50:28|  18.6|  0.3|INFORM|Committed transaction at feature '23000'
2020-04-02 00:50:28|  19.2|  0.7|INFORM|Committed transaction at feature '24000'
2020-04-02 00:50:29|  19.9|  0.7|INFORM|Reading source feature # 25000
2020-04-02 00:50:29|  19.9|  0.0|INFORM|Committed transaction at feature '25000'
2020-04-02 00:50:30|  20.6|  0.7|INFORM|Committed transaction at feature '26000'
2020-04-02 00:50:30|  21.2|  0.6|INFORM|Committed transaction at feature '27000'
2020-04-02 00:50:31|  21.5|  0.3|INFORM|Reading source feature # 27500
2020-04-02 00:50:31|  21.8|  0.3|INFORM|Committed transaction at feature '28000'
2020-04-02 00:50:32|  22.5|  0.6|INFORM|Committed transaction at feature '29000'
2020-04-02 00:50:32|  23.1|  0.6|INFORM|Reading source feature # 30000
2020-04-02 00:50:32|  23.1|  0.0|INFORM|Committed transaction at feature '30000'
2020-04-02 00:50:33|  23.7|  0.6|INFORM|Committed transaction at feature '31000'
2020-04-02 00:50:34|  24.3|  0.6|INFORM|Committed transaction at feature '32000'
2020-04-02 00:50:34|  24.7|  0.3|INFORM|Reading source feature # 32500
2020-04-02 00:50:34|  25.0|  0.3|INFORM|Committed transaction at feature '33000'
2020-04-02 00:50:35|  25.6|  0.6|INFORM|Committed transaction at feature '34000'
2020-04-02 00:50:36|  26.3|  0.6|INFORM|Reading source feature # 35000
2020-04-02 00:50:36|  26.3|  0.0|INFORM|Committed transaction at feature '35000'
2020-04-02 00:50:37|  26.9|  0.6|INFORM|Committed transaction at feature '36000'
2020-04-02 00:50:37|  27.6|  0.7|INFORM|Committed transaction at feature '37000'
2020-04-02 00:50:38|  27.9|  0.3|INFORM|Reading source feature # 37500
2020-04-02 00:50:38|  28.2|  0.3|INFORM|Committed transaction at feature '38000'
2020-04-02 00:50:39|  28.8|  0.6|INFORM|Committed transaction at feature '39000'
2020-04-02 00:50:39|  29.5|  0.7|INFORM|Reading source feature # 40000
2020-04-02 00:50:39|  29.5|  0.0|INFORM|Committed transaction at feature '40000'
2020-04-02 00:50:40|  30.1|  0.6|INFORM|Committed transaction at feature '41000'
2020-04-02 00:50:41|  30.8|  0.6|INFORM|Committed transaction at feature '42000'
2020-04-02 00:50:41|  31.1|  0.3|INFORM|Reading source feature # 42500
2020-04-02 00:50:41|  31.4|  0.3|INFORM|Committed transaction at feature '43000'
2020-04-02 00:50:42|  32.0|  0.7|INFORM|Committed transaction at feature '44000'
2020-04-02 00:50:43|  32.7|  0.7|INFORM|Reading source feature # 45000
2020-04-02 00:50:43|  32.7|  0.0|INFORM|Committed transaction at feature '45000'
2020-04-02 00:50:44|  33.3|  0.7|INFORM|Committed transaction at feature '46000'
2020-04-02 00:50:44|  34.0|  0.7|INFORM|Committed transaction at feature '47000'
2020-04-02 00:50:45|  34.3|  0.3|INFORM|Reading source feature # 47500
2020-04-02 00:50:45|  34.7|  0.3|INFORM|Committed transaction at feature '48000'
2020-04-02 00:50:46|  35.3|  0.7|INFORM|Committed transaction at feature '49000'
2020-04-02 00:50:46|  36.0|  0.6|INFORM|Reading source feature # 50000
2020-04-02 00:50:46|  36.0|  0.0|INFORM|Committed transaction at feature '50000'
2020-04-02 00:50:47|  36.6|  0.7|INFORM|Committed transaction at feature '51000'
2020-04-02 00:50:48|  37.3|  0.7|INFORM|Committed transaction at feature '52000'
2020-04-02 00:50:48|  37.6|  0.3|INFORM|Reading source feature # 52500
2020-04-02 00:50:49|  37.9|  0.3|INFORM|Committed transaction at feature '53000'
2020-04-02 00:50:49|  38.6|  0.7|INFORM|Committed transaction at feature '54000'
2020-04-02 00:50:50|  39.3|  0.7|INFORM|Reading source feature # 55000
2020-04-02 00:50:50|  39.3|  0.0|INFORM|Committed transaction at feature '55000'
2020-04-02 00:50:51|  39.9|  0.6|INFORM|Committed transaction at feature '56000'
2020-04-02 00:50:52|  40.6|  0.7|INFORM|Committed transaction at feature '57000'
2020-04-02 00:50:52|  40.9|  0.3|INFORM|Reading source feature # 57500
2020-04-02 00:50:52|  41.3|  0.3|INFORM|Committed transaction at feature '58000'
2020-04-02 00:50:53|  41.9|  0.7|INFORM|Committed transaction at feature '59000'
2020-04-02 00:50:54|  42.5|  0.6|INFORM|Reading source feature # 60000
2020-04-02 00:50:54|  42.5|  0.0|INFORM|Committed transaction at feature '60000'
2020-04-02 00:50:54|  43.2|  0.6|INFORM|Committed transaction at feature '61000'
2020-04-02 00:50:55|  43.8|  0.6|INFORM|Committed transaction at feature '62000'
2020-04-02 00:50:55|  44.1|  0.3|INFORM|Reading source feature # 62500
2020-04-02 00:50:56|  44.5|  0.3|INFORM|Committed transaction at feature '63000'
2020-04-02 00:50:56|  45.1|  0.6|INFORM|Committed transaction at feature '64000'
2020-04-02 00:50:57|  45.7|  0.7|INFORM|Reading source feature # 65000
2020-04-02 00:50:57|  45.7|  0.0|INFORM|Committed transaction at feature '65000'
2020-04-02 00:50:58|  46.4|  0.7|INFORM|Committed transaction at feature '66000'
2020-04-02 00:50:59|  47.0|  0.7|INFORM|Committed transaction at feature '67000'
2020-04-02 00:50:59|  47.4|  0.3|INFORM|Reading source feature # 67500
2020-04-02 00:50:59|  47.7|  0.3|INFORM|Committed transaction at feature '68000'
2020-04-02 00:51:00|  48.4|  0.7|INFORM|Committed transaction at feature '69000'
2020-04-02 00:51:01|  49.0|  0.7|INFORM|Reading source feature # 70000
2020-04-02 00:51:01|  49.0|  0.0|INFORM|Committed transaction at feature '70000'
2020-04-02 00:51:02|  49.7|  0.7|INFORM|Committed transaction at feature '71000'
2020-04-02 00:51:02|  50.4|  0.7|INFORM|Committed transaction at feature '72000'
2020-04-02 00:51:03|  50.7|  0.3|INFORM|Reading source feature # 72500
2020-04-02 00:51:03|  51.0|  0.3|INFORM|Committed transaction at feature '73000'
2020-04-02 00:51:04|  51.7|  0.7|INFORM|Committed transaction at feature '74000'
2020-04-02 00:51:04|  52.4|  0.6|INFORM|Reading source feature # 75000
2020-04-02 00:51:04|  52.4|  0.0|INFORM|Committed transaction at feature '75000'
2020-04-02 00:51:05|  53.0|  0.7|INFORM|Committed transaction at feature '76000'
2020-04-02 00:51:06|  53.6|  0.6|INFORM|Committed transaction at feature '77000'
2020-04-02 00:51:06|  54.0|  0.3|INFORM|Reading source feature # 77500
2020-04-02 00:51:06|  54.3|  0.3|INFORM|Committed transaction at feature '78000'
2020-04-02 00:51:07|  54.9|  0.6|INFORM|Committed transaction at feature '79000'
2020-04-02 00:51:08|  55.5|  0.6|INFORM|Reading source feature # 80000
2020-04-02 00:51:08|  55.6|  0.0|INFORM|Committed transaction at feature '80000'
2020-04-02 00:51:09|  56.2|  0.7|INFORM|Committed transaction at feature '81000'
2020-04-02 00:51:09|  56.9|  0.6|INFORM|Committed transaction at feature '82000'
2020-04-02 00:51:10|  57.2|  0.3|INFORM|Reading source feature # 82500
2020-04-02 00:51:10|  57.5|  0.3|INFORM|Committed transaction at feature '83000'
2020-04-02 00:51:11|  58.2|  0.6|INFORM|Committed transaction at feature '84000'
2020-04-02 00:51:11|  58.8|  0.6|INFORM|Reading source feature # 85000
2020-04-02 00:51:11|  58.8|  0.0|INFORM|Committed transaction at feature '85000'
2020-04-02 00:51:12|  59.5|  0.7|INFORM|Committed transaction at feature '86000'
2020-04-02 00:51:13|  60.1|  0.7|INFORM|Committed transaction at feature '87000'
2020-04-02 00:51:13|  60.5|  0.3|INFORM|Reading source feature # 87500
2020-04-02 00:51:14|  60.8|  0.3|INFORM|Committed transaction at feature '88000'
2020-04-02 00:51:14|  61.5|  0.7|INFORM|Committed transaction at feature '89000'
2020-04-02 00:51:15|  62.1|  0.6|INFORM|Reading source feature # 90000
2020-04-02 00:51:15|  62.1|  0.0|INFORM|Committed transaction at feature '90000'
2020-04-02 00:51:16|  62.8|  0.7|INFORM|Committed transaction at feature '91000'
2020-04-02 00:51:17|  63.4|  0.7|INFORM|Committed transaction at feature '92000'
2020-04-02 00:51:17|  63.8|  0.3|INFORM|Reading source feature # 92500
2020-04-02 00:51:17|  64.1|  0.3|INFORM|Committed transaction at feature '93000'
2020-04-02 00:51:18|  64.8|  0.7|INFORM|Committed transaction at feature '94000'
2020-04-02 00:51:19|  65.4|  0.6|INFORM|Reading source feature # 95000
2020-04-02 00:51:19|  65.4|  0.0|INFORM|Committed transaction at feature '95000'
2020-04-02 00:51:19|  66.0|  0.7|INFORM|Committed transaction at feature '96000'
2020-04-02 00:51:20|  66.7|  0.6|INFORM|Committed transaction at feature '97000'
2020-04-02 00:51:20|  67.0|  0.3|INFORM|Reading source feature # 97500
2020-04-02 00:51:21|  67.3|  0.3|INFORM|Committed transaction at feature '98000'
2020-04-02 00:51:21|  68.0|  0.7|INFORM|Committed transaction at feature '99000'
2020-04-02 00:51:22|  68.6|  0.6|INFORM|Reading source feature # 100000
2020-04-02 00:51:22|  68.6|  0.0|INFORM|Committed transaction at feature '100000'
2020-04-02 00:51:23|  69.2|  0.6|INFORM|Committed transaction at feature '101000'
2020-04-02 00:51:24|  69.8|  0.6|INFORM|Committed transaction at feature '102000'
2020-04-02 00:51:24|  70.2|  0.3|INFORM|Reading source feature # 102500
2020-04-02 00:51:24|  70.5|  0.3|INFORM|Committed transaction at feature '103000'
2020-04-02 00:51:25|  71.1|  0.6|INFORM|Committed transaction at feature '104000'
2020-04-02 00:51:26|  71.8|  0.7|INFORM|Reading source feature # 105000
2020-04-02 00:51:26|  71.8|  0.0|INFORM|Committed transaction at feature '105000'
2020-04-02 00:51:26|  72.5|  0.7|INFORM|Committed transaction at feature '106000'
2020-04-02 00:51:27|  73.1|  0.7|INFORM|Committed transaction at feature '107000'
2020-04-02 00:51:27|  73.4|  0.3|INFORM|Reading source feature # 107500
2020-04-02 00:51:28|  73.7|  0.3|INFORM|Committed transaction at feature '108000'
2020-04-02 00:51:28|  74.4|  0.6|INFORM|Committed transaction at feature '109000'
2020-04-02 00:51:29|  75.0|  0.7|INFORM|Reading source feature # 110000
2020-04-02 00:51:29|  75.0|  0.0|INFORM|Committed transaction at feature '110000'
2020-04-02 00:51:30|  75.7|  0.6|INFORM|Committed transaction at feature '111000'
2020-04-02 00:51:31|  76.3|  0.6|INFORM|Committed transaction at feature '112000'
2020-04-02 00:51:31|  76.6|  0.4|INFORM|Reading source feature # 112500
2020-04-02 00:51:31|  77.0|  0.3|INFORM|Committed transaction at feature '113000'
2020-04-02 00:51:32|  77.6|  0.6|INFORM|Committed transaction at feature '114000'
2020-04-02 00:51:33|  78.2|  0.7|INFORM|Reading source feature # 115000
2020-04-02 00:51:33|  78.2|  0.0|INFORM|Committed transaction at feature '115000'
2020-04-02 00:51:33|  78.9|  0.6|INFORM|Committed transaction at feature '116000'
2020-04-02 00:51:34|  79.5|  0.7|INFORM|Committed transaction at feature '117000'
2020-04-02 00:51:34|  79.8|  0.3|INFORM|Reading source feature # 117500
2020-04-02 00:51:35|  80.2|  0.3|INFORM|Committed transaction at feature '118000'
2020-04-02 00:51:36|  80.9|  0.7|INFORM|Committed transaction at feature '119000'
2020-04-02 00:51:36|  81.6|  0.7|INFORM|Reading source feature # 120000
2020-04-02 00:51:36|  81.6|  0.0|INFORM|Committed transaction at feature '120000'
2020-04-02 00:51:37|  82.2|  0.7|INFORM|Committed transaction at feature '121000'
2020-04-02 00:51:38|  83.0|  0.7|INFORM|Committed transaction at feature '122000'
2020-04-02 00:51:38|  83.3|  0.3|INFORM|Reading source feature # 122500
2020-04-02 00:51:39|  83.6|  0.3|INFORM|Committed transaction at feature '123000'
2020-04-02 00:51:39|  84.2|  0.7|INFORM|Committed transaction at feature '124000'
2020-04-02 00:51:40|  84.9|  0.7|INFORM|Reading source feature # 125000
2020-04-02 00:51:40|  84.9|  0.0|INFORM|Committed transaction at feature '125000'
2020-04-02 00:51:41|  85.5|  0.6|INFORM|Committed transaction at feature '126000'
2020-04-02 00:51:41|  86.1|  0.6|INFORM|Committed transaction at feature '127000'
2020-04-02 00:51:42|  86.5|  0.3|INFORM|Reading source feature # 127500
2020-04-02 00:51:42|  86.8|  0.3|INFORM|Committed transaction at feature '128000'
2020-04-02 00:51:43|  87.4|  0.6|INFORM|Committed transaction at feature '129000'
2020-04-02 00:51:43|  88.0|  0.6|INFORM|Reading source feature # 130000
2020-04-02 00:51:43|  88.0|  0.0|INFORM|Committed transaction at feature '130000'
2020-04-02 00:51:44|  88.7|  0.6|INFORM|Committed transaction at feature '131000'
2020-04-02 00:51:45|  89.3|  0.6|INFORM|Committed transaction at feature '132000'
2020-04-02 00:51:45|  89.6|  0.3|INFORM|Reading source feature # 132500
2020-04-02 00:51:46|  90.0|  0.3|INFORM|Committed transaction at feature '133000'
2020-04-02 00:51:46|  90.6|  0.6|INFORM|Committed transaction at feature '134000'
2020-04-02 00:51:47|  91.2|  0.6|INFORM|Reading source feature # 135000
2020-04-02 00:51:47|  91.2|  0.0|INFORM|Committed transaction at feature '135000'
2020-04-02 00:51:48|  91.8|  0.6|INFORM|Committed transaction at feature '136000'
2020-04-02 00:51:48|  92.4|  0.6|INFORM|Committed transaction at feature '137000'
2020-04-02 00:51:49|  92.7|  0.3|INFORM|Reading source feature # 137500
2020-04-02 00:51:49|  93.0|  0.3|INFORM|Committed transaction at feature '138000'
2020-04-02 00:51:50|  93.7|  0.6|INFORM|Committed transaction at feature '139000'
2020-04-02 00:51:50|  94.3|  0.6|INFORM|Reading source feature # 140000
2020-04-02 00:51:50|  94.3|  0.0|INFORM|Committed transaction at feature '140000'
2020-04-02 00:51:51|  94.9|  0.6|INFORM|Committed transaction at feature '141000'
2020-04-02 00:51:52|  95.6|  0.6|INFORM|Committed transaction at feature '142000'
2020-04-02 00:51:52|  95.9|  0.3|INFORM|Reading source feature # 142500
2020-04-02 00:51:52|  96.2|  0.3|INFORM|Committed transaction at feature '143000'
2020-04-02 00:51:53|  96.8|  0.6|INFORM|Committed transaction at feature '144000'
2020-04-02 00:51:54|  97.4|  0.6|INFORM|Reading source feature # 145000
2020-04-02 00:51:54|  97.4|  0.0|INFORM|Committed transaction at feature '145000'
2020-04-02 00:51:54|  98.1|  0.7|INFORM|Committed transaction at feature '146000'
2020-04-02 00:51:55|  98.7|  0.6|INFORM|Committed transaction at feature '147000'
2020-04-02 00:51:55|  99.0|  0.3|INFORM|Reading source feature # 147500
2020-04-02 00:51:56|  99.3|  0.3|INFORM|Committed transaction at feature '148000'
2020-04-02 00:51:56| 100.0|  0.6|INFORM|Committed transaction at feature '149000'
2020-04-02 00:51:57| 100.6|  0.6|INFORM|Reading source feature # 150000
2020-04-02 00:51:57| 100.6|  0.0|INFORM|Committed transaction at feature '150000'
2020-04-02 00:51:58| 101.2|  0.6|INFORM|Committed transaction at feature '151000'
2020-04-02 00:51:58| 101.9|  0.6|INFORM|Committed transaction at feature '152000'
2020-04-02 00:51:59| 102.2|  0.3|INFORM|Reading source feature # 152500
2020-04-02 00:51:59| 102.5|  0.3|INFORM|Committed transaction at feature '153000'
2020-04-02 00:52:00| 103.1|  0.7|INFORM|Committed transaction at feature '154000'
2020-04-02 00:52:01| 103.8|  0.6|INFORM|Reading source feature # 155000
2020-04-02 00:52:01| 103.8|  0.0|INFORM|Committed transaction at feature '155000'
2020-04-02 00:52:01| 104.4|  0.7|INFORM|Committed transaction at feature '156000'
2020-04-02 00:52:02| 105.1|  0.7|INFORM|Committed transaction at feature '157000'
2020-04-02 00:52:02| 105.4|  0.3|INFORM|Reading source feature # 157500
2020-04-02 00:52:03| 105.7|  0.3|INFORM|Committed transaction at feature '158000'
2020-04-02 00:52:03| 106.3|  0.6|INFORM|Committed transaction at feature '159000'
2020-04-02 00:52:04| 107.0|  0.6|INFORM|Reading source feature # 160000
2020-04-02 00:52:04| 107.0|  0.0|INFORM|Committed transaction at feature '160000'
2020-04-02 00:52:05| 107.6|  0.6|INFORM|Committed transaction at feature '161000'
2020-04-02 00:52:05| 108.2|  0.6|INFORM|Committed transaction at feature '162000'
2020-04-02 00:52:06| 108.5|  0.3|INFORM|Reading source feature # 162500
2020-04-02 00:52:06| 108.8|  0.3|INFORM|Committed transaction at feature '163000'
2020-04-02 00:52:07| 109.5|  0.6|INFORM|Committed transaction at feature '164000'
2020-04-02 00:52:07| 110.1|  0.6|INFORM|Reading source feature # 165000
2020-04-02 00:52:07| 110.1|  0.0|INFORM|Committed transaction at feature '165000'
2020-04-02 00:52:08| 110.7|  0.6|INFORM|Committed transaction at feature '166000'
2020-04-02 00:52:09| 111.4|  0.6|INFORM|Committed transaction at feature '167000'
2020-04-02 00:52:09| 111.7|  0.3|INFORM|Reading source feature # 167500
2020-04-02 00:52:10| 112.0|  0.3|INFORM|Committed transaction at feature '168000'
2020-04-02 00:52:10| 112.6|  0.6|INFORM|Committed transaction at feature '169000'
2020-04-02 00:52:11| 113.2|  0.6|INFORM|Reading source feature # 170000
2020-04-02 00:52:11| 113.2|  0.0|INFORM|Committed transaction at feature '170000'
2020-04-02 00:52:12| 113.8|  0.6|INFORM|Committed transaction at feature '171000'
2020-04-02 00:52:12| 114.5|  0.6|INFORM|Committed transaction at feature '172000'
2020-04-02 00:52:13| 114.8|  0.3|INFORM|Reading source feature # 172500
2020-04-02 00:52:13| 115.1|  0.3|INFORM|Committed transaction at feature '173000'
2020-04-02 00:52:14| 115.7|  0.6|INFORM|Committed transaction at feature '174000'
2020-04-02 00:52:14| 116.4|  0.7|INFORM|Reading source feature # 175000
2020-04-02 00:52:14| 116.4|  0.0|INFORM|Committed transaction at feature '175000'
2020-04-02 00:52:15| 117.0|  0.6|INFORM|Committed transaction at feature '176000'
2020-04-02 00:52:16| 117.7|  0.6|INFORM|Committed transaction at feature '177000'
2020-04-02 00:52:16| 118.0|  0.3|INFORM|Reading source feature # 177500
2020-04-02 00:52:16| 118.3|  0.3|INFORM|Committed transaction at feature '178000'
2020-04-02 00:52:17| 118.9|  0.6|INFORM|Committed transaction at feature '179000'
2020-04-02 00:52:18| 119.5|  0.6|INFORM|Reading source feature # 180000
2020-04-02 00:52:18| 119.5|  0.0|INFORM|Committed transaction at feature '180000'
2020-04-02 00:52:18| 120.1|  0.6|INFORM|Committed transaction at feature '181000'
2020-04-02 00:52:19| 120.7|  0.6|INFORM|Committed transaction at feature '182000'
2020-04-02 00:52:19| 121.0|  0.3|INFORM|Reading source feature # 182500
2020-04-02 00:52:20| 121.3|  0.3|INFORM|Committed transaction at feature '183000'
2020-04-02 00:52:20| 122.0|  0.6|INFORM|Committed transaction at feature '184000'
2020-04-02 00:52:21| 122.6|  0.6|INFORM|Reading source feature # 185000
2020-04-02 00:52:21| 122.6|  0.0|INFORM|Committed transaction at feature '185000'
2020-04-02 00:52:22| 123.2|  0.6|INFORM|Committed transaction at feature '186000'
2020-04-02 00:52:22| 123.8|  0.6|INFORM|Committed transaction at feature '187000'
2020-04-02 00:52:23| 124.2|  0.3|INFORM|Reading source feature # 187500
2020-04-02 00:52:23| 124.5|  0.3|INFORM|Committed transaction at feature '188000'
2020-04-02 00:52:24| 125.1|  0.6|INFORM|Committed transaction at feature '189000'
2020-04-02 00:52:24| 125.7|  0.6|INFORM|Reading source feature # 190000
2020-04-02 00:52:25| 125.7|  0.0|INFORM|Committed transaction at feature '190000'
2020-04-02 00:52:25| 126.3|  0.6|INFORM|Committed transaction at feature '191000'
2020-04-02 00:52:26| 127.0|  0.6|INFORM|Committed transaction at feature '192000'
2020-04-02 00:52:26| 127.3|  0.3|INFORM|Reading source feature # 192500
2020-04-02 00:52:27| 127.6|  0.3|INFORM|Committed transaction at feature '193000'
2020-04-02 00:52:27| 128.2|  0.6|INFORM|Committed transaction at feature '194000'
2020-04-02 00:52:28| 128.8|  0.6|INFORM|Reading source feature # 195000
2020-04-02 00:52:28| 128.8|  0.0|INFORM|Committed transaction at feature '195000'
2020-04-02 00:52:29| 129.4|  0.6|INFORM|Committed transaction at feature '196000'
2020-04-02 00:52:29| 130.0|  0.6|INFORM|Committed transaction at feature '197000'
2020-04-02 00:52:30| 130.4|  0.3|INFORM|Reading source feature # 197500
2020-04-02 00:52:30| 130.7|  0.3|INFORM|Committed transaction at feature '198000'
2020-04-02 00:52:31| 131.3|  0.6|INFORM|Committed transaction at feature '199000'
2020-04-02 00:52:31| 131.9|  0.6|INFORM|Reading source feature # 200000
2020-04-02 00:52:31| 131.9|  0.0|INFORM|Committed transaction at feature '200000'
2020-04-02 00:52:32| 132.5|  0.6|INFORM|Committed transaction at feature '201000'
2020-04-02 00:52:33| 133.1|  0.6|INFORM|Committed transaction at feature '202000'
2020-04-02 00:52:33| 133.5|  0.3|INFORM|Reading source feature # 202500
2020-04-02 00:52:33| 133.8|  0.3|INFORM|Committed transaction at feature '203000'
2020-04-02 00:52:34| 134.4|  0.6|INFORM|Committed transaction at feature '204000'
2020-04-02 00:52:35| 135.0|  0.6|INFORM|Reading source feature # 205000
2020-04-02 00:52:35| 135.0|  0.0|INFORM|Committed transaction at feature '205000'
2020-04-02 00:52:35| 135.7|  0.6|INFORM|Committed transaction at feature '206000'
2020-04-02 00:52:36| 136.3|  0.6|INFORM|Committed transaction at feature '207000'
2020-04-02 00:52:36| 136.6|  0.3|INFORM|Reading source feature # 207500
2020-04-02 00:52:37| 136.9|  0.3|INFORM|Committed transaction at feature '208000'
2020-04-02 00:52:37| 137.6|  0.6|INFORM|Committed transaction at feature '209000'
2020-04-02 00:52:38| 138.2|  0.6|INFORM|Reading source feature # 210000
2020-04-02 00:52:38| 138.2|  0.0|INFORM|Committed transaction at feature '210000'
2020-04-02 00:52:39| 138.8|  0.6|INFORM|Committed transaction at feature '211000'
2020-04-02 00:52:40| 139.5|  0.7|INFORM|Committed transaction at feature '212000'
2020-04-02 00:52:40| 139.8|  0.3|INFORM|Reading source feature # 212500
2020-04-02 00:52:40| 140.1|  0.3|INFORM|Committed transaction at feature '213000'
2020-04-02 00:52:41| 140.7|  0.6|INFORM|Committed transaction at feature '214000'
2020-04-02 00:52:42| 141.3|  0.6|INFORM|Reading source feature # 215000
2020-04-02 00:52:42| 141.3|  0.0|INFORM|Committed transaction at feature '215000'
2020-04-02 00:52:42| 142.0|  0.6|INFORM|Committed transaction at feature '216000'
2020-04-02 00:52:43| 142.6|  0.6|INFORM|Committed transaction at feature '217000'
2020-04-02 00:52:43| 142.9|  0.3|INFORM|Reading source feature # 217500
2020-04-02 00:52:44| 143.2|  0.3|INFORM|Committed transaction at feature '218000'
2020-04-02 00:52:44| 143.8|  0.6|INFORM|Committed transaction at feature '219000'
2020-04-02 00:52:45| 144.4|  0.6|INFORM|Reading source feature # 220000
2020-04-02 00:52:45| 144.4|  0.0|INFORM|Committed transaction at feature '220000'
2020-04-02 00:52:46| 145.0|  0.6|INFORM|Committed transaction at feature '221000'
2020-04-02 00:52:46| 145.7|  0.6|INFORM|Committed transaction at feature '222000'
2020-04-02 00:52:47| 146.0|  0.3|INFORM|Reading source feature # 222500
2020-04-02 00:52:47| 146.3|  0.3|INFORM|Committed transaction at feature '223000'
2020-04-02 00:52:48| 146.9|  0.6|INFORM|Committed transaction at feature '224000'
2020-04-02 00:52:48| 147.5|  0.6|INFORM|Reading source feature # 225000
2020-04-02 00:52:48| 147.5|  0.0|INFORM|Committed transaction at feature '225000'
2020-04-02 00:52:49| 148.2|  0.6|INFORM|Committed transaction at feature '226000'
2020-04-02 00:52:50| 148.8|  0.6|INFORM|Committed transaction at feature '227000'
2020-04-02 00:52:50| 149.1|  0.3|INFORM|Reading source feature # 227500
2020-04-02 00:52:50| 149.4|  0.3|INFORM|Committed transaction at feature '228000'
2020-04-02 00:52:51| 150.0|  0.6|INFORM|Committed transaction at feature '229000'
2020-04-02 00:52:52| 150.7|  0.6|INFORM|Reading source feature # 230000
2020-04-02 00:52:52| 150.7|  0.0|INFORM|Committed transaction at feature '230000'
2020-04-02 00:52:52| 151.3|  0.6|INFORM|Committed transaction at feature '231000'
2020-04-02 00:52:53| 151.9|  0.6|INFORM|Committed transaction at feature '232000'
2020-04-02 00:52:53| 152.2|  0.3|INFORM|Reading source feature # 232500
2020-04-02 00:52:54| 152.5|  0.3|INFORM|Committed transaction at feature '233000'
2020-04-02 00:52:55| 153.2|  0.6|INFORM|Committed transaction at feature '234000'
2020-04-02 00:52:55| 153.8|  0.6|INFORM|Reading source feature # 235000
2020-04-02 00:52:55| 153.8|  0.0|INFORM|Committed transaction at feature '235000'
2020-04-02 00:52:56| 154.4|  0.6|INFORM|Committed transaction at feature '236000'
2020-04-02 00:52:57| 155.1|  0.6|INFORM|Committed transaction at feature '237000'
2020-04-02 00:52:57| 155.4|  0.3|INFORM|Reading source feature # 237500
2020-04-02 00:52:57| 155.7|  0.3|INFORM|Committed transaction at feature '238000'
2020-04-02 00:52:58| 156.3|  0.6|INFORM|Committed transaction at feature '239000'
2020-04-02 00:52:59| 156.9|  0.6|INFORM|Reading source feature # 240000
2020-04-02 00:52:59| 156.9|  0.0|INFORM|Committed transaction at feature '240000'
2020-04-02 00:52:59| 157.5|  0.6|INFORM|Committed transaction at feature '241000'
2020-04-02 00:53:00| 158.2|  0.7|INFORM|Committed transaction at feature '242000'
2020-04-02 00:53:00| 158.5|  0.3|INFORM|Reading source feature # 242500
2020-04-02 00:53:01| 158.9|  0.4|INFORM|Committed transaction at feature '243000'
2020-04-02 00:53:01| 159.5|  0.7|INFORM|Committed transaction at feature '244000'
2020-04-02 00:53:02| 160.2|  0.6|INFORM|Reading source feature # 245000
2020-04-02 00:53:02| 160.2|  0.0|INFORM|Committed transaction at feature '245000'
2020-04-02 00:53:03| 160.8|  0.6|INFORM|Committed transaction at feature '246000'
2020-04-02 00:53:04| 161.4|  0.6|INFORM|Committed transaction at feature '247000'
2020-04-02 00:53:04| 161.8|  0.3|INFORM|Reading source feature # 247500
2020-04-02 00:53:04| 162.1|  0.3|INFORM|Committed transaction at feature '248000'
2020-04-02 00:53:05| 162.7|  0.6|INFORM|Committed transaction at feature '249000'
2020-04-02 00:53:06| 163.3|  0.6|INFORM|Reading source feature # 250000
2020-04-02 00:53:06| 163.3|  0.0|INFORM|Committed transaction at feature '250000'
2020-04-02 00:53:06| 163.9|  0.6|INFORM|Committed transaction at feature '251000'
2020-04-02 00:53:07| 164.5|  0.6|INFORM|Committed transaction at feature '252000'
2020-04-02 00:53:07| 164.9|  0.3|INFORM|Reading source feature # 252500
2020-04-02 00:53:08| 165.2|  0.3|INFORM|Committed transaction at feature '253000'
2020-04-02 00:53:08| 165.8|  0.6|INFORM|Committed transaction at feature '254000'
2020-04-02 00:53:09| 166.4|  0.6|INFORM|Reading source feature # 255000
2020-04-02 00:53:09| 166.4|  0.0|INFORM|Committed transaction at feature '255000'
2020-04-02 00:53:10| 167.0|  0.6|INFORM|Committed transaction at feature '256000'
2020-04-02 00:53:10| 167.6|  0.6|INFORM|Committed transaction at feature '257000'
2020-04-02 00:53:11| 168.0|  0.3|INFORM|Reading source feature # 257500
2020-04-02 00:53:11| 168.3|  0.3|INFORM|Committed transaction at feature '258000'
2020-04-02 00:53:12| 168.9|  0.7|INFORM|Committed transaction at feature '259000'
2020-04-02 00:53:12| 169.5|  0.6|INFORM|Reading source feature # 260000
2020-04-02 00:53:12| 169.5|  0.0|INFORM|Committed transaction at feature '260000'
2020-04-02 00:53:13| 170.2|  0.6|INFORM|Committed transaction at feature '261000'
2020-04-02 00:53:14| 170.8|  0.6|INFORM|Committed transaction at feature '262000'
2020-04-02 00:53:14| 171.1|  0.3|INFORM|Reading source feature # 262500
2020-04-02 00:53:14| 171.4|  0.3|INFORM|Committed transaction at feature '263000'
2020-04-02 00:53:15| 172.0|  0.7|INFORM|Committed transaction at feature '264000'
2020-04-02 00:53:16| 172.7|  0.6|INFORM|Reading source feature # 265000
2020-04-02 00:53:16| 172.7|  0.0|INFORM|Committed transaction at feature '265000'
2020-04-02 00:53:17| 173.3|  0.7|INFORM|Committed transaction at feature '266000'
2020-04-02 00:53:17| 174.0|  0.7|INFORM|Committed transaction at feature '267000'
2020-04-02 00:53:18| 174.3|  0.3|INFORM|Reading source feature # 267500
2020-04-02 00:53:18| 174.6|  0.3|INFORM|Committed transaction at feature '268000'
2020-04-02 00:53:19| 175.3|  0.6|INFORM|Committed transaction at feature '269000'
2020-04-02 00:53:19| 175.9|  0.6|INFORM|Reading source feature # 270000
2020-04-02 00:53:19| 175.9|  0.0|INFORM|Committed transaction at feature '270000'
2020-04-02 00:53:20| 176.5|  0.6|INFORM|Committed transaction at feature '271000'
2020-04-02 00:53:21| 177.1|  0.6|INFORM|Committed transaction at feature '272000'
2020-04-02 00:53:21| 177.4|  0.3|INFORM|Reading source feature # 272500
2020-04-02 00:53:21| 177.8|  0.3|INFORM|Committed transaction at feature '273000'
2020-04-02 00:53:22| 178.4|  0.6|INFORM|Committed transaction at feature '274000'
2020-04-02 00:53:23| 179.0|  0.6|INFORM|Reading source feature # 275000
2020-04-02 00:53:23| 179.0|  0.0|INFORM|Committed transaction at feature '275000'
2020-04-02 00:53:23| 179.6|  0.6|INFORM|Committed transaction at feature '276000'
2020-04-02 00:53:24| 180.2|  0.6|INFORM|Committed transaction at feature '277000'
2020-04-02 00:53:24| 180.5|  0.3|INFORM|Reading source feature # 277500
2020-04-02 00:53:25| 180.8|  0.3|INFORM|Committed transaction at feature '278000'
2020-04-02 00:53:25| 181.4|  0.6|INFORM|Committed transaction at feature '279000'
2020-04-02 00:53:26| 182.1|  0.6|INFORM|Reading source feature # 280000
2020-04-02 00:53:26| 182.1|  0.0|INFORM|Committed transaction at feature '280000'
2020-04-02 00:53:27| 182.7|  0.6|INFORM|Committed transaction at feature '281000'
2020-04-02 00:53:27| 183.3|  0.6|INFORM|Committed transaction at feature '282000'
2020-04-02 00:53:28| 183.6|  0.3|INFORM|Reading source feature # 282500
2020-04-02 00:53:28| 183.9|  0.3|INFORM|Committed transaction at feature '283000'
2020-04-02 00:53:29| 184.5|  0.6|INFORM|Committed transaction at feature '284000'
2020-04-02 00:53:29| 185.2|  0.6|INFORM|Reading source feature # 285000
2020-04-02 00:53:30| 185.2|  0.0|INFORM|Committed transaction at feature '285000'
2020-04-02 00:53:30| 185.8|  0.6|INFORM|Committed transaction at feature '286000'
2020-04-02 00:53:31| 186.5|  0.6|INFORM|Committed transaction at feature '287000'
2020-04-02 00:53:31| 186.8|  0.3|INFORM|Reading source feature # 287500
2020-04-02 00:53:32| 187.1|  0.3|INFORM|Committed transaction at feature '288000'
2020-04-02 00:53:32| 187.7|  0.6|INFORM|Committed transaction at feature '289000'
2020-04-02 00:53:33| 188.3|  0.6|INFORM|Reading source feature # 290000
2020-04-02 00:53:33| 188.3|  0.0|INFORM|Committed transaction at feature '290000'
2020-04-02 00:53:34| 189.0|  0.6|INFORM|Committed transaction at feature '291000'
2020-04-02 00:53:34| 189.6|  0.6|INFORM|Committed transaction at feature '292000'
2020-04-02 00:53:35| 189.9|  0.3|INFORM|Reading source feature # 292500
2020-04-02 00:53:35| 190.2|  0.3|INFORM|Committed transaction at feature '293000'
2020-04-02 00:53:36| 190.8|  0.6|INFORM|Committed transaction at feature '294000'
2020-04-02 00:53:36| 191.5|  0.6|INFORM|Reading source feature # 295000
2020-04-02 00:53:36| 191.5|  0.0|INFORM|Committed transaction at feature '295000'
2020-04-02 00:53:37| 192.1|  0.6|INFORM|Committed transaction at feature '296000'
2020-04-02 00:53:38| 192.7|  0.6|INFORM|Committed transaction at feature '297000'
2020-04-02 00:53:38| 193.0|  0.3|INFORM|Reading source feature # 297500
2020-04-02 00:53:38| 193.4|  0.3|INFORM|Committed transaction at feature '298000'
2020-04-02 00:53:39| 194.0|  0.6|INFORM|Committed transaction at feature '299000'
2020-04-02 00:53:40| 194.6|  0.6|INFORM|Reading source feature # 300000
2020-04-02 00:53:40| 194.6|  0.0|INFORM|Committed transaction at feature '300000'
2020-04-02 00:53:40| 195.3|  0.6|INFORM|Committed transaction at feature '301000'
2020-04-02 00:53:41| 195.9|  0.6|INFORM|Committed transaction at feature '302000'
2020-04-02 00:53:41| 196.2|  0.3|INFORM|Reading source feature # 302500
2020-04-02 00:53:42| 196.5|  0.3|INFORM|Committed transaction at feature '303000'
2020-04-02 00:53:42| 197.1|  0.6|INFORM|Committed transaction at feature '304000'
2020-04-02 00:53:43| 197.8|  0.6|INFORM|Reading source feature # 305000
2020-04-02 00:53:43| 197.8|  0.0|INFORM|Committed transaction at feature '305000'
2020-04-02 00:53:44| 198.4|  0.6|INFORM|Committed transaction at feature '306000'
2020-04-02 00:53:45| 199.0|  0.6|INFORM|Committed transaction at feature '307000'
2020-04-02 00:53:45| 199.3|  0.3|INFORM|Reading source feature # 307500
2020-04-02 00:53:45| 199.6|  0.3|INFORM|Committed transaction at feature '308000'
2020-04-02 00:53:46| 200.2|  0.6|INFORM|Committed transaction at feature '309000'
2020-04-02 00:53:47| 200.8|  0.6|INFORM|Reading source feature # 310000
2020-04-02 00:53:47| 200.8|  0.0|INFORM|Committed transaction at feature '310000'
2020-04-02 00:53:47| 201.5|  0.6|INFORM|Committed transaction at feature '311000'
2020-04-02 00:53:48| 202.1|  0.6|INFORM|Committed transaction at feature '312000'
2020-04-02 00:53:48| 202.4|  0.3|INFORM|Reading source feature # 312500
2020-04-02 00:53:49| 202.7|  0.3|INFORM|Committed transaction at feature '313000'
2020-04-02 00:53:49| 203.3|  0.6|INFORM|Committed transaction at feature '314000'
2020-04-02 00:53:50| 204.0|  0.6|INFORM|Reading source feature # 315000
2020-04-02 00:53:50| 204.0|  0.0|INFORM|Committed transaction at feature '315000'
2020-04-02 00:53:51| 204.6|  0.6|INFORM|Committed transaction at feature '316000'
2020-04-02 00:53:51| 205.2|  0.6|INFORM|Committed transaction at feature '317000'
2020-04-02 00:53:52| 205.5|  0.3|INFORM|Reading source feature # 317500
2020-04-02 00:53:52| 205.8|  0.3|INFORM|Committed transaction at feature '318000'
2020-04-02 00:53:53| 206.4|  0.6|INFORM|Committed transaction at feature '319000'
2020-04-02 00:53:53| 207.0|  0.6|INFORM|Reading source feature # 320000
2020-04-02 00:53:53| 207.0|  0.0|INFORM|Committed transaction at feature '320000'
2020-04-02 00:53:54| 207.7|  0.6|INFORM|Committed transaction at feature '321000'
2020-04-02 00:53:55| 208.3|  0.6|INFORM|Committed transaction at feature '322000'
2020-04-02 00:53:55| 208.6|  0.3|INFORM|Reading source feature # 322500
2020-04-02 00:53:55| 209.0|  0.4|INFORM|Committed transaction at feature '323000'
2020-04-02 00:53:56| 209.7|  0.7|INFORM|Committed transaction at feature '324000'
2020-04-02 00:53:57| 210.3|  0.6|INFORM|Reading source feature # 325000
2020-04-02 00:53:57| 210.3|  0.0|INFORM|Committed transaction at feature '325000'
2020-04-02 00:53:58| 210.9|  0.6|INFORM|Committed transaction at feature '326000'
2020-04-02 00:53:58| 211.6|  0.6|INFORM|Committed transaction at feature '327000'
2020-04-02 00:53:59| 211.9|  0.3|INFORM|Reading source feature # 327500
2020-04-02 00:53:59| 212.2|  0.3|INFORM|Committed transaction at feature '328000'
2020-04-02 00:54:00| 212.8|  0.6|INFORM|Committed transaction at feature '329000'
2020-04-02 00:54:00| 213.4|  0.6|INFORM|Reading source feature # 330000
2020-04-02 00:54:00| 213.4|  0.0|INFORM|Committed transaction at feature '330000'
2020-04-02 00:54:01| 214.1|  0.7|INFORM|Committed transaction at feature '331000'
2020-04-02 00:54:02| 214.7|  0.6|INFORM|Committed transaction at feature '332000'
2020-04-02 00:54:02| 215.0|  0.3|INFORM|Reading source feature # 332500
2020-04-02 00:54:02| 215.3|  0.3|INFORM|Committed transaction at feature '333000'
2020-04-02 00:54:03| 216.0|  0.6|INFORM|Committed transaction at feature '334000'
2020-04-02 00:54:04| 216.6|  0.6|INFORM|Reading source feature # 335000
2020-04-02 00:54:04| 216.6|  0.0|INFORM|Committed transaction at feature '335000'
2020-04-02 00:54:04| 217.2|  0.6|INFORM|Committed transaction at feature '336000'
2020-04-02 00:54:05| 217.8|  0.6|INFORM|Committed transaction at feature '337000'
2020-04-02 00:54:05| 218.1|  0.3|INFORM|Reading source feature # 337500
2020-04-02 00:54:06| 218.4|  0.3|INFORM|Committed transaction at feature '338000'
2020-04-02 00:54:06| 219.1|  0.6|INFORM|Committed transaction at feature '339000'
2020-04-02 00:54:07| 219.7|  0.6|INFORM|Reading source feature # 340000
2020-04-02 00:54:07| 219.7|  0.0|INFORM|Committed transaction at feature '340000'
2020-04-02 00:54:08| 220.3|  0.6|INFORM|Committed transaction at feature '341000'
2020-04-02 00:54:08| 220.9|  0.6|INFORM|Committed transaction at feature '342000'
2020-04-02 00:54:09| 221.3|  0.3|INFORM|Reading source feature # 342500
2020-04-02 00:54:09| 221.6|  0.3|INFORM|Committed transaction at feature '343000'
2020-04-02 00:54:10| 222.2|  0.6|INFORM|Committed transaction at feature '344000'
2020-04-02 00:54:10| 222.8|  0.6|INFORM|Reading source feature # 345000
2020-04-02 00:54:11| 222.8|  0.0|INFORM|Committed transaction at feature '345000'
2020-04-02 00:54:11| 223.4|  0.6|INFORM|Committed transaction at feature '346000'
2020-04-02 00:54:12| 224.0|  0.6|INFORM|Committed transaction at feature '347000'
2020-04-02 00:54:12| 224.4|  0.3|INFORM|Reading source feature # 347500
2020-04-02 00:54:13| 224.7|  0.3|INFORM|Committed transaction at feature '348000'
2020-04-02 00:54:13| 225.3|  0.6|INFORM|Committed transaction at feature '349000'
2020-04-02 00:54:14| 225.9|  0.6|INFORM|Reading source feature # 350000
2020-04-02 00:54:14| 225.9|  0.0|INFORM|Committed transaction at feature '350000'
2020-04-02 00:54:15| 226.5|  0.6|INFORM|Committed transaction at feature '351000'
2020-04-02 00:54:15| 227.2|  0.6|INFORM|Committed transaction at feature '352000'
2020-04-02 00:54:16| 227.5|  0.3|INFORM|Reading source feature # 352500
2020-04-02 00:54:16| 227.8|  0.3|INFORM|Committed transaction at feature '353000'
2020-04-02 00:54:17| 228.4|  0.6|INFORM|Committed transaction at feature '354000'
2020-04-02 00:54:17| 229.1|  0.6|INFORM|Reading source feature # 355000
2020-04-02 00:54:17| 229.1|  0.0|INFORM|Committed transaction at feature '355000'
2020-04-02 00:54:18| 229.7|  0.6|INFORM|Committed transaction at feature '356000'
2020-04-02 00:54:19| 230.3|  0.6|INFORM|Committed transaction at feature '357000'
2020-04-02 00:54:19| 230.6|  0.3|INFORM|Reading source feature # 357500
2020-04-02 00:54:19| 230.9|  0.3|INFORM|Committed transaction at feature '358000'
2020-04-02 00:54:20| 231.6|  0.6|INFORM|Committed transaction at feature '359000'
2020-04-02 00:54:21| 232.2|  0.6|INFORM|Reading source feature # 360000
2020-04-02 00:54:21| 232.2|  0.0|INFORM|Committed transaction at feature '360000'
2020-04-02 00:54:21| 232.8|  0.6|INFORM|Committed transaction at feature '361000'
2020-04-02 00:54:22| 233.4|  0.6|INFORM|Committed transaction at feature '362000'
2020-04-02 00:54:22| 233.7|  0.3|INFORM|Reading source feature # 362500
2020-04-02 00:54:23| 234.1|  0.3|INFORM|Committed transaction at feature '363000'
2020-04-02 00:54:24| 234.7|  0.6|INFORM|Committed transaction at feature '364000'
2020-04-02 00:54:24| 235.3|  0.6|INFORM|Reading source feature # 365000
2020-04-02 00:54:24| 235.3|  0.0|INFORM|Committed transaction at feature '365000'
2020-04-02 00:54:25| 235.9|  0.6|INFORM|Committed transaction at feature '366000'
2020-04-02 00:54:26| 236.6|  0.7|INFORM|Committed transaction at feature '367000'
2020-04-02 00:54:26| 236.9|  0.3|INFORM|Reading source feature # 367500
2020-04-02 00:54:26| 237.2|  0.3|INFORM|Committed transaction at feature '368000'
2020-04-02 00:54:27| 237.9|  0.7|INFORM|Committed transaction at feature '369000'
2020-04-02 00:54:28| 238.5|  0.6|INFORM|Reading source feature # 370000
2020-04-02 00:54:28| 238.5|  0.0|INFORM|Committed transaction at feature '370000'
2020-04-02 00:54:28| 239.1|  0.6|INFORM|Committed transaction at feature '371000'
2020-04-02 00:54:29| 239.8|  0.6|INFORM|Committed transaction at feature '372000'
2020-04-02 00:54:29| 240.1|  0.3|INFORM|Reading source feature # 372500
2020-04-02 00:54:30| 240.4|  0.3|INFORM|Committed transaction at feature '373000'
2020-04-02 00:54:30| 241.0|  0.6|INFORM|Committed transaction at feature '374000'
2020-04-02 00:54:31| 241.6|  0.6|INFORM|Reading source feature # 375000
2020-04-02 00:54:31| 241.6|  0.0|INFORM|Committed transaction at feature '375000'
2020-04-02 00:54:32| 242.2|  0.6|INFORM|Committed transaction at feature '376000'
2020-04-02 00:54:32| 242.9|  0.6|INFORM|Committed transaction at feature '377000'
2020-04-02 00:54:33| 243.2|  0.3|INFORM|Reading source feature # 377500
2020-04-02 00:54:33| 243.5|  0.3|INFORM|Committed transaction at feature '378000'
2020-04-02 00:54:34| 244.1|  0.6|INFORM|Committed transaction at feature '379000'
2020-04-02 00:54:34| 244.7|  0.6|INFORM|Reading source feature # 380000
2020-04-02 00:54:35| 244.7|  0.0|INFORM|Committed transaction at feature '380000'
2020-04-02 00:54:35| 245.4|  0.6|INFORM|Committed transaction at feature '381000'
2020-04-02 00:54:36| 246.0|  0.6|INFORM|Committed transaction at feature '382000'
2020-04-02 00:54:36| 246.3|  0.3|INFORM|Reading source feature # 382500
2020-04-02 00:54:37| 246.6|  0.3|INFORM|Committed transaction at feature '383000'
2020-04-02 00:54:37| 247.3|  0.6|INFORM|Committed transaction at feature '384000'
2020-04-02 00:54:38| 247.9|  0.6|INFORM|Reading source feature # 385000
2020-04-02 00:54:38| 247.9|  0.0|INFORM|Committed transaction at feature '385000'
2020-04-02 00:54:39| 248.6|  0.7|INFORM|Committed transaction at feature '386000'
2020-04-02 00:54:40| 249.2|  0.7|INFORM|Committed transaction at feature '387000'
2020-04-02 00:54:40| 249.6|  0.3|INFORM|Reading source feature # 387500
2020-04-02 00:54:40| 249.9|  0.3|INFORM|Committed transaction at feature '388000'
2020-04-02 00:54:41| 250.5|  0.6|INFORM|Committed transaction at feature '389000'
2020-04-02 00:54:42| 251.1|  0.6|INFORM|Reading source feature # 390000
2020-04-02 00:54:42| 251.1|  0.0|INFORM|Committed transaction at feature '390000'
2020-04-02 00:54:42| 251.8|  0.6|INFORM|Committed transaction at feature '391000'
2020-04-02 00:54:43| 252.4|  0.6|INFORM|Committed transaction at feature '392000'
2020-04-02 00:54:43| 252.7|  0.3|INFORM|Reading source feature # 392500
2020-04-02 00:54:44| 253.0|  0.3|INFORM|Committed transaction at feature '393000'
2020-04-02 00:54:44| 253.6|  0.6|INFORM|Committed transaction at feature '394000'
2020-04-02 00:54:45| 254.2|  0.6|INFORM|Reading source feature # 395000
2020-04-02 00:54:45| 254.2|  0.0|INFORM|Committed transaction at feature '395000'
2020-04-02 00:54:46| 254.9|  0.6|INFORM|Committed transaction at feature '396000'
2020-04-02 00:54:46| 255.5|  0.7|INFORM|Committed transaction at feature '397000'
2020-04-02 00:54:47| 255.8|  0.3|INFORM|Reading source feature # 397500
2020-04-02 00:54:47| 256.1|  0.3|INFORM|Committed transaction at feature '398000'
2020-04-02 00:54:48| 256.8|  0.6|INFORM|Committed transaction at feature '399000'
2020-04-02 00:54:48| 257.4|  0.6|INFORM|Reading source feature # 400000
2020-04-02 00:54:48| 257.4|  0.0|INFORM|Committed transaction at feature '400000'
2020-04-02 00:54:49| 258.0|  0.6|INFORM|Committed transaction at feature '401000'
2020-04-02 00:54:50| 258.6|  0.6|INFORM|Committed transaction at feature '402000'
2020-04-02 00:54:50| 258.9|  0.3|INFORM|Reading source feature # 402500
2020-04-02 00:54:50| 259.2|  0.3|INFORM|Committed transaction at feature '403000'
2020-04-02 00:54:51| 259.8|  0.6|INFORM|Committed transaction at feature '404000'
2020-04-02 00:54:52| 260.5|  0.6|INFORM|Reading source feature # 405000
2020-04-02 00:54:52| 260.5|  0.0|INFORM|Committed transaction at feature '405000'
2020-04-02 00:54:52| 261.1|  0.6|INFORM|Committed transaction at feature '406000'
2020-04-02 00:54:53| 261.7|  0.6|INFORM|Committed transaction at feature '407000'
2020-04-02 00:54:53| 262.0|  0.3|INFORM|Reading source feature # 407500
2020-04-02 00:54:54| 262.3|  0.3|INFORM|Committed transaction at feature '408000'
2020-04-02 00:54:55| 262.9|  0.6|INFORM|Committed transaction at feature '409000'
2020-04-02 00:54:55| 263.5|  0.6|INFORM|Reading source feature # 410000
2020-04-02 00:54:55| 263.6|  0.0|INFORM|Committed transaction at feature '410000'
2020-04-02 00:54:56| 264.2|  0.6|INFORM|Committed transaction at feature '411000'
2020-04-02 00:54:57| 264.8|  0.6|INFORM|Committed transaction at feature '412000'
2020-04-02 00:54:57| 265.1|  0.3|INFORM|Reading source feature # 412500
2020-04-02 00:54:57| 265.5|  0.3|INFORM|Committed transaction at feature '413000'
2020-04-02 00:54:58| 266.1|  0.6|INFORM|Committed transaction at feature '414000'
2020-04-02 00:54:59| 266.7|  0.6|INFORM|Reading source feature # 415000
2020-04-02 00:54:59| 266.7|  0.0|INFORM|Committed transaction at feature '415000'
2020-04-02 00:54:59| 267.3|  0.6|INFORM|Committed transaction at feature '416000'
2020-04-02 00:55:00| 268.0|  0.7|INFORM|Committed transaction at feature '417000'
2020-04-02 00:55:00| 268.3|  0.3|INFORM|Reading source feature # 417500
2020-04-02 00:55:01| 268.7|  0.3|INFORM|Committed transaction at feature '418000'
2020-04-02 00:55:01| 269.3|  0.7|INFORM|Committed transaction at feature '419000'
2020-04-02 00:55:02| 270.0|  0.6|INFORM|Reading source feature # 420000
2020-04-02 00:55:02| 270.0|  0.0|INFORM|Committed transaction at feature '420000'
2020-04-02 00:55:03| 270.6|  0.6|INFORM|Committed transaction at feature '421000'
2020-04-02 00:55:04| 271.2|  0.6|INFORM|Committed transaction at feature '422000'
2020-04-02 00:55:04| 271.5|  0.3|INFORM|Reading source feature # 422500
2020-04-02 00:55:04| 271.8|  0.3|INFORM|Committed transaction at feature '423000'
2020-04-02 00:55:05| 272.4|  0.6|INFORM|Committed transaction at feature '424000'
2020-04-02 00:55:06| 273.0|  0.6|INFORM|Reading source feature # 425000
2020-04-02 00:55:06| 273.0|  0.0|INFORM|Committed transaction at feature '425000'
2020-04-02 00:55:06| 273.7|  0.6|INFORM|Committed transaction at feature '426000'
2020-04-02 00:55:07| 274.3|  0.6|INFORM|Committed transaction at feature '427000'
2020-04-02 00:55:07| 274.6|  0.3|INFORM|Reading source feature # 427500
2020-04-02 00:55:08| 274.9|  0.3|INFORM|Committed transaction at feature '428000'
2020-04-02 00:55:08| 275.5|  0.6|INFORM|Committed transaction at feature '429000'
2020-04-02 00:55:09| 276.1|  0.6|INFORM|Reading source feature # 430000
2020-04-02 00:55:09| 276.1|  0.0|INFORM|Committed transaction at feature '430000'
2020-04-02 00:55:10| 276.8|  0.6|INFORM|Committed transaction at feature '431000'
2020-04-02 00:55:10| 277.4|  0.6|INFORM|Committed transaction at feature '432000'
2020-04-02 00:55:11| 277.7|  0.3|INFORM|Reading source feature # 432500
2020-04-02 00:55:11| 278.0|  0.3|INFORM|Committed transaction at feature '433000'
2020-04-02 00:55:12| 278.6|  0.6|INFORM|Committed transaction at feature '434000'
2020-04-02 00:55:12| 279.2|  0.6|INFORM|Reading source feature # 435000
2020-04-02 00:55:12| 279.2|  0.0|INFORM|Committed transaction at feature '435000'
2020-04-02 00:55:13| 279.8|  0.6|INFORM|Committed transaction at feature '436000'
2020-04-02 00:55:14| 280.5|  0.6|INFORM|Committed transaction at feature '437000'
2020-04-02 00:55:14| 280.8|  0.3|INFORM|Reading source feature # 437500
2020-04-02 00:55:14| 281.1|  0.3|INFORM|Committed transaction at feature '438000'
2020-04-02 00:55:15| 281.7|  0.6|INFORM|Committed transaction at feature '439000'
2020-04-02 00:55:16| 282.3|  0.6|INFORM|Reading source feature # 440000
2020-04-02 00:55:16| 282.3|  0.0|INFORM|Committed transaction at feature '440000'
2020-04-02 00:55:16| 283.0|  0.6|INFORM|Committed transaction at feature '441000'
2020-04-02 00:55:17| 283.6|  0.6|INFORM|Committed transaction at feature '442000'
2020-04-02 00:55:17| 283.9|  0.3|INFORM|Reading source feature # 442500
2020-04-02 00:55:18| 284.2|  0.3|INFORM|Committed transaction at feature '443000'
2020-04-02 00:55:19| 284.8|  0.7|INFORM|Committed transaction at feature '444000'
2020-04-02 00:55:19| 285.5|  0.6|INFORM|Reading source feature # 445000
2020-04-02 00:55:19| 285.5|  0.0|INFORM|Committed transaction at feature '445000'
2020-04-02 00:55:20| 286.1|  0.6|INFORM|Committed transaction at feature '446000'
2020-04-02 00:55:21| 286.7|  0.6|INFORM|Committed transaction at feature '447000'
2020-04-02 00:55:21| 287.0|  0.3|INFORM|Reading source feature # 447500
2020-04-02 00:55:21| 287.3|  0.3|INFORM|Committed transaction at feature '448000'
2020-04-02 00:55:22| 288.0|  0.6|INFORM|Committed transaction at feature '449000'
2020-04-02 00:55:23| 288.6|  0.6|INFORM|Reading source feature # 450000
2020-04-02 00:55:23| 288.6|  0.0|INFORM|Committed transaction at feature '450000'
2020-04-02 00:55:23| 288.7|  0.1|INFORM|Microsoft SQL Server Non-Spatial Reader: Database read complete.  Retrieved 450222 feature(s)
2020-04-02 00:55:23| 288.7|  0.0|INFORM|Emptying factory pipeline
2020-04-02 00:55:23| 288.7|  0.0|STATS |Router and Unexpected Input Remover(RoutingFactory): Tested 450222 input feature(s), wrote 450222 output feature(s): 450222 matched merge filters, 450222 were routed to output, 0 could not be routed.
2020-04-02 00:55:23| 288.7|  0.0|STATS |dbo.CONTRACT_ACTIVITY (MSSQL_ADO_1) Splitter(TeeFactory): Cloned 450222 input feature(s) into 450222 output feature(s)
2020-04-02 00:55:23| 288.7|  0.0|STATS |Destination Feature Type Routing Correlator(RoutingFactory): Tested 450222 input feature(s), wrote 450222 output feature(s): 0 matched merge filters, 450222 were routed to output, 0 could not be routed.
2020-04-02 00:55:23| 288.7|  0.0|STATS |Final Output Nuker(TeeFactory): Cloned 0 input feature(s) into 0 output feature(s)
2020-04-02 00:55:23| 288.7|  0.0|INFORM|Successfully closed POSTGRES database writer
2020-04-02 00:55:23| 288.7|  0.0|INFORM|=-=-=-=-=-=-=-=-=-=-=-=-=-=-=-=-=-=-=-=-=-=-=-=-=-=-=-=-=-=-=-=-=-=-=-=-=-=-=-
2020-04-02 00:55:23| 288.7|  0.0|INFORM|Feature output statistics for `POSTGRES' writer using keyword `POSTGRES_1':
2020-04-02 00:55:23| 288.7|  0.0|STATS |=-=-=-=-=-=-=-=-=-=-=-=-=-=-=-=-=-=-=-=-=-=-=-=-=-=-=-=-=-=-=-=-=-=-=-=-=-=-=-
2020-04-02 00:55:23| 288.7|  0.0|STATS |                               Features Written
2020-04-02 00:55:23| 288.7|  0.0|STATS |=-=-=-=-=-=-=-=-=-=-=-=-=-=-=-=-=-=-=-=-=-=-=-=-=-=-=-=-=-=-=-=-=-=-=-=-=-=-=-
2020-04-02 00:55:23| 288.7|  0.0|STATS |internal.parking_cincinnati_contract_activity                           450222
2020-04-02 00:55:23| 288.7|  0.0|STATS |==============================================================================
2020-04-02 00:55:23| 288.7|  0.0|STATS |Total Features Written                                                  450222
2020-04-02 00:55:23| 288.7|  0.0|STATS |=-=-=-=-=-=-=-=-=-=-=-=-=-=-=-=-=-=-=-=-=-=-=-=-=-=-=-=-=-=-=-=-=-=-=-=-=-=-=-
2020-04-02 00:55:23| 288.7|  0.0|STATS |=-=-=-=-=-=-=-=-=-=-=-=-=-=-=-=-=-=-=-=-=-=-=-=-=-=-=-=-=-=-=-=-=-=-=-=-=-=-=-
2020-04-02 00:55:23| 288.7|  0.0|STATS |                            Features Read Summary
2020-04-02 00:55:23| 288.7|  0.0|STATS |=-=-=-=-=-=-=-=-=-=-=-=-=-=-=-=-=-=-=-=-=-=-=-=-=-=-=-=-=-=-=-=-=-=-=-=-=-=-=-
2020-04-02 00:55:23| 288.7|  0.0|STATS |dbo.CONTRACT_ACTIVITY                                                   450222
2020-04-02 00:55:23| 288.7|  0.0|STATS |==============================================================================
2020-04-02 00:55:23| 288.7|  0.0|STATS |Total Features Read                                                     450222
2020-04-02 00:55:23| 288.7|  0.0|STATS |=-=-=-=-=-=-=-=-=-=-=-=-=-=-=-=-=-=-=-=-=-=-=-=-=-=-=-=-=-=-=-=-=-=-=-=-=-=-=-
2020-04-02 00:55:23| 288.7|  0.0|STATS |=-=-=-=-=-=-=-=-=-=-=-=-=-=-=-=-=-=-=-=-=-=-=-=-=-=-=-=-=-=-=-=-=-=-=-=-=-=-=-
2020-04-02 00:55:23| 288.7|  0.0|STATS |                           Features Written Summary
2020-04-02 00:55:23| 288.7|  0.0|STATS |=-=-=-=-=-=-=-=-=-=-=-=-=-=-=-=-=-=-=-=-=-=-=-=-=-=-=-=-=-=-=-=-=-=-=-=-=-=-=-
2020-04-02 00:55:23| 288.7|  0.0|STATS |internal.parking_cincinnati_contract_activity                           450222
2020-04-02 00:55:23| 288.7|  0.0|STATS |==============================================================================
2020-04-02 00:55:23| 288.7|  0.0|STATS |Total Features Written                                                  450222
2020-04-02 00:55:23| 288.7|  0.0|STATS |=-=-=-=-=-=-=-=-=-=-=-=-=-=-=-=-=-=-=-=-=-=-=-=-=-=-=-=-=-=-=-=-=-=-=-=-=-=-=-
2020-04-02 00:55:23| 288.7|  0.0|INFORM|Microsoft SQL Server Non-Spatial Reader: Closing `McGann' . Read operation complete
2020-04-02 00:55:23| 288.7|  0.0|INFORM|Translation was SUCCESSFUL with 0 warning(s) (450222 feature(s) output)
2020-04-02 00:55:23| 288.7|  0.0|INFORM|FME Session Duration: 5 minutes 16.6 seconds. (CPU: 287.1s user, 1.5s system)
2020-04-02 00:55:23| 288.7|  0.0|INFORM|END - ProcessID: 3952, peak process memory usage: 81172 kB, current process memory usage: 80616 kB
