2019-07-02 08:05:14|   0.1|  0.1|INFORM|FME 2017.1.1.1 (20171014 - Build 17652 - WIN32)
2019-07-02 08:05:14|   0.1|  0.0|INFORM|FME_HOME is 'C:\FME2017\'
2019-07-02 08:05:14|   0.1|  0.0|INFORM|FME Desktop ESRI Edition (floating)
2019-07-02 08:05:14|   0.1|  0.0|INFORM|Permanent License.
2019-07-02 08:05:14|   0.1|  0.0|INFORM|Machine host name is: coa-gis-fme2
2019-07-02 08:05:14|   0.1|  0.0|INFORM|START - ProcessID: 7920, peak process memory usage: 29360 kB, current process memory usage: 29348 kB
2019-07-02 08:05:14|   0.1|  0.0|INFORM|FME Configuration: Command line arguments are `C:\FME2017\fme.exe' `C:/COA/bedrock/working_directory/capital_projects_gis_warehouse\wb-xlate-1562069110211_7304' `LOG_STANDARDOUT' `YES' `LogCountServerName' `{0b278925-bd7f-4b05-bcbd-589703e713cf}'
2019-07-02 08:05:14|   0.2|  0.1|INFORM|Shared folders for formats are : C:\FME2017\datasources;C:\Users\mssqlgisadmin\Documents\FME\Formats
2019-07-02 08:05:14|   0.2|  0.0|INFORM|Shared folders for transformers are : C:\FME2017\transformers;C:\Users\mssqlgisadmin\Documents\FME\Transformers;C:\Users\mssqlgisadmin\AppData\Roaming\Safe Software\FME\FME Store\Transformers
2019-07-02 08:05:14|   0.2|  0.0|INFORM|Shared folders for coordinate systems are : C:\Users\mssqlgisadmin\Documents\FME\CoordinateSystems
2019-07-02 08:05:14|   0.2|  0.0|INFORM|Shared folders for coordinate system exceptions are : C:\Users\mssqlgisadmin\Documents\FME\CoordinateSystemExceptions
2019-07-02 08:05:14|   0.2|  0.0|INFORM|Shared folders for coordinate system grid overrides are : C:\Users\mssqlgisadmin\Documents\FME\CoordinateSystemGridOverrides
2019-07-02 08:05:14|   0.2|  0.0|INFORM|Shared folders for CS-MAP transformation exceptions are : C:\Users\mssqlgisadmin\Documents\FME\CsmapTransformationExceptions
2019-07-02 08:05:14|   0.2|  0.0|INFORM|Shared folders for transformer categories are : C:\Users\mssqlgisadmin\Documents\FME\TransformerCategories
2019-07-02 08:05:14|   0.2|  0.0|INFORM|FME Configuration: Reader Keyword is `GOOGLESHEETS_1'
2019-07-02 08:05:14|   0.2|  0.0|INFORM|FME Configuration: Writer Keyword is `MULTI_WRITER'
2019-07-02 08:05:14|   0.2|  0.0|INFORM|FME Configuration: Writer Group Definition Keyword is `MULTI_WRITER_DEF'
2019-07-02 08:05:14|   0.2|  0.0|INFORM|FME Configuration: Reader type is `GOOGLESHEETS'
2019-07-02 08:05:14|   0.2|  0.0|INFORM|FME Configuration: Writer type is `MULTI_WRITER'
2019-07-02 08:05:14|   0.2|  0.0|INFORM|FME Configuration: No destination coordinate system set
2019-07-02 08:05:14|   0.2|  0.0|INFORM|FME Configuration: Current working folder is `C:\COA\bedrock\working_directory\capital_projects_gis_warehouse'
2019-07-02 08:05:14|   0.2|  0.0|INFORM|FME Configuration: Temporary folder is `C:\Users\MSSQLG~1\AppData\Local\Temp\1', set from environment variable `TEMP'
2019-07-02 08:05:14|   0.2|  0.0|INFORM|FME Configuration: FME_HOME is `C:\FME2017\'
2019-07-02 08:05:14|   0.2|  0.0|INFORM|FME Configuration: FME_BASE is 'no'
2019-07-02 08:05:14|   0.2|  0.0|INFORM|FME Configuration: FME_MF_DIR is 'C:\COA\bedrock\working_directory\capital_projects_gis_warehouse/'
2019-07-02 08:05:14|   0.2|  0.0|INFORM|FME Configuration: FME_MF_NAME is 'googleTOgis-capital_projects_master.fmw'
2019-07-02 08:05:14|   0.2|  0.0|INFORM|FME Configuration: FME_PRODUCT_NAME is 'FME(R) 2017.1.1.1'
2019-07-02 08:05:14|   0.2|  0.0|INFORM|System Status: 107.54 GB of disk space available in the FME temporary folder (C:\Users\MSSQLG~1\AppData\Local\Temp\1)
2019-07-02 08:05:14|   0.2|  0.0|INFORM|System Status: 4.00 GB of virtual memory available
2019-07-02 08:05:14|   0.2|  0.0|INFORM|Operating System: Microsoft Windows Server 2012 R2 Server 4.0 64-bit  (Build 9600)
2019-07-02 08:05:14|   0.2|  0.0|INFORM|FME Platform: WIN32
2019-07-02 08:05:14|   0.2|  0.0|INFORM|Locale: en_US
2019-07-02 08:05:14|   0.2|  0.0|INFORM|Code Page: 1252  (ANSI - Latin I)
2019-07-02 08:05:14|   0.2|  0.0|INFORM|FME Configuration: Process limits are 8.00 GB of physical memory and 4.00 GB of address space
2019-07-02 08:05:14|   0.2|  0.0|INFORM|FME Configuration: Start freeing memory when process usage exceeds 2.83 GB of memory or 3.41 GB of address space
2019-07-02 08:05:14|   0.2|  0.0|INFORM|FME Configuration: Stop freeing memory when process usage is below 2.12 GB of memory and 2.56 GB of address space
2019-07-02 08:05:14|   0.4|  0.1|INFORM|Creating writer for format: 
2019-07-02 08:05:14|   0.5|  0.2|INFORM|Creating reader for format: Google Sheets
2019-07-02 08:05:14|   0.7|  0.1|INFORM|Trying to find a PYTHON plugin for reader named `GOOGLESHEETS'
2019-07-02 08:05:14|   0.7|  0.0|INFORM|Using Python interpreter from `C:\FME2017\fmepython27\python27.dll' with PYTHONHOME `C:\FME2017\fmepython27'
2019-07-02 08:05:14|   0.7|  0.0|INFORM|Python version 2.7 loaded successfully
2019-07-02 08:05:15|   0.8|  0.1|INFORM|Loaded Python module `googlesheets' from file `C:\FME2017\plugins/python27\googlesheets\__init__.pyc'
2019-07-02 08:05:16|   2.0|  1.2|INFORM|Google Sheets Reader: Looking for spreadsheet with ID '1IepJrSjqbGK7UcTmFHqknNUD6Iyx6-3_zpj6qHprBgY', based on URL 'https://docs.google.com/spreadsheets/d/1IepJrSjqbGK7UcTmFHqknNUD6Iyx6-3_zpj6qHprBgY/edit#gid=2082294712'
2019-07-02 08:05:16|   2.0|  0.0|INFORM|Google Sheets: Requesting access token from OAuth 2.0 endpoint
2019-07-02 08:05:17|   3.2|  1.1|INFORM|Google Sheets Reader: Found spreadsheet 'Capital Projects Master' with ID '1IepJrSjqbGK7UcTmFHqknNUD6Iyx6-3_zpj6qHprBgY'
2019-07-02 08:05:17|   3.2|  0.0|INFORM|Using MultiWriter with keyword `MULTI_WRITER' to output data (ID_ATTRIBUTE is `multi_writer_id')
2019-07-02 08:05:17|   3.2|  0.0|INFORM|Writer output will be ordered by value of multi_writer_id
2019-07-02 08:05:17|   3.2|  0.0|INFORM|Loaded module 'LogCount_func' from file 'C:\FME2017\plugins/LogCount_func.dll'
2019-07-02 08:05:17|   3.2|  0.0|INFORM|FME API version of module 'LogCount_func' matches current internal version (3.8 20170315)
2019-07-02 08:05:17|   3.2|  0.0|INFORM|Google Sheets Reader: Downloading cells for 1 rows from worksheet 'General Project Information', in range A1:AO1
2019-07-02 08:05:18|   3.2|  0.0|INFORM|Google Sheets Reader: Inferring schema for worksheet 'General Project Information' by interpreting row 1 as field names
2019-07-02 08:05:18|   3.2|  0.0|WARN  |Google Sheets Reader: Some attributes on feature type 'General Project Information' could not be matched to a column on the worksheet. The following attributes will not receive values: 'Communication Plan'
2019-07-02 08:05:18|   3.2|  0.0|INFORM|Google Sheets Reader: Downloading cells for 192 rows from worksheet 'General Project Information', in range A2:Z193
2019-07-02 08:05:21|   6.6|  3.4|INFORM|FME Configuration: Named Connection Storage: 'C:\Users\mssqlgisadmin\AppData\Roaming\Safe Software\FME\'
2019-07-02 08:05:21|   6.6|  0.0|INFORM|FME Configuration: Using Named Connection values from 'coa-gis-warehouse1b' for POSTGRES_1
2019-07-02 08:05:21|   6.6|  0.0|INFORM|Creating writer for format: PostgreSQL
2019-07-02 08:05:22|   6.7|  0.1|INFORM|Trying to find a DYNAMIC plugin for writer named `POSTGRES'
2019-07-02 08:05:22|   6.7|  0.0|WARN  |Error prepending '<FME_HOME>/plugins/' to path environment variable.  The addition may not exist, or on Windows the resulting path may be longer than 2047 characters
2019-07-02 08:05:22|   6.7|  0.0|INFORM|Loaded module 'POSTGRES' from file 'C:\FME2017\plugins/POSTGIS.dll'
2019-07-02 08:05:22|   6.7|  0.0|INFORM|FME API version of module 'POSTGRES' matches current internal version (3.8 20170315)
2019-07-02 08:05:22|   6.7|  0.0|INFORM|FME Configuration: No destination coordinate system set
2019-07-02 08:05:22|   6.7|  0.0|INFORM|FME API version of module 'POSTGRES' matches current internal version (3.8 20170315)
2019-07-02 08:05:22|   6.7|  0.0|INFORM|Writer `POSTGRES_1' of type `POSTGRES' using group definition keyword `POSTGRES_1_DEF'
2019-07-02 08:05:22|   6.7|  0.0|INFORM|FME API version of module 'POSTGRES' matches current internal version (3.8 20170315)
2019-07-02 08:05:22|   6.7|  0.0|INFORM|Opening POSTGRES writer for dataset 'coagiswarehouse'...
2019-07-02 08:05:22|   6.7|  0.0|INFORM|PostGIS client encoding: 'UTF8'
2019-07-02 08:05:22|   6.7|  0.0|INFORM|PostgreSQL 9.6.11 on x86_64-pc-linux-gnu, compiled by gcc (GCC) 4.4.7 20120313 (Red Hat 4.4.7-23), 64-bit
2019-07-02 08:05:22|   6.7|  0.0|INFORM|Testing for the existence of table 'coagis.capital_projects_master'...
2019-07-02 08:05:22|   6.7|  0.0|INFORM|Truncating existing table 'coagis.capital_projects_master'...
2019-07-02 08:05:22|   6.7|  0.0|INFORM|Using existing table 'coagis.capital_projects_master'
2019-07-02 08:05:22|   6.7|  0.0|INFORM|POSTGRES Writer: Creating 'streaming Bulk Copy' feature type processor for feature type 'coagis.capital_projects_master'
2019-07-02 08:05:22|   6.8|  0.1|INFORM|Google Sheets Reader: Downloading cells for 192 rows from worksheet 'General Project Information', in range A194:Z385
2019-07-02 08:05:22|   6.8|  0.0|INFORM|Google Sheets Reader: Downloading cells for 192 rows from worksheet 'General Project Information', in range A386:Z577
2019-07-02 08:05:22|   6.8|  0.0|INFORM|Google Sheets Reader: Downloading cells for 192 rows from worksheet 'General Project Information', in range A578:Z769
2019-07-02 08:05:23|   6.8|  0.0|INFORM|Google Sheets Reader: Downloading cells for 192 rows from worksheet 'General Project Information', in range A770:Z961
2019-07-02 08:05:23|   6.8|  0.0|INFORM|Google Sheets Reader: Downloading cells for 20 rows from worksheet 'General Project Information', in range A962:Z981
2019-07-02 08:05:23|   6.8|  0.0|INFORM|Emptying factory pipeline
2019-07-02 08:05:23|   6.8|  0.0|STATS |Router and Unexpected Input Remover(RoutingFactory): Tested 93 input feature(s), wrote 93 output feature(s): 93 matched merge filters, 93 were routed to output, 0 could not be routed.
2019-07-02 08:05:23|   6.8|  0.0|STATS |Unexpected Input Remover Nuker(TeeFactory): Cloned 0 input feature(s) into 0 output feature(s)
2019-07-02 08:05:23|   6.8|  0.0|STATS |General Project Information (GOOGLESHEETS_1) Splitter(TeeFactory): Cloned 93 input feature(s) into 93 output feature(s)
2019-07-02 08:05:23|   6.8|  0.0|STATS |General Project Information_GOOGLESHEETS_1 Feature Counter -1 4(TeeFactory): Cloned 93 input feature(s) into 93 output feature(s)
2019-07-02 08:05:23|   6.8|  0.0|STATS |Destination Feature Type Routing Correlator(RoutingFactory): Tested 93 input feature(s), wrote 93 output feature(s): 0 matched merge filters, 93 were routed to output, 0 could not be routed.
2019-07-02 08:05:23|   6.8|  0.0|STATS |Final Output Nuker(TeeFactory): Cloned 0 input feature(s) into 0 output feature(s)
2019-07-02 08:05:23|   6.8|  0.0|INFORM|Successfully closed POSTGRES database writer
2019-07-02 08:05:23|   6.8|  0.0|INFORM|=-=-=-=-=-=-=-=-=-=-=-=-=-=-=-=-=-=-=-=-=-=-=-=-=-=-=-=-=-=-=-=-=-=-=-=-=-=-=-
2019-07-02 08:05:23|   6.8|  0.0|INFORM|Feature output statistics for `POSTGRES' writer using keyword `POSTGRES_1':
2019-07-02 08:05:23|   6.8|  0.0|STATS |=-=-=-=-=-=-=-=-=-=-=-=-=-=-=-=-=-=-=-=-=-=-=-=-=-=-=-=-=-=-=-=-=-=-=-=-=-=-=-
2019-07-02 08:05:23|   6.8|  0.0|STATS |                               Features Written
2019-07-02 08:05:23|   6.8|  0.0|STATS |=-=-=-=-=-=-=-=-=-=-=-=-=-=-=-=-=-=-=-=-=-=-=-=-=-=-=-=-=-=-=-=-=-=-=-=-=-=-=-
2019-07-02 08:05:23|   6.8|  0.0|STATS |coagis.capital_projects_master                                              93
2019-07-02 08:05:23|   6.8|  0.0|STATS |==============================================================================
2019-07-02 08:05:23|   6.8|  0.0|STATS |Total Features Written                                                      93
2019-07-02 08:05:23|   6.8|  0.0|STATS |=-=-=-=-=-=-=-=-=-=-=-=-=-=-=-=-=-=-=-=-=-=-=-=-=-=-=-=-=-=-=-=-=-=-=-=-=-=-=-
2019-07-02 08:05:23|   6.8|  0.0|STATS |=-=-=-=-=-=-=-=-=-=-=-=-=-=-=-=-=-=-=-=-=-=-=-=-=-=-=-=-=-=-=-=-=-=-=-=-=-=-=-
2019-07-02 08:05:23|   6.8|  0.0|STATS |                            Features Read Summary
2019-07-02 08:05:23|   6.8|  0.0|STATS |=-=-=-=-=-=-=-=-=-=-=-=-=-=-=-=-=-=-=-=-=-=-=-=-=-=-=-=-=-=-=-=-=-=-=-=-=-=-=-
2019-07-02 08:05:23|   6.8|  0.0|STATS |General Project Information                                                 93
2019-07-02 08:05:23|   6.8|  0.0|STATS |==============================================================================
2019-07-02 08:05:23|   6.8|  0.0|STATS |Total Features Read                                                         93
2019-07-02 08:05:23|   6.8|  0.0|STATS |=-=-=-=-=-=-=-=-=-=-=-=-=-=-=-=-=-=-=-=-=-=-=-=-=-=-=-=-=-=-=-=-=-=-=-=-=-=-=-
2019-07-02 08:05:23|   6.8|  0.0|STATS |=-=-=-=-=-=-=-=-=-=-=-=-=-=-=-=-=-=-=-=-=-=-=-=-=-=-=-=-=-=-=-=-=-=-=-=-=-=-=-
2019-07-02 08:05:23|   6.8|  0.0|STATS |                           Features Written Summary
2019-07-02 08:05:23|   6.8|  0.0|STATS |=-=-=-=-=-=-=-=-=-=-=-=-=-=-=-=-=-=-=-=-=-=-=-=-=-=-=-=-=-=-=-=-=-=-=-=-=-=-=-
2019-07-02 08:05:23|   6.8|  0.0|STATS |coagis.capital_projects_master                                              93
2019-07-02 08:05:23|   6.8|  0.0|STATS |==============================================================================
2019-07-02 08:05:23|   6.8|  0.0|STATS |Total Features Written                                                      93
2019-07-02 08:05:23|   6.8|  0.0|STATS |=-=-=-=-=-=-=-=-=-=-=-=-=-=-=-=-=-=-=-=-=-=-=-=-=-=-=-=-=-=-=-=-=-=-=-=-=-=-=-
2019-07-02 08:05:23|   6.9|  0.0|INFORM|Translation was SUCCESSFUL with 2 warning(s) (93 feature(s) output)
2019-07-02 08:05:23|   6.9|  0.0|INFORM|FME Session Duration: 9.3 seconds. (CPU: 5.6s user, 1.1s system)
2019-07-02 08:05:23|   6.9|  0.0|INFORM|END - ProcessID: 7920, peak process memory usage: 116584 kB, current process memory usage: 115816 kB
