2018-12-07 04:15:06|   0.1|  0.1|INFORM|FME 2017.1.1.1 (20171014 - Build 17652 - WIN32)
2018-12-07 04:15:06|   0.1|  0.0|INFORM|FME_HOME is 'c:\FME2017\'
2018-12-07 04:15:06|   0.1|  0.0|INFORM|FME Desktop ESRI Edition (floating)
2018-12-07 04:15:06|   0.1|  0.0|INFORM|Permanent License.
2018-12-07 04:15:06|   0.1|  0.0|INFORM|Machine host name is: coa-gis-fme2
2018-12-07 04:15:06|   0.1|  0.0|INFORM|START - ProcessID: 4528, peak process memory usage: 31148 kB, current process memory usage: 31148 kB
2018-12-07 04:15:06|   0.1|  0.0|INFORM|FME Configuration: Command line arguments are `c:\FME2017\fme' `C:\jon\bedrock\working_directory\assets\gis\coa_zip_code/editTOwh-coa_zip_code2.fmw'
2018-12-07 04:15:06|   0.2|  0.1|INFORM|Shared folders for formats are : c:\FME2017\datasources;C:\Users\mssqlgisadmin\Documents\FME\Formats
2018-12-07 04:15:06|   0.2|  0.0|INFORM|Shared folders for transformers are : c:\FME2017\transformers;C:\Users\mssqlgisadmin\Documents\FME\Transformers;C:\Users\mssqlgisadmin\AppData\Roaming\Safe Software\FME\FME Store\Transformers
2018-12-07 04:15:06|   0.2|  0.0|INFORM|Shared folders for coordinate systems are : C:\Users\mssqlgisadmin\Documents\FME\CoordinateSystems
2018-12-07 04:15:06|   0.2|  0.0|INFORM|Shared folders for coordinate system exceptions are : C:\Users\mssqlgisadmin\Documents\FME\CoordinateSystemExceptions
2018-12-07 04:15:06|   0.2|  0.0|INFORM|Shared folders for coordinate system grid overrides are : C:\Users\mssqlgisadmin\Documents\FME\CoordinateSystemGridOverrides
2018-12-07 04:15:06|   0.2|  0.0|INFORM|Shared folders for CS-MAP transformation exceptions are : C:\Users\mssqlgisadmin\Documents\FME\CsmapTransformationExceptions
2018-12-07 04:15:06|   0.2|  0.0|INFORM|Shared folders for transformer categories are : C:\Users\mssqlgisadmin\Documents\FME\TransformerCategories
2018-12-07 04:15:06|   0.2|  0.0|INFORM|FME Configuration: Reader Keyword is `GEODATABASE_SDE_1'
2018-12-07 04:15:06|   0.2|  0.0|INFORM|FME Configuration: Writer Keyword is `MULTI_WRITER'
2018-12-07 04:15:06|   0.2|  0.0|INFORM|FME Configuration: Writer Group Definition Keyword is `MULTI_WRITER_DEF'
2018-12-07 04:15:06|   0.2|  0.0|INFORM|FME Configuration: Reader type is `GEODATABASE_SDE'
2018-12-07 04:15:06|   0.2|  0.0|INFORM|FME Configuration: Writer type is `MULTI_WRITER'
2018-12-07 04:15:06|   0.2|  0.0|INFORM|FME Configuration: No destination coordinate system set
2018-12-07 04:15:06|   0.2|  0.0|INFORM|FME Configuration: Current working folder is `C:\jon\bedrock\working_directory\assets\gis\coa_zip_code'
2018-12-07 04:15:06|   0.2|  0.0|INFORM|FME Configuration: Temporary folder is `C:\Users\MSSQLG~1\AppData\Local\Temp', set from environment variable `TEMP'
2018-12-07 04:15:06|   0.2|  0.0|INFORM|FME Configuration: FME_HOME is `c:\FME2017\'
2018-12-07 04:15:06|   0.2|  0.0|INFORM|FME Configuration: FME_BASE is 'no'
2018-12-07 04:15:06|   0.2|  0.0|INFORM|FME Configuration: FME_MF_DIR is 'C:\jon\bedrock\working_directory\assets\gis\coa_zip_code/'
2018-12-07 04:15:06|   0.2|  0.0|INFORM|FME Configuration: FME_MF_NAME is 'editTOwh-coa_zip_code2.fmw'
2018-12-07 04:15:06|   0.2|  0.0|INFORM|FME Configuration: FME_PRODUCT_NAME is 'FME(R) 2017.1.1.1'
2018-12-07 04:15:06|   0.2|  0.0|INFORM|System Status: 116.53 GB of disk space available in the FME temporary folder (C:\Users\MSSQLG~1\AppData\Local\Temp)
2018-12-07 04:15:06|   0.2|  0.0|INFORM|System Status: 4.00 GB of virtual memory available
2018-12-07 04:15:06|   0.2|  0.0|INFORM|Operating System: Microsoft Windows Server 2012 R2 Server 4.0 64-bit  (Build 9600)
2018-12-07 04:15:06|   0.2|  0.0|INFORM|FME Platform: WIN32
2018-12-07 04:15:06|   0.2|  0.0|INFORM|Locale: en_US
2018-12-07 04:15:06|   0.2|  0.0|INFORM|Code Page: 1252  (ANSI - Latin I)
2018-12-07 04:15:06|   0.2|  0.0|INFORM|FME Configuration: Process limits are 8.00 GB of physical memory and 4.00 GB of address space
2018-12-07 04:15:06|   0.2|  0.0|INFORM|FME Configuration: Start freeing memory when process usage exceeds 2.83 GB of memory or 3.41 GB of address space
2018-12-07 04:15:06|   0.2|  0.0|INFORM|FME Configuration: Stop freeing memory when process usage is below 2.12 GB of memory and 2.56 GB of address space
2018-12-07 04:15:07|   0.3|  0.1|INFORM|Creating writer for format: 
2018-12-07 04:15:07|   0.5|  0.3|INFORM|Creating reader for format: Esri Geodatabase (ArcSDE Geodb)
2018-12-07 04:15:07|   0.6|  0.1|INFORM|Trying to find a DYNAMIC plugin for reader named `GEODATABASE_SDE'
2018-12-07 04:15:07|   0.6|  0.0|INFORM|FME Configuration: Source coordinate system for reader GEODATABASE_SDE_1[GEODATABASE_SDE] set to `EPSG:2264'
2018-12-07 04:15:07|   1.1|  0.5|INFORM|Coordinate System `EPSG:2264' parameters: CS_NAME=`NC83F' DESC_NM=`NAD83 North Carolina State Planes, US Foot' DT_NAME=`NAD83' GROUP=`SPCS83F' MAP_SCL=`1' MAX_LAT=`36.86666666666667' MAX_LNG=`-74.26666666666667' MIN_LAT=`33.55' MIN_LNG=`-85.43333333333334' ORG_LAT=`33.75' ORG_LNG=`-79' PARM1=`36.16666666666666' PARM2=`34.33333333333333' PROJ=`LM' QUAD=`1' SCL_RED=`1' SOURCE=`Calculated from NC83 by Mentor Software' UNIT=`FOOT' X_OFF=`2000000.002616666' 
2018-12-07 04:15:07|   1.1|  0.0|INFORM|Loaded module 'GEODATABASE_SDE' from file 'c:\FME2017\GEODATABASE9.dll'
2018-12-07 04:15:07|   1.1|  0.0|INFORM|FME API version of module 'GEODATABASE_SDE' matches current internal version (3.8 20170315)
2018-12-07 04:15:07|   1.2|  0.0|INFORM|Opening the Geodatabase reader
2018-12-07 04:15:08|   1.3|  0.2|INFORM|The ArcObjects license 'Advanced' is being selected from the Windows registry
2018-12-07 04:15:12|   2.8|  1.5|INFORM|FME has checked out an Esri license. The product checked out is 'Advanced'
2018-12-07 04:15:12|   2.8|  0.0|INFORM|Installed ArcGIS version is '10.4'
2018-12-07 04:15:13|   3.4|  0.5|INFORM|Connection made to server 'coa-gis-edit1' for dataset 'coagisedit' (historical timestamp '11/14/2017 2:03:00 PM') using Operating System's current user
2018-12-07 04:15:13|   3.4|  0.0|INFORM|ArcSDE release: '10.0'. Underlying database: 'SQL Server'
2018-12-07 04:15:13|   3.4|  0.0|INFORM|GEODATABASE_SDE_1 Reader: Using Enhanced geometry
2018-12-07 04:15:13|   3.4|  0.0|INFORM|All network information will be ignored. As a result, edges will be treated as polyline features and junctions will be treated as point features
2018-12-07 04:15:13|   3.4|  0.0|INFORM|All relationship information will be ignored. As a result, simple relationships will not be read, and attributed relationships will be read as tables
2018-12-07 04:15:13|   3.4|  0.0|INFORM|Using MultiWriter with keyword `MULTI_WRITER' to output data (ID_ATTRIBUTE is `multi_writer_id')
2018-12-07 04:15:13|   3.4|  0.0|INFORM|Writer output will be ordered by value of multi_writer_id
2018-12-07 04:15:13|   3.5|  0.1|INFORM|The OGC definition of the FME coordinate system '_NC83F_0' is 'PROJCS["NAD_1983_StatePlane_North_Carolina_FIPS_3200_Feet",GEOGCS["GCS_North_American_1983",DATUM["D_North_American_1983",SPHEROID["GRS_1980",6378137.0,298.257222101]],PRIMEM["Greenwich",0.0],UNIT["Degree",0.0174532925199433]],PROJECTION["Lambert_Conformal_Conic"],PARAMETER["False_Easting",2000000.002616666],PARAMETER["False_Northing",0.0],PARAMETER["Central_Meridian",-79.0],PARAMETER["Standard_Parallel_1",34.33333333333334],PARAMETER["Standard_Parallel_2",36.16666666666666],PARAMETER["Latitude_Of_Origin",33.75],UNIT["Foot_US",0.3048006096012192]]'
2018-12-07 04:15:14|   3.5|  0.0|INFORM|Reading table/feature class 'coagis.coa_zip_code'
2018-12-07 04:15:14|   3.5|  0.0|WARN  |NOT changing coordinate system of reader identified by keyword `GEODATABASE_SDE_1' from `EPSG:2264' to `_NC83F_0' -- mapping file setting of `EPSG:2264' overrides coordinate system `_NC83F_0' read from file
2018-12-07 04:15:15|   5.3|  1.8|INFORM|FME Configuration: Named Connection Storage: 'C:\Users\mssqlgisadmin\AppData\Roaming\Safe Software\FME\'
2018-12-07 04:15:15|   5.3|  0.0|INFORM|FME Configuration: Using Named Connection values from 'mda-store-1' for POSTGIS_1
2018-12-07 04:15:15|   5.3|  0.0|INFORM|Creating writer for format: PostGIS
2018-12-07 04:15:15|   5.4|  0.1|INFORM|Trying to find a DYNAMIC plugin for writer named `POSTGIS'
2018-12-07 04:15:15|   5.4|  0.0|INFORM|Loaded module 'POSTGIS' from file 'c:\FME2017\plugins/POSTGIS.dll'
2018-12-07 04:15:15|   5.4|  0.0|INFORM|FME API version of module 'POSTGIS' matches current internal version (3.8 20170315)
2018-12-07 04:15:15|   5.4|  0.0|INFORM|FME Configuration: No destination coordinate system set
2018-12-07 04:15:15|   5.4|  0.0|INFORM|FME API version of module 'POSTGIS' matches current internal version (3.8 20170315)
2018-12-07 04:15:15|   5.4|  0.0|INFORM|Writer `POSTGIS_1' of type `POSTGIS' using group definition keyword `POSTGIS_1_DEF'
2018-12-07 04:15:15|   5.4|  0.0|INFORM|FME API version of module 'POSTGIS' matches current internal version (3.8 20170315)
2018-12-07 04:15:15|   5.4|  0.0|INFORM|Opening POSTGIS writer for dataset 'mdastore1'...
2018-12-07 04:15:17|   6.5|  1.1|INFORM|PostGIS client encoding: 'UTF8'
2018-12-07 04:15:17|   6.5|  0.0|INFORM|PostgreSQL 10.4 on x86_64-pc-linux-gnu, compiled by gcc (GCC) 4.8.3 20140911 (Red Hat 4.8.3-9), 64-bit
2018-12-07 04:15:17|   6.5|  0.0|INFORM|2.4 USE_GEOS=1 USE_PROJ=1 USE_STATS=1
2018-12-07 04:15:17|   6.5|  0.0|INFORM|Testing for the existence of table 'internal.coa_zip_code'...
2018-12-07 04:15:17|   6.5|  0.0|INFORM|Truncating existing table 'internal.coa_zip_code'...
2018-12-07 04:15:17|   6.5|  0.0|INFORM|Using existing table 'internal.coa_zip_code'
2018-12-07 04:15:18|   6.5|  0.0|INFORM|POSTGIS Writer: Creating 'unquoted WKB' geometry processor for feature type 'internal.coa_zip_code'
2018-12-07 04:15:18|   6.5|  0.0|INFORM|POSTGIS Writer: Creating 'streaming Bulk Copy' feature type processor for feature type 'internal.coa_zip_code'
2018-12-07 04:15:18|   6.9|  0.3|INFORM|Emptying factory pipeline
2018-12-07 04:15:18|   6.9|  0.0|STATS |Router and Unexpected Input Remover(RoutingFactory): Tested 38 input feature(s), wrote 38 output feature(s): 38 matched merge filters, 38 were routed to output, 0 could not be routed.
2018-12-07 04:15:18|   6.9|  0.0|STATS |coagis.coa_zip_code (GEODATABASE_SDE_1) Splitter(TeeFactory): Cloned 38 input feature(s) into 38 output feature(s)
2018-12-07 04:15:18|   6.9|  0.0|STATS |Destination Feature Type Routing Correlator(RoutingFactory): Tested 38 input feature(s), wrote 38 output feature(s): 0 matched merge filters, 38 were routed to output, 0 could not be routed.
2018-12-07 04:15:18|   6.9|  0.0|STATS |Final Output Nuker(TeeFactory): Cloned 0 input feature(s) into 0 output feature(s)
2018-12-07 04:15:18|   6.9|  0.0|INFORM|32 feature(s) coerced to MULTIPOLYGON in table 'internal.coa_zip_code'
2018-12-07 04:15:18|   6.9|  0.0|INFORM|Successfully closed POSTGIS database writer
2018-12-07 04:15:18|   6.9|  0.0|INFORM|=-=-=-=-=-=-=-=-=-=-=-=-=-=-=-=-=-=-=-=-=-=-=-=-=-=-=-=-=-=-=-=-=-=-=-=-=-=-=-
2018-12-07 04:15:18|   6.9|  0.0|INFORM|Feature output statistics for `POSTGIS' writer using keyword `POSTGIS_1':
2018-12-07 04:15:18|   6.9|  0.0|STATS |=-=-=-=-=-=-=-=-=-=-=-=-=-=-=-=-=-=-=-=-=-=-=-=-=-=-=-=-=-=-=-=-=-=-=-=-=-=-=-
2018-12-07 04:15:18|   6.9|  0.0|STATS |                               Features Written
2018-12-07 04:15:18|   6.9|  0.0|STATS |=-=-=-=-=-=-=-=-=-=-=-=-=-=-=-=-=-=-=-=-=-=-=-=-=-=-=-=-=-=-=-=-=-=-=-=-=-=-=-
2018-12-07 04:15:18|   6.9|  0.0|STATS |internal.coa_zip_code                                                       38
2018-12-07 04:15:18|   6.9|  0.0|STATS |==============================================================================
2018-12-07 04:15:18|   6.9|  0.0|STATS |Total Features Written                                                      38
2018-12-07 04:15:18|   6.9|  0.0|STATS |=-=-=-=-=-=-=-=-=-=-=-=-=-=-=-=-=-=-=-=-=-=-=-=-=-=-=-=-=-=-=-=-=-=-=-=-=-=-=-
2018-12-07 04:15:18|   6.9|  0.0|STATS |=-=-=-=-=-=-=-=-=-=-=-=-=-=-=-=-=-=-=-=-=-=-=-=-=-=-=-=-=-=-=-=-=-=-=-=-=-=-=-
2018-12-07 04:15:18|   6.9|  0.0|STATS |                            Features Read Summary
2018-12-07 04:15:18|   6.9|  0.0|STATS |=-=-=-=-=-=-=-=-=-=-=-=-=-=-=-=-=-=-=-=-=-=-=-=-=-=-=-=-=-=-=-=-=-=-=-=-=-=-=-
2018-12-07 04:15:18|   6.9|  0.0|STATS |coagis.coa_zip_code                                                         38
2018-12-07 04:15:18|   6.9|  0.0|STATS |==============================================================================
2018-12-07 04:15:18|   6.9|  0.0|STATS |Total Features Read                                                         38
2018-12-07 04:15:18|   6.9|  0.0|STATS |=-=-=-=-=-=-=-=-=-=-=-=-=-=-=-=-=-=-=-=-=-=-=-=-=-=-=-=-=-=-=-=-=-=-=-=-=-=-=-
2018-12-07 04:15:18|   6.9|  0.0|STATS |=-=-=-=-=-=-=-=-=-=-=-=-=-=-=-=-=-=-=-=-=-=-=-=-=-=-=-=-=-=-=-=-=-=-=-=-=-=-=-
2018-12-07 04:15:18|   6.9|  0.0|STATS |                           Features Written Summary
2018-12-07 04:15:18|   6.9|  0.0|STATS |=-=-=-=-=-=-=-=-=-=-=-=-=-=-=-=-=-=-=-=-=-=-=-=-=-=-=-=-=-=-=-=-=-=-=-=-=-=-=-
2018-12-07 04:15:18|   6.9|  0.0|STATS |internal.coa_zip_code                                                       38
2018-12-07 04:15:18|   6.9|  0.0|STATS |==============================================================================
2018-12-07 04:15:18|   6.9|  0.0|STATS |Total Features Written                                                      38
2018-12-07 04:15:18|   6.9|  0.0|STATS |=-=-=-=-=-=-=-=-=-=-=-=-=-=-=-=-=-=-=-=-=-=-=-=-=-=-=-=-=-=-=-=-=-=-=-=-=-=-=-
2018-12-07 04:15:18|   6.9|  0.0|INFORM|Closing the Geodatabase reader
2018-12-07 04:15:18|   6.9|  0.0|INFORM|Translation was SUCCESSFUL with 1 warning(s) (38 feature(s) output)
2018-12-07 04:15:18|   6.9|  0.0|INFORM|FME Session Duration: 12.2 seconds. (CPU: 5.3s user, 1.5s system)
2018-12-07 04:15:18|   6.9|  0.0|INFORM|END - ProcessID: 4528, peak process memory usage: 183664 kB, current process memory usage: 170852 kB
