2020-04-02 01:13:05|   0.1|  0.1|INFORM|FME 2017.1.1.1 (20171014 - Build 17652 - WIN32)
2020-04-02 01:13:05|   0.1|  0.0|INFORM|FME_HOME is 'c:\FME2017\'
2020-04-02 01:13:05|   0.1|  0.0|INFORM|FME Desktop ESRI Edition (floating)
2020-04-02 01:13:05|   0.1|  0.0|INFORM|Permanent License.
2020-04-02 01:13:05|   0.1|  0.0|INFORM|Machine host name is: coa-gis-fme2
2020-04-02 01:13:05|   0.1|  0.0|INFORM|START - ProcessID: 3132, peak process memory usage: 30248 kB, current process memory usage: 30224 kB
2020-04-02 01:13:05|   0.1|  0.0|INFORM|FME Configuration: Command line arguments are `c:\FME2017\fme' `C:\COA\bedrock\working_directory\bc_civicaddress_table.ms1/bcTOwh-bc_civicaddress_table.fmw'
2020-04-02 01:13:05|   0.2|  0.1|INFORM|Shared folders for formats are : c:\FME2017\datasources;C:\Users\mssqlgisadmin\Documents\FME\Formats
2020-04-02 01:13:05|   0.2|  0.0|INFORM|Shared folders for transformers are : c:\FME2017\transformers;C:\Users\mssqlgisadmin\Documents\FME\Transformers;C:\Users\mssqlgisadmin\AppData\Roaming\Safe Software\FME\FME Store\Transformers
2020-04-02 01:13:05|   0.2|  0.0|INFORM|Shared folders for coordinate systems are : C:\Users\mssqlgisadmin\Documents\FME\CoordinateSystems
2020-04-02 01:13:05|   0.2|  0.0|INFORM|Shared folders for coordinate system exceptions are : C:\Users\mssqlgisadmin\Documents\FME\CoordinateSystemExceptions
2020-04-02 01:13:05|   0.2|  0.0|INFORM|Shared folders for coordinate system grid overrides are : C:\Users\mssqlgisadmin\Documents\FME\CoordinateSystemGridOverrides
2020-04-02 01:13:05|   0.2|  0.0|INFORM|Shared folders for CS-MAP transformation exceptions are : C:\Users\mssqlgisadmin\Documents\FME\CsmapTransformationExceptions
2020-04-02 01:13:05|   0.2|  0.0|INFORM|Shared folders for transformer categories are : C:\Users\mssqlgisadmin\Documents\FME\TransformerCategories
2020-04-02 01:13:05|   0.2|  0.0|INFORM|FME Configuration: Reader Keyword is `GEODATABASE_SDE_1'
2020-04-02 01:13:05|   0.2|  0.0|INFORM|FME Configuration: Writer Keyword is `MULTI_WRITER'
2020-04-02 01:13:05|   0.2|  0.0|INFORM|FME Configuration: Writer Group Definition Keyword is `MULTI_WRITER_DEF'
2020-04-02 01:13:05|   0.2|  0.0|INFORM|FME Configuration: Reader type is `GEODATABASE_SDE'
2020-04-02 01:13:05|   0.2|  0.0|INFORM|FME Configuration: Writer type is `MULTI_WRITER'
2020-04-02 01:13:05|   0.2|  0.0|INFORM|FME Configuration: No destination coordinate system set
2020-04-02 01:13:05|   0.2|  0.0|INFORM|FME Configuration: Current working folder is `C:\COA\bedrock\working_directory\bc_civicaddress_table.ms1'
2020-04-02 01:13:05|   0.2|  0.0|INFORM|FME Configuration: Temporary folder is `C:\Users\MSSQLG~1\AppData\Local\Temp', set from environment variable `TEMP'
2020-04-02 01:13:05|   0.2|  0.0|INFORM|FME Configuration: FME_HOME is `c:\FME2017\'
2020-04-02 01:13:05|   0.2|  0.0|INFORM|FME Configuration: FME_BASE is 'no'
2020-04-02 01:13:05|   0.2|  0.0|INFORM|FME Configuration: FME_MF_DIR is 'C:\COA\bedrock\working_directory\bc_civicaddress_table.ms1/'
2020-04-02 01:13:05|   0.2|  0.0|INFORM|FME Configuration: FME_MF_NAME is 'bcTOwh-bc_civicaddress_table.fmw'
2020-04-02 01:13:05|   0.2|  0.0|INFORM|FME Configuration: FME_PRODUCT_NAME is 'FME(R) 2017.1.1.1'
2020-04-02 01:13:05|   0.2|  0.0|INFORM|System Status: 105.37 GB of disk space available in the FME temporary folder (C:\Users\MSSQLG~1\AppData\Local\Temp)
2020-04-02 01:13:05|   0.2|  0.0|INFORM|System Status: 4.00 GB of virtual memory available
2020-04-02 01:13:05|   0.2|  0.0|INFORM|Operating System: Microsoft Windows Server 2012 R2 Server 4.0 64-bit  (Build 9600)
2020-04-02 01:13:05|   0.2|  0.0|INFORM|FME Platform: WIN32
2020-04-02 01:13:05|   0.2|  0.0|INFORM|Locale: en_US
2020-04-02 01:13:05|   0.2|  0.0|INFORM|Code Page: 1252  (ANSI - Latin I)
2020-04-02 01:13:05|   0.2|  0.0|INFORM|FME Configuration: Process limits are 8.00 GB of physical memory and 4.00 GB of address space
2020-04-02 01:13:05|   0.2|  0.0|INFORM|FME Configuration: Start freeing memory when process usage exceeds 2.83 GB of memory or 3.41 GB of address space
2020-04-02 01:13:05|   0.2|  0.0|INFORM|FME Configuration: Stop freeing memory when process usage is below 2.12 GB of memory and 2.56 GB of address space
2020-04-02 01:13:05|   0.3|  0.1|INFORM|Creating writer for format: 
2020-04-02 01:13:05|   0.6|  0.3|INFORM|Creating reader for format: Esri Geodatabase (ArcSDE Geodb)
2020-04-02 01:13:05|   0.7|  0.1|INFORM|Trying to find a DYNAMIC plugin for reader named `GEODATABASE_SDE'
2020-04-02 01:13:05|   0.7|  0.0|INFORM|Loaded module 'GEODATABASE_SDE' from file 'c:\FME2017\GEODATABASE9.dll'
2020-04-02 01:13:05|   0.7|  0.0|INFORM|FME API version of module 'GEODATABASE_SDE' matches current internal version (3.8 20170315)
2020-04-02 01:13:05|   0.7|  0.0|INFORM|Opening the Geodatabase reader
2020-04-02 01:13:06|   0.9|  0.2|INFORM|The ArcObjects license 'Advanced' is being selected from the Windows registry
2020-04-02 01:13:10|   2.2|  1.3|INFORM|FME has checked out an Esri license. The product checked out is 'Advanced'
2020-04-02 01:13:10|   2.2|  0.0|INFORM|Installed ArcGIS version is '10.4'
2020-04-02 01:13:11|   2.4|  0.2|INFORM|Connection made to server 'gissql.bcdomain.local' for dataset 'addr' (transactional version 'dbo.DEFAULT') using Operating System's current user
2020-04-02 01:13:11|   2.4|  0.0|INFORM|ArcSDE release: '10.0'. Underlying database: 'SQL Server'
2020-04-02 01:13:11|   2.4|  0.0|INFORM|GEODATABASE_SDE_1 Reader: Using Enhanced geometry
2020-04-02 01:13:11|   2.4|  0.0|INFORM|All network information will be ignored. As a result, edges will be treated as polyline features and junctions will be treated as point features
2020-04-02 01:13:11|   2.4|  0.0|INFORM|All relationship information will be ignored. As a result, simple relationships will not be read, and attributed relationships will be read as tables
2020-04-02 01:13:11|   2.4|  0.0|INFORM|Using MultiWriter with keyword `MULTI_WRITER' to output data (ID_ATTRIBUTE is `multi_writer_id')
2020-04-02 01:13:11|   2.4|  0.0|INFORM|Writer output will be ordered by value of multi_writer_id
2020-04-02 01:13:13|   2.5|  0.2|INFORM|Reading table/feature class 'DBO.CIVICADDRESSTBL'
2020-04-02 01:13:15|   4.2|  1.6|INFORM|FME Configuration: Named Connection Storage: 'C:\Users\mssqlgisadmin\AppData\Roaming\Safe Software\FME\'
2020-04-02 01:13:15|   4.2|  0.0|INFORM|FME Configuration: Using Named Connection values from 'mda-store-1' for POSTGIS_1
2020-04-02 01:13:15|   4.2|  0.0|INFORM|Creating writer for format: PostGIS
2020-04-02 01:13:15|   4.3|  0.1|INFORM|Trying to find a DYNAMIC plugin for writer named `POSTGIS'
2020-04-02 01:13:15|   4.3|  0.0|WARN  |Error prepending '<FME_HOME>/plugins/' to path environment variable.  The addition may not exist, or on Windows the resulting path may be longer than 2047 characters
2020-04-02 01:13:15|   4.3|  0.0|INFORM|Loaded module 'POSTGIS' from file 'c:\FME2017\plugins/POSTGIS.dll'
2020-04-02 01:13:15|   4.3|  0.0|INFORM|FME API version of module 'POSTGIS' matches current internal version (3.8 20170315)
2020-04-02 01:13:15|   4.3|  0.0|INFORM|FME Configuration: No destination coordinate system set
2020-04-02 01:13:15|   4.3|  0.0|INFORM|FME API version of module 'POSTGIS' matches current internal version (3.8 20170315)
2020-04-02 01:13:15|   4.3|  0.0|INFORM|Writer `POSTGIS_1' of type `POSTGIS' using group definition keyword `POSTGIS_1_DEF'
2020-04-02 01:13:15|   4.3|  0.0|INFORM|FME API version of module 'POSTGIS' matches current internal version (3.8 20170315)
2020-04-02 01:13:15|   4.3|  0.0|INFORM|Opening POSTGIS writer for dataset 'mdastore1'...
2020-04-02 01:13:16|   5.4|  1.1|INFORM|PostGIS client encoding: 'UTF8'
2020-04-02 01:13:17|   5.4|  0.0|INFORM|PostgreSQL 10.4 on x86_64-pc-linux-gnu, compiled by gcc (GCC) 4.8.3 20140911 (Red Hat 4.8.3-9), 64-bit
2020-04-02 01:13:17|   5.4|  0.0|INFORM|2.4 USE_GEOS=1 USE_PROJ=1 USE_STATS=1
2020-04-02 01:13:17|   5.4|  0.0|INFORM|Testing for the existence of table 'internal.bc_civicaddress_table'...
2020-04-02 01:13:17|   5.4|  0.0|INFORM|Truncating existing table 'internal.bc_civicaddress_table'...
2020-04-02 01:13:17|   5.4|  0.0|INFORM|Using existing table 'internal.bc_civicaddress_table'
2020-04-02 01:13:17|   5.4|  0.0|INFORM|POSTGIS Writer: Creating 'streaming Bulk Copy' feature type processor for feature type 'internal.bc_civicaddress_table'
2020-04-02 01:13:18|   5.9|  0.5|INFORM|Committed transaction at feature '1000'
2020-04-02 01:13:18|   6.3|  0.4|INFORM|Committed transaction at feature '2000'
2020-04-02 01:13:19|   6.5|  0.2|INFORM|Reading source feature # 2500
2020-04-02 01:13:19|   6.7|  0.2|INFORM|Committed transaction at feature '3000'
2020-04-02 01:13:19|   7.1|  0.4|INFORM|Committed transaction at feature '4000'
2020-04-02 01:13:20|   7.5|  0.4|INFORM|Reading source feature # 5000
2020-04-02 01:13:20|   7.5|  0.0|INFORM|Committed transaction at feature '5000'
2020-04-02 01:13:20|   8.0|  0.4|INFORM|Committed transaction at feature '6000'
2020-04-02 01:13:21|   8.4|  0.4|INFORM|Committed transaction at feature '7000'
2020-04-02 01:13:21|   8.6|  0.2|INFORM|Reading source feature # 7500
2020-04-02 01:13:21|   8.8|  0.3|INFORM|Committed transaction at feature '8000'
2020-04-02 01:13:22|   9.2|  0.4|INFORM|Committed transaction at feature '9000'
2020-04-02 01:13:22|   9.7|  0.5|INFORM|Reading source feature # 10000
2020-04-02 01:13:22|   9.7|  0.0|INFORM|Committed transaction at feature '10000'
2020-04-02 01:13:23|  10.1|  0.4|INFORM|Committed transaction at feature '11000'
2020-04-02 01:13:23|  10.5|  0.4|INFORM|Committed transaction at feature '12000'
2020-04-02 01:13:23|  10.8|  0.3|INFORM|Reading source feature # 12500
2020-04-02 01:13:24|  11.0|  0.2|INFORM|Committed transaction at feature '13000'
2020-04-02 01:13:24|  11.4|  0.4|INFORM|Committed transaction at feature '14000'
2020-04-02 01:13:25|  11.8|  0.4|INFORM|Reading source feature # 15000
2020-04-02 01:13:25|  11.8|  0.0|INFORM|Committed transaction at feature '15000'
2020-04-02 01:13:25|  12.3|  0.4|INFORM|Committed transaction at feature '16000'
2020-04-02 01:13:26|  12.7|  0.5|INFORM|Committed transaction at feature '17000'
2020-04-02 01:13:26|  12.9|  0.2|INFORM|Reading source feature # 17500
2020-04-02 01:13:26|  13.2|  0.3|INFORM|Committed transaction at feature '18000'
2020-04-02 01:13:26|  13.6|  0.4|INFORM|Committed transaction at feature '19000'
2020-04-02 01:13:27|  14.1|  0.4|INFORM|Reading source feature # 20000
2020-04-02 01:13:27|  14.1|  0.0|INFORM|Committed transaction at feature '20000'
2020-04-02 01:13:27|  14.5|  0.4|INFORM|Committed transaction at feature '21000'
2020-04-02 01:13:28|  14.9|  0.4|INFORM|Committed transaction at feature '22000'
2020-04-02 01:13:28|  15.1|  0.2|INFORM|Reading source feature # 22500
2020-04-02 01:13:28|  15.3|  0.2|INFORM|Committed transaction at feature '23000'
2020-04-02 01:13:29|  15.7|  0.4|INFORM|Committed transaction at feature '24000'
2020-04-02 01:13:29|  16.2|  0.4|INFORM|Reading source feature # 25000
2020-04-02 01:13:29|  16.2|  0.0|INFORM|Committed transaction at feature '25000'
2020-04-02 01:13:30|  16.6|  0.4|INFORM|Committed transaction at feature '26000'
2020-04-02 01:13:30|  17.0|  0.4|INFORM|Committed transaction at feature '27000'
2020-04-02 01:13:30|  17.2|  0.2|INFORM|Reading source feature # 27500
2020-04-02 01:13:31|  17.4|  0.2|INFORM|Committed transaction at feature '28000'
2020-04-02 01:13:31|  17.9|  0.4|INFORM|Committed transaction at feature '29000'
2020-04-02 01:13:32|  18.3|  0.4|INFORM|Reading source feature # 30000
2020-04-02 01:13:32|  18.3|  0.0|INFORM|Committed transaction at feature '30000'
2020-04-02 01:13:32|  18.8|  0.4|INFORM|Committed transaction at feature '31000'
2020-04-02 01:13:33|  19.2|  0.5|INFORM|Committed transaction at feature '32000'
2020-04-02 01:13:33|  19.4|  0.2|INFORM|Reading source feature # 32500
2020-04-02 01:13:33|  19.7|  0.2|INFORM|Committed transaction at feature '33000'
2020-04-02 01:13:34|  20.1|  0.4|INFORM|Committed transaction at feature '34000'
2020-04-02 01:13:34|  20.5|  0.4|INFORM|Reading source feature # 35000
2020-04-02 01:13:34|  20.5|  0.0|INFORM|Committed transaction at feature '35000'
2020-04-02 01:13:34|  20.9|  0.4|INFORM|Committed transaction at feature '36000'
2020-04-02 01:13:35|  21.4|  0.5|INFORM|Committed transaction at feature '37000'
2020-04-02 01:13:35|  21.6|  0.2|INFORM|Reading source feature # 37500
2020-04-02 01:13:35|  21.8|  0.2|INFORM|Committed transaction at feature '38000'
2020-04-02 01:13:36|  22.2|  0.4|INFORM|Committed transaction at feature '39000'
2020-04-02 01:13:36|  22.6|  0.4|INFORM|Reading source feature # 40000
2020-04-02 01:13:36|  22.6|  0.0|INFORM|Committed transaction at feature '40000'
2020-04-02 01:13:37|  23.1|  0.5|INFORM|Committed transaction at feature '41000'
2020-04-02 01:13:37|  23.5|  0.4|INFORM|Committed transaction at feature '42000'
2020-04-02 01:13:38|  23.7|  0.2|INFORM|Reading source feature # 42500
2020-04-02 01:13:38|  23.9|  0.2|INFORM|Committed transaction at feature '43000'
2020-04-02 01:13:38|  24.4|  0.5|INFORM|Committed transaction at feature '44000'
2020-04-02 01:13:39|  24.8|  0.4|INFORM|Reading source feature # 45000
2020-04-02 01:13:39|  24.8|  0.0|INFORM|Committed transaction at feature '45000'
2020-04-02 01:13:39|  25.2|  0.4|INFORM|Committed transaction at feature '46000'
2020-04-02 01:13:40|  25.6|  0.4|INFORM|Committed transaction at feature '47000'
2020-04-02 01:13:40|  25.8|  0.2|INFORM|Reading source feature # 47500
2020-04-02 01:13:40|  26.1|  0.3|INFORM|Committed transaction at feature '48000'
2020-04-02 01:13:41|  26.6|  0.5|INFORM|Committed transaction at feature '49000'
2020-04-02 01:13:41|  27.0|  0.5|INFORM|Reading source feature # 50000
2020-04-02 01:13:41|  27.0|  0.0|INFORM|Committed transaction at feature '50000'
2020-04-02 01:13:42|  27.5|  0.4|INFORM|Committed transaction at feature '51000'
2020-04-02 01:13:42|  27.9|  0.4|INFORM|Committed transaction at feature '52000'
2020-04-02 01:13:42|  28.1|  0.2|INFORM|Reading source feature # 52500
2020-04-02 01:13:43|  28.4|  0.3|INFORM|Committed transaction at feature '53000'
2020-04-02 01:13:43|  28.8|  0.4|INFORM|Committed transaction at feature '54000'
2020-04-02 01:13:43|  29.2|  0.5|INFORM|Reading source feature # 55000
2020-04-02 01:13:43|  29.3|  0.0|INFORM|Committed transaction at feature '55000'
2020-04-02 01:13:44|  29.7|  0.4|INFORM|Committed transaction at feature '56000'
2020-04-02 01:13:44|  30.1|  0.4|INFORM|Committed transaction at feature '57000'
2020-04-02 01:13:45|  30.3|  0.2|INFORM|Reading source feature # 57500
2020-04-02 01:13:45|  30.6|  0.2|INFORM|Committed transaction at feature '58000'
2020-04-02 01:13:45|  31.0|  0.4|INFORM|Committed transaction at feature '59000'
2020-04-02 01:13:46|  31.5|  0.5|INFORM|Reading source feature # 60000
2020-04-02 01:13:46|  31.5|  0.0|INFORM|Committed transaction at feature '60000'
2020-04-02 01:13:46|  31.9|  0.4|INFORM|Committed transaction at feature '61000'
2020-04-02 01:13:47|  32.3|  0.4|INFORM|Committed transaction at feature '62000'
2020-04-02 01:13:47|  32.5|  0.2|INFORM|Reading source feature # 62500
2020-04-02 01:13:47|  32.7|  0.2|INFORM|Committed transaction at feature '63000'
2020-04-02 01:13:48|  33.2|  0.4|INFORM|Committed transaction at feature '64000'
2020-04-02 01:13:48|  33.6|  0.4|INFORM|Reading source feature # 65000
2020-04-02 01:13:48|  33.6|  0.0|INFORM|Committed transaction at feature '65000'
2020-04-02 01:13:49|  34.0|  0.4|INFORM|Committed transaction at feature '66000'
2020-04-02 01:13:49|  34.4|  0.4|INFORM|Committed transaction at feature '67000'
2020-04-02 01:13:49|  34.6|  0.2|INFORM|Reading source feature # 67500
2020-04-02 01:13:50|  34.8|  0.2|INFORM|Committed transaction at feature '68000'
2020-04-02 01:13:50|  35.3|  0.5|INFORM|Committed transaction at feature '69000'
2020-04-02 01:13:51|  35.7|  0.4|INFORM|Reading source feature # 70000
2020-04-02 01:13:51|  35.7|  0.0|INFORM|Committed transaction at feature '70000'
2020-04-02 01:13:51|  36.1|  0.4|INFORM|Committed transaction at feature '71000'
2020-04-02 01:13:52|  36.5|  0.4|INFORM|Committed transaction at feature '72000'
2020-04-02 01:13:52|  36.7|  0.2|INFORM|Reading source feature # 72500
2020-04-02 01:13:52|  36.9|  0.2|INFORM|Committed transaction at feature '73000'
2020-04-02 01:13:52|  37.4|  0.5|INFORM|Committed transaction at feature '74000'
2020-04-02 01:13:53|  37.8|  0.4|INFORM|Reading source feature # 75000
2020-04-02 01:13:53|  37.8|  0.0|INFORM|Committed transaction at feature '75000'
2020-04-02 01:13:53|  38.3|  0.4|INFORM|Committed transaction at feature '76000'
2020-04-02 01:13:54|  38.7|  0.4|INFORM|Committed transaction at feature '77000'
2020-04-02 01:13:54|  38.9|  0.2|INFORM|Reading source feature # 77500
2020-04-02 01:13:54|  39.1|  0.2|INFORM|Committed transaction at feature '78000'
2020-04-02 01:13:55|  39.5|  0.4|INFORM|Committed transaction at feature '79000'
2020-04-02 01:13:55|  39.9|  0.4|INFORM|Reading source feature # 80000
2020-04-02 01:13:55|  39.9|  0.0|INFORM|Committed transaction at feature '80000'
2020-04-02 01:13:56|  40.3|  0.4|INFORM|Committed transaction at feature '81000'
2020-04-02 01:13:56|  40.7|  0.4|INFORM|Committed transaction at feature '82000'
2020-04-02 01:13:56|  41.0|  0.2|INFORM|Reading source feature # 82500
2020-04-02 01:13:57|  41.2|  0.2|INFORM|Committed transaction at feature '83000'
2020-04-02 01:13:57|  41.6|  0.4|INFORM|Committed transaction at feature '84000'
2020-04-02 01:13:58|  42.0|  0.4|INFORM|Reading source feature # 85000
2020-04-02 01:13:58|  42.0|  0.0|INFORM|Committed transaction at feature '85000'
2020-04-02 01:13:58|  42.5|  0.4|INFORM|Committed transaction at feature '86000'
2020-04-02 01:13:59|  42.9|  0.4|INFORM|Committed transaction at feature '87000'
2020-04-02 01:13:59|  43.1|  0.2|INFORM|Reading source feature # 87500
2020-04-02 01:13:59|  43.3|  0.3|INFORM|Committed transaction at feature '88000'
2020-04-02 01:13:59|  43.8|  0.5|INFORM|Committed transaction at feature '89000'
2020-04-02 01:14:00|  44.2|  0.4|INFORM|Reading source feature # 90000
2020-04-02 01:14:00|  44.2|  0.0|INFORM|Committed transaction at feature '90000'
2020-04-02 01:14:01|  44.7|  0.5|INFORM|Committed transaction at feature '91000'
2020-04-02 01:14:01|  45.1|  0.5|INFORM|Committed transaction at feature '92000'
2020-04-02 01:14:01|  45.4|  0.3|INFORM|Reading source feature # 92500
2020-04-02 01:14:02|  45.7|  0.3|INFORM|Committed transaction at feature '93000'
2020-04-02 01:14:02|  46.1|  0.5|INFORM|Committed transaction at feature '94000'
2020-04-02 01:14:03|  46.5|  0.4|INFORM|Reading source feature # 95000
2020-04-02 01:14:03|  46.5|  0.0|INFORM|Committed transaction at feature '95000'
2020-04-02 01:14:03|  47.0|  0.5|INFORM|Committed transaction at feature '96000'
2020-04-02 01:14:04|  47.4|  0.4|INFORM|Committed transaction at feature '97000'
2020-04-02 01:14:04|  47.6|  0.2|INFORM|Reading source feature # 97500
2020-04-02 01:14:04|  47.8|  0.2|INFORM|Committed transaction at feature '98000'
2020-04-02 01:14:04|  48.2|  0.4|INFORM|Committed transaction at feature '99000'
2020-04-02 01:14:05|  48.7|  0.4|INFORM|Reading source feature # 100000
2020-04-02 01:14:05|  48.7|  0.0|INFORM|Committed transaction at feature '100000'
2020-04-02 01:14:05|  49.1|  0.4|INFORM|Committed transaction at feature '101000'
2020-04-02 01:14:06|  49.5|  0.4|INFORM|Committed transaction at feature '102000'
2020-04-02 01:14:06|  49.7|  0.2|INFORM|Reading source feature # 102500
2020-04-02 01:14:06|  49.9|  0.2|INFORM|Committed transaction at feature '103000'
2020-04-02 01:14:07|  50.3|  0.4|INFORM|Committed transaction at feature '104000'
2020-04-02 01:14:07|  50.7|  0.4|INFORM|Reading source feature # 105000
2020-04-02 01:14:07|  50.7|  0.0|INFORM|Committed transaction at feature '105000'
2020-04-02 01:14:08|  51.1|  0.4|INFORM|Committed transaction at feature '106000'
2020-04-02 01:14:08|  51.5|  0.4|INFORM|Committed transaction at feature '107000'
2020-04-02 01:14:08|  51.8|  0.2|INFORM|Reading source feature # 107500
2020-04-02 01:14:09|  52.0|  0.2|INFORM|Committed transaction at feature '108000'
2020-04-02 01:14:09|  52.4|  0.4|INFORM|Committed transaction at feature '109000'
2020-04-02 01:14:10|  52.8|  0.4|INFORM|Reading source feature # 110000
2020-04-02 01:14:10|  52.8|  0.0|INFORM|Committed transaction at feature '110000'
2020-04-02 01:14:10|  53.3|  0.4|INFORM|Committed transaction at feature '111000'
2020-04-02 01:14:11|  53.7|  0.4|INFORM|Committed transaction at feature '112000'
2020-04-02 01:14:11|  53.9|  0.2|INFORM|Reading source feature # 112500
2020-04-02 01:14:11|  54.1|  0.2|INFORM|Committed transaction at feature '113000'
2020-04-02 01:14:11|  54.6|  0.4|INFORM|Committed transaction at feature '114000'
2020-04-02 01:14:12|  55.0|  0.5|INFORM|Reading source feature # 115000
2020-04-02 01:14:12|  55.0|  0.0|INFORM|Committed transaction at feature '115000'
2020-04-02 01:14:12|  55.5|  0.4|INFORM|Committed transaction at feature '116000'
2020-04-02 01:14:13|  55.9|  0.4|INFORM|Committed transaction at feature '117000'
2020-04-02 01:14:13|  56.1|  0.2|INFORM|Reading source feature # 117500
2020-04-02 01:14:13|  56.3|  0.2|INFORM|Committed transaction at feature '118000'
2020-04-02 01:14:14|  56.7|  0.4|INFORM|Committed transaction at feature '119000'
2020-04-02 01:14:14|  57.1|  0.4|INFORM|Reading source feature # 120000
2020-04-02 01:14:14|  57.1|  0.0|INFORM|Committed transaction at feature '120000'
2020-04-02 01:14:15|  57.5|  0.4|INFORM|Committed transaction at feature '121000'
2020-04-02 01:14:15|  58.0|  0.4|INFORM|Committed transaction at feature '122000'
2020-04-02 01:14:15|  58.2|  0.2|INFORM|Reading source feature # 122500
2020-04-02 01:14:16|  58.4|  0.2|INFORM|Committed transaction at feature '123000'
2020-04-02 01:14:16|  58.8|  0.4|INFORM|Committed transaction at feature '124000'
2020-04-02 01:14:17|  59.2|  0.4|INFORM|Reading source feature # 125000
2020-04-02 01:14:17|  59.2|  0.0|INFORM|Committed transaction at feature '125000'
2020-04-02 01:14:17|  59.6|  0.4|INFORM|Committed transaction at feature '126000'
2020-04-02 01:14:18|  60.0|  0.4|INFORM|Committed transaction at feature '127000'
2020-04-02 01:14:18|  60.2|  0.2|INFORM|Reading source feature # 127500
2020-04-02 01:14:18|  60.5|  0.2|INFORM|Committed transaction at feature '128000'
2020-04-02 01:14:19|  60.9|  0.5|INFORM|Committed transaction at feature '129000'
2020-04-02 01:14:19|  61.3|  0.4|INFORM|Reading source feature # 130000
2020-04-02 01:14:19|  61.3|  0.0|INFORM|Committed transaction at feature '130000'
2020-04-02 01:14:20|  61.8|  0.4|INFORM|Committed transaction at feature '131000'
2020-04-02 01:14:20|  62.2|  0.5|INFORM|Committed transaction at feature '132000'
2020-04-02 01:14:21|  62.4|  0.2|INFORM|Reading source feature # 132500
2020-04-02 01:14:21|  62.6|  0.2|INFORM|Committed transaction at feature '133000'
2020-04-02 01:14:21|  63.1|  0.4|INFORM|Committed transaction at feature '134000'
2020-04-02 01:14:22|  63.5|  0.4|INFORM|Reading source feature # 135000
2020-04-02 01:14:22|  63.5|  0.0|INFORM|Committed transaction at feature '135000'
2020-04-02 01:14:22|  64.0|  0.5|INFORM|Committed transaction at feature '136000'
2020-04-02 01:14:23|  64.4|  0.5|INFORM|Committed transaction at feature '137000'
2020-04-02 01:14:23|  64.6|  0.2|INFORM|Reading source feature # 137500
2020-04-02 01:14:23|  64.8|  0.2|INFORM|Committed transaction at feature '138000'
2020-04-02 01:14:24|  65.3|  0.4|INFORM|Committed transaction at feature '139000'
2020-04-02 01:14:24|  65.7|  0.4|INFORM|Reading source feature # 140000
2020-04-02 01:14:24|  65.7|  0.0|INFORM|Committed transaction at feature '140000'
2020-04-02 01:14:25|  66.1|  0.5|INFORM|Committed transaction at feature '141000'
2020-04-02 01:14:25|  66.6|  0.4|INFORM|Committed transaction at feature '142000'
2020-04-02 01:14:25|  66.8|  0.2|INFORM|Reading source feature # 142500
2020-04-02 01:14:25|  67.0|  0.2|INFORM|Committed transaction at feature '143000'
2020-04-02 01:14:26|  67.5|  0.4|INFORM|Committed transaction at feature '144000'
2020-04-02 01:14:26|  67.9|  0.5|INFORM|Reading source feature # 145000
2020-04-02 01:14:26|  67.9|  0.0|INFORM|Committed transaction at feature '145000'
2020-04-02 01:14:27|  68.3|  0.4|INFORM|Committed transaction at feature '146000'
2020-04-02 01:14:27|  68.8|  0.4|INFORM|Committed transaction at feature '147000'
2020-04-02 01:14:28|  69.0|  0.2|INFORM|Reading source feature # 147500
2020-04-02 01:14:28|  69.2|  0.2|INFORM|Committed transaction at feature '148000'
2020-04-02 01:14:28|  69.6|  0.4|INFORM|Committed transaction at feature '149000'
2020-04-02 01:14:29|  70.1|  0.4|INFORM|Reading source feature # 150000
2020-04-02 01:14:29|  70.1|  0.0|INFORM|Committed transaction at feature '150000'
2020-04-02 01:14:29|  70.5|  0.4|INFORM|Committed transaction at feature '151000'
2020-04-02 01:14:30|  70.9|  0.4|INFORM|Committed transaction at feature '152000'
2020-04-02 01:14:30|  71.1|  0.2|INFORM|Reading source feature # 152500
2020-04-02 01:14:30|  71.4|  0.2|INFORM|Committed transaction at feature '153000'
2020-04-02 01:14:31|  71.8|  0.4|INFORM|Committed transaction at feature '154000'
2020-04-02 01:14:31|  72.2|  0.4|INFORM|Reading source feature # 155000
2020-04-02 01:14:31|  72.2|  0.0|INFORM|Committed transaction at feature '155000'
2020-04-02 01:14:32|  72.6|  0.4|INFORM|Committed transaction at feature '156000'
2020-04-02 01:14:32|  73.1|  0.4|INFORM|Committed transaction at feature '157000'
2020-04-02 01:14:32|  73.3|  0.2|INFORM|Reading source feature # 157500
2020-04-02 01:14:33|  73.5|  0.2|INFORM|Committed transaction at feature '158000'
2020-04-02 01:14:33|  73.9|  0.4|INFORM|Committed transaction at feature '159000'
2020-04-02 01:14:34|  74.3|  0.4|INFORM|Reading source feature # 160000
2020-04-02 01:14:34|  74.3|  0.0|INFORM|Committed transaction at feature '160000'
2020-04-02 01:14:34|  74.8|  0.5|INFORM|Committed transaction at feature '161000'
2020-04-02 01:14:35|  75.2|  0.4|INFORM|Committed transaction at feature '162000'
2020-04-02 01:14:35|  75.4|  0.2|INFORM|Reading source feature # 162500
2020-04-02 01:14:35|  75.6|  0.2|INFORM|Committed transaction at feature '163000'
2020-04-02 01:14:35|  76.1|  0.5|INFORM|Committed transaction at feature '164000'
2020-04-02 01:14:36|  76.5|  0.4|INFORM|Reading source feature # 165000
2020-04-02 01:14:36|  76.5|  0.0|INFORM|Committed transaction at feature '165000'
2020-04-02 01:14:36|  77.0|  0.4|INFORM|Committed transaction at feature '166000'
2020-04-02 01:14:37|  77.4|  0.4|INFORM|Committed transaction at feature '167000'
2020-04-02 01:14:37|  77.6|  0.2|INFORM|Reading source feature # 167500
2020-04-02 01:14:37|  77.8|  0.2|INFORM|Committed transaction at feature '168000'
2020-04-02 01:14:38|  78.3|  0.5|INFORM|Committed transaction at feature '169000'
2020-04-02 01:14:38|  78.7|  0.4|INFORM|Reading source feature # 170000
2020-04-02 01:14:38|  78.7|  0.0|INFORM|Committed transaction at feature '170000'
2020-04-02 01:14:38|  78.7|  0.0|INFORM|Emptying factory pipeline
2020-04-02 01:14:38|  78.7|  0.0|STATS |Router and Unexpected Input Remover(RoutingFactory): Tested 170122 input feature(s), wrote 170122 output feature(s): 170122 matched merge filters, 170122 were routed to output, 0 could not be routed.
2020-04-02 01:14:38|  78.7|  0.0|STATS |DBO.CIVICADDRESSTBL (GEODATABASE_SDE_1) Splitter(TeeFactory): Cloned 170122 input feature(s) into 170122 output feature(s)
2020-04-02 01:14:38|  78.7|  0.0|STATS |Counter_Counter(TeeFactory): Cloned 170122 input feature(s) into 170122 output feature(s)
2020-04-02 01:14:38|  78.7|  0.0|STATS |Counter_Rejector(TestFactory): Tested 170122 input feature(s) -- 0 feature(s) passed and 170122 feature(s) failed
2020-04-02 01:14:38|  78.7|  0.0|STATS |Counter <REJECTED> Output Nuker(TeeFactory): Cloned 0 input feature(s) into 0 output feature(s)
2020-04-02 01:14:38|  78.7|  0.0|STATS |Counter_<Rejected>(TeeFactory): Cloned 0 input feature(s) into 0 output feature(s)
2020-04-02 01:14:38|  78.7|  0.0|STATS |Destination Feature Type Routing Correlator(RoutingFactory): Tested 170122 input feature(s), wrote 170122 output feature(s): 0 matched merge filters, 170122 were routed to output, 0 could not be routed.
2020-04-02 01:14:38|  78.7|  0.0|STATS |Final Output Nuker(TeeFactory): Cloned 0 input feature(s) into 0 output feature(s)
2020-04-02 01:14:38|  78.7|  0.0|STATS |=-=-=-=-=-=-=-=-=-=-=-=-=-=-=-=-=-=-=-=-=-=-=-=-=-=-=-=-=-=-=-=-=-=-=-=-=-=-=-
2020-04-02 01:14:38|  78.7|  0.0|STATS |                            `Count' Domain Summary
2020-04-02 01:14:38|  78.7|  0.0|STATS |=-=-=-=-=-=-=-=-=-=-=-=-=-=-=-=-=-=-=-=-=-=-=-=-=-=-=-=-=-=-=-=-=-=-=-=-=-=-=-
2020-04-02 01:14:38|  78.7|  0.0|STATS |counter                                                                 170122
2020-04-02 01:14:38|  78.7|  0.0|STATS |==============================================================================
2020-04-02 01:14:38|  78.7|  0.0|STATS |Total `@Count' Invocations:                                             170122
2020-04-02 01:14:38|  78.7|  0.0|STATS |=-=-=-=-=-=-=-=-=-=-=-=-=-=-=-=-=-=-=-=-=-=-=-=-=-=-=-=-=-=-=-=-=-=-=-=-=-=-=-
2020-04-02 01:14:38|  78.7|  0.0|INFORM|Successfully closed POSTGIS database writer
2020-04-02 01:14:38|  78.7|  0.0|INFORM|=-=-=-=-=-=-=-=-=-=-=-=-=-=-=-=-=-=-=-=-=-=-=-=-=-=-=-=-=-=-=-=-=-=-=-=-=-=-=-
2020-04-02 01:14:38|  78.7|  0.0|INFORM|Feature output statistics for `POSTGIS' writer using keyword `POSTGIS_1':
2020-04-02 01:14:38|  78.7|  0.0|STATS |=-=-=-=-=-=-=-=-=-=-=-=-=-=-=-=-=-=-=-=-=-=-=-=-=-=-=-=-=-=-=-=-=-=-=-=-=-=-=-
2020-04-02 01:14:38|  78.7|  0.0|STATS |                               Features Written
2020-04-02 01:14:38|  78.7|  0.0|STATS |=-=-=-=-=-=-=-=-=-=-=-=-=-=-=-=-=-=-=-=-=-=-=-=-=-=-=-=-=-=-=-=-=-=-=-=-=-=-=-
2020-04-02 01:14:38|  78.7|  0.0|STATS |internal.bc_civicaddress_table                                          170122
2020-04-02 01:14:38|  78.7|  0.0|STATS |==============================================================================
2020-04-02 01:14:38|  78.7|  0.0|STATS |Total Features Written                                                  170122
2020-04-02 01:14:38|  78.7|  0.0|STATS |=-=-=-=-=-=-=-=-=-=-=-=-=-=-=-=-=-=-=-=-=-=-=-=-=-=-=-=-=-=-=-=-=-=-=-=-=-=-=-
2020-04-02 01:14:38|  78.8|  0.0|STATS |=-=-=-=-=-=-=-=-=-=-=-=-=-=-=-=-=-=-=-=-=-=-=-=-=-=-=-=-=-=-=-=-=-=-=-=-=-=-=-
2020-04-02 01:14:38|  78.8|  0.0|STATS |                            Features Read Summary
2020-04-02 01:14:38|  78.8|  0.0|STATS |=-=-=-=-=-=-=-=-=-=-=-=-=-=-=-=-=-=-=-=-=-=-=-=-=-=-=-=-=-=-=-=-=-=-=-=-=-=-=-
2020-04-02 01:14:38|  78.8|  0.0|STATS |DBO.CIVICADDRESSTBL                                                     170122
2020-04-02 01:14:38|  78.8|  0.0|STATS |==============================================================================
2020-04-02 01:14:38|  78.8|  0.0|STATS |Total Features Read                                                     170122
2020-04-02 01:14:38|  78.8|  0.0|STATS |=-=-=-=-=-=-=-=-=-=-=-=-=-=-=-=-=-=-=-=-=-=-=-=-=-=-=-=-=-=-=-=-=-=-=-=-=-=-=-
2020-04-02 01:14:38|  78.8|  0.0|STATS |=-=-=-=-=-=-=-=-=-=-=-=-=-=-=-=-=-=-=-=-=-=-=-=-=-=-=-=-=-=-=-=-=-=-=-=-=-=-=-
2020-04-02 01:14:38|  78.8|  0.0|STATS |                           Features Written Summary
2020-04-02 01:14:38|  78.8|  0.0|STATS |=-=-=-=-=-=-=-=-=-=-=-=-=-=-=-=-=-=-=-=-=-=-=-=-=-=-=-=-=-=-=-=-=-=-=-=-=-=-=-
2020-04-02 01:14:38|  78.8|  0.0|STATS |internal.bc_civicaddress_table                                          170122
2020-04-02 01:14:38|  78.8|  0.0|STATS |==============================================================================
2020-04-02 01:14:38|  78.8|  0.0|STATS |Total Features Written                                                  170122
2020-04-02 01:14:38|  78.8|  0.0|STATS |=-=-=-=-=-=-=-=-=-=-=-=-=-=-=-=-=-=-=-=-=-=-=-=-=-=-=-=-=-=-=-=-=-=-=-=-=-=-=-
2020-04-02 01:14:38|  78.8|  0.0|INFORM|Closing the Geodatabase reader
2020-04-02 01:14:39|  78.8|  0.0|INFORM|Translation was SUCCESSFUL with 1 warning(s) (170122 feature(s) output)
2020-04-02 01:14:39|  78.8|  0.0|INFORM|FME Session Duration: 1 minute 34.4 seconds. (CPU: 77.2s user, 1.4s system)
2020-04-02 01:14:39|  78.8|  0.0|INFORM|END - ProcessID: 3132, peak process memory usage: 139096 kB, current process memory usage: 134864 kB
