2018-12-07 04:31:03|   0.1|  0.1|INFORM|FME 2017.1.1.1 (20171014 - Build 17652 - WIN32)
2018-12-07 04:31:03|   0.1|  0.0|INFORM|FME_HOME is 'c:\FME2017\'
2018-12-07 04:31:03|   0.1|  0.0|INFORM|FME Desktop ESRI Edition (floating)
2018-12-07 04:31:03|   0.1|  0.0|INFORM|Permanent License.
2018-12-07 04:31:03|   0.1|  0.0|INFORM|Machine host name is: coa-gis-fme2
2018-12-07 04:31:03|   0.1|  0.0|INFORM|START - ProcessID: 4228, peak process memory usage: 31976 kB, current process memory usage: 31960 kB
2018-12-07 04:31:03|   0.1|  0.0|INFORM|FME Configuration: Command line arguments are `c:\FME2017\fme' `C:\jon\bedrock\working_directory\assets\development\permit_comments/accelaTOwh-permit_comments.fmw'
2018-12-07 04:31:04|   0.2|  0.1|INFORM|Shared folders for formats are : c:\FME2017\datasources;C:\Users\mssqlgisadmin\Documents\FME\Formats
2018-12-07 04:31:04|   0.2|  0.0|INFORM|Shared folders for transformers are : c:\FME2017\transformers;C:\Users\mssqlgisadmin\Documents\FME\Transformers;C:\Users\mssqlgisadmin\AppData\Roaming\Safe Software\FME\FME Store\Transformers
2018-12-07 04:31:04|   0.2|  0.0|INFORM|Shared folders for coordinate systems are : C:\Users\mssqlgisadmin\Documents\FME\CoordinateSystems
2018-12-07 04:31:04|   0.2|  0.0|INFORM|Shared folders for coordinate system exceptions are : C:\Users\mssqlgisadmin\Documents\FME\CoordinateSystemExceptions
2018-12-07 04:31:04|   0.2|  0.0|INFORM|Shared folders for coordinate system grid overrides are : C:\Users\mssqlgisadmin\Documents\FME\CoordinateSystemGridOverrides
2018-12-07 04:31:04|   0.2|  0.0|INFORM|Shared folders for CS-MAP transformation exceptions are : C:\Users\mssqlgisadmin\Documents\FME\CsmapTransformationExceptions
2018-12-07 04:31:04|   0.2|  0.0|INFORM|Shared folders for transformer categories are : C:\Users\mssqlgisadmin\Documents\FME\TransformerCategories
2018-12-07 04:31:04|   0.2|  0.0|INFORM|FME Configuration: Reader Keyword is `MSSQL_ADO_1'
2018-12-07 04:31:04|   0.2|  0.0|INFORM|FME Configuration: Writer Keyword is `MULTI_WRITER'
2018-12-07 04:31:04|   0.2|  0.0|INFORM|FME Configuration: Writer Group Definition Keyword is `MULTI_WRITER_DEF'
2018-12-07 04:31:04|   0.2|  0.0|INFORM|FME Configuration: Reader type is `MSSQL_ADO'
2018-12-07 04:31:04|   0.2|  0.0|INFORM|FME Configuration: Writer type is `MULTI_WRITER'
2018-12-07 04:31:04|   0.2|  0.0|INFORM|FME Configuration: No destination coordinate system set
2018-12-07 04:31:04|   0.2|  0.0|INFORM|FME Configuration: Current working folder is `C:\jon\bedrock\working_directory\assets\development\permit_comments'
2018-12-07 04:31:04|   0.2|  0.0|INFORM|FME Configuration: Temporary folder is `C:\Users\MSSQLG~1\AppData\Local\Temp', set from environment variable `TEMP'
2018-12-07 04:31:04|   0.2|  0.0|INFORM|FME Configuration: FME_HOME is `c:\FME2017\'
2018-12-07 04:31:04|   0.2|  0.0|INFORM|FME Configuration: FME_BASE is 'no'
2018-12-07 04:31:04|   0.2|  0.0|INFORM|FME Configuration: FME_MF_DIR is 'C:\jon\bedrock\working_directory\assets\development\permit_comments/'
2018-12-07 04:31:04|   0.2|  0.0|INFORM|FME Configuration: FME_MF_NAME is 'accelaTOwh-permit_comments.fmw'
2018-12-07 04:31:04|   0.2|  0.0|INFORM|FME Configuration: FME_PRODUCT_NAME is 'FME(R) 2017.1.1.1'
2018-12-07 04:31:04|   0.2|  0.0|INFORM|System Status: 116.53 GB of disk space available in the FME temporary folder (C:\Users\MSSQLG~1\AppData\Local\Temp)
2018-12-07 04:31:04|   0.2|  0.0|INFORM|System Status: 4.00 GB of virtual memory available
2018-12-07 04:31:04|   0.2|  0.0|INFORM|Operating System: Microsoft Windows Server 2012 R2 Server 4.0 64-bit  (Build 9600)
2018-12-07 04:31:04|   0.2|  0.0|INFORM|FME Platform: WIN32
2018-12-07 04:31:04|   0.2|  0.0|INFORM|Locale: en_US
2018-12-07 04:31:04|   0.2|  0.0|INFORM|Code Page: 1252  (ANSI - Latin I)
2018-12-07 04:31:04|   0.2|  0.0|INFORM|FME Configuration: Process limits are 8.00 GB of physical memory and 4.00 GB of address space
2018-12-07 04:31:04|   0.2|  0.0|INFORM|FME Configuration: Start freeing memory when process usage exceeds 2.83 GB of memory or 3.41 GB of address space
2018-12-07 04:31:04|   0.2|  0.0|INFORM|FME Configuration: Stop freeing memory when process usage is below 2.12 GB of memory and 2.56 GB of address space
2018-12-07 04:31:04|   0.2|  0.1|INFORM|Creating writer for format: 
2018-12-07 04:31:05|   1.7|  1.4|INFORM|FME Configuration: Named Connection Storage: 'C:\Users\mssqlgisadmin\AppData\Roaming\Safe Software\FME\'
2018-12-07 04:31:05|   1.7|  0.0|INFORM|FME Configuration: Using Named Connection values from '@coa-dscdb/accelaprod' for MSSQL_ADO_1
2018-12-07 04:31:05|   1.7|  0.0|INFORM|Creating reader for format: Microsoft SQL Server Non-Spatial
2018-12-07 04:31:05|   1.8|  0.1|INFORM|Trying to find a DYNAMIC plugin for reader named `MSSQL_ADO'
2018-12-07 04:31:05|   1.8|  0.0|INFORM|Loaded module 'MSSQL_ADO' from file 'c:\FME2017\plugins/FME_ADO.dll'
2018-12-07 04:31:05|   1.8|  0.0|INFORM|FME API version of module 'MSSQL_ADO' matches current internal version (3.8 20170315)
2018-12-07 04:31:05|   1.8|  0.0|INFORM|Microsoft SQL Server Non-Spatial Reader: Read 1 DEF line(s).  Found 0 attribute(s)
2018-12-07 04:31:05|   1.8|  0.0|INFORM|Microsoft SQL Server Non-Spatial Reader: Opening `accelaprod' for read operation
2018-12-07 04:31:05|   1.8|  0.0|INFORM|Microsoft SQL Server Non-Spatial Reader: Trying to connect using SQL Server 2012 Native Client...
2018-12-07 04:31:05|   1.8|  0.0|INFORM|Using MultiWriter with keyword `MULTI_WRITER' to output data (ID_ATTRIBUTE is `multi_writer_id')
2018-12-07 04:31:05|   1.8|  0.0|INFORM|Writer output will be ordered by value of multi_writer_id
2018-12-07 04:31:05|   1.8|  0.0|INFORM|Microsoft SQL Server Non-Spatial Reader: Now reading features from table amd.permit_comments, 10 record(s) at a time
2018-12-07 04:31:05|   2.0|  0.2|INFORM|FME Configuration: Using Named Connection values from 'mda-store-1' for POSTGRES_1
2018-12-07 04:31:05|   2.0|  0.0|INFORM|Creating writer for format: PostgreSQL
2018-12-07 04:31:06|   2.1|  0.1|INFORM|Trying to find a DYNAMIC plugin for writer named `POSTGRES'
2018-12-07 04:31:06|   2.1|  0.0|INFORM|Loaded module 'POSTGRES' from file 'c:\FME2017\plugins/POSTGIS.dll'
2018-12-07 04:31:06|   2.1|  0.0|INFORM|FME API version of module 'POSTGRES' matches current internal version (3.8 20170315)
2018-12-07 04:31:06|   2.1|  0.0|INFORM|FME Configuration: No destination coordinate system set
2018-12-07 04:31:06|   2.1|  0.0|INFORM|FME API version of module 'POSTGRES' matches current internal version (3.8 20170315)
2018-12-07 04:31:06|   2.1|  0.0|INFORM|Writer `POSTGRES_1' of type `POSTGRES' using group definition keyword `POSTGRES_1_DEF'
2018-12-07 04:31:06|   2.1|  0.0|INFORM|FME API version of module 'POSTGRES' matches current internal version (3.8 20170315)
2018-12-07 04:31:06|   2.1|  0.0|INFORM|Opening POSTGRES writer for dataset 'mdastore1'...
2018-12-07 04:31:07|   3.2|  1.1|INFORM|PostGIS client encoding: 'UTF8'
2018-12-07 04:31:07|   3.2|  0.0|INFORM|PostgreSQL 10.4 on x86_64-pc-linux-gnu, compiled by gcc (GCC) 4.8.3 20140911 (Red Hat 4.8.3-9), 64-bit
2018-12-07 04:31:07|   3.2|  0.0|INFORM|Testing for the existence of table 'internal.permit_comments'...
2018-12-07 04:31:07|   3.2|  0.0|INFORM|Truncating existing table 'internal.permit_comments'...
2018-12-07 04:31:07|   3.2|  0.0|INFORM|Using existing table 'internal.permit_comments'
2018-12-07 04:31:07|   3.2|  0.0|INFORM|POSTGRES Writer: Creating 'streaming Bulk Copy' feature type processor for feature type 'internal.permit_comments'
2018-12-07 04:31:08|   3.4|  0.2|INFORM|Committed transaction at feature '1000'
2018-12-07 04:31:08|   3.5|  0.2|INFORM|Committed transaction at feature '2000'
2018-12-07 04:31:08|   3.6|  0.1|INFORM|Reading source feature # 2500
2018-12-07 04:31:08|   3.7|  0.1|INFORM|Committed transaction at feature '3000'
2018-12-07 04:31:08|   3.9|  0.2|INFORM|Committed transaction at feature '4000'
2018-12-07 04:31:09|   4.1|  0.2|INFORM|Reading source feature # 5000
2018-12-07 04:31:09|   4.1|  0.0|INFORM|Committed transaction at feature '5000'
2018-12-07 04:31:09|   4.2|  0.1|INFORM|Committed transaction at feature '6000'
2018-12-07 04:31:09|   4.3|  0.1|INFORM|Committed transaction at feature '7000'
2018-12-07 04:31:09|   4.4|  0.1|INFORM|Reading source feature # 7500
2018-12-07 04:31:09|   4.5|  0.1|INFORM|Committed transaction at feature '8000'
2018-12-07 04:31:09|   4.6|  0.2|INFORM|Committed transaction at feature '9000'
2018-12-07 04:31:10|   4.8|  0.2|INFORM|Reading source feature # 10000
2018-12-07 04:31:10|   4.8|  0.0|INFORM|Committed transaction at feature '10000'
2018-12-07 04:31:10|   5.0|  0.2|INFORM|Committed transaction at feature '11000'
2018-12-07 04:31:10|   5.1|  0.1|INFORM|Committed transaction at feature '12000'
2018-12-07 04:31:10|   5.2|  0.1|INFORM|Reading source feature # 12500
2018-12-07 04:31:10|   5.3|  0.1|INFORM|Committed transaction at feature '13000'
2018-12-07 04:31:11|   5.5|  0.2|INFORM|Committed transaction at feature '14000'
2018-12-07 04:31:11|   5.6|  0.1|INFORM|Reading source feature # 15000
2018-12-07 04:31:11|   5.6|  0.0|INFORM|Committed transaction at feature '15000'
2018-12-07 04:31:11|   5.8|  0.1|INFORM|Committed transaction at feature '16000'
2018-12-07 04:31:11|   5.9|  0.2|INFORM|Committed transaction at feature '17000'
2018-12-07 04:31:11|   6.0|  0.1|INFORM|Reading source feature # 17500
2018-12-07 04:31:11|   6.1|  0.1|INFORM|Committed transaction at feature '18000'
2018-12-07 04:31:12|   6.3|  0.2|INFORM|Committed transaction at feature '19000'
2018-12-07 04:31:12|   6.4|  0.2|INFORM|Reading source feature # 20000
2018-12-07 04:31:12|   6.4|  0.0|INFORM|Committed transaction at feature '20000'
2018-12-07 04:31:12|   6.6|  0.1|INFORM|Committed transaction at feature '21000'
2018-12-07 04:31:12|   6.7|  0.1|INFORM|Committed transaction at feature '22000'
2018-12-07 04:31:12|   6.8|  0.1|INFORM|Reading source feature # 22500
2018-12-07 04:31:12|   6.9|  0.1|INFORM|Committed transaction at feature '23000'
2018-12-07 04:31:13|   7.0|  0.2|INFORM|Committed transaction at feature '24000'
2018-12-07 04:31:13|   7.2|  0.2|INFORM|Reading source feature # 25000
2018-12-07 04:31:13|   7.2|  0.0|INFORM|Committed transaction at feature '25000'
2018-12-07 04:31:13|   7.4|  0.2|INFORM|Committed transaction at feature '26000'
2018-12-07 04:31:14|   7.6|  0.2|INFORM|Committed transaction at feature '27000'
2018-12-07 04:31:14|   7.7|  0.1|INFORM|Reading source feature # 27500
2018-12-07 04:31:14|   7.7|  0.1|INFORM|Committed transaction at feature '28000'
2018-12-07 04:31:14|   7.9|  0.2|INFORM|Committed transaction at feature '29000'
2018-12-07 04:31:14|   8.0|  0.2|INFORM|Reading source feature # 30000
2018-12-07 04:31:14|   8.0|  0.0|INFORM|Committed transaction at feature '30000'
2018-12-07 04:31:14|   8.2|  0.2|INFORM|Committed transaction at feature '31000'
2018-12-07 04:31:15|   8.4|  0.2|INFORM|Committed transaction at feature '32000'
2018-12-07 04:31:15|   8.5|  0.1|INFORM|Reading source feature # 32500
2018-12-07 04:31:15|   8.6|  0.1|INFORM|Committed transaction at feature '33000'
2018-12-07 04:31:15|   8.8|  0.2|INFORM|Committed transaction at feature '34000'
2018-12-07 04:31:15|   9.0|  0.2|INFORM|Reading source feature # 35000
2018-12-07 04:31:15|   9.0|  0.0|INFORM|Committed transaction at feature '35000'
2018-12-07 04:31:16|   9.1|  0.1|INFORM|Committed transaction at feature '36000'
2018-12-07 04:31:16|   9.3|  0.2|INFORM|Committed transaction at feature '37000'
2018-12-07 04:31:16|   9.4|  0.1|INFORM|Reading source feature # 37500
2018-12-07 04:31:16|   9.4|  0.1|INFORM|Committed transaction at feature '38000'
2018-12-07 04:31:16|   9.7|  0.2|INFORM|Committed transaction at feature '39000'
2018-12-07 04:31:17|   9.8|  0.2|INFORM|Reading source feature # 40000
2018-12-07 04:31:17|   9.8|  0.0|INFORM|Committed transaction at feature '40000'
2018-12-07 04:31:17|  10.0|  0.2|INFORM|Committed transaction at feature '41000'
2018-12-07 04:31:17|  10.1|  0.1|INFORM|Committed transaction at feature '42000'
2018-12-07 04:31:17|  10.2|  0.1|INFORM|Reading source feature # 42500
2018-12-07 04:31:17|  10.3|  0.1|INFORM|Committed transaction at feature '43000'
2018-12-07 04:31:17|  10.5|  0.2|INFORM|Committed transaction at feature '44000'
2018-12-07 04:31:18|  10.7|  0.2|INFORM|Reading source feature # 45000
2018-12-07 04:31:18|  10.7|  0.0|INFORM|Committed transaction at feature '45000'
2018-12-07 04:31:18|  10.8|  0.2|INFORM|Committed transaction at feature '46000'
2018-12-07 04:31:18|  11.0|  0.2|INFORM|Committed transaction at feature '47000'
2018-12-07 04:31:18|  11.1|  0.1|INFORM|Reading source feature # 47500
2018-12-07 04:31:18|  11.2|  0.1|INFORM|Committed transaction at feature '48000'
2018-12-07 04:31:19|  11.4|  0.2|INFORM|Committed transaction at feature '49000'
2018-12-07 04:31:19|  11.5|  0.2|INFORM|Reading source feature # 50000
2018-12-07 04:31:19|  11.5|  0.0|INFORM|Committed transaction at feature '50000'
2018-12-07 04:31:19|  11.7|  0.2|INFORM|Committed transaction at feature '51000'
2018-12-07 04:31:19|  11.9|  0.2|INFORM|Committed transaction at feature '52000'
2018-12-07 04:31:19|  12.0|  0.1|INFORM|Reading source feature # 52500
2018-12-07 04:31:20|  12.0|  0.1|INFORM|Committed transaction at feature '53000'
2018-12-07 04:31:20|  12.2|  0.2|INFORM|Committed transaction at feature '54000'
2018-12-07 04:31:20|  12.4|  0.2|INFORM|Reading source feature # 55000
2018-12-07 04:31:20|  12.4|  0.0|INFORM|Committed transaction at feature '55000'
2018-12-07 04:31:20|  12.5|  0.2|INFORM|Committed transaction at feature '56000'
2018-12-07 04:31:21|  12.7|  0.2|INFORM|Committed transaction at feature '57000'
2018-12-07 04:31:21|  12.8|  0.1|INFORM|Reading source feature # 57500
2018-12-07 04:31:21|  12.9|  0.1|INFORM|Committed transaction at feature '58000'
2018-12-07 04:31:21|  13.0|  0.2|INFORM|Committed transaction at feature '59000'
2018-12-07 04:31:21|  13.2|  0.2|INFORM|Reading source feature # 60000
2018-12-07 04:31:21|  13.2|  0.0|INFORM|Committed transaction at feature '60000'
2018-12-07 04:31:22|  13.4|  0.2|INFORM|Committed transaction at feature '61000'
2018-12-07 04:31:22|  13.5|  0.2|INFORM|Committed transaction at feature '62000'
2018-12-07 04:31:22|  13.6|  0.1|INFORM|Reading source feature # 62500
2018-12-07 04:31:22|  13.7|  0.1|INFORM|Committed transaction at feature '63000'
2018-12-07 04:31:22|  13.9|  0.2|INFORM|Committed transaction at feature '64000'
2018-12-07 04:31:23|  14.1|  0.2|INFORM|Reading source feature # 65000
2018-12-07 04:31:23|  14.1|  0.0|INFORM|Committed transaction at feature '65000'
2018-12-07 04:31:23|  14.3|  0.2|INFORM|Committed transaction at feature '66000'
2018-12-07 04:31:23|  14.4|  0.2|INFORM|Committed transaction at feature '67000'
2018-12-07 04:31:23|  14.5|  0.1|INFORM|Reading source feature # 67500
2018-12-07 04:31:23|  14.6|  0.1|INFORM|Committed transaction at feature '68000'
2018-12-07 04:31:24|  14.7|  0.1|INFORM|Committed transaction at feature '69000'
2018-12-07 04:31:24|  14.9|  0.2|INFORM|Reading source feature # 70000
2018-12-07 04:31:24|  14.9|  0.0|INFORM|Committed transaction at feature '70000'
2018-12-07 04:31:24|  15.1|  0.2|INFORM|Committed transaction at feature '71000'
2018-12-07 04:31:24|  15.2|  0.2|INFORM|Committed transaction at feature '72000'
2018-12-07 04:31:24|  15.3|  0.1|INFORM|Reading source feature # 72500
2018-12-07 04:31:25|  15.4|  0.1|INFORM|Committed transaction at feature '73000'
2018-12-07 04:31:25|  15.6|  0.2|INFORM|Committed transaction at feature '74000'
2018-12-07 04:31:25|  15.8|  0.2|INFORM|Reading source feature # 75000
2018-12-07 04:31:25|  15.8|  0.0|INFORM|Committed transaction at feature '75000'
2018-12-07 04:31:25|  15.9|  0.2|INFORM|Committed transaction at feature '76000'
2018-12-07 04:31:26|  16.1|  0.2|INFORM|Committed transaction at feature '77000'
2018-12-07 04:31:26|  16.2|  0.1|INFORM|Reading source feature # 77500
2018-12-07 04:31:26|  16.3|  0.1|INFORM|Committed transaction at feature '78000'
2018-12-07 04:31:26|  16.4|  0.2|INFORM|Committed transaction at feature '79000'
2018-12-07 04:31:26|  16.6|  0.2|INFORM|Reading source feature # 80000
2018-12-07 04:31:26|  16.6|  0.0|INFORM|Committed transaction at feature '80000'
2018-12-07 04:31:26|  16.8|  0.2|INFORM|Committed transaction at feature '81000'
2018-12-07 04:31:27|  16.9|  0.2|INFORM|Committed transaction at feature '82000'
2018-12-07 04:31:27|  17.0|  0.1|INFORM|Reading source feature # 82500
2018-12-07 04:31:27|  17.1|  0.1|INFORM|Committed transaction at feature '83000'
2018-12-07 04:31:27|  17.3|  0.2|INFORM|Committed transaction at feature '84000'
2018-12-07 04:31:27|  17.4|  0.2|INFORM|Reading source feature # 85000
2018-12-07 04:31:27|  17.4|  0.0|INFORM|Committed transaction at feature '85000'
2018-12-07 04:31:28|  17.6|  0.2|INFORM|Committed transaction at feature '86000'
2018-12-07 04:31:28|  17.8|  0.2|INFORM|Committed transaction at feature '87000'
2018-12-07 04:31:28|  17.9|  0.1|INFORM|Reading source feature # 87500
2018-12-07 04:31:28|  18.0|  0.1|INFORM|Committed transaction at feature '88000'
2018-12-07 04:31:28|  18.1|  0.1|INFORM|Committed transaction at feature '89000'
2018-12-07 04:31:29|  18.3|  0.2|INFORM|Reading source feature # 90000
2018-12-07 04:31:29|  18.3|  0.0|INFORM|Committed transaction at feature '90000'
2018-12-07 04:31:29|  18.5|  0.2|INFORM|Committed transaction at feature '91000'
2018-12-07 04:31:29|  18.6|  0.2|INFORM|Committed transaction at feature '92000'
2018-12-07 04:31:29|  18.7|  0.1|INFORM|Reading source feature # 92500
2018-12-07 04:31:29|  18.8|  0.1|INFORM|Committed transaction at feature '93000'
2018-12-07 04:31:30|  19.0|  0.2|INFORM|Committed transaction at feature '94000'
2018-12-07 04:31:30|  19.2|  0.2|INFORM|Reading source feature # 95000
2018-12-07 04:31:30|  19.2|  0.0|INFORM|Committed transaction at feature '95000'
2018-12-07 04:31:30|  19.4|  0.2|INFORM|Committed transaction at feature '96000'
2018-12-07 04:31:31|  19.6|  0.2|INFORM|Committed transaction at feature '97000'
2018-12-07 04:31:31|  19.7|  0.1|INFORM|Reading source feature # 97500
2018-12-07 04:31:31|  19.8|  0.1|INFORM|Committed transaction at feature '98000'
2018-12-07 04:31:31|  19.9|  0.2|INFORM|Committed transaction at feature '99000'
2018-12-07 04:31:31|  20.1|  0.2|INFORM|Reading source feature # 100000
2018-12-07 04:31:31|  20.1|  0.0|INFORM|Committed transaction at feature '100000'
2018-12-07 04:31:32|  20.3|  0.2|INFORM|Committed transaction at feature '101000'
2018-12-07 04:31:32|  20.5|  0.2|INFORM|Committed transaction at feature '102000'
2018-12-07 04:31:32|  20.5|  0.1|INFORM|Reading source feature # 102500
2018-12-07 04:31:32|  20.6|  0.1|INFORM|Committed transaction at feature '103000'
2018-12-07 04:31:32|  20.8|  0.2|INFORM|Committed transaction at feature '104000'
2018-12-07 04:31:32|  21.0|  0.2|INFORM|Reading source feature # 105000
2018-12-07 04:31:32|  21.0|  0.0|INFORM|Committed transaction at feature '105000'
2018-12-07 04:31:33|  21.1|  0.1|INFORM|Committed transaction at feature '106000'
2018-12-07 04:31:33|  21.3|  0.2|INFORM|Committed transaction at feature '107000'
2018-12-07 04:31:33|  21.4|  0.1|INFORM|Reading source feature # 107500
2018-12-07 04:31:33|  21.4|  0.1|INFORM|Committed transaction at feature '108000'
2018-12-07 04:31:33|  21.6|  0.2|INFORM|Committed transaction at feature '109000'
2018-12-07 04:31:34|  21.8|  0.2|INFORM|Reading source feature # 110000
2018-12-07 04:31:34|  21.8|  0.0|INFORM|Committed transaction at feature '110000'
2018-12-07 04:31:34|  21.9|  0.2|INFORM|Committed transaction at feature '111000'
2018-12-07 04:31:34|  22.1|  0.2|INFORM|Committed transaction at feature '112000'
2018-12-07 04:31:34|  22.2|  0.1|INFORM|Reading source feature # 112500
2018-12-07 04:31:34|  22.3|  0.1|INFORM|Committed transaction at feature '113000'
2018-12-07 04:31:35|  22.4|  0.2|INFORM|Committed transaction at feature '114000'
2018-12-07 04:31:35|  22.6|  0.2|INFORM|Reading source feature # 115000
2018-12-07 04:31:35|  22.6|  0.0|INFORM|Committed transaction at feature '115000'
2018-12-07 04:31:35|  22.8|  0.2|INFORM|Committed transaction at feature '116000'
2018-12-07 04:31:35|  22.9|  0.2|INFORM|Committed transaction at feature '117000'
2018-12-07 04:31:35|  23.0|  0.1|INFORM|Reading source feature # 117500
2018-12-07 04:31:36|  23.1|  0.1|INFORM|Committed transaction at feature '118000'
2018-12-07 04:31:36|  23.3|  0.2|INFORM|Committed transaction at feature '119000'
2018-12-07 04:31:36|  23.4|  0.2|INFORM|Reading source feature # 120000
2018-12-07 04:31:36|  23.4|  0.0|INFORM|Committed transaction at feature '120000'
2018-12-07 04:31:36|  23.6|  0.2|INFORM|Committed transaction at feature '121000'
2018-12-07 04:31:36|  23.8|  0.2|INFORM|Committed transaction at feature '122000'
2018-12-07 04:31:37|  23.9|  0.1|INFORM|Reading source feature # 122500
2018-12-07 04:31:37|  24.0|  0.1|INFORM|Committed transaction at feature '123000'
2018-12-07 04:31:37|  24.2|  0.2|INFORM|Committed transaction at feature '124000'
2018-12-07 04:31:37|  24.3|  0.2|INFORM|Reading source feature # 125000
2018-12-07 04:31:37|  24.3|  0.0|INFORM|Committed transaction at feature '125000'
2018-12-07 04:31:38|  24.5|  0.2|INFORM|Committed transaction at feature '126000'
2018-12-07 04:31:38|  24.7|  0.2|INFORM|Committed transaction at feature '127000'
2018-12-07 04:31:38|  24.8|  0.1|INFORM|Reading source feature # 127500
2018-12-07 04:31:38|  24.8|  0.1|INFORM|Committed transaction at feature '128000'
2018-12-07 04:31:38|  25.0|  0.2|INFORM|Committed transaction at feature '129000'
2018-12-07 04:31:39|  25.2|  0.2|INFORM|Reading source feature # 130000
2018-12-07 04:31:39|  25.2|  0.0|INFORM|Committed transaction at feature '130000'
2018-12-07 04:31:39|  25.4|  0.2|INFORM|Committed transaction at feature '131000'
2018-12-07 04:31:39|  25.6|  0.2|INFORM|Committed transaction at feature '132000'
2018-12-07 04:31:39|  25.6|  0.1|INFORM|Reading source feature # 132500
2018-12-07 04:31:39|  25.7|  0.1|INFORM|Committed transaction at feature '133000'
2018-12-07 04:31:40|  25.9|  0.2|INFORM|Committed transaction at feature '134000'
2018-12-07 04:31:40|  26.1|  0.2|INFORM|Reading source feature # 135000
2018-12-07 04:31:40|  26.1|  0.0|INFORM|Committed transaction at feature '135000'
2018-12-07 04:31:40|  26.3|  0.2|INFORM|Committed transaction at feature '136000'
2018-12-07 04:31:40|  26.5|  0.2|INFORM|Committed transaction at feature '137000'
2018-12-07 04:31:40|  26.5|  0.1|INFORM|Reading source feature # 137500
2018-12-07 04:31:41|  26.6|  0.1|INFORM|Committed transaction at feature '138000'
2018-12-07 04:31:41|  26.8|  0.2|INFORM|Committed transaction at feature '139000'
2018-12-07 04:31:41|  27.0|  0.2|INFORM|Reading source feature # 140000
2018-12-07 04:31:41|  27.0|  0.0|INFORM|Committed transaction at feature '140000'
2018-12-07 04:31:41|  27.1|  0.2|INFORM|Committed transaction at feature '141000'
2018-12-07 04:31:42|  27.3|  0.2|INFORM|Committed transaction at feature '142000'
2018-12-07 04:31:42|  27.4|  0.1|INFORM|Reading source feature # 142500
2018-12-07 04:31:42|  27.5|  0.1|INFORM|Committed transaction at feature '143000'
2018-12-07 04:31:42|  27.7|  0.2|INFORM|Committed transaction at feature '144000'
2018-12-07 04:31:42|  27.8|  0.2|INFORM|Reading source feature # 145000
2018-12-07 04:31:42|  27.8|  0.0|INFORM|Committed transaction at feature '145000'
2018-12-07 04:31:43|  28.0|  0.2|INFORM|Committed transaction at feature '146000'
2018-12-07 04:31:43|  28.2|  0.2|INFORM|Committed transaction at feature '147000'
2018-12-07 04:31:43|  28.3|  0.1|INFORM|Reading source feature # 147500
2018-12-07 04:31:43|  28.4|  0.1|INFORM|Committed transaction at feature '148000'
2018-12-07 04:31:44|  28.6|  0.2|INFORM|Committed transaction at feature '149000'
2018-12-07 04:31:44|  28.7|  0.2|INFORM|Reading source feature # 150000
2018-12-07 04:31:44|  28.7|  0.0|INFORM|Committed transaction at feature '150000'
2018-12-07 04:31:44|  28.9|  0.2|INFORM|Committed transaction at feature '151000'
2018-12-07 04:31:44|  29.1|  0.2|INFORM|Committed transaction at feature '152000'
2018-12-07 04:31:45|  29.2|  0.1|INFORM|Reading source feature # 152500
2018-12-07 04:31:45|  29.3|  0.1|INFORM|Committed transaction at feature '153000'
2018-12-07 04:31:45|  29.4|  0.2|INFORM|Committed transaction at feature '154000'
2018-12-07 04:31:45|  29.6|  0.2|INFORM|Reading source feature # 155000
2018-12-07 04:31:45|  29.6|  0.0|INFORM|Committed transaction at feature '155000'
2018-12-07 04:31:46|  29.8|  0.2|INFORM|Committed transaction at feature '156000'
2018-12-07 04:31:46|  29.9|  0.2|INFORM|Committed transaction at feature '157000'
2018-12-07 04:31:46|  30.0|  0.1|INFORM|Reading source feature # 157500
2018-12-07 04:31:46|  30.1|  0.1|INFORM|Committed transaction at feature '158000'
2018-12-07 04:31:47|  30.3|  0.2|INFORM|Committed transaction at feature '159000'
2018-12-07 04:31:47|  30.5|  0.2|INFORM|Reading source feature # 160000
2018-12-07 04:31:47|  30.5|  0.0|INFORM|Committed transaction at feature '160000'
2018-12-07 04:31:47|  30.7|  0.2|INFORM|Committed transaction at feature '161000'
2018-12-07 04:31:47|  30.8|  0.2|INFORM|Committed transaction at feature '162000'
2018-12-07 04:31:47|  30.9|  0.1|INFORM|Reading source feature # 162500
2018-12-07 04:31:48|  31.0|  0.1|INFORM|Committed transaction at feature '163000'
2018-12-07 04:31:48|  31.2|  0.2|INFORM|Committed transaction at feature '164000'
2018-12-07 04:31:48|  31.4|  0.2|INFORM|Reading source feature # 165000
2018-12-07 04:31:48|  31.4|  0.0|INFORM|Committed transaction at feature '165000'
2018-12-07 04:31:48|  31.6|  0.2|INFORM|Committed transaction at feature '166000'
2018-12-07 04:31:49|  31.8|  0.2|INFORM|Committed transaction at feature '167000'
2018-12-07 04:31:49|  31.9|  0.1|INFORM|Reading source feature # 167500
2018-12-07 04:31:49|  32.0|  0.1|INFORM|Committed transaction at feature '168000'
2018-12-07 04:31:49|  32.2|  0.2|INFORM|Committed transaction at feature '169000'
2018-12-07 04:31:49|  32.3|  0.2|INFORM|Reading source feature # 170000
2018-12-07 04:31:49|  32.3|  0.0|INFORM|Committed transaction at feature '170000'
2018-12-07 04:31:50|  32.5|  0.2|INFORM|Committed transaction at feature '171000'
2018-12-07 04:31:50|  32.7|  0.2|INFORM|Committed transaction at feature '172000'
2018-12-07 04:31:50|  32.8|  0.1|INFORM|Reading source feature # 172500
2018-12-07 04:31:50|  32.9|  0.1|INFORM|Committed transaction at feature '173000'
2018-12-07 04:31:50|  33.0|  0.2|INFORM|Committed transaction at feature '174000'
2018-12-07 04:31:50|  33.2|  0.1|INFORM|Reading source feature # 175000
2018-12-07 04:31:50|  33.2|  0.0|INFORM|Committed transaction at feature '175000'
2018-12-07 04:31:51|  33.3|  0.2|INFORM|Committed transaction at feature '176000'
2018-12-07 04:31:51|  33.5|  0.2|INFORM|Committed transaction at feature '177000'
2018-12-07 04:31:51|  33.6|  0.1|INFORM|Reading source feature # 177500
2018-12-07 04:31:51|  33.7|  0.1|INFORM|Committed transaction at feature '178000'
2018-12-07 04:31:51|  33.9|  0.2|INFORM|Committed transaction at feature '179000'
2018-12-07 04:31:52|  34.1|  0.2|INFORM|Reading source feature # 180000
2018-12-07 04:31:52|  34.1|  0.0|INFORM|Committed transaction at feature '180000'
2018-12-07 04:31:52|  34.3|  0.2|INFORM|Committed transaction at feature '181000'
2018-12-07 04:31:52|  34.4|  0.2|INFORM|Committed transaction at feature '182000'
2018-12-07 04:31:52|  34.5|  0.1|INFORM|Reading source feature # 182500
2018-12-07 04:31:52|  34.6|  0.1|INFORM|Committed transaction at feature '183000'
2018-12-07 04:31:53|  34.8|  0.2|INFORM|Committed transaction at feature '184000'
2018-12-07 04:31:53|  35.0|  0.2|INFORM|Reading source feature # 185000
2018-12-07 04:31:53|  35.0|  0.0|INFORM|Committed transaction at feature '185000'
2018-12-07 04:31:53|  35.1|  0.2|INFORM|Committed transaction at feature '186000'
2018-12-07 04:31:53|  35.3|  0.2|INFORM|Committed transaction at feature '187000'
2018-12-07 04:31:53|  35.4|  0.1|INFORM|Reading source feature # 187500
2018-12-07 04:31:54|  35.5|  0.1|INFORM|Committed transaction at feature '188000'
2018-12-07 04:31:54|  35.6|  0.2|INFORM|Committed transaction at feature '189000'
2018-12-07 04:31:54|  35.8|  0.2|INFORM|Reading source feature # 190000
2018-12-07 04:31:54|  35.8|  0.0|INFORM|Committed transaction at feature '190000'
2018-12-07 04:31:55|  36.0|  0.2|INFORM|Committed transaction at feature '191000'
2018-12-07 04:31:55|  36.2|  0.2|INFORM|Committed transaction at feature '192000'
2018-12-07 04:31:55|  36.3|  0.1|INFORM|Reading source feature # 192500
2018-12-07 04:31:55|  36.3|  0.1|INFORM|Committed transaction at feature '193000'
2018-12-07 04:31:55|  36.5|  0.2|INFORM|Committed transaction at feature '194000'
2018-12-07 04:31:55|  36.7|  0.2|INFORM|Reading source feature # 195000
2018-12-07 04:31:56|  36.7|  0.0|INFORM|Committed transaction at feature '195000'
2018-12-07 04:31:56|  36.9|  0.2|INFORM|Committed transaction at feature '196000'
2018-12-07 04:31:56|  37.0|  0.1|INFORM|Committed transaction at feature '197000'
2018-12-07 04:31:56|  37.1|  0.1|INFORM|Reading source feature # 197500
2018-12-07 04:31:56|  37.2|  0.1|INFORM|Committed transaction at feature '198000'
2018-12-07 04:31:56|  37.3|  0.2|INFORM|Committed transaction at feature '199000'
2018-12-07 04:31:57|  37.5|  0.2|INFORM|Reading source feature # 200000
2018-12-07 04:31:57|  37.5|  0.0|INFORM|Committed transaction at feature '200000'
2018-12-07 04:31:57|  37.7|  0.2|INFORM|Committed transaction at feature '201000'
2018-12-07 04:31:57|  37.8|  0.1|INFORM|Committed transaction at feature '202000'
2018-12-07 04:31:57|  37.9|  0.1|INFORM|Reading source feature # 202500
2018-12-07 04:31:57|  38.0|  0.1|INFORM|Committed transaction at feature '203000'
2018-12-07 04:31:58|  38.1|  0.1|INFORM|Committed transaction at feature '204000'
2018-12-07 04:31:58|  38.3|  0.2|INFORM|Reading source feature # 205000
2018-12-07 04:31:58|  38.3|  0.0|INFORM|Committed transaction at feature '205000'
2018-12-07 04:31:58|  38.4|  0.2|INFORM|Committed transaction at feature '206000'
2018-12-07 04:31:58|  38.6|  0.2|INFORM|Committed transaction at feature '207000'
2018-12-07 04:31:58|  38.7|  0.1|INFORM|Reading source feature # 207500
2018-12-07 04:31:58|  38.8|  0.1|INFORM|Committed transaction at feature '208000'
2018-12-07 04:31:59|  38.9|  0.2|INFORM|Committed transaction at feature '209000'
2018-12-07 04:31:59|  39.1|  0.2|INFORM|Reading source feature # 210000
2018-12-07 04:31:59|  39.1|  0.0|INFORM|Committed transaction at feature '210000'
2018-12-07 04:31:59|  39.3|  0.2|INFORM|Committed transaction at feature '211000'
2018-12-07 04:31:59|  39.4|  0.2|INFORM|Committed transaction at feature '212000'
2018-12-07 04:31:59|  39.5|  0.1|INFORM|Reading source feature # 212500
2018-12-07 04:32:00|  39.6|  0.1|INFORM|Committed transaction at feature '213000'
2018-12-07 04:32:00|  39.8|  0.2|INFORM|Committed transaction at feature '214000'
2018-12-07 04:32:00|  40.0|  0.2|INFORM|Reading source feature # 215000
2018-12-07 04:32:00|  40.0|  0.0|INFORM|Committed transaction at feature '215000'
2018-12-07 04:32:00|  40.1|  0.2|INFORM|Committed transaction at feature '216000'
2018-12-07 04:32:01|  40.3|  0.2|INFORM|Committed transaction at feature '217000'
2018-12-07 04:32:01|  40.4|  0.1|INFORM|Reading source feature # 217500
2018-12-07 04:32:01|  40.5|  0.1|INFORM|Committed transaction at feature '218000'
2018-12-07 04:32:01|  40.7|  0.2|INFORM|Committed transaction at feature '219000'
2018-12-07 04:32:01|  40.9|  0.2|INFORM|Reading source feature # 220000
2018-12-07 04:32:01|  40.9|  0.0|INFORM|Committed transaction at feature '220000'
2018-12-07 04:32:02|  41.0|  0.2|INFORM|Committed transaction at feature '221000'
2018-12-07 04:32:02|  41.2|  0.1|INFORM|Committed transaction at feature '222000'
2018-12-07 04:32:02|  41.3|  0.1|INFORM|Reading source feature # 222500
2018-12-07 04:32:02|  41.3|  0.1|INFORM|Committed transaction at feature '223000'
2018-12-07 04:32:02|  41.5|  0.2|INFORM|Committed transaction at feature '224000'
2018-12-07 04:32:03|  41.7|  0.2|INFORM|Reading source feature # 225000
2018-12-07 04:32:03|  41.7|  0.0|INFORM|Committed transaction at feature '225000'
2018-12-07 04:32:03|  41.9|  0.2|INFORM|Committed transaction at feature '226000'
2018-12-07 04:32:03|  42.0|  0.2|INFORM|Committed transaction at feature '227000'
2018-12-07 04:32:03|  42.1|  0.1|INFORM|Reading source feature # 227500
2018-12-07 04:32:03|  42.2|  0.1|INFORM|Committed transaction at feature '228000'
2018-12-07 04:32:04|  42.4|  0.2|INFORM|Committed transaction at feature '229000'
2018-12-07 04:32:04|  42.5|  0.2|INFORM|Reading source feature # 230000
2018-12-07 04:32:04|  42.5|  0.0|INFORM|Committed transaction at feature '230000'
2018-12-07 04:32:04|  42.7|  0.2|INFORM|Committed transaction at feature '231000'
2018-12-07 04:32:04|  43.0|  0.2|INFORM|Committed transaction at feature '232000'
2018-12-07 04:32:05|  43.1|  0.1|INFORM|Reading source feature # 232500
2018-12-07 04:32:05|  43.2|  0.1|INFORM|Committed transaction at feature '233000'
2018-12-07 04:32:05|  43.3|  0.1|INFORM|Committed transaction at feature '234000'
2018-12-07 04:32:05|  43.5|  0.2|INFORM|Reading source feature # 235000
2018-12-07 04:32:05|  43.5|  0.0|INFORM|Committed transaction at feature '235000'
2018-12-07 04:32:05|  43.7|  0.2|INFORM|Committed transaction at feature '236000'
2018-12-07 04:32:06|  43.8|  0.2|INFORM|Committed transaction at feature '237000'
2018-12-07 04:32:06|  43.9|  0.1|INFORM|Reading source feature # 237500
2018-12-07 04:32:06|  44.0|  0.1|INFORM|Committed transaction at feature '238000'
2018-12-07 04:32:06|  44.2|  0.2|INFORM|Committed transaction at feature '239000'
2018-12-07 04:32:06|  44.3|  0.2|INFORM|Reading source feature # 240000
2018-12-07 04:32:06|  44.3|  0.0|INFORM|Committed transaction at feature '240000'
2018-12-07 04:32:07|  44.5|  0.2|INFORM|Committed transaction at feature '241000'
2018-12-07 04:32:07|  44.7|  0.2|INFORM|Committed transaction at feature '242000'
2018-12-07 04:32:07|  44.7|  0.1|INFORM|Reading source feature # 242500
2018-12-07 04:32:07|  44.8|  0.1|INFORM|Committed transaction at feature '243000'
2018-12-07 04:32:07|  45.0|  0.2|INFORM|Committed transaction at feature '244000'
2018-12-07 04:32:07|  45.2|  0.2|INFORM|Reading source feature # 245000
2018-12-07 04:32:07|  45.2|  0.0|INFORM|Committed transaction at feature '245000'
2018-12-07 04:32:08|  45.3|  0.2|INFORM|Committed transaction at feature '246000'
2018-12-07 04:32:08|  45.5|  0.2|INFORM|Committed transaction at feature '247000'
2018-12-07 04:32:08|  45.6|  0.1|INFORM|Reading source feature # 247500
2018-12-07 04:32:08|  45.7|  0.1|INFORM|Committed transaction at feature '248000'
2018-12-07 04:32:08|  45.8|  0.2|INFORM|Committed transaction at feature '249000'
2018-12-07 04:32:09|  46.0|  0.2|INFORM|Reading source feature # 250000
2018-12-07 04:32:09|  46.0|  0.0|INFORM|Committed transaction at feature '250000'
2018-12-07 04:32:09|  46.2|  0.2|INFORM|Committed transaction at feature '251000'
2018-12-07 04:32:09|  46.4|  0.2|INFORM|Committed transaction at feature '252000'
2018-12-07 04:32:09|  46.5|  0.1|INFORM|Reading source feature # 252500
2018-12-07 04:32:09|  46.6|  0.1|INFORM|Committed transaction at feature '253000'
2018-12-07 04:32:10|  46.8|  0.2|INFORM|Committed transaction at feature '254000'
2018-12-07 04:32:10|  46.9|  0.2|INFORM|Reading source feature # 255000
2018-12-07 04:32:10|  46.9|  0.0|INFORM|Committed transaction at feature '255000'
2018-12-07 04:32:10|  47.1|  0.2|INFORM|Committed transaction at feature '256000'
2018-12-07 04:32:10|  47.3|  0.2|INFORM|Committed transaction at feature '257000'
2018-12-07 04:32:10|  47.3|  0.1|INFORM|Reading source feature # 257500
2018-12-07 04:32:11|  47.4|  0.1|INFORM|Committed transaction at feature '258000'
2018-12-07 04:32:11|  47.6|  0.2|INFORM|Committed transaction at feature '259000'
2018-12-07 04:32:11|  47.8|  0.2|INFORM|Reading source feature # 260000
2018-12-07 04:32:11|  47.8|  0.0|INFORM|Committed transaction at feature '260000'
2018-12-07 04:32:11|  47.9|  0.2|INFORM|Committed transaction at feature '261000'
2018-12-07 04:32:11|  48.1|  0.2|INFORM|Committed transaction at feature '262000'
2018-12-07 04:32:12|  48.2|  0.1|INFORM|Reading source feature # 262500
2018-12-07 04:32:12|  48.3|  0.1|INFORM|Committed transaction at feature '263000'
2018-12-07 04:32:12|  48.5|  0.2|INFORM|Committed transaction at feature '264000'
2018-12-07 04:32:12|  48.6|  0.2|INFORM|Reading source feature # 265000
2018-12-07 04:32:12|  48.6|  0.0|INFORM|Committed transaction at feature '265000'
2018-12-07 04:32:12|  48.8|  0.2|INFORM|Committed transaction at feature '266000'
2018-12-07 04:32:13|  49.0|  0.2|INFORM|Committed transaction at feature '267000'
2018-12-07 04:32:13|  49.1|  0.1|INFORM|Reading source feature # 267500
2018-12-07 04:32:13|  49.2|  0.1|INFORM|Committed transaction at feature '268000'
2018-12-07 04:32:13|  49.5|  0.2|INFORM|Committed transaction at feature '269000'
2018-12-07 04:32:13|  49.6|  0.2|INFORM|Reading source feature # 270000
2018-12-07 04:32:13|  49.6|  0.0|INFORM|Committed transaction at feature '270000'
2018-12-07 04:32:14|  49.8|  0.2|INFORM|Committed transaction at feature '271000'
2018-12-07 04:32:14|  50.0|  0.2|INFORM|Committed transaction at feature '272000'
2018-12-07 04:32:14|  50.2|  0.1|INFORM|Reading source feature # 272500
2018-12-07 04:32:14|  50.3|  0.1|INFORM|Committed transaction at feature '273000'
2018-12-07 04:32:14|  50.5|  0.2|INFORM|Committed transaction at feature '274000'
2018-12-07 04:32:15|  50.6|  0.2|INFORM|Reading source feature # 275000
2018-12-07 04:32:15|  50.6|  0.0|INFORM|Committed transaction at feature '275000'
2018-12-07 04:32:15|  50.8|  0.2|INFORM|Committed transaction at feature '276000'
2018-12-07 04:32:15|  51.0|  0.2|INFORM|Committed transaction at feature '277000'
2018-12-07 04:32:15|  51.1|  0.1|INFORM|Reading source feature # 277500
2018-12-07 04:32:15|  51.1|  0.1|INFORM|Committed transaction at feature '278000'
2018-12-07 04:32:16|  51.3|  0.2|INFORM|Committed transaction at feature '279000'
2018-12-07 04:32:16|  51.5|  0.2|INFORM|Reading source feature # 280000
2018-12-07 04:32:16|  51.5|  0.0|INFORM|Committed transaction at feature '280000'
2018-12-07 04:32:16|  51.6|  0.2|INFORM|Committed transaction at feature '281000'
2018-12-07 04:32:16|  51.8|  0.2|INFORM|Committed transaction at feature '282000'
2018-12-07 04:32:16|  51.9|  0.1|INFORM|Reading source feature # 282500
2018-12-07 04:32:17|  52.0|  0.1|INFORM|Committed transaction at feature '283000'
2018-12-07 04:32:17|  52.2|  0.2|INFORM|Committed transaction at feature '284000'
2018-12-07 04:32:17|  52.3|  0.2|INFORM|Reading source feature # 285000
2018-12-07 04:32:17|  52.3|  0.0|INFORM|Committed transaction at feature '285000'
2018-12-07 04:32:17|  52.5|  0.2|INFORM|Committed transaction at feature '286000'
2018-12-07 04:32:18|  52.7|  0.2|INFORM|Committed transaction at feature '287000'
2018-12-07 04:32:18|  52.8|  0.1|INFORM|Reading source feature # 287500
2018-12-07 04:32:18|  52.9|  0.1|INFORM|Committed transaction at feature '288000'
2018-12-07 04:32:18|  53.1|  0.2|INFORM|Committed transaction at feature '289000'
2018-12-07 04:32:18|  53.3|  0.2|INFORM|Reading source feature # 290000
2018-12-07 04:32:18|  53.3|  0.0|INFORM|Committed transaction at feature '290000'
2018-12-07 04:32:19|  53.4|  0.2|INFORM|Committed transaction at feature '291000'
2018-12-07 04:32:19|  53.6|  0.2|INFORM|Committed transaction at feature '292000'
2018-12-07 04:32:19|  53.7|  0.1|INFORM|Reading source feature # 292500
2018-12-07 04:32:19|  53.8|  0.1|INFORM|Committed transaction at feature '293000'
2018-12-07 04:32:19|  53.9|  0.1|INFORM|Committed transaction at feature '294000'
2018-12-07 04:32:19|  54.1|  0.1|INFORM|Reading source feature # 295000
2018-12-07 04:32:19|  54.1|  0.0|INFORM|Committed transaction at feature '295000'
2018-12-07 04:32:20|  54.2|  0.1|INFORM|Committed transaction at feature '296000'
2018-12-07 04:32:20|  54.4|  0.2|INFORM|Committed transaction at feature '297000'
2018-12-07 04:32:20|  54.5|  0.1|INFORM|Reading source feature # 297500
2018-12-07 04:32:20|  54.6|  0.1|INFORM|Committed transaction at feature '298000'
2018-12-07 04:32:20|  54.8|  0.2|INFORM|Committed transaction at feature '299000'
2018-12-07 04:32:21|  54.9|  0.2|INFORM|Reading source feature # 300000
2018-12-07 04:32:21|  54.9|  0.0|INFORM|Committed transaction at feature '300000'
2018-12-07 04:32:21|  55.1|  0.2|INFORM|Committed transaction at feature '301000'
2018-12-07 04:32:21|  55.3|  0.2|INFORM|Committed transaction at feature '302000'
2018-12-07 04:32:21|  55.4|  0.1|INFORM|Reading source feature # 302500
2018-12-07 04:32:21|  55.5|  0.1|INFORM|Committed transaction at feature '303000'
2018-12-07 04:32:22|  55.6|  0.2|INFORM|Committed transaction at feature '304000'
2018-12-07 04:32:22|  55.8|  0.2|INFORM|Reading source feature # 305000
2018-12-07 04:32:22|  55.8|  0.0|INFORM|Committed transaction at feature '305000'
2018-12-07 04:32:22|  56.0|  0.2|INFORM|Committed transaction at feature '306000'
2018-12-07 04:32:22|  56.2|  0.2|INFORM|Committed transaction at feature '307000'
2018-12-07 04:32:22|  56.3|  0.1|INFORM|Reading source feature # 307500
2018-12-07 04:32:22|  56.3|  0.1|INFORM|Committed transaction at feature '308000'
2018-12-07 04:32:23|  56.5|  0.2|INFORM|Committed transaction at feature '309000'
2018-12-07 04:32:23|  56.7|  0.2|INFORM|Reading source feature # 310000
2018-12-07 04:32:23|  56.7|  0.0|INFORM|Committed transaction at feature '310000'
2018-12-07 04:32:23|  56.8|  0.1|INFORM|Committed transaction at feature '311000'
2018-12-07 04:32:23|  57.0|  0.2|INFORM|Committed transaction at feature '312000'
2018-12-07 04:32:24|  57.1|  0.1|INFORM|Reading source feature # 312500
2018-12-07 04:32:24|  57.2|  0.1|INFORM|Committed transaction at feature '313000'
2018-12-07 04:32:24|  57.3|  0.2|INFORM|Committed transaction at feature '314000'
2018-12-07 04:32:24|  57.5|  0.2|INFORM|Reading source feature # 315000
2018-12-07 04:32:24|  57.5|  0.0|INFORM|Committed transaction at feature '315000'
2018-12-07 04:32:24|  57.6|  0.2|INFORM|Committed transaction at feature '316000'
2018-12-07 04:32:25|  57.8|  0.2|INFORM|Committed transaction at feature '317000'
2018-12-07 04:32:25|  57.9|  0.1|INFORM|Reading source feature # 317500
2018-12-07 04:32:25|  58.0|  0.1|INFORM|Committed transaction at feature '318000'
2018-12-07 04:32:25|  58.1|  0.2|INFORM|Committed transaction at feature '319000'
2018-12-07 04:32:25|  58.3|  0.2|INFORM|Reading source feature # 320000
2018-12-07 04:32:25|  58.3|  0.0|INFORM|Committed transaction at feature '320000'
2018-12-07 04:32:26|  58.5|  0.2|INFORM|Committed transaction at feature '321000'
2018-12-07 04:32:26|  58.6|  0.1|INFORM|Committed transaction at feature '322000'
2018-12-07 04:32:26|  58.7|  0.1|INFORM|Reading source feature # 322500
2018-12-07 04:32:26|  58.8|  0.1|INFORM|Committed transaction at feature '323000'
2018-12-07 04:32:26|  58.9|  0.2|INFORM|Committed transaction at feature '324000'
2018-12-07 04:32:26|  59.1|  0.1|INFORM|Reading source feature # 325000
2018-12-07 04:32:26|  59.1|  0.0|INFORM|Committed transaction at feature '325000'
2018-12-07 04:32:27|  59.2|  0.1|INFORM|Committed transaction at feature '326000'
2018-12-07 04:32:27|  59.4|  0.1|INFORM|Committed transaction at feature '327000'
2018-12-07 04:32:27|  59.4|  0.1|INFORM|Reading source feature # 327500
2018-12-07 04:32:27|  59.5|  0.1|INFORM|Committed transaction at feature '328000'
2018-12-07 04:32:27|  59.7|  0.2|INFORM|Committed transaction at feature '329000'
2018-12-07 04:32:27|  59.8|  0.1|INFORM|Reading source feature # 330000
2018-12-07 04:32:27|  59.8|  0.0|INFORM|Committed transaction at feature '330000'
2018-12-07 04:32:28|  59.9|  0.1|INFORM|Committed transaction at feature '331000'
2018-12-07 04:32:28|  60.1|  0.2|INFORM|Committed transaction at feature '332000'
2018-12-07 04:32:28|  60.2|  0.1|INFORM|Reading source feature # 332500
2018-12-07 04:32:28|  60.2|  0.1|INFORM|Committed transaction at feature '333000'
2018-12-07 04:32:28|  60.4|  0.1|INFORM|Committed transaction at feature '334000'
2018-12-07 04:32:28|  60.5|  0.1|INFORM|Reading source feature # 335000
2018-12-07 04:32:28|  60.5|  0.0|INFORM|Committed transaction at feature '335000'
2018-12-07 04:32:29|  60.7|  0.1|INFORM|Committed transaction at feature '336000'
2018-12-07 04:32:29|  60.8|  0.2|INFORM|Committed transaction at feature '337000'
2018-12-07 04:32:29|  60.9|  0.1|INFORM|Reading source feature # 337500
2018-12-07 04:32:29|  61.0|  0.1|INFORM|Committed transaction at feature '338000'
2018-12-07 04:32:29|  61.1|  0.1|INFORM|Committed transaction at feature '339000'
2018-12-07 04:32:29|  61.3|  0.1|INFORM|Reading source feature # 340000
2018-12-07 04:32:29|  61.3|  0.0|INFORM|Committed transaction at feature '340000'
2018-12-07 04:32:30|  61.4|  0.2|INFORM|Committed transaction at feature '341000'
2018-12-07 04:32:30|  61.6|  0.2|INFORM|Committed transaction at feature '342000'
2018-12-07 04:32:30|  61.6|  0.1|INFORM|Reading source feature # 342500
2018-12-07 04:32:30|  61.7|  0.1|INFORM|Committed transaction at feature '343000'
2018-12-07 04:32:30|  61.9|  0.1|INFORM|Committed transaction at feature '344000'
2018-12-07 04:32:30|  62.0|  0.1|INFORM|Reading source feature # 345000
2018-12-07 04:32:30|  62.0|  0.0|INFORM|Committed transaction at feature '345000'
2018-12-07 04:32:31|  62.2|  0.1|INFORM|Committed transaction at feature '346000'
2018-12-07 04:32:31|  62.3|  0.1|INFORM|Committed transaction at feature '347000'
2018-12-07 04:32:31|  62.4|  0.1|INFORM|Reading source feature # 347500
2018-12-07 04:32:31|  62.4|  0.1|INFORM|Committed transaction at feature '348000'
2018-12-07 04:32:31|  62.6|  0.1|INFORM|Committed transaction at feature '349000'
2018-12-07 04:32:31|  62.7|  0.1|INFORM|Reading source feature # 350000
2018-12-07 04:32:31|  62.7|  0.0|INFORM|Committed transaction at feature '350000'
2018-12-07 04:32:32|  62.8|  0.1|INFORM|Committed transaction at feature '351000'
2018-12-07 04:32:32|  63.0|  0.1|INFORM|Committed transaction at feature '352000'
2018-12-07 04:32:32|  63.0|  0.1|INFORM|Reading source feature # 352500
2018-12-07 04:32:32|  63.1|  0.1|INFORM|Committed transaction at feature '353000'
2018-12-07 04:32:32|  63.3|  0.1|INFORM|Committed transaction at feature '354000'
2018-12-07 04:32:32|  63.4|  0.1|INFORM|Reading source feature # 355000
2018-12-07 04:32:32|  63.4|  0.0|INFORM|Committed transaction at feature '355000'
2018-12-07 04:32:33|  63.5|  0.1|INFORM|Committed transaction at feature '356000'
2018-12-07 04:32:33|  63.7|  0.1|INFORM|Committed transaction at feature '357000'
2018-12-07 04:32:33|  63.8|  0.1|INFORM|Reading source feature # 357500
2018-12-07 04:32:33|  63.8|  0.1|INFORM|Committed transaction at feature '358000'
2018-12-07 04:32:33|  64.0|  0.1|INFORM|Committed transaction at feature '359000'
2018-12-07 04:32:33|  64.1|  0.1|INFORM|Reading source feature # 360000
2018-12-07 04:32:34|  64.1|  0.0|INFORM|Committed transaction at feature '360000'
2018-12-07 04:32:34|  64.3|  0.2|INFORM|Committed transaction at feature '361000'
2018-12-07 04:32:34|  64.4|  0.2|INFORM|Committed transaction at feature '362000'
2018-12-07 04:32:34|  64.5|  0.1|INFORM|Reading source feature # 362500
2018-12-07 04:32:34|  64.6|  0.1|INFORM|Committed transaction at feature '363000'
2018-12-07 04:32:34|  64.7|  0.1|INFORM|Committed transaction at feature '364000'
2018-12-07 04:32:34|  64.8|  0.1|INFORM|Reading source feature # 365000
2018-12-07 04:32:35|  64.8|  0.0|INFORM|Committed transaction at feature '365000'
2018-12-07 04:32:35|  65.0|  0.1|INFORM|Committed transaction at feature '366000'
2018-12-07 04:32:35|  65.1|  0.2|INFORM|Committed transaction at feature '367000'
2018-12-07 04:32:35|  65.2|  0.1|INFORM|Reading source feature # 367500
2018-12-07 04:32:35|  65.3|  0.1|INFORM|Committed transaction at feature '368000'
2018-12-07 04:32:35|  65.4|  0.1|INFORM|Committed transaction at feature '369000'
2018-12-07 04:32:36|  65.6|  0.1|INFORM|Reading source feature # 370000
2018-12-07 04:32:36|  65.6|  0.0|INFORM|Committed transaction at feature '370000'
2018-12-07 04:32:36|  65.7|  0.2|INFORM|Committed transaction at feature '371000'
2018-12-07 04:32:36|  65.9|  0.1|INFORM|Committed transaction at feature '372000'
2018-12-07 04:32:36|  65.9|  0.1|INFORM|Reading source feature # 372500
2018-12-07 04:32:36|  66.0|  0.1|INFORM|Committed transaction at feature '373000'
2018-12-07 04:32:36|  66.1|  0.1|INFORM|Committed transaction at feature '374000'
2018-12-07 04:32:37|  66.3|  0.1|INFORM|Reading source feature # 375000
2018-12-07 04:32:37|  66.3|  0.0|INFORM|Committed transaction at feature '375000'
2018-12-07 04:32:37|  66.4|  0.2|INFORM|Committed transaction at feature '376000'
2018-12-07 04:32:37|  66.6|  0.1|INFORM|Committed transaction at feature '377000'
2018-12-07 04:32:37|  66.7|  0.1|INFORM|Reading source feature # 377500
2018-12-07 04:32:37|  66.7|  0.1|INFORM|Committed transaction at feature '378000'
2018-12-07 04:32:37|  66.9|  0.2|INFORM|Committed transaction at feature '379000'
2018-12-07 04:32:38|  67.0|  0.1|INFORM|Reading source feature # 380000
2018-12-07 04:32:38|  67.0|  0.0|INFORM|Committed transaction at feature '380000'
2018-12-07 04:32:38|  67.2|  0.1|INFORM|Committed transaction at feature '381000'
2018-12-07 04:32:38|  67.3|  0.1|INFORM|Committed transaction at feature '382000'
2018-12-07 04:32:38|  67.4|  0.1|INFORM|Reading source feature # 382500
2018-12-07 04:32:38|  67.5|  0.1|INFORM|Committed transaction at feature '383000'
2018-12-07 04:32:38|  67.6|  0.1|INFORM|Committed transaction at feature '384000'
2018-12-07 04:32:39|  67.8|  0.1|INFORM|Reading source feature # 385000
2018-12-07 04:32:39|  67.8|  0.0|INFORM|Committed transaction at feature '385000'
2018-12-07 04:32:39|  67.9|  0.2|INFORM|Committed transaction at feature '386000'
2018-12-07 04:32:39|  68.1|  0.2|INFORM|Committed transaction at feature '387000'
2018-12-07 04:32:39|  68.1|  0.1|INFORM|Reading source feature # 387500
2018-12-07 04:32:39|  68.2|  0.1|INFORM|Committed transaction at feature '388000'
2018-12-07 04:32:40|  68.4|  0.2|INFORM|Committed transaction at feature '389000'
2018-12-07 04:32:40|  68.5|  0.1|INFORM|Reading source feature # 390000
2018-12-07 04:32:40|  68.5|  0.0|INFORM|Committed transaction at feature '390000'
2018-12-07 04:32:40|  68.6|  0.1|INFORM|Committed transaction at feature '391000'
2018-12-07 04:32:40|  68.8|  0.2|INFORM|Committed transaction at feature '392000'
2018-12-07 04:32:40|  68.9|  0.1|INFORM|Reading source feature # 392500
2018-12-07 04:32:40|  69.0|  0.1|INFORM|Committed transaction at feature '393000'
2018-12-07 04:32:41|  69.1|  0.1|INFORM|Committed transaction at feature '394000'
2018-12-07 04:32:41|  69.2|  0.1|INFORM|Reading source feature # 395000
2018-12-07 04:32:41|  69.2|  0.0|INFORM|Committed transaction at feature '395000'
2018-12-07 04:32:41|  69.4|  0.1|INFORM|Committed transaction at feature '396000'
2018-12-07 04:32:41|  69.5|  0.1|INFORM|Committed transaction at feature '397000'
2018-12-07 04:32:41|  69.6|  0.1|INFORM|Reading source feature # 397500
2018-12-07 04:32:41|  69.7|  0.1|INFORM|Committed transaction at feature '398000'
2018-12-07 04:32:42|  69.8|  0.1|INFORM|Microsoft SQL Server Non-Spatial Reader: Database read complete.  Retrieved 398613 feature(s)
2018-12-07 04:32:42|  69.8|  0.0|INFORM|Emptying factory pipeline
2018-12-07 04:32:42|  69.8|  0.0|STATS |Router and Unexpected Input Remover(RoutingFactory): Tested 398613 input feature(s), wrote 398613 output feature(s): 398613 matched merge filters, 398613 were routed to output, 0 could not be routed.
2018-12-07 04:32:42|  69.8|  0.0|STATS |amd.permit_comments (MSSQL_ADO_1) Splitter(TeeFactory): Cloned 398613 input feature(s) into 398613 output feature(s)
2018-12-07 04:32:42|  69.8|  0.0|STATS |Destination Feature Type Routing Correlator(RoutingFactory): Tested 398613 input feature(s), wrote 398613 output feature(s): 0 matched merge filters, 398613 were routed to output, 0 could not be routed.
2018-12-07 04:32:42|  69.8|  0.0|STATS |Final Output Nuker(TeeFactory): Cloned 0 input feature(s) into 0 output feature(s)
2018-12-07 04:32:42|  69.8|  0.0|INFORM|Successfully closed POSTGRES database writer
2018-12-07 04:32:42|  69.8|  0.0|INFORM|=-=-=-=-=-=-=-=-=-=-=-=-=-=-=-=-=-=-=-=-=-=-=-=-=-=-=-=-=-=-=-=-=-=-=-=-=-=-=-
2018-12-07 04:32:42|  69.8|  0.0|INFORM|Feature output statistics for `POSTGRES' writer using keyword `POSTGRES_1':
2018-12-07 04:32:42|  69.8|  0.0|STATS |=-=-=-=-=-=-=-=-=-=-=-=-=-=-=-=-=-=-=-=-=-=-=-=-=-=-=-=-=-=-=-=-=-=-=-=-=-=-=-
2018-12-07 04:32:42|  69.8|  0.0|STATS |                               Features Written
2018-12-07 04:32:42|  69.8|  0.0|STATS |=-=-=-=-=-=-=-=-=-=-=-=-=-=-=-=-=-=-=-=-=-=-=-=-=-=-=-=-=-=-=-=-=-=-=-=-=-=-=-
2018-12-07 04:32:42|  69.8|  0.0|STATS |internal.permit_comments                                                398613
2018-12-07 04:32:42|  69.8|  0.0|STATS |==============================================================================
2018-12-07 04:32:42|  69.8|  0.0|STATS |Total Features Written                                                  398613
2018-12-07 04:32:42|  69.8|  0.0|STATS |=-=-=-=-=-=-=-=-=-=-=-=-=-=-=-=-=-=-=-=-=-=-=-=-=-=-=-=-=-=-=-=-=-=-=-=-=-=-=-
2018-12-07 04:32:42|  69.8|  0.0|STATS |=-=-=-=-=-=-=-=-=-=-=-=-=-=-=-=-=-=-=-=-=-=-=-=-=-=-=-=-=-=-=-=-=-=-=-=-=-=-=-
2018-12-07 04:32:42|  69.8|  0.0|STATS |                            Features Read Summary
2018-12-07 04:32:42|  69.8|  0.0|STATS |=-=-=-=-=-=-=-=-=-=-=-=-=-=-=-=-=-=-=-=-=-=-=-=-=-=-=-=-=-=-=-=-=-=-=-=-=-=-=-
2018-12-07 04:32:42|  69.8|  0.0|STATS |amd.permit_comments                                                     398613
2018-12-07 04:32:42|  69.8|  0.0|STATS |==============================================================================
2018-12-07 04:32:42|  69.8|  0.0|STATS |Total Features Read                                                     398613
2018-12-07 04:32:42|  69.8|  0.0|STATS |=-=-=-=-=-=-=-=-=-=-=-=-=-=-=-=-=-=-=-=-=-=-=-=-=-=-=-=-=-=-=-=-=-=-=-=-=-=-=-
2018-12-07 04:32:42|  69.8|  0.0|STATS |=-=-=-=-=-=-=-=-=-=-=-=-=-=-=-=-=-=-=-=-=-=-=-=-=-=-=-=-=-=-=-=-=-=-=-=-=-=-=-
2018-12-07 04:32:42|  69.8|  0.0|STATS |                           Features Written Summary
2018-12-07 04:32:42|  69.8|  0.0|STATS |=-=-=-=-=-=-=-=-=-=-=-=-=-=-=-=-=-=-=-=-=-=-=-=-=-=-=-=-=-=-=-=-=-=-=-=-=-=-=-
2018-12-07 04:32:42|  69.8|  0.0|STATS |internal.permit_comments                                                398613
2018-12-07 04:32:42|  69.8|  0.0|STATS |==============================================================================
2018-12-07 04:32:42|  69.8|  0.0|STATS |Total Features Written                                                  398613
2018-12-07 04:32:42|  69.8|  0.0|STATS |=-=-=-=-=-=-=-=-=-=-=-=-=-=-=-=-=-=-=-=-=-=-=-=-=-=-=-=-=-=-=-=-=-=-=-=-=-=-=-
2018-12-07 04:32:42|  69.8|  0.0|INFORM|Microsoft SQL Server Non-Spatial Reader: Closing `accelaprod' . Read operation complete
2018-12-07 04:32:42|  69.8|  0.0|INFORM|Translation was SUCCESSFUL with 0 warning(s) (398613 feature(s) output)
2018-12-07 04:32:42|  69.8|  0.0|INFORM|FME Session Duration: 1 minute 38.2 seconds. (CPU: 68.1s user, 1.6s system)
2018-12-07 04:32:42|  69.8|  0.0|INFORM|END - ProcessID: 4228, peak process memory usage: 82416 kB, current process memory usage: 82252 kB
