2018-12-07 04:40:03|   0.1|  0.1|INFORM|FME 2017.1.1.1 (20171014 - Build 17652 - WIN32)
2018-12-07 04:40:03|   0.1|  0.0|INFORM|FME_HOME is 'c:\FME2017\'
2018-12-07 04:40:03|   0.1|  0.0|INFORM|FME Desktop ESRI Edition (floating)
2018-12-07 04:40:03|   0.1|  0.0|INFORM|Permanent License.
2018-12-07 04:40:03|   0.1|  0.0|INFORM|Machine host name is: coa-gis-fme2
2018-12-07 04:40:03|   0.1|  0.0|INFORM|START - ProcessID: 5180, peak process memory usage: 32064 kB, current process memory usage: 32064 kB
2018-12-07 04:40:03|   0.1|  0.0|INFORM|FME Configuration: Command line arguments are `c:\FME2017\fme' `C:\jon\bedrock\working_directory\assets\googlesheets\capital_projects_master/googleTOwh-capital_projects_master.fmw'
2018-12-07 04:40:04|   0.2|  0.1|INFORM|Shared folders for formats are : c:\FME2017\datasources;C:\Users\mssqlgisadmin\Documents\FME\Formats
2018-12-07 04:40:04|   0.2|  0.0|INFORM|Shared folders for transformers are : c:\FME2017\transformers;C:\Users\mssqlgisadmin\Documents\FME\Transformers;C:\Users\mssqlgisadmin\AppData\Roaming\Safe Software\FME\FME Store\Transformers
2018-12-07 04:40:04|   0.2|  0.0|INFORM|Shared folders for coordinate systems are : C:\Users\mssqlgisadmin\Documents\FME\CoordinateSystems
2018-12-07 04:40:04|   0.2|  0.0|INFORM|Shared folders for coordinate system exceptions are : C:\Users\mssqlgisadmin\Documents\FME\CoordinateSystemExceptions
2018-12-07 04:40:04|   0.2|  0.0|INFORM|Shared folders for coordinate system grid overrides are : C:\Users\mssqlgisadmin\Documents\FME\CoordinateSystemGridOverrides
2018-12-07 04:40:04|   0.2|  0.0|INFORM|Shared folders for CS-MAP transformation exceptions are : C:\Users\mssqlgisadmin\Documents\FME\CsmapTransformationExceptions
2018-12-07 04:40:04|   0.2|  0.0|INFORM|Shared folders for transformer categories are : C:\Users\mssqlgisadmin\Documents\FME\TransformerCategories
2018-12-07 04:40:04|   0.2|  0.0|INFORM|FME Configuration: Reader Keyword is `MULTI_READER'
2018-12-07 04:40:04|   0.2|  0.0|INFORM|FME Configuration: Writer Keyword is `MULTI_WRITER'
2018-12-07 04:40:04|   0.2|  0.0|INFORM|FME Configuration: Writer Group Definition Keyword is `MULTI_WRITER_DEF'
2018-12-07 04:40:04|   0.2|  0.0|INFORM|FME Configuration: Reader type is `MULTI_READER'
2018-12-07 04:40:04|   0.2|  0.0|INFORM|FME Configuration: Writer type is `MULTI_WRITER'
2018-12-07 04:40:04|   0.2|  0.0|INFORM|FME Configuration: No destination coordinate system set
2018-12-07 04:40:04|   0.2|  0.0|INFORM|FME Configuration: Current working folder is `C:\jon\bedrock\working_directory\assets\googlesheets\capital_projects_master'
2018-12-07 04:40:04|   0.2|  0.0|INFORM|FME Configuration: Temporary folder is `C:\Users\MSSQLG~1\AppData\Local\Temp', set from environment variable `TEMP'
2018-12-07 04:40:04|   0.2|  0.0|INFORM|FME Configuration: FME_HOME is `c:\FME2017\'
2018-12-07 04:40:04|   0.2|  0.0|INFORM|FME Configuration: FME_BASE is 'no'
2018-12-07 04:40:04|   0.2|  0.0|INFORM|FME Configuration: FME_MF_DIR is 'C:\jon\bedrock\working_directory\assets\googlesheets\capital_projects_master/'
2018-12-07 04:40:04|   0.2|  0.0|INFORM|FME Configuration: FME_MF_NAME is 'googleTOwh-capital_projects_master.fmw'
2018-12-07 04:40:04|   0.2|  0.0|INFORM|FME Configuration: FME_PRODUCT_NAME is 'FME(R) 2017.1.1.1'
2018-12-07 04:40:04|   0.2|  0.0|INFORM|System Status: 116.53 GB of disk space available in the FME temporary folder (C:\Users\MSSQLG~1\AppData\Local\Temp)
2018-12-07 04:40:04|   0.2|  0.0|INFORM|System Status: 4.00 GB of virtual memory available
2018-12-07 04:40:04|   0.2|  0.0|INFORM|Operating System: Microsoft Windows Server 2012 R2 Server 4.0 64-bit  (Build 9600)
2018-12-07 04:40:04|   0.2|  0.0|INFORM|FME Platform: WIN32
2018-12-07 04:40:04|   0.2|  0.0|INFORM|Locale: en_US
2018-12-07 04:40:04|   0.2|  0.0|INFORM|Code Page: 1252  (ANSI - Latin I)
2018-12-07 04:40:04|   0.2|  0.0|INFORM|FME Configuration: Process limits are 8.00 GB of physical memory and 4.00 GB of address space
2018-12-07 04:40:04|   0.2|  0.0|INFORM|FME Configuration: Start freeing memory when process usage exceeds 2.83 GB of memory or 3.41 GB of address space
2018-12-07 04:40:04|   0.2|  0.0|INFORM|FME Configuration: Stop freeing memory when process usage is below 2.12 GB of memory and 2.56 GB of address space
2018-12-07 04:40:04|   0.3|  0.1|INFORM|Creating writer for format: 
2018-12-07 04:40:04|   0.3|  0.0|INFORM|Creating reader for format: 
2018-12-07 04:40:04|   0.3|  0.0|INFORM|MULTI_READER(MULTI_READER): Will fail with first member reader failure
2018-12-07 04:40:04|   0.3|  0.0|INFORM|MULTI_READER(MULTI_READER): Adding GOOGLESHEETS Reader with keyword GOOGLESHEETS_1
2018-12-07 04:40:04|   0.3|  0.0|INFORM|MULTI_READER(MULTI_READER): Adding GOOGLESHEETS Reader with keyword GOOGLESHEETS_2
2018-12-07 04:40:04|   0.3|  0.0|INFORM|Using Multi Reader with keyword `MULTI_READER' to read multiple datasets
2018-12-07 04:40:04|   0.5|  0.1|INFORM|Creating reader for format: Google Sheets
2018-12-07 04:40:04|   0.6|  0.1|INFORM|Trying to find a PYTHON plugin for reader named `GOOGLESHEETS'
2018-12-07 04:40:04|   0.6|  0.0|INFORM|Using Python interpreter from `c:\FME2017\fmepython27\python27.dll' with PYTHONHOME `c:\FME2017\fmepython27'
2018-12-07 04:40:04|   0.6|  0.0|INFORM|Python version 2.7 loaded successfully
2018-12-07 04:40:04|   0.7|  0.1|INFORM|Loaded Python module `googlesheets' from file `c:\FME2017\plugins/python27\googlesheets\__init__.pyc'
2018-12-07 04:40:05|   1.8|  1.1|INFORM|Google Sheets Reader: Looking for spreadsheet with ID '1IepJrSjqbGK7UcTmFHqknNUD6Iyx6-3_zpj6qHprBgY', based on URL 'https://docs.google.com/spreadsheets/d/1IepJrSjqbGK7UcTmFHqknNUD6Iyx6-3_zpj6qHprBgY/edit#gid=2082294712'
2018-12-07 04:40:05|   1.8|  0.0|INFORM|Google Sheets: Requesting access token from OAuth 2.0 endpoint
2018-12-07 04:40:07|   2.9|  1.1|INFORM|Google Sheets Reader: Found spreadsheet 'Capital Projects Master' with ID '1IepJrSjqbGK7UcTmFHqknNUD6Iyx6-3_zpj6qHprBgY'
2018-12-07 04:40:07|   2.9|  0.0|INFORM|Using MultiWriter with keyword `MULTI_WRITER' to output data (ID_ATTRIBUTE is `multi_writer_id')
2018-12-07 04:40:07|   2.9|  0.0|INFORM|Writer output will be ordered by value of multi_writer_id
2018-12-07 04:40:07|   2.9|  0.0|INFORM|Google Sheets Reader: Downloading cells for 1 rows from worksheet 'General Project Information', in range A1:AO1
2018-12-07 04:40:07|   3.0|  0.0|INFORM|Google Sheets Reader: Inferring schema for worksheet 'General Project Information' by interpreting row 1 as field names
2018-12-07 04:40:07|   3.0|  0.0|WARN  |Google Sheets Reader: Some attributes on feature type 'General Project Information' could not be matched to a column on the worksheet. The following attributes will not receive values: 'Communication Plan'
2018-12-07 04:40:07|   3.0|  0.0|INFORM|Google Sheets Reader: Downloading cells for 192 rows from worksheet 'General Project Information', in range A2:Z193
2018-12-07 04:40:09|   4.4|  1.4|INFORM|Google Sheets Reader: Downloading cells for 192 rows from worksheet 'General Project Information', in range A194:Z385
2018-12-07 04:40:09|   4.4|  0.0|INFORM|Google Sheets Reader: Downloading cells for 192 rows from worksheet 'General Project Information', in range A386:Z577
2018-12-07 04:40:09|   4.4|  0.0|INFORM|Google Sheets Reader: Downloading cells for 192 rows from worksheet 'General Project Information', in range A578:Z769
2018-12-07 04:40:10|   4.4|  0.0|INFORM|Google Sheets Reader: Downloading cells for 192 rows from worksheet 'General Project Information', in range A770:Z961
2018-12-07 04:40:10|   4.4|  0.0|INFORM|Google Sheets Reader: Downloading cells for 20 rows from worksheet 'General Project Information', in range A962:Z981
2018-12-07 04:40:10|   4.4|  0.0|INFORM|Creating reader for format: Google Sheets
2018-12-07 04:40:10|   4.4|  0.0|INFORM|Trying to find a PYTHON plugin for reader named `GOOGLESHEETS'
2018-12-07 04:40:10|   4.4|  0.0|INFORM|Loaded Python module `googlesheets' from file `c:\FME2017\plugins/python27\googlesheets\__init__.pyc'
2018-12-07 04:40:10|   4.4|  0.0|INFORM|Google Sheets Reader: Looking for spreadsheet with ID '1IepJrSjqbGK7UcTmFHqknNUD6Iyx6-3_zpj6qHprBgY', based on URL 'https://docs.google.com/spreadsheets/d/1IepJrSjqbGK7UcTmFHqknNUD6Iyx6-3_zpj6qHprBgY/edit#gid=1276966651'
2018-12-07 04:40:10|   4.4|  0.0|INFORM|Google Sheets: Requesting access token from OAuth 2.0 endpoint
2018-12-07 04:40:11|   4.5|  0.1|INFORM|Google Sheets Reader: Found spreadsheet 'Capital Projects Master' with ID '1IepJrSjqbGK7UcTmFHqknNUD6Iyx6-3_zpj6qHprBgY'
2018-12-07 04:40:11|   4.5|  0.0|INFORM|Google Sheets Reader: Downloading cells for 1 rows from worksheet 'Categories', in range A1:Z1
2018-12-07 04:40:11|   4.5|  0.0|INFORM|Google Sheets Reader: Inferring schema for worksheet 'Categories' by interpreting row 1 as field names
2018-12-07 04:40:11|   4.5|  0.0|INFORM|Google Sheets Reader: Downloading cells for 999 rows from worksheet 'Categories', in range A2:B1000
2018-12-07 04:40:12|   6.0|  1.5|INFORM|FME Configuration: Named Connection Storage: 'C:\Users\mssqlgisadmin\AppData\Roaming\Safe Software\FME\'
2018-12-07 04:40:12|   6.0|  0.0|INFORM|FME Configuration: Using Named Connection values from 'mda-store-1' for POSTGRES_1
2018-12-07 04:40:12|   6.0|  0.0|INFORM|Creating writer for format: PostgreSQL
2018-12-07 04:40:13|   6.1|  0.1|INFORM|Trying to find a DYNAMIC plugin for writer named `POSTGRES'
2018-12-07 04:40:13|   6.1|  0.0|INFORM|Loaded module 'POSTGRES' from file 'c:\FME2017\plugins/POSTGIS.dll'
2018-12-07 04:40:13|   6.1|  0.0|INFORM|FME API version of module 'POSTGRES' matches current internal version (3.8 20170315)
2018-12-07 04:40:13|   6.1|  0.0|INFORM|FME Configuration: No destination coordinate system set
2018-12-07 04:40:13|   6.1|  0.0|INFORM|FME API version of module 'POSTGRES' matches current internal version (3.8 20170315)
2018-12-07 04:40:13|   6.1|  0.0|INFORM|Writer `POSTGRES_1' of type `POSTGRES' using group definition keyword `POSTGRES_1_DEF'
2018-12-07 04:40:13|   6.1|  0.0|INFORM|FME API version of module 'POSTGRES' matches current internal version (3.8 20170315)
2018-12-07 04:40:13|   6.1|  0.0|INFORM|Opening POSTGRES writer for dataset 'mdastore1'...
2018-12-07 04:40:14|   7.2|  1.1|INFORM|PostGIS client encoding: 'UTF8'
2018-12-07 04:40:14|   7.2|  0.0|INFORM|PostgreSQL 10.4 on x86_64-pc-linux-gnu, compiled by gcc (GCC) 4.8.3 20140911 (Red Hat 4.8.3-9), 64-bit
2018-12-07 04:40:14|   7.2|  0.0|INFORM|Testing for the existence of table 'internal.capital_projects_master_categories'...
2018-12-07 04:40:14|   7.2|  0.0|INFORM|Truncating existing table 'internal.capital_projects_master_categories'...
2018-12-07 04:40:14|   7.2|  0.0|INFORM|Using existing table 'internal.capital_projects_master_categories'
2018-12-07 04:40:14|   7.2|  0.0|INFORM|POSTGRES Writer: Creating 'streaming Bulk Copy' feature type processor for feature type 'internal.capital_projects_master_categories'
2018-12-07 04:40:14|   7.2|  0.0|INFORM|MULTI_READER(MULTI_READER): Done reading 83 features from 2 readers
2018-12-07 04:40:14|   7.2|  0.0|INFORM|Emptying factory pipeline
2018-12-07 04:40:14|   7.2|  0.0|STATS |Router and Unexpected Input Remover(RoutingFactory): Tested 83 input feature(s), wrote 83 output feature(s): 83 matched merge filters, 83 were routed to output, 0 could not be routed.
2018-12-07 04:40:14|   7.2|  0.0|STATS |General Project Information (GOOGLESHEETS_1) Splitter(TeeFactory): Cloned 78 input feature(s) into 78 output feature(s)
2018-12-07 04:40:14|   7.2|  0.0|STATS |Categories (GOOGLESHEETS_2) Splitter(TeeFactory): Cloned 5 input feature(s) into 5 output feature(s)
2018-12-07 04:40:14|   7.2|  0.0|STATS |Counter_Counter(TeeFactory): Cloned 78 input feature(s) into 78 output feature(s)
2018-12-07 04:40:14|   7.2|  0.0|STATS |Counter_Rejector(TestFactory): Tested 78 input feature(s) -- 0 feature(s) passed and 78 feature(s) failed
2018-12-07 04:40:14|   7.2|  0.0|STATS |Counter <REJECTED> Output Nuker(TeeFactory): Cloned 0 input feature(s) into 0 output feature(s)
2018-12-07 04:40:14|   7.2|  0.0|STATS |Counter_<Rejected>(TeeFactory): Cloned 0 input feature(s) into 0 output feature(s)
2018-12-07 04:40:14|   7.2|  0.0|STATS |Destination Feature Type Routing Correlator(RoutingFactory): Tested 83 input feature(s), wrote 83 output feature(s): 0 matched merge filters, 83 were routed to output, 0 could not be routed.
2018-12-07 04:40:14|   7.2|  0.0|STATS |Final Output Nuker(TeeFactory): Cloned 0 input feature(s) into 0 output feature(s)
2018-12-07 04:40:14|   7.2|  0.0|STATS |=-=-=-=-=-=-=-=-=-=-=-=-=-=-=-=-=-=-=-=-=-=-=-=-=-=-=-=-=-=-=-=-=-=-=-=-=-=-=-
2018-12-07 04:40:14|   7.2|  0.0|STATS |                            `Count' Domain Summary
2018-12-07 04:40:14|   7.2|  0.0|STATS |=-=-=-=-=-=-=-=-=-=-=-=-=-=-=-=-=-=-=-=-=-=-=-=-=-=-=-=-=-=-=-=-=-=-=-=-=-=-=-
2018-12-07 04:40:14|   7.2|  0.0|STATS |counter                                                                     78
2018-12-07 04:40:14|   7.2|  0.0|STATS |==============================================================================
2018-12-07 04:40:14|   7.2|  0.0|STATS |Total `@Count' Invocations:                                                 78
2018-12-07 04:40:14|   7.2|  0.0|STATS |=-=-=-=-=-=-=-=-=-=-=-=-=-=-=-=-=-=-=-=-=-=-=-=-=-=-=-=-=-=-=-=-=-=-=-=-=-=-=-
2018-12-07 04:40:14|   7.2|  0.0|INFORM|Successfully closed POSTGRES database writer
2018-12-07 04:40:14|   7.2|  0.0|INFORM|=-=-=-=-=-=-=-=-=-=-=-=-=-=-=-=-=-=-=-=-=-=-=-=-=-=-=-=-=-=-=-=-=-=-=-=-=-=-=-
2018-12-07 04:40:14|   7.2|  0.0|INFORM|Feature output statistics for `POSTGRES' writer using keyword `POSTGRES_1':
2018-12-07 04:40:14|   7.2|  0.0|STATS |=-=-=-=-=-=-=-=-=-=-=-=-=-=-=-=-=-=-=-=-=-=-=-=-=-=-=-=-=-=-=-=-=-=-=-=-=-=-=-
2018-12-07 04:40:14|   7.2|  0.0|STATS |                               Features Written
2018-12-07 04:40:14|   7.2|  0.0|STATS |=-=-=-=-=-=-=-=-=-=-=-=-=-=-=-=-=-=-=-=-=-=-=-=-=-=-=-=-=-=-=-=-=-=-=-=-=-=-=-
2018-12-07 04:40:14|   7.2|  0.0|STATS |internal.capital_projects_master_categories                                  5
2018-12-07 04:40:14|   7.2|  0.0|STATS |==============================================================================
2018-12-07 04:40:14|   7.2|  0.0|STATS |Total Features Written                                                       5
2018-12-07 04:40:14|   7.2|  0.0|STATS |=-=-=-=-=-=-=-=-=-=-=-=-=-=-=-=-=-=-=-=-=-=-=-=-=-=-=-=-=-=-=-=-=-=-=-=-=-=-=-
2018-12-07 04:40:14|   7.2|  0.0|INFORM|MULTI_WRITER: multi_writer_id `1': Started outputting features
2018-12-07 04:40:14|   7.2|  0.0|INFORM|FME Configuration: Using Named Connection values from 'mda-store-1' for POSTGRES_2
2018-12-07 04:40:14|   7.2|  0.0|INFORM|Creating writer for format: PostgreSQL
2018-12-07 04:40:14|   7.2|  0.0|INFORM|Trying to find a DYNAMIC plugin for writer named `POSTGRES'
2018-12-07 04:40:14|   7.2|  0.0|INFORM|FME API version of module 'POSTGRES' matches current internal version (3.8 20170315)
2018-12-07 04:40:14|   7.2|  0.0|INFORM|FME Configuration: No destination coordinate system set
2018-12-07 04:40:14|   7.2|  0.0|INFORM|FME API version of module 'POSTGRES' matches current internal version (3.8 20170315)
2018-12-07 04:40:14|   7.2|  0.0|INFORM|Writer `POSTGRES_2' of type `POSTGRES' using group definition keyword `POSTGRES_2_DEF'
2018-12-07 04:40:14|   7.2|  0.0|INFORM|FME API version of module 'POSTGRES' matches current internal version (3.8 20170315)
2018-12-07 04:40:14|   7.2|  0.0|INFORM|Opening POSTGRES writer for dataset 'mdastore1'...
2018-12-07 04:40:15|   7.2|  0.0|INFORM|PostGIS client encoding: 'UTF8'
2018-12-07 04:40:15|   7.2|  0.0|INFORM|PostgreSQL 10.4 on x86_64-pc-linux-gnu, compiled by gcc (GCC) 4.8.3 20140911 (Red Hat 4.8.3-9), 64-bit
2018-12-07 04:40:15|   7.2|  0.0|INFORM|Testing for the existence of table 'internal.capital_projects_master'...
2018-12-07 04:40:15|   7.2|  0.0|INFORM|Truncating existing table 'internal.capital_projects_master'...
2018-12-07 04:40:15|   7.2|  0.0|INFORM|Using existing table 'internal.capital_projects_master'
2018-12-07 04:40:16|   7.2|  0.0|INFORM|POSTGRES Writer: Creating 'streaming Bulk Copy' feature type processor for feature type 'internal.capital_projects_master'
2018-12-07 04:40:16|   7.2|  0.0|INFORM|Successfully closed POSTGRES database writer
2018-12-07 04:40:16|   7.2|  0.0|INFORM|=-=-=-=-=-=-=-=-=-=-=-=-=-=-=-=-=-=-=-=-=-=-=-=-=-=-=-=-=-=-=-=-=-=-=-=-=-=-=-
2018-12-07 04:40:16|   7.2|  0.0|INFORM|Feature output statistics for `POSTGRES' writer using keyword `POSTGRES_2':
2018-12-07 04:40:16|   7.2|  0.0|STATS |=-=-=-=-=-=-=-=-=-=-=-=-=-=-=-=-=-=-=-=-=-=-=-=-=-=-=-=-=-=-=-=-=-=-=-=-=-=-=-
2018-12-07 04:40:16|   7.2|  0.0|STATS |                               Features Written
2018-12-07 04:40:16|   7.2|  0.0|STATS |=-=-=-=-=-=-=-=-=-=-=-=-=-=-=-=-=-=-=-=-=-=-=-=-=-=-=-=-=-=-=-=-=-=-=-=-=-=-=-
2018-12-07 04:40:16|   7.2|  0.0|STATS |internal.capital_projects_master                                            78
2018-12-07 04:40:16|   7.2|  0.0|STATS |==============================================================================
2018-12-07 04:40:16|   7.2|  0.0|STATS |Total Features Written                                                      78
2018-12-07 04:40:16|   7.2|  0.0|STATS |=-=-=-=-=-=-=-=-=-=-=-=-=-=-=-=-=-=-=-=-=-=-=-=-=-=-=-=-=-=-=-=-=-=-=-=-=-=-=-
2018-12-07 04:40:16|   7.2|  0.0|INFORM|MULTI_WRITER: multi_writer_id `1': done writing 78 feature(s) 
2018-12-07 04:40:16|   7.2|  0.0|INFORM|^^^^^^^^^^^^^^^^^^^^^^^^^^^^^^^^^^^^^^^^^^^^^^^^^^^^^^^^^^^^^^^^^^^^^^^^^^^^^^
2018-12-07 04:40:16|   7.2|  0.0|STATS |=-=-=-=-=-=-=-=-=-=-=-=-=-=-=-=-=-=-=-=-=-=-=-=-=-=-=-=-=-=-=-=-=-=-=-=-=-=-=-
2018-12-07 04:40:16|   7.2|  0.0|STATS |                            Features Read Summary
2018-12-07 04:40:16|   7.2|  0.0|STATS |=-=-=-=-=-=-=-=-=-=-=-=-=-=-=-=-=-=-=-=-=-=-=-=-=-=-=-=-=-=-=-=-=-=-=-=-=-=-=-
2018-12-07 04:40:16|   7.2|  0.0|STATS |Categories                                                                   5
2018-12-07 04:40:16|   7.2|  0.0|STATS |General Project Information                                                 78
2018-12-07 04:40:16|   7.2|  0.0|STATS |==============================================================================
2018-12-07 04:40:16|   7.2|  0.0|STATS |Total Features Read                                                         83
2018-12-07 04:40:16|   7.2|  0.0|STATS |=-=-=-=-=-=-=-=-=-=-=-=-=-=-=-=-=-=-=-=-=-=-=-=-=-=-=-=-=-=-=-=-=-=-=-=-=-=-=-
2018-12-07 04:40:16|   7.2|  0.0|STATS |=-=-=-=-=-=-=-=-=-=-=-=-=-=-=-=-=-=-=-=-=-=-=-=-=-=-=-=-=-=-=-=-=-=-=-=-=-=-=-
2018-12-07 04:40:16|   7.2|  0.0|STATS |                           Features Written Summary
2018-12-07 04:40:16|   7.2|  0.0|STATS |=-=-=-=-=-=-=-=-=-=-=-=-=-=-=-=-=-=-=-=-=-=-=-=-=-=-=-=-=-=-=-=-=-=-=-=-=-=-=-
2018-12-07 04:40:16|   7.2|  0.0|STATS |internal.capital_projects_master                                            78
2018-12-07 04:40:16|   7.2|  0.0|STATS |internal.capital_projects_master_categories                                  5
2018-12-07 04:40:16|   7.2|  0.0|STATS |==============================================================================
2018-12-07 04:40:16|   7.2|  0.0|STATS |Total Features Written                                                      83
2018-12-07 04:40:16|   7.2|  0.0|STATS |=-=-=-=-=-=-=-=-=-=-=-=-=-=-=-=-=-=-=-=-=-=-=-=-=-=-=-=-=-=-=-=-=-=-=-=-=-=-=-
2018-12-07 04:40:16|   7.2|  0.0|INFORM|Translation was SUCCESSFUL with 1 warning(s) (83 feature(s) output)
2018-12-07 04:40:16|   7.2|  0.0|INFORM|FME Session Duration: 12.4 seconds. (CPU: 6.2s user, 0.9s system)
2018-12-07 04:40:16|   7.2|  0.0|INFORM|END - ProcessID: 5180, peak process memory usage: 118372 kB, current process memory usage: 116252 kB
