2018-12-07 04:20:03|   0.1|  0.1|INFORM|FME 2017.1.1.1 (20171014 - Build 17652 - WIN32)
2018-12-07 04:20:03|   0.1|  0.0|INFORM|FME_HOME is 'c:\FME2017\'
2018-12-07 04:20:03|   0.1|  0.0|INFORM|FME Desktop ESRI Edition (floating)
2018-12-07 04:20:03|   0.1|  0.0|INFORM|Permanent License.
2018-12-07 04:20:03|   0.1|  0.0|INFORM|Machine host name is: coa-gis-fme2
2018-12-07 04:20:03|   0.1|  0.0|INFORM|START - ProcessID: 5256, peak process memory usage: 32292 kB, current process memory usage: 32276 kB
2018-12-07 04:20:03|   0.1|  0.0|INFORM|FME Configuration: Command line arguments are `c:\FME2017\fme' `C:\jon\bedrock\working_directory\assets\gis\bc_property_account_master/bc_property_account_master.fmw'
2018-12-07 04:20:04|   0.2|  0.1|INFORM|Shared folders for formats are : c:\FME2017\datasources;C:\Users\mssqlgisadmin\Documents\FME\Formats
2018-12-07 04:20:04|   0.2|  0.0|INFORM|Shared folders for transformers are : c:\FME2017\transformers;C:\Users\mssqlgisadmin\Documents\FME\Transformers;C:\Users\mssqlgisadmin\AppData\Roaming\Safe Software\FME\FME Store\Transformers
2018-12-07 04:20:04|   0.2|  0.0|INFORM|Shared folders for coordinate systems are : C:\Users\mssqlgisadmin\Documents\FME\CoordinateSystems
2018-12-07 04:20:04|   0.2|  0.0|INFORM|Shared folders for coordinate system exceptions are : C:\Users\mssqlgisadmin\Documents\FME\CoordinateSystemExceptions
2018-12-07 04:20:04|   0.2|  0.0|INFORM|Shared folders for coordinate system grid overrides are : C:\Users\mssqlgisadmin\Documents\FME\CoordinateSystemGridOverrides
2018-12-07 04:20:04|   0.2|  0.0|INFORM|Shared folders for CS-MAP transformation exceptions are : C:\Users\mssqlgisadmin\Documents\FME\CsmapTransformationExceptions
2018-12-07 04:20:04|   0.2|  0.0|INFORM|Shared folders for transformer categories are : C:\Users\mssqlgisadmin\Documents\FME\TransformerCategories
2018-12-07 04:20:04|   0.2|  0.0|INFORM|FME Configuration: Reader Keyword is `MSSQL_ADO_1'
2018-12-07 04:20:04|   0.2|  0.0|INFORM|FME Configuration: Writer Keyword is `MULTI_WRITER'
2018-12-07 04:20:04|   0.2|  0.0|INFORM|FME Configuration: Writer Group Definition Keyword is `MULTI_WRITER_DEF'
2018-12-07 04:20:04|   0.2|  0.0|INFORM|FME Configuration: Reader type is `MSSQL_ADO'
2018-12-07 04:20:04|   0.2|  0.0|INFORM|FME Configuration: Writer type is `MULTI_WRITER'
2018-12-07 04:20:04|   0.2|  0.0|INFORM|FME Configuration: No destination coordinate system set
2018-12-07 04:20:04|   0.2|  0.0|INFORM|FME Configuration: Current working folder is `C:\jon\bedrock\working_directory\assets\gis\bc_property_account_master'
2018-12-07 04:20:04|   0.2|  0.0|INFORM|FME Configuration: Temporary folder is `C:\Users\MSSQLG~1\AppData\Local\Temp', set from environment variable `TEMP'
2018-12-07 04:20:04|   0.2|  0.0|INFORM|FME Configuration: FME_HOME is `c:\FME2017\'
2018-12-07 04:20:04|   0.2|  0.0|INFORM|FME Configuration: FME_BASE is 'no'
2018-12-07 04:20:04|   0.2|  0.0|INFORM|FME Configuration: FME_MF_DIR is 'C:\jon\bedrock\working_directory\assets\gis\bc_property_account_master/'
2018-12-07 04:20:04|   0.2|  0.0|INFORM|FME Configuration: FME_MF_NAME is 'bc_property_account_master.fmw'
2018-12-07 04:20:04|   0.2|  0.0|INFORM|FME Configuration: FME_PRODUCT_NAME is 'FME(R) 2017.1.1.1'
2018-12-07 04:20:04|   0.2|  0.0|INFORM|System Status: 116.53 GB of disk space available in the FME temporary folder (C:\Users\MSSQLG~1\AppData\Local\Temp)
2018-12-07 04:20:04|   0.2|  0.0|INFORM|System Status: 4.00 GB of virtual memory available
2018-12-07 04:20:04|   0.2|  0.0|INFORM|Operating System: Microsoft Windows Server 2012 R2 Server 4.0 64-bit  (Build 9600)
2018-12-07 04:20:04|   0.2|  0.0|INFORM|FME Platform: WIN32
2018-12-07 04:20:04|   0.2|  0.0|INFORM|Locale: en_US
2018-12-07 04:20:04|   0.2|  0.0|INFORM|Code Page: 1252  (ANSI - Latin I)
2018-12-07 04:20:04|   0.2|  0.0|INFORM|FME Configuration: Process limits are 8.00 GB of physical memory and 4.00 GB of address space
2018-12-07 04:20:04|   0.2|  0.0|INFORM|FME Configuration: Start freeing memory when process usage exceeds 2.83 GB of memory or 3.41 GB of address space
2018-12-07 04:20:04|   0.2|  0.0|INFORM|FME Configuration: Stop freeing memory when process usage is below 2.12 GB of memory and 2.56 GB of address space
2018-12-07 04:20:04|   0.3|  0.1|INFORM|Creating writer for format: 
2018-12-07 04:20:05|   1.8|  1.5|INFORM|FME Configuration: Named Connection Storage: 'C:\Users\mssqlgisadmin\AppData\Roaming\Safe Software\FME\'
2018-12-07 04:20:05|   1.8|  0.0|INFORM|FME Configuration: Using Named Connection values from '@itsqlprod.bcdomain.local/pinhistory' for MSSQL_ADO_1
2018-12-07 04:20:05|   1.8|  0.0|INFORM|Creating reader for format: Microsoft SQL Server Non-Spatial
2018-12-07 04:20:05|   1.8|  0.1|INFORM|Trying to find a DYNAMIC plugin for reader named `MSSQL_ADO'
2018-12-07 04:20:05|   1.9|  0.0|INFORM|Loaded module 'MSSQL_ADO' from file 'c:\FME2017\plugins/FME_ADO.dll'
2018-12-07 04:20:05|   1.9|  0.0|INFORM|FME API version of module 'MSSQL_ADO' matches current internal version (3.8 20170315)
2018-12-07 04:20:05|   1.9|  0.0|INFORM|Microsoft SQL Server Non-Spatial Reader: Read 0 DEF line(s).  Found 0 attribute(s)
2018-12-07 04:20:05|   1.9|  0.0|INFORM|Microsoft SQL Server Non-Spatial Reader: Opening `pinhistory' for read operation
2018-12-07 04:20:05|   1.9|  0.0|INFORM|Microsoft SQL Server Non-Spatial Reader: Trying to connect using SQL Server 2012 Native Client...
2018-12-07 04:20:05|   1.9|  0.0|INFORM|Using MultiWriter with keyword `MULTI_WRITER' to output data (ID_ATTRIBUTE is `multi_writer_id')
2018-12-07 04:20:05|   1.9|  0.0|INFORM|Writer output will be ordered by value of multi_writer_id
2018-12-07 04:20:05|   1.9|  0.0|INFORM|Loaded module 'QueryFactory' from file 'c:\FME2017\plugins/QueryFactory.dll'
2018-12-07 04:20:05|   1.9|  0.0|INFORM|FME API version of module 'QueryFactory' matches current internal version (3.8 20170315)
2018-12-07 04:20:05|   1.9|  0.0|INFORM|Microsoft SQL Server Non-Spatial Reader: Database read complete.  Retrieved 0 feature(s)
2018-12-07 04:20:05|   1.9|  0.0|INFORM|Emptying factory pipeline
2018-12-07 04:20:05|   1.9|  0.0|STATS |Router and Unexpected Input Remover(RoutingFactory): Tested 0 input feature(s), wrote 0 output feature(s): 0 matched merge filters, 0 were routed to output, 0 could not be routed.
2018-12-07 04:20:05|   2.0|  0.1|INFORM|FME Configuration: Using Named Connection values from '@itsqlprod.bcdomain.local/pinhistory' for R_1
2018-12-07 04:20:05|   2.0|  0.0|INFORM|Creating reader for format: Microsoft SQL Server Non-Spatial
2018-12-07 04:20:05|   2.0|  0.0|INFORM|Trying to find a DYNAMIC plugin for reader named `MSSQL_ADO'
2018-12-07 04:20:05|   2.0|  0.0|INFORM|FME API version of module 'MSSQL_ADO' matches current internal version (3.8 20170315)
2018-12-07 04:20:05|   2.0|  0.0|INFORM|Performing query against MSSQL_ADO dataset `@itsqlprod.bcdomain.local/pinhistory'
2018-12-07 04:20:05|   2.0|  0.0|INFORM|Microsoft SQL Server Non-Spatial Reader: Opening `pinhistory' for read operation
2018-12-07 04:20:06|   2.3|  0.3|INFORM|FME Configuration: Using Named Connection values from 'mda-store-1' for POSTGRES_1
2018-12-07 04:20:06|   2.3|  0.0|INFORM|Creating writer for format: PostgreSQL
2018-12-07 04:20:06|   2.3|  0.1|INFORM|Trying to find a DYNAMIC plugin for writer named `POSTGRES'
2018-12-07 04:20:06|   2.3|  0.0|INFORM|Loaded module 'POSTGRES' from file 'c:\FME2017\plugins/POSTGIS.dll'
2018-12-07 04:20:06|   2.3|  0.0|INFORM|FME API version of module 'POSTGRES' matches current internal version (3.8 20170315)
2018-12-07 04:20:06|   2.3|  0.0|INFORM|FME Configuration: No destination coordinate system set
2018-12-07 04:20:06|   2.3|  0.0|INFORM|FME API version of module 'POSTGRES' matches current internal version (3.8 20170315)
2018-12-07 04:20:06|   2.3|  0.0|INFORM|Writer `POSTGRES_1' of type `POSTGRES' using group definition keyword `POSTGRES_1_DEF'
2018-12-07 04:20:06|   2.3|  0.0|INFORM|FME API version of module 'POSTGRES' matches current internal version (3.8 20170315)
2018-12-07 04:20:06|   2.3|  0.0|INFORM|Opening POSTGRES writer for dataset 'mdastore1'...
2018-12-07 04:20:07|   3.4|  1.0|INFORM|PostGIS client encoding: 'UTF8'
2018-12-07 04:20:07|   3.4|  0.0|INFORM|PostgreSQL 10.4 on x86_64-pc-linux-gnu, compiled by gcc (GCC) 4.8.3 20140911 (Red Hat 4.8.3-9), 64-bit
2018-12-07 04:20:08|   3.4|  0.0|INFORM|Testing for the existence of table 'internal.bc_property_account_master'...
2018-12-07 04:20:08|   3.4|  0.0|INFORM|Truncating existing table 'internal.bc_property_account_master'...
2018-12-07 04:20:08|   3.4|  0.0|INFORM|Using existing table 'internal.bc_property_account_master'
2018-12-07 04:20:08|   3.4|  0.0|INFORM|POSTGRES Writer: Creating 'streaming Bulk Copy' feature type processor for feature type 'internal.bc_property_account_master'
2018-12-07 04:20:09|   4.0|  0.6|INFORM|Committed transaction at feature '1000'
2018-12-07 04:20:09|   4.5|  0.5|INFORM|Committed transaction at feature '2000'
2018-12-07 04:20:10|   5.0|  0.5|INFORM|Committed transaction at feature '3000'
2018-12-07 04:20:10|   5.6|  0.6|INFORM|Committed transaction at feature '4000'
2018-12-07 04:20:11|   6.1|  0.5|INFORM|Committed transaction at feature '5000'
2018-12-07 04:20:12|   6.7|  0.5|INFORM|Committed transaction at feature '6000'
2018-12-07 04:20:12|   7.2|  0.6|INFORM|Committed transaction at feature '7000'
2018-12-07 04:20:13|   7.8|  0.6|INFORM|Committed transaction at feature '8000'
2018-12-07 04:20:14|   8.3|  0.5|INFORM|Committed transaction at feature '9000'
2018-12-07 04:20:14|   8.9|  0.6|INFORM|Committed transaction at feature '10000'
2018-12-07 04:20:15|   9.4|  0.5|INFORM|Committed transaction at feature '11000'
2018-12-07 04:20:16|  10.0|  0.6|INFORM|Committed transaction at feature '12000'
2018-12-07 04:20:16|  10.5|  0.6|INFORM|Committed transaction at feature '13000'
2018-12-07 04:20:17|  11.1|  0.5|INFORM|Committed transaction at feature '14000'
2018-12-07 04:20:18|  11.7|  0.6|INFORM|Committed transaction at feature '15000'
2018-12-07 04:20:18|  12.2|  0.5|INFORM|Committed transaction at feature '16000'
2018-12-07 04:20:19|  12.8|  0.6|INFORM|Committed transaction at feature '17000'
2018-12-07 04:20:19|  13.4|  0.6|INFORM|Committed transaction at feature '18000'
2018-12-07 04:20:20|  13.9|  0.5|INFORM|Committed transaction at feature '19000'
2018-12-07 04:20:21|  14.5|  0.6|INFORM|Committed transaction at feature '20000'
2018-12-07 04:20:21|  15.1|  0.6|INFORM|Committed transaction at feature '21000'
2018-12-07 04:20:22|  15.6|  0.5|INFORM|Committed transaction at feature '22000'
2018-12-07 04:20:23|  16.2|  0.6|INFORM|Committed transaction at feature '23000'
2018-12-07 04:20:23|  16.8|  0.6|INFORM|Committed transaction at feature '24000'
2018-12-07 04:20:24|  17.3|  0.5|INFORM|Committed transaction at feature '25000'
2018-12-07 04:20:24|  17.8|  0.5|INFORM|Committed transaction at feature '26000'
2018-12-07 04:20:25|  18.4|  0.6|INFORM|Committed transaction at feature '27000'
2018-12-07 04:20:26|  18.9|  0.6|INFORM|Committed transaction at feature '28000'
2018-12-07 04:20:26|  19.5|  0.6|INFORM|Committed transaction at feature '29000'
2018-12-07 04:20:27|  20.1|  0.6|INFORM|Committed transaction at feature '30000'
2018-12-07 04:20:28|  20.6|  0.5|INFORM|Committed transaction at feature '31000'
2018-12-07 04:20:28|  21.2|  0.6|INFORM|Committed transaction at feature '32000'
2018-12-07 04:20:29|  21.7|  0.5|INFORM|Committed transaction at feature '33000'
2018-12-07 04:20:29|  22.3|  0.5|INFORM|Committed transaction at feature '34000'
2018-12-07 04:20:30|  22.8|  0.6|INFORM|Committed transaction at feature '35000'
2018-12-07 04:20:31|  23.4|  0.6|INFORM|Committed transaction at feature '36000'
2018-12-07 04:20:31|  24.0|  0.5|INFORM|Committed transaction at feature '37000'
2018-12-07 04:20:32|  24.5|  0.5|INFORM|Committed transaction at feature '38000'
2018-12-07 04:20:33|  25.0|  0.5|INFORM|Committed transaction at feature '39000'
2018-12-07 04:20:33|  25.5|  0.5|INFORM|Committed transaction at feature '40000'
2018-12-07 04:20:34|  26.1|  0.6|INFORM|Committed transaction at feature '41000'
2018-12-07 04:20:34|  26.7|  0.6|INFORM|Committed transaction at feature '42000'
2018-12-07 04:20:35|  27.3|  0.5|INFORM|Committed transaction at feature '43000'
2018-12-07 04:20:36|  27.8|  0.5|INFORM|Committed transaction at feature '44000'
2018-12-07 04:20:36|  28.4|  0.6|INFORM|Committed transaction at feature '45000'
2018-12-07 04:20:37|  28.9|  0.6|INFORM|Committed transaction at feature '46000'
2018-12-07 04:20:38|  29.6|  0.6|INFORM|Committed transaction at feature '47000'
2018-12-07 04:20:38|  30.1|  0.5|INFORM|Committed transaction at feature '48000'
2018-12-07 04:20:39|  30.6|  0.5|INFORM|Committed transaction at feature '49000'
2018-12-07 04:20:39|  31.1|  0.5|INFORM|Committed transaction at feature '50000'
2018-12-07 04:20:40|  31.6|  0.5|INFORM|Committed transaction at feature '51000'
2018-12-07 04:20:40|  32.2|  0.5|INFORM|Committed transaction at feature '52000'
2018-12-07 04:20:41|  32.7|  0.5|INFORM|Committed transaction at feature '53000'
2018-12-07 04:20:42|  33.3|  0.6|INFORM|Committed transaction at feature '54000'
2018-12-07 04:20:43|  33.9|  0.6|INFORM|Committed transaction at feature '55000'
2018-12-07 04:20:43|  34.4|  0.6|INFORM|Committed transaction at feature '56000'
2018-12-07 04:20:44|  35.0|  0.6|INFORM|Committed transaction at feature '57000'
2018-12-07 04:20:44|  35.6|  0.6|INFORM|Committed transaction at feature '58000'
2018-12-07 04:20:45|  36.2|  0.6|INFORM|Committed transaction at feature '59000'
2018-12-07 04:20:46|  36.7|  0.5|INFORM|Committed transaction at feature '60000'
2018-12-07 04:20:46|  37.3|  0.6|INFORM|Committed transaction at feature '61000'
2018-12-07 04:20:47|  37.8|  0.5|INFORM|Committed transaction at feature '62000'
2018-12-07 04:20:47|  38.3|  0.5|INFORM|Committed transaction at feature '63000'
2018-12-07 04:20:48|  38.9|  0.6|INFORM|Committed transaction at feature '64000'
2018-12-07 04:20:49|  39.4|  0.5|INFORM|Committed transaction at feature '65000'
2018-12-07 04:20:49|  40.0|  0.5|INFORM|Committed transaction at feature '66000'
2018-12-07 04:20:50|  40.5|  0.5|INFORM|Committed transaction at feature '67000'
2018-12-07 04:20:50|  41.0|  0.5|INFORM|Committed transaction at feature '68000'
2018-12-07 04:20:51|  41.6|  0.6|INFORM|Committed transaction at feature '69000'
2018-12-07 04:20:52|  42.1|  0.6|INFORM|Committed transaction at feature '70000'
2018-12-07 04:20:52|  42.7|  0.5|INFORM|Committed transaction at feature '71000'
2018-12-07 04:20:53|  43.2|  0.6|INFORM|Committed transaction at feature '72000'
2018-12-07 04:20:53|  43.7|  0.5|INFORM|Committed transaction at feature '73000'
2018-12-07 04:20:54|  44.3|  0.6|INFORM|Committed transaction at feature '74000'
2018-12-07 04:20:55|  44.8|  0.5|INFORM|Committed transaction at feature '75000'
2018-12-07 04:20:55|  45.4|  0.6|INFORM|Committed transaction at feature '76000'
2018-12-07 04:20:56|  45.9|  0.5|INFORM|Committed transaction at feature '77000'
2018-12-07 04:20:57|  46.5|  0.5|INFORM|Committed transaction at feature '78000'
2018-12-07 04:20:57|  47.0|  0.5|INFORM|Committed transaction at feature '79000'
2018-12-07 04:20:58|  47.6|  0.6|INFORM|Committed transaction at feature '80000'
2018-12-07 04:20:59|  48.2|  0.6|INFORM|Committed transaction at feature '81000'
2018-12-07 04:20:59|  48.7|  0.5|INFORM|Committed transaction at feature '82000'
2018-12-07 04:21:00|  49.3|  0.6|INFORM|Committed transaction at feature '83000'
2018-12-07 04:21:01|  49.9|  0.6|INFORM|Committed transaction at feature '84000'
2018-12-07 04:21:01|  50.4|  0.5|INFORM|Committed transaction at feature '85000'
2018-12-07 04:21:02|  51.0|  0.5|INFORM|Committed transaction at feature '86000'
2018-12-07 04:21:02|  51.5|  0.6|INFORM|Committed transaction at feature '87000'
2018-12-07 04:21:03|  52.1|  0.5|INFORM|Committed transaction at feature '88000'
2018-12-07 04:21:04|  52.6|  0.5|INFORM|Committed transaction at feature '89000'
2018-12-07 04:21:04|  53.2|  0.6|INFORM|Committed transaction at feature '90000'
2018-12-07 04:21:05|  53.7|  0.5|INFORM|Committed transaction at feature '91000'
2018-12-07 04:21:05|  54.2|  0.5|INFORM|Committed transaction at feature '92000'
2018-12-07 04:21:06|  54.7|  0.5|INFORM|Committed transaction at feature '93000'
2018-12-07 04:21:07|  55.3|  0.5|INFORM|Committed transaction at feature '94000'
2018-12-07 04:21:07|  55.8|  0.5|INFORM|Committed transaction at feature '95000'
2018-12-07 04:21:08|  56.3|  0.5|INFORM|Committed transaction at feature '96000'
2018-12-07 04:21:08|  56.9|  0.6|INFORM|Committed transaction at feature '97000'
2018-12-07 04:21:09|  57.5|  0.6|INFORM|Committed transaction at feature '98000'
2018-12-07 04:21:10|  58.0|  0.5|INFORM|Committed transaction at feature '99000'
2018-12-07 04:21:10|  58.5|  0.5|INFORM|Committed transaction at feature '100000'
2018-12-07 04:21:11|  59.0|  0.5|INFORM|Committed transaction at feature '101000'
2018-12-07 04:21:11|  59.5|  0.5|INFORM|Committed transaction at feature '102000'
2018-12-07 04:21:12|  60.1|  0.6|INFORM|Committed transaction at feature '103000'
2018-12-07 04:21:12|  60.6|  0.5|INFORM|Committed transaction at feature '104000'
2018-12-07 04:21:13|  61.2|  0.6|INFORM|Committed transaction at feature '105000'
2018-12-07 04:21:14|  61.7|  0.5|INFORM|Committed transaction at feature '106000'
2018-12-07 04:21:14|  62.2|  0.5|INFORM|Committed transaction at feature '107000'
2018-12-07 04:21:15|  62.8|  0.5|INFORM|Committed transaction at feature '108000'
2018-12-07 04:21:16|  63.4|  0.6|INFORM|Committed transaction at feature '109000'
2018-12-07 04:21:16|  63.9|  0.6|INFORM|Committed transaction at feature '110000'
2018-12-07 04:21:17|  64.5|  0.5|INFORM|Committed transaction at feature '111000'
2018-12-07 04:21:17|  64.9|  0.5|INFORM|Committed transaction at feature '112000'
2018-12-07 04:21:18|  65.4|  0.5|INFORM|Committed transaction at feature '113000'
2018-12-07 04:21:18|  66.0|  0.5|INFORM|Committed transaction at feature '114000'
2018-12-07 04:21:19|  66.5|  0.5|INFORM|Committed transaction at feature '115000'
2018-12-07 04:21:20|  67.1|  0.6|INFORM|Committed transaction at feature '116000'
2018-12-07 04:21:20|  67.6|  0.5|INFORM|Committed transaction at feature '117000'
2018-12-07 04:21:21|  68.1|  0.6|INFORM|Committed transaction at feature '118000'
2018-12-07 04:21:21|  68.7|  0.5|INFORM|Committed transaction at feature '119000'
2018-12-07 04:21:22|  69.2|  0.5|INFORM|Committed transaction at feature '120000'
2018-12-07 04:21:23|  69.7|  0.5|INFORM|Committed transaction at feature '121000'
2018-12-07 04:21:23|  70.2|  0.5|INFORM|Committed transaction at feature '122000'
2018-12-07 04:21:24|  70.8|  0.5|INFORM|Committed transaction at feature '123000'
2018-12-07 04:21:24|  71.3|  0.6|INFORM|Committed transaction at feature '124000'
2018-12-07 04:21:25|  71.8|  0.5|INFORM|Committed transaction at feature '125000'
2018-12-07 04:21:26|  72.4|  0.5|INFORM|Committed transaction at feature '126000'
2018-12-07 04:21:26|  72.9|  0.5|INFORM|Committed transaction at feature '127000'
2018-12-07 04:21:27|  73.5|  0.6|INFORM|Committed transaction at feature '128000'
2018-12-07 04:21:28|  74.0|  0.5|INFORM|Committed transaction at feature '129000'
2018-12-07 04:21:28|  74.5|  0.5|INFORM|Committed transaction at feature '130000'
2018-12-07 04:21:29|  75.1|  0.6|INFORM|Committed transaction at feature '131000'
2018-12-07 04:21:29|  75.7|  0.5|INFORM|Committed transaction at feature '132000'
2018-12-07 04:21:30|  76.2|  0.5|INFORM|Committed transaction at feature '133000'
2018-12-07 04:21:30|  76.7|  0.5|INFORM|Committed transaction at feature '134000'
2018-12-07 04:21:31|  77.3|  0.5|INFORM|Committed transaction at feature '135000'
2018-12-07 04:21:32|  77.8|  0.6|INFORM|Committed transaction at feature '136000'
2018-12-07 04:21:32|  78.4|  0.5|INFORM|Committed transaction at feature '137000'
2018-12-07 04:21:33|  78.9|  0.6|INFORM|Committed transaction at feature '138000'
2018-12-07 04:21:34|  79.4|  0.5|INFORM|Committed transaction at feature '139000'
2018-12-07 04:21:34|  80.0|  0.6|INFORM|Committed transaction at feature '140000'
2018-12-07 04:21:35|  80.6|  0.5|INFORM|Committed transaction at feature '141000'
2018-12-07 04:21:35|  81.1|  0.6|INFORM|Committed transaction at feature '142000'
2018-12-07 04:21:36|  81.7|  0.5|INFORM|Committed transaction at feature '143000'
2018-12-07 04:21:37|  82.2|  0.5|INFORM|Committed transaction at feature '144000'
2018-12-07 04:21:37|  82.8|  0.6|INFORM|Committed transaction at feature '145000'
2018-12-07 04:21:38|  83.3|  0.5|INFORM|Committed transaction at feature '146000'
2018-12-07 04:21:39|  83.8|  0.5|INFORM|Committed transaction at feature '147000'
2018-12-07 04:21:39|  84.4|  0.6|INFORM|Committed transaction at feature '148000'
2018-12-07 04:21:40|  85.0|  0.6|INFORM|Committed transaction at feature '149000'
2018-12-07 04:21:41|  85.6|  0.5|INFORM|Committed transaction at feature '150000'
2018-12-07 04:21:41|  86.1|  0.5|INFORM|Committed transaction at feature '151000'
2018-12-07 04:21:42|  86.7|  0.5|INFORM|Committed transaction at feature '152000'
2018-12-07 04:21:42|  87.2|  0.5|INFORM|Committed transaction at feature '153000'
2018-12-07 04:21:43|  87.8|  0.5|INFORM|Committed transaction at feature '154000'
2018-12-07 04:21:44|  88.3|  0.5|INFORM|Committed transaction at feature '155000'
2018-12-07 04:21:44|  88.8|  0.5|INFORM|Committed transaction at feature '156000'
2018-12-07 04:21:45|  89.3|  0.5|INFORM|Committed transaction at feature '157000'
2018-12-07 04:21:46|  89.8|  0.5|INFORM|Committed transaction at feature '158000'
2018-12-07 04:21:46|  90.4|  0.5|INFORM|Committed transaction at feature '159000'
2018-12-07 04:21:47|  90.9|  0.5|INFORM|Committed transaction at feature '160000'
2018-12-07 04:21:47|  91.4|  0.5|INFORM|Committed transaction at feature '161000'
2018-12-07 04:21:48|  91.9|  0.5|INFORM|Committed transaction at feature '162000'
2018-12-07 04:21:49|  92.5|  0.5|INFORM|Committed transaction at feature '163000'
2018-12-07 04:21:49|  93.0|  0.5|INFORM|Committed transaction at feature '164000'
2018-12-07 04:21:50|  93.5|  0.5|INFORM|Committed transaction at feature '165000'
2018-12-07 04:21:50|  94.0|  0.5|INFORM|Committed transaction at feature '166000'
2018-12-07 04:21:51|  94.5|  0.5|INFORM|Committed transaction at feature '167000'
2018-12-07 04:21:51|  94.9|  0.5|INFORM|Committed transaction at feature '168000'
2018-12-07 04:21:52|  95.4|  0.5|INFORM|Committed transaction at feature '169000'
2018-12-07 04:21:52|  95.9|  0.5|INFORM|Committed transaction at feature '170000'
2018-12-07 04:21:53|  96.4|  0.5|INFORM|Committed transaction at feature '171000'
2018-12-07 04:21:54|  96.9|  0.5|INFORM|Committed transaction at feature '172000'
2018-12-07 04:21:54|  97.4|  0.5|INFORM|Committed transaction at feature '173000'
2018-12-07 04:21:55|  97.9|  0.5|INFORM|Committed transaction at feature '174000'
2018-12-07 04:21:55|  98.4|  0.5|INFORM|Committed transaction at feature '175000'
2018-12-07 04:21:56|  98.9|  0.5|INFORM|Committed transaction at feature '176000'
2018-12-07 04:21:56|  99.4|  0.5|INFORM|Committed transaction at feature '177000'
2018-12-07 04:21:57|  99.9|  0.5|INFORM|Committed transaction at feature '178000'
2018-12-07 04:21:57| 100.4|  0.5|INFORM|Committed transaction at feature '179000'
2018-12-07 04:21:58| 100.9|  0.5|INFORM|Committed transaction at feature '180000'
2018-12-07 04:21:58| 101.4|  0.5|INFORM|Committed transaction at feature '181000'
2018-12-07 04:21:59| 101.9|  0.5|INFORM|Committed transaction at feature '182000'
2018-12-07 04:22:00| 102.4|  0.5|INFORM|Committed transaction at feature '183000'
2018-12-07 04:22:00| 102.9|  0.5|INFORM|Committed transaction at feature '184000'
2018-12-07 04:22:01| 103.5|  0.6|INFORM|Committed transaction at feature '185000'
2018-12-07 04:22:01| 104.0|  0.6|INFORM|Committed transaction at feature '186000'
2018-12-07 04:22:02| 104.5|  0.5|INFORM|Committed transaction at feature '187000'
2018-12-07 04:22:03| 105.0|  0.5|INFORM|Committed transaction at feature '188000'
2018-12-07 04:22:03| 105.6|  0.5|INFORM|Committed transaction at feature '189000'
2018-12-07 04:22:04| 106.2|  0.6|INFORM|Committed transaction at feature '190000'
2018-12-07 04:22:05| 106.8|  0.6|INFORM|Committed transaction at feature '191000'
2018-12-07 04:22:05| 107.4|  0.6|INFORM|Committed transaction at feature '192000'
2018-12-07 04:22:06| 107.9|  0.5|INFORM|Committed transaction at feature '193000'
2018-12-07 04:22:06| 108.4|  0.5|INFORM|Committed transaction at feature '194000'
2018-12-07 04:22:07| 109.0|  0.5|INFORM|Committed transaction at feature '195000'
2018-12-07 04:22:08| 109.5|  0.5|INFORM|Committed transaction at feature '196000'
2018-12-07 04:22:08| 110.0|  0.5|INFORM|Committed transaction at feature '197000'
2018-12-07 04:22:09| 110.5|  0.5|INFORM|Committed transaction at feature '198000'
2018-12-07 04:22:09| 111.0|  0.5|INFORM|Committed transaction at feature '199000'
2018-12-07 04:22:10| 111.5|  0.5|INFORM|Committed transaction at feature '200000'
2018-12-07 04:22:11| 112.0|  0.5|INFORM|Committed transaction at feature '201000'
2018-12-07 04:22:11| 112.5|  0.5|INFORM|Committed transaction at feature '202000'
2018-12-07 04:22:12| 113.0|  0.5|INFORM|Committed transaction at feature '203000'
2018-12-07 04:22:12| 113.5|  0.5|INFORM|Committed transaction at feature '204000'
2018-12-07 04:22:13| 113.9|  0.5|INFORM|Committed transaction at feature '205000'
2018-12-07 04:22:13| 114.4|  0.5|INFORM|Committed transaction at feature '206000'
2018-12-07 04:22:14| 114.9|  0.5|INFORM|Committed transaction at feature '207000'
2018-12-07 04:22:14| 115.4|  0.5|INFORM|Committed transaction at feature '208000'
2018-12-07 04:22:15| 115.9|  0.5|INFORM|Committed transaction at feature '209000'
2018-12-07 04:22:16| 116.4|  0.5|INFORM|Committed transaction at feature '210000'
2018-12-07 04:22:16| 117.0|  0.6|INFORM|Committed transaction at feature '211000'
2018-12-07 04:22:17| 117.5|  0.5|INFORM|Committed transaction at feature '212000'
2018-12-07 04:22:17| 118.0|  0.5|INFORM|Committed transaction at feature '213000'
2018-12-07 04:22:18| 118.5|  0.5|INFORM|Committed transaction at feature '214000'
2018-12-07 04:22:18| 119.0|  0.5|INFORM|Committed transaction at feature '215000'
2018-12-07 04:22:19| 119.5|  0.5|INFORM|Committed transaction at feature '216000'
2018-12-07 04:22:20| 120.0|  0.5|INFORM|Committed transaction at feature '217000'
2018-12-07 04:22:20| 120.5|  0.5|INFORM|Committed transaction at feature '218000'
2018-12-07 04:22:21| 121.0|  0.5|INFORM|Committed transaction at feature '219000'
2018-12-07 04:22:21| 121.5|  0.5|INFORM|Committed transaction at feature '220000'
2018-12-07 04:22:22| 122.0|  0.5|INFORM|Committed transaction at feature '221000'
2018-12-07 04:22:22| 122.5|  0.5|INFORM|Committed transaction at feature '222000'
2018-12-07 04:22:23| 123.0|  0.5|INFORM|Committed transaction at feature '223000'
2018-12-07 04:22:23| 123.5|  0.5|INFORM|Committed transaction at feature '224000'
2018-12-07 04:22:24| 124.0|  0.5|INFORM|Committed transaction at feature '225000'
2018-12-07 04:22:25| 124.5|  0.5|INFORM|Committed transaction at feature '226000'
2018-12-07 04:22:25| 125.0|  0.5|INFORM|Committed transaction at feature '227000'
2018-12-07 04:22:26| 125.5|  0.5|INFORM|Committed transaction at feature '228000'
2018-12-07 04:22:26| 126.0|  0.5|INFORM|Committed transaction at feature '229000'
2018-12-07 04:22:27| 126.5|  0.5|INFORM|Committed transaction at feature '230000'
2018-12-07 04:22:27| 127.0|  0.5|INFORM|Committed transaction at feature '231000'
2018-12-07 04:22:28| 127.5|  0.5|INFORM|Committed transaction at feature '232000'
2018-12-07 04:22:28| 128.0|  0.5|INFORM|Committed transaction at feature '233000'
2018-12-07 04:22:29| 128.5|  0.5|INFORM|Committed transaction at feature '234000'
2018-12-07 04:22:30| 129.0|  0.5|INFORM|Committed transaction at feature '235000'
2018-12-07 04:22:30| 129.5|  0.5|INFORM|Committed transaction at feature '236000'
2018-12-07 04:22:31| 130.0|  0.5|INFORM|Committed transaction at feature '237000'
2018-12-07 04:22:31| 130.4|  0.5|INFORM|Committed transaction at feature '238000'
2018-12-07 04:22:32| 130.9|  0.5|INFORM|Committed transaction at feature '239000'
2018-12-07 04:22:32| 131.4|  0.5|INFORM|Committed transaction at feature '240000'
2018-12-07 04:22:33| 131.9|  0.5|INFORM|Committed transaction at feature '241000'
2018-12-07 04:22:33| 132.4|  0.5|INFORM|Committed transaction at feature '242000'
2018-12-07 04:22:34| 132.9|  0.5|INFORM|Committed transaction at feature '243000'
2018-12-07 04:22:35| 133.4|  0.5|INFORM|Committed transaction at feature '244000'
2018-12-07 04:22:35| 133.9|  0.5|INFORM|Committed transaction at feature '245000'
2018-12-07 04:22:36| 134.4|  0.5|INFORM|Committed transaction at feature '246000'
2018-12-07 04:22:36| 134.9|  0.5|INFORM|Committed transaction at feature '247000'
2018-12-07 04:22:37| 135.4|  0.5|INFORM|Committed transaction at feature '248000'
2018-12-07 04:22:37| 135.8|  0.5|INFORM|Committed transaction at feature '249000'
2018-12-07 04:22:38| 136.3|  0.5|INFORM|Committed transaction at feature '250000'
2018-12-07 04:22:38| 136.8|  0.5|INFORM|Committed transaction at feature '251000'
2018-12-07 04:22:39| 137.3|  0.5|INFORM|Committed transaction at feature '252000'
2018-12-07 04:22:39| 137.8|  0.5|INFORM|Committed transaction at feature '253000'
2018-12-07 04:22:40| 138.3|  0.5|INFORM|Committed transaction at feature '254000'
2018-12-07 04:22:41| 138.8|  0.5|INFORM|Committed transaction at feature '255000'
2018-12-07 04:22:41| 139.3|  0.5|INFORM|Committed transaction at feature '256000'
2018-12-07 04:22:42| 139.8|  0.5|INFORM|Committed transaction at feature '257000'
2018-12-07 04:22:42| 140.3|  0.5|INFORM|Committed transaction at feature '258000'
2018-12-07 04:22:43| 140.8|  0.5|INFORM|Committed transaction at feature '259000'
2018-12-07 04:22:43| 141.3|  0.5|INFORM|Committed transaction at feature '260000'
2018-12-07 04:22:44| 141.8|  0.5|INFORM|Committed transaction at feature '261000'
2018-12-07 04:22:44| 142.3|  0.5|INFORM|Committed transaction at feature '262000'
2018-12-07 04:22:45| 142.8|  0.5|INFORM|Committed transaction at feature '263000'
2018-12-07 04:22:46| 143.3|  0.5|INFORM|Committed transaction at feature '264000'
2018-12-07 04:22:46| 143.8|  0.5|INFORM|Committed transaction at feature '265000'
2018-12-07 04:22:47| 144.3|  0.5|INFORM|Committed transaction at feature '266000'
2018-12-07 04:22:47| 144.8|  0.5|INFORM|Committed transaction at feature '267000'
2018-12-07 04:22:48| 145.3|  0.5|INFORM|Committed transaction at feature '268000'
2018-12-07 04:22:48| 145.8|  0.5|INFORM|Committed transaction at feature '269000'
2018-12-07 04:22:49| 146.3|  0.5|INFORM|Committed transaction at feature '270000'
2018-12-07 04:22:49| 146.8|  0.5|INFORM|Committed transaction at feature '271000'
2018-12-07 04:22:50| 147.3|  0.5|INFORM|Committed transaction at feature '272000'
2018-12-07 04:22:51| 147.7|  0.5|INFORM|Committed transaction at feature '273000'
2018-12-07 04:22:51| 148.3|  0.5|INFORM|Committed transaction at feature '274000'
2018-12-07 04:22:52| 148.7|  0.5|INFORM|Committed transaction at feature '275000'
2018-12-07 04:22:52| 149.2|  0.5|INFORM|Committed transaction at feature '276000'
2018-12-07 04:22:53| 149.7|  0.5|INFORM|Committed transaction at feature '277000'
2018-12-07 04:22:53| 150.2|  0.5|INFORM|Committed transaction at feature '278000'
2018-12-07 04:22:54| 150.7|  0.5|INFORM|Committed transaction at feature '279000'
2018-12-07 04:22:54| 151.2|  0.5|INFORM|Committed transaction at feature '280000'
2018-12-07 04:22:55| 151.6|  0.5|INFORM|Committed transaction at feature '281000'
2018-12-07 04:22:56| 152.1|  0.5|INFORM|Committed transaction at feature '282000'
2018-12-07 04:22:56| 152.6|  0.5|INFORM|Committed transaction at feature '283000'
2018-12-07 04:22:57| 153.1|  0.5|INFORM|Committed transaction at feature '284000'
2018-12-07 04:22:57| 153.6|  0.5|INFORM|Committed transaction at feature '285000'
2018-12-07 04:22:58| 154.1|  0.5|INFORM|Committed transaction at feature '286000'
2018-12-07 04:22:58| 154.6|  0.5|INFORM|Committed transaction at feature '287000'
2018-12-07 04:22:59| 155.1|  0.5|INFORM|Committed transaction at feature '288000'
2018-12-07 04:22:59| 155.6|  0.5|INFORM|Committed transaction at feature '289000'
2018-12-07 04:23:00| 156.2|  0.6|INFORM|Committed transaction at feature '290000'
2018-12-07 04:23:01| 156.7|  0.5|INFORM|Committed transaction at feature '291000'
2018-12-07 04:23:01| 157.3|  0.6|INFORM|Committed transaction at feature '292000'
2018-12-07 04:23:02| 157.8|  0.5|INFORM|Committed transaction at feature '293000'
2018-12-07 04:23:02| 158.3|  0.5|INFORM|Committed transaction at feature '294000'
2018-12-07 04:23:03| 158.8|  0.5|INFORM|Committed transaction at feature '295000'
2018-12-07 04:23:03| 159.3|  0.5|INFORM|Committed transaction at feature '296000'
2018-12-07 04:23:04| 159.8|  0.6|INFORM|Committed transaction at feature '297000'
2018-12-07 04:23:05| 160.5|  0.6|INFORM|Committed transaction at feature '298000'
2018-12-07 04:23:05| 161.0|  0.6|INFORM|Committed transaction at feature '299000'
2018-12-07 04:23:06| 161.6|  0.5|INFORM|Committed transaction at feature '300000'
2018-12-07 04:23:07| 162.1|  0.5|INFORM|Committed transaction at feature '301000'
2018-12-07 04:23:07| 162.6|  0.5|INFORM|Committed transaction at feature '302000'
2018-12-07 04:23:08| 163.1|  0.5|INFORM|Committed transaction at feature '303000'
2018-12-07 04:23:08| 163.6|  0.5|INFORM|Committed transaction at feature '304000'
2018-12-07 04:23:09| 164.2|  0.6|INFORM|Committed transaction at feature '305000'
2018-12-07 04:23:10| 164.7|  0.5|INFORM|Committed transaction at feature '306000'
2018-12-07 04:23:10| 165.3|  0.5|INFORM|Committed transaction at feature '307000'
2018-12-07 04:23:11| 165.8|  0.5|INFORM|Committed transaction at feature '308000'
2018-12-07 04:23:11| 166.3|  0.5|INFORM|Committed transaction at feature '309000'
2018-12-07 04:23:12| 166.8|  0.5|INFORM|Committed transaction at feature '310000'
2018-12-07 04:23:12| 167.3|  0.5|INFORM|Committed transaction at feature '311000'
2018-12-07 04:23:13| 167.8|  0.5|INFORM|Committed transaction at feature '312000'
2018-12-07 04:23:14| 168.3|  0.5|INFORM|Committed transaction at feature '313000'
2018-12-07 04:23:14| 168.8|  0.5|INFORM|Committed transaction at feature '314000'
2018-12-07 04:23:15| 169.3|  0.5|INFORM|Committed transaction at feature '315000'
2018-12-07 04:23:15| 169.8|  0.5|INFORM|Committed transaction at feature '316000'
2018-12-07 04:23:16| 170.3|  0.5|INFORM|Committed transaction at feature '317000'
2018-12-07 04:23:16| 170.7|  0.5|INFORM|Committed transaction at feature '318000'
2018-12-07 04:23:17| 171.2|  0.5|INFORM|Committed transaction at feature '319000'
2018-12-07 04:23:17| 171.7|  0.5|INFORM|Committed transaction at feature '320000'
2018-12-07 04:23:18| 172.2|  0.5|INFORM|Committed transaction at feature '321000'
2018-12-07 04:23:19| 172.7|  0.5|INFORM|Committed transaction at feature '322000'
2018-12-07 04:23:19| 173.2|  0.5|INFORM|Committed transaction at feature '323000'
2018-12-07 04:23:20| 173.7|  0.5|INFORM|Committed transaction at feature '324000'
2018-12-07 04:23:20| 174.2|  0.5|INFORM|Committed transaction at feature '325000'
2018-12-07 04:23:21| 174.7|  0.5|INFORM|Committed transaction at feature '326000'
2018-12-07 04:23:21| 175.2|  0.5|INFORM|Committed transaction at feature '327000'
2018-12-07 04:23:22| 175.7|  0.5|INFORM|Committed transaction at feature '328000'
2018-12-07 04:23:22| 176.2|  0.5|INFORM|Committed transaction at feature '329000'
2018-12-07 04:23:23| 176.7|  0.5|INFORM|Committed transaction at feature '330000'
2018-12-07 04:23:23| 177.2|  0.5|INFORM|Committed transaction at feature '331000'
2018-12-07 04:23:24| 177.7|  0.5|INFORM|Committed transaction at feature '332000'
2018-12-07 04:23:25| 178.2|  0.5|INFORM|Committed transaction at feature '333000'
2018-12-07 04:23:25| 178.6|  0.5|INFORM|Committed transaction at feature '334000'
2018-12-07 04:23:26| 179.2|  0.5|INFORM|Committed transaction at feature '335000'
2018-12-07 04:23:26| 179.8|  0.6|INFORM|Committed transaction at feature '336000'
2018-12-07 04:23:27| 180.3|  0.5|INFORM|Committed transaction at feature '337000'
2018-12-07 04:23:27| 180.7|  0.5|INFORM|Committed transaction at feature '338000'
2018-12-07 04:23:28| 181.2|  0.5|INFORM|Committed transaction at feature '339000'
2018-12-07 04:23:29| 181.7|  0.5|INFORM|Committed transaction at feature '340000'
2018-12-07 04:23:29| 182.2|  0.5|INFORM|Committed transaction at feature '341000'
2018-12-07 04:23:30| 182.7|  0.5|INFORM|Committed transaction at feature '342000'
2018-12-07 04:23:30| 183.2|  0.5|INFORM|Committed transaction at feature '343000'
2018-12-07 04:23:31| 183.7|  0.5|INFORM|Committed transaction at feature '344000'
2018-12-07 04:23:31| 184.2|  0.5|INFORM|Committed transaction at feature '345000'
2018-12-07 04:23:32| 184.7|  0.5|INFORM|Committed transaction at feature '346000'
2018-12-07 04:23:32| 185.2|  0.5|INFORM|Committed transaction at feature '347000'
2018-12-07 04:23:33| 185.7|  0.5|INFORM|Committed transaction at feature '348000'
2018-12-07 04:23:34| 186.2|  0.5|INFORM|Committed transaction at feature '349000'
2018-12-07 04:23:34| 186.6|  0.5|INFORM|Committed transaction at feature '350000'
2018-12-07 04:23:35| 187.1|  0.5|INFORM|Committed transaction at feature '351000'
2018-12-07 04:23:35| 187.6|  0.5|INFORM|Committed transaction at feature '352000'
2018-12-07 04:23:36| 188.1|  0.5|INFORM|Committed transaction at feature '353000'
2018-12-07 04:23:36| 188.6|  0.5|INFORM|Committed transaction at feature '354000'
2018-12-07 04:23:37| 189.1|  0.5|INFORM|Committed transaction at feature '355000'
2018-12-07 04:23:37| 189.6|  0.5|INFORM|Committed transaction at feature '356000'
2018-12-07 04:23:38| 190.1|  0.5|INFORM|Committed transaction at feature '357000'
2018-12-07 04:23:39| 190.6|  0.5|INFORM|Committed transaction at feature '358000'
2018-12-07 04:23:39| 191.1|  0.5|INFORM|Committed transaction at feature '359000'
2018-12-07 04:23:40| 191.6|  0.5|INFORM|Committed transaction at feature '360000'
2018-12-07 04:23:40| 192.1|  0.5|INFORM|Committed transaction at feature '361000'
2018-12-07 04:23:41| 192.6|  0.5|INFORM|Committed transaction at feature '362000'
2018-12-07 04:23:41| 193.1|  0.5|INFORM|Committed transaction at feature '363000'
2018-12-07 04:23:42| 193.5|  0.5|INFORM|Committed transaction at feature '364000'
2018-12-07 04:23:42| 194.0|  0.5|INFORM|Committed transaction at feature '365000'
2018-12-07 04:23:43| 194.5|  0.5|INFORM|Committed transaction at feature '366000'
2018-12-07 04:23:44| 195.0|  0.5|INFORM|Committed transaction at feature '367000'
2018-12-07 04:23:44| 195.5|  0.5|INFORM|Committed transaction at feature '368000'
2018-12-07 04:23:45| 196.0|  0.5|INFORM|Committed transaction at feature '369000'
2018-12-07 04:23:45| 196.4|  0.5|INFORM|Committed transaction at feature '370000'
2018-12-07 04:23:46| 196.9|  0.5|INFORM|Committed transaction at feature '371000'
2018-12-07 04:23:46| 197.4|  0.5|INFORM|Committed transaction at feature '372000'
2018-12-07 04:23:47| 197.9|  0.5|INFORM|Committed transaction at feature '373000'
2018-12-07 04:23:47| 198.4|  0.5|INFORM|Committed transaction at feature '374000'
2018-12-07 04:23:48| 198.9|  0.5|INFORM|Committed transaction at feature '375000'
2018-12-07 04:23:49| 199.4|  0.5|INFORM|Committed transaction at feature '376000'
2018-12-07 04:23:49| 199.8|  0.5|INFORM|Committed transaction at feature '377000'
2018-12-07 04:23:50| 200.3|  0.5|INFORM|Committed transaction at feature '378000'
2018-12-07 04:23:50| 200.8|  0.5|INFORM|Committed transaction at feature '379000'
2018-12-07 04:23:51| 201.3|  0.5|INFORM|Committed transaction at feature '380000'
2018-12-07 04:23:51| 201.8|  0.5|INFORM|Committed transaction at feature '381000'
2018-12-07 04:23:52| 202.3|  0.5|INFORM|Committed transaction at feature '382000'
2018-12-07 04:23:52| 202.8|  0.5|INFORM|Committed transaction at feature '383000'
2018-12-07 04:23:53| 203.3|  0.5|INFORM|Committed transaction at feature '384000'
2018-12-07 04:23:54| 203.8|  0.5|INFORM|Committed transaction at feature '385000'
2018-12-07 04:23:54| 204.3|  0.5|INFORM|Committed transaction at feature '386000'
2018-12-07 04:23:55| 204.8|  0.5|INFORM|Committed transaction at feature '387000'
2018-12-07 04:23:55| 205.3|  0.5|INFORM|Committed transaction at feature '388000'
2018-12-07 04:23:56| 205.8|  0.5|INFORM|Committed transaction at feature '389000'
2018-12-07 04:23:56| 206.2|  0.5|INFORM|Committed transaction at feature '390000'
2018-12-07 04:23:57| 206.7|  0.5|INFORM|Committed transaction at feature '391000'
2018-12-07 04:23:57| 207.2|  0.5|INFORM|Committed transaction at feature '392000'
2018-12-07 04:23:58| 207.7|  0.5|INFORM|Committed transaction at feature '393000'
2018-12-07 04:23:58| 208.2|  0.5|INFORM|Committed transaction at feature '394000'
2018-12-07 04:23:59| 208.7|  0.5|INFORM|Committed transaction at feature '395000'
2018-12-07 04:24:00| 209.2|  0.5|INFORM|Committed transaction at feature '396000'
2018-12-07 04:24:00| 209.8|  0.6|INFORM|Committed transaction at feature '397000'
2018-12-07 04:24:01| 210.3|  0.6|INFORM|Committed transaction at feature '398000'
2018-12-07 04:24:01| 210.9|  0.5|INFORM|Committed transaction at feature '399000'
2018-12-07 04:24:02| 211.4|  0.5|INFORM|Committed transaction at feature '400000'
2018-12-07 04:24:03| 211.8|  0.5|INFORM|Committed transaction at feature '401000'
2018-12-07 04:24:03| 212.4|  0.5|INFORM|Committed transaction at feature '402000'
2018-12-07 04:24:04| 212.9|  0.6|INFORM|Committed transaction at feature '403000'
2018-12-07 04:24:04| 213.6|  0.7|INFORM|Committed transaction at feature '404000'
2018-12-07 04:24:05| 214.1|  0.6|INFORM|Committed transaction at feature '405000'
2018-12-07 04:24:06| 214.6|  0.5|INFORM|Committed transaction at feature '406000'
2018-12-07 04:24:06| 215.1|  0.5|INFORM|Committed transaction at feature '407000'
2018-12-07 04:24:07| 215.6|  0.5|INFORM|Committed transaction at feature '408000'
2018-12-07 04:24:07| 216.1|  0.5|INFORM|Committed transaction at feature '409000'
2018-12-07 04:24:08| 216.6|  0.5|INFORM|Committed transaction at feature '410000'
2018-12-07 04:24:08| 217.1|  0.5|INFORM|Committed transaction at feature '411000'
2018-12-07 04:24:09| 217.6|  0.5|INFORM|Committed transaction at feature '412000'
2018-12-07 04:24:09| 218.1|  0.5|INFORM|Committed transaction at feature '413000'
2018-12-07 04:24:10| 218.6|  0.5|INFORM|Committed transaction at feature '414000'
2018-12-07 04:24:11| 219.2|  0.5|INFORM|Committed transaction at feature '415000'
2018-12-07 04:24:11| 219.7|  0.5|INFORM|Committed transaction at feature '416000'
2018-12-07 04:24:12| 220.2|  0.6|INFORM|Committed transaction at feature '417000'
2018-12-07 04:24:12| 220.7|  0.5|INFORM|Committed transaction at feature '418000'
2018-12-07 04:24:13| 221.2|  0.5|INFORM|Committed transaction at feature '419000'
2018-12-07 04:24:13| 221.7|  0.5|INFORM|Committed transaction at feature '420000'
2018-12-07 04:24:14| 222.3|  0.5|INFORM|Committed transaction at feature '421000'
2018-12-07 04:24:15| 222.7|  0.5|INFORM|Committed transaction at feature '422000'
2018-12-07 04:24:15| 223.2|  0.5|INFORM|Committed transaction at feature '423000'
2018-12-07 04:24:16| 223.7|  0.5|INFORM|Committed transaction at feature '424000'
2018-12-07 04:24:16| 224.2|  0.5|INFORM|Committed transaction at feature '425000'
2018-12-07 04:24:17| 224.7|  0.5|INFORM|Committed transaction at feature '426000'
2018-12-07 04:24:17| 225.2|  0.5|INFORM|Committed transaction at feature '427000'
2018-12-07 04:24:18| 225.7|  0.5|INFORM|Committed transaction at feature '428000'
2018-12-07 04:24:18| 226.2|  0.5|INFORM|Committed transaction at feature '429000'
2018-12-07 04:24:19| 226.7|  0.5|INFORM|Committed transaction at feature '430000'
2018-12-07 04:24:20| 227.2|  0.4|INFORM|Committed transaction at feature '431000'
2018-12-07 04:24:20| 227.6|  0.4|INFORM|Committed transaction at feature '432000'
2018-12-07 04:24:21| 228.0|  0.4|INFORM|Committed transaction at feature '433000'
2018-12-07 04:24:21| 228.4|  0.4|INFORM|Committed transaction at feature '434000'
2018-12-07 04:24:22| 228.8|  0.4|INFORM|Committed transaction at feature '435000'
2018-12-07 04:24:22| 229.2|  0.4|INFORM|Committed transaction at feature '436000'
2018-12-07 04:24:23| 229.6|  0.4|INFORM|Committed transaction at feature '437000'
2018-12-07 04:24:23| 230.1|  0.4|INFORM|Committed transaction at feature '438000'
2018-12-07 04:24:24| 230.5|  0.4|INFORM|Committed transaction at feature '439000'
2018-12-07 04:24:24| 230.9|  0.4|INFORM|Committed transaction at feature '440000'
2018-12-07 04:24:25| 231.3|  0.4|INFORM|Committed transaction at feature '441000'
2018-12-07 04:24:25| 231.8|  0.4|INFORM|Committed transaction at feature '442000'
2018-12-07 04:24:26| 232.2|  0.5|INFORM|Committed transaction at feature '443000'
2018-12-07 04:24:26| 232.7|  0.4|INFORM|Committed transaction at feature '444000'
2018-12-07 04:24:27| 233.1|  0.4|INFORM|Committed transaction at feature '445000'
2018-12-07 04:24:27| 233.5|  0.4|INFORM|Committed transaction at feature '446000'
2018-12-07 04:24:28| 234.0|  0.5|INFORM|Committed transaction at feature '447000'
2018-12-07 04:24:28| 234.4|  0.4|INFORM|Committed transaction at feature '448000'
2018-12-07 04:24:29| 234.8|  0.4|INFORM|Committed transaction at feature '449000'
2018-12-07 04:24:29| 235.3|  0.4|INFORM|Committed transaction at feature '450000'
2018-12-07 04:24:30| 235.7|  0.4|INFORM|Committed transaction at feature '451000'
2018-12-07 04:24:30| 236.1|  0.4|INFORM|Committed transaction at feature '452000'
2018-12-07 04:24:30| 236.6|  0.4|INFORM|Committed transaction at feature '453000'
2018-12-07 04:24:31| 237.0|  0.5|INFORM|Committed transaction at feature '454000'
2018-12-07 04:24:31| 237.5|  0.5|INFORM|Committed transaction at feature '455000'
2018-12-07 04:24:32| 237.9|  0.5|INFORM|Committed transaction at feature '456000'
2018-12-07 04:24:32| 238.4|  0.4|INFORM|Committed transaction at feature '457000'
2018-12-07 04:24:33| 238.8|  0.4|INFORM|Committed transaction at feature '458000'
2018-12-07 04:24:33| 239.2|  0.4|INFORM|Committed transaction at feature '459000'
2018-12-07 04:24:34| 239.7|  0.4|INFORM|Committed transaction at feature '460000'
2018-12-07 04:24:34| 240.1|  0.5|INFORM|Committed transaction at feature '461000'
2018-12-07 04:24:35| 240.7|  0.5|INFORM|Committed transaction at feature '462000'
2018-12-07 04:24:36| 241.1|  0.5|INFORM|Committed transaction at feature '463000'
2018-12-07 04:24:36| 241.5|  0.4|INFORM|Committed transaction at feature '464000'
2018-12-07 04:24:37| 242.0|  0.4|INFORM|Committed transaction at feature '465000'
2018-12-07 04:24:37| 242.4|  0.4|INFORM|Committed transaction at feature '466000'
2018-12-07 04:24:38| 242.8|  0.4|INFORM|Committed transaction at feature '467000'
2018-12-07 04:24:38| 243.2|  0.4|INFORM|Committed transaction at feature '468000'
2018-12-07 04:24:39| 243.7|  0.4|INFORM|Committed transaction at feature '469000'
2018-12-07 04:24:39| 244.1|  0.4|INFORM|Committed transaction at feature '470000'
2018-12-07 04:24:39| 244.5|  0.4|INFORM|Committed transaction at feature '471000'
2018-12-07 04:24:40| 245.0|  0.5|INFORM|Committed transaction at feature '472000'
2018-12-07 04:24:40| 245.4|  0.5|INFORM|Committed transaction at feature '473000'
2018-12-07 04:24:41| 245.5|  0.0|INFORM|Microsoft SQL Server Non-Spatial Reader: Database read complete.  Retrieved 473099 feature(s)
2018-12-07 04:24:41| 245.5|  0.0|STATS |SQLCreator_Creator(CreationFactory): Created 1 features
2018-12-07 04:24:41| 245.5|  0.0|INFORM|Microsoft SQL Server Non-Spatial Reader: Closing `pinhistory' . Read operation complete
2018-12-07 04:24:41| 245.5|  0.0|STATS |SQLCreator_RESULT Brancher -1 6(BranchingFactory): Branched 473099 input features -- 473099 features routed to the target factory, and 0 features routed to the fallback factory.
2018-12-07 04:24:41| 245.5|  0.0|STATS |_CREATOR_BRANCH_TARGET(TeeFactory): Cloned 473099 input feature(s) into 473099 output feature(s)
2018-12-07 04:24:41| 245.5|  0.0|STATS |Destination Feature Type Routing Correlator(RoutingFactory): Tested 473099 input feature(s), wrote 473099 output feature(s): 0 matched merge filters, 473099 were routed to output, 0 could not be routed.
2018-12-07 04:24:41| 245.5|  0.0|STATS |Final Output Nuker(TeeFactory): Cloned 0 input feature(s) into 0 output feature(s)
2018-12-07 04:24:41| 245.5|  0.0|INFORM|Successfully closed POSTGRES database writer
2018-12-07 04:24:41| 245.5|  0.0|INFORM|=-=-=-=-=-=-=-=-=-=-=-=-=-=-=-=-=-=-=-=-=-=-=-=-=-=-=-=-=-=-=-=-=-=-=-=-=-=-=-
2018-12-07 04:24:41| 245.5|  0.0|INFORM|Feature output statistics for `POSTGRES' writer using keyword `POSTGRES_1':
2018-12-07 04:24:41| 245.5|  0.0|STATS |=-=-=-=-=-=-=-=-=-=-=-=-=-=-=-=-=-=-=-=-=-=-=-=-=-=-=-=-=-=-=-=-=-=-=-=-=-=-=-
2018-12-07 04:24:41| 245.5|  0.0|STATS |                               Features Written
2018-12-07 04:24:41| 245.5|  0.0|STATS |=-=-=-=-=-=-=-=-=-=-=-=-=-=-=-=-=-=-=-=-=-=-=-=-=-=-=-=-=-=-=-=-=-=-=-=-=-=-=-
2018-12-07 04:24:41| 245.5|  0.0|STATS |internal.bc_property_account_master                                     473099
2018-12-07 04:24:41| 245.5|  0.0|STATS |==============================================================================
2018-12-07 04:24:41| 245.5|  0.0|STATS |Total Features Written                                                  473099
2018-12-07 04:24:41| 245.5|  0.0|STATS |=-=-=-=-=-=-=-=-=-=-=-=-=-=-=-=-=-=-=-=-=-=-=-=-=-=-=-=-=-=-=-=-=-=-=-=-=-=-=-
2018-12-07 04:24:41| 245.5|  0.0|STATS |=-=-=-=-=-=-=-=-=-=-=-=-=-=-=-=-=-=-=-=-=-=-=-=-=-=-=-=-=-=-=-=-=-=-=-=-=-=-=-
2018-12-07 04:24:41| 245.5|  0.0|STATS |                            Features Read Summary
2018-12-07 04:24:41| 245.5|  0.0|STATS |=-=-=-=-=-=-=-=-=-=-=-=-=-=-=-=-=-=-=-=-=-=-=-=-=-=-=-=-=-=-=-=-=-=-=-=-=-=-=-
2018-12-07 04:24:41| 245.5|  0.0|STATS |==============================================================================
2018-12-07 04:24:41| 245.5|  0.0|STATS |Total Features Read                                                          0
2018-12-07 04:24:41| 245.5|  0.0|STATS |=-=-=-=-=-=-=-=-=-=-=-=-=-=-=-=-=-=-=-=-=-=-=-=-=-=-=-=-=-=-=-=-=-=-=-=-=-=-=-
2018-12-07 04:24:41| 245.5|  0.0|STATS |=-=-=-=-=-=-=-=-=-=-=-=-=-=-=-=-=-=-=-=-=-=-=-=-=-=-=-=-=-=-=-=-=-=-=-=-=-=-=-
2018-12-07 04:24:41| 245.5|  0.0|STATS |                           Features Written Summary
2018-12-07 04:24:41| 245.5|  0.0|STATS |=-=-=-=-=-=-=-=-=-=-=-=-=-=-=-=-=-=-=-=-=-=-=-=-=-=-=-=-=-=-=-=-=-=-=-=-=-=-=-
2018-12-07 04:24:41| 245.5|  0.0|STATS |internal.bc_property_account_master                                     473099
2018-12-07 04:24:41| 245.5|  0.0|STATS |==============================================================================
2018-12-07 04:24:41| 245.5|  0.0|STATS |Total Features Written                                                  473099
2018-12-07 04:24:41| 245.5|  0.0|STATS |=-=-=-=-=-=-=-=-=-=-=-=-=-=-=-=-=-=-=-=-=-=-=-=-=-=-=-=-=-=-=-=-=-=-=-=-=-=-=-
2018-12-07 04:24:41| 245.5|  0.0|INFORM|Microsoft SQL Server Non-Spatial Reader: Closing `pinhistory' . Read operation complete
2018-12-07 04:24:41| 245.5|  0.0|INFORM|Translation was SUCCESSFUL with 0 warning(s) (473099 feature(s) output)
2018-12-07 04:24:41| 245.5|  0.0|INFORM|FME Session Duration: 4 minutes 37.2 seconds. (CPU: 244.0s user, 1.4s system)
2018-12-07 04:24:41| 245.5|  0.0|INFORM|END - ProcessID: 5256, peak process memory usage: 84676 kB, current process memory usage: 84408 kB
