2020-04-02 01:05:05|   0.1|  0.1|INFORM|FME 2017.1.1.1 (20171014 - Build 17652 - WIN32)
2020-04-02 01:05:05|   0.1|  0.0|INFORM|FME_HOME is 'c:\FME2017\'
2020-04-02 01:05:05|   0.1|  0.0|INFORM|FME Desktop ESRI Edition (floating)
2020-04-02 01:05:05|   0.1|  0.0|INFORM|Permanent License.
2020-04-02 01:05:05|   0.1|  0.0|INFORM|Machine host name is: coa-gis-fme2
2020-04-02 01:05:05|   0.1|  0.0|INFORM|START - ProcessID: 8644, peak process memory usage: 30564 kB, current process memory usage: 30540 kB
2020-04-02 01:05:05|   0.1|  0.0|INFORM|FME Configuration: Command line arguments are `c:\FME2017\fme' `C:\COA\bedrock\working_directory\coa_computer_assets.pub/mdastore1TOcoa-publicdb1_coa_computer_assets.fmw'
2020-04-02 01:05:05|   0.2|  0.1|INFORM|Shared folders for formats are : c:\FME2017\datasources;C:\Users\mssqlgisadmin\Documents\FME\Formats
2020-04-02 01:05:05|   0.2|  0.0|INFORM|Shared folders for transformers are : c:\FME2017\transformers;C:\Users\mssqlgisadmin\Documents\FME\Transformers;C:\Users\mssqlgisadmin\AppData\Roaming\Safe Software\FME\FME Store\Transformers
2020-04-02 01:05:05|   0.2|  0.0|INFORM|Shared folders for coordinate systems are : C:\Users\mssqlgisadmin\Documents\FME\CoordinateSystems
2020-04-02 01:05:05|   0.2|  0.0|INFORM|Shared folders for coordinate system exceptions are : C:\Users\mssqlgisadmin\Documents\FME\CoordinateSystemExceptions
2020-04-02 01:05:05|   0.2|  0.0|INFORM|Shared folders for coordinate system grid overrides are : C:\Users\mssqlgisadmin\Documents\FME\CoordinateSystemGridOverrides
2020-04-02 01:05:05|   0.2|  0.0|INFORM|Shared folders for CS-MAP transformation exceptions are : C:\Users\mssqlgisadmin\Documents\FME\CsmapTransformationExceptions
2020-04-02 01:05:05|   0.2|  0.0|INFORM|Shared folders for transformer categories are : C:\Users\mssqlgisadmin\Documents\FME\TransformerCategories
2020-04-02 01:05:05|   0.2|  0.0|INFORM|FME Configuration: Reader Keyword is `POSTGRES_3'
2020-04-02 01:05:05|   0.2|  0.0|INFORM|FME Configuration: Writer Keyword is `MULTI_WRITER'
2020-04-02 01:05:05|   0.2|  0.0|INFORM|FME Configuration: Writer Group Definition Keyword is `MULTI_WRITER_DEF'
2020-04-02 01:05:05|   0.2|  0.0|INFORM|FME Configuration: Reader type is `POSTGRES'
2020-04-02 01:05:05|   0.2|  0.0|INFORM|FME Configuration: Writer type is `MULTI_WRITER'
2020-04-02 01:05:05|   0.2|  0.0|INFORM|FME Configuration: No destination coordinate system set
2020-04-02 01:05:05|   0.2|  0.0|INFORM|FME Configuration: Current working folder is `C:\COA\bedrock\working_directory\coa_computer_assets.pub'
2020-04-02 01:05:05|   0.2|  0.0|INFORM|FME Configuration: Temporary folder is `C:\Users\MSSQLG~1\AppData\Local\Temp', set from environment variable `TEMP'
2020-04-02 01:05:05|   0.2|  0.0|INFORM|FME Configuration: FME_HOME is `c:\FME2017\'
2020-04-02 01:05:05|   0.2|  0.0|INFORM|FME Configuration: FME_BASE is 'no'
2020-04-02 01:05:05|   0.2|  0.0|INFORM|FME Configuration: FME_MF_DIR is 'C:\COA\bedrock\working_directory\coa_computer_assets.pub/'
2020-04-02 01:05:05|   0.2|  0.0|INFORM|FME Configuration: FME_MF_NAME is 'mdastore1TOcoa-publicdb1_coa_computer_assets.fmw'
2020-04-02 01:05:05|   0.2|  0.0|INFORM|FME Configuration: FME_PRODUCT_NAME is 'FME(R) 2017.1.1.1'
2020-04-02 01:05:05|   0.2|  0.0|INFORM|System Status: 105.37 GB of disk space available in the FME temporary folder (C:\Users\MSSQLG~1\AppData\Local\Temp)
2020-04-02 01:05:05|   0.2|  0.0|INFORM|System Status: 4.00 GB of virtual memory available
2020-04-02 01:05:05|   0.2|  0.0|INFORM|Operating System: Microsoft Windows Server 2012 R2 Server 4.0 64-bit  (Build 9600)
2020-04-02 01:05:05|   0.2|  0.0|INFORM|FME Platform: WIN32
2020-04-02 01:05:05|   0.2|  0.0|INFORM|Locale: en_US
2020-04-02 01:05:05|   0.2|  0.0|INFORM|Code Page: 1252  (ANSI - Latin I)
2020-04-02 01:05:05|   0.2|  0.0|INFORM|FME Configuration: Process limits are 8.00 GB of physical memory and 4.00 GB of address space
2020-04-02 01:05:05|   0.2|  0.0|INFORM|FME Configuration: Start freeing memory when process usage exceeds 2.83 GB of memory or 3.41 GB of address space
2020-04-02 01:05:05|   0.2|  0.0|INFORM|FME Configuration: Stop freeing memory when process usage is below 2.12 GB of memory and 2.56 GB of address space
2020-04-02 01:05:05|   0.3|  0.1|INFORM|Creating writer for format: 
2020-04-02 01:05:06|   1.6|  1.4|INFORM|FME Configuration: Named Connection Storage: 'C:\Users\mssqlgisadmin\AppData\Roaming\Safe Software\FME\'
2020-04-02 01:05:06|   1.6|  0.0|INFORM|FME Configuration: Using Named Connection values from 'mda-store-1' for POSTGRES_3
2020-04-02 01:05:06|   1.6|  0.0|INFORM|Creating reader for format: PostgreSQL
2020-04-02 01:05:06|   1.7|  0.1|INFORM|Trying to find a DYNAMIC plugin for reader named `POSTGRES'
2020-04-02 01:05:06|   1.7|  0.0|INFORM|Loaded module 'POSTGRES' from file 'c:\FME2017\plugins/POSTGIS.dll'
2020-04-02 01:05:06|   1.7|  0.0|INFORM|FME API version of module 'POSTGRES' matches current internal version (3.8 20170315)
2020-04-02 01:05:06|   1.7|  0.0|INFORM|Opening POSTGRES reader for dataset 'mdastore1'
2020-04-02 01:05:07|   2.8|  1.1|INFORM|PostGIS client encoding: 'UTF8'
2020-04-02 01:05:08|   2.8|  0.0|INFORM|PostgreSQL 10.4 on x86_64-pc-linux-gnu, compiled by gcc (GCC) 4.8.3 20140911 (Red Hat 4.8.3-9), 64-bit
2020-04-02 01:05:08|   2.8|  0.0|INFORM|Using MultiWriter with keyword `MULTI_WRITER' to output data (ID_ATTRIBUTE is `multi_writer_id')
2020-04-02 01:05:08|   2.8|  0.0|INFORM|Writer output will be ordered by value of multi_writer_id
2020-04-02 01:05:08|   2.8|  0.0|INFORM|Reading POSTGRES table: 'internal.coa_computer_assets'...
2020-04-02 01:05:08|   2.9|  0.1|INFORM|FME Configuration: Using Named Connection values from 'coa-publicdb1' for POSTGRES_1
2020-04-02 01:05:08|   2.9|  0.0|INFORM|Creating writer for format: PostgreSQL
2020-04-02 01:05:08|   2.9|  0.0|INFORM|Trying to find a DYNAMIC plugin for writer named `POSTGRES'
2020-04-02 01:05:08|   2.9|  0.0|INFORM|FME API version of module 'POSTGRES' matches current internal version (3.8 20170315)
2020-04-02 01:05:08|   2.9|  0.0|INFORM|FME Configuration: No destination coordinate system set
2020-04-02 01:05:08|   2.9|  0.0|INFORM|FME API version of module 'POSTGRES' matches current internal version (3.8 20170315)
2020-04-02 01:05:08|   2.9|  0.0|INFORM|Writer `POSTGRES_1' of type `POSTGRES' using group definition keyword `POSTGRES_1_DEF'
2020-04-02 01:05:08|   2.9|  0.0|INFORM|FME API version of module 'POSTGRES' matches current internal version (3.8 20170315)
2020-04-02 01:05:08|   2.9|  0.0|INFORM|Opening POSTGRES writer for dataset 'coa_share'...
2020-04-02 01:05:08|   2.9|  0.0|INFORM|PostGIS client encoding: 'UTF8'
2020-04-02 01:05:09|   2.9|  0.0|INFORM|PostgreSQL 10.4 on x86_64-pc-linux-gnu, compiled by gcc (GCC) 4.8.3 20140911 (Red Hat 4.8.3-9), 64-bit
2020-04-02 01:05:09|   2.9|  0.0|INFORM|Testing for the existence of table 'internal.coa_computer_assets'...
2020-04-02 01:05:09|   2.9|  0.0|INFORM|Truncating existing table 'internal.coa_computer_assets'...
2020-04-02 01:05:09|   2.9|  0.0|INFORM|Using existing table 'internal.coa_computer_assets'
2020-04-02 01:05:10|   2.9|  0.0|INFORM|POSTGRES Writer: Creating 'streaming Bulk Copy' feature type processor for feature type 'internal.coa_computer_assets'
2020-04-02 01:05:11|   3.4|  0.5|INFORM|Committed transaction at feature '1000'
2020-04-02 01:05:11|   3.5|  0.1|INFORM|Emptying factory pipeline
2020-04-02 01:05:11|   3.5|  0.0|STATS |Router and Unexpected Input Remover(RoutingFactory): Tested 1194 input feature(s), wrote 1194 output feature(s): 1194 matched merge filters, 1194 were routed to output, 0 could not be routed.
2020-04-02 01:05:11|   3.5|  0.0|STATS |internal.coa_computer_assets (POSTGRES_3) Splitter(TeeFactory): Cloned 1194 input feature(s) into 1194 output feature(s)
2020-04-02 01:05:11|   3.5|  0.0|STATS |Destination Feature Type Routing Correlator(RoutingFactory): Tested 1194 input feature(s), wrote 1194 output feature(s): 0 matched merge filters, 1194 were routed to output, 0 could not be routed.
2020-04-02 01:05:11|   3.5|  0.0|STATS |Final Output Nuker(TeeFactory): Cloned 0 input feature(s) into 0 output feature(s)
2020-04-02 01:05:11|   3.5|  0.0|INFORM|Successfully closed POSTGRES database writer
2020-04-02 01:05:11|   3.5|  0.0|INFORM|=-=-=-=-=-=-=-=-=-=-=-=-=-=-=-=-=-=-=-=-=-=-=-=-=-=-=-=-=-=-=-=-=-=-=-=-=-=-=-
2020-04-02 01:05:11|   3.5|  0.0|INFORM|Feature output statistics for `POSTGRES' writer using keyword `POSTGRES_1':
2020-04-02 01:05:11|   3.5|  0.0|STATS |=-=-=-=-=-=-=-=-=-=-=-=-=-=-=-=-=-=-=-=-=-=-=-=-=-=-=-=-=-=-=-=-=-=-=-=-=-=-=-
2020-04-02 01:05:11|   3.5|  0.0|STATS |                               Features Written
2020-04-02 01:05:11|   3.5|  0.0|STATS |=-=-=-=-=-=-=-=-=-=-=-=-=-=-=-=-=-=-=-=-=-=-=-=-=-=-=-=-=-=-=-=-=-=-=-=-=-=-=-
2020-04-02 01:05:11|   3.5|  0.0|STATS |internal.coa_computer_assets                                              1194
2020-04-02 01:05:11|   3.5|  0.0|STATS |==============================================================================
2020-04-02 01:05:11|   3.5|  0.0|STATS |Total Features Written                                                    1194
2020-04-02 01:05:11|   3.5|  0.0|STATS |=-=-=-=-=-=-=-=-=-=-=-=-=-=-=-=-=-=-=-=-=-=-=-=-=-=-=-=-=-=-=-=-=-=-=-=-=-=-=-
2020-04-02 01:05:11|   3.5|  0.0|STATS |=-=-=-=-=-=-=-=-=-=-=-=-=-=-=-=-=-=-=-=-=-=-=-=-=-=-=-=-=-=-=-=-=-=-=-=-=-=-=-
2020-04-02 01:05:11|   3.5|  0.0|STATS |                            Features Read Summary
2020-04-02 01:05:11|   3.5|  0.0|STATS |=-=-=-=-=-=-=-=-=-=-=-=-=-=-=-=-=-=-=-=-=-=-=-=-=-=-=-=-=-=-=-=-=-=-=-=-=-=-=-
2020-04-02 01:05:11|   3.5|  0.0|STATS |internal.coa_computer_assets                                              1194
2020-04-02 01:05:11|   3.5|  0.0|STATS |==============================================================================
2020-04-02 01:05:11|   3.5|  0.0|STATS |Total Features Read                                                       1194
2020-04-02 01:05:11|   3.5|  0.0|STATS |=-=-=-=-=-=-=-=-=-=-=-=-=-=-=-=-=-=-=-=-=-=-=-=-=-=-=-=-=-=-=-=-=-=-=-=-=-=-=-
2020-04-02 01:05:11|   3.5|  0.0|STATS |=-=-=-=-=-=-=-=-=-=-=-=-=-=-=-=-=-=-=-=-=-=-=-=-=-=-=-=-=-=-=-=-=-=-=-=-=-=-=-
2020-04-02 01:05:11|   3.5|  0.0|STATS |                           Features Written Summary
2020-04-02 01:05:11|   3.5|  0.0|STATS |=-=-=-=-=-=-=-=-=-=-=-=-=-=-=-=-=-=-=-=-=-=-=-=-=-=-=-=-=-=-=-=-=-=-=-=-=-=-=-
2020-04-02 01:05:11|   3.5|  0.0|STATS |internal.coa_computer_assets                                              1194
2020-04-02 01:05:11|   3.5|  0.0|STATS |==============================================================================
2020-04-02 01:05:11|   3.5|  0.0|STATS |Total Features Written                                                    1194
2020-04-02 01:05:11|   3.5|  0.0|STATS |=-=-=-=-=-=-=-=-=-=-=-=-=-=-=-=-=-=-=-=-=-=-=-=-=-=-=-=-=-=-=-=-=-=-=-=-=-=-=-
2020-04-02 01:05:11|   3.5|  0.0|INFORM|Successfully closed POSTGRES database reader
2020-04-02 01:05:11|   3.5|  0.0|INFORM|Successfully closed POSTGRES database reader
2020-04-02 01:05:11|   3.5|  0.0|INFORM|Translation was SUCCESSFUL with 0 warning(s) (1194 feature(s) output)
2020-04-02 01:05:11|   3.5|  0.0|INFORM|FME Session Duration: 6.7 seconds. (CPU: 2.8s user, 0.6s system)
2020-04-02 01:05:11|   3.5|  0.0|INFORM|END - ProcessID: 8644, peak process memory usage: 77560 kB, current process memory usage: 76080 kB
