2020-04-02 01:46:05|   0.1|  0.1|INFORM|FME 2017.1.1.1 (20171014 - Build 17652 - WIN32)
2020-04-02 01:46:05|   0.1|  0.0|INFORM|FME_HOME is 'c:\FME2017\'
2020-04-02 01:46:05|   0.1|  0.0|INFORM|FME Desktop ESRI Edition (floating)
2020-04-02 01:46:05|   0.1|  0.0|INFORM|Permanent License.
2020-04-02 01:46:05|   0.1|  0.0|INFORM|Machine host name is: coa-gis-fme2
2020-04-02 01:46:05|   0.1|  0.0|INFORM|START - ProcessID: 4136, peak process memory usage: 30492 kB, current process memory usage: 30468 kB
2020-04-02 01:46:05|   0.1|  0.0|INFORM|FME Configuration: Command line arguments are `c:\FME2017\fme' `C:\COA\bedrock\working_directory\gl_master/munisTOwh-gl_master.fmw'
2020-04-02 01:46:05|   0.2|  0.1|INFORM|Shared folders for formats are : c:\FME2017\datasources;C:\Users\mssqlgisadmin\Documents\FME\Formats
2020-04-02 01:46:05|   0.2|  0.0|INFORM|Shared folders for transformers are : c:\FME2017\transformers;C:\Users\mssqlgisadmin\Documents\FME\Transformers;C:\Users\mssqlgisadmin\AppData\Roaming\Safe Software\FME\FME Store\Transformers
2020-04-02 01:46:05|   0.2|  0.0|INFORM|Shared folders for coordinate systems are : C:\Users\mssqlgisadmin\Documents\FME\CoordinateSystems
2020-04-02 01:46:05|   0.2|  0.0|INFORM|Shared folders for coordinate system exceptions are : C:\Users\mssqlgisadmin\Documents\FME\CoordinateSystemExceptions
2020-04-02 01:46:05|   0.2|  0.0|INFORM|Shared folders for coordinate system grid overrides are : C:\Users\mssqlgisadmin\Documents\FME\CoordinateSystemGridOverrides
2020-04-02 01:46:05|   0.2|  0.0|INFORM|Shared folders for CS-MAP transformation exceptions are : C:\Users\mssqlgisadmin\Documents\FME\CsmapTransformationExceptions
2020-04-02 01:46:05|   0.2|  0.0|INFORM|Shared folders for transformer categories are : C:\Users\mssqlgisadmin\Documents\FME\TransformerCategories
2020-04-02 01:46:05|   0.2|  0.0|INFORM|FME Configuration: Reader Keyword is `MSSQL_ADO_1'
2020-04-02 01:46:05|   0.2|  0.0|INFORM|FME Configuration: Writer Keyword is `MULTI_WRITER'
2020-04-02 01:46:05|   0.2|  0.0|INFORM|FME Configuration: Writer Group Definition Keyword is `MULTI_WRITER_DEF'
2020-04-02 01:46:05|   0.2|  0.0|INFORM|FME Configuration: Reader type is `MSSQL_ADO'
2020-04-02 01:46:05|   0.2|  0.0|INFORM|FME Configuration: Writer type is `MULTI_WRITER'
2020-04-02 01:46:05|   0.2|  0.0|INFORM|FME Configuration: No destination coordinate system set
2020-04-02 01:46:05|   0.2|  0.0|INFORM|FME Configuration: Current working folder is `C:\COA\bedrock\working_directory\gl_master'
2020-04-02 01:46:05|   0.2|  0.0|INFORM|FME Configuration: Temporary folder is `C:\Users\MSSQLG~1\AppData\Local\Temp', set from environment variable `TEMP'
2020-04-02 01:46:05|   0.2|  0.0|INFORM|FME Configuration: FME_HOME is `c:\FME2017\'
2020-04-02 01:46:05|   0.2|  0.0|INFORM|FME Configuration: FME_BASE is 'no'
2020-04-02 01:46:05|   0.2|  0.0|INFORM|FME Configuration: FME_MF_DIR is 'C:\COA\bedrock\working_directory\gl_master/'
2020-04-02 01:46:05|   0.2|  0.0|INFORM|FME Configuration: FME_MF_NAME is 'munisTOwh-gl_master.fmw'
2020-04-02 01:46:05|   0.2|  0.0|INFORM|FME Configuration: FME_PRODUCT_NAME is 'FME(R) 2017.1.1.1'
2020-04-02 01:46:05|   0.2|  0.0|INFORM|System Status: 105.37 GB of disk space available in the FME temporary folder (C:\Users\MSSQLG~1\AppData\Local\Temp)
2020-04-02 01:46:05|   0.2|  0.0|INFORM|System Status: 4.00 GB of virtual memory available
2020-04-02 01:46:05|   0.2|  0.0|INFORM|Operating System: Microsoft Windows Server 2012 R2 Server 4.0 64-bit  (Build 9600)
2020-04-02 01:46:05|   0.2|  0.0|INFORM|FME Platform: WIN32
2020-04-02 01:46:05|   0.2|  0.0|INFORM|Locale: en_US
2020-04-02 01:46:05|   0.2|  0.0|INFORM|Code Page: 1252  (ANSI - Latin I)
2020-04-02 01:46:05|   0.2|  0.0|INFORM|FME Configuration: Process limits are 8.00 GB of physical memory and 4.00 GB of address space
2020-04-02 01:46:05|   0.2|  0.0|INFORM|FME Configuration: Start freeing memory when process usage exceeds 2.83 GB of memory or 3.41 GB of address space
2020-04-02 01:46:05|   0.2|  0.0|INFORM|FME Configuration: Stop freeing memory when process usage is below 2.12 GB of memory and 2.56 GB of address space
2020-04-02 01:46:05|   0.3|  0.1|INFORM|Creating writer for format: 
2020-04-02 01:46:06|   1.6|  1.3|INFORM|FME Configuration: Named Connection Storage: 'C:\Users\mssqlgisadmin\AppData\Roaming\Safe Software\FME\'
2020-04-02 01:46:06|   1.6|  0.0|INFORM|FME Configuration: Using Named Connection values from 'munis-prod' for MSSQL_ADO_1
2020-04-02 01:46:06|   1.6|  0.0|INFORM|Creating reader for format: Microsoft SQL Server Non-Spatial
2020-04-02 01:46:06|   1.7|  0.1|INFORM|Trying to find a DYNAMIC plugin for reader named `MSSQL_ADO'
2020-04-02 01:46:06|   1.7|  0.0|INFORM|Loaded module 'MSSQL_ADO' from file 'c:\FME2017\plugins/FME_ADO.dll'
2020-04-02 01:46:06|   1.7|  0.0|INFORM|FME API version of module 'MSSQL_ADO' matches current internal version (3.8 20170315)
2020-04-02 01:46:06|   1.7|  0.0|INFORM|Microsoft SQL Server Non-Spatial Reader: Read 1 DEF line(s).  Found 0 attribute(s)
2020-04-02 01:46:06|   1.7|  0.0|INFORM|Microsoft SQL Server Non-Spatial Reader: Opening `munprod' for read operation
2020-04-02 01:46:06|   1.7|  0.0|INFORM|Microsoft SQL Server Non-Spatial Reader: Trying to connect using SQL Server 2012 Native Client...
2020-04-02 01:46:06|   1.7|  0.0|INFORM|Using MultiWriter with keyword `MULTI_WRITER' to output data (ID_ATTRIBUTE is `multi_writer_id')
2020-04-02 01:46:06|   1.7|  0.0|INFORM|Writer output will be ordered by value of multi_writer_id
2020-04-02 01:46:10|   1.8|  0.0|INFORM|Microsoft SQL Server Non-Spatial Reader: Now reading features from table amd.gl_master, 10 record(s) at a time
2020-04-02 01:46:10|   2.0|  0.3|INFORM|FME Configuration: Using Named Connection values from 'mda-store-1' for POSTGRES_1
2020-04-02 01:46:10|   2.0|  0.0|INFORM|Creating writer for format: PostgreSQL
2020-04-02 01:46:10|   2.1|  0.1|INFORM|Trying to find a DYNAMIC plugin for writer named `POSTGRES'
2020-04-02 01:46:10|   2.1|  0.0|INFORM|Loaded module 'POSTGRES' from file 'c:\FME2017\plugins/POSTGIS.dll'
2020-04-02 01:46:10|   2.1|  0.0|INFORM|FME API version of module 'POSTGRES' matches current internal version (3.8 20170315)
2020-04-02 01:46:10|   2.1|  0.0|INFORM|FME Configuration: No destination coordinate system set
2020-04-02 01:46:10|   2.1|  0.0|INFORM|FME API version of module 'POSTGRES' matches current internal version (3.8 20170315)
2020-04-02 01:46:10|   2.1|  0.0|INFORM|Writer `POSTGRES_1' of type `POSTGRES' using group definition keyword `POSTGRES_1_DEF'
2020-04-02 01:46:10|   2.1|  0.0|INFORM|FME API version of module 'POSTGRES' matches current internal version (3.8 20170315)
2020-04-02 01:46:10|   2.1|  0.0|INFORM|Opening POSTGRES writer for dataset 'mdastore1'...
2020-04-02 01:46:11|   3.2|  1.1|INFORM|PostGIS client encoding: 'UTF8'
2020-04-02 01:46:12|   3.2|  0.0|INFORM|PostgreSQL 10.4 on x86_64-pc-linux-gnu, compiled by gcc (GCC) 4.8.3 20140911 (Red Hat 4.8.3-9), 64-bit
2020-04-02 01:46:12|   3.3|  0.0|INFORM|Testing for the existence of table 'internal.gl_master'...
2020-04-02 01:46:12|   3.3|  0.0|INFORM|Truncating existing table 'internal.gl_master'...
2020-04-02 01:46:12|   3.3|  0.0|INFORM|Using existing table 'internal.gl_master'
2020-04-02 01:46:12|   3.3|  0.0|INFORM|POSTGRES Writer: Creating 'streaming Bulk Copy' feature type processor for feature type 'internal.gl_master'
2020-04-02 01:46:13|   3.8|  0.5|INFORM|Committed transaction at feature '1000'
2020-04-02 01:46:13|   4.3|  0.5|INFORM|Committed transaction at feature '2000'
2020-04-02 01:46:14|   4.5|  0.2|INFORM|Reading source feature # 2500
2020-04-02 01:46:14|   4.8|  0.3|INFORM|Committed transaction at feature '3000'
2020-04-02 01:46:14|   5.3|  0.5|INFORM|Committed transaction at feature '4000'
2020-04-02 01:46:15|   5.8|  0.5|INFORM|Reading source feature # 5000
2020-04-02 01:46:15|   5.8|  0.0|INFORM|Committed transaction at feature '5000'
2020-04-02 01:46:16|   6.3|  0.5|INFORM|Committed transaction at feature '6000'
2020-04-02 01:46:16|   6.8|  0.5|INFORM|Committed transaction at feature '7000'
2020-04-02 01:46:16|   7.0|  0.3|INFORM|Reading source feature # 7500
2020-04-02 01:46:17|   7.3|  0.3|INFORM|Committed transaction at feature '8000'
2020-04-02 01:46:17|   7.8|  0.5|INFORM|Committed transaction at feature '9000'
2020-04-02 01:46:18|   8.3|  0.5|INFORM|Reading source feature # 10000
2020-04-02 01:46:18|   8.3|  0.0|INFORM|Committed transaction at feature '10000'
2020-04-02 01:46:18|   8.8|  0.5|INFORM|Committed transaction at feature '11000'
2020-04-02 01:46:19|   9.3|  0.5|INFORM|Committed transaction at feature '12000'
2020-04-02 01:46:19|   9.5|  0.3|INFORM|Reading source feature # 12500
2020-04-02 01:46:19|   9.8|  0.3|INFORM|Committed transaction at feature '13000'
2020-04-02 01:46:20|  10.3|  0.5|INFORM|Committed transaction at feature '14000'
2020-04-02 01:46:21|  10.8|  0.5|INFORM|Reading source feature # 15000
2020-04-02 01:46:21|  10.8|  0.0|INFORM|Committed transaction at feature '15000'
2020-04-02 01:46:21|  11.3|  0.5|INFORM|Committed transaction at feature '16000'
2020-04-02 01:46:22|  11.8|  0.5|INFORM|Committed transaction at feature '17000'
2020-04-02 01:46:22|  12.0|  0.3|INFORM|Reading source feature # 17500
2020-04-02 01:46:22|  12.3|  0.3|INFORM|Committed transaction at feature '18000'
2020-04-02 01:46:23|  12.8|  0.5|INFORM|Committed transaction at feature '19000'
2020-04-02 01:46:23|  13.3|  0.5|INFORM|Reading source feature # 20000
2020-04-02 01:46:23|  13.3|  0.0|INFORM|Committed transaction at feature '20000'
2020-04-02 01:46:24|  13.8|  0.5|INFORM|Committed transaction at feature '21000'
2020-04-02 01:46:25|  14.3|  0.5|INFORM|Committed transaction at feature '22000'
2020-04-02 01:46:25|  14.6|  0.3|INFORM|Reading source feature # 22500
2020-04-02 01:46:25|  14.8|  0.2|INFORM|Committed transaction at feature '23000'
2020-04-02 01:46:26|  15.3|  0.5|INFORM|Committed transaction at feature '24000'
2020-04-02 01:46:26|  15.8|  0.5|INFORM|Reading source feature # 25000
2020-04-02 01:46:26|  15.8|  0.0|INFORM|Committed transaction at feature '25000'
2020-04-02 01:46:27|  16.3|  0.5|INFORM|Committed transaction at feature '26000'
2020-04-02 01:46:27|  16.8|  0.5|INFORM|Committed transaction at feature '27000'
2020-04-02 01:46:28|  17.1|  0.3|INFORM|Reading source feature # 27500
2020-04-02 01:46:28|  17.3|  0.3|INFORM|Committed transaction at feature '28000'
2020-04-02 01:46:29|  17.8|  0.5|INFORM|Committed transaction at feature '29000'
2020-04-02 01:46:29|  18.3|  0.5|INFORM|Reading source feature # 30000
2020-04-02 01:46:29|  18.3|  0.0|INFORM|Committed transaction at feature '30000'
2020-04-02 01:46:30|  18.9|  0.5|INFORM|Committed transaction at feature '31000'
2020-04-02 01:46:30|  19.4|  0.5|INFORM|Committed transaction at feature '32000'
2020-04-02 01:46:31|  19.7|  0.3|INFORM|Reading source feature # 32500
2020-04-02 01:46:31|  19.9|  0.3|INFORM|Committed transaction at feature '33000'
2020-04-02 01:46:31|  20.5|  0.5|INFORM|Committed transaction at feature '34000'
2020-04-02 01:46:32|  21.0|  0.5|INFORM|Reading source feature # 35000
2020-04-02 01:46:32|  21.0|  0.0|INFORM|Committed transaction at feature '35000'
2020-04-02 01:46:33|  21.5|  0.5|INFORM|Committed transaction at feature '36000'
2020-04-02 01:46:33|  22.0|  0.5|INFORM|Committed transaction at feature '37000'
2020-04-02 01:46:33|  22.3|  0.3|INFORM|Reading source feature # 37500
2020-04-02 01:46:34|  22.5|  0.3|INFORM|Committed transaction at feature '38000'
2020-04-02 01:46:34|  23.0|  0.5|INFORM|Committed transaction at feature '39000'
2020-04-02 01:46:35|  23.5|  0.5|INFORM|Reading source feature # 40000
2020-04-02 01:46:35|  23.5|  0.0|INFORM|Committed transaction at feature '40000'
2020-04-02 01:46:35|  24.0|  0.5|INFORM|Committed transaction at feature '41000'
2020-04-02 01:46:36|  24.5|  0.5|INFORM|Committed transaction at feature '42000'
2020-04-02 01:46:36|  24.8|  0.3|INFORM|Reading source feature # 42500
2020-04-02 01:46:37|  25.0|  0.3|INFORM|Committed transaction at feature '43000'
2020-04-02 01:46:37|  25.5|  0.5|INFORM|Committed transaction at feature '44000'
2020-04-02 01:46:38|  26.1|  0.5|INFORM|Reading source feature # 45000
2020-04-02 01:46:38|  26.1|  0.0|INFORM|Committed transaction at feature '45000'
2020-04-02 01:46:38|  26.6|  0.5|INFORM|Committed transaction at feature '46000'
2020-04-02 01:46:39|  27.1|  0.5|INFORM|Committed transaction at feature '47000'
2020-04-02 01:46:39|  27.4|  0.3|INFORM|Reading source feature # 47500
2020-04-02 01:46:39|  27.6|  0.3|INFORM|Committed transaction at feature '48000'
2020-04-02 01:46:40|  28.2|  0.6|INFORM|Committed transaction at feature '49000'
2020-04-02 01:46:41|  28.7|  0.5|INFORM|Reading source feature # 50000
2020-04-02 01:46:41|  28.7|  0.0|INFORM|Committed transaction at feature '50000'
2020-04-02 01:46:41|  29.2|  0.5|INFORM|Committed transaction at feature '51000'
2020-04-02 01:46:42|  29.7|  0.5|INFORM|Committed transaction at feature '52000'
2020-04-02 01:46:42|  30.0|  0.3|INFORM|Reading source feature # 52500
2020-04-02 01:46:42|  30.2|  0.3|INFORM|Committed transaction at feature '53000'
2020-04-02 01:46:43|  30.7|  0.5|INFORM|Committed transaction at feature '54000'
2020-04-02 01:46:43|  31.2|  0.5|INFORM|Reading source feature # 55000
2020-04-02 01:46:43|  31.2|  0.0|INFORM|Committed transaction at feature '55000'
2020-04-02 01:46:44|  31.7|  0.5|INFORM|Committed transaction at feature '56000'
2020-04-02 01:46:45|  32.2|  0.5|INFORM|Committed transaction at feature '57000'
2020-04-02 01:46:45|  32.5|  0.3|INFORM|Reading source feature # 57500
2020-04-02 01:46:45|  32.7|  0.3|INFORM|Committed transaction at feature '58000'
2020-04-02 01:46:46|  33.2|  0.5|INFORM|Committed transaction at feature '59000'
2020-04-02 01:46:46|  33.8|  0.5|INFORM|Reading source feature # 60000
2020-04-02 01:46:46|  33.8|  0.0|INFORM|Committed transaction at feature '60000'
2020-04-02 01:46:47|  34.3|  0.5|INFORM|Committed transaction at feature '61000'
2020-04-02 01:46:47|  34.8|  0.5|INFORM|Committed transaction at feature '62000'
2020-04-02 01:46:48|  35.0|  0.3|INFORM|Reading source feature # 62500
2020-04-02 01:46:48|  35.3|  0.3|INFORM|Committed transaction at feature '63000'
2020-04-02 01:46:49|  35.8|  0.5|INFORM|Committed transaction at feature '64000'
2020-04-02 01:46:49|  36.3|  0.5|INFORM|Reading source feature # 65000
2020-04-02 01:46:49|  36.3|  0.0|INFORM|Committed transaction at feature '65000'
2020-04-02 01:46:50|  36.8|  0.5|INFORM|Committed transaction at feature '66000'
2020-04-02 01:46:50|  37.3|  0.5|INFORM|Committed transaction at feature '67000'
2020-04-02 01:46:51|  37.6|  0.3|INFORM|Reading source feature # 67500
2020-04-02 01:46:51|  37.8|  0.2|INFORM|Committed transaction at feature '68000'
2020-04-02 01:46:51|  38.3|  0.5|INFORM|Committed transaction at feature '69000'
2020-04-02 01:46:52|  38.8|  0.5|INFORM|Reading source feature # 70000
2020-04-02 01:46:52|  38.8|  0.0|INFORM|Committed transaction at feature '70000'
2020-04-02 01:46:53|  39.3|  0.5|INFORM|Committed transaction at feature '71000'
2020-04-02 01:46:53|  39.8|  0.5|INFORM|Committed transaction at feature '72000'
2020-04-02 01:46:53|  40.1|  0.2|INFORM|Reading source feature # 72500
2020-04-02 01:46:54|  40.3|  0.3|INFORM|Committed transaction at feature '73000'
2020-04-02 01:46:54|  40.8|  0.5|INFORM|Committed transaction at feature '74000'
2020-04-02 01:46:55|  41.3|  0.5|INFORM|Reading source feature # 75000
2020-04-02 01:46:55|  41.3|  0.0|INFORM|Committed transaction at feature '75000'
2020-04-02 01:46:55|  41.9|  0.5|INFORM|Committed transaction at feature '76000'
2020-04-02 01:46:56|  42.4|  0.5|INFORM|Committed transaction at feature '77000'
2020-04-02 01:46:56|  42.6|  0.3|INFORM|Reading source feature # 77500
2020-04-02 01:46:57|  42.9|  0.3|INFORM|Committed transaction at feature '78000'
2020-04-02 01:46:57|  43.4|  0.5|INFORM|Committed transaction at feature '79000'
2020-04-02 01:46:58|  43.9|  0.5|INFORM|Reading source feature # 80000
2020-04-02 01:46:58|  43.9|  0.0|INFORM|Committed transaction at feature '80000'
2020-04-02 01:46:58|  44.3|  0.5|INFORM|Committed transaction at feature '81000'
2020-04-02 01:46:59|  44.8|  0.5|INFORM|Committed transaction at feature '82000'
2020-04-02 01:46:59|  45.1|  0.3|INFORM|Reading source feature # 82500
2020-04-02 01:46:59|  45.3|  0.3|INFORM|Committed transaction at feature '83000'
2020-04-02 01:47:00|  45.9|  0.5|INFORM|Committed transaction at feature '84000'
2020-04-02 01:47:01|  46.4|  0.5|INFORM|Reading source feature # 85000
2020-04-02 01:47:01|  46.4|  0.0|INFORM|Committed transaction at feature '85000'
2020-04-02 01:47:01|  47.0|  0.6|INFORM|Committed transaction at feature '86000'
2020-04-02 01:47:02|  47.5|  0.5|INFORM|Committed transaction at feature '87000'
2020-04-02 01:47:02|  47.8|  0.3|INFORM|Reading source feature # 87500
2020-04-02 01:47:02|  48.1|  0.3|INFORM|Committed transaction at feature '88000'
2020-04-02 01:47:03|  48.6|  0.5|INFORM|Committed transaction at feature '89000'
2020-04-02 01:47:03|  49.1|  0.5|INFORM|Reading source feature # 90000
2020-04-02 01:47:04|  49.1|  0.0|INFORM|Committed transaction at feature '90000'
2020-04-02 01:47:04|  49.6|  0.5|INFORM|Committed transaction at feature '91000'
2020-04-02 01:47:05|  50.1|  0.5|INFORM|Committed transaction at feature '92000'
2020-04-02 01:47:05|  50.4|  0.3|INFORM|Reading source feature # 92500
2020-04-02 01:47:05|  50.6|  0.2|INFORM|Committed transaction at feature '93000'
2020-04-02 01:47:06|  51.1|  0.5|INFORM|Committed transaction at feature '94000'
2020-04-02 01:47:06|  51.7|  0.5|INFORM|Reading source feature # 95000
2020-04-02 01:47:06|  51.7|  0.0|INFORM|Committed transaction at feature '95000'
2020-04-02 01:47:07|  52.1|  0.5|INFORM|Committed transaction at feature '96000'
2020-04-02 01:47:07|  52.6|  0.5|INFORM|Committed transaction at feature '97000'
2020-04-02 01:47:08|  52.9|  0.3|INFORM|Reading source feature # 97500
2020-04-02 01:47:08|  53.1|  0.3|INFORM|Committed transaction at feature '98000'
2020-04-02 01:47:09|  53.6|  0.5|INFORM|Committed transaction at feature '99000'
2020-04-02 01:47:09|  54.2|  0.5|INFORM|Reading source feature # 100000
2020-04-02 01:47:09|  54.2|  0.0|INFORM|Committed transaction at feature '100000'
2020-04-02 01:47:10|  54.7|  0.5|INFORM|Committed transaction at feature '101000'
2020-04-02 01:47:10|  55.2|  0.5|INFORM|Committed transaction at feature '102000'
2020-04-02 01:47:11|  55.4|  0.3|INFORM|Reading source feature # 102500
2020-04-02 01:47:11|  55.7|  0.3|INFORM|Committed transaction at feature '103000'
2020-04-02 01:47:11|  56.2|  0.5|INFORM|Committed transaction at feature '104000'
2020-04-02 01:47:12|  56.7|  0.5|INFORM|Reading source feature # 105000
2020-04-02 01:47:12|  56.7|  0.0|INFORM|Committed transaction at feature '105000'
2020-04-02 01:47:13|  57.2|  0.5|INFORM|Committed transaction at feature '106000'
2020-04-02 01:47:13|  57.7|  0.5|INFORM|Committed transaction at feature '107000'
2020-04-02 01:47:13|  57.9|  0.3|INFORM|Reading source feature # 107500
2020-04-02 01:47:14|  58.2|  0.2|INFORM|Committed transaction at feature '108000'
2020-04-02 01:47:14|  58.7|  0.5|INFORM|Committed transaction at feature '109000'
2020-04-02 01:47:15|  59.2|  0.5|INFORM|Reading source feature # 110000
2020-04-02 01:47:15|  59.2|  0.0|INFORM|Committed transaction at feature '110000'
2020-04-02 01:47:15|  59.7|  0.5|INFORM|Committed transaction at feature '111000'
2020-04-02 01:47:16|  60.2|  0.5|INFORM|Committed transaction at feature '112000'
2020-04-02 01:47:16|  60.5|  0.3|INFORM|Reading source feature # 112500
2020-04-02 01:47:16|  60.7|  0.3|INFORM|Committed transaction at feature '113000'
2020-04-02 01:47:17|  61.2|  0.5|INFORM|Committed transaction at feature '114000'
2020-04-02 01:47:18|  61.7|  0.5|INFORM|Reading source feature # 115000
2020-04-02 01:47:18|  61.7|  0.0|INFORM|Committed transaction at feature '115000'
2020-04-02 01:47:18|  62.2|  0.5|INFORM|Committed transaction at feature '116000'
2020-04-02 01:47:19|  62.7|  0.5|INFORM|Committed transaction at feature '117000'
2020-04-02 01:47:19|  63.0|  0.3|INFORM|Reading source feature # 117500
2020-04-02 01:47:19|  63.2|  0.3|INFORM|Committed transaction at feature '118000'
2020-04-02 01:47:20|  63.7|  0.5|INFORM|Committed transaction at feature '119000'
2020-04-02 01:47:20|  64.2|  0.5|INFORM|Reading source feature # 120000
2020-04-02 01:47:20|  64.2|  0.0|INFORM|Committed transaction at feature '120000'
2020-04-02 01:47:21|  64.7|  0.5|INFORM|Committed transaction at feature '121000'
2020-04-02 01:47:22|  65.2|  0.5|INFORM|Committed transaction at feature '122000'
2020-04-02 01:47:22|  65.5|  0.3|INFORM|Reading source feature # 122500
2020-04-02 01:47:22|  65.7|  0.3|INFORM|Committed transaction at feature '123000'
2020-04-02 01:47:23|  66.2|  0.5|INFORM|Committed transaction at feature '124000'
2020-04-02 01:47:23|  66.7|  0.5|INFORM|Reading source feature # 125000
2020-04-02 01:47:23|  66.7|  0.0|INFORM|Committed transaction at feature '125000'
2020-04-02 01:47:24|  67.2|  0.5|INFORM|Committed transaction at feature '126000'
2020-04-02 01:47:24|  67.7|  0.5|INFORM|Committed transaction at feature '127000'
2020-04-02 01:47:25|  68.0|  0.3|INFORM|Reading source feature # 127500
2020-04-02 01:47:25|  68.2|  0.3|INFORM|Committed transaction at feature '128000'
2020-04-02 01:47:25|  68.7|  0.5|INFORM|Committed transaction at feature '129000'
2020-04-02 01:47:26|  69.2|  0.5|INFORM|Reading source feature # 130000
2020-04-02 01:47:26|  69.2|  0.0|INFORM|Committed transaction at feature '130000'
2020-04-02 01:47:27|  69.7|  0.5|INFORM|Committed transaction at feature '131000'
2020-04-02 01:47:27|  70.2|  0.5|INFORM|Committed transaction at feature '132000'
2020-04-02 01:47:27|  70.5|  0.3|INFORM|Reading source feature # 132500
2020-04-02 01:47:28|  70.7|  0.3|INFORM|Committed transaction at feature '133000'
2020-04-02 01:47:28|  71.2|  0.5|INFORM|Committed transaction at feature '134000'
2020-04-02 01:47:29|  71.7|  0.5|INFORM|Reading source feature # 135000
2020-04-02 01:47:29|  71.7|  0.0|INFORM|Committed transaction at feature '135000'
2020-04-02 01:47:29|  72.2|  0.5|INFORM|Committed transaction at feature '136000'
2020-04-02 01:47:30|  72.7|  0.5|INFORM|Committed transaction at feature '137000'
2020-04-02 01:47:30|  73.0|  0.3|INFORM|Reading source feature # 137500
2020-04-02 01:47:30|  73.2|  0.3|INFORM|Committed transaction at feature '138000'
2020-04-02 01:47:31|  73.7|  0.5|INFORM|Committed transaction at feature '139000'
2020-04-02 01:47:32|  74.2|  0.5|INFORM|Reading source feature # 140000
2020-04-02 01:47:32|  74.3|  0.0|INFORM|Committed transaction at feature '140000'
2020-04-02 01:47:32|  74.7|  0.5|INFORM|Committed transaction at feature '141000'
2020-04-02 01:47:33|  75.2|  0.5|INFORM|Committed transaction at feature '142000'
2020-04-02 01:47:33|  75.5|  0.3|INFORM|Reading source feature # 142500
2020-04-02 01:47:33|  75.8|  0.3|INFORM|Committed transaction at feature '143000'
2020-04-02 01:47:34|  76.3|  0.5|INFORM|Committed transaction at feature '144000'
2020-04-02 01:47:34|  76.8|  0.5|INFORM|Reading source feature # 145000
2020-04-02 01:47:34|  76.8|  0.0|INFORM|Committed transaction at feature '145000'
2020-04-02 01:47:35|  76.9|  0.1|INFORM|Microsoft SQL Server Non-Spatial Reader: Database read complete.  Retrieved 145233 feature(s)
2020-04-02 01:47:35|  76.9|  0.0|INFORM|Emptying factory pipeline
2020-04-02 01:47:35|  76.9|  0.0|STATS |Router and Unexpected Input Remover(RoutingFactory): Tested 145233 input feature(s), wrote 145233 output feature(s): 145233 matched merge filters, 145233 were routed to output, 0 could not be routed.
2020-04-02 01:47:35|  76.9|  0.0|STATS |amd.gl_master (MSSQL_ADO_1) Splitter(TeeFactory): Cloned 145233 input feature(s) into 145233 output feature(s)
2020-04-02 01:47:35|  76.9|  0.0|STATS |Destination Feature Type Routing Correlator(RoutingFactory): Tested 145233 input feature(s), wrote 145233 output feature(s): 0 matched merge filters, 145233 were routed to output, 0 could not be routed.
2020-04-02 01:47:35|  76.9|  0.0|STATS |Final Output Nuker(TeeFactory): Cloned 0 input feature(s) into 0 output feature(s)
2020-04-02 01:47:35|  76.9|  0.0|INFORM|Successfully closed POSTGRES database writer
2020-04-02 01:47:35|  76.9|  0.0|INFORM|=-=-=-=-=-=-=-=-=-=-=-=-=-=-=-=-=-=-=-=-=-=-=-=-=-=-=-=-=-=-=-=-=-=-=-=-=-=-=-
2020-04-02 01:47:35|  76.9|  0.0|INFORM|Feature output statistics for `POSTGRES' writer using keyword `POSTGRES_1':
2020-04-02 01:47:35|  76.9|  0.0|STATS |=-=-=-=-=-=-=-=-=-=-=-=-=-=-=-=-=-=-=-=-=-=-=-=-=-=-=-=-=-=-=-=-=-=-=-=-=-=-=-
2020-04-02 01:47:35|  76.9|  0.0|STATS |                               Features Written
2020-04-02 01:47:35|  76.9|  0.0|STATS |=-=-=-=-=-=-=-=-=-=-=-=-=-=-=-=-=-=-=-=-=-=-=-=-=-=-=-=-=-=-=-=-=-=-=-=-=-=-=-
2020-04-02 01:47:35|  76.9|  0.0|STATS |internal.gl_master                                                      145233
2020-04-02 01:47:35|  76.9|  0.0|STATS |==============================================================================
2020-04-02 01:47:35|  76.9|  0.0|STATS |Total Features Written                                                  145233
2020-04-02 01:47:35|  76.9|  0.0|STATS |=-=-=-=-=-=-=-=-=-=-=-=-=-=-=-=-=-=-=-=-=-=-=-=-=-=-=-=-=-=-=-=-=-=-=-=-=-=-=-
2020-04-02 01:47:35|  76.9|  0.0|STATS |=-=-=-=-=-=-=-=-=-=-=-=-=-=-=-=-=-=-=-=-=-=-=-=-=-=-=-=-=-=-=-=-=-=-=-=-=-=-=-
2020-04-02 01:47:35|  76.9|  0.0|STATS |                            Features Read Summary
2020-04-02 01:47:35|  76.9|  0.0|STATS |=-=-=-=-=-=-=-=-=-=-=-=-=-=-=-=-=-=-=-=-=-=-=-=-=-=-=-=-=-=-=-=-=-=-=-=-=-=-=-
2020-04-02 01:47:35|  76.9|  0.0|STATS |amd.gl_master                                                           145233
2020-04-02 01:47:35|  76.9|  0.0|STATS |==============================================================================
2020-04-02 01:47:35|  76.9|  0.0|STATS |Total Features Read                                                     145233
2020-04-02 01:47:35|  76.9|  0.0|STATS |=-=-=-=-=-=-=-=-=-=-=-=-=-=-=-=-=-=-=-=-=-=-=-=-=-=-=-=-=-=-=-=-=-=-=-=-=-=-=-
2020-04-02 01:47:35|  76.9|  0.0|STATS |=-=-=-=-=-=-=-=-=-=-=-=-=-=-=-=-=-=-=-=-=-=-=-=-=-=-=-=-=-=-=-=-=-=-=-=-=-=-=-
2020-04-02 01:47:35|  76.9|  0.0|STATS |                           Features Written Summary
2020-04-02 01:47:35|  76.9|  0.0|STATS |=-=-=-=-=-=-=-=-=-=-=-=-=-=-=-=-=-=-=-=-=-=-=-=-=-=-=-=-=-=-=-=-=-=-=-=-=-=-=-
2020-04-02 01:47:35|  76.9|  0.0|STATS |internal.gl_master                                                      145233
2020-04-02 01:47:35|  76.9|  0.0|STATS |==============================================================================
2020-04-02 01:47:35|  76.9|  0.0|STATS |Total Features Written                                                  145233
2020-04-02 01:47:35|  76.9|  0.0|STATS |=-=-=-=-=-=-=-=-=-=-=-=-=-=-=-=-=-=-=-=-=-=-=-=-=-=-=-=-=-=-=-=-=-=-=-=-=-=-=-
2020-04-02 01:47:35|  76.9|  0.0|INFORM|Microsoft SQL Server Non-Spatial Reader: Closing `munprod' . Read operation complete
2020-04-02 01:47:35|  76.9|  0.0|INFORM|Translation was SUCCESSFUL with 0 warning(s) (145233 feature(s) output)
2020-04-02 01:47:35|  76.9|  0.0|INFORM|FME Session Duration: 1 minute 30.1 seconds. (CPU: 76.0s user, 0.8s system)
2020-04-02 01:47:35|  76.9|  0.0|INFORM|END - ProcessID: 4136, peak process memory usage: 80788 kB, current process memory usage: 80528 kB
