2020-04-02 01:51:05|   0.1|  0.1|INFORM|FME 2017.1.1.1 (20171014 - Build 17652 - WIN32)
2020-04-02 01:51:05|   0.1|  0.0|INFORM|FME_HOME is 'c:\FME2017\'
2020-04-02 01:51:05|   0.1|  0.0|INFORM|FME Desktop ESRI Edition (floating)
2020-04-02 01:51:05|   0.1|  0.0|INFORM|Permanent License.
2020-04-02 01:51:05|   0.1|  0.0|INFORM|Machine host name is: coa-gis-fme2
2020-04-02 01:51:05|   0.1|  0.0|INFORM|START - ProcessID: 4032, peak process memory usage: 30376 kB, current process memory usage: 30352 kB
2020-04-02 01:51:05|   0.1|  0.0|INFORM|FME Configuration: Command line arguments are `c:\FME2017\fme' `C:\COA\bedrock\working_directory\iran_divestment.lib/googleTOlibplayground_IranDivestment.fmw'
2020-04-02 01:51:05|   0.2|  0.1|INFORM|Shared folders for formats are : c:\FME2017\datasources;C:\Users\mssqlgisadmin\Documents\FME\Formats
2020-04-02 01:51:05|   0.2|  0.0|INFORM|Shared folders for transformers are : c:\FME2017\transformers;C:\Users\mssqlgisadmin\Documents\FME\Transformers;C:\Users\mssqlgisadmin\AppData\Roaming\Safe Software\FME\FME Store\Transformers
2020-04-02 01:51:05|   0.2|  0.0|INFORM|Shared folders for coordinate systems are : C:\Users\mssqlgisadmin\Documents\FME\CoordinateSystems
2020-04-02 01:51:05|   0.2|  0.0|INFORM|Shared folders for coordinate system exceptions are : C:\Users\mssqlgisadmin\Documents\FME\CoordinateSystemExceptions
2020-04-02 01:51:05|   0.2|  0.0|INFORM|Shared folders for coordinate system grid overrides are : C:\Users\mssqlgisadmin\Documents\FME\CoordinateSystemGridOverrides
2020-04-02 01:51:05|   0.2|  0.0|INFORM|Shared folders for CS-MAP transformation exceptions are : C:\Users\mssqlgisadmin\Documents\FME\CsmapTransformationExceptions
2020-04-02 01:51:05|   0.2|  0.0|INFORM|Shared folders for transformer categories are : C:\Users\mssqlgisadmin\Documents\FME\TransformerCategories
2020-04-02 01:51:05|   0.2|  0.0|INFORM|FME Configuration: Reader Keyword is `MULTI_READER'
2020-04-02 01:51:05|   0.2|  0.0|INFORM|FME Configuration: Writer Keyword is `MULTI_WRITER'
2020-04-02 01:51:05|   0.2|  0.0|INFORM|FME Configuration: Writer Group Definition Keyword is `MULTI_WRITER_DEF'
2020-04-02 01:51:05|   0.2|  0.0|INFORM|FME Configuration: Reader type is `MULTI_READER'
2020-04-02 01:51:05|   0.2|  0.0|INFORM|FME Configuration: Writer type is `MULTI_WRITER'
2020-04-02 01:51:05|   0.2|  0.0|INFORM|FME Configuration: No destination coordinate system set
2020-04-02 01:51:05|   0.2|  0.0|INFORM|FME Configuration: Current working folder is `C:\COA\bedrock\working_directory\iran_divestment.lib'
2020-04-02 01:51:05|   0.2|  0.0|INFORM|FME Configuration: Temporary folder is `C:\Users\MSSQLG~1\AppData\Local\Temp', set from environment variable `TEMP'
2020-04-02 01:51:05|   0.2|  0.0|INFORM|FME Configuration: FME_HOME is `c:\FME2017\'
2020-04-02 01:51:05|   0.2|  0.0|INFORM|FME Configuration: FME_BASE is 'no'
2020-04-02 01:51:05|   0.2|  0.0|INFORM|FME Configuration: FME_MF_DIR is 'C:\COA\bedrock\working_directory\iran_divestment.lib/'
2020-04-02 01:51:05|   0.2|  0.0|INFORM|FME Configuration: FME_MF_NAME is 'googleTOlibplayground_IranDivestment.fmw'
2020-04-02 01:51:05|   0.2|  0.0|INFORM|FME Configuration: FME_PRODUCT_NAME is 'FME(R) 2017.1.1.1'
2020-04-02 01:51:05|   0.2|  0.0|INFORM|System Status: 105.37 GB of disk space available in the FME temporary folder (C:\Users\MSSQLG~1\AppData\Local\Temp)
2020-04-02 01:51:05|   0.2|  0.0|INFORM|System Status: 4.00 GB of virtual memory available
2020-04-02 01:51:05|   0.2|  0.0|INFORM|Operating System: Microsoft Windows Server 2012 R2 Server 4.0 64-bit  (Build 9600)
2020-04-02 01:51:05|   0.2|  0.0|INFORM|FME Platform: WIN32
2020-04-02 01:51:05|   0.2|  0.0|INFORM|Locale: en_US
2020-04-02 01:51:05|   0.2|  0.0|INFORM|Code Page: 1252  (ANSI - Latin I)
2020-04-02 01:51:05|   0.2|  0.0|INFORM|FME Configuration: Process limits are 8.00 GB of physical memory and 4.00 GB of address space
2020-04-02 01:51:05|   0.2|  0.0|INFORM|FME Configuration: Start freeing memory when process usage exceeds 2.83 GB of memory or 3.41 GB of address space
2020-04-02 01:51:05|   0.2|  0.0|INFORM|FME Configuration: Stop freeing memory when process usage is below 2.12 GB of memory and 2.56 GB of address space
2020-04-02 01:51:05|   0.3|  0.1|INFORM|Creating writer for format: 
2020-04-02 01:51:05|   0.3|  0.0|INFORM|Creating reader for format: 
2020-04-02 01:51:05|   0.3|  0.0|INFORM|MULTI_READER(MULTI_READER): Will fail with first member reader failure
2020-04-02 01:51:05|   0.3|  0.0|INFORM|MULTI_READER(MULTI_READER): Adding GOOGLESHEETS Reader with keyword GOOGLESHEETS_1
2020-04-02 01:51:05|   0.3|  0.0|INFORM|MULTI_READER(MULTI_READER): Adding GOOGLESHEETS Reader with keyword GOOGLESHEETS_2
2020-04-02 01:51:05|   0.3|  0.0|INFORM|Using Multi Reader with keyword `MULTI_READER' to read multiple datasets
2020-04-02 01:51:05|   0.4|  0.1|INFORM|Creating reader for format: Google Sheets
2020-04-02 01:51:05|   0.5|  0.1|INFORM|Trying to find a PYTHON plugin for reader named `GOOGLESHEETS'
2020-04-02 01:51:05|   0.5|  0.0|INFORM|Using Python interpreter from `c:\FME2017\fmepython27\python27.dll' with PYTHONHOME `c:\FME2017\fmepython27'
2020-04-02 01:51:05|   0.5|  0.0|INFORM|Python version 2.7 loaded successfully
2020-04-02 01:51:05|   0.6|  0.1|INFORM|Loaded Python module `googlesheets' from file `c:\FME2017\plugins/python27\googlesheets\__init__.pyc'
2020-04-02 01:51:06|   1.6|  1.0|INFORM|Google Sheets Reader: Looking for spreadsheet with ID '1FOmrFm5afRc_XqTeF2T-ilWtZDIYzdqKiZlPX129IQA', based on URL 'https://docs.google.com/spreadsheets/d/1FOmrFm5afRc_XqTeF2T-ilWtZDIYzdqKiZlPX129IQA/edit#gid=0'
2020-04-02 01:51:06|   1.6|  0.0|INFORM|Google Sheets: Requesting access token from OAuth 2.0 endpoint
2020-04-02 01:51:08|   2.7|  1.1|INFORM|Google Sheets Reader: Found spreadsheet 'Iran Divestment Companies' with ID '1FOmrFm5afRc_XqTeF2T-ilWtZDIYzdqKiZlPX129IQA'
2020-04-02 01:51:08|   2.7|  0.0|INFORM|Using MultiWriter with keyword `MULTI_WRITER' to output data (ID_ATTRIBUTE is `multi_writer_id')
2020-04-02 01:51:08|   2.7|  0.0|INFORM|Writer output will be ordered by value of multi_writer_id
2020-04-02 01:51:08|   2.7|  0.0|INFORM|Google Sheets Reader: Downloading cells for 1 rows from worksheet 'Bad Actors', in range A3:B3
2020-04-02 01:51:08|   2.7|  0.0|INFORM|Google Sheets Reader: Inferring schema for worksheet 'Bad Actors' by interpreting row 3 as field names
2020-04-02 01:51:08|   2.7|  0.0|INFORM|Google Sheets Reader: Downloading cells for 995 rows from worksheet 'Bad Actors', in range A4:B998
2020-04-02 01:51:10|   4.6|  1.9|INFORM|FME Configuration: Named Connection Storage: 'C:\Users\mssqlgisadmin\AppData\Roaming\Safe Software\FME\'
2020-04-02 01:51:10|   4.6|  0.0|INFORM|FME Configuration: Using Named Connection values from 'library_playground' for POSTGRES_1
2020-04-02 01:51:10|   4.6|  0.0|INFORM|Creating writer for format: PostgreSQL
2020-04-02 01:51:10|   4.7|  0.1|INFORM|Trying to find a DYNAMIC plugin for writer named `POSTGRES'
2020-04-02 01:51:10|   4.7|  0.0|WARN  |Error prepending '<FME_HOME>/plugins/' to path environment variable.  The addition may not exist, or on Windows the resulting path may be longer than 2047 characters
2020-04-02 01:51:10|   4.7|  0.0|INFORM|Loaded module 'POSTGRES' from file 'c:\FME2017\plugins/POSTGIS.dll'
2020-04-02 01:51:10|   4.7|  0.0|INFORM|FME API version of module 'POSTGRES' matches current internal version (3.8 20170315)
2020-04-02 01:51:10|   4.7|  0.0|INFORM|FME Configuration: No destination coordinate system set
2020-04-02 01:51:10|   4.7|  0.0|INFORM|FME API version of module 'POSTGRES' matches current internal version (3.8 20170315)
2020-04-02 01:51:10|   4.7|  0.0|INFORM|Writer `POSTGRES_1' of type `POSTGRES' using group definition keyword `POSTGRES_1_DEF'
2020-04-02 01:51:10|   4.7|  0.0|INFORM|FME API version of module 'POSTGRES' matches current internal version (3.8 20170315)
2020-04-02 01:51:10|   4.7|  0.0|INFORM|Opening POSTGRES writer for dataset 'library'...
2020-04-02 01:51:12|   5.8|  1.1|INFORM|PostGIS client encoding: 'UTF8'
2020-04-02 01:51:12|   5.8|  0.0|INFORM|PostgreSQL 10.7 on x86_64-pc-linux-gnu, compiled by gcc (GCC) 4.9.3, 64-bit
2020-04-02 01:51:12|   5.8|  0.0|INFORM|Testing for the existence of table 'r_finance.iranian_companies'...
2020-04-02 01:51:12|   5.8|  0.0|INFORM|Truncating existing table 'r_finance.iranian_companies'...
2020-04-02 01:51:12|   5.8|  0.0|INFORM|Using existing table 'r_finance.iranian_companies'
2020-04-02 01:51:12|   5.8|  0.0|INFORM|POSTGRES Writer: Creating 'streaming Bulk Copy' feature type processor for feature type 'r_finance.iranian_companies'
2020-04-02 01:51:12|   5.9|  0.1|INFORM|Creating reader for format: Google Sheets
2020-04-02 01:51:12|   5.9|  0.0|INFORM|Trying to find a PYTHON plugin for reader named `GOOGLESHEETS'
2020-04-02 01:51:12|   5.9|  0.0|INFORM|Loaded Python module `googlesheets' from file `c:\FME2017\plugins/python27\googlesheets\__init__.pyc'
2020-04-02 01:51:12|   5.9|  0.0|INFORM|Google Sheets Reader: Looking for spreadsheet with ID '1FOmrFm5afRc_XqTeF2T-ilWtZDIYzdqKiZlPX129IQA', based on URL 'https://docs.google.com/spreadsheets/d/1FOmrFm5afRc_XqTeF2T-ilWtZDIYzdqKiZlPX129IQA/edit#gid=0'
2020-04-02 01:51:12|   5.9|  0.0|INFORM|Google Sheets: Requesting access token from OAuth 2.0 endpoint
2020-04-02 01:51:13|   6.0|  0.1|INFORM|Google Sheets Reader: Found spreadsheet 'Iran Divestment Companies' with ID '1FOmrFm5afRc_XqTeF2T-ilWtZDIYzdqKiZlPX129IQA'
2020-04-02 01:51:13|   6.0|  0.0|INFORM|Google Sheets Reader: Downloading cells for 1 rows from worksheet 'Approved Companies', in range A5:B5
2020-04-02 01:51:13|   6.0|  0.0|INFORM|Google Sheets Reader: Inferring schema for worksheet 'Approved Companies' by interpreting row 5 as field names
2020-04-02 01:51:13|   6.0|  0.0|INFORM|Google Sheets Reader: Downloading cells for 996 rows from worksheet 'Approved Companies', in range A6:B1001
2020-04-02 01:51:13|   6.0|  0.0|INFORM|MULTI_READER(MULTI_READER): Done reading 314 features from 2 readers
2020-04-02 01:51:13|   6.0|  0.0|INFORM|Emptying factory pipeline
2020-04-02 01:51:13|   6.0|  0.0|STATS |Router and Unexpected Input Remover(RoutingFactory): Tested 314 input feature(s), wrote 314 output feature(s): 314 matched merge filters, 314 were routed to output, 0 could not be routed.
2020-04-02 01:51:13|   6.0|  0.0|STATS |Bad Actors (GOOGLESHEETS_1) Splitter(TeeFactory): Cloned 314 input feature(s) into 314 output feature(s)
2020-04-02 01:51:13|   6.0|  0.0|STATS |Approved Companies (GOOGLESHEETS_2) Splitter(TeeFactory): Cloned 0 input feature(s) into 0 output feature(s)
2020-04-02 01:51:13|   6.0|  0.0|STATS |Destination Feature Type Routing Correlator(RoutingFactory): Tested 314 input feature(s), wrote 314 output feature(s): 0 matched merge filters, 314 were routed to output, 0 could not be routed.
2020-04-02 01:51:13|   6.0|  0.0|STATS |Final Output Nuker(TeeFactory): Cloned 0 input feature(s) into 0 output feature(s)
2020-04-02 01:51:13|   6.0|  0.0|INFORM|Successfully closed POSTGRES database writer
2020-04-02 01:51:13|   6.0|  0.0|INFORM|=-=-=-=-=-=-=-=-=-=-=-=-=-=-=-=-=-=-=-=-=-=-=-=-=-=-=-=-=-=-=-=-=-=-=-=-=-=-=-
2020-04-02 01:51:13|   6.0|  0.0|INFORM|Feature output statistics for `POSTGRES' writer using keyword `POSTGRES_1':
2020-04-02 01:51:13|   6.0|  0.0|STATS |=-=-=-=-=-=-=-=-=-=-=-=-=-=-=-=-=-=-=-=-=-=-=-=-=-=-=-=-=-=-=-=-=-=-=-=-=-=-=-
2020-04-02 01:51:13|   6.0|  0.0|STATS |                               Features Written
2020-04-02 01:51:13|   6.0|  0.0|STATS |=-=-=-=-=-=-=-=-=-=-=-=-=-=-=-=-=-=-=-=-=-=-=-=-=-=-=-=-=-=-=-=-=-=-=-=-=-=-=-
2020-04-02 01:51:13|   6.0|  0.0|STATS |r_finance.iranian_companies                                                314
2020-04-02 01:51:13|   6.0|  0.0|STATS |==============================================================================
2020-04-02 01:51:13|   6.0|  0.0|STATS |Total Features Written                                                     314
2020-04-02 01:51:13|   6.0|  0.0|STATS |=-=-=-=-=-=-=-=-=-=-=-=-=-=-=-=-=-=-=-=-=-=-=-=-=-=-=-=-=-=-=-=-=-=-=-=-=-=-=-
2020-04-02 01:51:13|   6.0|  0.0|STATS |=-=-=-=-=-=-=-=-=-=-=-=-=-=-=-=-=-=-=-=-=-=-=-=-=-=-=-=-=-=-=-=-=-=-=-=-=-=-=-
2020-04-02 01:51:13|   6.0|  0.0|STATS |                            Features Read Summary
2020-04-02 01:51:13|   6.0|  0.0|STATS |=-=-=-=-=-=-=-=-=-=-=-=-=-=-=-=-=-=-=-=-=-=-=-=-=-=-=-=-=-=-=-=-=-=-=-=-=-=-=-
2020-04-02 01:51:13|   6.0|  0.0|STATS |Bad Actors                                                                 314
2020-04-02 01:51:13|   6.0|  0.0|STATS |==============================================================================
2020-04-02 01:51:13|   6.0|  0.0|STATS |Total Features Read                                                        314
2020-04-02 01:51:13|   6.0|  0.0|STATS |=-=-=-=-=-=-=-=-=-=-=-=-=-=-=-=-=-=-=-=-=-=-=-=-=-=-=-=-=-=-=-=-=-=-=-=-=-=-=-
2020-04-02 01:51:13|   6.0|  0.0|STATS |=-=-=-=-=-=-=-=-=-=-=-=-=-=-=-=-=-=-=-=-=-=-=-=-=-=-=-=-=-=-=-=-=-=-=-=-=-=-=-
2020-04-02 01:51:13|   6.0|  0.0|STATS |                           Features Written Summary
2020-04-02 01:51:13|   6.0|  0.0|STATS |=-=-=-=-=-=-=-=-=-=-=-=-=-=-=-=-=-=-=-=-=-=-=-=-=-=-=-=-=-=-=-=-=-=-=-=-=-=-=-
2020-04-02 01:51:13|   6.0|  0.0|STATS |r_finance.iranian_companies                                                314
2020-04-02 01:51:13|   6.0|  0.0|STATS |==============================================================================
2020-04-02 01:51:13|   6.0|  0.0|STATS |Total Features Written                                                     314
2020-04-02 01:51:13|   6.0|  0.0|STATS |=-=-=-=-=-=-=-=-=-=-=-=-=-=-=-=-=-=-=-=-=-=-=-=-=-=-=-=-=-=-=-=-=-=-=-=-=-=-=-
2020-04-02 01:51:13|   6.0|  0.0|INFORM|Translation was SUCCESSFUL with 1 warning(s) (314 feature(s) output)
2020-04-02 01:51:13|   6.0|  0.0|INFORM|FME Session Duration: 8.5 seconds. (CPU: 4.5s user, 1.3s system)
2020-04-02 01:51:13|   6.0|  0.0|INFORM|END - ProcessID: 4032, peak process memory usage: 121828 kB, current process memory usage: 120700 kB
