2020-04-02 03:15:05|   0.1|  0.1|INFORM|FME 2017.1.1.1 (20171014 - Build 17652 - WIN32)
2020-04-02 03:15:05|   0.1|  0.0|INFORM|FME_HOME is 'c:\FME2017\'
2020-04-02 03:15:05|   0.1|  0.0|INFORM|FME Desktop ESRI Edition (floating)
2020-04-02 03:15:05|   0.1|  0.0|INFORM|Permanent License.
2020-04-02 03:15:05|   0.1|  0.0|INFORM|Machine host name is: coa-gis-fme2
2020-04-02 03:15:05|   0.1|  0.0|INFORM|START - ProcessID: 8808, peak process memory usage: 30660 kB, current process memory usage: 30636 kB
2020-04-02 03:15:05|   0.1|  0.0|INFORM|FME Configuration: Command line arguments are `c:\FME2017\fme' `C:\COA\bedrock\working_directory\workorder_notes.lib/trackitTOlib.fmw'
2020-04-02 03:15:05|   0.2|  0.1|INFORM|Shared folders for formats are : c:\FME2017\datasources;C:\Users\mssqlgisadmin\Documents\FME\Formats
2020-04-02 03:15:05|   0.2|  0.0|INFORM|Shared folders for transformers are : c:\FME2017\transformers;C:\Users\mssqlgisadmin\Documents\FME\Transformers;C:\Users\mssqlgisadmin\AppData\Roaming\Safe Software\FME\FME Store\Transformers
2020-04-02 03:15:05|   0.2|  0.0|INFORM|Shared folders for coordinate systems are : C:\Users\mssqlgisadmin\Documents\FME\CoordinateSystems
2020-04-02 03:15:05|   0.2|  0.0|INFORM|Shared folders for coordinate system exceptions are : C:\Users\mssqlgisadmin\Documents\FME\CoordinateSystemExceptions
2020-04-02 03:15:05|   0.2|  0.0|INFORM|Shared folders for coordinate system grid overrides are : C:\Users\mssqlgisadmin\Documents\FME\CoordinateSystemGridOverrides
2020-04-02 03:15:05|   0.2|  0.0|INFORM|Shared folders for CS-MAP transformation exceptions are : C:\Users\mssqlgisadmin\Documents\FME\CsmapTransformationExceptions
2020-04-02 03:15:05|   0.2|  0.0|INFORM|Shared folders for transformer categories are : C:\Users\mssqlgisadmin\Documents\FME\TransformerCategories
2020-04-02 03:15:05|   0.2|  0.0|INFORM|FME Configuration: Reader Keyword is `NULL_SOURCE'
2020-04-02 03:15:05|   0.2|  0.0|INFORM|FME Configuration: Writer Keyword is `MULTI_WRITER'
2020-04-02 03:15:05|   0.2|  0.0|INFORM|FME Configuration: Writer Group Definition Keyword is `MULTI_WRITER_DEF'
2020-04-02 03:15:05|   0.2|  0.0|INFORM|FME Configuration: Reader type is `NULL'
2020-04-02 03:15:05|   0.2|  0.0|INFORM|FME Configuration: Writer type is `MULTI_WRITER'
2020-04-02 03:15:05|   0.2|  0.0|INFORM|FME Configuration: No destination coordinate system set
2020-04-02 03:15:05|   0.2|  0.0|INFORM|FME Configuration: Current working folder is `C:\COA\bedrock\working_directory\workorder_notes.lib'
2020-04-02 03:15:05|   0.2|  0.0|INFORM|FME Configuration: Temporary folder is `C:\Users\MSSQLG~1\AppData\Local\Temp', set from environment variable `TEMP'
2020-04-02 03:15:05|   0.2|  0.0|INFORM|FME Configuration: FME_HOME is `c:\FME2017\'
2020-04-02 03:15:05|   0.2|  0.0|INFORM|FME Configuration: FME_BASE is 'no'
2020-04-02 03:15:05|   0.2|  0.0|INFORM|FME Configuration: FME_MF_DIR is 'C:\COA\bedrock\working_directory\workorder_notes.lib/'
2020-04-02 03:15:05|   0.2|  0.0|INFORM|FME Configuration: FME_MF_NAME is 'trackitTOlib.fmw'
2020-04-02 03:15:05|   0.2|  0.0|INFORM|FME Configuration: FME_PRODUCT_NAME is 'FME(R) 2017.1.1.1'
2020-04-02 03:15:05|   0.2|  0.0|INFORM|System Status: 105.37 GB of disk space available in the FME temporary folder (C:\Users\MSSQLG~1\AppData\Local\Temp)
2020-04-02 03:15:05|   0.2|  0.0|INFORM|System Status: 4.00 GB of virtual memory available
2020-04-02 03:15:05|   0.2|  0.0|INFORM|Operating System: Microsoft Windows Server 2012 R2 Server 4.0 64-bit  (Build 9600)
2020-04-02 03:15:05|   0.2|  0.0|INFORM|FME Platform: WIN32
2020-04-02 03:15:05|   0.2|  0.0|INFORM|Locale: en_US
2020-04-02 03:15:05|   0.2|  0.0|INFORM|Code Page: 1252  (ANSI - Latin I)
2020-04-02 03:15:05|   0.2|  0.0|INFORM|FME Configuration: Process limits are 8.00 GB of physical memory and 4.00 GB of address space
2020-04-02 03:15:05|   0.2|  0.0|INFORM|FME Configuration: Start freeing memory when process usage exceeds 2.83 GB of memory or 3.41 GB of address space
2020-04-02 03:15:05|   0.2|  0.0|INFORM|FME Configuration: Stop freeing memory when process usage is below 2.12 GB of memory and 2.56 GB of address space
2020-04-02 03:15:05|   0.3|  0.1|INFORM|Creating writer for format: 
2020-04-02 03:15:05|   0.3|  0.0|INFORM|Creating reader for format: NULL (Nothing)
2020-04-02 03:15:05|   0.3|  0.0|INFORM|Trying to find a DYNAMIC plugin for reader named `NULL'
2020-04-02 03:15:05|   0.3|  0.0|INFORM|Loaded module 'NULL' from file 'c:\FME2017\plugins/NULL.dll'
2020-04-02 03:15:05|   0.3|  0.0|INFORM|FME API version of module 'NULL' matches current internal version (3.8 20170315)
2020-04-02 03:15:05|   0.3|  0.0|INFORM|Using MultiWriter with keyword `MULTI_WRITER' to output data (ID_ATTRIBUTE is `multi_writer_id')
2020-04-02 03:15:05|   0.3|  0.0|INFORM|Writer output will be ordered by value of multi_writer_id
2020-04-02 03:15:05|   0.3|  0.0|INFORM|Loaded module 'QueryFactory' from file 'c:\FME2017\plugins/QueryFactory.dll'
2020-04-02 03:15:05|   0.3|  0.0|INFORM|FME API version of module 'QueryFactory' matches current internal version (3.8 20170315)
2020-04-02 03:15:05|   0.3|  0.0|INFORM|Emptying factory pipeline
2020-04-02 03:15:07|   1.8|  1.5|INFORM|FME Configuration: Named Connection Storage: 'C:\Users\mssqlgisadmin\AppData\Roaming\Safe Software\FME\'
2020-04-02 03:15:07|   1.8|  0.0|INFORM|FME Configuration: Using Named Connection values from 'TrackIT' for R_1
2020-04-02 03:15:07|   1.8|  0.0|INFORM|Creating reader for format: Microsoft SQL Server Non-Spatial
2020-04-02 03:15:07|   1.9|  0.0|INFORM|Trying to find a DYNAMIC plugin for reader named `MSSQL_ADO'
2020-04-02 03:15:07|   1.9|  0.0|INFORM|Loaded module 'MSSQL_ADO' from file 'c:\FME2017\plugins/FME_ADO.dll'
2020-04-02 03:15:07|   1.9|  0.0|INFORM|FME API version of module 'MSSQL_ADO' matches current internal version (3.8 20170315)
2020-04-02 03:15:07|   1.9|  0.0|INFORM|Performing query against MSSQL_ADO dataset `TrackIT'
2020-04-02 03:15:07|   1.9|  0.0|INFORM|Microsoft SQL Server Non-Spatial Reader: Opening `TRACKIT_DATA_PROD' for read operation
2020-04-02 03:15:07|   1.9|  0.0|INFORM|Microsoft SQL Server Non-Spatial Reader: Trying to connect using SQL Server 2012 Native Client...
2020-04-02 03:15:08|   2.2|  0.3|INFORM|FME Configuration: Using Named Connection values from 'library_playground' for POSTGRES_1
2020-04-02 03:15:08|   2.2|  0.0|INFORM|Creating writer for format: PostgreSQL
2020-04-02 03:15:08|   2.3|  0.1|INFORM|Trying to find a DYNAMIC plugin for writer named `POSTGRES'
2020-04-02 03:15:08|   2.3|  0.0|INFORM|Loaded module 'POSTGRES' from file 'c:\FME2017\plugins/POSTGIS.dll'
2020-04-02 03:15:08|   2.3|  0.0|INFORM|FME API version of module 'POSTGRES' matches current internal version (3.8 20170315)
2020-04-02 03:15:08|   2.3|  0.0|INFORM|FME Configuration: No destination coordinate system set
2020-04-02 03:15:08|   2.3|  0.0|INFORM|FME API version of module 'POSTGRES' matches current internal version (3.8 20170315)
2020-04-02 03:15:08|   2.3|  0.0|INFORM|Writer `POSTGRES_1' of type `POSTGRES' using group definition keyword `POSTGRES_1_DEF'
2020-04-02 03:15:08|   2.3|  0.0|INFORM|FME API version of module 'POSTGRES' matches current internal version (3.8 20170315)
2020-04-02 03:15:08|   2.3|  0.0|INFORM|Opening POSTGRES writer for dataset 'library'...
2020-04-02 03:15:09|   3.4|  1.1|INFORM|PostGIS client encoding: 'UTF8'
2020-04-02 03:15:09|   3.4|  0.0|INFORM|PostgreSQL 10.7 on x86_64-pc-linux-gnu, compiled by gcc (GCC) 4.9.3, 64-bit
2020-04-02 03:15:09|   3.4|  0.0|INFORM|Testing for the existence of table 'r_it.workorder_notes'...
2020-04-02 03:15:09|   3.4|  0.0|INFORM|Truncating existing table 'r_it.workorder_notes'...
2020-04-02 03:15:09|   3.4|  0.0|INFORM|Using existing table 'r_it.workorder_notes'
2020-04-02 03:15:10|   3.4|  0.0|INFORM|POSTGRES Writer: Creating 'streaming Bulk Copy' feature type processor for feature type 'r_it.workorder_notes'
2020-04-02 03:15:10|   3.6|  0.2|INFORM|Committed transaction at feature '1000'
2020-04-02 03:15:10|   3.9|  0.2|INFORM|Committed transaction at feature '2000'
2020-04-02 03:15:11|   4.1|  0.2|INFORM|Committed transaction at feature '3000'
2020-04-02 03:15:11|   4.4|  0.3|INFORM|Committed transaction at feature '4000'
2020-04-02 03:15:11|   4.6|  0.3|INFORM|Committed transaction at feature '5000'
2020-04-02 03:15:12|   4.9|  0.3|INFORM|Committed transaction at feature '6000'
2020-04-02 03:15:12|   5.2|  0.3|INFORM|Committed transaction at feature '7000'
2020-04-02 03:15:12|   5.5|  0.3|INFORM|Committed transaction at feature '8000'
2020-04-02 03:15:13|   5.8|  0.3|INFORM|Committed transaction at feature '9000'
2020-04-02 03:15:13|   6.0|  0.3|INFORM|Committed transaction at feature '10000'
2020-04-02 03:15:13|   6.3|  0.3|INFORM|Committed transaction at feature '11000'
2020-04-02 03:15:14|   6.5|  0.3|INFORM|Committed transaction at feature '12000'
2020-04-02 03:15:14|   6.8|  0.2|INFORM|Committed transaction at feature '13000'
2020-04-02 03:15:14|   7.0|  0.3|INFORM|Committed transaction at feature '14000'
2020-04-02 03:15:15|   7.3|  0.3|INFORM|Committed transaction at feature '15000'
2020-04-02 03:15:15|   7.5|  0.2|INFORM|Committed transaction at feature '16000'
2020-04-02 03:15:15|   7.8|  0.2|INFORM|Committed transaction at feature '17000'
2020-04-02 03:15:16|   8.0|  0.2|INFORM|Committed transaction at feature '18000'
2020-04-02 03:15:16|   8.2|  0.2|INFORM|Committed transaction at feature '19000'
2020-04-02 03:15:16|   8.5|  0.3|INFORM|Committed transaction at feature '20000'
2020-04-02 03:15:16|   8.7|  0.2|INFORM|Committed transaction at feature '21000'
2020-04-02 03:15:17|   9.0|  0.3|INFORM|Committed transaction at feature '22000'
2020-04-02 03:15:17|   9.2|  0.3|INFORM|Committed transaction at feature '23000'
2020-04-02 03:15:17|   9.5|  0.3|INFORM|Committed transaction at feature '24000'
2020-04-02 03:15:18|   9.7|  0.3|INFORM|Committed transaction at feature '25000'
2020-04-02 03:15:18|  10.0|  0.3|INFORM|Committed transaction at feature '26000'
2020-04-02 03:15:18|  10.3|  0.3|INFORM|Committed transaction at feature '27000'
2020-04-02 03:15:19|  10.5|  0.2|INFORM|Committed transaction at feature '28000'
2020-04-02 03:15:19|  10.7|  0.2|INFORM|Committed transaction at feature '29000'
2020-04-02 03:15:19|  11.0|  0.2|INFORM|Committed transaction at feature '30000'
2020-04-02 03:15:20|  11.2|  0.3|INFORM|Committed transaction at feature '31000'
2020-04-02 03:15:20|  11.4|  0.2|INFORM|Committed transaction at feature '32000'
2020-04-02 03:15:20|  11.7|  0.2|INFORM|Committed transaction at feature '33000'
2020-04-02 03:15:21|  11.9|  0.2|INFORM|Committed transaction at feature '34000'
2020-04-02 03:15:21|  12.1|  0.2|INFORM|Committed transaction at feature '35000'
2020-04-02 03:15:21|  12.4|  0.2|INFORM|Committed transaction at feature '36000'
2020-04-02 03:15:21|  12.6|  0.3|INFORM|Committed transaction at feature '37000'
2020-04-02 03:15:22|  12.8|  0.2|INFORM|Committed transaction at feature '38000'
2020-04-02 03:15:22|  13.1|  0.3|INFORM|Committed transaction at feature '39000'
2020-04-02 03:15:22|  13.3|  0.2|INFORM|Microsoft SQL Server Non-Spatial Reader: Database read complete.  Retrieved 39666 feature(s)
2020-04-02 03:15:22|  13.3|  0.0|STATS |SQLCreator_Creator(CreationFactory): Created 1 features
2020-04-02 03:15:22|  13.3|  0.0|INFORM|Microsoft SQL Server Non-Spatial Reader: Closing `TRACKIT_DATA_PROD' . Read operation complete
2020-04-02 03:15:22|  13.3|  0.0|STATS |SQLCreator <REJECTED> Output Nuker(TeeFactory): Cloned 0 input feature(s) into 0 output feature(s)
2020-04-02 03:15:22|  13.3|  0.0|STATS |SQLCreator_RESULT Brancher -1 4(BranchingFactory): Branched 39666 input features -- 39666 features routed to the target factory, and 0 features routed to the fallback factory.
2020-04-02 03:15:22|  13.3|  0.0|STATS |SQLCreator_<Rejected>(TeeFactory): Cloned 0 input feature(s) into 0 output feature(s)
2020-04-02 03:15:22|  13.3|  0.0|STATS |_CREATOR_BRANCH_TARGET(TeeFactory): Cloned 39666 input feature(s) into 39666 output feature(s)
2020-04-02 03:15:22|  13.3|  0.0|STATS |Destination Feature Type Routing Correlator(RoutingFactory): Tested 39666 input feature(s), wrote 39666 output feature(s): 0 matched merge filters, 39666 were routed to output, 0 could not be routed.
2020-04-02 03:15:22|  13.3|  0.0|STATS |Final Output Nuker(TeeFactory): Cloned 0 input feature(s) into 0 output feature(s)
2020-04-02 03:15:22|  13.3|  0.0|INFORM|Successfully closed POSTGRES database writer
2020-04-02 03:15:22|  13.3|  0.0|INFORM|=-=-=-=-=-=-=-=-=-=-=-=-=-=-=-=-=-=-=-=-=-=-=-=-=-=-=-=-=-=-=-=-=-=-=-=-=-=-=-
2020-04-02 03:15:22|  13.3|  0.0|INFORM|Feature output statistics for `POSTGRES' writer using keyword `POSTGRES_1':
2020-04-02 03:15:22|  13.3|  0.0|STATS |=-=-=-=-=-=-=-=-=-=-=-=-=-=-=-=-=-=-=-=-=-=-=-=-=-=-=-=-=-=-=-=-=-=-=-=-=-=-=-
2020-04-02 03:15:22|  13.3|  0.0|STATS |                               Features Written
2020-04-02 03:15:22|  13.3|  0.0|STATS |=-=-=-=-=-=-=-=-=-=-=-=-=-=-=-=-=-=-=-=-=-=-=-=-=-=-=-=-=-=-=-=-=-=-=-=-=-=-=-
2020-04-02 03:15:22|  13.3|  0.0|STATS |r_it.workorder_notes                                                     39666
2020-04-02 03:15:22|  13.3|  0.0|STATS |==============================================================================
2020-04-02 03:15:22|  13.3|  0.0|STATS |Total Features Written                                                   39666
2020-04-02 03:15:22|  13.3|  0.0|STATS |=-=-=-=-=-=-=-=-=-=-=-=-=-=-=-=-=-=-=-=-=-=-=-=-=-=-=-=-=-=-=-=-=-=-=-=-=-=-=-
2020-04-02 03:15:22|  13.3|  0.0|STATS |=-=-=-=-=-=-=-=-=-=-=-=-=-=-=-=-=-=-=-=-=-=-=-=-=-=-=-=-=-=-=-=-=-=-=-=-=-=-=-
2020-04-02 03:15:22|  13.3|  0.0|STATS |                            Features Read Summary
2020-04-02 03:15:22|  13.3|  0.0|STATS |=-=-=-=-=-=-=-=-=-=-=-=-=-=-=-=-=-=-=-=-=-=-=-=-=-=-=-=-=-=-=-=-=-=-=-=-=-=-=-
2020-04-02 03:15:22|  13.3|  0.0|STATS |==============================================================================
2020-04-02 03:15:22|  13.3|  0.0|STATS |Total Features Read                                                          0
2020-04-02 03:15:22|  13.3|  0.0|STATS |=-=-=-=-=-=-=-=-=-=-=-=-=-=-=-=-=-=-=-=-=-=-=-=-=-=-=-=-=-=-=-=-=-=-=-=-=-=-=-
2020-04-02 03:15:22|  13.3|  0.0|STATS |=-=-=-=-=-=-=-=-=-=-=-=-=-=-=-=-=-=-=-=-=-=-=-=-=-=-=-=-=-=-=-=-=-=-=-=-=-=-=-
2020-04-02 03:15:22|  13.3|  0.0|STATS |                           Features Written Summary
2020-04-02 03:15:22|  13.3|  0.0|STATS |=-=-=-=-=-=-=-=-=-=-=-=-=-=-=-=-=-=-=-=-=-=-=-=-=-=-=-=-=-=-=-=-=-=-=-=-=-=-=-
2020-04-02 03:15:22|  13.3|  0.0|STATS |r_it.workorder_notes                                                     39666
2020-04-02 03:15:22|  13.3|  0.0|STATS |==============================================================================
2020-04-02 03:15:22|  13.3|  0.0|STATS |Total Features Written                                                   39666
2020-04-02 03:15:22|  13.3|  0.0|STATS |=-=-=-=-=-=-=-=-=-=-=-=-=-=-=-=-=-=-=-=-=-=-=-=-=-=-=-=-=-=-=-=-=-=-=-=-=-=-=-
2020-04-02 03:15:22|  13.3|  0.0|INFORM|Translation was SUCCESSFUL with 0 warning(s) (39666 feature(s) output)
2020-04-02 03:15:22|  13.3|  0.0|INFORM|FME Session Duration: 17.3 seconds. (CPU: 12.3s user, 0.9s system)
2020-04-02 03:15:22|  13.3|  0.0|INFORM|END - ProcessID: 8808, peak process memory usage: 90368 kB, current process memory usage: 89992 kB
