2018-12-07 04:40:03|   0.1|  0.1|INFORM|FME 2017.1.1.1 (20171014 - Build 17652 - WIN32)
2018-12-07 04:40:03|   0.1|  0.0|INFORM|FME_HOME is 'c:\FME2017\'
2018-12-07 04:40:03|   0.1|  0.0|INFORM|FME Desktop ESRI Edition (floating)
2018-12-07 04:40:03|   0.1|  0.0|INFORM|Permanent License.
2018-12-07 04:40:03|   0.1|  0.0|INFORM|Machine host name is: coa-gis-fme2
2018-12-07 04:40:03|   0.1|  0.0|INFORM|START - ProcessID: 5784, peak process memory usage: 32208 kB, current process memory usage: 32192 kB
2018-12-07 04:40:03|   0.1|  0.0|INFORM|FME Configuration: Command line arguments are `c:\FME2017\fme' `C:\jon\bedrock\working_directory\assets\it\workorders/trackitTOwh.fmw'
2018-12-07 04:40:03|   0.2|  0.1|INFORM|Shared folders for formats are : c:\FME2017\datasources;C:\Users\mssqlgisadmin\Documents\FME\Formats
2018-12-07 04:40:03|   0.2|  0.0|INFORM|Shared folders for transformers are : c:\FME2017\transformers;C:\Users\mssqlgisadmin\Documents\FME\Transformers;C:\Users\mssqlgisadmin\AppData\Roaming\Safe Software\FME\FME Store\Transformers
2018-12-07 04:40:03|   0.2|  0.0|INFORM|Shared folders for coordinate systems are : C:\Users\mssqlgisadmin\Documents\FME\CoordinateSystems
2018-12-07 04:40:03|   0.2|  0.0|INFORM|Shared folders for coordinate system exceptions are : C:\Users\mssqlgisadmin\Documents\FME\CoordinateSystemExceptions
2018-12-07 04:40:03|   0.2|  0.0|INFORM|Shared folders for coordinate system grid overrides are : C:\Users\mssqlgisadmin\Documents\FME\CoordinateSystemGridOverrides
2018-12-07 04:40:03|   0.2|  0.0|INFORM|Shared folders for CS-MAP transformation exceptions are : C:\Users\mssqlgisadmin\Documents\FME\CsmapTransformationExceptions
2018-12-07 04:40:03|   0.2|  0.0|INFORM|Shared folders for transformer categories are : C:\Users\mssqlgisadmin\Documents\FME\TransformerCategories
2018-12-07 04:40:03|   0.2|  0.0|INFORM|FME Configuration: Reader Keyword is `NULL_SOURCE'
2018-12-07 04:40:03|   0.2|  0.0|INFORM|FME Configuration: Writer Keyword is `MULTI_WRITER'
2018-12-07 04:40:03|   0.2|  0.0|INFORM|FME Configuration: Writer Group Definition Keyword is `MULTI_WRITER_DEF'
2018-12-07 04:40:03|   0.2|  0.0|INFORM|FME Configuration: Reader type is `NULL'
2018-12-07 04:40:03|   0.2|  0.0|INFORM|FME Configuration: Writer type is `MULTI_WRITER'
2018-12-07 04:40:03|   0.2|  0.0|INFORM|FME Configuration: No destination coordinate system set
2018-12-07 04:40:03|   0.2|  0.0|INFORM|FME Configuration: Current working folder is `C:\jon\bedrock\working_directory\assets\it\workorders'
2018-12-07 04:40:03|   0.2|  0.0|INFORM|FME Configuration: Temporary folder is `C:\Users\MSSQLG~1\AppData\Local\Temp', set from environment variable `TEMP'
2018-12-07 04:40:03|   0.2|  0.0|INFORM|FME Configuration: FME_HOME is `c:\FME2017\'
2018-12-07 04:40:03|   0.2|  0.0|INFORM|FME Configuration: FME_BASE is 'no'
2018-12-07 04:40:03|   0.2|  0.0|INFORM|FME Configuration: FME_MF_DIR is 'C:\jon\bedrock\working_directory\assets\it\workorders/'
2018-12-07 04:40:03|   0.2|  0.0|INFORM|FME Configuration: FME_MF_NAME is 'trackitTOwh.fmw'
2018-12-07 04:40:03|   0.2|  0.0|INFORM|FME Configuration: FME_PRODUCT_NAME is 'FME(R) 2017.1.1.1'
2018-12-07 04:40:03|   0.2|  0.0|INFORM|System Status: 116.53 GB of disk space available in the FME temporary folder (C:\Users\MSSQLG~1\AppData\Local\Temp)
2018-12-07 04:40:03|   0.2|  0.0|INFORM|System Status: 4.00 GB of virtual memory available
2018-12-07 04:40:03|   0.2|  0.0|INFORM|Operating System: Microsoft Windows Server 2012 R2 Server 4.0 64-bit  (Build 9600)
2018-12-07 04:40:03|   0.2|  0.0|INFORM|FME Platform: WIN32
2018-12-07 04:40:03|   0.2|  0.0|INFORM|Locale: en_US
2018-12-07 04:40:03|   0.2|  0.0|INFORM|Code Page: 1252  (ANSI - Latin I)
2018-12-07 04:40:03|   0.2|  0.0|INFORM|FME Configuration: Process limits are 8.00 GB of physical memory and 4.00 GB of address space
2018-12-07 04:40:03|   0.2|  0.0|INFORM|FME Configuration: Start freeing memory when process usage exceeds 2.83 GB of memory or 3.41 GB of address space
2018-12-07 04:40:03|   0.2|  0.0|INFORM|FME Configuration: Stop freeing memory when process usage is below 2.12 GB of memory and 2.56 GB of address space
2018-12-07 04:40:04|   0.3|  0.1|INFORM|Creating writer for format: 
2018-12-07 04:40:04|   0.3|  0.0|INFORM|Creating reader for format: NULL (Nothing)
2018-12-07 04:40:04|   0.3|  0.0|INFORM|Trying to find a DYNAMIC plugin for reader named `NULL'
2018-12-07 04:40:04|   0.3|  0.0|INFORM|Loaded module 'NULL' from file 'c:\FME2017\plugins/NULL.dll'
2018-12-07 04:40:04|   0.3|  0.0|INFORM|FME API version of module 'NULL' matches current internal version (3.8 20170315)
2018-12-07 04:40:04|   0.3|  0.0|INFORM|Using MultiWriter with keyword `MULTI_WRITER' to output data (ID_ATTRIBUTE is `multi_writer_id')
2018-12-07 04:40:04|   0.3|  0.0|INFORM|Writer output will be ordered by value of multi_writer_id
2018-12-07 04:40:04|   0.3|  0.0|INFORM|Loaded module 'QueryFactory' from file 'c:\FME2017\plugins/QueryFactory.dll'
2018-12-07 04:40:04|   0.3|  0.0|INFORM|FME API version of module 'QueryFactory' matches current internal version (3.8 20170315)
2018-12-07 04:40:04|   0.4|  0.0|INFORM|Emptying factory pipeline
2018-12-07 04:40:05|   1.8|  1.5|INFORM|FME Configuration: Named Connection Storage: 'C:\Users\mssqlgisadmin\AppData\Roaming\Safe Software\FME\'
2018-12-07 04:40:05|   1.8|  0.0|INFORM|FME Configuration: Using Named Connection values from 'TrackIT' for R_1
2018-12-07 04:40:05|   1.8|  0.0|INFORM|Creating reader for format: Microsoft SQL Server Non-Spatial
2018-12-07 04:40:05|   1.9|  0.1|INFORM|Trying to find a DYNAMIC plugin for reader named `MSSQL_ADO'
2018-12-07 04:40:05|   1.9|  0.0|INFORM|Loaded module 'MSSQL_ADO' from file 'c:\FME2017\plugins/FME_ADO.dll'
2018-12-07 04:40:05|   1.9|  0.0|INFORM|FME API version of module 'MSSQL_ADO' matches current internal version (3.8 20170315)
2018-12-07 04:40:05|   1.9|  0.0|INFORM|Performing query against MSSQL_ADO dataset `TrackIT'
2018-12-07 04:40:05|   1.9|  0.0|INFORM|Microsoft SQL Server Non-Spatial Reader: Opening `TRACKIT_DATA_PROD' for read operation
2018-12-07 04:40:05|   1.9|  0.0|INFORM|Microsoft SQL Server Non-Spatial Reader: Trying to connect using SQL Server 2012 Native Client...
2018-12-07 04:40:07|   2.2|  0.3|INFORM|FME Configuration: Using Named Connection values from 'mda-store-1' for POSTGRES_1
2018-12-07 04:40:07|   2.2|  0.0|INFORM|Creating writer for format: PostgreSQL
2018-12-07 04:40:07|   2.3|  0.1|INFORM|Trying to find a DYNAMIC plugin for writer named `POSTGRES'
2018-12-07 04:40:07|   2.3|  0.0|INFORM|Loaded module 'POSTGRES' from file 'c:\FME2017\plugins/POSTGIS.dll'
2018-12-07 04:40:07|   2.3|  0.0|INFORM|FME API version of module 'POSTGRES' matches current internal version (3.8 20170315)
2018-12-07 04:40:07|   2.3|  0.0|INFORM|FME Configuration: No destination coordinate system set
2018-12-07 04:40:07|   2.3|  0.0|INFORM|FME API version of module 'POSTGRES' matches current internal version (3.8 20170315)
2018-12-07 04:40:07|   2.3|  0.0|INFORM|Writer `POSTGRES_1' of type `POSTGRES' using group definition keyword `POSTGRES_1_DEF'
2018-12-07 04:40:07|   2.3|  0.0|INFORM|FME API version of module 'POSTGRES' matches current internal version (3.8 20170315)
2018-12-07 04:40:07|   2.3|  0.0|INFORM|Opening POSTGRES writer for dataset 'mdastore1'...
2018-12-07 04:40:08|   3.3|  1.0|INFORM|PostGIS client encoding: 'UTF8'
2018-12-07 04:40:08|   3.4|  0.0|INFORM|PostgreSQL 10.4 on x86_64-pc-linux-gnu, compiled by gcc (GCC) 4.8.3 20140911 (Red Hat 4.8.3-9), 64-bit
2018-12-07 04:40:08|   3.4|  0.0|INFORM|Testing for the existence of table 'internal.workorders'...
2018-12-07 04:40:08|   3.4|  0.0|INFORM|Truncating existing table 'internal.workorders'...
2018-12-07 04:40:08|   3.4|  0.0|INFORM|Using existing table 'internal.workorders'
2018-12-07 04:40:09|   3.4|  0.0|INFORM|POSTGRES Writer: Creating 'streaming Bulk Copy' feature type processor for feature type 'internal.workorders'
2018-12-07 04:40:10|   4.2|  0.9|INFORM|Committed transaction at feature '1000'
2018-12-07 04:40:11|   5.2|  1.0|INFORM|Committed transaction at feature '2000'
2018-12-07 04:40:12|   6.3|  1.1|INFORM|Committed transaction at feature '3000'
2018-12-07 04:40:13|   7.2|  0.9|INFORM|Committed transaction at feature '4000'
2018-12-07 04:40:14|   8.2|  1.0|INFORM|Committed transaction at feature '5000'
2018-12-07 04:40:15|   9.1|  0.9|INFORM|Committed transaction at feature '6000'
2018-12-07 04:40:16|  10.0|  0.9|INFORM|Committed transaction at feature '7000'
2018-12-07 04:40:17|  10.9|  1.0|INFORM|Committed transaction at feature '8000'
2018-12-07 04:40:18|  11.9|  0.9|INFORM|Committed transaction at feature '9000'
2018-12-07 04:40:19|  12.8|  1.0|INFORM|Committed transaction at feature '10000'
2018-12-07 04:40:20|  13.8|  0.9|INFORM|Committed transaction at feature '11000'
2018-12-07 04:40:21|  14.7|  1.0|INFORM|Committed transaction at feature '12000'
2018-12-07 04:40:22|  15.6|  0.9|INFORM|Committed transaction at feature '13000'
2018-12-07 04:40:23|  16.6|  0.9|INFORM|Committed transaction at feature '14000'
2018-12-07 04:40:24|  17.5|  0.9|INFORM|Committed transaction at feature '15000'
2018-12-07 04:40:25|  18.4|  0.9|INFORM|Committed transaction at feature '16000'
2018-12-07 04:40:27|  19.6|  1.2|INFORM|Committed transaction at feature '17000'
2018-12-07 04:40:28|  20.5|  0.9|INFORM|Committed transaction at feature '18000'
2018-12-07 04:40:29|  21.8|  1.3|INFORM|Committed transaction at feature '19000'
2018-12-07 04:40:30|  23.3|  1.5|INFORM|Committed transaction at feature '20000'
2018-12-07 04:40:31|  24.2|  0.9|INFORM|Committed transaction at feature '21000'
2018-12-07 04:40:33|  25.7|  1.5|INFORM|Committed transaction at feature '22000'
2018-12-07 04:40:34|  26.9|  1.2|INFORM|Committed transaction at feature '23000'
2018-12-07 04:40:35|  27.8|  0.9|INFORM|Committed transaction at feature '24000'
2018-12-07 04:40:36|  28.8|  0.9|INFORM|Committed transaction at feature '25000'
2018-12-07 04:40:37|  29.8|  1.0|INFORM|Committed transaction at feature '26000'
2018-12-07 04:40:38|  30.7|  1.0|INFORM|Committed transaction at feature '27000'
2018-12-07 04:40:39|  31.6|  0.9|INFORM|Committed transaction at feature '28000'
2018-12-07 04:40:40|  32.6|  0.9|INFORM|Committed transaction at feature '29000'
2018-12-07 04:40:41|  33.5|  1.0|INFORM|Committed transaction at feature '30000'
2018-12-07 04:40:42|  34.5|  1.0|INFORM|Committed transaction at feature '31000'
2018-12-07 04:40:43|  35.5|  1.0|INFORM|Committed transaction at feature '32000'
2018-12-07 04:40:44|  36.4|  0.9|INFORM|Committed transaction at feature '33000'
2018-12-07 04:40:45|  37.3|  0.9|INFORM|Committed transaction at feature '34000'
2018-12-07 04:40:47|  38.9|  1.6|INFORM|Committed transaction at feature '35000'
2018-12-07 04:40:48|  40.0|  1.1|INFORM|Committed transaction at feature '36000'
2018-12-07 04:40:50|  41.2|  1.2|INFORM|Committed transaction at feature '37000'
2018-12-07 04:40:51|  42.2|  1.0|INFORM|Committed transaction at feature '38000'
2018-12-07 04:40:52|  43.2|  1.0|INFORM|Committed transaction at feature '39000'
2018-12-07 04:40:53|  44.5|  1.3|INFORM|Committed transaction at feature '40000'
2018-12-07 04:40:54|  45.7|  1.2|INFORM|Committed transaction at feature '41000'
2018-12-07 04:40:55|  46.7|  1.0|INFORM|Committed transaction at feature '42000'
2018-12-07 04:40:56|  47.8|  1.1|INFORM|Committed transaction at feature '43000'
2018-12-07 04:40:58|  48.8|  1.0|INFORM|Committed transaction at feature '44000'
2018-12-07 04:40:59|  49.7|  1.0|INFORM|Committed transaction at feature '45000'
2018-12-07 04:41:00|  50.9|  1.1|INFORM|Committed transaction at feature '46000'
2018-12-07 04:41:08|  59.4|  8.5|INFORM|Committed transaction at feature '47000'
2018-12-07 04:41:10|  60.9|  1.5|INFORM|Committed transaction at feature '48000'
2018-12-07 04:41:11|  62.0|  1.1|INFORM|Committed transaction at feature '49000'
2018-12-07 04:41:12|  63.1|  1.0|INFORM|Committed transaction at feature '50000'
2018-12-07 04:41:13|  64.1|  1.0|INFORM|Committed transaction at feature '51000'
2018-12-07 04:41:15|  65.1|  1.0|INFORM|Committed transaction at feature '52000'
2018-12-07 04:41:16|  66.1|  1.0|INFORM|Committed transaction at feature '53000'
2018-12-07 04:41:17|  67.0|  1.0|INFORM|Committed transaction at feature '54000'
2018-12-07 04:41:18|  68.0|  1.0|INFORM|Committed transaction at feature '55000'
2018-12-07 04:41:19|  69.0|  1.0|INFORM|Committed transaction at feature '56000'
2018-12-07 04:41:20|  70.0|  1.0|INFORM|Committed transaction at feature '57000'
2018-12-07 04:41:21|  71.0|  1.0|INFORM|Committed transaction at feature '58000'
2018-12-07 04:41:22|  72.0|  1.0|INFORM|Committed transaction at feature '59000'
2018-12-07 04:41:23|  73.0|  1.0|INFORM|Committed transaction at feature '60000'
2018-12-07 04:41:24|  74.1|  1.0|INFORM|Committed transaction at feature '61000'
2018-12-07 04:41:25|  75.0|  1.0|INFORM|Committed transaction at feature '62000'
2018-12-07 04:41:26|  76.0|  1.0|INFORM|Committed transaction at feature '63000'
2018-12-07 04:41:27|  77.0|  1.0|INFORM|Committed transaction at feature '64000'
2018-12-07 04:41:28|  78.1|  1.0|INFORM|Committed transaction at feature '65000'
2018-12-07 04:41:30|  79.1|  1.0|INFORM|Committed transaction at feature '66000'
2018-12-07 04:41:31|  80.1|  1.0|INFORM|Committed transaction at feature '67000'
2018-12-07 04:41:32|  81.0|  1.0|INFORM|Committed transaction at feature '68000'
2018-12-07 04:41:33|  82.0|  1.0|INFORM|Committed transaction at feature '69000'
2018-12-07 04:41:34|  82.9|  0.9|INFORM|Committed transaction at feature '70000'
2018-12-07 04:41:35|  83.9|  1.0|INFORM|Committed transaction at feature '71000'
2018-12-07 04:41:36|  85.0|  1.0|INFORM|Committed transaction at feature '72000'
2018-12-07 04:41:37|  86.0|  1.0|INFORM|Committed transaction at feature '73000'
2018-12-07 04:41:38|  86.9|  0.9|INFORM|Committed transaction at feature '74000'
2018-12-07 04:41:39|  87.9|  1.0|INFORM|Committed transaction at feature '75000'
2018-12-07 04:41:40|  88.9|  1.0|INFORM|Committed transaction at feature '76000'
2018-12-07 04:41:41|  89.8|  1.0|INFORM|Committed transaction at feature '77000'
2018-12-07 04:41:42|  90.8|  0.9|INFORM|Committed transaction at feature '78000'
2018-12-07 04:41:43|  91.7|  0.9|INFORM|Committed transaction at feature '79000'
2018-12-07 04:41:44|  92.6|  0.9|INFORM|Committed transaction at feature '80000'
2018-12-07 04:41:45|  93.6|  1.0|INFORM|Committed transaction at feature '81000'
2018-12-07 04:41:46|  94.6|  1.0|INFORM|Committed transaction at feature '82000'
2018-12-07 04:41:47|  95.5|  1.0|INFORM|Committed transaction at feature '83000'
2018-12-07 04:41:48|  96.5|  1.0|INFORM|Committed transaction at feature '84000'
2018-12-07 04:41:49|  97.5|  1.0|INFORM|Committed transaction at feature '85000'
2018-12-07 04:41:50|  98.5|  1.0|INFORM|Committed transaction at feature '86000'
2018-12-07 04:41:51|  99.3|  0.9|INFORM|Committed transaction at feature '87000'
2018-12-07 04:41:52| 100.3|  1.0|INFORM|Committed transaction at feature '88000'
2018-12-07 04:41:53| 101.3|  0.9|INFORM|Committed transaction at feature '89000'
2018-12-07 04:41:54| 102.3|  1.0|INFORM|Committed transaction at feature '90000'
2018-12-07 04:41:55| 103.2|  1.0|INFORM|Committed transaction at feature '91000'
2018-12-07 04:41:56| 104.1|  0.9|INFORM|Committed transaction at feature '92000'
2018-12-07 04:41:57| 105.1|  1.0|INFORM|Committed transaction at feature '93000'
2018-12-07 04:41:58| 106.0|  0.9|INFORM|Committed transaction at feature '94000'
2018-12-07 04:41:59| 106.9|  0.9|INFORM|Committed transaction at feature '95000'
2018-12-07 04:42:00| 107.8|  0.9|INFORM|Committed transaction at feature '96000'
2018-12-07 04:42:01| 108.8|  1.0|INFORM|Committed transaction at feature '97000'
2018-12-07 04:42:03| 109.8|  1.0|INFORM|Committed transaction at feature '98000'
2018-12-07 04:42:03| 110.7|  0.9|INFORM|Committed transaction at feature '99000'
2018-12-07 04:42:04| 111.6|  0.9|INFORM|Committed transaction at feature '100000'
2018-12-07 04:42:05| 112.5|  0.9|INFORM|Committed transaction at feature '101000'
2018-12-07 04:42:06| 113.4|  0.9|INFORM|Committed transaction at feature '102000'
2018-12-07 04:42:07| 114.3|  0.9|INFORM|Committed transaction at feature '103000'
2018-12-07 04:42:08| 115.2|  0.9|INFORM|Committed transaction at feature '104000'
2018-12-07 04:42:09| 116.1|  1.0|INFORM|Committed transaction at feature '105000'
2018-12-07 04:42:10| 117.0|  0.9|INFORM|Committed transaction at feature '106000'
2018-12-07 04:42:11| 117.9|  0.9|INFORM|Committed transaction at feature '107000'
2018-12-07 04:42:12| 118.8|  0.9|INFORM|Committed transaction at feature '108000'
2018-12-07 04:42:13| 119.3|  0.5|INFORM|Microsoft SQL Server Non-Spatial Reader: Database read complete.  Retrieved 108433 feature(s)
2018-12-07 04:42:13| 119.3|  0.0|STATS |SQLCreator_Creator(CreationFactory): Created 1 features
2018-12-07 04:42:13| 119.3|  0.0|INFORM|Microsoft SQL Server Non-Spatial Reader: Closing `TRACKIT_DATA_PROD' . Read operation complete
2018-12-07 04:42:13| 119.3|  0.0|STATS |SQLCreator <REJECTED> Output Nuker(TeeFactory): Cloned 0 input feature(s) into 0 output feature(s)
2018-12-07 04:42:13| 119.3|  0.0|STATS |SQLCreator_RESULT Brancher -1 6(BranchingFactory): Branched 108433 input features -- 108433 features routed to the target factory, and 0 features routed to the fallback factory.
2018-12-07 04:42:13| 119.3|  0.0|STATS |SQLCreator_<Rejected>(TeeFactory): Cloned 0 input feature(s) into 0 output feature(s)
2018-12-07 04:42:13| 119.3|  0.0|STATS |_CREATOR_BRANCH_TARGET(TeeFactory): Cloned 108433 input feature(s) into 108433 output feature(s)
2018-12-07 04:42:13| 119.3|  0.0|STATS |Destination Feature Type Routing Correlator(RoutingFactory): Tested 108433 input feature(s), wrote 108433 output feature(s): 0 matched merge filters, 108433 were routed to output, 0 could not be routed.
2018-12-07 04:42:13| 119.3|  0.0|STATS |Final Output Nuker(TeeFactory): Cloned 0 input feature(s) into 0 output feature(s)
2018-12-07 04:42:13| 119.3|  0.0|INFORM|Successfully closed POSTGRES database writer
2018-12-07 04:42:13| 119.3|  0.0|INFORM|=-=-=-=-=-=-=-=-=-=-=-=-=-=-=-=-=-=-=-=-=-=-=-=-=-=-=-=-=-=-=-=-=-=-=-=-=-=-=-
2018-12-07 04:42:13| 119.3|  0.0|INFORM|Feature output statistics for `POSTGRES' writer using keyword `POSTGRES_1':
2018-12-07 04:42:13| 119.3|  0.0|STATS |=-=-=-=-=-=-=-=-=-=-=-=-=-=-=-=-=-=-=-=-=-=-=-=-=-=-=-=-=-=-=-=-=-=-=-=-=-=-=-
2018-12-07 04:42:13| 119.3|  0.0|STATS |                               Features Written
2018-12-07 04:42:13| 119.3|  0.0|STATS |=-=-=-=-=-=-=-=-=-=-=-=-=-=-=-=-=-=-=-=-=-=-=-=-=-=-=-=-=-=-=-=-=-=-=-=-=-=-=-
2018-12-07 04:42:13| 119.3|  0.0|STATS |internal.workorders                                                     108433
2018-12-07 04:42:13| 119.3|  0.0|STATS |==============================================================================
2018-12-07 04:42:13| 119.3|  0.0|STATS |Total Features Written                                                  108433
2018-12-07 04:42:13| 119.3|  0.0|STATS |=-=-=-=-=-=-=-=-=-=-=-=-=-=-=-=-=-=-=-=-=-=-=-=-=-=-=-=-=-=-=-=-=-=-=-=-=-=-=-
2018-12-07 04:42:13| 119.3|  0.0|STATS |=-=-=-=-=-=-=-=-=-=-=-=-=-=-=-=-=-=-=-=-=-=-=-=-=-=-=-=-=-=-=-=-=-=-=-=-=-=-=-
2018-12-07 04:42:13| 119.3|  0.0|STATS |                            Features Read Summary
2018-12-07 04:42:13| 119.3|  0.0|STATS |=-=-=-=-=-=-=-=-=-=-=-=-=-=-=-=-=-=-=-=-=-=-=-=-=-=-=-=-=-=-=-=-=-=-=-=-=-=-=-
2018-12-07 04:42:13| 119.3|  0.0|STATS |==============================================================================
2018-12-07 04:42:13| 119.3|  0.0|STATS |Total Features Read                                                          0
2018-12-07 04:42:13| 119.3|  0.0|STATS |=-=-=-=-=-=-=-=-=-=-=-=-=-=-=-=-=-=-=-=-=-=-=-=-=-=-=-=-=-=-=-=-=-=-=-=-=-=-=-
2018-12-07 04:42:13| 119.3|  0.0|STATS |=-=-=-=-=-=-=-=-=-=-=-=-=-=-=-=-=-=-=-=-=-=-=-=-=-=-=-=-=-=-=-=-=-=-=-=-=-=-=-
2018-12-07 04:42:13| 119.3|  0.0|STATS |                           Features Written Summary
2018-12-07 04:42:13| 119.3|  0.0|STATS |=-=-=-=-=-=-=-=-=-=-=-=-=-=-=-=-=-=-=-=-=-=-=-=-=-=-=-=-=-=-=-=-=-=-=-=-=-=-=-
2018-12-07 04:42:13| 119.3|  0.0|STATS |internal.workorders                                                     108433
2018-12-07 04:42:13| 119.3|  0.0|STATS |==============================================================================
2018-12-07 04:42:13| 119.3|  0.0|STATS |Total Features Written                                                  108433
2018-12-07 04:42:13| 119.3|  0.0|STATS |=-=-=-=-=-=-=-=-=-=-=-=-=-=-=-=-=-=-=-=-=-=-=-=-=-=-=-=-=-=-=-=-=-=-=-=-=-=-=-
2018-12-07 04:42:13| 119.3|  0.0|INFORM|Translation was SUCCESSFUL with 0 warning(s) (108433 feature(s) output)
2018-12-07 04:42:13| 119.3|  0.0|INFORM|FME Session Duration: 2 minutes 9.5 seconds. (CPU: 117.0s user, 2.2s system)
2018-12-07 04:42:13| 119.3|  0.0|INFORM|END - ProcessID: 5784, peak process memory usage: 131624 kB, current process memory usage: 100920 kB
