2020-04-02 00:15:05|   0.1|  0.1|INFORM|FME 2017.1.1.1 (20171014 - Build 17652 - WIN32)
2020-04-02 00:15:05|   0.1|  0.0|INFORM|FME_HOME is 'c:\FME2017\'
2020-04-02 00:15:05|   0.1|  0.0|INFORM|FME Desktop ESRI Edition (floating)
2020-04-02 00:15:05|   0.1|  0.0|INFORM|Permanent License.
2020-04-02 00:15:05|   0.1|  0.0|INFORM|Machine host name is: coa-gis-fme2
2020-04-02 00:15:05|   0.1|  0.0|INFORM|START - ProcessID: 2012, peak process memory usage: 30804 kB, current process memory usage: 30780 kB
2020-04-02 00:15:05|   0.1|  0.0|INFORM|FME Configuration: Command line arguments are `c:\FME2017\fme' `C:\COA\bedrock\working_directory\capital_projects_gis_warehouse/googleTOgis-capital_projects_master.fmw'
2020-04-02 00:15:05|   0.2|  0.1|INFORM|Shared folders for formats are : c:\FME2017\datasources;C:\Users\mssqlgisadmin\Documents\FME\Formats
2020-04-02 00:15:05|   0.2|  0.0|INFORM|Shared folders for transformers are : c:\FME2017\transformers;C:\Users\mssqlgisadmin\Documents\FME\Transformers;C:\Users\mssqlgisadmin\AppData\Roaming\Safe Software\FME\FME Store\Transformers
2020-04-02 00:15:05|   0.2|  0.0|INFORM|Shared folders for coordinate systems are : C:\Users\mssqlgisadmin\Documents\FME\CoordinateSystems
2020-04-02 00:15:05|   0.2|  0.0|INFORM|Shared folders for coordinate system exceptions are : C:\Users\mssqlgisadmin\Documents\FME\CoordinateSystemExceptions
2020-04-02 00:15:05|   0.2|  0.0|INFORM|Shared folders for coordinate system grid overrides are : C:\Users\mssqlgisadmin\Documents\FME\CoordinateSystemGridOverrides
2020-04-02 00:15:05|   0.2|  0.0|INFORM|Shared folders for CS-MAP transformation exceptions are : C:\Users\mssqlgisadmin\Documents\FME\CsmapTransformationExceptions
2020-04-02 00:15:05|   0.2|  0.0|INFORM|Shared folders for transformer categories are : C:\Users\mssqlgisadmin\Documents\FME\TransformerCategories
2020-04-02 00:15:05|   0.2|  0.0|INFORM|FME Configuration: Reader Keyword is `GOOGLESHEETS_1'
2020-04-02 00:15:05|   0.2|  0.0|INFORM|FME Configuration: Writer Keyword is `MULTI_WRITER'
2020-04-02 00:15:05|   0.2|  0.0|INFORM|FME Configuration: Writer Group Definition Keyword is `MULTI_WRITER_DEF'
2020-04-02 00:15:05|   0.2|  0.0|INFORM|FME Configuration: Reader type is `GOOGLESHEETS'
2020-04-02 00:15:05|   0.2|  0.0|INFORM|FME Configuration: Writer type is `MULTI_WRITER'
2020-04-02 00:15:05|   0.2|  0.0|INFORM|FME Configuration: No destination coordinate system set
2020-04-02 00:15:05|   0.2|  0.0|INFORM|FME Configuration: Current working folder is `C:\COA\bedrock\working_directory\capital_projects_gis_warehouse'
2020-04-02 00:15:05|   0.2|  0.0|INFORM|FME Configuration: Temporary folder is `C:\Users\MSSQLG~1\AppData\Local\Temp', set from environment variable `TEMP'
2020-04-02 00:15:05|   0.2|  0.0|INFORM|FME Configuration: FME_HOME is `c:\FME2017\'
2020-04-02 00:15:05|   0.2|  0.0|INFORM|FME Configuration: FME_BASE is 'no'
2020-04-02 00:15:05|   0.2|  0.0|INFORM|FME Configuration: FME_MF_DIR is 'C:\COA\bedrock\working_directory\capital_projects_gis_warehouse/'
2020-04-02 00:15:05|   0.2|  0.0|INFORM|FME Configuration: FME_MF_NAME is 'googleTOgis-capital_projects_master.fmw'
2020-04-02 00:15:05|   0.2|  0.0|INFORM|FME Configuration: FME_PRODUCT_NAME is 'FME(R) 2017.1.1.1'
2020-04-02 00:15:05|   0.2|  0.0|INFORM|System Status: 95.11 GB of disk space available in the FME temporary folder (C:\Users\MSSQLG~1\AppData\Local\Temp)
2020-04-02 00:15:05|   0.2|  0.0|INFORM|System Status: 4.00 GB of virtual memory available
2020-04-02 00:15:05|   0.2|  0.0|INFORM|Operating System: Microsoft Windows Server 2012 R2 Server 4.0 64-bit  (Build 9600)
2020-04-02 00:15:05|   0.2|  0.0|INFORM|FME Platform: WIN32
2020-04-02 00:15:05|   0.2|  0.0|INFORM|Locale: en_US
2020-04-02 00:15:05|   0.2|  0.0|INFORM|Code Page: 1252  (ANSI - Latin I)
2020-04-02 00:15:05|   0.2|  0.0|INFORM|FME Configuration: Process limits are 8.00 GB of physical memory and 4.00 GB of address space
2020-04-02 00:15:05|   0.2|  0.0|INFORM|FME Configuration: Start freeing memory when process usage exceeds 2.83 GB of memory or 3.41 GB of address space
2020-04-02 00:15:05|   0.2|  0.0|INFORM|FME Configuration: Stop freeing memory when process usage is below 2.12 GB of memory and 2.56 GB of address space
2020-04-02 00:15:05|   0.3|  0.1|INFORM|Creating writer for format: 
2020-04-02 00:15:05|   0.4|  0.1|INFORM|Creating reader for format: Google Sheets
2020-04-02 00:15:05|   0.5|  0.1|INFORM|Trying to find a PYTHON plugin for reader named `GOOGLESHEETS'
2020-04-02 00:15:05|   0.5|  0.0|INFORM|Using Python interpreter from `c:\FME2017\fmepython27\python27.dll' with PYTHONHOME `c:\FME2017\fmepython27'
2020-04-02 00:15:05|   0.5|  0.0|INFORM|Python version 2.7 loaded successfully
2020-04-02 00:15:06|   0.6|  0.1|INFORM|Loaded Python module `googlesheets' from file `c:\FME2017\plugins/python27\googlesheets\__init__.pyc'
2020-04-02 00:15:07|   1.7|  1.1|INFORM|Google Sheets Reader: Looking for spreadsheet with ID '1IepJrSjqbGK7UcTmFHqknNUD6Iyx6-3_zpj6qHprBgY', based on URL 'https://docs.google.com/spreadsheets/d/1IepJrSjqbGK7UcTmFHqknNUD6Iyx6-3_zpj6qHprBgY/edit#gid=2082294712'
2020-04-02 00:15:07|   1.7|  0.0|INFORM|Google Sheets: Requesting access token from OAuth 2.0 endpoint
2020-04-02 00:15:09|   2.8|  1.1|INFORM|Google Sheets Reader: Found spreadsheet 'Capital Projects Master' with ID '1IepJrSjqbGK7UcTmFHqknNUD6Iyx6-3_zpj6qHprBgY'
2020-04-02 00:15:09|   2.8|  0.0|INFORM|Using MultiWriter with keyword `MULTI_WRITER' to output data (ID_ATTRIBUTE is `multi_writer_id')
2020-04-02 00:15:09|   2.8|  0.0|INFORM|Writer output will be ordered by value of multi_writer_id
2020-04-02 00:15:09|   2.8|  0.0|INFORM|Google Sheets Reader: Downloading cells for 1 rows from worksheet 'General Project Information', in range A1:AO1
2020-04-02 00:15:09|   2.9|  0.0|INFORM|Google Sheets Reader: Inferring schema for worksheet 'General Project Information' by interpreting row 1 as field names
2020-04-02 00:15:09|   2.9|  0.0|WARN  |Google Sheets Reader: Some attributes on feature type 'General Project Information' could not be matched to a column on the worksheet. The following attributes will not receive values: 'Communication Plan'
2020-04-02 00:15:09|   2.9|  0.0|INFORM|Google Sheets Reader: Downloading cells for 192 rows from worksheet 'General Project Information', in range A2:Z193
2020-04-02 00:15:12|   5.7|  2.8|INFORM|FME Configuration: Named Connection Storage: 'C:\Users\mssqlgisadmin\AppData\Roaming\Safe Software\FME\'
2020-04-02 00:15:12|   5.7|  0.0|INFORM|FME Configuration: Using Named Connection values from 'coa-gis-warehouse1b' for POSTGRES_1
2020-04-02 00:15:12|   5.7|  0.0|INFORM|Creating writer for format: PostgreSQL
2020-04-02 00:15:13|   5.8|  0.1|INFORM|Trying to find a DYNAMIC plugin for writer named `POSTGRES'
2020-04-02 00:15:13|   5.8|  0.0|WARN  |Error prepending '<FME_HOME>/plugins/' to path environment variable.  The addition may not exist, or on Windows the resulting path may be longer than 2047 characters
2020-04-02 00:15:13|   5.8|  0.0|INFORM|Loaded module 'POSTGRES' from file 'c:\FME2017\plugins/POSTGIS.dll'
2020-04-02 00:15:13|   5.8|  0.0|INFORM|FME API version of module 'POSTGRES' matches current internal version (3.8 20170315)
2020-04-02 00:15:13|   5.8|  0.0|INFORM|FME Configuration: No destination coordinate system set
2020-04-02 00:15:13|   5.8|  0.0|INFORM|FME API version of module 'POSTGRES' matches current internal version (3.8 20170315)
2020-04-02 00:15:13|   5.8|  0.0|INFORM|Writer `POSTGRES_1' of type `POSTGRES' using group definition keyword `POSTGRES_1_DEF'
2020-04-02 00:15:13|   5.8|  0.0|INFORM|FME API version of module 'POSTGRES' matches current internal version (3.8 20170315)
2020-04-02 00:15:13|   5.8|  0.0|INFORM|Opening POSTGRES writer for dataset 'coagiswarehouse'...
2020-04-02 00:15:13|   5.8|  0.0|INFORM|PostGIS client encoding: 'UTF8'
2020-04-02 00:15:13|   5.8|  0.0|INFORM|PostgreSQL 9.6.11 on x86_64-pc-linux-gnu, compiled by gcc (GCC) 4.4.7 20120313 (Red Hat 4.4.7-23), 64-bit
2020-04-02 00:15:13|   5.8|  0.0|INFORM|Testing for the existence of table 'coagis.capital_projects_master'...
2020-04-02 00:15:13|   5.8|  0.0|INFORM|Truncating existing table 'coagis.capital_projects_master'...
2020-04-02 00:15:13|   5.8|  0.0|INFORM|Using existing table 'coagis.capital_projects_master'
2020-04-02 00:15:13|   5.8|  0.0|INFORM|POSTGRES Writer: Creating 'streaming Bulk Copy' feature type processor for feature type 'coagis.capital_projects_master'
2020-04-02 03:11:15|   5.9|  0.1|INFORM|Google Sheets Reader: Downloading cells for 192 rows from worksheet 'General Project Information', in range A194:Z385
2020-04-02 03:11:15|   5.9|  0.0|INFORM|Google Sheets: Requesting access token from OAuth 2.0 endpoint
2020-04-02 03:11:16|   6.0|  0.1|INFORM|Google Sheets Reader: Downloading cells for 192 rows from worksheet 'General Project Information', in range A386:Z577
2020-04-02 03:11:16|   6.0|  0.0|INFORM|Google Sheets Reader: Downloading cells for 192 rows from worksheet 'General Project Information', in range A578:Z769
2020-04-02 03:11:17|   6.0|  0.0|INFORM|Google Sheets Reader: Downloading cells for 192 rows from worksheet 'General Project Information', in range A770:Z961
2020-04-02 03:11:17|   6.0|  0.0|INFORM|Google Sheets Reader: Downloading cells for 12 rows from worksheet 'General Project Information', in range A962:Z973
2020-04-02 03:11:17|   6.0|  0.0|INFORM|Emptying factory pipeline
2020-04-02 03:11:17|   6.0|  0.0|STATS |Router and Unexpected Input Remover(RoutingFactory): Tested 94 input feature(s), wrote 94 output feature(s): 94 matched merge filters, 94 were routed to output, 0 could not be routed.
2020-04-02 03:11:17|   6.0|  0.0|STATS |General Project Information (GOOGLESHEETS_1) Splitter(TeeFactory): Cloned 94 input feature(s) into 94 output feature(s)
2020-04-02 03:11:17|   6.0|  0.0|STATS |Destination Feature Type Routing Correlator(RoutingFactory): Tested 94 input feature(s), wrote 94 output feature(s): 0 matched merge filters, 94 were routed to output, 0 could not be routed.
2020-04-02 03:11:17|   6.0|  0.0|STATS |Final Output Nuker(TeeFactory): Cloned 0 input feature(s) into 0 output feature(s)
2020-04-02 03:11:18|   6.0|  0.0|INFORM|Successfully closed POSTGRES database writer
2020-04-02 03:11:18|   6.0|  0.0|INFORM|=-=-=-=-=-=-=-=-=-=-=-=-=-=-=-=-=-=-=-=-=-=-=-=-=-=-=-=-=-=-=-=-=-=-=-=-=-=-=-
2020-04-02 03:11:18|   6.0|  0.0|INFORM|Feature output statistics for `POSTGRES' writer using keyword `POSTGRES_1':
2020-04-02 03:11:18|   6.0|  0.0|STATS |=-=-=-=-=-=-=-=-=-=-=-=-=-=-=-=-=-=-=-=-=-=-=-=-=-=-=-=-=-=-=-=-=-=-=-=-=-=-=-
2020-04-02 03:11:18|   6.0|  0.0|STATS |                               Features Written
2020-04-02 03:11:18|   6.0|  0.0|STATS |=-=-=-=-=-=-=-=-=-=-=-=-=-=-=-=-=-=-=-=-=-=-=-=-=-=-=-=-=-=-=-=-=-=-=-=-=-=-=-
2020-04-02 03:11:18|   6.0|  0.0|STATS |coagis.capital_projects_master                                              94
2020-04-02 03:11:18|   6.0|  0.0|STATS |==============================================================================
2020-04-02 03:11:18|   6.0|  0.0|STATS |Total Features Written                                                      94
2020-04-02 03:11:18|   6.0|  0.0|STATS |=-=-=-=-=-=-=-=-=-=-=-=-=-=-=-=-=-=-=-=-=-=-=-=-=-=-=-=-=-=-=-=-=-=-=-=-=-=-=-
2020-04-02 03:11:18|   6.0|  0.0|STATS |=-=-=-=-=-=-=-=-=-=-=-=-=-=-=-=-=-=-=-=-=-=-=-=-=-=-=-=-=-=-=-=-=-=-=-=-=-=-=-
2020-04-02 03:11:18|   6.0|  0.0|STATS |                            Features Read Summary
2020-04-02 03:11:18|   6.0|  0.0|STATS |=-=-=-=-=-=-=-=-=-=-=-=-=-=-=-=-=-=-=-=-=-=-=-=-=-=-=-=-=-=-=-=-=-=-=-=-=-=-=-
2020-04-02 03:11:18|   6.0|  0.0|STATS |General Project Information                                                 94
2020-04-02 03:11:18|   6.0|  0.0|STATS |==============================================================================
2020-04-02 03:11:18|   6.0|  0.0|STATS |Total Features Read                                                         94
2020-04-02 03:11:18|   6.0|  0.0|STATS |=-=-=-=-=-=-=-=-=-=-=-=-=-=-=-=-=-=-=-=-=-=-=-=-=-=-=-=-=-=-=-=-=-=-=-=-=-=-=-
2020-04-02 03:11:18|   6.0|  0.0|STATS |=-=-=-=-=-=-=-=-=-=-=-=-=-=-=-=-=-=-=-=-=-=-=-=-=-=-=-=-=-=-=-=-=-=-=-=-=-=-=-
2020-04-02 03:11:18|   6.0|  0.0|STATS |                           Features Written Summary
2020-04-02 03:11:18|   6.0|  0.0|STATS |=-=-=-=-=-=-=-=-=-=-=-=-=-=-=-=-=-=-=-=-=-=-=-=-=-=-=-=-=-=-=-=-=-=-=-=-=-=-=-
2020-04-02 03:11:18|   6.0|  0.0|STATS |coagis.capital_projects_master                                              94
2020-04-02 03:11:18|   6.0|  0.0|STATS |==============================================================================
2020-04-02 03:11:18|   6.0|  0.0|STATS |Total Features Written                                                      94
2020-04-02 03:11:18|   6.0|  0.0|STATS |=-=-=-=-=-=-=-=-=-=-=-=-=-=-=-=-=-=-=-=-=-=-=-=-=-=-=-=-=-=-=-=-=-=-=-=-=-=-=-
2020-04-02 03:11:18|   6.0|  0.0|INFORM|Translation was SUCCESSFUL with 2 warning(s) (94 feature(s) output)
2020-04-02 03:11:18|   6.0|  0.0|INFORM|FME Session Duration: 2 hours 56 minutes 13.1 seconds. (CPU: 4.8s user, 1.1s system)
2020-04-02 03:11:18|   6.0|  0.0|INFORM|END - ProcessID: 2012, peak process memory usage: 123264 kB, current process memory usage: 122212 kB
