2018-12-07 04:25:03|   0.1|  0.1|INFORM|FME 2017.1.1.1 (20171014 - Build 17652 - WIN32)
2018-12-07 04:25:03|   0.1|  0.0|INFORM|FME_HOME is 'c:\FME2017\'
2018-12-07 04:25:03|   0.1|  0.0|INFORM|FME Desktop ESRI Edition (floating)
2018-12-07 04:25:03|   0.1|  0.0|INFORM|Permanent License.
2018-12-07 04:25:03|   0.1|  0.0|INFORM|Machine host name is: coa-gis-fme2
2018-12-07 04:25:03|   0.1|  0.0|INFORM|START - ProcessID: 1580, peak process memory usage: 32080 kB, current process memory usage: 32064 kB
2018-12-07 04:25:03|   0.1|  0.0|INFORM|FME Configuration: Command line arguments are `c:\FME2017\fme' `C:\jon\bedrock\working_directory\assets\development\inspections/accela_to_wh-inspections.fmw'
2018-12-07 04:25:03|   0.2|  0.1|INFORM|Shared folders for formats are : c:\FME2017\datasources;C:\Users\mssqlgisadmin\Documents\FME\Formats
2018-12-07 04:25:03|   0.2|  0.0|INFORM|Shared folders for transformers are : c:\FME2017\transformers;C:\Users\mssqlgisadmin\Documents\FME\Transformers;C:\Users\mssqlgisadmin\AppData\Roaming\Safe Software\FME\FME Store\Transformers
2018-12-07 04:25:03|   0.2|  0.0|INFORM|Shared folders for coordinate systems are : C:\Users\mssqlgisadmin\Documents\FME\CoordinateSystems
2018-12-07 04:25:03|   0.2|  0.0|INFORM|Shared folders for coordinate system exceptions are : C:\Users\mssqlgisadmin\Documents\FME\CoordinateSystemExceptions
2018-12-07 04:25:03|   0.2|  0.0|INFORM|Shared folders for coordinate system grid overrides are : C:\Users\mssqlgisadmin\Documents\FME\CoordinateSystemGridOverrides
2018-12-07 04:25:03|   0.2|  0.0|INFORM|Shared folders for CS-MAP transformation exceptions are : C:\Users\mssqlgisadmin\Documents\FME\CsmapTransformationExceptions
2018-12-07 04:25:03|   0.2|  0.0|INFORM|Shared folders for transformer categories are : C:\Users\mssqlgisadmin\Documents\FME\TransformerCategories
2018-12-07 04:25:03|   0.2|  0.0|INFORM|FME Configuration: Reader Keyword is `MSSQL_ADO_1'
2018-12-07 04:25:03|   0.2|  0.0|INFORM|FME Configuration: Writer Keyword is `MULTI_WRITER'
2018-12-07 04:25:03|   0.2|  0.0|INFORM|FME Configuration: Writer Group Definition Keyword is `MULTI_WRITER_DEF'
2018-12-07 04:25:03|   0.2|  0.0|INFORM|FME Configuration: Reader type is `MSSQL_ADO'
2018-12-07 04:25:03|   0.2|  0.0|INFORM|FME Configuration: Writer type is `MULTI_WRITER'
2018-12-07 04:25:03|   0.2|  0.0|INFORM|FME Configuration: No destination coordinate system set
2018-12-07 04:25:03|   0.2|  0.0|INFORM|FME Configuration: Current working folder is `C:\jon\bedrock\working_directory\assets\development\inspections'
2018-12-07 04:25:03|   0.2|  0.0|INFORM|FME Configuration: Temporary folder is `C:\Users\MSSQLG~1\AppData\Local\Temp', set from environment variable `TEMP'
2018-12-07 04:25:03|   0.2|  0.0|INFORM|FME Configuration: FME_HOME is `c:\FME2017\'
2018-12-07 04:25:03|   0.2|  0.0|INFORM|FME Configuration: FME_BASE is 'no'
2018-12-07 04:25:03|   0.2|  0.0|INFORM|FME Configuration: FME_MF_DIR is 'C:\jon\bedrock\working_directory\assets\development\inspections/'
2018-12-07 04:25:03|   0.2|  0.0|INFORM|FME Configuration: FME_MF_NAME is 'accela_to_wh-inspections.fmw'
2018-12-07 04:25:03|   0.2|  0.0|INFORM|FME Configuration: FME_PRODUCT_NAME is 'FME(R) 2017.1.1.1'
2018-12-07 04:25:03|   0.2|  0.0|INFORM|System Status: 116.53 GB of disk space available in the FME temporary folder (C:\Users\MSSQLG~1\AppData\Local\Temp)
2018-12-07 04:25:03|   0.2|  0.0|INFORM|System Status: 4.00 GB of virtual memory available
2018-12-07 04:25:03|   0.2|  0.0|INFORM|Operating System: Microsoft Windows Server 2012 R2 Server 4.0 64-bit  (Build 9600)
2018-12-07 04:25:03|   0.2|  0.0|INFORM|FME Platform: WIN32
2018-12-07 04:25:03|   0.2|  0.0|INFORM|Locale: en_US
2018-12-07 04:25:03|   0.2|  0.0|INFORM|Code Page: 1252  (ANSI - Latin I)
2018-12-07 04:25:03|   0.2|  0.0|INFORM|FME Configuration: Process limits are 8.00 GB of physical memory and 4.00 GB of address space
2018-12-07 04:25:03|   0.2|  0.0|INFORM|FME Configuration: Start freeing memory when process usage exceeds 2.83 GB of memory or 3.41 GB of address space
2018-12-07 04:25:03|   0.2|  0.0|INFORM|FME Configuration: Stop freeing memory when process usage is below 2.12 GB of memory and 2.56 GB of address space
2018-12-07 04:25:04|   0.3|  0.1|INFORM|Creating writer for format: 
2018-12-07 04:25:05|   1.8|  1.5|INFORM|FME Configuration: Named Connection Storage: 'C:\Users\mssqlgisadmin\AppData\Roaming\Safe Software\FME\'
2018-12-07 04:25:05|   1.8|  0.0|INFORM|FME Configuration: Using Named Connection values from '@coa-dscdb/accelaprod' for MSSQL_ADO_1
2018-12-07 04:25:05|   1.8|  0.0|INFORM|Creating reader for format: Microsoft SQL Server Non-Spatial
2018-12-07 04:25:05|   1.9|  0.1|INFORM|Trying to find a DYNAMIC plugin for reader named `MSSQL_ADO'
2018-12-07 04:25:05|   1.9|  0.0|INFORM|Loaded module 'MSSQL_ADO' from file 'c:\FME2017\plugins/FME_ADO.dll'
2018-12-07 04:25:05|   1.9|  0.0|INFORM|FME API version of module 'MSSQL_ADO' matches current internal version (3.8 20170315)
2018-12-07 04:25:05|   1.9|  0.0|INFORM|Microsoft SQL Server Non-Spatial Reader: Read 1 DEF line(s).  Found 18 attribute(s)
2018-12-07 04:25:05|   1.9|  0.0|INFORM|Microsoft SQL Server Non-Spatial Reader: Opening `accelaprod' for read operation
2018-12-07 04:25:05|   1.9|  0.0|INFORM|Microsoft SQL Server Non-Spatial Reader: Trying to connect using SQL Server 2012 Native Client...
2018-12-07 04:25:05|   1.9|  0.0|INFORM|Using MultiWriter with keyword `MULTI_WRITER' to output data (ID_ATTRIBUTE is `multi_writer_id')
2018-12-07 04:25:05|   1.9|  0.0|INFORM|Writer output will be ordered by value of multi_writer_id
2018-12-07 04:25:23|   2.0|  0.0|INFORM|Microsoft SQL Server Non-Spatial Reader: Now reading features from table amd.inspections, 10 record(s) at a time
2018-12-07 04:25:23|   2.3|  0.3|INFORM|FME Configuration: Using Named Connection values from 'mda-store-1' for POSTGRES_1
2018-12-07 04:25:23|   2.3|  0.0|INFORM|Creating writer for format: PostgreSQL
2018-12-07 04:25:23|   2.4|  0.1|INFORM|Trying to find a DYNAMIC plugin for writer named `POSTGRES'
2018-12-07 04:25:23|   2.4|  0.0|INFORM|Loaded module 'POSTGRES' from file 'c:\FME2017\plugins/POSTGIS.dll'
2018-12-07 04:25:23|   2.4|  0.0|INFORM|FME API version of module 'POSTGRES' matches current internal version (3.8 20170315)
2018-12-07 04:25:23|   2.4|  0.0|INFORM|FME Configuration: No destination coordinate system set
2018-12-07 04:25:23|   2.4|  0.0|INFORM|FME API version of module 'POSTGRES' matches current internal version (3.8 20170315)
2018-12-07 04:25:23|   2.4|  0.0|INFORM|Writer `POSTGRES_1' of type `POSTGRES' using group definition keyword `POSTGRES_1_DEF'
2018-12-07 04:25:23|   2.4|  0.0|INFORM|FME API version of module 'POSTGRES' matches current internal version (3.8 20170315)
2018-12-07 04:25:23|   2.4|  0.0|INFORM|Opening POSTGRES writer for dataset 'mdastore1'...
2018-12-07 04:25:25|   3.5|  1.1|INFORM|PostGIS client encoding: 'UTF8'
2018-12-07 04:25:25|   3.5|  0.0|INFORM|PostgreSQL 10.4 on x86_64-pc-linux-gnu, compiled by gcc (GCC) 4.8.3 20140911 (Red Hat 4.8.3-9), 64-bit
2018-12-07 04:25:25|   3.5|  0.0|INFORM|Testing for the existence of table 'internal.inspections'...
2018-12-07 04:25:25|   3.5|  0.0|INFORM|Truncating existing table 'internal.inspections'...
2018-12-07 04:25:25|   3.5|  0.0|INFORM|Using existing table 'internal.inspections'
2018-12-07 04:25:26|   3.5|  0.0|INFORM|POSTGRES Writer: Creating 'streaming Bulk Copy' feature type processor for feature type 'internal.inspections'
2018-12-07 04:25:26|   3.9|  0.4|INFORM|Committed transaction at feature '1000'
2018-12-07 04:25:27|   4.3|  0.4|INFORM|Committed transaction at feature '2000'
2018-12-07 04:25:27|   4.5|  0.2|INFORM|Reading source feature # 2500
2018-12-07 04:25:27|   4.7|  0.2|INFORM|Committed transaction at feature '3000'
2018-12-07 04:25:27|   5.1|  0.4|INFORM|Committed transaction at feature '4000'
2018-12-07 04:25:28|   5.5|  0.4|INFORM|Reading source feature # 5000
2018-12-07 04:25:28|   5.5|  0.0|INFORM|Committed transaction at feature '5000'
2018-12-07 04:25:28|   5.9|  0.4|INFORM|Committed transaction at feature '6000'
2018-12-07 04:25:29|   6.3|  0.4|INFORM|Committed transaction at feature '7000'
2018-12-07 04:25:29|   6.5|  0.2|INFORM|Reading source feature # 7500
2018-12-07 04:25:29|   6.8|  0.2|INFORM|Committed transaction at feature '8000'
2018-12-07 04:25:30|   7.2|  0.4|INFORM|Committed transaction at feature '9000'
2018-12-07 04:25:30|   7.6|  0.4|INFORM|Reading source feature # 10000
2018-12-07 04:25:30|   7.6|  0.0|INFORM|Committed transaction at feature '10000'
2018-12-07 04:25:31|   8.0|  0.4|INFORM|Committed transaction at feature '11000'
2018-12-07 04:25:31|   8.4|  0.4|INFORM|Committed transaction at feature '12000'
2018-12-07 04:25:31|   8.5|  0.2|INFORM|Reading source feature # 12500
2018-12-07 04:25:32|   8.7|  0.2|INFORM|Committed transaction at feature '13000'
2018-12-07 04:25:32|   9.1|  0.4|INFORM|Committed transaction at feature '14000'
2018-12-07 04:25:33|   9.5|  0.4|INFORM|Reading source feature # 15000
2018-12-07 04:25:33|   9.5|  0.0|INFORM|Committed transaction at feature '15000'
2018-12-07 04:25:33|   9.9|  0.4|INFORM|Committed transaction at feature '16000'
2018-12-07 04:25:34|  10.4|  0.4|INFORM|Committed transaction at feature '17000'
2018-12-07 04:25:34|  10.6|  0.2|INFORM|Reading source feature # 17500
2018-12-07 04:25:34|  10.8|  0.2|INFORM|Committed transaction at feature '18000'
2018-12-07 04:25:35|  11.2|  0.4|INFORM|Committed transaction at feature '19000'
2018-12-07 04:25:35|  11.6|  0.4|INFORM|Reading source feature # 20000
2018-12-07 04:25:35|  11.6|  0.0|INFORM|Committed transaction at feature '20000'
2018-12-07 04:25:35|  12.0|  0.4|INFORM|Committed transaction at feature '21000'
2018-12-07 04:25:36|  12.4|  0.4|INFORM|Committed transaction at feature '22000'
2018-12-07 04:25:36|  12.6|  0.2|INFORM|Reading source feature # 22500
2018-12-07 04:25:36|  12.8|  0.2|INFORM|Committed transaction at feature '23000'
2018-12-07 04:25:37|  13.1|  0.4|INFORM|Committed transaction at feature '24000'
2018-12-07 04:25:37|  13.5|  0.4|INFORM|Reading source feature # 25000
2018-12-07 04:25:37|  13.5|  0.0|INFORM|Committed transaction at feature '25000'
2018-12-07 04:25:38|  13.9|  0.4|INFORM|Committed transaction at feature '26000'
2018-12-07 04:25:38|  14.3|  0.4|INFORM|Committed transaction at feature '27000'
2018-12-07 04:25:39|  14.5|  0.2|INFORM|Reading source feature # 27500
2018-12-07 04:25:39|  14.8|  0.2|INFORM|Committed transaction at feature '28000'
2018-12-07 04:25:39|  15.2|  0.4|INFORM|Committed transaction at feature '29000'
2018-12-07 04:25:40|  15.6|  0.4|INFORM|Reading source feature # 30000
2018-12-07 04:25:40|  15.6|  0.0|INFORM|Committed transaction at feature '30000'
2018-12-07 04:25:40|  16.0|  0.4|INFORM|Committed transaction at feature '31000'
2018-12-07 04:25:41|  16.4|  0.4|INFORM|Committed transaction at feature '32000'
2018-12-07 04:25:41|  16.6|  0.2|INFORM|Reading source feature # 32500
2018-12-07 04:25:41|  16.8|  0.2|INFORM|Committed transaction at feature '33000'
2018-12-07 04:25:41|  17.1|  0.4|INFORM|Committed transaction at feature '34000'
2018-12-07 04:25:42|  17.5|  0.4|INFORM|Reading source feature # 35000
2018-12-07 04:25:42|  17.5|  0.0|INFORM|Committed transaction at feature '35000'
2018-12-07 04:25:42|  17.9|  0.4|INFORM|Committed transaction at feature '36000'
2018-12-07 04:25:43|  18.3|  0.4|INFORM|Committed transaction at feature '37000'
2018-12-07 04:25:43|  18.5|  0.2|INFORM|Reading source feature # 37500
2018-12-07 04:25:43|  18.7|  0.2|INFORM|Committed transaction at feature '38000'
2018-12-07 04:25:44|  19.0|  0.4|INFORM|Committed transaction at feature '39000'
2018-12-07 04:25:44|  19.4|  0.4|INFORM|Reading source feature # 40000
2018-12-07 04:25:44|  19.4|  0.0|INFORM|Committed transaction at feature '40000'
2018-12-07 04:25:45|  19.8|  0.4|INFORM|Committed transaction at feature '41000'
2018-12-07 04:25:45|  20.2|  0.4|INFORM|Committed transaction at feature '42000'
2018-12-07 04:25:45|  20.4|  0.2|INFORM|Reading source feature # 42500
2018-12-07 04:25:45|  20.6|  0.2|INFORM|Committed transaction at feature '43000'
2018-12-07 04:25:46|  21.0|  0.4|INFORM|Committed transaction at feature '44000'
2018-12-07 04:25:46|  21.3|  0.4|INFORM|Reading source feature # 45000
2018-12-07 04:25:46|  21.3|  0.0|INFORM|Committed transaction at feature '45000'
2018-12-07 04:25:47|  21.7|  0.4|INFORM|Committed transaction at feature '46000'
2018-12-07 04:25:47|  22.1|  0.4|INFORM|Committed transaction at feature '47000'
2018-12-07 04:25:47|  22.3|  0.2|INFORM|Reading source feature # 47500
2018-12-07 04:25:48|  22.5|  0.2|INFORM|Committed transaction at feature '48000'
2018-12-07 04:25:48|  22.8|  0.4|INFORM|Committed transaction at feature '49000'
2018-12-07 04:25:49|  23.2|  0.4|INFORM|Reading source feature # 50000
2018-12-07 04:25:49|  23.2|  0.0|INFORM|Committed transaction at feature '50000'
2018-12-07 04:25:49|  23.6|  0.4|INFORM|Committed transaction at feature '51000'
2018-12-07 04:25:49|  24.0|  0.4|INFORM|Committed transaction at feature '52000'
2018-12-07 04:25:50|  24.2|  0.2|INFORM|Reading source feature # 52500
2018-12-07 04:25:50|  24.4|  0.2|INFORM|Committed transaction at feature '53000'
2018-12-07 04:25:50|  24.8|  0.4|INFORM|Committed transaction at feature '54000'
2018-12-07 04:25:51|  25.2|  0.4|INFORM|Reading source feature # 55000
2018-12-07 04:25:51|  25.2|  0.0|INFORM|Committed transaction at feature '55000'
2018-12-07 04:25:51|  25.5|  0.4|INFORM|Committed transaction at feature '56000'
2018-12-07 04:25:52|  25.9|  0.4|INFORM|Committed transaction at feature '57000'
2018-12-07 04:25:52|  26.2|  0.2|INFORM|Reading source feature # 57500
2018-12-07 04:25:52|  26.3|  0.2|INFORM|Committed transaction at feature '58000'
2018-12-07 04:25:52|  26.7|  0.4|INFORM|Committed transaction at feature '59000'
2018-12-07 04:25:53|  27.1|  0.4|INFORM|Reading source feature # 60000
2018-12-07 04:25:53|  27.1|  0.0|INFORM|Committed transaction at feature '60000'
2018-12-07 04:25:53|  27.5|  0.4|INFORM|Committed transaction at feature '61000'
2018-12-07 04:25:54|  27.8|  0.4|INFORM|Committed transaction at feature '62000'
2018-12-07 04:25:54|  28.0|  0.2|INFORM|Reading source feature # 62500
2018-12-07 04:25:54|  28.2|  0.2|INFORM|Committed transaction at feature '63000'
2018-12-07 04:25:55|  28.6|  0.4|INFORM|Committed transaction at feature '64000'
2018-12-07 04:25:55|  29.0|  0.4|INFORM|Reading source feature # 65000
2018-12-07 04:25:55|  29.0|  0.0|INFORM|Committed transaction at feature '65000'
2018-12-07 04:25:56|  29.3|  0.4|INFORM|Committed transaction at feature '66000'
2018-12-07 04:25:56|  29.7|  0.4|INFORM|Committed transaction at feature '67000'
2018-12-07 04:25:56|  29.9|  0.2|INFORM|Reading source feature # 67500
2018-12-07 04:25:56|  30.1|  0.2|INFORM|Committed transaction at feature '68000'
2018-12-07 04:25:57|  30.5|  0.4|INFORM|Committed transaction at feature '69000'
2018-12-07 04:25:57|  30.8|  0.4|INFORM|Reading source feature # 70000
2018-12-07 04:25:57|  30.8|  0.0|INFORM|Committed transaction at feature '70000'
2018-12-07 04:25:58|  31.2|  0.4|INFORM|Committed transaction at feature '71000'
2018-12-07 04:25:58|  31.6|  0.4|INFORM|Committed transaction at feature '72000'
2018-12-07 04:25:58|  31.8|  0.2|INFORM|Reading source feature # 72500
2018-12-07 04:25:59|  32.0|  0.2|INFORM|Committed transaction at feature '73000'
2018-12-07 04:25:59|  32.3|  0.4|INFORM|Committed transaction at feature '74000'
2018-12-07 04:25:59|  32.7|  0.4|INFORM|Reading source feature # 75000
2018-12-07 04:25:59|  32.7|  0.0|INFORM|Committed transaction at feature '75000'
2018-12-07 04:26:00|  33.1|  0.4|INFORM|Committed transaction at feature '76000'
2018-12-07 04:26:00|  33.5|  0.4|INFORM|Committed transaction at feature '77000'
2018-12-07 04:26:01|  33.8|  0.3|INFORM|Reading source feature # 77500
2018-12-07 04:26:01|  34.0|  0.2|INFORM|Committed transaction at feature '78000'
2018-12-07 04:26:01|  34.5|  0.5|INFORM|Committed transaction at feature '79000'
2018-12-07 04:26:02|  34.8|  0.4|INFORM|Reading source feature # 80000
2018-12-07 04:26:02|  34.8|  0.0|INFORM|Committed transaction at feature '80000'
2018-12-07 04:26:02|  35.2|  0.4|INFORM|Committed transaction at feature '81000'
2018-12-07 04:26:03|  35.6|  0.4|INFORM|Committed transaction at feature '82000'
2018-12-07 04:26:03|  35.8|  0.2|INFORM|Reading source feature # 82500
2018-12-07 04:26:03|  36.0|  0.2|INFORM|Committed transaction at feature '83000'
2018-12-07 04:26:04|  36.3|  0.4|INFORM|Committed transaction at feature '84000'
2018-12-07 04:26:04|  36.7|  0.4|INFORM|Reading source feature # 85000
2018-12-07 04:26:04|  36.7|  0.0|INFORM|Committed transaction at feature '85000'
2018-12-07 04:26:05|  37.1|  0.4|INFORM|Committed transaction at feature '86000'
2018-12-07 04:26:05|  37.5|  0.4|INFORM|Committed transaction at feature '87000'
2018-12-07 04:26:05|  37.7|  0.2|INFORM|Reading source feature # 87500
2018-12-07 04:26:06|  37.8|  0.2|INFORM|Committed transaction at feature '88000'
2018-12-07 04:26:06|  38.2|  0.4|INFORM|Committed transaction at feature '89000'
2018-12-07 04:26:06|  38.6|  0.4|INFORM|Reading source feature # 90000
2018-12-07 04:26:06|  38.6|  0.0|INFORM|Committed transaction at feature '90000'
2018-12-07 04:26:07|  39.0|  0.4|INFORM|Committed transaction at feature '91000'
2018-12-07 04:26:07|  39.3|  0.4|INFORM|Committed transaction at feature '92000'
2018-12-07 04:26:08|  39.5|  0.2|INFORM|Reading source feature # 92500
2018-12-07 04:26:08|  39.7|  0.2|INFORM|Committed transaction at feature '93000'
2018-12-07 04:26:08|  40.1|  0.4|INFORM|Committed transaction at feature '94000'
2018-12-07 04:26:09|  40.4|  0.4|INFORM|Reading source feature # 95000
2018-12-07 04:26:09|  40.4|  0.0|INFORM|Committed transaction at feature '95000'
2018-12-07 04:26:09|  40.8|  0.4|INFORM|Committed transaction at feature '96000'
2018-12-07 04:26:10|  41.2|  0.4|INFORM|Committed transaction at feature '97000'
2018-12-07 04:26:10|  41.4|  0.2|INFORM|Reading source feature # 97500
2018-12-07 04:26:10|  41.6|  0.2|INFORM|Committed transaction at feature '98000'
2018-12-07 04:26:10|  42.0|  0.4|INFORM|Committed transaction at feature '99000'
2018-12-07 04:26:11|  42.3|  0.4|INFORM|Reading source feature # 100000
2018-12-07 04:26:11|  42.4|  0.0|INFORM|Committed transaction at feature '100000'
2018-12-07 04:26:11|  42.7|  0.4|INFORM|Committed transaction at feature '101000'
2018-12-07 04:26:12|  43.1|  0.4|INFORM|Committed transaction at feature '102000'
2018-12-07 04:26:12|  43.3|  0.2|INFORM|Reading source feature # 102500
2018-12-07 04:26:12|  43.5|  0.2|INFORM|Committed transaction at feature '103000'
2018-12-07 04:26:13|  43.9|  0.4|INFORM|Committed transaction at feature '104000'
2018-12-07 04:26:13|  44.3|  0.4|INFORM|Reading source feature # 105000
2018-12-07 04:26:13|  44.3|  0.0|INFORM|Committed transaction at feature '105000'
2018-12-07 04:26:13|  44.6|  0.4|INFORM|Committed transaction at feature '106000'
2018-12-07 04:26:14|  45.0|  0.4|INFORM|Committed transaction at feature '107000'
2018-12-07 04:26:14|  45.2|  0.2|INFORM|Reading source feature # 107500
2018-12-07 04:26:14|  45.4|  0.2|INFORM|Committed transaction at feature '108000'
2018-12-07 04:26:15|  45.7|  0.4|INFORM|Committed transaction at feature '109000'
2018-12-07 04:26:15|  46.1|  0.4|INFORM|Reading source feature # 110000
2018-12-07 04:26:15|  46.1|  0.0|INFORM|Committed transaction at feature '110000'
2018-12-07 04:26:16|  46.5|  0.4|INFORM|Committed transaction at feature '111000'
2018-12-07 04:26:16|  46.9|  0.4|INFORM|Committed transaction at feature '112000'
2018-12-07 04:26:16|  47.0|  0.2|INFORM|Reading source feature # 112500
2018-12-07 04:26:17|  47.2|  0.2|INFORM|Committed transaction at feature '113000'
2018-12-07 04:26:17|  47.6|  0.4|INFORM|Committed transaction at feature '114000'
2018-12-07 04:26:17|  48.0|  0.4|INFORM|Reading source feature # 115000
2018-12-07 04:26:17|  48.0|  0.0|INFORM|Committed transaction at feature '115000'
2018-12-07 04:26:18|  48.4|  0.4|INFORM|Committed transaction at feature '116000'
2018-12-07 04:26:18|  48.7|  0.4|INFORM|Committed transaction at feature '117000'
2018-12-07 04:26:19|  48.9|  0.2|INFORM|Reading source feature # 117500
2018-12-07 04:26:19|  49.1|  0.2|INFORM|Committed transaction at feature '118000'
2018-12-07 04:26:19|  49.5|  0.4|INFORM|Committed transaction at feature '119000'
2018-12-07 04:26:20|  49.8|  0.4|INFORM|Reading source feature # 120000
2018-12-07 04:26:20|  49.8|  0.0|INFORM|Committed transaction at feature '120000'
2018-12-07 04:26:20|  50.2|  0.4|INFORM|Committed transaction at feature '121000'
2018-12-07 04:26:21|  50.6|  0.4|INFORM|Committed transaction at feature '122000'
2018-12-07 04:26:21|  50.8|  0.2|INFORM|Reading source feature # 122500
2018-12-07 04:26:21|  51.0|  0.2|INFORM|Committed transaction at feature '123000'
2018-12-07 04:26:21|  51.3|  0.4|INFORM|Committed transaction at feature '124000'
2018-12-07 04:26:22|  51.7|  0.4|INFORM|Reading source feature # 125000
2018-12-07 04:26:22|  51.7|  0.0|INFORM|Committed transaction at feature '125000'
2018-12-07 04:26:22|  52.1|  0.4|INFORM|Committed transaction at feature '126000'
2018-12-07 04:26:23|  52.5|  0.4|INFORM|Committed transaction at feature '127000'
2018-12-07 04:26:23|  52.7|  0.2|INFORM|Reading source feature # 127500
2018-12-07 04:26:23|  52.8|  0.2|INFORM|Committed transaction at feature '128000'
2018-12-07 04:26:24|  53.2|  0.4|INFORM|Committed transaction at feature '129000'
2018-12-07 04:26:24|  53.6|  0.4|INFORM|Reading source feature # 130000
2018-12-07 04:26:24|  53.6|  0.0|INFORM|Committed transaction at feature '130000'
2018-12-07 04:26:24|  54.0|  0.4|INFORM|Committed transaction at feature '131000'
2018-12-07 04:26:25|  54.3|  0.4|INFORM|Committed transaction at feature '132000'
2018-12-07 04:26:25|  54.5|  0.2|INFORM|Reading source feature # 132500
2018-12-07 04:26:25|  54.7|  0.2|INFORM|Committed transaction at feature '133000'
2018-12-07 04:26:26|  55.1|  0.4|INFORM|Committed transaction at feature '134000'
2018-12-07 04:26:26|  55.5|  0.4|INFORM|Reading source feature # 135000
2018-12-07 04:26:26|  55.5|  0.0|INFORM|Committed transaction at feature '135000'
2018-12-07 04:26:27|  55.8|  0.4|INFORM|Committed transaction at feature '136000'
2018-12-07 04:26:27|  56.2|  0.4|INFORM|Committed transaction at feature '137000'
2018-12-07 04:26:27|  56.4|  0.2|INFORM|Reading source feature # 137500
2018-12-07 04:26:28|  56.6|  0.2|INFORM|Committed transaction at feature '138000'
2018-12-07 04:26:28|  57.0|  0.4|INFORM|Committed transaction at feature '139000'
2018-12-07 04:26:28|  57.3|  0.4|INFORM|Reading source feature # 140000
2018-12-07 04:26:28|  57.3|  0.0|INFORM|Committed transaction at feature '140000'
2018-12-07 04:26:29|  57.7|  0.4|INFORM|Committed transaction at feature '141000'
2018-12-07 04:26:29|  58.1|  0.4|INFORM|Committed transaction at feature '142000'
2018-12-07 04:26:30|  58.3|  0.2|INFORM|Reading source feature # 142500
2018-12-07 04:26:30|  58.5|  0.2|INFORM|Committed transaction at feature '143000'
2018-12-07 04:26:30|  58.8|  0.4|INFORM|Committed transaction at feature '144000'
2018-12-07 04:26:31|  59.2|  0.4|INFORM|Reading source feature # 145000
2018-12-07 04:26:31|  59.2|  0.0|INFORM|Committed transaction at feature '145000'
2018-12-07 04:26:31|  59.6|  0.4|INFORM|Committed transaction at feature '146000'
2018-12-07 04:26:32|  60.0|  0.4|INFORM|Committed transaction at feature '147000'
2018-12-07 04:26:32|  60.2|  0.2|INFORM|Reading source feature # 147500
2018-12-07 04:26:32|  60.4|  0.2|INFORM|Committed transaction at feature '148000'
2018-12-07 04:26:32|  60.8|  0.4|INFORM|Committed transaction at feature '149000'
2018-12-07 04:26:33|  61.1|  0.4|INFORM|Reading source feature # 150000
2018-12-07 04:26:33|  61.1|  0.0|INFORM|Committed transaction at feature '150000'
2018-12-07 04:26:33|  61.5|  0.4|INFORM|Committed transaction at feature '151000'
2018-12-07 04:26:34|  61.9|  0.4|INFORM|Committed transaction at feature '152000'
2018-12-07 04:26:34|  62.1|  0.2|INFORM|Reading source feature # 152500
2018-12-07 04:26:34|  62.3|  0.2|INFORM|Committed transaction at feature '153000'
2018-12-07 04:26:35|  62.6|  0.4|INFORM|Committed transaction at feature '154000'
2018-12-07 04:26:35|  63.0|  0.4|INFORM|Reading source feature # 155000
2018-12-07 04:26:35|  63.0|  0.0|INFORM|Committed transaction at feature '155000'
2018-12-07 04:26:35|  63.4|  0.4|INFORM|Committed transaction at feature '156000'
2018-12-07 04:26:36|  63.8|  0.4|INFORM|Committed transaction at feature '157000'
2018-12-07 04:26:36|  64.0|  0.2|INFORM|Reading source feature # 157500
2018-12-07 04:26:37|  64.2|  0.2|INFORM|Committed transaction at feature '158000'
2018-12-07 04:26:37|  64.5|  0.4|INFORM|Committed transaction at feature '159000'
2018-12-07 04:26:37|  64.9|  0.4|INFORM|Reading source feature # 160000
2018-12-07 04:26:37|  64.9|  0.0|INFORM|Committed transaction at feature '160000'
2018-12-07 04:26:38|  65.3|  0.3|INFORM|Committed transaction at feature '161000'
2018-12-07 04:26:38|  65.7|  0.4|INFORM|Committed transaction at feature '162000'
2018-12-07 04:26:39|  65.8|  0.2|INFORM|Reading source feature # 162500
2018-12-07 04:26:39|  66.0|  0.2|INFORM|Committed transaction at feature '163000'
2018-12-07 04:26:39|  66.4|  0.4|INFORM|Committed transaction at feature '164000'
2018-12-07 04:26:40|  66.8|  0.4|INFORM|Reading source feature # 165000
2018-12-07 04:26:40|  66.8|  0.0|INFORM|Committed transaction at feature '165000'
2018-12-07 04:26:40|  67.1|  0.4|INFORM|Committed transaction at feature '166000'
2018-12-07 04:26:41|  67.5|  0.4|INFORM|Committed transaction at feature '167000'
2018-12-07 04:26:41|  67.7|  0.2|INFORM|Reading source feature # 167500
2018-12-07 04:26:41|  67.9|  0.2|INFORM|Committed transaction at feature '168000'
2018-12-07 04:26:41|  68.3|  0.4|INFORM|Committed transaction at feature '169000'
2018-12-07 04:26:42|  68.6|  0.4|INFORM|Reading source feature # 170000
2018-12-07 04:26:42|  68.6|  0.0|INFORM|Committed transaction at feature '170000'
2018-12-07 04:26:42|  69.0|  0.4|INFORM|Committed transaction at feature '171000'
2018-12-07 04:26:43|  69.4|  0.4|INFORM|Committed transaction at feature '172000'
2018-12-07 04:26:43|  69.6|  0.2|INFORM|Reading source feature # 172500
2018-12-07 04:26:43|  69.8|  0.2|INFORM|Committed transaction at feature '173000'
2018-12-07 04:26:44|  70.2|  0.4|INFORM|Committed transaction at feature '174000'
2018-12-07 04:26:44|  70.5|  0.4|INFORM|Reading source feature # 175000
2018-12-07 04:26:44|  70.5|  0.0|INFORM|Committed transaction at feature '175000'
2018-12-07 04:26:45|  70.9|  0.4|INFORM|Committed transaction at feature '176000'
2018-12-07 04:26:45|  71.3|  0.4|INFORM|Committed transaction at feature '177000'
2018-12-07 04:26:45|  71.5|  0.2|INFORM|Reading source feature # 177500
2018-12-07 04:26:49|  71.7|  0.2|INFORM|Committed transaction at feature '178000'
2018-12-07 04:26:50|  72.0|  0.4|INFORM|Committed transaction at feature '179000'
2018-12-07 04:26:50|  72.4|  0.4|INFORM|Reading source feature # 180000
2018-12-07 04:26:51|  72.4|  0.0|INFORM|Committed transaction at feature '180000'
2018-12-07 04:26:51|  72.8|  0.4|INFORM|Committed transaction at feature '181000'
2018-12-07 04:26:52|  73.2|  0.4|INFORM|Committed transaction at feature '182000'
2018-12-07 04:26:52|  73.4|  0.2|INFORM|Reading source feature # 182500
2018-12-07 04:26:53|  73.6|  0.2|INFORM|Committed transaction at feature '183000'
2018-12-07 04:26:54|  73.9|  0.3|INFORM|Committed transaction at feature '184000'
2018-12-07 04:26:54|  74.3|  0.4|INFORM|Reading source feature # 185000
2018-12-07 04:26:54|  74.3|  0.0|INFORM|Committed transaction at feature '185000'
2018-12-07 04:26:55|  74.7|  0.4|INFORM|Committed transaction at feature '186000'
2018-12-07 04:26:56|  75.0|  0.4|INFORM|Committed transaction at feature '187000'
2018-12-07 04:26:56|  75.2|  0.2|INFORM|Reading source feature # 187500
2018-12-07 04:26:57|  75.4|  0.2|INFORM|Committed transaction at feature '188000'
2018-12-07 04:26:57|  75.8|  0.4|INFORM|Committed transaction at feature '189000'
2018-12-07 04:26:57|  76.2|  0.4|INFORM|Reading source feature # 190000
2018-12-07 04:26:57|  76.2|  0.0|INFORM|Committed transaction at feature '190000'
2018-12-07 04:26:58|  76.6|  0.4|INFORM|Committed transaction at feature '191000'
2018-12-07 04:26:58|  76.9|  0.4|INFORM|Committed transaction at feature '192000'
2018-12-07 04:26:58|  77.1|  0.2|INFORM|Reading source feature # 192500
2018-12-07 04:26:59|  77.3|  0.2|INFORM|Committed transaction at feature '193000'
2018-12-07 04:26:59|  77.7|  0.4|INFORM|Committed transaction at feature '194000'
2018-12-07 04:27:00|  78.1|  0.4|INFORM|Reading source feature # 195000
2018-12-07 04:27:00|  78.1|  0.0|INFORM|Committed transaction at feature '195000'
2018-12-07 04:27:01|  78.5|  0.4|INFORM|Committed transaction at feature '196000'
2018-12-07 04:27:02|  78.9|  0.4|INFORM|Committed transaction at feature '197000'
2018-12-07 04:27:03|  79.0|  0.2|INFORM|Reading source feature # 197500
2018-12-07 04:27:03|  79.2|  0.2|INFORM|Committed transaction at feature '198000'
2018-12-07 04:27:04|  79.6|  0.4|INFORM|Committed transaction at feature '199000'
2018-12-07 04:27:04|  80.0|  0.4|INFORM|Reading source feature # 200000
2018-12-07 04:27:05|  80.0|  0.0|INFORM|Committed transaction at feature '200000'
2018-12-07 04:27:06|  80.4|  0.4|INFORM|Committed transaction at feature '201000'
2018-12-07 04:27:07|  80.9|  0.5|INFORM|Committed transaction at feature '202000'
2018-12-07 04:27:07|  81.0|  0.2|INFORM|Reading source feature # 202500
2018-12-07 04:27:08|  81.3|  0.2|INFORM|Committed transaction at feature '203000'
2018-12-07 04:27:09|  81.6|  0.4|INFORM|Committed transaction at feature '204000'
2018-12-07 04:27:09|  82.0|  0.4|INFORM|Reading source feature # 205000
2018-12-07 04:27:09|  82.0|  0.0|INFORM|Committed transaction at feature '205000'
2018-12-07 04:27:10|  82.4|  0.4|INFORM|Committed transaction at feature '206000'
2018-12-07 04:27:10|  82.7|  0.4|INFORM|Committed transaction at feature '207000'
2018-12-07 04:27:10|  82.9|  0.2|INFORM|Reading source feature # 207500
2018-12-07 04:27:11|  83.1|  0.2|INFORM|Committed transaction at feature '208000'
2018-12-07 04:27:11|  83.5|  0.4|INFORM|Committed transaction at feature '209000'
2018-12-07 04:27:12|  83.8|  0.4|INFORM|Reading source feature # 210000
2018-12-07 04:27:12|  83.8|  0.0|INFORM|Committed transaction at feature '210000'
2018-12-07 04:27:12|  84.2|  0.4|INFORM|Committed transaction at feature '211000'
2018-12-07 04:27:12|  84.6|  0.4|INFORM|Committed transaction at feature '212000'
2018-12-07 04:27:13|  84.8|  0.2|INFORM|Reading source feature # 212500
2018-12-07 04:27:13|  85.0|  0.2|INFORM|Committed transaction at feature '213000'
2018-12-07 04:27:13|  85.3|  0.4|INFORM|Committed transaction at feature '214000'
2018-12-07 04:27:14|  85.7|  0.4|INFORM|Reading source feature # 215000
2018-12-07 04:27:14|  85.7|  0.0|INFORM|Committed transaction at feature '215000'
2018-12-07 04:27:14|  86.1|  0.4|INFORM|Committed transaction at feature '216000'
2018-12-07 04:27:15|  86.5|  0.4|INFORM|Committed transaction at feature '217000'
2018-12-07 04:27:15|  86.7|  0.2|INFORM|Reading source feature # 217500
2018-12-07 04:27:15|  86.8|  0.2|INFORM|Committed transaction at feature '218000'
2018-12-07 04:27:16|  87.2|  0.4|INFORM|Committed transaction at feature '219000'
2018-12-07 04:27:17|  87.6|  0.4|INFORM|Reading source feature # 220000
2018-12-07 04:27:17|  87.6|  0.0|INFORM|Committed transaction at feature '220000'
2018-12-07 04:27:17|  88.0|  0.4|INFORM|Committed transaction at feature '221000'
2018-12-07 04:27:19|  88.3|  0.4|INFORM|Committed transaction at feature '222000'
2018-12-07 04:27:19|  88.5|  0.2|INFORM|Reading source feature # 222500
2018-12-07 04:27:20|  88.7|  0.2|INFORM|Committed transaction at feature '223000'
2018-12-07 04:27:21|  89.0|  0.4|INFORM|Committed transaction at feature '224000'
2018-12-07 04:27:21|  89.4|  0.4|INFORM|Reading source feature # 225000
2018-12-07 04:27:22|  89.4|  0.0|INFORM|Committed transaction at feature '225000'
2018-12-07 04:27:22|  89.8|  0.4|INFORM|Committed transaction at feature '226000'
2018-12-07 04:27:23|  90.2|  0.4|INFORM|Committed transaction at feature '227000'
2018-12-07 04:27:23|  90.4|  0.2|INFORM|Reading source feature # 227500
2018-12-07 04:27:24|  90.6|  0.2|INFORM|Committed transaction at feature '228000'
2018-12-07 04:27:26|  90.9|  0.4|INFORM|Committed transaction at feature '229000'
2018-12-07 04:27:26|  91.3|  0.4|INFORM|Reading source feature # 230000
2018-12-07 04:27:27|  91.3|  0.0|INFORM|Committed transaction at feature '230000'
2018-12-07 04:27:29|  91.7|  0.4|INFORM|Committed transaction at feature '231000'
2018-12-07 04:27:30|  92.1|  0.4|INFORM|Committed transaction at feature '232000'
2018-12-07 04:27:30|  92.3|  0.2|INFORM|Reading source feature # 232500
2018-12-07 04:27:31|  92.4|  0.2|INFORM|Committed transaction at feature '233000'
2018-12-07 04:27:32|  92.8|  0.4|INFORM|Committed transaction at feature '234000'
2018-12-07 04:27:32|  93.2|  0.4|INFORM|Reading source feature # 235000
2018-12-07 04:27:32|  93.2|  0.0|INFORM|Committed transaction at feature '235000'
2018-12-07 04:27:33|  93.6|  0.4|INFORM|Committed transaction at feature '236000'
2018-12-07 04:27:34|  93.9|  0.4|INFORM|Committed transaction at feature '237000'
2018-12-07 04:27:34|  94.1|  0.2|INFORM|Reading source feature # 237500
2018-12-07 04:27:35|  94.3|  0.2|INFORM|Committed transaction at feature '238000'
2018-12-07 04:27:36|  94.7|  0.4|INFORM|Committed transaction at feature '239000'
2018-12-07 04:27:37|  95.0|  0.4|INFORM|Reading source feature # 240000
2018-12-07 04:27:37|  95.0|  0.0|INFORM|Committed transaction at feature '240000'
2018-12-07 04:27:38|  95.4|  0.4|INFORM|Committed transaction at feature '241000'
2018-12-07 04:27:38|  95.8|  0.4|INFORM|Committed transaction at feature '242000'
2018-12-07 04:27:38|  96.0|  0.2|INFORM|Reading source feature # 242500
2018-12-07 04:27:38|  96.2|  0.2|INFORM|Committed transaction at feature '243000'
2018-12-07 04:27:39|  96.5|  0.4|INFORM|Committed transaction at feature '244000'
2018-12-07 04:27:40|  96.9|  0.4|INFORM|Reading source feature # 245000
2018-12-07 04:27:40|  96.9|  0.0|INFORM|Committed transaction at feature '245000'
2018-12-07 04:27:41|  97.3|  0.4|INFORM|Committed transaction at feature '246000'
2018-12-07 04:27:42|  97.7|  0.4|INFORM|Committed transaction at feature '247000'
2018-12-07 04:27:42|  97.9|  0.2|INFORM|Reading source feature # 247500
2018-12-07 04:27:43|  98.1|  0.2|INFORM|Committed transaction at feature '248000'
2018-12-07 04:27:43|  98.4|  0.4|INFORM|Committed transaction at feature '249000'
2018-12-07 04:27:43|  98.8|  0.4|INFORM|Reading source feature # 250000
2018-12-07 04:27:43|  98.8|  0.0|INFORM|Committed transaction at feature '250000'
2018-12-07 04:27:44|  99.2|  0.4|INFORM|Committed transaction at feature '251000'
2018-12-07 04:27:44|  99.6|  0.4|INFORM|Committed transaction at feature '252000'
2018-12-07 04:27:45|  99.8|  0.2|INFORM|Reading source feature # 252500
2018-12-07 04:27:45| 100.0|  0.2|INFORM|Committed transaction at feature '253000'
2018-12-07 04:27:46| 100.3|  0.4|INFORM|Committed transaction at feature '254000'
2018-12-07 04:27:46| 100.7|  0.4|INFORM|Reading source feature # 255000
2018-12-07 04:27:47| 100.7|  0.0|INFORM|Committed transaction at feature '255000'
2018-12-07 04:27:47| 101.1|  0.4|INFORM|Committed transaction at feature '256000'
2018-12-07 04:27:47| 101.5|  0.4|INFORM|Committed transaction at feature '257000'
2018-12-07 04:27:48| 101.6|  0.2|INFORM|Reading source feature # 257500
2018-12-07 04:27:48| 101.8|  0.2|INFORM|Committed transaction at feature '258000'
2018-12-07 04:27:48| 101.9|  0.1|INFORM|Microsoft SQL Server Non-Spatial Reader: Database read complete.  Retrieved 258210 feature(s)
2018-12-07 04:27:48| 101.9|  0.0|INFORM|Emptying factory pipeline
2018-12-07 04:27:48| 101.9|  0.0|STATS |Router and Unexpected Input Remover(RoutingFactory): Tested 258210 input feature(s), wrote 258210 output feature(s): 258210 matched merge filters, 258210 were routed to output, 0 could not be routed.
2018-12-07 04:27:48| 101.9|  0.0|STATS |amd.inspections (MSSQL_ADO_1) Splitter(TeeFactory): Cloned 258210 input feature(s) into 258210 output feature(s)
2018-12-07 04:27:48| 101.9|  0.0|STATS |Destination Feature Type Routing Correlator(RoutingFactory): Tested 258210 input feature(s), wrote 258210 output feature(s): 0 matched merge filters, 258210 were routed to output, 0 could not be routed.
2018-12-07 04:27:48| 101.9|  0.0|STATS |Final Output Nuker(TeeFactory): Cloned 0 input feature(s) into 0 output feature(s)
2018-12-07 04:27:48| 101.9|  0.0|INFORM|Successfully closed POSTGRES database writer
2018-12-07 04:27:48| 101.9|  0.0|INFORM|=-=-=-=-=-=-=-=-=-=-=-=-=-=-=-=-=-=-=-=-=-=-=-=-=-=-=-=-=-=-=-=-=-=-=-=-=-=-=-
2018-12-07 04:27:48| 101.9|  0.0|INFORM|Feature output statistics for `POSTGRES' writer using keyword `POSTGRES_1':
2018-12-07 04:27:48| 101.9|  0.0|STATS |=-=-=-=-=-=-=-=-=-=-=-=-=-=-=-=-=-=-=-=-=-=-=-=-=-=-=-=-=-=-=-=-=-=-=-=-=-=-=-
2018-12-07 04:27:48| 101.9|  0.0|STATS |                               Features Written
2018-12-07 04:27:48| 101.9|  0.0|STATS |=-=-=-=-=-=-=-=-=-=-=-=-=-=-=-=-=-=-=-=-=-=-=-=-=-=-=-=-=-=-=-=-=-=-=-=-=-=-=-
2018-12-07 04:27:48| 101.9|  0.0|STATS |internal.inspections                                                    258210
2018-12-07 04:27:48| 101.9|  0.0|STATS |==============================================================================
2018-12-07 04:27:48| 101.9|  0.0|STATS |Total Features Written                                                  258210
2018-12-07 04:27:48| 101.9|  0.0|STATS |=-=-=-=-=-=-=-=-=-=-=-=-=-=-=-=-=-=-=-=-=-=-=-=-=-=-=-=-=-=-=-=-=-=-=-=-=-=-=-
2018-12-07 04:27:48| 101.9|  0.0|STATS |=-=-=-=-=-=-=-=-=-=-=-=-=-=-=-=-=-=-=-=-=-=-=-=-=-=-=-=-=-=-=-=-=-=-=-=-=-=-=-
2018-12-07 04:27:48| 101.9|  0.0|STATS |                            Features Read Summary
2018-12-07 04:27:48| 101.9|  0.0|STATS |=-=-=-=-=-=-=-=-=-=-=-=-=-=-=-=-=-=-=-=-=-=-=-=-=-=-=-=-=-=-=-=-=-=-=-=-=-=-=-
2018-12-07 04:27:48| 101.9|  0.0|STATS |amd.inspections                                                         258210
2018-12-07 04:27:48| 101.9|  0.0|STATS |==============================================================================
2018-12-07 04:27:48| 101.9|  0.0|STATS |Total Features Read                                                     258210
2018-12-07 04:27:48| 101.9|  0.0|STATS |=-=-=-=-=-=-=-=-=-=-=-=-=-=-=-=-=-=-=-=-=-=-=-=-=-=-=-=-=-=-=-=-=-=-=-=-=-=-=-
2018-12-07 04:27:48| 101.9|  0.0|STATS |=-=-=-=-=-=-=-=-=-=-=-=-=-=-=-=-=-=-=-=-=-=-=-=-=-=-=-=-=-=-=-=-=-=-=-=-=-=-=-
2018-12-07 04:27:48| 101.9|  0.0|STATS |                           Features Written Summary
2018-12-07 04:27:48| 101.9|  0.0|STATS |=-=-=-=-=-=-=-=-=-=-=-=-=-=-=-=-=-=-=-=-=-=-=-=-=-=-=-=-=-=-=-=-=-=-=-=-=-=-=-
2018-12-07 04:27:48| 101.9|  0.0|STATS |internal.inspections                                                    258210
2018-12-07 04:27:48| 101.9|  0.0|STATS |==============================================================================
2018-12-07 04:27:48| 101.9|  0.0|STATS |Total Features Written                                                  258210
2018-12-07 04:27:48| 101.9|  0.0|STATS |=-=-=-=-=-=-=-=-=-=-=-=-=-=-=-=-=-=-=-=-=-=-=-=-=-=-=-=-=-=-=-=-=-=-=-=-=-=-=-
2018-12-07 04:27:48| 101.9|  0.0|INFORM|Microsoft SQL Server Non-Spatial Reader: Closing `accelaprod' . Read operation complete
2018-12-07 04:27:48| 101.9|  0.0|INFORM|Translation was SUCCESSFUL with 0 warning(s) (258210 feature(s) output)
2018-12-07 04:27:48| 101.9|  0.0|INFORM|FME Session Duration: 2 minutes 44.9 seconds. (CPU: 100.0s user, 1.8s system)
2018-12-07 04:27:48| 101.9|  0.0|INFORM|END - ProcessID: 1580, peak process memory usage: 81612 kB, current process memory usage: 81324 kB
