2018-12-07 04:36:03|   0.1|  0.1|INFORM|FME 2017.1.1.1 (20171014 - Build 17652 - WIN32)
2018-12-07 04:36:03|   0.1|  0.0|INFORM|FME_HOME is 'c:\FME2017\'
2018-12-07 04:36:03|   0.1|  0.0|INFORM|FME Desktop ESRI Edition (floating)
2018-12-07 04:36:03|   0.1|  0.0|INFORM|Permanent License.
2018-12-07 04:36:03|   0.1|  0.0|INFORM|Machine host name is: coa-gis-fme2
2018-12-07 04:36:03|   0.1|  0.0|INFORM|START - ProcessID: 356, peak process memory usage: 31828 kB, current process memory usage: 31812 kB
2018-12-07 04:36:03|   0.1|  0.0|INFORM|FME Configuration: Command line arguments are `c:\FME2017\fme' `C:\jon\bedrock\working_directory\assets\finance\pcard\pcard_transactions/munisTOwh_pcard_transactions.fmw'
2018-12-07 04:36:03|   0.2|  0.1|INFORM|Shared folders for formats are : c:\FME2017\datasources;C:\Users\mssqlgisadmin\Documents\FME\Formats
2018-12-07 04:36:03|   0.2|  0.0|INFORM|Shared folders for transformers are : c:\FME2017\transformers;C:\Users\mssqlgisadmin\Documents\FME\Transformers;C:\Users\mssqlgisadmin\AppData\Roaming\Safe Software\FME\FME Store\Transformers
2018-12-07 04:36:03|   0.2|  0.0|INFORM|Shared folders for coordinate systems are : C:\Users\mssqlgisadmin\Documents\FME\CoordinateSystems
2018-12-07 04:36:03|   0.2|  0.0|INFORM|Shared folders for coordinate system exceptions are : C:\Users\mssqlgisadmin\Documents\FME\CoordinateSystemExceptions
2018-12-07 04:36:03|   0.2|  0.0|INFORM|Shared folders for coordinate system grid overrides are : C:\Users\mssqlgisadmin\Documents\FME\CoordinateSystemGridOverrides
2018-12-07 04:36:03|   0.2|  0.0|INFORM|Shared folders for CS-MAP transformation exceptions are : C:\Users\mssqlgisadmin\Documents\FME\CsmapTransformationExceptions
2018-12-07 04:36:03|   0.2|  0.0|INFORM|Shared folders for transformer categories are : C:\Users\mssqlgisadmin\Documents\FME\TransformerCategories
2018-12-07 04:36:03|   0.2|  0.0|INFORM|FME Configuration: Reader Keyword is `MSSQL_ADO_1'
2018-12-07 04:36:03|   0.2|  0.0|INFORM|FME Configuration: Writer Keyword is `MULTI_WRITER'
2018-12-07 04:36:03|   0.2|  0.0|INFORM|FME Configuration: Writer Group Definition Keyword is `MULTI_WRITER_DEF'
2018-12-07 04:36:03|   0.2|  0.0|INFORM|FME Configuration: Reader type is `MSSQL_ADO'
2018-12-07 04:36:03|   0.2|  0.0|INFORM|FME Configuration: Writer type is `MULTI_WRITER'
2018-12-07 04:36:03|   0.2|  0.0|INFORM|FME Configuration: No destination coordinate system set
2018-12-07 04:36:03|   0.2|  0.0|INFORM|FME Configuration: Current working folder is `C:\jon\bedrock\working_directory\assets\finance\pcard\pcard_transactions'
2018-12-07 04:36:03|   0.2|  0.0|INFORM|FME Configuration: Temporary folder is `C:\Users\MSSQLG~1\AppData\Local\Temp', set from environment variable `TEMP'
2018-12-07 04:36:03|   0.2|  0.0|INFORM|FME Configuration: FME_HOME is `c:\FME2017\'
2018-12-07 04:36:03|   0.2|  0.0|INFORM|FME Configuration: FME_BASE is 'no'
2018-12-07 04:36:03|   0.2|  0.0|INFORM|FME Configuration: FME_MF_DIR is 'C:\jon\bedrock\working_directory\assets\finance\pcard\pcard_transactions/'
2018-12-07 04:36:03|   0.2|  0.0|INFORM|FME Configuration: FME_MF_NAME is 'munisTOwh_pcard_transactions.fmw'
2018-12-07 04:36:03|   0.2|  0.0|INFORM|FME Configuration: FME_PRODUCT_NAME is 'FME(R) 2017.1.1.1'
2018-12-07 04:36:03|   0.2|  0.0|INFORM|System Status: 116.53 GB of disk space available in the FME temporary folder (C:\Users\MSSQLG~1\AppData\Local\Temp)
2018-12-07 04:36:03|   0.2|  0.0|INFORM|System Status: 4.00 GB of virtual memory available
2018-12-07 04:36:03|   0.2|  0.0|INFORM|Operating System: Microsoft Windows Server 2012 R2 Server 4.0 64-bit  (Build 9600)
2018-12-07 04:36:03|   0.2|  0.0|INFORM|FME Platform: WIN32
2018-12-07 04:36:03|   0.2|  0.0|INFORM|Locale: en_US
2018-12-07 04:36:03|   0.2|  0.0|INFORM|Code Page: 1252  (ANSI - Latin I)
2018-12-07 04:36:03|   0.2|  0.0|INFORM|FME Configuration: Process limits are 8.00 GB of physical memory and 4.00 GB of address space
2018-12-07 04:36:03|   0.2|  0.0|INFORM|FME Configuration: Start freeing memory when process usage exceeds 2.83 GB of memory or 3.41 GB of address space
2018-12-07 04:36:03|   0.2|  0.0|INFORM|FME Configuration: Stop freeing memory when process usage is below 2.12 GB of memory and 2.56 GB of address space
2018-12-07 04:36:04|   0.3|  0.1|INFORM|Creating writer for format: 
2018-12-07 04:36:05|   1.7|  1.4|INFORM|FME Configuration: Named Connection Storage: 'C:\Users\mssqlgisadmin\AppData\Roaming\Safe Software\FME\'
2018-12-07 04:36:05|   1.7|  0.0|INFORM|FME Configuration: Using Named Connection values from 'munis-prod' for MSSQL_ADO_1
2018-12-07 04:36:05|   1.7|  0.0|INFORM|Creating reader for format: Microsoft SQL Server Non-Spatial
2018-12-07 04:36:05|   1.7|  0.0|INFORM|Trying to find a DYNAMIC plugin for reader named `MSSQL_ADO'
2018-12-07 04:36:05|   1.7|  0.0|INFORM|Loaded module 'MSSQL_ADO' from file 'c:\FME2017\plugins/FME_ADO.dll'
2018-12-07 04:36:05|   1.7|  0.0|INFORM|FME API version of module 'MSSQL_ADO' matches current internal version (3.8 20170315)
2018-12-07 04:36:05|   1.7|  0.0|INFORM|Microsoft SQL Server Non-Spatial Reader: Read 1 DEF line(s).  Found 0 attribute(s)
2018-12-07 04:36:05|   1.7|  0.0|INFORM|Microsoft SQL Server Non-Spatial Reader: Opening `munprod' for read operation
2018-12-07 04:36:05|   1.7|  0.0|INFORM|Microsoft SQL Server Non-Spatial Reader: Trying to connect using SQL Server 2012 Native Client...
2018-12-07 04:36:05|   1.7|  0.0|INFORM|Using MultiWriter with keyword `MULTI_WRITER' to output data (ID_ATTRIBUTE is `multi_writer_id')
2018-12-07 04:36:05|   1.7|  0.0|INFORM|Writer output will be ordered by value of multi_writer_id
2018-12-07 04:36:06|   1.8|  0.0|INFORM|Microsoft SQL Server Non-Spatial Reader: Now reading features from table amd.pcard_transaction, 10 record(s) at a time
2018-12-07 04:36:06|   2.0|  0.3|INFORM|FME Configuration: Using Named Connection values from 'mda-store-1' for POSTGRES_2
2018-12-07 04:36:06|   2.0|  0.0|INFORM|Creating writer for format: PostgreSQL
2018-12-07 04:36:06|   2.1|  0.1|INFORM|Trying to find a DYNAMIC plugin for writer named `POSTGRES'
2018-12-07 04:36:06|   2.1|  0.0|INFORM|Loaded module 'POSTGRES' from file 'c:\FME2017\plugins/POSTGIS.dll'
2018-12-07 04:36:06|   2.1|  0.0|INFORM|FME API version of module 'POSTGRES' matches current internal version (3.8 20170315)
2018-12-07 04:36:06|   2.1|  0.0|INFORM|FME Configuration: No destination coordinate system set
2018-12-07 04:36:06|   2.1|  0.0|INFORM|FME API version of module 'POSTGRES' matches current internal version (3.8 20170315)
2018-12-07 04:36:06|   2.1|  0.0|INFORM|Writer `POSTGRES_2' of type `POSTGRES' using group definition keyword `POSTGRES_2_DEF'
2018-12-07 04:36:06|   2.1|  0.0|INFORM|FME API version of module 'POSTGRES' matches current internal version (3.8 20170315)
2018-12-07 04:36:06|   2.1|  0.0|INFORM|Opening POSTGRES writer for dataset 'mdastore1'...
2018-12-07 04:36:07|   3.2|  1.1|INFORM|PostGIS client encoding: 'UTF8'
2018-12-07 04:36:08|   3.2|  0.0|INFORM|PostgreSQL 10.4 on x86_64-pc-linux-gnu, compiled by gcc (GCC) 4.8.3 20140911 (Red Hat 4.8.3-9), 64-bit
2018-12-07 04:36:08|   3.2|  0.0|INFORM|Testing for the existence of table 'internal.pcard_transaction'...
2018-12-07 04:36:08|   3.2|  0.0|INFORM|Truncating existing table 'internal.pcard_transaction'...
2018-12-07 04:36:08|   3.2|  0.0|INFORM|Using existing table 'internal.pcard_transaction'
2018-12-07 04:36:08|   3.2|  0.0|INFORM|POSTGRES Writer: Creating 'streaming Bulk Copy' feature type processor for feature type 'internal.pcard_transaction'
2018-12-07 04:36:08|   3.5|  0.3|INFORM|Committed transaction at feature '1000'
2018-12-07 04:36:09|   3.7|  0.2|INFORM|Committed transaction at feature '2000'
2018-12-07 04:36:09|   3.8|  0.1|INFORM|Reading source feature # 2500
2018-12-07 04:36:09|   3.9|  0.1|INFORM|Committed transaction at feature '3000'
2018-12-07 04:36:09|   4.3|  0.3|INFORM|Committed transaction at feature '4000'
2018-12-07 04:36:10|   4.5|  0.3|INFORM|Reading source feature # 5000
2018-12-07 04:36:10|   4.5|  0.0|INFORM|Committed transaction at feature '5000'
2018-12-07 04:36:10|   4.8|  0.3|INFORM|Committed transaction at feature '6000'
2018-12-07 04:36:10|   5.0|  0.3|INFORM|Committed transaction at feature '7000'
2018-12-07 04:36:10|   5.1|  0.1|INFORM|Reading source feature # 7500
2018-12-07 04:36:10|   5.2|  0.1|INFORM|Committed transaction at feature '8000'
2018-12-07 04:36:11|   5.5|  0.3|INFORM|Committed transaction at feature '9000'
2018-12-07 04:36:11|   5.8|  0.3|INFORM|Reading source feature # 10000
2018-12-07 04:36:11|   5.8|  0.0|INFORM|Committed transaction at feature '10000'
2018-12-07 04:36:11|   6.0|  0.2|INFORM|Committed transaction at feature '11000'
2018-12-07 04:36:12|   6.3|  0.3|INFORM|Committed transaction at feature '12000'
2018-12-07 04:36:12|   6.4|  0.1|INFORM|Reading source feature # 12500
2018-12-07 04:36:12|   6.5|  0.1|INFORM|Committed transaction at feature '13000'
2018-12-07 04:36:12|   6.7|  0.2|INFORM|Committed transaction at feature '14000'
2018-12-07 04:36:13|   7.0|  0.2|INFORM|Reading source feature # 15000
2018-12-07 04:36:13|   7.0|  0.0|INFORM|Committed transaction at feature '15000'
2018-12-07 04:36:13|   7.2|  0.2|INFORM|Committed transaction at feature '16000'
2018-12-07 04:36:13|   7.4|  0.2|INFORM|Committed transaction at feature '17000'
2018-12-07 04:36:13|   7.6|  0.1|INFORM|Reading source feature # 17500
2018-12-07 04:36:14|   7.7|  0.1|INFORM|Committed transaction at feature '18000'
2018-12-07 04:36:14|   8.0|  0.3|INFORM|Committed transaction at feature '19000'
2018-12-07 04:36:14|   8.3|  0.3|INFORM|Reading source feature # 20000
2018-12-07 04:36:14|   8.3|  0.0|INFORM|Committed transaction at feature '20000'
2018-12-07 04:36:15|   8.5|  0.2|INFORM|Committed transaction at feature '21000'
2018-12-07 04:36:15|   8.7|  0.3|INFORM|Committed transaction at feature '22000'
2018-12-07 04:36:15|   8.9|  0.1|INFORM|Reading source feature # 22500
2018-12-07 04:36:15|   9.0|  0.1|INFORM|Committed transaction at feature '23000'
2018-12-07 04:36:15|   9.2|  0.2|INFORM|Committed transaction at feature '24000'
2018-12-07 04:36:16|   9.4|  0.2|INFORM|Reading source feature # 25000
2018-12-07 04:36:16|   9.4|  0.0|INFORM|Committed transaction at feature '25000'
2018-12-07 04:36:16|   9.7|  0.2|INFORM|Committed transaction at feature '26000'
2018-12-07 04:36:16|   9.9|  0.2|INFORM|Committed transaction at feature '27000'
2018-12-07 04:36:16|  10.0|  0.2|INFORM|Reading source feature # 27500
2018-12-07 04:36:17|  10.2|  0.1|INFORM|Committed transaction at feature '28000'
2018-12-07 04:36:17|  10.4|  0.2|INFORM|Committed transaction at feature '29000'
2018-12-07 04:36:17|  10.6|  0.2|INFORM|Reading source feature # 30000
2018-12-07 04:36:17|  10.6|  0.0|INFORM|Committed transaction at feature '30000'
2018-12-07 04:36:18|  10.9|  0.3|INFORM|Committed transaction at feature '31000'
2018-12-07 04:36:18|  11.1|  0.2|INFORM|Committed transaction at feature '32000'
2018-12-07 04:36:18|  11.2|  0.1|INFORM|Reading source feature # 32500
2018-12-07 04:36:18|  11.4|  0.1|INFORM|Committed transaction at feature '33000'
2018-12-07 04:36:18|  11.6|  0.3|INFORM|Committed transaction at feature '34000'
2018-12-07 04:36:19|  11.9|  0.2|INFORM|Reading source feature # 35000
2018-12-07 04:36:19|  11.9|  0.0|INFORM|Committed transaction at feature '35000'
2018-12-07 04:36:19|  12.1|  0.2|INFORM|Committed transaction at feature '36000'
2018-12-07 04:36:19|  12.3|  0.2|INFORM|Committed transaction at feature '37000'
2018-12-07 04:36:20|  12.5|  0.1|INFORM|Reading source feature # 37500
2018-12-07 04:36:20|  12.6|  0.1|INFORM|Committed transaction at feature '38000'
2018-12-07 04:36:20|  12.8|  0.3|INFORM|Committed transaction at feature '39000'
2018-12-07 04:36:20|  13.2|  0.3|INFORM|Reading source feature # 40000
2018-12-07 04:36:20|  13.2|  0.0|INFORM|Committed transaction at feature '40000'
2018-12-07 04:36:21|  13.5|  0.3|INFORM|Committed transaction at feature '41000'
2018-12-07 04:36:21|  13.8|  0.3|INFORM|Committed transaction at feature '42000'
2018-12-07 04:36:21|  13.9|  0.1|INFORM|Reading source feature # 42500
2018-12-07 04:36:21|  14.1|  0.2|INFORM|Committed transaction at feature '43000'
2018-12-07 04:36:22|  14.3|  0.3|INFORM|Committed transaction at feature '44000'
2018-12-07 04:36:22|  14.6|  0.3|INFORM|Reading source feature # 45000
2018-12-07 04:36:22|  14.6|  0.0|INFORM|Committed transaction at feature '45000'
2018-12-07 04:36:22|  14.8|  0.3|INFORM|Committed transaction at feature '46000'
2018-12-07 04:36:23|  15.1|  0.3|INFORM|Committed transaction at feature '47000'
2018-12-07 04:36:23|  15.2|  0.1|INFORM|Reading source feature # 47500
2018-12-07 04:36:23|  15.3|  0.1|INFORM|Committed transaction at feature '48000'
2018-12-07 04:36:23|  15.6|  0.3|INFORM|Committed transaction at feature '49000'
2018-12-07 04:36:24|  15.8|  0.2|INFORM|Reading source feature # 50000
2018-12-07 04:36:24|  15.8|  0.0|INFORM|Committed transaction at feature '50000'
2018-12-07 04:36:24|  16.1|  0.3|INFORM|Committed transaction at feature '51000'
2018-12-07 04:36:24|  16.4|  0.2|INFORM|Committed transaction at feature '52000'
2018-12-07 04:36:25|  16.5|  0.1|INFORM|Reading source feature # 52500
2018-12-07 04:36:25|  16.6|  0.1|INFORM|Committed transaction at feature '53000'
2018-12-07 04:36:25|  16.9|  0.3|INFORM|Committed transaction at feature '54000'
2018-12-07 04:36:25|  17.1|  0.2|INFORM|Reading source feature # 55000
2018-12-07 04:36:25|  17.1|  0.0|INFORM|Committed transaction at feature '55000'
2018-12-07 04:36:26|  17.3|  0.3|INFORM|Committed transaction at feature '56000'
2018-12-07 04:36:26|  17.6|  0.3|INFORM|Committed transaction at feature '57000'
2018-12-07 04:36:26|  17.7|  0.1|INFORM|Reading source feature # 57500
2018-12-07 04:36:26|  17.9|  0.1|INFORM|Committed transaction at feature '58000'
2018-12-07 04:36:27|  18.1|  0.2|INFORM|Committed transaction at feature '59000'
2018-12-07 04:36:27|  18.3|  0.2|INFORM|Reading source feature # 60000
2018-12-07 04:36:27|  18.3|  0.0|INFORM|Committed transaction at feature '60000'
2018-12-07 04:36:27|  18.6|  0.2|INFORM|Committed transaction at feature '61000'
2018-12-07 04:36:27|  18.8|  0.3|INFORM|Committed transaction at feature '62000'
2018-12-07 04:36:28|  18.9|  0.1|INFORM|Reading source feature # 62500
2018-12-07 04:36:28|  19.1|  0.1|INFORM|Committed transaction at feature '63000'
2018-12-07 04:36:28|  19.3|  0.2|INFORM|Committed transaction at feature '64000'
2018-12-07 04:36:28|  19.6|  0.3|INFORM|Reading source feature # 65000
2018-12-07 04:36:28|  19.6|  0.0|INFORM|Committed transaction at feature '65000'
2018-12-07 04:36:29|  19.7|  0.1|INFORM|Microsoft SQL Server Non-Spatial Reader: Database read complete.  Retrieved 65384 feature(s)
2018-12-07 04:36:29|  19.7|  0.0|INFORM|Emptying factory pipeline
2018-12-07 04:36:29|  19.7|  0.0|STATS |Router and Unexpected Input Remover(RoutingFactory): Tested 65384 input feature(s), wrote 65384 output feature(s): 65384 matched merge filters, 65384 were routed to output, 0 could not be routed.
2018-12-07 04:36:29|  19.7|  0.0|STATS |amd.pcard_transaction (MSSQL_ADO_1) Splitter(TeeFactory): Cloned 65384 input feature(s) into 65384 output feature(s)
2018-12-07 04:36:29|  19.7|  0.0|STATS |Destination Feature Type Routing Correlator(RoutingFactory): Tested 65384 input feature(s), wrote 65384 output feature(s): 0 matched merge filters, 65384 were routed to output, 0 could not be routed.
2018-12-07 04:36:29|  19.7|  0.0|STATS |Final Output Nuker(TeeFactory): Cloned 0 input feature(s) into 0 output feature(s)
2018-12-07 04:36:29|  19.7|  0.0|INFORM|Successfully closed POSTGRES database writer
2018-12-07 04:36:29|  19.7|  0.0|INFORM|=-=-=-=-=-=-=-=-=-=-=-=-=-=-=-=-=-=-=-=-=-=-=-=-=-=-=-=-=-=-=-=-=-=-=-=-=-=-=-
2018-12-07 04:36:29|  19.7|  0.0|INFORM|Feature output statistics for `POSTGRES' writer using keyword `POSTGRES_2':
2018-12-07 04:36:29|  19.7|  0.0|STATS |=-=-=-=-=-=-=-=-=-=-=-=-=-=-=-=-=-=-=-=-=-=-=-=-=-=-=-=-=-=-=-=-=-=-=-=-=-=-=-
2018-12-07 04:36:29|  19.7|  0.0|STATS |                               Features Written
2018-12-07 04:36:29|  19.7|  0.0|STATS |=-=-=-=-=-=-=-=-=-=-=-=-=-=-=-=-=-=-=-=-=-=-=-=-=-=-=-=-=-=-=-=-=-=-=-=-=-=-=-
2018-12-07 04:36:29|  19.7|  0.0|STATS |internal.pcard_transaction                                               65384
2018-12-07 04:36:29|  19.7|  0.0|STATS |==============================================================================
2018-12-07 04:36:29|  19.7|  0.0|STATS |Total Features Written                                                   65384
2018-12-07 04:36:29|  19.7|  0.0|STATS |=-=-=-=-=-=-=-=-=-=-=-=-=-=-=-=-=-=-=-=-=-=-=-=-=-=-=-=-=-=-=-=-=-=-=-=-=-=-=-
2018-12-07 04:36:29|  19.7|  0.0|STATS |=-=-=-=-=-=-=-=-=-=-=-=-=-=-=-=-=-=-=-=-=-=-=-=-=-=-=-=-=-=-=-=-=-=-=-=-=-=-=-
2018-12-07 04:36:29|  19.7|  0.0|STATS |                            Features Read Summary
2018-12-07 04:36:29|  19.7|  0.0|STATS |=-=-=-=-=-=-=-=-=-=-=-=-=-=-=-=-=-=-=-=-=-=-=-=-=-=-=-=-=-=-=-=-=-=-=-=-=-=-=-
2018-12-07 04:36:29|  19.7|  0.0|STATS |amd.pcard_transaction                                                    65384
2018-12-07 04:36:29|  19.7|  0.0|STATS |==============================================================================
2018-12-07 04:36:29|  19.7|  0.0|STATS |Total Features Read                                                      65384
2018-12-07 04:36:29|  19.7|  0.0|STATS |=-=-=-=-=-=-=-=-=-=-=-=-=-=-=-=-=-=-=-=-=-=-=-=-=-=-=-=-=-=-=-=-=-=-=-=-=-=-=-
2018-12-07 04:36:29|  19.7|  0.0|STATS |=-=-=-=-=-=-=-=-=-=-=-=-=-=-=-=-=-=-=-=-=-=-=-=-=-=-=-=-=-=-=-=-=-=-=-=-=-=-=-
2018-12-07 04:36:29|  19.7|  0.0|STATS |                           Features Written Summary
2018-12-07 04:36:29|  19.7|  0.0|STATS |=-=-=-=-=-=-=-=-=-=-=-=-=-=-=-=-=-=-=-=-=-=-=-=-=-=-=-=-=-=-=-=-=-=-=-=-=-=-=-
2018-12-07 04:36:29|  19.7|  0.0|STATS |internal.pcard_transaction                                               65384
2018-12-07 04:36:29|  19.7|  0.0|STATS |==============================================================================
2018-12-07 04:36:29|  19.7|  0.0|STATS |Total Features Written                                                   65384
2018-12-07 04:36:29|  19.7|  0.0|STATS |=-=-=-=-=-=-=-=-=-=-=-=-=-=-=-=-=-=-=-=-=-=-=-=-=-=-=-=-=-=-=-=-=-=-=-=-=-=-=-
2018-12-07 04:36:29|  19.7|  0.0|INFORM|Microsoft SQL Server Non-Spatial Reader: Closing `munprod' . Read operation complete
2018-12-07 04:36:29|  19.7|  0.0|INFORM|Translation was SUCCESSFUL with 0 warning(s) (65384 feature(s) output)
2018-12-07 04:36:29|  19.7|  0.0|INFORM|FME Session Duration: 25.3 seconds. (CPU: 18.8s user, 0.8s system)
2018-12-07 04:36:29|  19.7|  0.0|INFORM|END - ProcessID: 356, peak process memory usage: 81364 kB, current process memory usage: 80812 kB
