2020-04-02 01:28:29|   0.1|  0.1|INFORM|FME 2017.1.1.1 (20171014 - Build 17652 - WIN32)
2020-04-02 01:28:29|   0.1|  0.0|INFORM|FME_HOME is 'c:\FME2017\'
2020-04-02 01:28:29|   0.1|  0.0|INFORM|FME Desktop ESRI Edition (floating)
2020-04-02 01:28:29|   0.1|  0.0|INFORM|Permanent License.
2020-04-02 01:28:29|   0.1|  0.0|INFORM|Machine host name is: coa-gis-fme2
2020-04-02 01:28:29|   0.1|  0.0|INFORM|START - ProcessID: 8468, peak process memory usage: 31112 kB, current process memory usage: 31088 kB
2020-04-02 01:28:29|   0.1|  0.0|INFORM|FME Configuration: Command line arguments are `c:\FME2017\fme' `C:\COA\bedrock\working_directory\bc_buncombe_tax.acc/buncombe_tax_info_permits.fmw'
2020-04-02 01:28:29|   0.1|  0.1|INFORM|Shared folders for formats are : c:\FME2017\datasources;C:\Users\mssqlgisadmin\Documents\FME\Formats
2020-04-02 01:28:29|   0.1|  0.0|INFORM|Shared folders for transformers are : c:\FME2017\transformers;C:\Users\mssqlgisadmin\Documents\FME\Transformers;C:\Users\mssqlgisadmin\AppData\Roaming\Safe Software\FME\FME Store\Transformers
2020-04-02 01:28:29|   0.1|  0.0|INFORM|Shared folders for coordinate systems are : C:\Users\mssqlgisadmin\Documents\FME\CoordinateSystems
2020-04-02 01:28:29|   0.1|  0.0|INFORM|Shared folders for coordinate system exceptions are : C:\Users\mssqlgisadmin\Documents\FME\CoordinateSystemExceptions
2020-04-02 01:28:29|   0.1|  0.0|INFORM|Shared folders for coordinate system grid overrides are : C:\Users\mssqlgisadmin\Documents\FME\CoordinateSystemGridOverrides
2020-04-02 01:28:29|   0.1|  0.0|INFORM|Shared folders for CS-MAP transformation exceptions are : C:\Users\mssqlgisadmin\Documents\FME\CsmapTransformationExceptions
2020-04-02 01:28:29|   0.1|  0.0|INFORM|Shared folders for transformer categories are : C:\Users\mssqlgisadmin\Documents\FME\TransformerCategories
2020-04-02 01:28:29|   0.1|  0.0|INFORM|FME Configuration: Reader Keyword is `MULTI_READER'
2020-04-02 01:28:29|   0.1|  0.0|INFORM|FME Configuration: Writer Keyword is `NULL_DEST'
2020-04-02 01:28:29|   0.1|  0.0|INFORM|FME Configuration: Writer Group Definition Keyword is `NULL_DEST_DEF'
2020-04-02 01:28:29|   0.1|  0.0|INFORM|FME Configuration: Reader type is `MULTI_READER'
2020-04-02 01:28:29|   0.1|  0.0|INFORM|FME Configuration: Writer type is `NULL'
2020-04-02 01:28:29|   0.1|  0.0|INFORM|FME Configuration: No destination coordinate system set
2020-04-02 01:28:29|   0.1|  0.0|INFORM|FME Configuration: Current working folder is `C:\COA\bedrock\working_directory\bc_buncombe_tax.acc'
2020-04-02 01:28:29|   0.1|  0.0|INFORM|FME Configuration: Temporary folder is `C:\Users\MSSQLG~1\AppData\Local\Temp', set from environment variable `TEMP'
2020-04-02 01:28:29|   0.1|  0.0|INFORM|FME Configuration: FME_HOME is `c:\FME2017\'
2020-04-02 01:28:29|   0.1|  0.0|INFORM|FME Configuration: FME_BASE is 'no'
2020-04-02 01:28:29|   0.1|  0.0|INFORM|FME Configuration: FME_MF_DIR is 'C:\COA\bedrock\working_directory\bc_buncombe_tax.acc/'
2020-04-02 01:28:29|   0.1|  0.0|INFORM|FME Configuration: FME_MF_NAME is 'buncombe_tax_info_permits.fmw'
2020-04-02 01:28:29|   0.1|  0.0|INFORM|FME Configuration: FME_PRODUCT_NAME is 'FME(R) 2017.1.1.1'
2020-04-02 01:28:29|   0.1|  0.0|INFORM|System Status: 105.37 GB of disk space available in the FME temporary folder (C:\Users\MSSQLG~1\AppData\Local\Temp)
2020-04-02 01:28:29|   0.1|  0.0|INFORM|System Status: 4.00 GB of virtual memory available
2020-04-02 01:28:29|   0.2|  0.0|INFORM|Operating System: Microsoft Windows Server 2012 R2 Server 4.0 64-bit  (Build 9600)
2020-04-02 01:28:29|   0.2|  0.0|INFORM|FME Platform: WIN32
2020-04-02 01:28:29|   0.2|  0.0|INFORM|Locale: en_US
2020-04-02 01:28:29|   0.2|  0.0|INFORM|Code Page: 1252  (ANSI - Latin I)
2020-04-02 01:28:29|   0.2|  0.0|INFORM|FME Configuration: Process limits are 8.00 GB of physical memory and 4.00 GB of address space
2020-04-02 01:28:29|   0.2|  0.0|INFORM|FME Configuration: Start freeing memory when process usage exceeds 2.83 GB of memory or 3.41 GB of address space
2020-04-02 01:28:29|   0.2|  0.0|INFORM|FME Configuration: Stop freeing memory when process usage is below 2.12 GB of memory and 2.56 GB of address space
2020-04-02 01:28:29|   0.3|  0.1|INFORM|Creating writer for format: NULL (Nothing)
2020-04-02 01:28:29|   0.3|  0.0|INFORM|Trying to find a DYNAMIC plugin for writer named `NULL'
2020-04-02 01:28:29|   0.3|  0.0|INFORM|Loaded module 'NULL' from file 'c:\FME2017\plugins/NULL.dll'
2020-04-02 01:28:29|   0.3|  0.0|INFORM|FME API version of module 'NULL' matches current internal version (3.8 20170315)
2020-04-02 01:28:29|   0.3|  0.0|INFORM|Creating reader for format: 
2020-04-02 01:28:29|   0.3|  0.0|INFORM|MULTI_READER(MULTI_READER): Will fail with first member reader failure
2020-04-02 01:28:29|   0.3|  0.0|INFORM|MULTI_READER(MULTI_READER): Adding NULL Reader with keyword MSSQL_ADO_1
2020-04-02 01:28:29|   0.3|  0.0|INFORM|Using Multi Reader with keyword `MULTI_READER' to read multiple datasets
2020-04-02 01:28:29|   0.3|  0.0|INFORM|Creating reader for format: NULL (Nothing)
2020-04-02 01:28:29|   0.3|  0.0|INFORM|Trying to find a DYNAMIC plugin for reader named `NULL'
2020-04-02 01:28:29|   0.3|  0.0|INFORM|FME API version of module 'NULL' matches current internal version (3.8 20170315)
2020-04-02 01:28:29|   0.3|  0.0|INFORM|... Last line repeated 2 times ...
2020-04-02 01:28:29|   0.3|  0.0|INFORM|Loaded module 'QueryFactory' from file 'c:\FME2017\plugins/QueryFactory.dll'
2020-04-02 01:28:29|   0.3|  0.0|INFORM|FME API version of module 'QueryFactory' matches current internal version (3.8 20170315)
2020-04-02 01:28:29|   0.3|  0.0|INFORM|MULTI_READER(MULTI_READER): Done reading 0 features from 1 readers
2020-04-02 01:28:29|   0.3|  0.0|INFORM|Emptying factory pipeline
2020-04-02 01:28:29|   0.3|  0.0|STATS |Router and Unexpected Input Remover(RoutingFactory): Tested 0 input feature(s), wrote 0 output feature(s): 0 matched merge filters, 0 were routed to output, 0 could not be routed.
2020-04-02 01:28:30|   1.6|  1.3|INFORM|FME Configuration: Named Connection Storage: 'C:\Users\mssqlgisadmin\AppData\Roaming\Safe Software\FME\'
2020-04-02 01:28:30|   1.6|  0.0|INFORM|FME Configuration: Using Named Connection values from 'Accela Prodution Environment' for R_1
2020-04-02 01:28:30|   1.6|  0.0|INFORM|Creating reader for format: Microsoft SQL Server Non-Spatial
2020-04-02 01:28:30|   1.6|  0.1|INFORM|Trying to find a DYNAMIC plugin for reader named `MSSQL_ADO'
2020-04-02 01:28:30|   1.6|  0.0|INFORM|Loaded module 'MSSQL_ADO' from file 'c:\FME2017\plugins/FME_ADO.dll'
2020-04-02 01:28:30|   1.6|  0.0|INFORM|FME API version of module 'MSSQL_ADO' matches current internal version (3.8 20170315)
2020-04-02 01:28:30|   1.6|  0.0|INFORM|Performing query against MSSQL_ADO dataset `Accela Prodution Environment'
2020-04-02 01:28:30|   1.7|  0.0|INFORM|Microsoft SQL Server Non-Spatial Reader: Opening `accela' for read operation
2020-04-02 01:28:30|   1.7|  0.0|INFORM|Microsoft SQL Server Non-Spatial Reader: Trying to connect using SQL Server 2012 Native Client...
2020-04-02 01:28:42|   1.7|  0.0|INFORM|Microsoft SQL Server Non-Spatial Reader: Database read complete.  Retrieved 0 feature(s)
2020-04-02 01:28:42|   1.7|  0.0|STATS |TruncatePopulatePermits_Creator(CreationFactory): Created 1 features
2020-04-02 01:28:42|   1.7|  0.0|INFORM|Microsoft SQL Server Non-Spatial Reader: Closing `accela' . Read operation complete
2020-04-02 01:28:42|   1.7|  0.0|STATS |TruncatePopulatePermits RESULT Output Nuker(TeeFactory): Cloned 0 input feature(s) into 0 output feature(s)
2020-04-02 01:28:42|   1.7|  0.0|STATS |TruncatePopulatePermits <REJECTED> Output Nuker(TeeFactory): Cloned 0 input feature(s) into 0 output feature(s)
2020-04-02 01:28:42|   1.7|  0.0|STATS |TruncatePopulatePermits_<Rejected>(TeeFactory): Cloned 0 input feature(s) into 0 output feature(s)
2020-04-02 01:28:42|   1.7|  0.0|STATS |_CREATOR_BRANCH_TARGET(TeeFactory): Cloned 0 input feature(s) into 0 output feature(s)
2020-04-02 01:28:42|   1.7|  0.0|STATS |Destination Feature Type Routing Correlator(RoutingFactory): Tested 0 input feature(s), wrote 0 output feature(s): 0 matched merge filters, 0 were routed to output, 0 could not be routed.
2020-04-02 01:28:42|   1.7|  0.0|STATS |Final Output Nuker(TeeFactory): Cloned 0 input feature(s) into 0 output feature(s)
2020-04-02 01:28:42|   1.7|  0.0|STATS |=-=-=-=-=-=-=-=-=-=-=-=-=-=-=-=-=-=-=-=-=-=-=-=-=-=-=-=-=-=-=-=-=-=-=-=-=-=-=-
2020-04-02 01:28:42|   1.7|  0.0|STATS |                            Features Read Summary
2020-04-02 01:28:42|   1.7|  0.0|STATS |=-=-=-=-=-=-=-=-=-=-=-=-=-=-=-=-=-=-=-=-=-=-=-=-=-=-=-=-=-=-=-=-=-=-=-=-=-=-=-
2020-04-02 01:28:42|   1.7|  0.0|STATS |==============================================================================
2020-04-02 01:28:42|   1.7|  0.0|STATS |Total Features Read                                                          0
2020-04-02 01:28:42|   1.7|  0.0|STATS |=-=-=-=-=-=-=-=-=-=-=-=-=-=-=-=-=-=-=-=-=-=-=-=-=-=-=-=-=-=-=-=-=-=-=-=-=-=-=-
2020-04-02 01:28:42|   1.7|  0.0|STATS |=-=-=-=-=-=-=-=-=-=-=-=-=-=-=-=-=-=-=-=-=-=-=-=-=-=-=-=-=-=-=-=-=-=-=-=-=-=-=-
2020-04-02 01:28:42|   1.7|  0.0|STATS |                           Features Written Summary
2020-04-02 01:28:42|   1.7|  0.0|STATS |=-=-=-=-=-=-=-=-=-=-=-=-=-=-=-=-=-=-=-=-=-=-=-=-=-=-=-=-=-=-=-=-=-=-=-=-=-=-=-
2020-04-02 01:28:42|   1.7|  0.0|STATS |==============================================================================
2020-04-02 01:28:42|   1.7|  0.0|STATS |Total Features Written                                                       0
2020-04-02 01:28:42|   1.7|  0.0|STATS |=-=-=-=-=-=-=-=-=-=-=-=-=-=-=-=-=-=-=-=-=-=-=-=-=-=-=-=-=-=-=-=-=-=-=-=-=-=-=-
2020-04-02 01:28:42|   1.7|  0.0|INFORM|Translation was SUCCESSFUL with 0 warning(s) (0 feature(s) output)
2020-04-02 01:28:42|   1.7|  0.0|INFORM|FME Session Duration: 13.3 seconds. (CPU: 1.4s user, 0.3s system)
2020-04-02 01:28:42|   1.7|  0.0|INFORM|END - ProcessID: 8468, peak process memory usage: 82984 kB, current process memory usage: 82596 kB
