2020-04-02 01:53:05|   0.1|  0.1|INFORM|FME 2017.1.1.1 (20171014 - Build 17652 - WIN32)
2020-04-02 01:53:05|   0.1|  0.0|INFORM|FME_HOME is 'c:\FME2017\'
2020-04-02 01:53:05|   0.1|  0.0|INFORM|FME Desktop ESRI Edition (floating)
2020-04-02 01:53:05|   0.1|  0.0|INFORM|Permanent License.
2020-04-02 01:53:05|   0.1|  0.0|INFORM|Machine host name is: coa-gis-fme2
2020-04-02 01:53:05|   0.1|  0.0|INFORM|START - ProcessID: 3444, peak process memory usage: 31124 kB, current process memory usage: 31100 kB
2020-04-02 01:53:05|   0.1|  0.0|INFORM|FME Configuration: Command line arguments are `c:\FME2017\fme' `C:\COA\bedrock\working_directory\pcard_transactions/munisTOwh_pcard_transactions.fmw'
2020-04-02 01:53:05|   0.2|  0.1|INFORM|Shared folders for formats are : c:\FME2017\datasources;C:\Users\mssqlgisadmin\Documents\FME\Formats
2020-04-02 01:53:05|   0.2|  0.0|INFORM|Shared folders for transformers are : c:\FME2017\transformers;C:\Users\mssqlgisadmin\Documents\FME\Transformers;C:\Users\mssqlgisadmin\AppData\Roaming\Safe Software\FME\FME Store\Transformers
2020-04-02 01:53:05|   0.2|  0.0|INFORM|Shared folders for coordinate systems are : C:\Users\mssqlgisadmin\Documents\FME\CoordinateSystems
2020-04-02 01:53:05|   0.2|  0.0|INFORM|Shared folders for coordinate system exceptions are : C:\Users\mssqlgisadmin\Documents\FME\CoordinateSystemExceptions
2020-04-02 01:53:05|   0.2|  0.0|INFORM|Shared folders for coordinate system grid overrides are : C:\Users\mssqlgisadmin\Documents\FME\CoordinateSystemGridOverrides
2020-04-02 01:53:05|   0.2|  0.0|INFORM|Shared folders for CS-MAP transformation exceptions are : C:\Users\mssqlgisadmin\Documents\FME\CsmapTransformationExceptions
2020-04-02 01:53:05|   0.2|  0.0|INFORM|Shared folders for transformer categories are : C:\Users\mssqlgisadmin\Documents\FME\TransformerCategories
2020-04-02 01:53:05|   0.2|  0.0|INFORM|FME Configuration: Reader Keyword is `MSSQL_ADO_1'
2020-04-02 01:53:05|   0.2|  0.0|INFORM|FME Configuration: Writer Keyword is `MULTI_WRITER'
2020-04-02 01:53:05|   0.2|  0.0|INFORM|FME Configuration: Writer Group Definition Keyword is `MULTI_WRITER_DEF'
2020-04-02 01:53:05|   0.2|  0.0|INFORM|FME Configuration: Reader type is `MSSQL_ADO'
2020-04-02 01:53:05|   0.2|  0.0|INFORM|FME Configuration: Writer type is `MULTI_WRITER'
2020-04-02 01:53:05|   0.2|  0.0|INFORM|FME Configuration: No destination coordinate system set
2020-04-02 01:53:05|   0.2|  0.0|INFORM|FME Configuration: Current working folder is `C:\COA\bedrock\working_directory\pcard_transactions'
2020-04-02 01:53:05|   0.2|  0.0|INFORM|FME Configuration: Temporary folder is `C:\Users\MSSQLG~1\AppData\Local\Temp', set from environment variable `TEMP'
2020-04-02 01:53:05|   0.2|  0.0|INFORM|FME Configuration: FME_HOME is `c:\FME2017\'
2020-04-02 01:53:05|   0.2|  0.0|INFORM|FME Configuration: FME_BASE is 'no'
2020-04-02 01:53:05|   0.2|  0.0|INFORM|FME Configuration: FME_MF_DIR is 'C:\COA\bedrock\working_directory\pcard_transactions/'
2020-04-02 01:53:05|   0.2|  0.0|INFORM|FME Configuration: FME_MF_NAME is 'munisTOwh_pcard_transactions.fmw'
2020-04-02 01:53:05|   0.2|  0.0|INFORM|FME Configuration: FME_PRODUCT_NAME is 'FME(R) 2017.1.1.1'
2020-04-02 01:53:05|   0.2|  0.0|INFORM|System Status: 105.37 GB of disk space available in the FME temporary folder (C:\Users\MSSQLG~1\AppData\Local\Temp)
2020-04-02 01:53:05|   0.2|  0.0|INFORM|System Status: 4.00 GB of virtual memory available
2020-04-02 01:53:05|   0.2|  0.0|INFORM|Operating System: Microsoft Windows Server 2012 R2 Server 4.0 64-bit  (Build 9600)
2020-04-02 01:53:05|   0.2|  0.0|INFORM|FME Platform: WIN32
2020-04-02 01:53:05|   0.2|  0.0|INFORM|Locale: en_US
2020-04-02 01:53:05|   0.2|  0.0|INFORM|Code Page: 1252  (ANSI - Latin I)
2020-04-02 01:53:05|   0.2|  0.0|INFORM|FME Configuration: Process limits are 8.00 GB of physical memory and 4.00 GB of address space
2020-04-02 01:53:05|   0.2|  0.0|INFORM|FME Configuration: Start freeing memory when process usage exceeds 2.83 GB of memory or 3.41 GB of address space
2020-04-02 01:53:05|   0.2|  0.0|INFORM|FME Configuration: Stop freeing memory when process usage is below 2.12 GB of memory and 2.56 GB of address space
2020-04-02 01:53:05|   0.3|  0.1|INFORM|Creating writer for format: 
2020-04-02 01:53:06|   1.5|  1.3|INFORM|FME Configuration: Named Connection Storage: 'C:\Users\mssqlgisadmin\AppData\Roaming\Safe Software\FME\'
2020-04-02 01:53:06|   1.5|  0.0|INFORM|FME Configuration: Using Named Connection values from 'munis-prod' for MSSQL_ADO_1
2020-04-02 01:53:06|   1.5|  0.0|INFORM|Creating reader for format: Microsoft SQL Server Non-Spatial
2020-04-02 01:53:06|   1.6|  0.1|INFORM|Trying to find a DYNAMIC plugin for reader named `MSSQL_ADO'
2020-04-02 01:53:06|   1.6|  0.0|INFORM|Loaded module 'MSSQL_ADO' from file 'c:\FME2017\plugins/FME_ADO.dll'
2020-04-02 01:53:06|   1.6|  0.0|INFORM|FME API version of module 'MSSQL_ADO' matches current internal version (3.8 20170315)
2020-04-02 01:53:06|   1.6|  0.0|INFORM|Microsoft SQL Server Non-Spatial Reader: Read 1 DEF line(s).  Found 0 attribute(s)
2020-04-02 01:53:06|   1.6|  0.0|INFORM|Microsoft SQL Server Non-Spatial Reader: Opening `munprod' for read operation
2020-04-02 01:53:06|   1.6|  0.0|INFORM|Microsoft SQL Server Non-Spatial Reader: Trying to connect using SQL Server 2012 Native Client...
2020-04-02 01:53:06|   1.7|  0.0|INFORM|Using MultiWriter with keyword `MULTI_WRITER' to output data (ID_ATTRIBUTE is `multi_writer_id')
2020-04-02 01:53:06|   1.7|  0.0|INFORM|Writer output will be ordered by value of multi_writer_id
2020-04-02 01:53:07|   1.7|  0.0|INFORM|Microsoft SQL Server Non-Spatial Reader: Now reading features from table amd.pcard_transaction, 10 record(s) at a time
2020-04-02 01:53:07|   1.9|  0.2|INFORM|FME Configuration: Using Named Connection values from 'mda-store-1' for POSTGRES_2
2020-04-02 01:53:07|   1.9|  0.0|INFORM|Creating writer for format: PostgreSQL
2020-04-02 01:53:07|   2.0|  0.1|INFORM|Trying to find a DYNAMIC plugin for writer named `POSTGRES'
2020-04-02 01:53:07|   2.0|  0.0|INFORM|Loaded module 'POSTGRES' from file 'c:\FME2017\plugins/POSTGIS.dll'
2020-04-02 01:53:07|   2.0|  0.0|INFORM|FME API version of module 'POSTGRES' matches current internal version (3.8 20170315)
2020-04-02 01:53:07|   2.0|  0.0|INFORM|FME Configuration: No destination coordinate system set
2020-04-02 01:53:07|   2.0|  0.0|INFORM|FME API version of module 'POSTGRES' matches current internal version (3.8 20170315)
2020-04-02 01:53:07|   2.0|  0.0|INFORM|Writer `POSTGRES_2' of type `POSTGRES' using group definition keyword `POSTGRES_2_DEF'
2020-04-02 01:53:07|   2.0|  0.0|INFORM|FME API version of module 'POSTGRES' matches current internal version (3.8 20170315)
2020-04-02 01:53:07|   2.0|  0.0|INFORM|Opening POSTGRES writer for dataset 'mdastore1'...
2020-04-02 01:53:08|   3.0|  1.0|INFORM|PostGIS client encoding: 'UTF8'
2020-04-02 01:53:09|   3.0|  0.0|INFORM|PostgreSQL 10.4 on x86_64-pc-linux-gnu, compiled by gcc (GCC) 4.8.3 20140911 (Red Hat 4.8.3-9), 64-bit
2020-04-02 01:53:09|   3.0|  0.0|INFORM|Testing for the existence of table 'internal.pcard_transaction'...
2020-04-02 01:53:09|   3.0|  0.0|INFORM|Truncating existing table 'internal.pcard_transaction'...
2020-04-02 01:53:09|   3.0|  0.0|INFORM|Using existing table 'internal.pcard_transaction'
2020-04-02 01:53:09|   3.0|  0.0|INFORM|POSTGRES Writer: Creating 'streaming Bulk Copy' feature type processor for feature type 'internal.pcard_transaction'
2020-04-02 01:53:09|   3.3|  0.2|INFORM|Committed transaction at feature '1000'
2020-04-02 01:53:10|   3.5|  0.3|INFORM|Committed transaction at feature '2000'
2020-04-02 01:53:10|   3.6|  0.1|INFORM|Reading source feature # 2500
2020-04-02 01:53:10|   3.7|  0.1|INFORM|Committed transaction at feature '3000'
2020-04-02 01:53:10|   3.9|  0.2|INFORM|Committed transaction at feature '4000'
2020-04-02 01:53:10|   4.1|  0.2|INFORM|Reading source feature # 5000
2020-04-02 01:53:11|   4.1|  0.0|INFORM|Committed transaction at feature '5000'
2020-04-02 01:53:11|   4.4|  0.3|INFORM|Committed transaction at feature '6000'
2020-04-02 01:53:11|   4.6|  0.2|INFORM|Committed transaction at feature '7000'
2020-04-02 01:53:11|   4.7|  0.1|INFORM|Reading source feature # 7500
2020-04-02 01:53:11|   4.8|  0.1|INFORM|Committed transaction at feature '8000'
2020-04-02 01:53:12|   5.0|  0.2|INFORM|Committed transaction at feature '9000'
2020-04-02 01:53:12|   5.3|  0.3|INFORM|Reading source feature # 10000
2020-04-02 01:53:12|   5.3|  0.0|INFORM|Committed transaction at feature '10000'
2020-04-02 01:53:12|   5.5|  0.2|INFORM|Committed transaction at feature '11000'
2020-04-02 01:53:13|   5.7|  0.2|INFORM|Committed transaction at feature '12000'
2020-04-02 01:53:13|   5.8|  0.1|INFORM|Reading source feature # 12500
2020-04-02 01:53:13|   6.0|  0.1|INFORM|Committed transaction at feature '13000'
2020-04-02 01:53:13|   6.2|  0.3|INFORM|Committed transaction at feature '14000'
2020-04-02 01:53:13|   6.4|  0.2|INFORM|Reading source feature # 15000
2020-04-02 01:53:13|   6.4|  0.0|INFORM|Committed transaction at feature '15000'
2020-04-02 01:53:14|   6.7|  0.2|INFORM|Committed transaction at feature '16000'
2020-04-02 01:53:14|   6.9|  0.2|INFORM|Committed transaction at feature '17000'
2020-04-02 01:53:14|   7.0|  0.1|INFORM|Reading source feature # 17500
2020-04-02 01:53:14|   7.1|  0.1|INFORM|Committed transaction at feature '18000'
2020-04-02 01:53:14|   7.3|  0.2|INFORM|Committed transaction at feature '19000'
2020-04-02 01:53:15|   7.5|  0.2|INFORM|Reading source feature # 20000
2020-04-02 01:53:15|   7.5|  0.0|INFORM|Committed transaction at feature '20000'
2020-04-02 01:53:16|   7.8|  0.2|INFORM|Committed transaction at feature '21000'
2020-04-02 01:53:16|   8.0|  0.3|INFORM|Committed transaction at feature '22000'
2020-04-02 01:53:16|   8.1|  0.1|INFORM|Reading source feature # 22500
2020-04-02 01:53:17|   8.3|  0.2|INFORM|Committed transaction at feature '23000'
2020-04-02 01:53:17|   8.5|  0.3|INFORM|Committed transaction at feature '24000'
2020-04-02 01:53:17|   8.8|  0.2|INFORM|Reading source feature # 25000
2020-04-02 01:53:17|   8.8|  0.0|INFORM|Committed transaction at feature '25000'
2020-04-02 01:53:17|   9.0|  0.2|INFORM|Committed transaction at feature '26000'
2020-04-02 01:53:18|   9.2|  0.2|INFORM|Committed transaction at feature '27000'
2020-04-02 01:53:18|   9.3|  0.1|INFORM|Reading source feature # 27500
2020-04-02 01:53:18|   9.5|  0.1|INFORM|Committed transaction at feature '28000'
2020-04-02 01:53:18|   9.7|  0.2|INFORM|Committed transaction at feature '29000'
2020-04-02 01:53:19|   9.9|  0.2|INFORM|Reading source feature # 30000
2020-04-02 01:53:19|   9.9|  0.0|INFORM|Committed transaction at feature '30000'
2020-04-02 01:53:19|  10.1|  0.2|INFORM|Committed transaction at feature '31000'
2020-04-02 01:53:19|  10.4|  0.2|INFORM|Committed transaction at feature '32000'
2020-04-02 01:53:19|  10.5|  0.1|INFORM|Reading source feature # 32500
2020-04-02 01:53:19|  10.6|  0.1|INFORM|Committed transaction at feature '33000'
2020-04-02 01:53:20|  10.8|  0.2|INFORM|Committed transaction at feature '34000'
2020-04-02 01:53:20|  11.0|  0.2|INFORM|Reading source feature # 35000
2020-04-02 01:53:20|  11.0|  0.0|INFORM|Committed transaction at feature '35000'
2020-04-02 01:53:20|  11.3|  0.2|INFORM|Committed transaction at feature '36000'
2020-04-02 01:53:21|  11.5|  0.2|INFORM|Committed transaction at feature '37000'
2020-04-02 01:53:21|  11.6|  0.1|INFORM|Reading source feature # 37500
2020-04-02 01:53:21|  11.7|  0.1|INFORM|Committed transaction at feature '38000'
2020-04-02 01:53:21|  11.9|  0.2|INFORM|Committed transaction at feature '39000'
2020-04-02 01:53:21|  12.1|  0.2|INFORM|Reading source feature # 40000
2020-04-02 01:53:21|  12.1|  0.0|INFORM|Committed transaction at feature '40000'
2020-04-02 01:53:22|  12.4|  0.2|INFORM|Committed transaction at feature '41000'
2020-04-02 01:53:22|  12.6|  0.2|INFORM|Committed transaction at feature '42000'
2020-04-02 01:53:22|  12.7|  0.1|INFORM|Reading source feature # 42500
2020-04-02 01:53:22|  12.8|  0.1|INFORM|Committed transaction at feature '43000'
2020-04-02 01:53:22|  13.0|  0.2|INFORM|Committed transaction at feature '44000'
2020-04-02 01:53:23|  13.2|  0.2|INFORM|Reading source feature # 45000
2020-04-02 01:53:23|  13.2|  0.0|INFORM|Committed transaction at feature '45000'
2020-04-02 01:53:23|  13.5|  0.2|INFORM|Committed transaction at feature '46000'
2020-04-02 01:53:23|  13.7|  0.2|INFORM|Committed transaction at feature '47000'
2020-04-02 01:53:23|  13.8|  0.1|INFORM|Reading source feature # 47500
2020-04-02 01:53:24|  13.9|  0.1|INFORM|Committed transaction at feature '48000'
2020-04-02 01:53:24|  14.2|  0.2|INFORM|Committed transaction at feature '49000'
2020-04-02 01:53:24|  14.4|  0.2|INFORM|Reading source feature # 50000
2020-04-02 01:53:24|  14.4|  0.0|INFORM|Committed transaction at feature '50000'
2020-04-02 01:53:24|  14.6|  0.2|INFORM|Committed transaction at feature '51000'
2020-04-02 01:53:25|  14.8|  0.2|INFORM|Committed transaction at feature '52000'
2020-04-02 01:53:25|  14.9|  0.1|INFORM|Reading source feature # 52500
2020-04-02 01:53:25|  15.0|  0.1|INFORM|Committed transaction at feature '53000'
2020-04-02 01:53:25|  15.3|  0.2|INFORM|Committed transaction at feature '54000'
2020-04-02 01:53:26|  15.5|  0.2|INFORM|Reading source feature # 55000
2020-04-02 01:53:26|  15.5|  0.0|INFORM|Committed transaction at feature '55000'
2020-04-02 01:53:26|  15.7|  0.2|INFORM|Committed transaction at feature '56000'
2020-04-02 01:53:26|  15.9|  0.2|INFORM|Committed transaction at feature '57000'
2020-04-02 01:53:26|  16.0|  0.1|INFORM|Reading source feature # 57500
2020-04-02 01:53:26|  16.1|  0.1|INFORM|Committed transaction at feature '58000'
2020-04-02 01:53:27|  16.4|  0.2|INFORM|Committed transaction at feature '59000'
2020-04-02 01:53:27|  16.6|  0.2|INFORM|Reading source feature # 60000
2020-04-02 01:53:27|  16.6|  0.0|INFORM|Committed transaction at feature '60000'
2020-04-02 01:53:27|  16.8|  0.2|INFORM|Committed transaction at feature '61000'
2020-04-02 01:53:28|  17.0|  0.2|INFORM|Committed transaction at feature '62000'
2020-04-02 01:53:28|  17.1|  0.1|INFORM|Reading source feature # 62500
2020-04-02 01:53:28|  17.2|  0.1|INFORM|Committed transaction at feature '63000'
2020-04-02 01:53:28|  17.5|  0.2|INFORM|Committed transaction at feature '64000'
2020-04-02 01:53:28|  17.7|  0.2|INFORM|Reading source feature # 65000
2020-04-02 01:53:28|  17.7|  0.0|INFORM|Committed transaction at feature '65000'
2020-04-02 01:53:29|  17.9|  0.2|INFORM|Committed transaction at feature '66000'
2020-04-02 01:53:29|  18.1|  0.2|INFORM|Committed transaction at feature '67000'
2020-04-02 01:53:29|  18.2|  0.1|INFORM|Reading source feature # 67500
2020-04-02 01:53:29|  18.3|  0.1|INFORM|Committed transaction at feature '68000'
2020-04-02 01:53:30|  18.6|  0.2|INFORM|Committed transaction at feature '69000'
2020-04-02 01:53:30|  18.8|  0.2|INFORM|Reading source feature # 70000
2020-04-02 01:53:30|  18.8|  0.0|INFORM|Committed transaction at feature '70000'
2020-04-02 01:53:30|  19.0|  0.3|INFORM|Committed transaction at feature '71000'
2020-04-02 01:53:30|  19.3|  0.2|INFORM|Committed transaction at feature '72000'
2020-04-02 01:53:31|  19.4|  0.1|INFORM|Reading source feature # 72500
2020-04-02 01:53:31|  19.5|  0.1|INFORM|Committed transaction at feature '73000'
2020-04-02 01:53:31|  19.7|  0.2|INFORM|Committed transaction at feature '74000'
2020-04-02 01:53:31|  19.9|  0.2|INFORM|Reading source feature # 75000
2020-04-02 01:53:31|  19.9|  0.0|INFORM|Committed transaction at feature '75000'
2020-04-02 01:53:32|  20.2|  0.2|INFORM|Committed transaction at feature '76000'
2020-04-02 01:53:32|  20.4|  0.2|INFORM|Committed transaction at feature '77000'
2020-04-02 01:53:32|  20.5|  0.1|INFORM|Reading source feature # 77500
2020-04-02 01:53:32|  20.6|  0.1|INFORM|Committed transaction at feature '78000'
2020-04-02 01:53:32|  20.8|  0.2|INFORM|Committed transaction at feature '79000'
2020-04-02 01:53:33|  21.1|  0.2|INFORM|Reading source feature # 80000
2020-04-02 01:53:33|  21.1|  0.0|INFORM|Committed transaction at feature '80000'
2020-04-02 01:53:33|  21.3|  0.2|INFORM|Committed transaction at feature '81000'
2020-04-02 01:53:33|  21.5|  0.2|INFORM|Committed transaction at feature '82000'
2020-04-02 01:53:33|  21.6|  0.1|INFORM|Reading source feature # 82500
2020-04-02 01:53:34|  21.7|  0.1|INFORM|Committed transaction at feature '83000'
2020-04-02 01:53:34|  21.9|  0.2|INFORM|Committed transaction at feature '84000'
2020-04-02 01:53:34|  22.2|  0.2|INFORM|Reading source feature # 85000
2020-04-02 01:53:34|  22.2|  0.0|INFORM|Committed transaction at feature '85000'
2020-04-02 01:53:34|  22.4|  0.2|INFORM|Committed transaction at feature '86000'
2020-04-02 01:53:35|  22.6|  0.2|INFORM|Committed transaction at feature '87000'
2020-04-02 01:53:35|  22.7|  0.1|INFORM|Reading source feature # 87500
2020-04-02 01:53:35|  22.8|  0.1|INFORM|Committed transaction at feature '88000'
2020-04-02 01:53:35|  23.0|  0.2|INFORM|Committed transaction at feature '89000'
2020-04-02 01:53:35|  23.3|  0.2|INFORM|Reading source feature # 90000
2020-04-02 01:53:36|  23.3|  0.0|INFORM|Committed transaction at feature '90000'
2020-04-02 01:53:36|  23.5|  0.2|INFORM|Committed transaction at feature '91000'
2020-04-02 01:53:36|  23.7|  0.2|INFORM|Committed transaction at feature '92000'
2020-04-02 01:53:36|  23.8|  0.1|INFORM|Reading source feature # 92500
2020-04-02 01:53:36|  23.9|  0.1|INFORM|Committed transaction at feature '93000'
2020-04-02 01:53:36|  24.0|  0.0|INFORM|Microsoft SQL Server Non-Spatial Reader: Database read complete.  Retrieved 93072 feature(s)
2020-04-02 01:53:36|  24.0|  0.0|INFORM|Emptying factory pipeline
2020-04-02 01:53:36|  24.0|  0.0|STATS |Router and Unexpected Input Remover(RoutingFactory): Tested 93072 input feature(s), wrote 93072 output feature(s): 93072 matched merge filters, 93072 were routed to output, 0 could not be routed.
2020-04-02 01:53:36|  24.0|  0.0|STATS |amd.pcard_transaction (MSSQL_ADO_1) Splitter(TeeFactory): Cloned 93072 input feature(s) into 93072 output feature(s)
2020-04-02 01:53:36|  24.0|  0.0|STATS |Destination Feature Type Routing Correlator(RoutingFactory): Tested 93072 input feature(s), wrote 93072 output feature(s): 0 matched merge filters, 93072 were routed to output, 0 could not be routed.
2020-04-02 01:53:36|  24.0|  0.0|STATS |Final Output Nuker(TeeFactory): Cloned 0 input feature(s) into 0 output feature(s)
2020-04-02 01:53:36|  24.0|  0.0|INFORM|Successfully closed POSTGRES database writer
2020-04-02 01:53:36|  24.0|  0.0|INFORM|=-=-=-=-=-=-=-=-=-=-=-=-=-=-=-=-=-=-=-=-=-=-=-=-=-=-=-=-=-=-=-=-=-=-=-=-=-=-=-
2020-04-02 01:53:36|  24.0|  0.0|INFORM|Feature output statistics for `POSTGRES' writer using keyword `POSTGRES_2':
2020-04-02 01:53:36|  24.0|  0.0|STATS |=-=-=-=-=-=-=-=-=-=-=-=-=-=-=-=-=-=-=-=-=-=-=-=-=-=-=-=-=-=-=-=-=-=-=-=-=-=-=-
2020-04-02 01:53:36|  24.0|  0.0|STATS |                               Features Written
2020-04-02 01:53:36|  24.0|  0.0|STATS |=-=-=-=-=-=-=-=-=-=-=-=-=-=-=-=-=-=-=-=-=-=-=-=-=-=-=-=-=-=-=-=-=-=-=-=-=-=-=-
2020-04-02 01:53:36|  24.0|  0.0|STATS |internal.pcard_transaction                                               93072
2020-04-02 01:53:36|  24.0|  0.0|STATS |==============================================================================
2020-04-02 01:53:36|  24.0|  0.0|STATS |Total Features Written                                                   93072
2020-04-02 01:53:36|  24.0|  0.0|STATS |=-=-=-=-=-=-=-=-=-=-=-=-=-=-=-=-=-=-=-=-=-=-=-=-=-=-=-=-=-=-=-=-=-=-=-=-=-=-=-
2020-04-02 01:53:36|  24.0|  0.0|STATS |=-=-=-=-=-=-=-=-=-=-=-=-=-=-=-=-=-=-=-=-=-=-=-=-=-=-=-=-=-=-=-=-=-=-=-=-=-=-=-
2020-04-02 01:53:36|  24.0|  0.0|STATS |                            Features Read Summary
2020-04-02 01:53:36|  24.0|  0.0|STATS |=-=-=-=-=-=-=-=-=-=-=-=-=-=-=-=-=-=-=-=-=-=-=-=-=-=-=-=-=-=-=-=-=-=-=-=-=-=-=-
2020-04-02 01:53:36|  24.0|  0.0|STATS |amd.pcard_transaction                                                    93072
2020-04-02 01:53:36|  24.0|  0.0|STATS |==============================================================================
2020-04-02 01:53:36|  24.0|  0.0|STATS |Total Features Read                                                      93072
2020-04-02 01:53:36|  24.0|  0.0|STATS |=-=-=-=-=-=-=-=-=-=-=-=-=-=-=-=-=-=-=-=-=-=-=-=-=-=-=-=-=-=-=-=-=-=-=-=-=-=-=-
2020-04-02 01:53:36|  24.0|  0.0|STATS |=-=-=-=-=-=-=-=-=-=-=-=-=-=-=-=-=-=-=-=-=-=-=-=-=-=-=-=-=-=-=-=-=-=-=-=-=-=-=-
2020-04-02 01:53:36|  24.0|  0.0|STATS |                           Features Written Summary
2020-04-02 01:53:36|  24.0|  0.0|STATS |=-=-=-=-=-=-=-=-=-=-=-=-=-=-=-=-=-=-=-=-=-=-=-=-=-=-=-=-=-=-=-=-=-=-=-=-=-=-=-
2020-04-02 01:53:36|  24.0|  0.0|STATS |internal.pcard_transaction                                               93072
2020-04-02 01:53:36|  24.0|  0.0|STATS |==============================================================================
2020-04-02 01:53:36|  24.0|  0.0|STATS |Total Features Written                                                   93072
2020-04-02 01:53:36|  24.0|  0.0|STATS |=-=-=-=-=-=-=-=-=-=-=-=-=-=-=-=-=-=-=-=-=-=-=-=-=-=-=-=-=-=-=-=-=-=-=-=-=-=-=-
2020-04-02 01:53:36|  24.0|  0.0|INFORM|Microsoft SQL Server Non-Spatial Reader: Closing `munprod' . Read operation complete
2020-04-02 01:53:36|  24.0|  0.0|INFORM|Translation was SUCCESSFUL with 0 warning(s) (93072 feature(s) output)
2020-04-02 01:53:36|  24.0|  0.0|INFORM|FME Session Duration: 31.8 seconds. (CPU: 23.2s user, 0.7s system)
2020-04-02 01:53:36|  24.0|  0.0|INFORM|END - ProcessID: 3444, peak process memory usage: 81516 kB, current process memory usage: 80948 kB
