2018-12-07 04:19:03|   0.1|  0.1|INFORM|FME 2017.1.1.1 (20171014 - Build 17652 - WIN32)
2018-12-07 04:19:03|   0.1|  0.0|INFORM|FME_HOME is 'c:\FME2017\'
2018-12-07 04:19:03|   0.1|  0.0|INFORM|FME Desktop ESRI Edition (floating)
2018-12-07 04:19:03|   0.1|  0.0|INFORM|Permanent License.
2018-12-07 04:19:03|   0.1|  0.0|INFORM|Machine host name is: coa-gis-fme2
2018-12-07 04:19:03|   0.1|  0.0|INFORM|START - ProcessID: 2624, peak process memory usage: 31080 kB, current process memory usage: 31064 kB
2018-12-07 04:19:03|   0.1|  0.0|INFORM|FME Configuration: Command line arguments are `c:\FME2017\fme' `C:\jon\bedrock\working_directory\assets\gis\bc_property.ms1/editTOwh-bc_property2.fmw'
2018-12-07 04:19:03|   0.2|  0.1|INFORM|Shared folders for formats are : c:\FME2017\datasources;C:\Users\mssqlgisadmin\Documents\FME\Formats
2018-12-07 04:19:03|   0.2|  0.0|INFORM|Shared folders for transformers are : c:\FME2017\transformers;C:\Users\mssqlgisadmin\Documents\FME\Transformers;C:\Users\mssqlgisadmin\AppData\Roaming\Safe Software\FME\FME Store\Transformers
2018-12-07 04:19:03|   0.2|  0.0|INFORM|Shared folders for coordinate systems are : C:\Users\mssqlgisadmin\Documents\FME\CoordinateSystems
2018-12-07 04:19:03|   0.2|  0.0|INFORM|Shared folders for coordinate system exceptions are : C:\Users\mssqlgisadmin\Documents\FME\CoordinateSystemExceptions
2018-12-07 04:19:03|   0.2|  0.0|INFORM|Shared folders for coordinate system grid overrides are : C:\Users\mssqlgisadmin\Documents\FME\CoordinateSystemGridOverrides
2018-12-07 04:19:03|   0.2|  0.0|INFORM|Shared folders for CS-MAP transformation exceptions are : C:\Users\mssqlgisadmin\Documents\FME\CsmapTransformationExceptions
2018-12-07 04:19:03|   0.2|  0.0|INFORM|Shared folders for transformer categories are : C:\Users\mssqlgisadmin\Documents\FME\TransformerCategories
2018-12-07 04:19:03|   0.2|  0.0|INFORM|FME Configuration: Reader Keyword is `GEODATABASE_SDE_1'
2018-12-07 04:19:03|   0.2|  0.0|INFORM|FME Configuration: Writer Keyword is `MULTI_WRITER'
2018-12-07 04:19:03|   0.2|  0.0|INFORM|FME Configuration: Writer Group Definition Keyword is `MULTI_WRITER_DEF'
2018-12-07 04:19:03|   0.2|  0.0|INFORM|FME Configuration: Reader type is `GEODATABASE_SDE'
2018-12-07 04:19:03|   0.2|  0.0|INFORM|FME Configuration: Writer type is `MULTI_WRITER'
2018-12-07 04:19:03|   0.2|  0.0|INFORM|FME Configuration: No destination coordinate system set
2018-12-07 04:19:03|   0.2|  0.0|INFORM|FME Configuration: Current working folder is `C:\jon\bedrock\working_directory\assets\gis\bc_property.ms1'
2018-12-07 04:19:03|   0.2|  0.0|INFORM|FME Configuration: Temporary folder is `C:\Users\MSSQLG~1\AppData\Local\Temp', set from environment variable `TEMP'
2018-12-07 04:19:03|   0.2|  0.0|INFORM|FME Configuration: FME_HOME is `c:\FME2017\'
2018-12-07 04:19:03|   0.2|  0.0|INFORM|FME Configuration: FME_BASE is 'no'
2018-12-07 04:19:03|   0.2|  0.0|INFORM|FME Configuration: FME_MF_DIR is 'C:\jon\bedrock\working_directory\assets\gis\bc_property.ms1/'
2018-12-07 04:19:03|   0.2|  0.0|INFORM|FME Configuration: FME_MF_NAME is 'editTOwh-bc_property2.fmw'
2018-12-07 04:19:03|   0.2|  0.0|INFORM|FME Configuration: FME_PRODUCT_NAME is 'FME(R) 2017.1.1.1'
2018-12-07 04:19:03|   0.2|  0.0|INFORM|System Status: 116.53 GB of disk space available in the FME temporary folder (C:\Users\MSSQLG~1\AppData\Local\Temp)
2018-12-07 04:19:03|   0.2|  0.0|INFORM|System Status: 4.00 GB of virtual memory available
2018-12-07 04:19:03|   0.2|  0.0|INFORM|Operating System: Microsoft Windows Server 2012 R2 Server 4.0 64-bit  (Build 9600)
2018-12-07 04:19:03|   0.2|  0.0|INFORM|FME Platform: WIN32
2018-12-07 04:19:03|   0.2|  0.0|INFORM|Locale: en_US
2018-12-07 04:19:03|   0.2|  0.0|INFORM|Code Page: 1252  (ANSI - Latin I)
2018-12-07 04:19:03|   0.2|  0.0|INFORM|FME Configuration: Process limits are 8.00 GB of physical memory and 4.00 GB of address space
2018-12-07 04:19:03|   0.2|  0.0|INFORM|FME Configuration: Start freeing memory when process usage exceeds 2.83 GB of memory or 3.41 GB of address space
2018-12-07 04:19:03|   0.2|  0.0|INFORM|FME Configuration: Stop freeing memory when process usage is below 2.12 GB of memory and 2.56 GB of address space
2018-12-07 04:19:04|   0.3|  0.1|INFORM|Creating writer for format: 
2018-12-07 04:19:04|   0.6|  0.3|INFORM|Creating reader for format: Esri Geodatabase (ArcSDE Geodb)
2018-12-07 04:19:04|   0.7|  0.1|INFORM|Trying to find a DYNAMIC plugin for reader named `GEODATABASE_SDE'
2018-12-07 04:19:04|   0.7|  0.0|INFORM|FME Configuration: Source coordinate system for reader GEODATABASE_SDE_1[GEODATABASE_SDE] set to `EPSG:2264'
2018-12-07 04:19:05|   1.2|  0.5|INFORM|Coordinate System `EPSG:2264' parameters: CS_NAME=`NC83F' DESC_NM=`NAD83 North Carolina State Planes, US Foot' DT_NAME=`NAD83' GROUP=`SPCS83F' MAP_SCL=`1' MAX_LAT=`36.86666666666667' MAX_LNG=`-74.26666666666667' MIN_LAT=`33.55' MIN_LNG=`-85.43333333333334' ORG_LAT=`33.75' ORG_LNG=`-79' PARM1=`36.16666666666666' PARM2=`34.33333333333333' PROJ=`LM' QUAD=`1' SCL_RED=`1' SOURCE=`Calculated from NC83 by Mentor Software' UNIT=`FOOT' X_OFF=`2000000.002616666' 
2018-12-07 04:19:05|   1.2|  0.0|INFORM|Loaded module 'GEODATABASE_SDE' from file 'c:\FME2017\GEODATABASE9.dll'
2018-12-07 04:19:05|   1.2|  0.0|INFORM|FME API version of module 'GEODATABASE_SDE' matches current internal version (3.8 20170315)
2018-12-07 04:19:05|   1.2|  0.0|INFORM|Opening the Geodatabase reader
2018-12-07 04:19:05|   1.4|  0.2|INFORM|The ArcObjects license 'Advanced' is being selected from the Windows registry
2018-12-07 04:19:11|   2.8|  1.4|INFORM|FME has checked out an Esri license. The product checked out is 'Advanced'
2018-12-07 04:19:11|   2.8|  0.0|INFORM|Installed ArcGIS version is '10.4'
2018-12-07 04:19:12|   3.3|  0.5|INFORM|Connection made to server 'coa-gis-edit1' for dataset 'coagisedit' (historical timestamp '11/14/2017 1:53:00 PM') using Operating System's current user
2018-12-07 04:19:12|   3.3|  0.0|INFORM|ArcSDE release: '10.0'. Underlying database: 'SQL Server'
2018-12-07 04:19:12|   3.3|  0.0|INFORM|GEODATABASE_SDE_1 Reader: Using Enhanced geometry
2018-12-07 04:19:12|   3.3|  0.0|INFORM|All network information will be ignored. As a result, edges will be treated as polyline features and junctions will be treated as point features
2018-12-07 04:19:12|   3.3|  0.0|INFORM|All relationship information will be ignored. As a result, simple relationships will not be read, and attributed relationships will be read as tables
2018-12-07 04:19:12|   3.4|  0.0|INFORM|Using MultiWriter with keyword `MULTI_WRITER' to output data (ID_ATTRIBUTE is `multi_writer_id')
2018-12-07 04:19:12|   3.4|  0.0|INFORM|Writer output will be ordered by value of multi_writer_id
2018-12-07 04:19:12|   3.7|  0.3|INFORM|The OGC definition of the FME coordinate system '_NC83F_0' is 'PROJCS["NAD_1983_StatePlane_North_Carolina_FIPS_3200_Feet",GEOGCS["GCS_North_American_1983",DATUM["D_North_American_1983",SPHEROID["GRS_1980",6378137.0,298.257222101]],PRIMEM["Greenwich",0.0],UNIT["Degree",0.0174532925199433]],PROJECTION["Lambert_Conformal_Conic"],PARAMETER["False_Easting",2000000.002616666],PARAMETER["False_Northing",0.0],PARAMETER["Central_Meridian",-79.0],PARAMETER["Standard_Parallel_1",34.33333333333334],PARAMETER["Standard_Parallel_2",36.16666666666666],PARAMETER["Latitude_Of_Origin",33.75],UNIT["Foot_US",0.3048006096012192]]'
2018-12-07 04:19:12|   3.8|  0.1|INFORM|Reading table/feature class 'coagis.bc_property'
2018-12-07 04:19:18|   4.7|  0.9|WARN  |NOT changing coordinate system of reader identified by keyword `GEODATABASE_SDE_1' from `EPSG:2264' to `_NC83F_0' -- mapping file setting of `EPSG:2264' overrides coordinate system `_NC83F_0' read from file
2018-12-07 04:19:20|   6.4|  1.7|INFORM|FME Configuration: Named Connection Storage: 'C:\Users\mssqlgisadmin\AppData\Roaming\Safe Software\FME\'
2018-12-07 04:19:20|   6.4|  0.0|INFORM|FME Configuration: Using Named Connection values from 'mda-store-1' for POSTGIS_1
2018-12-07 04:19:20|   6.4|  0.0|INFORM|Creating writer for format: PostGIS
2018-12-07 04:19:20|   6.5|  0.1|INFORM|Trying to find a DYNAMIC plugin for writer named `POSTGIS'
2018-12-07 04:19:20|   6.5|  0.0|INFORM|Loaded module 'POSTGIS' from file 'c:\FME2017\plugins/POSTGIS.dll'
2018-12-07 04:19:20|   6.5|  0.0|INFORM|FME API version of module 'POSTGIS' matches current internal version (3.8 20170315)
2018-12-07 04:19:20|   6.5|  0.0|INFORM|FME Configuration: No destination coordinate system set
2018-12-07 04:19:20|   6.5|  0.0|INFORM|FME API version of module 'POSTGIS' matches current internal version (3.8 20170315)
2018-12-07 04:19:20|   6.5|  0.0|INFORM|Writer `POSTGIS_1' of type `POSTGIS' using group definition keyword `POSTGIS_1_DEF'
2018-12-07 04:19:20|   6.5|  0.0|INFORM|FME API version of module 'POSTGIS' matches current internal version (3.8 20170315)
2018-12-07 04:19:20|   6.5|  0.0|INFORM|Opening POSTGIS writer for dataset 'mdastore1'...
2018-12-07 04:19:21|   7.6|  1.1|INFORM|PostGIS client encoding: 'UTF8'
2018-12-07 04:19:21|   7.6|  0.0|INFORM|PostgreSQL 10.4 on x86_64-pc-linux-gnu, compiled by gcc (GCC) 4.8.3 20140911 (Red Hat 4.8.3-9), 64-bit
2018-12-07 04:19:21|   7.6|  0.0|INFORM|2.4 USE_GEOS=1 USE_PROJ=1 USE_STATS=1
2018-12-07 04:19:21|   7.6|  0.0|INFORM|Testing for the existence of table 'internal.bc_property'...
2018-12-07 04:19:22|   7.6|  0.0|INFORM|Truncating existing table 'internal.bc_property'...
2018-12-07 04:19:22|   7.6|  0.0|INFORM|Using existing table 'internal.bc_property'
2018-12-07 04:19:23|   7.6|  0.0|INFORM|POSTGIS Writer: Creating 'unquoted WKB' geometry processor for feature type 'internal.bc_property'
2018-12-07 04:19:23|   7.6|  0.0|INFORM|POSTGIS Writer: Creating 'streaming Bulk Copy' feature type processor for feature type 'internal.bc_property'
2018-12-07 04:19:24|   8.8|  1.2|INFORM|Committed transaction at feature '1000'
2018-12-07 04:19:25|   9.9|  1.1|INFORM|Committed transaction at feature '2000'
2018-12-07 04:19:26|  10.4|  0.5|INFORM|Reading source feature # 2500
2018-12-07 04:19:26|  10.9|  0.5|INFORM|Committed transaction at feature '3000'
2018-12-07 04:19:27|  11.9|  1.0|INFORM|Committed transaction at feature '4000'
2018-12-07 04:19:28|  12.9|  1.0|INFORM|Reading source feature # 5000
2018-12-07 04:19:28|  12.9|  0.0|INFORM|Committed transaction at feature '5000'
2018-12-07 04:19:29|  14.0|  1.0|INFORM|Committed transaction at feature '6000'
2018-12-07 04:19:30|  15.1|  1.2|INFORM|Committed transaction at feature '7000'
2018-12-07 04:19:31|  15.7|  0.5|INFORM|Reading source feature # 7500
2018-12-07 04:19:31|  16.2|  0.6|INFORM|Committed transaction at feature '8000'
2018-12-07 04:19:32|  17.3|  1.0|INFORM|Committed transaction at feature '9000'
2018-12-07 04:19:33|  18.2|  1.0|INFORM|Reading source feature # 10000
2018-12-07 04:19:33|  18.2|  0.0|INFORM|Committed transaction at feature '10000'
2018-12-07 04:19:34|  19.3|  1.1|INFORM|Committed transaction at feature '11000'
2018-12-07 04:19:35|  20.3|  1.0|INFORM|Committed transaction at feature '12000'
2018-12-07 04:19:36|  21.1|  0.8|INFORM|Reading source feature # 12500
2018-12-07 04:19:37|  21.6|  0.5|INFORM|Committed transaction at feature '13000'
2018-12-07 04:19:38|  22.6|  1.0|INFORM|Committed transaction at feature '14000'
2018-12-07 04:19:39|  23.6|  1.0|INFORM|Reading source feature # 15000
2018-12-07 04:19:39|  23.6|  0.0|INFORM|Committed transaction at feature '15000'
2018-12-07 04:19:40|  24.8|  1.2|INFORM|Committed transaction at feature '16000'
2018-12-07 04:19:41|  25.8|  1.1|INFORM|Committed transaction at feature '17000'
2018-12-07 04:19:41|  26.3|  0.5|INFORM|Reading source feature # 17500
2018-12-07 04:19:42|  26.8|  0.5|INFORM|Committed transaction at feature '18000'
2018-12-07 04:19:43|  27.9|  1.0|INFORM|Committed transaction at feature '19000'
2018-12-07 04:19:44|  28.9|  1.0|INFORM|Reading source feature # 20000
2018-12-07 04:19:44|  28.9|  0.0|INFORM|Committed transaction at feature '20000'
2018-12-07 04:19:45|  29.9|  1.0|INFORM|Committed transaction at feature '21000'
2018-12-07 04:19:46|  31.0|  1.1|INFORM|Committed transaction at feature '22000'
2018-12-07 04:19:47|  31.6|  0.5|INFORM|Reading source feature # 22500
2018-12-07 04:19:47|  32.3|  0.7|INFORM|Committed transaction at feature '23000'
2018-12-07 04:19:48|  33.5|  1.2|INFORM|Committed transaction at feature '24000'
2018-12-07 04:19:50|  34.6|  1.1|INFORM|Reading source feature # 25000
2018-12-07 04:19:50|  34.6|  0.0|INFORM|Committed transaction at feature '25000'
2018-12-07 04:19:51|  35.8|  1.1|INFORM|Committed transaction at feature '26000'
2018-12-07 04:19:52|  37.0|  1.3|INFORM|Committed transaction at feature '27000'
2018-12-07 04:19:52|  37.6|  0.5|INFORM|Reading source feature # 27500
2018-12-07 04:19:53|  38.1|  0.5|INFORM|Committed transaction at feature '28000'
2018-12-07 04:19:54|  39.1|  1.0|INFORM|Committed transaction at feature '29000'
2018-12-07 04:19:55|  40.2|  1.1|INFORM|Reading source feature # 30000
2018-12-07 04:19:55|  40.2|  0.0|INFORM|Committed transaction at feature '30000'
2018-12-07 04:19:56|  41.5|  1.3|INFORM|Committed transaction at feature '31000'
2018-12-07 04:19:57|  42.5|  1.1|INFORM|Committed transaction at feature '32000'
2018-12-07 04:19:58|  43.1|  0.6|INFORM|Reading source feature # 32500
2018-12-07 04:19:58|  43.7|  0.6|INFORM|Committed transaction at feature '33000'
2018-12-07 04:20:00|  44.8|  1.1|INFORM|Committed transaction at feature '34000'
2018-12-07 04:20:01|  46.0|  1.2|INFORM|Reading source feature # 35000
2018-12-07 04:20:01|  46.0|  0.0|INFORM|Committed transaction at feature '35000'
2018-12-07 04:20:02|  47.2|  1.2|INFORM|Committed transaction at feature '36000'
2018-12-07 04:20:03|  48.5|  1.3|INFORM|Committed transaction at feature '37000'
2018-12-07 04:20:04|  49.1|  0.6|INFORM|Reading source feature # 37500
2018-12-07 04:20:04|  49.6|  0.5|INFORM|Committed transaction at feature '38000'
2018-12-07 04:20:05|  50.7|  1.1|INFORM|Committed transaction at feature '39000'
2018-12-07 04:20:06|  51.9|  1.2|INFORM|Reading source feature # 40000
2018-12-07 04:20:06|  51.9|  0.0|INFORM|Committed transaction at feature '40000'
2018-12-07 04:20:08|  53.3|  1.4|INFORM|Committed transaction at feature '41000'
2018-12-07 04:20:09|  54.5|  1.2|INFORM|Committed transaction at feature '42000'
2018-12-07 04:20:09|  55.0|  0.5|INFORM|Reading source feature # 42500
2018-12-07 04:20:10|  55.8|  0.8|INFORM|Committed transaction at feature '43000'
2018-12-07 04:20:11|  57.0|  1.3|INFORM|Committed transaction at feature '44000'
2018-12-07 04:20:12|  58.1|  1.1|INFORM|Reading source feature # 45000
2018-12-07 04:20:12|  58.1|  0.0|INFORM|Committed transaction at feature '45000'
2018-12-07 04:20:14|  59.3|  1.2|INFORM|Committed transaction at feature '46000'
2018-12-07 04:20:15|  60.3|  1.0|INFORM|Committed transaction at feature '47000'
2018-12-07 04:20:15|  60.8|  0.5|INFORM|Reading source feature # 47500
2018-12-07 04:20:16|  61.4|  0.6|INFORM|Committed transaction at feature '48000'
2018-12-07 04:20:17|  62.7|  1.3|INFORM|Committed transaction at feature '49000'
2018-12-07 04:20:18|  64.1|  1.4|INFORM|Reading source feature # 50000
2018-12-07 04:20:18|  64.1|  0.0|INFORM|Committed transaction at feature '50000'
2018-12-07 04:20:19|  65.3|  1.2|INFORM|Committed transaction at feature '51000'
2018-12-07 04:20:21|  66.6|  1.3|INFORM|Committed transaction at feature '52000'
2018-12-07 04:20:21|  67.1|  0.6|INFORM|Reading source feature # 52500
2018-12-07 04:20:22|  67.6|  0.5|INFORM|Committed transaction at feature '53000'
2018-12-07 04:20:23|  68.8|  1.2|INFORM|Committed transaction at feature '54000'
2018-12-07 04:20:24|  69.9|  1.1|INFORM|Reading source feature # 55000
2018-12-07 04:20:24|  69.9|  0.0|INFORM|Committed transaction at feature '55000'
2018-12-07 04:20:25|  71.0|  1.1|INFORM|Committed transaction at feature '56000'
2018-12-07 04:20:26|  72.1|  1.1|INFORM|Committed transaction at feature '57000'
2018-12-07 04:20:27|  72.8|  0.6|INFORM|Reading source feature # 57500
2018-12-07 04:20:27|  73.4|  0.6|INFORM|Committed transaction at feature '58000'
2018-12-07 04:20:28|  74.4|  1.1|INFORM|Committed transaction at feature '59000'
2018-12-07 04:20:29|  75.6|  1.2|INFORM|Reading source feature # 60000
2018-12-07 04:20:29|  75.6|  0.0|INFORM|Committed transaction at feature '60000'
2018-12-07 04:20:31|  77.0|  1.4|INFORM|Committed transaction at feature '61000'
2018-12-07 04:20:32|  78.6|  1.6|INFORM|Committed transaction at feature '62000'
2018-12-07 04:20:33|  79.2|  0.6|INFORM|Reading source feature # 62500
2018-12-07 04:20:33|  79.8|  0.6|INFORM|Committed transaction at feature '63000'
2018-12-07 04:20:34|  81.0|  1.2|INFORM|Committed transaction at feature '64000'
2018-12-07 04:20:35|  82.1|  1.1|INFORM|Reading source feature # 65000
2018-12-07 04:20:35|  82.1|  0.0|INFORM|Committed transaction at feature '65000'
2018-12-07 04:20:37|  83.2|  1.1|INFORM|Committed transaction at feature '66000'
2018-12-07 04:20:38|  84.3|  1.2|INFORM|Committed transaction at feature '67000'
2018-12-07 04:20:38|  84.9|  0.5|INFORM|Reading source feature # 67500
2018-12-07 04:20:39|  85.5|  0.6|INFORM|Committed transaction at feature '68000'
2018-12-07 04:20:40|  86.7|  1.2|INFORM|Committed transaction at feature '69000'
2018-12-07 04:20:41|  87.8|  1.1|INFORM|Reading source feature # 70000
2018-12-07 04:20:41|  87.8|  0.0|INFORM|Committed transaction at feature '70000'
2018-12-07 04:20:42|  88.9|  1.2|INFORM|Committed transaction at feature '71000'
2018-12-07 04:20:43|  90.1|  1.1|INFORM|Committed transaction at feature '72000'
2018-12-07 04:20:44|  90.6|  0.6|INFORM|Reading source feature # 72500
2018-12-07 04:20:44|  91.2|  0.5|INFORM|Committed transaction at feature '73000'
2018-12-07 04:20:45|  92.4|  1.3|INFORM|Committed transaction at feature '74000'
2018-12-07 04:20:47|  93.6|  1.1|INFORM|Reading source feature # 75000
2018-12-07 04:20:47|  93.6|  0.0|INFORM|Committed transaction at feature '75000'
2018-12-07 04:20:48|  94.7|  1.2|INFORM|Committed transaction at feature '76000'
2018-12-07 04:20:49|  96.0|  1.2|INFORM|Committed transaction at feature '77000'
2018-12-07 04:20:49|  96.5|  0.5|INFORM|Reading source feature # 77500
2018-12-07 04:20:50|  97.1|  0.6|INFORM|Committed transaction at feature '78000'
2018-12-07 04:20:51|  98.4|  1.3|INFORM|Committed transaction at feature '79000'
2018-12-07 04:20:52|  99.5|  1.2|INFORM|Reading source feature # 80000
2018-12-07 04:20:52|  99.5|  0.0|INFORM|Committed transaction at feature '80000'
2018-12-07 04:20:53| 100.8|  1.3|INFORM|Committed transaction at feature '81000'
2018-12-07 04:20:54| 101.9|  1.1|INFORM|Committed transaction at feature '82000'
2018-12-07 04:20:55| 102.5|  0.6|INFORM|Reading source feature # 82500
2018-12-07 04:20:56| 103.1|  0.6|INFORM|Committed transaction at feature '83000'
2018-12-07 04:20:57| 104.3|  1.3|INFORM|Committed transaction at feature '84000'
2018-12-07 04:20:58| 105.6|  1.3|INFORM|Reading source feature # 85000
2018-12-07 04:20:58| 105.6|  0.0|INFORM|Committed transaction at feature '85000'
2018-12-07 04:20:59| 106.8|  1.2|INFORM|Committed transaction at feature '86000'
2018-12-07 04:21:00| 108.0|  1.2|INFORM|Committed transaction at feature '87000'
2018-12-07 04:21:01| 108.6|  0.5|INFORM|Reading source feature # 87500
2018-12-07 04:21:01| 109.1|  0.5|INFORM|Committed transaction at feature '88000'
2018-12-07 04:21:03| 110.3|  1.2|INFORM|Committed transaction at feature '89000'
2018-12-07 04:21:04| 111.5|  1.2|INFORM|Reading source feature # 90000
2018-12-07 04:21:04| 111.5|  0.0|INFORM|Committed transaction at feature '90000'
2018-12-07 04:21:05| 113.1|  1.6|INFORM|Committed transaction at feature '91000'
2018-12-07 04:21:06| 114.3|  1.1|INFORM|Committed transaction at feature '92000'
2018-12-07 04:21:07| 114.8|  0.6|INFORM|Reading source feature # 92500
2018-12-07 04:21:08| 115.5|  0.7|INFORM|Committed transaction at feature '93000'
2018-12-07 04:21:09| 116.8|  1.3|INFORM|Committed transaction at feature '94000'
2018-12-07 04:21:10| 118.0|  1.2|INFORM|Reading source feature # 95000
2018-12-07 04:21:10| 118.0|  0.0|INFORM|Committed transaction at feature '95000'
2018-12-07 04:21:11| 119.2|  1.2|INFORM|Committed transaction at feature '96000'
2018-12-07 04:21:12| 120.4|  1.2|INFORM|Committed transaction at feature '97000'
2018-12-07 04:21:13| 120.9|  0.5|INFORM|Reading source feature # 97500
2018-12-07 04:21:13| 121.6|  0.6|INFORM|Committed transaction at feature '98000'
2018-12-07 04:21:15| 122.7|  1.2|INFORM|Committed transaction at feature '99000'
2018-12-07 04:21:16| 123.9|  1.2|INFORM|Reading source feature # 100000
2018-12-07 04:21:16| 123.9|  0.0|INFORM|Committed transaction at feature '100000'
2018-12-07 04:21:17| 125.0|  1.1|INFORM|Committed transaction at feature '101000'
2018-12-07 04:21:18| 126.2|  1.1|INFORM|Committed transaction at feature '102000'
2018-12-07 04:21:19| 126.8|  0.6|INFORM|Reading source feature # 102500
2018-12-07 04:21:19| 127.5|  0.7|INFORM|Committed transaction at feature '103000'
2018-12-07 04:21:20| 128.7|  1.2|INFORM|Committed transaction at feature '104000'
2018-12-07 04:21:21| 129.8|  1.2|INFORM|Reading source feature # 105000
2018-12-07 04:21:21| 129.8|  0.0|INFORM|Committed transaction at feature '105000'
2018-12-07 04:21:23| 131.0|  1.1|INFORM|Committed transaction at feature '106000'
2018-12-07 04:21:24| 132.1|  1.1|INFORM|Committed transaction at feature '107000'
2018-12-07 04:21:24| 132.8|  0.7|INFORM|Reading source feature # 107500
2018-12-07 04:21:25| 133.4|  0.6|INFORM|Committed transaction at feature '108000'
2018-12-07 04:21:26| 134.5|  1.2|INFORM|Committed transaction at feature '109000'
2018-12-07 04:21:27| 135.7|  1.1|INFORM|Reading source feature # 110000
2018-12-07 04:21:27| 135.7|  0.0|INFORM|Committed transaction at feature '110000'
2018-12-07 04:21:28| 136.8|  1.1|INFORM|Committed transaction at feature '111000'
2018-12-07 04:21:30| 138.0|  1.2|INFORM|Committed transaction at feature '112000'
2018-12-07 04:21:30| 138.5|  0.5|INFORM|Reading source feature # 112500
2018-12-07 04:21:31| 139.1|  0.6|INFORM|Committed transaction at feature '113000'
2018-12-07 04:21:32| 140.6|  1.5|INFORM|Committed transaction at feature '114000'
2018-12-07 04:21:33| 141.7|  1.1|INFORM|Reading source feature # 115000
2018-12-07 04:21:33| 141.7|  0.0|INFORM|Committed transaction at feature '115000'
2018-12-07 04:21:34| 142.9|  1.2|INFORM|Committed transaction at feature '116000'
2018-12-07 04:21:35| 144.2|  1.3|INFORM|Committed transaction at feature '117000'
2018-12-07 04:21:36| 144.8|  0.6|INFORM|Reading source feature # 117500
2018-12-07 04:21:37| 145.3|  0.6|INFORM|Committed transaction at feature '118000'
2018-12-07 04:21:38| 146.6|  1.3|INFORM|Committed transaction at feature '119000'
2018-12-07 04:21:40| 149.0|  2.4|INFORM|Reading source feature # 120000
2018-12-07 04:21:40| 149.0|  0.0|INFORM|Committed transaction at feature '120000'
2018-12-07 04:21:41| 150.3|  1.2|INFORM|Committed transaction at feature '121000'
2018-12-07 04:21:42| 151.4|  1.2|INFORM|Committed transaction at feature '122000'
2018-12-07 04:21:43| 152.0|  0.5|INFORM|Reading source feature # 122500
2018-12-07 04:21:44| 152.5|  0.6|INFORM|Committed transaction at feature '123000'
2018-12-07 04:21:45| 153.7|  1.2|INFORM|Committed transaction at feature '124000'
2018-12-07 04:21:46| 154.8|  1.1|INFORM|Reading source feature # 125000
2018-12-07 04:21:46| 154.8|  0.0|INFORM|Committed transaction at feature '125000'
2018-12-07 04:21:47| 155.9|  1.1|INFORM|Committed transaction at feature '126000'
2018-12-07 04:21:48| 156.4|  0.5|INFORM|Emptying factory pipeline
2018-12-07 04:21:48| 156.4|  0.0|STATS |Router and Unexpected Input Remover(RoutingFactory): Tested 126430 input feature(s), wrote 126430 output feature(s): 126430 matched merge filters, 126430 were routed to output, 0 could not be routed.
2018-12-07 04:21:48| 156.4|  0.0|STATS |coagis.bc_property (GEODATABASE_SDE_1) Splitter(TeeFactory): Cloned 126430 input feature(s) into 126430 output feature(s)
2018-12-07 04:21:48| 156.4|  0.0|STATS |Destination Feature Type Routing Correlator(RoutingFactory): Tested 126430 input feature(s), wrote 126430 output feature(s): 0 matched merge filters, 126430 were routed to output, 0 could not be routed.
2018-12-07 04:21:48| 156.4|  0.0|STATS |Final Output Nuker(TeeFactory): Cloned 0 input feature(s) into 0 output feature(s)
2018-12-07 04:21:48| 156.4|  0.0|INFORM|124058 feature(s) coerced to MULTIPOLYGON in table 'internal.bc_property'
2018-12-07 04:21:48| 156.4|  0.0|INFORM|Successfully closed POSTGIS database writer
2018-12-07 04:21:48| 156.4|  0.0|INFORM|=-=-=-=-=-=-=-=-=-=-=-=-=-=-=-=-=-=-=-=-=-=-=-=-=-=-=-=-=-=-=-=-=-=-=-=-=-=-=-
2018-12-07 04:21:48| 156.4|  0.0|INFORM|Feature output statistics for `POSTGIS' writer using keyword `POSTGIS_1':
2018-12-07 04:21:48| 156.4|  0.0|STATS |=-=-=-=-=-=-=-=-=-=-=-=-=-=-=-=-=-=-=-=-=-=-=-=-=-=-=-=-=-=-=-=-=-=-=-=-=-=-=-
2018-12-07 04:21:48| 156.4|  0.0|STATS |                               Features Written
2018-12-07 04:21:48| 156.4|  0.0|STATS |=-=-=-=-=-=-=-=-=-=-=-=-=-=-=-=-=-=-=-=-=-=-=-=-=-=-=-=-=-=-=-=-=-=-=-=-=-=-=-
2018-12-07 04:21:48| 156.4|  0.0|STATS |internal.bc_property                                                    126430
2018-12-07 04:21:48| 156.4|  0.0|STATS |==============================================================================
2018-12-07 04:21:48| 156.4|  0.0|STATS |Total Features Written                                                  126430
2018-12-07 04:21:48| 156.4|  0.0|STATS |=-=-=-=-=-=-=-=-=-=-=-=-=-=-=-=-=-=-=-=-=-=-=-=-=-=-=-=-=-=-=-=-=-=-=-=-=-=-=-
2018-12-07 04:21:48| 156.4|  0.0|STATS |=-=-=-=-=-=-=-=-=-=-=-=-=-=-=-=-=-=-=-=-=-=-=-=-=-=-=-=-=-=-=-=-=-=-=-=-=-=-=-
2018-12-07 04:21:48| 156.4|  0.0|STATS |                            Features Read Summary
2018-12-07 04:21:48| 156.4|  0.0|STATS |=-=-=-=-=-=-=-=-=-=-=-=-=-=-=-=-=-=-=-=-=-=-=-=-=-=-=-=-=-=-=-=-=-=-=-=-=-=-=-
2018-12-07 04:21:48| 156.4|  0.0|STATS |coagis.bc_property                                                      126430
2018-12-07 04:21:48| 156.4|  0.0|STATS |==============================================================================
2018-12-07 04:21:48| 156.4|  0.0|STATS |Total Features Read                                                     126430
2018-12-07 04:21:48| 156.4|  0.0|STATS |=-=-=-=-=-=-=-=-=-=-=-=-=-=-=-=-=-=-=-=-=-=-=-=-=-=-=-=-=-=-=-=-=-=-=-=-=-=-=-
2018-12-07 04:21:48| 156.4|  0.0|STATS |=-=-=-=-=-=-=-=-=-=-=-=-=-=-=-=-=-=-=-=-=-=-=-=-=-=-=-=-=-=-=-=-=-=-=-=-=-=-=-
2018-12-07 04:21:48| 156.4|  0.0|STATS |                           Features Written Summary
2018-12-07 04:21:48| 156.4|  0.0|STATS |=-=-=-=-=-=-=-=-=-=-=-=-=-=-=-=-=-=-=-=-=-=-=-=-=-=-=-=-=-=-=-=-=-=-=-=-=-=-=-
2018-12-07 04:21:48| 156.4|  0.0|STATS |internal.bc_property                                                    126430
2018-12-07 04:21:48| 156.4|  0.0|STATS |==============================================================================
2018-12-07 04:21:48| 156.4|  0.0|STATS |Total Features Written                                                  126430
2018-12-07 04:21:48| 156.4|  0.0|STATS |=-=-=-=-=-=-=-=-=-=-=-=-=-=-=-=-=-=-=-=-=-=-=-=-=-=-=-=-=-=-=-=-=-=-=-=-=-=-=-
2018-12-07 04:21:48| 156.4|  0.0|INFORM|Closing the Geodatabase reader
2018-12-07 04:21:48| 156.4|  0.0|INFORM|Translation was SUCCESSFUL with 1 warning(s) (126430 feature(s) output)
2018-12-07 04:21:48| 156.4|  0.0|INFORM|FME Session Duration: 2 minutes 44.8 seconds. (CPU: 152.3s user, 4.1s system)
2018-12-07 04:21:48| 156.4|  0.0|INFORM|END - ProcessID: 2624, peak process memory usage: 199616 kB, current process memory usage: 178668 kB
