2020-04-02 00:05:08|   0.1|  0.1|INFORM|FME 2017.1.1.1 (20171014 - Build 17652 - WIN32)
2020-04-02 00:05:08|   0.1|  0.0|INFORM|FME_HOME is 'c:\FME2017\'
2020-04-02 00:05:08|   0.1|  0.0|INFORM|FME Desktop ESRI Edition (floating)
2020-04-02 00:05:08|   0.1|  0.0|INFORM|Permanent License.
2020-04-02 00:05:08|   0.1|  0.0|INFORM|Machine host name is: coa-gis-fme2
2020-04-02 00:05:08|   0.1|  0.0|INFORM|START - ProcessID: 6856, peak process memory usage: 30176 kB, current process memory usage: 30152 kB
2020-04-02 00:05:08|   0.1|  0.0|INFORM|FME Configuration: Command line arguments are `c:\FME2017\fme' `C:\COA\bedrock\working_directory\workorders/trackitTOwh.fmw'
2020-04-02 00:05:08|   0.1|  0.1|INFORM|Shared folders for formats are : c:\FME2017\datasources;C:\Users\mssqlgisadmin\Documents\FME\Formats
2020-04-02 00:05:08|   0.1|  0.0|INFORM|Shared folders for transformers are : c:\FME2017\transformers;C:\Users\mssqlgisadmin\Documents\FME\Transformers;C:\Users\mssqlgisadmin\AppData\Roaming\Safe Software\FME\FME Store\Transformers
2020-04-02 00:05:08|   0.1|  0.0|INFORM|Shared folders for coordinate systems are : C:\Users\mssqlgisadmin\Documents\FME\CoordinateSystems
2020-04-02 00:05:08|   0.1|  0.0|INFORM|Shared folders for coordinate system exceptions are : C:\Users\mssqlgisadmin\Documents\FME\CoordinateSystemExceptions
2020-04-02 00:05:08|   0.1|  0.0|INFORM|Shared folders for coordinate system grid overrides are : C:\Users\mssqlgisadmin\Documents\FME\CoordinateSystemGridOverrides
2020-04-02 00:05:08|   0.1|  0.0|INFORM|Shared folders for CS-MAP transformation exceptions are : C:\Users\mssqlgisadmin\Documents\FME\CsmapTransformationExceptions
2020-04-02 00:05:08|   0.1|  0.0|INFORM|Shared folders for transformer categories are : C:\Users\mssqlgisadmin\Documents\FME\TransformerCategories
2020-04-02 00:05:08|   0.1|  0.0|INFORM|FME Configuration: Reader Keyword is `NULL_SOURCE'
2020-04-02 00:05:08|   0.1|  0.0|INFORM|FME Configuration: Writer Keyword is `MULTI_WRITER'
2020-04-02 00:05:08|   0.1|  0.0|INFORM|FME Configuration: Writer Group Definition Keyword is `MULTI_WRITER_DEF'
2020-04-02 00:05:08|   0.1|  0.0|INFORM|FME Configuration: Reader type is `NULL'
2020-04-02 00:05:08|   0.1|  0.0|INFORM|FME Configuration: Writer type is `MULTI_WRITER'
2020-04-02 00:05:08|   0.1|  0.0|INFORM|FME Configuration: No destination coordinate system set
2020-04-02 00:05:08|   0.1|  0.0|INFORM|FME Configuration: Current working folder is `C:\COA\bedrock\working_directory\workorders'
2020-04-02 00:05:08|   0.1|  0.0|INFORM|FME Configuration: Temporary folder is `C:\Users\MSSQLG~1\AppData\Local\Temp', set from environment variable `TEMP'
2020-04-02 00:05:08|   0.1|  0.0|INFORM|FME Configuration: FME_HOME is `c:\FME2017\'
2020-04-02 00:05:08|   0.1|  0.0|INFORM|FME Configuration: FME_BASE is 'no'
2020-04-02 00:05:08|   0.1|  0.0|INFORM|FME Configuration: FME_MF_DIR is 'C:\COA\bedrock\working_directory\workorders/'
2020-04-02 00:05:08|   0.1|  0.0|INFORM|FME Configuration: FME_MF_NAME is 'trackitTOwh.fmw'
2020-04-02 00:05:08|   0.1|  0.0|INFORM|FME Configuration: FME_PRODUCT_NAME is 'FME(R) 2017.1.1.1'
2020-04-02 00:05:08|   0.1|  0.0|INFORM|System Status: 95.11 GB of disk space available in the FME temporary folder (C:\Users\MSSQLG~1\AppData\Local\Temp)
2020-04-02 00:05:08|   0.1|  0.0|INFORM|System Status: 4.00 GB of virtual memory available
2020-04-02 00:05:08|   0.1|  0.0|INFORM|Operating System: Microsoft Windows Server 2012 R2 Server 4.0 64-bit  (Build 9600)
2020-04-02 00:05:08|   0.1|  0.0|INFORM|FME Platform: WIN32
2020-04-02 00:05:08|   0.1|  0.0|INFORM|Locale: en_US
2020-04-02 00:05:08|   0.1|  0.0|INFORM|Code Page: 1252  (ANSI - Latin I)
2020-04-02 00:05:08|   0.1|  0.0|INFORM|FME Configuration: Process limits are 8.00 GB of physical memory and 4.00 GB of address space
2020-04-02 00:05:08|   0.1|  0.0|INFORM|FME Configuration: Start freeing memory when process usage exceeds 2.83 GB of memory or 3.41 GB of address space
2020-04-02 00:05:08|   0.1|  0.0|INFORM|FME Configuration: Stop freeing memory when process usage is below 2.12 GB of memory and 2.56 GB of address space
2020-04-02 00:05:09|   0.2|  0.1|INFORM|Creating writer for format: 
2020-04-02 00:05:09|   0.3|  0.0|INFORM|Creating reader for format: NULL (Nothing)
2020-04-02 00:05:09|   0.3|  0.0|INFORM|Trying to find a DYNAMIC plugin for reader named `NULL'
2020-04-02 00:05:09|   0.3|  0.0|INFORM|Loaded module 'NULL' from file 'c:\FME2017\plugins/NULL.dll'
2020-04-02 00:05:09|   0.3|  0.0|INFORM|FME API version of module 'NULL' matches current internal version (3.8 20170315)
2020-04-02 00:05:09|   0.3|  0.0|INFORM|Using MultiWriter with keyword `MULTI_WRITER' to output data (ID_ATTRIBUTE is `multi_writer_id')
2020-04-02 00:05:09|   0.3|  0.0|INFORM|Writer output will be ordered by value of multi_writer_id
2020-04-02 00:05:09|   0.3|  0.0|INFORM|Loaded module 'QueryFactory' from file 'c:\FME2017\plugins/QueryFactory.dll'
2020-04-02 00:05:09|   0.3|  0.0|INFORM|FME API version of module 'QueryFactory' matches current internal version (3.8 20170315)
2020-04-02 00:05:09|   0.3|  0.0|INFORM|Emptying factory pipeline
2020-04-02 00:05:10|   1.7|  1.3|INFORM|FME Configuration: Named Connection Storage: 'C:\Users\mssqlgisadmin\AppData\Roaming\Safe Software\FME\'
2020-04-02 00:05:10|   1.7|  0.0|INFORM|FME Configuration: Using Named Connection values from 'TrackIT' for R_1
2020-04-02 00:05:10|   1.7|  0.0|INFORM|Creating reader for format: Microsoft SQL Server Non-Spatial
2020-04-02 00:05:10|   1.7|  0.0|INFORM|Trying to find a DYNAMIC plugin for reader named `MSSQL_ADO'
2020-04-02 00:05:10|   1.7|  0.0|INFORM|Loaded module 'MSSQL_ADO' from file 'c:\FME2017\plugins/FME_ADO.dll'
2020-04-02 00:05:10|   1.7|  0.0|INFORM|FME API version of module 'MSSQL_ADO' matches current internal version (3.8 20170315)
2020-04-02 00:05:10|   1.7|  0.0|INFORM|Performing query against MSSQL_ADO dataset `TrackIT'
2020-04-02 00:05:10|   1.7|  0.0|INFORM|Microsoft SQL Server Non-Spatial Reader: Opening `TRACKIT_DATA_PROD' for read operation
2020-04-02 00:05:10|   1.7|  0.0|INFORM|Microsoft SQL Server Non-Spatial Reader: Trying to connect using SQL Server 2012 Native Client...
2020-04-02 00:05:12|   2.0|  0.3|INFORM|FME Configuration: Using Named Connection values from 'mda-store-1' for POSTGRES_1
2020-04-02 00:05:12|   2.0|  0.0|INFORM|Creating writer for format: PostgreSQL
2020-04-02 00:05:12|   2.1|  0.1|INFORM|Trying to find a DYNAMIC plugin for writer named `POSTGRES'
2020-04-02 00:05:12|   2.1|  0.0|INFORM|Loaded module 'POSTGRES' from file 'c:\FME2017\plugins/POSTGIS.dll'
2020-04-02 00:05:12|   2.1|  0.0|INFORM|FME API version of module 'POSTGRES' matches current internal version (3.8 20170315)
2020-04-02 00:05:12|   2.1|  0.0|INFORM|FME Configuration: No destination coordinate system set
2020-04-02 00:05:12|   2.1|  0.0|INFORM|FME API version of module 'POSTGRES' matches current internal version (3.8 20170315)
2020-04-02 00:05:12|   2.1|  0.0|INFORM|Writer `POSTGRES_1' of type `POSTGRES' using group definition keyword `POSTGRES_1_DEF'
2020-04-02 00:05:12|   2.1|  0.0|INFORM|FME API version of module 'POSTGRES' matches current internal version (3.8 20170315)
2020-04-02 00:05:12|   2.1|  0.0|INFORM|Opening POSTGRES writer for dataset 'mdastore1'...
2020-04-02 00:05:13|   3.2|  1.1|INFORM|PostGIS client encoding: 'UTF8'
2020-04-02 00:05:14|   3.2|  0.0|INFORM|PostgreSQL 10.4 on x86_64-pc-linux-gnu, compiled by gcc (GCC) 4.8.3 20140911 (Red Hat 4.8.3-9), 64-bit
2020-04-02 00:05:14|   3.2|  0.0|INFORM|Testing for the existence of table 'internal.workorders'...
2020-04-02 00:05:14|   3.2|  0.0|INFORM|Truncating existing table 'internal.workorders'...
2020-04-02 00:05:14|   3.2|  0.0|INFORM|Using existing table 'internal.workorders'
2020-04-02 00:05:14|   3.2|  0.0|INFORM|POSTGRES Writer: Creating 'streaming Bulk Copy' feature type processor for feature type 'internal.workorders'
2020-04-02 00:05:15|   4.1|  0.9|INFORM|Committed transaction at feature '1000'
2020-04-02 00:05:16|   5.0|  1.0|INFORM|Committed transaction at feature '2000'
2020-04-02 00:05:17|   5.9|  0.9|INFORM|Committed transaction at feature '3000'
2020-04-02 00:05:18|   6.8|  0.9|INFORM|Committed transaction at feature '4000'
2020-04-02 00:05:19|   7.8|  0.9|INFORM|Committed transaction at feature '5000'
2020-04-02 00:05:20|   8.7|  0.9|INFORM|Committed transaction at feature '6000'
2020-04-02 00:05:21|   9.6|  0.9|INFORM|Committed transaction at feature '7000'
2020-04-02 00:05:22|  10.5|  0.9|INFORM|Committed transaction at feature '8000'
2020-04-02 00:05:23|  11.4|  0.9|INFORM|Committed transaction at feature '9000'
2020-04-02 00:05:24|  12.3|  0.9|INFORM|Committed transaction at feature '10000'
2020-04-02 00:05:25|  13.2|  0.9|INFORM|Committed transaction at feature '11000'
2020-04-02 00:05:26|  14.1|  0.9|INFORM|Committed transaction at feature '12000'
2020-04-02 00:05:27|  15.0|  0.9|INFORM|Committed transaction at feature '13000'
2020-04-02 00:05:28|  15.9|  0.9|INFORM|Committed transaction at feature '14000'
2020-04-02 00:05:29|  16.7|  0.9|INFORM|Committed transaction at feature '15000'
2020-04-02 00:05:30|  17.6|  0.9|INFORM|Committed transaction at feature '16000'
2020-04-02 00:05:31|  18.5|  0.9|INFORM|Committed transaction at feature '17000'
2020-04-02 00:05:32|  19.5|  1.0|INFORM|Committed transaction at feature '18000'
2020-04-02 00:05:33|  20.4|  0.9|INFORM|Committed transaction at feature '19000'
2020-04-02 00:05:34|  21.3|  0.9|INFORM|Committed transaction at feature '20000'
2020-04-02 00:05:35|  22.1|  0.9|INFORM|Committed transaction at feature '21000'
2020-04-02 00:05:36|  23.0|  0.9|INFORM|Committed transaction at feature '22000'
2020-04-02 00:05:37|  23.9|  0.9|INFORM|Committed transaction at feature '23000'
2020-04-02 00:05:38|  24.9|  0.9|INFORM|Committed transaction at feature '24000'
2020-04-02 00:05:39|  25.8|  1.0|INFORM|Committed transaction at feature '25000'
2020-04-02 00:05:40|  26.8|  0.9|INFORM|Committed transaction at feature '26000'
2020-04-02 00:05:41|  27.6|  0.9|INFORM|Committed transaction at feature '27000'
2020-04-02 00:05:42|  28.6|  0.9|INFORM|Committed transaction at feature '28000'
2020-04-02 00:05:43|  29.5|  0.9|INFORM|Committed transaction at feature '29000'
2020-04-02 00:05:44|  30.4|  0.9|INFORM|Committed transaction at feature '30000'
2020-04-02 00:05:45|  31.4|  1.0|INFORM|Committed transaction at feature '31000'
2020-04-02 00:05:46|  32.3|  0.9|INFORM|Committed transaction at feature '32000'
2020-04-02 00:05:47|  33.4|  1.2|INFORM|Committed transaction at feature '33000'
2020-04-02 00:05:48|  34.3|  0.9|INFORM|Committed transaction at feature '34000'
2020-04-02 00:05:50|  35.6|  1.3|INFORM|Committed transaction at feature '35000'
2020-04-02 00:05:51|  37.2|  1.5|INFORM|Committed transaction at feature '36000'
2020-04-02 00:05:52|  38.1|  0.9|INFORM|Committed transaction at feature '37000'
2020-04-02 00:05:54|  39.5|  1.5|INFORM|Committed transaction at feature '38000'
2020-04-02 00:05:55|  40.8|  1.3|INFORM|Committed transaction at feature '39000'
2020-04-02 00:05:56|  41.7|  0.9|INFORM|Committed transaction at feature '40000'
2020-04-02 00:05:57|  42.6|  0.9|INFORM|Committed transaction at feature '41000'
2020-04-02 00:05:58|  43.5|  1.0|INFORM|Committed transaction at feature '42000'
2020-04-02 00:06:00|  44.5|  1.0|INFORM|Committed transaction at feature '43000'
2020-04-02 00:06:01|  45.5|  1.0|INFORM|Committed transaction at feature '44000'
2020-04-02 00:06:02|  46.5|  1.0|INFORM|Committed transaction at feature '45000'
2020-04-02 00:06:04|  47.5|  1.0|INFORM|Committed transaction at feature '46000'
2020-04-02 00:06:05|  48.5|  1.0|INFORM|Committed transaction at feature '47000'
2020-04-02 00:06:06|  49.5|  1.0|INFORM|Committed transaction at feature '48000'
2020-04-02 00:06:07|  50.5|  1.0|INFORM|Committed transaction at feature '49000'
2020-04-02 00:06:09|  51.4|  0.9|INFORM|Committed transaction at feature '50000'
2020-04-02 00:06:11|  53.0|  1.6|INFORM|Committed transaction at feature '51000'
2020-04-02 00:06:12|  54.0|  1.1|INFORM|Committed transaction at feature '52000'
2020-04-02 00:06:13|  55.1|  1.1|INFORM|Committed transaction at feature '53000'
2020-04-02 00:06:14|  56.3|  1.2|INFORM|Committed transaction at feature '54000'
2020-04-02 00:06:16|  57.4|  1.1|INFORM|Committed transaction at feature '55000'
2020-04-02 00:06:17|  58.5|  1.1|INFORM|Committed transaction at feature '56000'
2020-04-02 00:06:18|  60.0|  1.5|INFORM|Committed transaction at feature '57000'
2020-04-02 00:06:20|  61.0|  1.0|INFORM|Committed transaction at feature '58000'
2020-04-02 00:06:21|  62.2|  1.2|INFORM|Committed transaction at feature '59000'
2020-04-02 00:06:22|  63.2|  1.0|INFORM|Committed transaction at feature '60000'
2020-04-02 00:06:23|  64.2|  1.0|INFORM|Committed transaction at feature '61000'
2020-04-02 00:06:24|  65.4|  1.2|INFORM|Committed transaction at feature '62000'
2020-04-02 00:06:26|  67.0|  1.6|INFORM|Committed transaction at feature '63000'
2020-04-02 00:06:34|  75.0|  8.0|INFORM|Committed transaction at feature '64000'
2020-04-02 00:06:36|  76.5|  1.5|INFORM|Committed transaction at feature '65000'
2020-04-02 00:06:37|  77.5|  1.0|INFORM|Committed transaction at feature '66000'
2020-04-02 00:06:38|  78.5|  1.0|INFORM|Committed transaction at feature '67000'
2020-04-02 00:06:39|  79.4|  0.9|INFORM|Committed transaction at feature '68000'
2020-04-02 00:06:40|  80.3|  0.9|INFORM|Committed transaction at feature '69000'
2020-04-02 00:06:41|  81.3|  1.0|INFORM|Committed transaction at feature '70000'
2020-04-02 00:06:42|  82.2|  0.9|INFORM|Committed transaction at feature '71000'
2020-04-02 00:06:43|  83.2|  1.0|INFORM|Committed transaction at feature '72000'
2020-04-02 00:06:44|  84.3|  1.1|INFORM|Committed transaction at feature '73000'
2020-04-02 00:06:45|  85.3|  1.0|INFORM|Committed transaction at feature '74000'
2020-04-02 00:06:46|  86.3|  1.0|INFORM|Committed transaction at feature '75000'
2020-04-02 00:06:47|  87.3|  1.0|INFORM|Committed transaction at feature '76000'
2020-04-02 00:06:48|  88.2|  1.0|INFORM|Committed transaction at feature '77000'
2020-04-02 00:06:49|  89.2|  1.0|INFORM|Committed transaction at feature '78000'
2020-04-02 00:06:50|  90.2|  1.0|INFORM|Committed transaction at feature '79000'
2020-04-02 00:06:51|  91.2|  1.0|INFORM|Committed transaction at feature '80000'
2020-04-02 00:06:52|  92.1|  1.0|INFORM|Committed transaction at feature '81000'
2020-04-02 00:06:53|  93.1|  1.0|INFORM|Committed transaction at feature '82000'
2020-04-02 00:06:54|  94.1|  1.0|INFORM|Committed transaction at feature '83000'
2020-04-02 00:06:56|  95.0|  0.9|INFORM|Committed transaction at feature '84000'
2020-04-02 00:06:57|  95.9|  0.9|INFORM|Committed transaction at feature '85000'
2020-04-02 00:06:58|  96.8|  0.9|INFORM|Committed transaction at feature '86000'
2020-04-02 00:06:59|  97.8|  1.0|INFORM|Committed transaction at feature '87000'
2020-04-02 00:07:00|  98.8|  1.0|INFORM|Committed transaction at feature '88000'
2020-04-02 00:07:01|  99.8|  1.0|INFORM|Committed transaction at feature '89000'
2020-04-02 00:07:02| 100.8|  1.0|INFORM|Committed transaction at feature '90000'
2020-04-02 00:07:03| 101.7|  1.0|INFORM|Committed transaction at feature '91000'
2020-04-02 00:07:04| 102.7|  1.0|INFORM|Committed transaction at feature '92000'
2020-04-02 00:07:05| 103.6|  0.9|INFORM|Committed transaction at feature '93000'
2020-04-02 00:07:07| 104.6|  1.0|INFORM|Committed transaction at feature '94000'
2020-04-02 00:07:08| 105.5|  0.9|INFORM|Committed transaction at feature '95000'
2020-04-02 00:07:09| 106.5|  0.9|INFORM|Committed transaction at feature '96000'
2020-04-02 00:07:11| 107.6|  1.1|INFORM|Committed transaction at feature '97000'
2020-04-02 00:07:12| 108.6|  1.0|INFORM|Committed transaction at feature '98000'
2020-04-02 00:07:13| 109.5|  0.9|INFORM|Committed transaction at feature '99000'
2020-04-02 00:07:14| 110.4|  0.9|INFORM|Committed transaction at feature '100000'
2020-04-02 00:07:15| 111.3|  0.9|INFORM|Committed transaction at feature '101000'
2020-04-02 00:07:16| 112.3|  0.9|INFORM|Committed transaction at feature '102000'
2020-04-02 00:07:17| 113.2|  0.9|INFORM|Committed transaction at feature '103000'
2020-04-02 00:07:18| 114.2|  1.0|INFORM|Committed transaction at feature '104000'
2020-04-02 00:07:19| 115.2|  1.0|INFORM|Committed transaction at feature '105000'
2020-04-02 00:07:20| 116.2|  1.0|INFORM|Committed transaction at feature '106000'
2020-04-02 00:07:21| 117.2|  1.0|INFORM|Committed transaction at feature '107000'
2020-04-02 00:07:22| 118.1|  0.9|INFORM|Committed transaction at feature '108000'
2020-04-02 00:07:23| 119.0|  1.0|INFORM|Committed transaction at feature '109000'
2020-04-02 00:07:24| 119.9|  0.9|INFORM|Committed transaction at feature '110000'
2020-04-02 00:07:25| 120.8|  0.9|INFORM|Committed transaction at feature '111000'
2020-04-02 00:07:26| 121.9|  1.0|INFORM|Committed transaction at feature '112000'
2020-04-02 00:07:27| 122.8|  0.9|INFORM|Committed transaction at feature '113000'
2020-04-02 00:07:28| 123.7|  0.9|INFORM|Committed transaction at feature '114000'
2020-04-02 00:07:29| 124.7|  1.0|INFORM|Committed transaction at feature '115000'
2020-04-02 00:07:30| 125.6|  0.9|INFORM|Committed transaction at feature '116000'
2020-04-02 00:07:31| 126.5|  0.9|INFORM|Committed transaction at feature '117000'
2020-04-02 00:07:32| 127.4|  0.9|INFORM|Committed transaction at feature '118000'
2020-04-02 00:07:33| 128.3|  0.9|INFORM|Committed transaction at feature '119000'
2020-04-02 00:07:34| 129.1|  0.8|INFORM|Committed transaction at feature '120000'
2020-04-02 00:07:35| 130.1|  1.0|INFORM|Committed transaction at feature '121000'
2020-04-02 00:07:36| 131.0|  0.9|INFORM|Committed transaction at feature '122000'
2020-04-02 00:07:37| 131.9|  0.9|INFORM|Committed transaction at feature '123000'
2020-04-02 00:07:38| 132.7|  0.8|INFORM|Committed transaction at feature '124000'
2020-04-02 00:07:38| 133.3|  0.5|INFORM|Microsoft SQL Server Non-Spatial Reader: Database read complete.  Retrieved 124599 feature(s)
2020-04-02 00:07:38| 133.3|  0.0|STATS |SQLCreator_Creator(CreationFactory): Created 1 features
2020-04-02 00:07:38| 133.3|  0.0|INFORM|Microsoft SQL Server Non-Spatial Reader: Closing `TRACKIT_DATA_PROD' . Read operation complete
2020-04-02 00:07:38| 133.3|  0.0|STATS |SQLCreator <REJECTED> Output Nuker(TeeFactory): Cloned 0 input feature(s) into 0 output feature(s)
2020-04-02 00:07:38| 133.3|  0.0|STATS |SQLCreator_RESULT Brancher -1 6(BranchingFactory): Branched 124599 input features -- 124599 features routed to the target factory, and 0 features routed to the fallback factory.
2020-04-02 00:07:38| 133.3|  0.0|STATS |SQLCreator_<Rejected>(TeeFactory): Cloned 0 input feature(s) into 0 output feature(s)
2020-04-02 00:07:38| 133.3|  0.0|STATS |_CREATOR_BRANCH_TARGET(TeeFactory): Cloned 124599 input feature(s) into 124599 output feature(s)
2020-04-02 00:07:38| 133.3|  0.0|STATS |Destination Feature Type Routing Correlator(RoutingFactory): Tested 124599 input feature(s), wrote 124599 output feature(s): 0 matched merge filters, 124599 were routed to output, 0 could not be routed.
2020-04-02 00:07:38| 133.3|  0.0|STATS |Final Output Nuker(TeeFactory): Cloned 0 input feature(s) into 0 output feature(s)
2020-04-02 00:07:39| 133.3|  0.0|INFORM|Successfully closed POSTGRES database writer
2020-04-02 00:07:39| 133.3|  0.0|INFORM|=-=-=-=-=-=-=-=-=-=-=-=-=-=-=-=-=-=-=-=-=-=-=-=-=-=-=-=-=-=-=-=-=-=-=-=-=-=-=-
2020-04-02 00:07:39| 133.3|  0.0|INFORM|Feature output statistics for `POSTGRES' writer using keyword `POSTGRES_1':
2020-04-02 00:07:39| 133.3|  0.0|STATS |=-=-=-=-=-=-=-=-=-=-=-=-=-=-=-=-=-=-=-=-=-=-=-=-=-=-=-=-=-=-=-=-=-=-=-=-=-=-=-
2020-04-02 00:07:39| 133.3|  0.0|STATS |                               Features Written
2020-04-02 00:07:39| 133.3|  0.0|STATS |=-=-=-=-=-=-=-=-=-=-=-=-=-=-=-=-=-=-=-=-=-=-=-=-=-=-=-=-=-=-=-=-=-=-=-=-=-=-=-
2020-04-02 00:07:39| 133.3|  0.0|STATS |internal.workorders                                                     124599
2020-04-02 00:07:39| 133.3|  0.0|STATS |==============================================================================
2020-04-02 00:07:39| 133.3|  0.0|STATS |Total Features Written                                                  124599
2020-04-02 00:07:39| 133.3|  0.0|STATS |=-=-=-=-=-=-=-=-=-=-=-=-=-=-=-=-=-=-=-=-=-=-=-=-=-=-=-=-=-=-=-=-=-=-=-=-=-=-=-
2020-04-02 00:07:39| 133.3|  0.0|STATS |=-=-=-=-=-=-=-=-=-=-=-=-=-=-=-=-=-=-=-=-=-=-=-=-=-=-=-=-=-=-=-=-=-=-=-=-=-=-=-
2020-04-02 00:07:39| 133.3|  0.0|STATS |                            Features Read Summary
2020-04-02 00:07:39| 133.3|  0.0|STATS |=-=-=-=-=-=-=-=-=-=-=-=-=-=-=-=-=-=-=-=-=-=-=-=-=-=-=-=-=-=-=-=-=-=-=-=-=-=-=-
2020-04-02 00:07:39| 133.3|  0.0|STATS |==============================================================================
2020-04-02 00:07:39| 133.3|  0.0|STATS |Total Features Read                                                          0
2020-04-02 00:07:39| 133.3|  0.0|STATS |=-=-=-=-=-=-=-=-=-=-=-=-=-=-=-=-=-=-=-=-=-=-=-=-=-=-=-=-=-=-=-=-=-=-=-=-=-=-=-
2020-04-02 00:07:39| 133.3|  0.0|STATS |=-=-=-=-=-=-=-=-=-=-=-=-=-=-=-=-=-=-=-=-=-=-=-=-=-=-=-=-=-=-=-=-=-=-=-=-=-=-=-
2020-04-02 00:07:39| 133.3|  0.0|STATS |                           Features Written Summary
2020-04-02 00:07:39| 133.3|  0.0|STATS |=-=-=-=-=-=-=-=-=-=-=-=-=-=-=-=-=-=-=-=-=-=-=-=-=-=-=-=-=-=-=-=-=-=-=-=-=-=-=-
2020-04-02 00:07:39| 133.3|  0.0|STATS |internal.workorders                                                     124599
2020-04-02 00:07:39| 133.3|  0.0|STATS |==============================================================================
2020-04-02 00:07:39| 133.3|  0.0|STATS |Total Features Written                                                  124599
2020-04-02 00:07:39| 133.3|  0.0|STATS |=-=-=-=-=-=-=-=-=-=-=-=-=-=-=-=-=-=-=-=-=-=-=-=-=-=-=-=-=-=-=-=-=-=-=-=-=-=-=-
2020-04-02 00:07:39| 133.3|  0.0|INFORM|Translation was SUCCESSFUL with 0 warning(s) (124599 feature(s) output)
2020-04-02 00:07:39| 133.3|  0.0|INFORM|FME Session Duration: 2 minutes 30.4 seconds. (CPU: 131.0s user, 2.2s system)
2020-04-02 00:07:39| 133.3|  0.0|INFORM|END - ProcessID: 6856, peak process memory usage: 129148 kB, current process memory usage: 99748 kB
