2019-04-11 07:49:43|   0.1|  0.1|INFORM|FME 2017.1.1.1 (20171014 - Build 17652 - WIN32)
2019-04-11 07:49:43|   0.1|  0.0|INFORM|FME_HOME is 'C:\FME2017\'
2019-04-11 07:49:43|   0.1|  0.0|INFORM|FME Desktop ESRI Edition (floating)
2019-04-11 07:49:43|   0.1|  0.0|INFORM|Permanent License.
2019-04-11 07:49:43|   0.1|  0.0|INFORM|Machine host name is: coa-gis-fme2
2019-04-11 07:49:43|   0.1|  0.0|INFORM|START - ProcessID: 816, peak process memory usage: 29144 kB, current process memory usage: 29132 kB
2019-04-11 07:49:43|   0.1|  0.0|INFORM|FME Configuration: Command line arguments are `C:\FME2017\fme.exe' `C:/COA/bedrock/working_directory/fire_pr_accrual_hours_balances.pub\wb-xlate-1554983379494_6932' `LOG_STANDARDOUT' `YES' `LogCountServerName' `{e8ebd2a8-6f2f-43b9-be37-5b7945b3a0f7}'
2019-04-11 07:49:43|   0.2|  0.1|INFORM|Shared folders for formats are : C:\FME2017\datasources;C:\Users\mssqlgisadmin\Documents\FME\Formats
2019-04-11 07:49:43|   0.2|  0.0|INFORM|Shared folders for transformers are : C:\FME2017\transformers;C:\Users\mssqlgisadmin\Documents\FME\Transformers;C:\Users\mssqlgisadmin\AppData\Roaming\Safe Software\FME\FME Store\Transformers
2019-04-11 07:49:43|   0.2|  0.0|INFORM|Shared folders for coordinate systems are : C:\Users\mssqlgisadmin\Documents\FME\CoordinateSystems
2019-04-11 07:49:43|   0.2|  0.0|INFORM|Shared folders for coordinate system exceptions are : C:\Users\mssqlgisadmin\Documents\FME\CoordinateSystemExceptions
2019-04-11 07:49:43|   0.2|  0.0|INFORM|Shared folders for coordinate system grid overrides are : C:\Users\mssqlgisadmin\Documents\FME\CoordinateSystemGridOverrides
2019-04-11 07:49:43|   0.2|  0.0|INFORM|Shared folders for CS-MAP transformation exceptions are : C:\Users\mssqlgisadmin\Documents\FME\CsmapTransformationExceptions
2019-04-11 07:49:43|   0.2|  0.0|INFORM|Shared folders for transformer categories are : C:\Users\mssqlgisadmin\Documents\FME\TransformerCategories
2019-04-11 07:49:43|   0.2|  0.0|INFORM|FME Configuration: Reader Keyword is `POSTGRES_1'
2019-04-11 07:49:43|   0.2|  0.0|INFORM|FME Configuration: Writer Keyword is `MULTI_WRITER'
2019-04-11 07:49:43|   0.2|  0.0|INFORM|FME Configuration: Writer Group Definition Keyword is `MULTI_WRITER_DEF'
2019-04-11 07:49:43|   0.2|  0.0|INFORM|FME Configuration: Reader type is `POSTGRES'
2019-04-11 07:49:43|   0.2|  0.0|INFORM|FME Configuration: Writer type is `MULTI_WRITER'
2019-04-11 07:49:43|   0.2|  0.0|INFORM|FME Configuration: No destination coordinate system set
2019-04-11 07:49:43|   0.2|  0.0|INFORM|FME Configuration: Current working folder is `C:\COA\bedrock\working_directory\fire_pr_accrual_hours_balances.pub'
2019-04-11 07:49:43|   0.2|  0.0|INFORM|FME Configuration: Temporary folder is `C:\Users\MSSQLG~1\AppData\Local\Temp\2', set from environment variable `TEMP'
2019-04-11 07:49:43|   0.2|  0.0|INFORM|FME Configuration: FME_HOME is `C:\FME2017\'
2019-04-11 07:49:43|   0.2|  0.0|INFORM|FME Configuration: FME_BASE is 'no'
2019-04-11 07:49:43|   0.2|  0.0|INFORM|FME Configuration: FME_MF_DIR is 'C:\COA\bedrock\working_directory\fire_pr_accrual_hours_balances.pub/'
2019-04-11 07:49:43|   0.2|  0.0|INFORM|FME Configuration: FME_MF_NAME is 'mdastore1TOcoa-publicdb1_fire_pr_accrual_hours_balances.fmw'
2019-04-11 07:49:43|   0.2|  0.0|INFORM|FME Configuration: FME_PRODUCT_NAME is 'FME(R) 2017.1.1.1'
2019-04-11 07:49:43|   0.2|  0.0|INFORM|System Status: 110.53 GB of disk space available in the FME temporary folder (C:\Users\MSSQLG~1\AppData\Local\Temp\2)
2019-04-11 07:49:43|   0.2|  0.0|INFORM|System Status: 4.00 GB of virtual memory available
2019-04-11 07:49:43|   0.2|  0.0|INFORM|Operating System: Microsoft Windows Server 2012 R2 Server 4.0 64-bit  (Build 9600)
2019-04-11 07:49:43|   0.2|  0.0|INFORM|FME Platform: WIN32
2019-04-11 07:49:43|   0.2|  0.0|INFORM|Locale: en_US
2019-04-11 07:49:43|   0.2|  0.0|INFORM|Code Page: 1252  (ANSI - Latin I)
2019-04-11 07:49:43|   0.2|  0.0|INFORM|FME Configuration: Process limits are 8.00 GB of physical memory and 4.00 GB of address space
2019-04-11 07:49:43|   0.2|  0.0|INFORM|FME Configuration: Start freeing memory when process usage exceeds 2.83 GB of memory or 3.41 GB of address space
2019-04-11 07:49:43|   0.2|  0.0|INFORM|FME Configuration: Stop freeing memory when process usage is below 2.12 GB of memory and 2.56 GB of address space
2019-04-11 07:49:43|   0.3|  0.1|INFORM|Creating writer for format: 
2019-04-11 07:49:44|   1.6|  1.4|INFORM|FME Configuration: Named Connection Storage: 'C:\Users\mssqlgisadmin\AppData\Roaming\Safe Software\FME\'
2019-04-11 07:49:44|   1.6|  0.0|INFORM|FME Configuration: Using Named Connection values from 'mda-store-1' for POSTGRES_1
2019-04-11 07:49:44|   1.6|  0.0|INFORM|Creating reader for format: PostgreSQL
2019-04-11 07:49:44|   1.7|  0.1|INFORM|Trying to find a DYNAMIC plugin for reader named `POSTGRES'
2019-04-11 07:49:44|   1.7|  0.0|WARN  |Error prepending '<FME_HOME>/plugins/' to path environment variable.  The addition may not exist, or on Windows the resulting path may be longer than 2047 characters
2019-04-11 07:49:44|   1.7|  0.0|INFORM|Loaded module 'POSTGRES' from file 'C:\FME2017\plugins/POSTGIS.dll'
2019-04-11 07:49:44|   1.7|  0.0|INFORM|FME API version of module 'POSTGRES' matches current internal version (3.8 20170315)
2019-04-11 07:49:44|   1.7|  0.0|INFORM|Opening POSTGRES reader for dataset 'mdastore1'
2019-04-11 07:49:46|   2.8|  1.1|INFORM|PostGIS client encoding: 'UTF8'
2019-04-11 07:49:46|   2.8|  0.0|INFORM|PostgreSQL 10.4 on x86_64-pc-linux-gnu, compiled by gcc (GCC) 4.8.3 20140911 (Red Hat 4.8.3-9), 64-bit
2019-04-11 07:49:46|   2.8|  0.0|INFORM|Using MultiWriter with keyword `MULTI_WRITER' to output data (ID_ATTRIBUTE is `multi_writer_id')
2019-04-11 07:49:46|   2.8|  0.0|INFORM|Writer output will be ordered by value of multi_writer_id
2019-04-11 07:49:46|   2.8|  0.0|INFORM|Loaded module 'LogCount_func' from file 'C:\FME2017\plugins/LogCount_func.dll'
2019-04-11 07:49:46|   2.8|  0.0|INFORM|FME API version of module 'LogCount_func' matches current internal version (3.8 20170315)
2019-04-11 07:49:46|   2.9|  0.0|INFORM|Reading POSTGRES table: 'bc.fire_pr_accrual_hours_balances'...
2019-04-11 07:49:46|   3.0|  0.1|INFORM|FME Configuration: Using Named Connection values from 'coa-publicdb1' for POSTGRES_2
2019-04-11 07:49:46|   3.0|  0.0|INFORM|Creating writer for format: PostgreSQL
2019-04-11 07:49:46|   3.0|  0.0|INFORM|Trying to find a DYNAMIC plugin for writer named `POSTGRES'
2019-04-11 07:49:46|   3.0|  0.0|INFORM|FME API version of module 'POSTGRES' matches current internal version (3.8 20170315)
2019-04-11 07:49:46|   3.0|  0.0|INFORM|FME Configuration: No destination coordinate system set
2019-04-11 07:49:46|   3.0|  0.0|INFORM|FME API version of module 'POSTGRES' matches current internal version (3.8 20170315)
2019-04-11 07:49:46|   3.0|  0.0|INFORM|Writer `POSTGRES_2' of type `POSTGRES' using group definition keyword `POSTGRES_2_DEF'
2019-04-11 07:49:46|   3.0|  0.0|INFORM|FME API version of module 'POSTGRES' matches current internal version (3.8 20170315)
2019-04-11 07:49:46|   3.0|  0.0|INFORM|Opening POSTGRES writer for dataset 'coa_share'...
2019-04-11 07:49:47|   3.0|  0.0|INFORM|PostGIS client encoding: 'UTF8'
2019-04-11 07:49:47|   3.0|  0.0|INFORM|PostgreSQL 10.4 on x86_64-pc-linux-gnu, compiled by gcc (GCC) 4.8.3 20140911 (Red Hat 4.8.3-9), 64-bit
2019-04-11 07:49:47|   3.0|  0.0|INFORM|Testing for the existence of table 'bc.fire_pr_accrual_hours_balances'...
2019-04-11 07:49:47|   3.0|  0.0|INFORM|Truncating existing table 'bc.fire_pr_accrual_hours_balances'...
2019-04-11 07:49:47|   3.0|  0.0|INFORM|Using existing table 'bc.fire_pr_accrual_hours_balances'
2019-04-11 07:49:48|   3.0|  0.0|INFORM|POSTGRES Writer: Creating 'streaming Bulk Copy' feature type processor for feature type 'bc.fire_pr_accrual_hours_balances'
2019-04-11 07:49:48|   3.0|  0.0|INFORM|Emptying factory pipeline
2019-04-11 07:49:48|   3.0|  0.0|STATS |Router and Unexpected Input Remover(RoutingFactory): Tested 283 input feature(s), wrote 283 output feature(s): 283 matched merge filters, 283 were routed to output, 0 could not be routed.
2019-04-11 07:49:48|   3.0|  0.0|STATS |Unexpected Input Remover Nuker(TeeFactory): Cloned 0 input feature(s) into 0 output feature(s)
2019-04-11 07:49:48|   3.0|  0.0|STATS |bc.fire_pr_accrual_hours_balances (POSTGRES_1) Splitter(TeeFactory): Cloned 283 input feature(s) into 283 output feature(s)
2019-04-11 07:49:48|   3.0|  0.0|STATS |bc.fire_pr_accrual_hours_balances_POSTGRES_1 Feature Counter -1 7(TeeFactory): Cloned 283 input feature(s) into 283 output feature(s)
2019-04-11 07:49:48|   3.0|  0.0|STATS |Destination Feature Type Routing Correlator(RoutingFactory): Tested 283 input feature(s), wrote 283 output feature(s): 0 matched merge filters, 283 were routed to output, 0 could not be routed.
2019-04-11 07:49:48|   3.0|  0.0|STATS |Final Output Nuker(TeeFactory): Cloned 0 input feature(s) into 0 output feature(s)
2019-04-11 07:49:48|   3.0|  0.0|INFORM|Successfully closed POSTGRES database writer
2019-04-11 07:49:48|   3.0|  0.0|INFORM|=-=-=-=-=-=-=-=-=-=-=-=-=-=-=-=-=-=-=-=-=-=-=-=-=-=-=-=-=-=-=-=-=-=-=-=-=-=-=-
2019-04-11 07:49:48|   3.0|  0.0|INFORM|Feature output statistics for `POSTGRES' writer using keyword `POSTGRES_2':
2019-04-11 07:49:48|   3.0|  0.0|STATS |=-=-=-=-=-=-=-=-=-=-=-=-=-=-=-=-=-=-=-=-=-=-=-=-=-=-=-=-=-=-=-=-=-=-=-=-=-=-=-
2019-04-11 07:49:48|   3.0|  0.0|STATS |                               Features Written
2019-04-11 07:49:48|   3.0|  0.0|STATS |=-=-=-=-=-=-=-=-=-=-=-=-=-=-=-=-=-=-=-=-=-=-=-=-=-=-=-=-=-=-=-=-=-=-=-=-=-=-=-
2019-04-11 07:49:48|   3.0|  0.0|STATS |bc.fire_pr_accrual_hours_balances                                          283
2019-04-11 07:49:48|   3.0|  0.0|STATS |==============================================================================
2019-04-11 07:49:48|   3.0|  0.0|STATS |Total Features Written                                                     283
2019-04-11 07:49:48|   3.0|  0.0|STATS |=-=-=-=-=-=-=-=-=-=-=-=-=-=-=-=-=-=-=-=-=-=-=-=-=-=-=-=-=-=-=-=-=-=-=-=-=-=-=-
2019-04-11 07:49:48|   3.0|  0.0|STATS |=-=-=-=-=-=-=-=-=-=-=-=-=-=-=-=-=-=-=-=-=-=-=-=-=-=-=-=-=-=-=-=-=-=-=-=-=-=-=-
2019-04-11 07:49:48|   3.0|  0.0|STATS |                            Features Read Summary
2019-04-11 07:49:48|   3.0|  0.0|STATS |=-=-=-=-=-=-=-=-=-=-=-=-=-=-=-=-=-=-=-=-=-=-=-=-=-=-=-=-=-=-=-=-=-=-=-=-=-=-=-
2019-04-11 07:49:48|   3.0|  0.0|STATS |bc.fire_pr_accrual_hours_balances                                          283
2019-04-11 07:49:48|   3.0|  0.0|STATS |==============================================================================
2019-04-11 07:49:48|   3.0|  0.0|STATS |Total Features Read                                                        283
2019-04-11 07:49:48|   3.0|  0.0|STATS |=-=-=-=-=-=-=-=-=-=-=-=-=-=-=-=-=-=-=-=-=-=-=-=-=-=-=-=-=-=-=-=-=-=-=-=-=-=-=-
2019-04-11 07:49:48|   3.0|  0.0|STATS |=-=-=-=-=-=-=-=-=-=-=-=-=-=-=-=-=-=-=-=-=-=-=-=-=-=-=-=-=-=-=-=-=-=-=-=-=-=-=-
2019-04-11 07:49:48|   3.0|  0.0|STATS |                           Features Written Summary
2019-04-11 07:49:48|   3.0|  0.0|STATS |=-=-=-=-=-=-=-=-=-=-=-=-=-=-=-=-=-=-=-=-=-=-=-=-=-=-=-=-=-=-=-=-=-=-=-=-=-=-=-
2019-04-11 07:49:48|   3.0|  0.0|STATS |bc.fire_pr_accrual_hours_balances                                          283
2019-04-11 07:49:48|   3.0|  0.0|STATS |==============================================================================
2019-04-11 07:49:48|   3.0|  0.0|STATS |Total Features Written                                                     283
2019-04-11 07:49:48|   3.0|  0.0|STATS |=-=-=-=-=-=-=-=-=-=-=-=-=-=-=-=-=-=-=-=-=-=-=-=-=-=-=-=-=-=-=-=-=-=-=-=-=-=-=-
2019-04-11 07:49:48|   3.0|  0.0|INFORM|Successfully closed POSTGRES database reader
2019-04-11 07:49:48|   3.0|  0.0|INFORM|Successfully closed POSTGRES database reader
2019-04-11 07:49:48|   3.0|  0.0|INFORM|Translation was SUCCESSFUL with 1 warning(s) (283 feature(s) output)
2019-04-11 07:49:48|   3.0|  0.0|INFORM|FME Session Duration: 5.1 seconds. (CPU: 2.3s user, 0.6s system)
2019-04-11 07:49:48|   3.0|  0.0|INFORM|END - ProcessID: 816, peak process memory usage: 75524 kB, current process memory usage: 75384 kB
