2018-12-07 04:29:03|   0.1|  0.1|INFORM|FME 2017.1.1.1 (20171014 - Build 17652 - WIN32)
2018-12-07 04:29:03|   0.1|  0.0|INFORM|FME_HOME is 'c:\FME2017\'
2018-12-07 04:29:03|   0.1|  0.0|INFORM|FME Desktop ESRI Edition (floating)
2018-12-07 04:29:03|   0.1|  0.0|INFORM|Permanent License.
2018-12-07 04:29:03|   0.1|  0.0|INFORM|Machine host name is: coa-gis-fme2
2018-12-07 04:29:03|   0.1|  0.0|INFORM|START - ProcessID: 5508, peak process memory usage: 31476 kB, current process memory usage: 31460 kB
2018-12-07 04:29:03|   0.1|  0.0|INFORM|FME Configuration: Command line arguments are `c:\FME2017\fme' `C:\jon\bedrock\working_directory\assets\development\permit_tasks/accela_to_wh-permit_tasks.fmw'
2018-12-07 04:29:03|   0.2|  0.1|INFORM|Shared folders for formats are : c:\FME2017\datasources;C:\Users\mssqlgisadmin\Documents\FME\Formats
2018-12-07 04:29:03|   0.2|  0.0|INFORM|Shared folders for transformers are : c:\FME2017\transformers;C:\Users\mssqlgisadmin\Documents\FME\Transformers;C:\Users\mssqlgisadmin\AppData\Roaming\Safe Software\FME\FME Store\Transformers
2018-12-07 04:29:03|   0.2|  0.0|INFORM|Shared folders for coordinate systems are : C:\Users\mssqlgisadmin\Documents\FME\CoordinateSystems
2018-12-07 04:29:03|   0.2|  0.0|INFORM|Shared folders for coordinate system exceptions are : C:\Users\mssqlgisadmin\Documents\FME\CoordinateSystemExceptions
2018-12-07 04:29:03|   0.2|  0.0|INFORM|Shared folders for coordinate system grid overrides are : C:\Users\mssqlgisadmin\Documents\FME\CoordinateSystemGridOverrides
2018-12-07 04:29:03|   0.2|  0.0|INFORM|Shared folders for CS-MAP transformation exceptions are : C:\Users\mssqlgisadmin\Documents\FME\CsmapTransformationExceptions
2018-12-07 04:29:03|   0.2|  0.0|INFORM|Shared folders for transformer categories are : C:\Users\mssqlgisadmin\Documents\FME\TransformerCategories
2018-12-07 04:29:03|   0.2|  0.0|INFORM|FME Configuration: Reader Keyword is `MSSQL_ADO_1'
2018-12-07 04:29:03|   0.2|  0.0|INFORM|FME Configuration: Writer Keyword is `MULTI_WRITER'
2018-12-07 04:29:03|   0.2|  0.0|INFORM|FME Configuration: Writer Group Definition Keyword is `MULTI_WRITER_DEF'
2018-12-07 04:29:03|   0.2|  0.0|INFORM|FME Configuration: Reader type is `MSSQL_ADO'
2018-12-07 04:29:03|   0.2|  0.0|INFORM|FME Configuration: Writer type is `MULTI_WRITER'
2018-12-07 04:29:03|   0.2|  0.0|INFORM|FME Configuration: No destination coordinate system set
2018-12-07 04:29:03|   0.2|  0.0|INFORM|FME Configuration: Current working folder is `C:\jon\bedrock\working_directory\assets\development\permit_tasks'
2018-12-07 04:29:03|   0.2|  0.0|INFORM|FME Configuration: Temporary folder is `C:\Users\MSSQLG~1\AppData\Local\Temp', set from environment variable `TEMP'
2018-12-07 04:29:03|   0.2|  0.0|INFORM|FME Configuration: FME_HOME is `c:\FME2017\'
2018-12-07 04:29:03|   0.2|  0.0|INFORM|FME Configuration: FME_BASE is 'no'
2018-12-07 04:29:03|   0.2|  0.0|INFORM|FME Configuration: FME_MF_DIR is 'C:\jon\bedrock\working_directory\assets\development\permit_tasks/'
2018-12-07 04:29:03|   0.2|  0.0|INFORM|FME Configuration: FME_MF_NAME is 'accela_to_wh-permit_tasks.fmw'
2018-12-07 04:29:03|   0.2|  0.0|INFORM|FME Configuration: FME_PRODUCT_NAME is 'FME(R) 2017.1.1.1'
2018-12-07 04:29:03|   0.2|  0.0|INFORM|System Status: 116.53 GB of disk space available in the FME temporary folder (C:\Users\MSSQLG~1\AppData\Local\Temp)
2018-12-07 04:29:03|   0.2|  0.0|INFORM|System Status: 4.00 GB of virtual memory available
2018-12-07 04:29:03|   0.2|  0.0|INFORM|Operating System: Microsoft Windows Server 2012 R2 Server 4.0 64-bit  (Build 9600)
2018-12-07 04:29:03|   0.2|  0.0|INFORM|FME Platform: WIN32
2018-12-07 04:29:03|   0.2|  0.0|INFORM|Locale: en_US
2018-12-07 04:29:03|   0.2|  0.0|INFORM|Code Page: 1252  (ANSI - Latin I)
2018-12-07 04:29:03|   0.2|  0.0|INFORM|FME Configuration: Process limits are 8.00 GB of physical memory and 4.00 GB of address space
2018-12-07 04:29:03|   0.2|  0.0|INFORM|FME Configuration: Start freeing memory when process usage exceeds 2.83 GB of memory or 3.41 GB of address space
2018-12-07 04:29:03|   0.2|  0.0|INFORM|FME Configuration: Stop freeing memory when process usage is below 2.12 GB of memory and 2.56 GB of address space
2018-12-07 04:29:03|   0.3|  0.1|INFORM|Creating writer for format: 
2018-12-07 04:29:05|   1.6|  1.3|INFORM|FME Configuration: Named Connection Storage: 'C:\Users\mssqlgisadmin\AppData\Roaming\Safe Software\FME\'
2018-12-07 04:29:05|   1.6|  0.0|INFORM|FME Configuration: Using Named Connection values from '@coa-dscdb/accelaprod' for MSSQL_ADO_1
2018-12-07 04:29:05|   1.6|  0.0|INFORM|Creating reader for format: Microsoft SQL Server Non-Spatial
2018-12-07 04:29:05|   1.7|  0.1|INFORM|Trying to find a DYNAMIC plugin for reader named `MSSQL_ADO'
2018-12-07 04:29:05|   1.7|  0.0|INFORM|Loaded module 'MSSQL_ADO' from file 'c:\FME2017\plugins/FME_ADO.dll'
2018-12-07 04:29:05|   1.7|  0.0|INFORM|FME API version of module 'MSSQL_ADO' matches current internal version (3.8 20170315)
2018-12-07 04:29:05|   1.7|  0.0|INFORM|Microsoft SQL Server Non-Spatial Reader: Read 1 DEF line(s).  Found 25 attribute(s)
2018-12-07 04:29:05|   1.7|  0.0|INFORM|Microsoft SQL Server Non-Spatial Reader: Opening `accelaprod' for read operation
2018-12-07 04:29:05|   1.7|  0.0|INFORM|Microsoft SQL Server Non-Spatial Reader: Trying to connect using SQL Server 2012 Native Client...
2018-12-07 04:29:05|   1.7|  0.0|INFORM|Using MultiWriter with keyword `MULTI_WRITER' to output data (ID_ATTRIBUTE is `multi_writer_id')
2018-12-07 04:29:05|   1.7|  0.0|INFORM|Writer output will be ordered by value of multi_writer_id
2018-12-07 04:29:22|   1.8|  0.0|INFORM|Microsoft SQL Server Non-Spatial Reader: Now reading features from table amd.permit_tasks, 10 record(s) at a time
2018-12-07 04:29:22|   1.8|  0.0|WARN  |Microsoft SQL Server Non-Spatial Reader: Attribute 'record_id' not present in accelaprod:amd.permit_tasks
2018-12-07 04:29:22|   2.1|  0.3|INFORM|FME Configuration: Using Named Connection values from 'mda-store-1' for POSTGRES_2
2018-12-07 04:29:22|   2.1|  0.0|INFORM|Creating writer for format: PostgreSQL
2018-12-07 04:29:22|   2.2|  0.1|INFORM|Trying to find a DYNAMIC plugin for writer named `POSTGRES'
2018-12-07 04:29:22|   2.2|  0.0|INFORM|Loaded module 'POSTGRES' from file 'c:\FME2017\plugins/POSTGIS.dll'
2018-12-07 04:29:22|   2.2|  0.0|INFORM|FME API version of module 'POSTGRES' matches current internal version (3.8 20170315)
2018-12-07 04:29:22|   2.2|  0.0|INFORM|FME Configuration: No destination coordinate system set
2018-12-07 04:29:22|   2.2|  0.0|INFORM|FME API version of module 'POSTGRES' matches current internal version (3.8 20170315)
2018-12-07 04:29:22|   2.2|  0.0|INFORM|Writer `POSTGRES_2' of type `POSTGRES' using group definition keyword `POSTGRES_2_DEF'
2018-12-07 04:29:22|   2.2|  0.0|INFORM|FME API version of module 'POSTGRES' matches current internal version (3.8 20170315)
2018-12-07 04:29:22|   2.2|  0.0|INFORM|Opening POSTGRES writer for dataset 'mdastore1'...
2018-12-07 04:29:23|   3.3|  1.1|INFORM|PostGIS client encoding: 'UTF8'
2018-12-07 04:29:24|   3.3|  0.0|INFORM|PostgreSQL 10.4 on x86_64-pc-linux-gnu, compiled by gcc (GCC) 4.8.3 20140911 (Red Hat 4.8.3-9), 64-bit
2018-12-07 04:29:24|   3.3|  0.0|INFORM|Testing for the existence of table 'internal.permit_tasks'...
2018-12-07 04:29:24|   3.3|  0.0|INFORM|Truncating existing table 'internal.permit_tasks'...
2018-12-07 04:29:24|   3.3|  0.0|INFORM|Using existing table 'internal.permit_tasks'
2018-12-07 04:29:24|   3.3|  0.0|INFORM|POSTGRES Writer: Creating 'streaming Bulk Copy' feature type processor for feature type 'internal.permit_tasks'
2018-12-07 04:29:25|   3.7|  0.5|INFORM|Committed transaction at feature '1000'
2018-12-07 04:29:25|   4.2|  0.5|INFORM|Committed transaction at feature '2000'
2018-12-07 04:29:26|   4.5|  0.2|INFORM|Reading source feature # 2500
2018-12-07 04:29:26|   4.7|  0.3|INFORM|Committed transaction at feature '3000'
2018-12-07 04:29:27|   5.3|  0.6|INFORM|Committed transaction at feature '4000'
2018-12-07 04:29:27|   5.8|  0.5|INFORM|Reading source feature # 5000
2018-12-07 04:29:27|   5.8|  0.0|INFORM|Committed transaction at feature '5000'
2018-12-07 04:29:28|   6.3|  0.5|INFORM|Committed transaction at feature '6000'
2018-12-07 04:29:28|   6.8|  0.5|INFORM|Committed transaction at feature '7000'
2018-12-07 04:29:28|   7.0|  0.2|INFORM|Reading source feature # 7500
2018-12-07 04:29:29|   7.3|  0.3|INFORM|Committed transaction at feature '8000'
2018-12-07 04:29:29|   7.8|  0.5|INFORM|Committed transaction at feature '9000'
2018-12-07 04:29:30|   8.2|  0.5|INFORM|Reading source feature # 10000
2018-12-07 04:29:30|   8.2|  0.0|INFORM|Committed transaction at feature '10000'
2018-12-07 04:29:30|   8.8|  0.5|INFORM|Committed transaction at feature '11000'
2018-12-07 04:29:31|   9.3|  0.5|INFORM|Committed transaction at feature '12000'
2018-12-07 04:29:31|   9.5|  0.3|INFORM|Reading source feature # 12500
2018-12-07 04:29:32|   9.8|  0.2|INFORM|Committed transaction at feature '13000'
2018-12-07 04:29:32|  10.3|  0.5|INFORM|Committed transaction at feature '14000'
2018-12-07 04:29:33|  10.7|  0.5|INFORM|Reading source feature # 15000
2018-12-07 04:29:33|  10.7|  0.0|INFORM|Committed transaction at feature '15000'
2018-12-07 04:29:33|  11.2|  0.5|INFORM|Committed transaction at feature '16000'
2018-12-07 04:29:34|  11.7|  0.5|INFORM|Committed transaction at feature '17000'
2018-12-07 04:29:34|  11.9|  0.2|INFORM|Reading source feature # 17500
2018-12-07 04:29:34|  12.2|  0.3|INFORM|Committed transaction at feature '18000'
2018-12-07 04:29:35|  12.6|  0.5|INFORM|Committed transaction at feature '19000'
2018-12-07 04:29:35|  13.1|  0.5|INFORM|Reading source feature # 20000
2018-12-07 04:29:35|  13.1|  0.0|INFORM|Committed transaction at feature '20000'
2018-12-07 04:29:36|  13.6|  0.5|INFORM|Committed transaction at feature '21000'
2018-12-07 04:29:36|  14.1|  0.5|INFORM|Committed transaction at feature '22000'
2018-12-07 04:29:37|  14.4|  0.3|INFORM|Reading source feature # 22500
2018-12-07 04:29:37|  14.6|  0.2|INFORM|Committed transaction at feature '23000'
2018-12-07 04:29:38|  15.1|  0.5|INFORM|Committed transaction at feature '24000'
2018-12-07 04:29:38|  15.5|  0.5|INFORM|Reading source feature # 25000
2018-12-07 04:29:38|  15.5|  0.0|INFORM|Committed transaction at feature '25000'
2018-12-07 04:29:39|  16.0|  0.5|INFORM|Committed transaction at feature '26000'
2018-12-07 04:29:39|  16.5|  0.5|INFORM|Committed transaction at feature '27000'
2018-12-07 04:29:39|  16.7|  0.3|INFORM|Reading source feature # 27500
2018-12-07 04:29:40|  17.0|  0.3|INFORM|Committed transaction at feature '28000'
2018-12-07 04:29:40|  17.4|  0.5|INFORM|Committed transaction at feature '29000'
2018-12-07 04:29:41|  17.9|  0.5|INFORM|Reading source feature # 30000
2018-12-07 04:29:41|  17.9|  0.0|INFORM|Committed transaction at feature '30000'
2018-12-07 04:29:41|  18.4|  0.5|INFORM|Committed transaction at feature '31000'
2018-12-07 04:29:42|  18.9|  0.5|INFORM|Committed transaction at feature '32000'
2018-12-07 04:29:42|  19.1|  0.3|INFORM|Reading source feature # 32500
2018-12-07 04:29:42|  19.4|  0.3|INFORM|Committed transaction at feature '33000'
2018-12-07 04:29:43|  19.9|  0.5|INFORM|Committed transaction at feature '34000'
2018-12-07 04:29:44|  20.4|  0.5|INFORM|Reading source feature # 35000
2018-12-07 04:29:44|  20.4|  0.0|INFORM|Committed transaction at feature '35000'
2018-12-07 04:29:44|  20.9|  0.5|INFORM|Committed transaction at feature '36000'
2018-12-07 04:29:45|  21.4|  0.5|INFORM|Committed transaction at feature '37000'
2018-12-07 04:29:45|  21.7|  0.3|INFORM|Reading source feature # 37500
2018-12-07 04:29:45|  22.0|  0.3|INFORM|Committed transaction at feature '38000'
2018-12-07 04:29:46|  22.5|  0.5|INFORM|Committed transaction at feature '39000'
2018-12-07 04:29:46|  23.0|  0.5|INFORM|Reading source feature # 40000
2018-12-07 04:29:46|  23.0|  0.0|INFORM|Committed transaction at feature '40000'
2018-12-07 04:29:47|  23.4|  0.5|INFORM|Committed transaction at feature '41000'
2018-12-07 04:29:48|  23.9|  0.5|INFORM|Committed transaction at feature '42000'
2018-12-07 04:29:48|  24.1|  0.2|INFORM|Reading source feature # 42500
2018-12-07 04:29:48|  24.4|  0.2|INFORM|Committed transaction at feature '43000'
2018-12-07 04:29:49|  24.8|  0.5|INFORM|Committed transaction at feature '44000'
2018-12-07 04:29:49|  25.3|  0.5|INFORM|Reading source feature # 45000
2018-12-07 04:29:49|  25.3|  0.0|INFORM|Committed transaction at feature '45000'
2018-12-07 04:29:50|  25.8|  0.5|INFORM|Committed transaction at feature '46000'
2018-12-07 04:29:50|  26.3|  0.5|INFORM|Committed transaction at feature '47000'
2018-12-07 04:29:50|  26.5|  0.2|INFORM|Reading source feature # 47500
2018-12-07 04:29:51|  26.8|  0.3|INFORM|Committed transaction at feature '48000'
2018-12-07 04:29:51|  27.3|  0.5|INFORM|Committed transaction at feature '49000'
2018-12-07 04:29:52|  27.7|  0.5|INFORM|Reading source feature # 50000
2018-12-07 04:29:52|  27.7|  0.0|INFORM|Committed transaction at feature '50000'
2018-12-07 04:29:52|  28.3|  0.5|INFORM|Committed transaction at feature '51000'
2018-12-07 04:29:53|  28.7|  0.5|INFORM|Committed transaction at feature '52000'
2018-12-07 04:29:53|  29.0|  0.2|INFORM|Reading source feature # 52500
2018-12-07 04:29:53|  29.2|  0.2|INFORM|Committed transaction at feature '53000'
2018-12-07 04:29:54|  29.7|  0.5|INFORM|Committed transaction at feature '54000'
2018-12-07 04:29:55|  30.2|  0.5|INFORM|Reading source feature # 55000
2018-12-07 04:29:55|  30.2|  0.0|INFORM|Committed transaction at feature '55000'
2018-12-07 04:29:55|  30.6|  0.5|INFORM|Committed transaction at feature '56000'
2018-12-07 04:29:56|  31.1|  0.5|INFORM|Committed transaction at feature '57000'
2018-12-07 04:29:56|  31.4|  0.3|INFORM|Reading source feature # 57500
2018-12-07 04:29:56|  31.6|  0.2|INFORM|Committed transaction at feature '58000'
2018-12-07 04:29:57|  32.1|  0.5|INFORM|Committed transaction at feature '59000'
2018-12-07 04:29:57|  32.5|  0.5|INFORM|Reading source feature # 60000
2018-12-07 04:29:57|  32.5|  0.0|INFORM|Committed transaction at feature '60000'
2018-12-07 04:29:58|  33.0|  0.5|INFORM|Committed transaction at feature '61000'
2018-12-07 04:29:58|  33.6|  0.5|INFORM|Committed transaction at feature '62000'
2018-12-07 04:29:59|  33.8|  0.3|INFORM|Reading source feature # 62500
2018-12-07 04:29:59|  34.1|  0.3|INFORM|Committed transaction at feature '63000'
2018-12-07 04:30:00|  34.6|  0.5|INFORM|Committed transaction at feature '64000'
2018-12-07 04:30:00|  35.1|  0.5|INFORM|Reading source feature # 65000
2018-12-07 04:30:00|  35.1|  0.0|INFORM|Committed transaction at feature '65000'
2018-12-07 04:30:01|  35.7|  0.6|INFORM|Committed transaction at feature '66000'
2018-12-07 04:30:01|  36.2|  0.5|INFORM|Committed transaction at feature '67000'
2018-12-07 04:30:02|  36.5|  0.2|INFORM|Reading source feature # 67500
2018-12-07 04:30:02|  36.7|  0.2|INFORM|Committed transaction at feature '68000'
2018-12-07 04:30:02|  37.2|  0.5|INFORM|Committed transaction at feature '69000'
2018-12-07 04:30:03|  37.6|  0.5|INFORM|Reading source feature # 70000
2018-12-07 04:30:03|  37.6|  0.0|INFORM|Committed transaction at feature '70000'
2018-12-07 04:30:04|  38.2|  0.5|INFORM|Committed transaction at feature '71000'
2018-12-07 04:30:04|  38.7|  0.5|INFORM|Committed transaction at feature '72000'
2018-12-07 04:30:04|  38.9|  0.2|INFORM|Reading source feature # 72500
2018-12-07 04:30:05|  39.1|  0.2|INFORM|Committed transaction at feature '73000'
2018-12-07 04:30:05|  39.6|  0.5|INFORM|Committed transaction at feature '74000'
2018-12-07 04:30:06|  40.1|  0.5|INFORM|Reading source feature # 75000
2018-12-07 04:30:06|  40.1|  0.0|INFORM|Committed transaction at feature '75000'
2018-12-07 04:30:06|  40.6|  0.5|INFORM|Committed transaction at feature '76000'
2018-12-07 04:30:07|  41.0|  0.5|INFORM|Committed transaction at feature '77000'
2018-12-07 04:30:07|  41.3|  0.3|INFORM|Reading source feature # 77500
2018-12-07 04:30:07|  41.6|  0.3|INFORM|Committed transaction at feature '78000'
2018-12-07 04:30:08|  42.1|  0.6|INFORM|Committed transaction at feature '79000'
2018-12-07 04:30:08|  42.6|  0.5|INFORM|Reading source feature # 80000
2018-12-07 04:30:08|  42.6|  0.0|INFORM|Committed transaction at feature '80000'
2018-12-07 04:30:09|  43.0|  0.5|INFORM|Committed transaction at feature '81000'
2018-12-07 04:30:10|  43.5|  0.5|INFORM|Committed transaction at feature '82000'
2018-12-07 04:30:10|  43.8|  0.3|INFORM|Reading source feature # 82500
2018-12-07 04:30:10|  44.1|  0.3|INFORM|Committed transaction at feature '83000'
2018-12-07 04:30:11|  44.6|  0.5|INFORM|Committed transaction at feature '84000'
2018-12-07 04:30:11|  45.1|  0.5|INFORM|Reading source feature # 85000
2018-12-07 04:30:11|  45.1|  0.0|INFORM|Committed transaction at feature '85000'
2018-12-07 04:30:12|  45.5|  0.5|INFORM|Committed transaction at feature '86000'
2018-12-07 04:30:12|  46.0|  0.5|INFORM|Committed transaction at feature '87000'
2018-12-07 04:30:13|  46.3|  0.2|INFORM|Reading source feature # 87500
2018-12-07 04:30:13|  46.5|  0.3|INFORM|Committed transaction at feature '88000'
2018-12-07 04:30:13|  47.1|  0.5|INFORM|Committed transaction at feature '89000'
2018-12-07 04:30:14|  47.5|  0.5|INFORM|Reading source feature # 90000
2018-12-07 04:30:14|  47.5|  0.0|INFORM|Committed transaction at feature '90000'
2018-12-07 04:30:15|  48.1|  0.5|INFORM|Committed transaction at feature '91000'
2018-12-07 04:30:15|  48.6|  0.5|INFORM|Committed transaction at feature '92000'
2018-12-07 04:30:15|  48.8|  0.2|INFORM|Reading source feature # 92500
2018-12-07 04:30:16|  49.1|  0.2|INFORM|Committed transaction at feature '93000'
2018-12-07 04:30:16|  49.6|  0.5|INFORM|Committed transaction at feature '94000'
2018-12-07 04:30:17|  50.1|  0.5|INFORM|Reading source feature # 95000
2018-12-07 04:30:17|  50.1|  0.0|INFORM|Committed transaction at feature '95000'
2018-12-07 04:30:17|  50.6|  0.5|INFORM|Committed transaction at feature '96000'
2018-12-07 04:30:18|  51.1|  0.5|INFORM|Committed transaction at feature '97000'
2018-12-07 04:30:18|  51.4|  0.3|INFORM|Reading source feature # 97500
2018-12-07 04:30:19|  51.7|  0.3|INFORM|Committed transaction at feature '98000'
2018-12-07 04:30:19|  52.1|  0.5|INFORM|Committed transaction at feature '99000'
2018-12-07 04:30:20|  52.6|  0.5|INFORM|Reading source feature # 100000
2018-12-07 04:30:20|  52.6|  0.0|INFORM|Committed transaction at feature '100000'
2018-12-07 04:30:21|  53.1|  0.5|INFORM|Committed transaction at feature '101000'
2018-12-07 04:30:22|  53.5|  0.5|INFORM|Committed transaction at feature '102000'
2018-12-07 04:30:22|  53.8|  0.2|INFORM|Reading source feature # 102500
2018-12-07 04:30:22|  54.0|  0.2|INFORM|Committed transaction at feature '103000'
2018-12-07 04:30:23|  54.5|  0.5|INFORM|Committed transaction at feature '104000'
2018-12-07 04:30:23|  55.0|  0.5|INFORM|Reading source feature # 105000
2018-12-07 04:30:23|  55.0|  0.0|INFORM|Committed transaction at feature '105000'
2018-12-07 04:30:24|  55.5|  0.6|INFORM|Committed transaction at feature '106000'
2018-12-07 04:30:25|  56.0|  0.5|INFORM|Committed transaction at feature '107000'
2018-12-07 04:30:25|  56.3|  0.2|INFORM|Reading source feature # 107500
2018-12-07 04:30:25|  56.5|  0.2|INFORM|Committed transaction at feature '108000'
2018-12-07 04:30:26|  57.0|  0.5|INFORM|Committed transaction at feature '109000'
2018-12-07 04:30:26|  57.4|  0.5|INFORM|Reading source feature # 110000
2018-12-07 04:30:26|  57.4|  0.0|INFORM|Committed transaction at feature '110000'
2018-12-07 04:30:27|  57.9|  0.5|INFORM|Committed transaction at feature '111000'
2018-12-07 04:30:27|  58.4|  0.5|INFORM|Committed transaction at feature '112000'
2018-12-07 04:30:28|  58.7|  0.3|INFORM|Reading source feature # 112500
2018-12-07 04:30:28|  58.9|  0.3|INFORM|Committed transaction at feature '113000'
2018-12-07 04:30:29|  59.5|  0.5|INFORM|Committed transaction at feature '114000'
2018-12-07 04:30:29|  60.0|  0.5|INFORM|Reading source feature # 115000
2018-12-07 04:30:29|  60.0|  0.0|INFORM|Committed transaction at feature '115000'
2018-12-07 04:30:30|  60.6|  0.6|INFORM|Committed transaction at feature '116000'
2018-12-07 04:30:30|  61.1|  0.5|INFORM|Committed transaction at feature '117000'
2018-12-07 04:30:31|  61.4|  0.3|INFORM|Reading source feature # 117500
2018-12-07 04:30:31|  61.6|  0.3|INFORM|Committed transaction at feature '118000'
2018-12-07 04:30:32|  62.2|  0.5|INFORM|Committed transaction at feature '119000'
2018-12-07 04:30:32|  62.8|  0.6|INFORM|Reading source feature # 120000
2018-12-07 04:30:32|  62.8|  0.0|INFORM|Committed transaction at feature '120000'
2018-12-07 04:30:33|  63.3|  0.5|INFORM|Committed transaction at feature '121000'
2018-12-07 04:30:33|  63.8|  0.5|INFORM|Committed transaction at feature '122000'
2018-12-07 04:30:34|  64.0|  0.2|INFORM|Reading source feature # 122500
2018-12-07 04:30:34|  64.3|  0.2|INFORM|Committed transaction at feature '123000'
2018-12-07 04:30:35|  64.8|  0.5|INFORM|Committed transaction at feature '124000'
2018-12-07 04:30:35|  65.3|  0.5|INFORM|Reading source feature # 125000
2018-12-07 04:30:35|  65.3|  0.0|INFORM|Committed transaction at feature '125000'
2018-12-07 04:30:36|  65.8|  0.5|INFORM|Committed transaction at feature '126000'
2018-12-07 04:30:36|  66.4|  0.5|INFORM|Committed transaction at feature '127000'
2018-12-07 04:30:37|  66.6|  0.3|INFORM|Reading source feature # 127500
2018-12-07 04:30:37|  66.8|  0.2|INFORM|Committed transaction at feature '128000'
2018-12-07 04:30:38|  67.3|  0.5|INFORM|Committed transaction at feature '129000'
2018-12-07 04:30:38|  67.8|  0.5|INFORM|Reading source feature # 130000
2018-12-07 04:30:38|  67.8|  0.0|INFORM|Committed transaction at feature '130000'
2018-12-07 04:30:39|  68.4|  0.5|INFORM|Committed transaction at feature '131000'
2018-12-07 04:30:39|  68.9|  0.5|INFORM|Committed transaction at feature '132000'
2018-12-07 04:30:40|  69.1|  0.3|INFORM|Reading source feature # 132500
2018-12-07 04:30:40|  69.4|  0.3|INFORM|Committed transaction at feature '133000'
2018-12-07 04:30:40|  69.9|  0.5|INFORM|Committed transaction at feature '134000'
2018-12-07 04:30:41|  70.5|  0.6|INFORM|Reading source feature # 135000
2018-12-07 04:30:41|  70.5|  0.0|INFORM|Committed transaction at feature '135000'
2018-12-07 04:30:42|  71.0|  0.5|INFORM|Committed transaction at feature '136000'
2018-12-07 04:30:42|  71.5|  0.5|INFORM|Committed transaction at feature '137000'
2018-12-07 04:30:43|  71.8|  0.3|INFORM|Reading source feature # 137500
2018-12-07 04:30:43|  72.1|  0.3|INFORM|Committed transaction at feature '138000'
2018-12-07 04:30:43|  72.6|  0.5|INFORM|Committed transaction at feature '139000'
2018-12-07 04:30:44|  73.1|  0.5|INFORM|Reading source feature # 140000
2018-12-07 04:30:44|  73.1|  0.0|INFORM|Committed transaction at feature '140000'
2018-12-07 04:30:45|  73.6|  0.5|INFORM|Committed transaction at feature '141000'
2018-12-07 04:30:45|  74.1|  0.5|INFORM|Committed transaction at feature '142000'
2018-12-07 04:30:45|  74.3|  0.2|INFORM|Reading source feature # 142500
2018-12-07 04:30:46|  74.6|  0.3|INFORM|Committed transaction at feature '143000'
2018-12-07 04:30:46|  75.1|  0.5|INFORM|Committed transaction at feature '144000'
2018-12-07 04:30:47|  75.6|  0.5|INFORM|Reading source feature # 145000
2018-12-07 04:30:47|  75.6|  0.0|INFORM|Committed transaction at feature '145000'
2018-12-07 04:30:47|  76.1|  0.5|INFORM|Committed transaction at feature '146000'
2018-12-07 04:30:48|  76.6|  0.5|INFORM|Committed transaction at feature '147000'
2018-12-07 04:30:48|  76.8|  0.2|INFORM|Reading source feature # 147500
2018-12-07 04:30:48|  77.0|  0.2|INFORM|Committed transaction at feature '148000'
2018-12-07 04:30:49|  77.5|  0.5|INFORM|Committed transaction at feature '149000'
2018-12-07 04:30:49|  78.0|  0.5|INFORM|Reading source feature # 150000
2018-12-07 04:30:49|  78.0|  0.0|INFORM|Committed transaction at feature '150000'
2018-12-07 04:30:50|  78.5|  0.5|INFORM|Committed transaction at feature '151000'
2018-12-07 04:30:51|  78.9|  0.5|INFORM|Committed transaction at feature '152000'
2018-12-07 04:30:51|  79.2|  0.2|INFORM|Reading source feature # 152500
2018-12-07 04:30:51|  79.4|  0.2|INFORM|Committed transaction at feature '153000'
2018-12-07 04:30:52|  79.9|  0.5|INFORM|Committed transaction at feature '154000'
2018-12-07 04:30:52|  80.3|  0.5|INFORM|Reading source feature # 155000
2018-12-07 04:30:52|  80.3|  0.0|INFORM|Committed transaction at feature '155000'
2018-12-07 04:30:53|  80.8|  0.5|INFORM|Committed transaction at feature '156000'
2018-12-07 04:30:53|  81.3|  0.5|INFORM|Committed transaction at feature '157000'
2018-12-07 04:30:53|  81.5|  0.3|INFORM|Reading source feature # 157500
2018-12-07 04:30:54|  81.8|  0.2|INFORM|Committed transaction at feature '158000'
2018-12-07 04:30:54|  82.3|  0.5|INFORM|Committed transaction at feature '159000'
2018-12-07 04:30:55|  82.7|  0.5|INFORM|Reading source feature # 160000
2018-12-07 04:30:55|  82.7|  0.0|INFORM|Committed transaction at feature '160000'
2018-12-07 04:30:56|  83.2|  0.5|INFORM|Committed transaction at feature '161000'
2018-12-07 04:30:56|  83.7|  0.5|INFORM|Committed transaction at feature '162000'
2018-12-07 04:30:56|  83.9|  0.2|INFORM|Reading source feature # 162500
2018-12-07 04:30:57|  84.1|  0.2|INFORM|Committed transaction at feature '163000'
2018-12-07 04:30:57|  84.6|  0.5|INFORM|Committed transaction at feature '164000'
2018-12-07 04:30:58|  85.1|  0.5|INFORM|Reading source feature # 165000
2018-12-07 04:30:58|  85.1|  0.0|INFORM|Committed transaction at feature '165000'
2018-12-07 04:30:58|  85.5|  0.5|INFORM|Committed transaction at feature '166000'
2018-12-07 04:30:59|  86.0|  0.5|INFORM|Committed transaction at feature '167000'
2018-12-07 04:30:59|  86.2|  0.2|INFORM|Reading source feature # 167500
2018-12-07 04:30:59|  86.5|  0.2|INFORM|Committed transaction at feature '168000'
2018-12-07 04:31:00|  87.0|  0.5|INFORM|Committed transaction at feature '169000'
2018-12-07 04:31:01|  87.5|  0.6|INFORM|Reading source feature # 170000
2018-12-07 04:31:01|  87.5|  0.0|INFORM|Committed transaction at feature '170000'
2018-12-07 04:31:01|  88.1|  0.5|INFORM|Committed transaction at feature '171000'
2018-12-07 04:31:02|  88.6|  0.5|INFORM|Committed transaction at feature '172000'
2018-12-07 04:31:02|  88.8|  0.3|INFORM|Reading source feature # 172500
2018-12-07 04:31:02|  89.0|  0.2|INFORM|Committed transaction at feature '173000'
2018-12-07 04:31:03|  89.5|  0.5|INFORM|Committed transaction at feature '174000'
2018-12-07 04:31:03|  90.0|  0.5|INFORM|Reading source feature # 175000
2018-12-07 04:31:03|  90.0|  0.0|INFORM|Committed transaction at feature '175000'
2018-12-07 04:31:04|  90.5|  0.5|INFORM|Committed transaction at feature '176000'
2018-12-07 04:31:04|  91.0|  0.5|INFORM|Committed transaction at feature '177000'
2018-12-07 04:31:05|  91.3|  0.3|INFORM|Reading source feature # 177500
2018-12-07 04:31:05|  91.5|  0.3|INFORM|Committed transaction at feature '178000'
2018-12-07 04:31:06|  92.0|  0.5|INFORM|Committed transaction at feature '179000'
2018-12-07 04:31:06|  92.5|  0.5|INFORM|Reading source feature # 180000
2018-12-07 04:31:06|  92.5|  0.0|INFORM|Committed transaction at feature '180000'
2018-12-07 04:31:07|  93.0|  0.5|INFORM|Committed transaction at feature '181000'
2018-12-07 04:31:07|  93.5|  0.5|INFORM|Committed transaction at feature '182000'
2018-12-07 04:31:08|  93.7|  0.2|INFORM|Reading source feature # 182500
2018-12-07 04:31:08|  94.0|  0.3|INFORM|Committed transaction at feature '183000'
2018-12-07 04:31:08|  94.5|  0.5|INFORM|Committed transaction at feature '184000'
2018-12-07 04:31:09|  95.0|  0.5|INFORM|Reading source feature # 185000
2018-12-07 04:31:09|  95.0|  0.0|INFORM|Committed transaction at feature '185000'
2018-12-07 04:31:09|  95.5|  0.5|INFORM|Committed transaction at feature '186000'
2018-12-07 04:31:10|  96.0|  0.5|INFORM|Committed transaction at feature '187000'
2018-12-07 04:31:10|  96.3|  0.3|INFORM|Reading source feature # 187500
2018-12-07 04:31:11|  96.5|  0.3|INFORM|Committed transaction at feature '188000'
2018-12-07 04:31:11|  97.0|  0.5|INFORM|Committed transaction at feature '189000'
2018-12-07 04:31:12|  97.5|  0.5|INFORM|Reading source feature # 190000
2018-12-07 04:31:12|  97.5|  0.0|INFORM|Committed transaction at feature '190000'
2018-12-07 04:31:12|  98.0|  0.5|INFORM|Committed transaction at feature '191000'
2018-12-07 04:31:13|  98.6|  0.6|INFORM|Committed transaction at feature '192000'
2018-12-07 04:31:13|  98.8|  0.3|INFORM|Reading source feature # 192500
2018-12-07 04:31:14|  99.1|  0.3|INFORM|Committed transaction at feature '193000'
2018-12-07 04:31:14|  99.6|  0.5|INFORM|Committed transaction at feature '194000'
2018-12-07 04:31:15| 100.2|  0.5|INFORM|Reading source feature # 195000
2018-12-07 04:31:15| 100.2|  0.0|INFORM|Committed transaction at feature '195000'
2018-12-07 04:31:15| 100.8|  0.6|INFORM|Committed transaction at feature '196000'
2018-12-07 04:31:16| 101.2|  0.5|INFORM|Committed transaction at feature '197000'
2018-12-07 04:31:16| 101.5|  0.3|INFORM|Reading source feature # 197500
2018-12-07 04:31:17| 101.8|  0.3|INFORM|Committed transaction at feature '198000'
2018-12-07 04:31:17| 102.3|  0.5|INFORM|Committed transaction at feature '199000'
2018-12-07 04:31:18| 102.8|  0.5|INFORM|Reading source feature # 200000
2018-12-07 04:31:18| 102.8|  0.0|INFORM|Committed transaction at feature '200000'
2018-12-07 04:31:18| 103.3|  0.5|INFORM|Committed transaction at feature '201000'
2018-12-07 04:31:19| 103.9|  0.5|INFORM|Committed transaction at feature '202000'
2018-12-07 04:31:19| 104.1|  0.3|INFORM|Reading source feature # 202500
2018-12-07 04:31:19| 104.4|  0.3|INFORM|Committed transaction at feature '203000'
2018-12-07 04:31:20| 105.0|  0.6|INFORM|Committed transaction at feature '204000'
2018-12-07 04:31:21| 105.5|  0.5|INFORM|Reading source feature # 205000
2018-12-07 04:31:21| 105.5|  0.0|INFORM|Committed transaction at feature '205000'
2018-12-07 04:31:21| 105.9|  0.5|INFORM|Committed transaction at feature '206000'
2018-12-07 04:31:22| 106.4|  0.5|INFORM|Committed transaction at feature '207000'
2018-12-07 04:31:22| 106.7|  0.3|INFORM|Reading source feature # 207500
2018-12-07 04:31:22| 107.0|  0.3|INFORM|Committed transaction at feature '208000'
2018-12-07 04:31:23| 107.5|  0.5|INFORM|Committed transaction at feature '209000'
2018-12-07 04:31:24| 108.0|  0.5|INFORM|Reading source feature # 210000
2018-12-07 04:31:24| 108.0|  0.0|INFORM|Committed transaction at feature '210000'
2018-12-07 04:31:24| 108.5|  0.5|INFORM|Committed transaction at feature '211000'
2018-12-07 04:31:25| 109.0|  0.5|INFORM|Committed transaction at feature '212000'
2018-12-07 04:31:25| 109.3|  0.3|INFORM|Reading source feature # 212500
2018-12-07 04:31:25| 109.5|  0.2|INFORM|Committed transaction at feature '213000'
2018-12-07 04:31:26| 110.0|  0.5|INFORM|Committed transaction at feature '214000'
2018-12-07 04:31:26| 110.5|  0.5|INFORM|Reading source feature # 215000
2018-12-07 04:31:26| 110.5|  0.0|INFORM|Committed transaction at feature '215000'
2018-12-07 04:31:27| 111.0|  0.5|INFORM|Committed transaction at feature '216000'
2018-12-07 04:31:27| 111.5|  0.5|INFORM|Committed transaction at feature '217000'
2018-12-07 04:31:28| 111.8|  0.3|INFORM|Reading source feature # 217500
2018-12-07 04:31:28| 112.0|  0.3|INFORM|Committed transaction at feature '218000'
2018-12-07 04:31:29| 112.6|  0.5|INFORM|Committed transaction at feature '219000'
2018-12-07 04:31:29| 113.0|  0.5|INFORM|Reading source feature # 220000
2018-12-07 04:31:29| 113.0|  0.0|INFORM|Committed transaction at feature '220000'
2018-12-07 04:31:30| 113.6|  0.5|INFORM|Committed transaction at feature '221000'
2018-12-07 04:31:31| 114.1|  0.6|INFORM|Committed transaction at feature '222000'
2018-12-07 04:31:31| 114.4|  0.3|INFORM|Reading source feature # 222500
2018-12-07 04:31:31| 114.6|  0.2|INFORM|Committed transaction at feature '223000'
2018-12-07 04:31:32| 115.1|  0.5|INFORM|Committed transaction at feature '224000'
2018-12-07 04:31:32| 115.7|  0.5|INFORM|Reading source feature # 225000
2018-12-07 04:31:32| 115.7|  0.0|INFORM|Committed transaction at feature '225000'
2018-12-07 04:31:33| 116.2|  0.5|INFORM|Committed transaction at feature '226000'
2018-12-07 04:31:34| 116.7|  0.5|INFORM|Committed transaction at feature '227000'
2018-12-07 04:31:34| 116.9|  0.3|INFORM|Reading source feature # 227500
2018-12-07 04:31:34| 117.2|  0.2|INFORM|Committed transaction at feature '228000'
2018-12-07 04:31:35| 117.7|  0.5|INFORM|Committed transaction at feature '229000'
2018-12-07 04:31:35| 118.2|  0.5|INFORM|Reading source feature # 230000
2018-12-07 04:31:35| 118.2|  0.0|INFORM|Committed transaction at feature '230000'
2018-12-07 04:31:36| 118.7|  0.5|INFORM|Committed transaction at feature '231000'
2018-12-07 04:31:36| 119.1|  0.5|INFORM|Committed transaction at feature '232000'
2018-12-07 04:31:37| 119.4|  0.3|INFORM|Reading source feature # 232500
2018-12-07 04:31:37| 119.6|  0.2|INFORM|Committed transaction at feature '233000'
2018-12-07 04:31:38| 120.1|  0.5|INFORM|Committed transaction at feature '234000'
2018-12-07 04:31:38| 120.7|  0.5|INFORM|Reading source feature # 235000
2018-12-07 04:31:38| 120.7|  0.0|INFORM|Committed transaction at feature '235000'
2018-12-07 04:31:39| 121.2|  0.5|INFORM|Committed transaction at feature '236000'
2018-12-07 04:31:39| 121.7|  0.5|INFORM|Committed transaction at feature '237000'
2018-12-07 04:31:40| 122.0|  0.3|INFORM|Reading source feature # 237500
2018-12-07 04:31:40| 122.2|  0.3|INFORM|Committed transaction at feature '238000'
2018-12-07 04:31:40| 122.8|  0.5|INFORM|Committed transaction at feature '239000'
2018-12-07 04:31:41| 123.2|  0.5|INFORM|Reading source feature # 240000
2018-12-07 04:31:41| 123.2|  0.0|INFORM|Committed transaction at feature '240000'
2018-12-07 04:31:42| 123.7|  0.5|INFORM|Committed transaction at feature '241000'
2018-12-07 04:31:42| 124.3|  0.5|INFORM|Committed transaction at feature '242000'
2018-12-07 04:31:43| 124.5|  0.3|INFORM|Reading source feature # 242500
2018-12-07 04:31:43| 124.8|  0.3|INFORM|Committed transaction at feature '243000'
2018-12-07 04:31:43| 125.3|  0.5|INFORM|Committed transaction at feature '244000'
2018-12-07 04:31:44| 125.8|  0.5|INFORM|Reading source feature # 245000
2018-12-07 04:31:44| 125.8|  0.0|INFORM|Committed transaction at feature '245000'
2018-12-07 04:31:45| 126.3|  0.5|INFORM|Committed transaction at feature '246000'
2018-12-07 04:31:45| 126.8|  0.5|INFORM|Committed transaction at feature '247000'
2018-12-07 04:31:46| 127.0|  0.2|INFORM|Reading source feature # 247500
2018-12-07 04:31:46| 127.2|  0.2|INFORM|Committed transaction at feature '248000'
2018-12-07 04:31:47| 127.8|  0.6|INFORM|Committed transaction at feature '249000'
2018-12-07 04:31:47| 128.3|  0.5|INFORM|Reading source feature # 250000
2018-12-07 04:31:47| 128.3|  0.0|INFORM|Committed transaction at feature '250000'
2018-12-07 04:31:48| 128.9|  0.6|INFORM|Committed transaction at feature '251000'
2018-12-07 04:31:48| 129.3|  0.5|INFORM|Committed transaction at feature '252000'
2018-12-07 04:31:49| 129.6|  0.3|INFORM|Reading source feature # 252500
2018-12-07 04:31:49| 129.9|  0.3|INFORM|Committed transaction at feature '253000'
2018-12-07 04:31:50| 130.5|  0.5|INFORM|Committed transaction at feature '254000'
2018-12-07 04:31:50| 130.9|  0.5|INFORM|Reading source feature # 255000
2018-12-07 04:31:50| 130.9|  0.0|INFORM|Committed transaction at feature '255000'
2018-12-07 04:31:51| 131.4|  0.5|INFORM|Committed transaction at feature '256000'
2018-12-07 04:31:51| 132.0|  0.5|INFORM|Committed transaction at feature '257000'
2018-12-07 04:31:52| 132.2|  0.3|INFORM|Reading source feature # 257500
2018-12-07 04:31:52| 132.5|  0.3|INFORM|Committed transaction at feature '258000'
2018-12-07 04:31:52| 133.1|  0.5|INFORM|Committed transaction at feature '259000'
2018-12-07 04:31:53| 133.6|  0.5|INFORM|Reading source feature # 260000
2018-12-07 04:31:53| 133.6|  0.0|INFORM|Committed transaction at feature '260000'
2018-12-07 04:31:54| 134.0|  0.5|INFORM|Committed transaction at feature '261000'
2018-12-07 04:31:54| 134.5|  0.5|INFORM|Committed transaction at feature '262000'
2018-12-07 04:31:55| 134.8|  0.2|INFORM|Reading source feature # 262500
2018-12-07 04:31:55| 135.0|  0.3|INFORM|Committed transaction at feature '263000'
2018-12-07 04:31:56| 135.5|  0.5|INFORM|Committed transaction at feature '264000'
2018-12-07 04:31:56| 136.0|  0.5|INFORM|Reading source feature # 265000
2018-12-07 04:31:56| 136.0|  0.0|INFORM|Committed transaction at feature '265000'
2018-12-07 04:31:57| 136.4|  0.4|INFORM|Microsoft SQL Server Non-Spatial Reader: Database read complete.  Retrieved 265862 feature(s)
2018-12-07 04:31:57| 136.4|  0.0|INFORM|Emptying factory pipeline
2018-12-07 04:31:57| 136.4|  0.0|STATS |Router and Unexpected Input Remover(RoutingFactory): Tested 265862 input feature(s), wrote 265862 output feature(s): 265862 matched merge filters, 265862 were routed to output, 0 could not be routed.
2018-12-07 04:31:57| 136.4|  0.0|STATS |amd.permit_tasks (MSSQL_ADO_1) Splitter(TeeFactory): Cloned 265862 input feature(s) into 265862 output feature(s)
2018-12-07 04:31:57| 136.4|  0.0|STATS |Destination Feature Type Routing Correlator(RoutingFactory): Tested 265862 input feature(s), wrote 265862 output feature(s): 0 matched merge filters, 265862 were routed to output, 0 could not be routed.
2018-12-07 04:31:57| 136.4|  0.0|STATS |Final Output Nuker(TeeFactory): Cloned 0 input feature(s) into 0 output feature(s)
2018-12-07 04:31:57| 136.4|  0.0|INFORM|Successfully closed POSTGRES database writer
2018-12-07 04:31:57| 136.4|  0.0|INFORM|=-=-=-=-=-=-=-=-=-=-=-=-=-=-=-=-=-=-=-=-=-=-=-=-=-=-=-=-=-=-=-=-=-=-=-=-=-=-=-
2018-12-07 04:31:57| 136.4|  0.0|INFORM|Feature output statistics for `POSTGRES' writer using keyword `POSTGRES_2':
2018-12-07 04:31:57| 136.4|  0.0|STATS |=-=-=-=-=-=-=-=-=-=-=-=-=-=-=-=-=-=-=-=-=-=-=-=-=-=-=-=-=-=-=-=-=-=-=-=-=-=-=-
2018-12-07 04:31:57| 136.4|  0.0|STATS |                               Features Written
2018-12-07 04:31:57| 136.4|  0.0|STATS |=-=-=-=-=-=-=-=-=-=-=-=-=-=-=-=-=-=-=-=-=-=-=-=-=-=-=-=-=-=-=-=-=-=-=-=-=-=-=-
2018-12-07 04:31:57| 136.4|  0.0|STATS |internal.permit_tasks                                                   265862
2018-12-07 04:31:57| 136.4|  0.0|STATS |==============================================================================
2018-12-07 04:31:57| 136.4|  0.0|STATS |Total Features Written                                                  265862
2018-12-07 04:31:57| 136.4|  0.0|STATS |=-=-=-=-=-=-=-=-=-=-=-=-=-=-=-=-=-=-=-=-=-=-=-=-=-=-=-=-=-=-=-=-=-=-=-=-=-=-=-
2018-12-07 04:31:57| 136.4|  0.0|STATS |=-=-=-=-=-=-=-=-=-=-=-=-=-=-=-=-=-=-=-=-=-=-=-=-=-=-=-=-=-=-=-=-=-=-=-=-=-=-=-
2018-12-07 04:31:57| 136.4|  0.0|STATS |                            Features Read Summary
2018-12-07 04:31:57| 136.4|  0.0|STATS |=-=-=-=-=-=-=-=-=-=-=-=-=-=-=-=-=-=-=-=-=-=-=-=-=-=-=-=-=-=-=-=-=-=-=-=-=-=-=-
2018-12-07 04:31:57| 136.4|  0.0|STATS |amd.permit_tasks                                                        265862
2018-12-07 04:31:57| 136.4|  0.0|STATS |==============================================================================
2018-12-07 04:31:57| 136.4|  0.0|STATS |Total Features Read                                                     265862
2018-12-07 04:31:57| 136.4|  0.0|STATS |=-=-=-=-=-=-=-=-=-=-=-=-=-=-=-=-=-=-=-=-=-=-=-=-=-=-=-=-=-=-=-=-=-=-=-=-=-=-=-
2018-12-07 04:31:57| 136.4|  0.0|STATS |=-=-=-=-=-=-=-=-=-=-=-=-=-=-=-=-=-=-=-=-=-=-=-=-=-=-=-=-=-=-=-=-=-=-=-=-=-=-=-
2018-12-07 04:31:57| 136.4|  0.0|STATS |                           Features Written Summary
2018-12-07 04:31:57| 136.4|  0.0|STATS |=-=-=-=-=-=-=-=-=-=-=-=-=-=-=-=-=-=-=-=-=-=-=-=-=-=-=-=-=-=-=-=-=-=-=-=-=-=-=-
2018-12-07 04:31:57| 136.4|  0.0|STATS |internal.permit_tasks                                                   265862
2018-12-07 04:31:57| 136.4|  0.0|STATS |==============================================================================
2018-12-07 04:31:57| 136.4|  0.0|STATS |Total Features Written                                                  265862
2018-12-07 04:31:57| 136.4|  0.0|STATS |=-=-=-=-=-=-=-=-=-=-=-=-=-=-=-=-=-=-=-=-=-=-=-=-=-=-=-=-=-=-=-=-=-=-=-=-=-=-=-
2018-12-07 04:31:57| 136.4|  0.0|INFORM|Microsoft SQL Server Non-Spatial Reader: Closing `accelaprod' . Read operation complete
2018-12-07 04:31:57| 136.4|  0.0|INFORM|Translation was SUCCESSFUL with 1 warning(s) (265862 feature(s) output)
2018-12-07 04:31:57| 136.4|  0.0|INFORM|FME Session Duration: 2 minutes 53.4 seconds. (CPU: 134.5s user, 1.9s system)
2018-12-07 04:31:57| 136.4|  0.0|INFORM|END - ProcessID: 5508, peak process memory usage: 80824 kB, current process memory usage: 80536 kB
