2020-04-02 00:21:05|   0.1|  0.1|INFORM|FME 2017.1.1.1 (20171014 - Build 17652 - WIN32)
2020-04-02 00:21:05|   0.1|  0.0|INFORM|FME_HOME is 'c:\FME2017\'
2020-04-02 00:21:05|   0.1|  0.0|INFORM|FME Desktop ESRI Edition (floating)
2020-04-02 00:21:05|   0.1|  0.0|INFORM|Permanent License.
2020-04-02 00:21:05|   0.1|  0.0|INFORM|Machine host name is: coa-gis-fme2
2020-04-02 00:21:05|   0.1|  0.0|INFORM|START - ProcessID: 8668, peak process memory usage: 29268 kB, current process memory usage: 29244 kB
2020-04-02 00:21:05|   0.1|  0.0|INFORM|FME Configuration: Command line arguments are `c:\FME2017\fme' `C:\COA\bedrock\working_directory\permit_contractors/accelaTOwh-permit_contractors.fmw'
2020-04-02 00:21:05|   0.2|  0.1|INFORM|Shared folders for formats are : c:\FME2017\datasources;C:\Users\mssqlgisadmin\Documents\FME\Formats
2020-04-02 00:21:05|   0.2|  0.0|INFORM|Shared folders for transformers are : c:\FME2017\transformers;C:\Users\mssqlgisadmin\Documents\FME\Transformers;C:\Users\mssqlgisadmin\AppData\Roaming\Safe Software\FME\FME Store\Transformers
2020-04-02 00:21:05|   0.2|  0.0|INFORM|Shared folders for coordinate systems are : C:\Users\mssqlgisadmin\Documents\FME\CoordinateSystems
2020-04-02 00:21:05|   0.2|  0.0|INFORM|Shared folders for coordinate system exceptions are : C:\Users\mssqlgisadmin\Documents\FME\CoordinateSystemExceptions
2020-04-02 00:21:05|   0.2|  0.0|INFORM|Shared folders for coordinate system grid overrides are : C:\Users\mssqlgisadmin\Documents\FME\CoordinateSystemGridOverrides
2020-04-02 00:21:05|   0.2|  0.0|INFORM|Shared folders for CS-MAP transformation exceptions are : C:\Users\mssqlgisadmin\Documents\FME\CsmapTransformationExceptions
2020-04-02 00:21:05|   0.2|  0.0|INFORM|Shared folders for transformer categories are : C:\Users\mssqlgisadmin\Documents\FME\TransformerCategories
2020-04-02 00:21:05|   0.2|  0.0|INFORM|FME Configuration: Reader Keyword is `MSSQL_ADO_2'
2020-04-02 00:21:05|   0.2|  0.0|INFORM|FME Configuration: Writer Keyword is `MULTI_WRITER'
2020-04-02 00:21:05|   0.2|  0.0|INFORM|FME Configuration: Writer Group Definition Keyword is `MULTI_WRITER_DEF'
2020-04-02 00:21:05|   0.2|  0.0|INFORM|FME Configuration: Reader type is `MSSQL_ADO'
2020-04-02 00:21:05|   0.2|  0.0|INFORM|FME Configuration: Writer type is `MULTI_WRITER'
2020-04-02 00:21:05|   0.2|  0.0|INFORM|FME Configuration: No destination coordinate system set
2020-04-02 00:21:05|   0.2|  0.0|INFORM|FME Configuration: Current working folder is `C:\COA\bedrock\working_directory\permit_contractors'
2020-04-02 00:21:05|   0.2|  0.0|INFORM|FME Configuration: Temporary folder is `C:\Users\MSSQLG~1\AppData\Local\Temp', set from environment variable `TEMP'
2020-04-02 00:21:05|   0.2|  0.0|INFORM|FME Configuration: FME_HOME is `c:\FME2017\'
2020-04-02 00:21:05|   0.2|  0.0|INFORM|FME Configuration: FME_BASE is 'no'
2020-04-02 00:21:05|   0.2|  0.0|INFORM|FME Configuration: FME_MF_DIR is 'C:\COA\bedrock\working_directory\permit_contractors/'
2020-04-02 00:21:05|   0.2|  0.0|INFORM|FME Configuration: FME_MF_NAME is 'accelaTOwh-permit_contractors.fmw'
2020-04-02 00:21:05|   0.2|  0.0|INFORM|FME Configuration: FME_PRODUCT_NAME is 'FME(R) 2017.1.1.1'
2020-04-02 00:21:05|   0.2|  0.0|INFORM|System Status: 95.11 GB of disk space available in the FME temporary folder (C:\Users\MSSQLG~1\AppData\Local\Temp)
2020-04-02 00:21:05|   0.2|  0.0|INFORM|System Status: 4.00 GB of virtual memory available
2020-04-02 00:21:05|   0.2|  0.0|INFORM|Operating System: Microsoft Windows Server 2012 R2 Server 4.0 64-bit  (Build 9600)
2020-04-02 00:21:05|   0.2|  0.0|INFORM|FME Platform: WIN32
2020-04-02 00:21:05|   0.2|  0.0|INFORM|Locale: en_US
2020-04-02 00:21:05|   0.2|  0.0|INFORM|Code Page: 1252  (ANSI - Latin I)
2020-04-02 00:21:05|   0.2|  0.0|INFORM|FME Configuration: Process limits are 8.00 GB of physical memory and 4.00 GB of address space
2020-04-02 00:21:05|   0.2|  0.0|INFORM|FME Configuration: Start freeing memory when process usage exceeds 2.83 GB of memory or 3.41 GB of address space
2020-04-02 00:21:05|   0.2|  0.0|INFORM|FME Configuration: Stop freeing memory when process usage is below 2.12 GB of memory and 2.56 GB of address space
2020-04-02 00:21:05|   0.3|  0.1|INFORM|Creating writer for format: 
2020-04-02 00:21:06|   1.6|  1.4|INFORM|FME Configuration: Named Connection Storage: 'C:\Users\mssqlgisadmin\AppData\Roaming\Safe Software\FME\'
2020-04-02 00:21:06|   1.6|  0.0|INFORM|FME Configuration: Using Named Connection values from 'Accela Prodution Environment' for MSSQL_ADO_2
2020-04-02 00:21:06|   1.6|  0.0|INFORM|Creating reader for format: Microsoft SQL Server Non-Spatial
2020-04-02 00:21:06|   1.7|  0.1|INFORM|Trying to find a DYNAMIC plugin for reader named `MSSQL_ADO'
2020-04-02 00:21:06|   1.7|  0.0|INFORM|Loaded module 'MSSQL_ADO' from file 'c:\FME2017\plugins/FME_ADO.dll'
2020-04-02 00:21:06|   1.7|  0.0|INFORM|FME API version of module 'MSSQL_ADO' matches current internal version (3.8 20170315)
2020-04-02 00:21:06|   1.7|  0.0|INFORM|Microsoft SQL Server Non-Spatial Reader: Read 1 DEF line(s).  Found 14 attribute(s)
2020-04-02 00:21:06|   1.7|  0.0|INFORM|Microsoft SQL Server Non-Spatial Reader: Opening `accela' for read operation
2020-04-02 00:21:06|   1.7|  0.0|INFORM|Microsoft SQL Server Non-Spatial Reader: Trying to connect using SQL Server 2012 Native Client...
2020-04-02 00:21:06|   1.7|  0.0|INFORM|Using MultiWriter with keyword `MULTI_WRITER' to output data (ID_ATTRIBUTE is `multi_writer_id')
2020-04-02 00:21:06|   1.7|  0.0|INFORM|Writer output will be ordered by value of multi_writer_id
2020-04-02 00:21:06|   1.8|  0.0|INFORM|Microsoft SQL Server Non-Spatial Reader: Now reading features from table amd.permit_contractors, 10 record(s) at a time
2020-04-02 00:21:07|   2.0|  0.3|INFORM|FME Configuration: Using Named Connection values from 'mda-store-1' for POSTGRES_1
2020-04-02 00:21:07|   2.0|  0.0|INFORM|Creating writer for format: PostgreSQL
2020-04-02 00:21:07|   2.1|  0.1|INFORM|Trying to find a DYNAMIC plugin for writer named `POSTGRES'
2020-04-02 00:21:07|   2.1|  0.0|INFORM|Loaded module 'POSTGRES' from file 'c:\FME2017\plugins/POSTGIS.dll'
2020-04-02 00:21:07|   2.1|  0.0|INFORM|FME API version of module 'POSTGRES' matches current internal version (3.8 20170315)
2020-04-02 00:21:07|   2.1|  0.0|INFORM|FME Configuration: No destination coordinate system set
2020-04-02 00:21:07|   2.1|  0.0|INFORM|FME API version of module 'POSTGRES' matches current internal version (3.8 20170315)
2020-04-02 00:21:07|   2.1|  0.0|INFORM|Writer `POSTGRES_1' of type `POSTGRES' using group definition keyword `POSTGRES_1_DEF'
2020-04-02 00:21:07|   2.1|  0.0|INFORM|FME API version of module 'POSTGRES' matches current internal version (3.8 20170315)
2020-04-02 00:21:07|   2.1|  0.0|INFORM|Opening POSTGRES writer for dataset 'mdastore1'...
2020-04-02 00:21:08|   3.2|  1.1|INFORM|PostGIS client encoding: 'UTF8'
2020-04-02 00:21:08|   3.2|  0.0|INFORM|PostgreSQL 10.4 on x86_64-pc-linux-gnu, compiled by gcc (GCC) 4.8.3 20140911 (Red Hat 4.8.3-9), 64-bit
2020-04-02 00:21:09|   3.2|  0.0|INFORM|Testing for the existence of table 'internal.permit_contractors'...
2020-04-02 00:21:09|   3.2|  0.0|INFORM|Truncating existing table 'internal.permit_contractors'...
2020-04-02 00:21:09|   3.2|  0.0|INFORM|Using existing table 'internal.permit_contractors'
2020-04-02 00:21:09|   3.2|  0.0|INFORM|POSTGRES Writer: Creating 'streaming Bulk Copy' feature type processor for feature type 'internal.permit_contractors'
2020-04-02 00:21:09|   3.5|  0.3|INFORM|Committed transaction at feature '1000'
2020-04-02 00:21:09|   3.8|  0.3|INFORM|Committed transaction at feature '2000'
2020-04-02 00:21:10|   3.9|  0.1|INFORM|Reading source feature # 2500
2020-04-02 00:21:10|   4.0|  0.1|INFORM|Committed transaction at feature '3000'
2020-04-02 00:21:10|   4.3|  0.3|INFORM|Committed transaction at feature '4000'
2020-04-02 00:21:10|   4.5|  0.3|INFORM|Reading source feature # 5000
2020-04-02 00:21:10|   4.5|  0.0|INFORM|Committed transaction at feature '5000'
2020-04-02 00:21:11|   4.8|  0.3|INFORM|Committed transaction at feature '6000'
2020-04-02 00:21:11|   5.0|  0.3|INFORM|Committed transaction at feature '7000'
2020-04-02 00:21:11|   5.2|  0.1|INFORM|Reading source feature # 7500
2020-04-02 00:21:11|   5.3|  0.1|INFORM|Committed transaction at feature '8000'
2020-04-02 00:21:12|   5.5|  0.3|INFORM|Committed transaction at feature '9000'
2020-04-02 00:21:12|   5.8|  0.3|INFORM|Reading source feature # 10000
2020-04-02 00:21:12|   5.8|  0.0|INFORM|Committed transaction at feature '10000'
2020-04-02 00:21:12|   6.0|  0.3|INFORM|Committed transaction at feature '11000'
2020-04-02 00:21:13|   6.3|  0.3|INFORM|Committed transaction at feature '12000'
2020-04-02 00:21:13|   6.4|  0.1|INFORM|Reading source feature # 12500
2020-04-02 00:21:13|   6.5|  0.1|INFORM|Committed transaction at feature '13000'
2020-04-02 00:21:13|   6.8|  0.3|INFORM|Committed transaction at feature '14000'
2020-04-02 00:21:14|   7.1|  0.3|INFORM|Reading source feature # 15000
2020-04-02 00:21:14|   7.1|  0.0|INFORM|Committed transaction at feature '15000'
2020-04-02 00:21:14|   7.3|  0.3|INFORM|Committed transaction at feature '16000'
2020-04-02 00:21:14|   7.6|  0.3|INFORM|Committed transaction at feature '17000'
2020-04-02 00:21:14|   7.8|  0.1|INFORM|Reading source feature # 17500
2020-04-02 00:21:15|   7.9|  0.1|INFORM|Committed transaction at feature '18000'
2020-04-02 00:21:15|   8.2|  0.3|INFORM|Committed transaction at feature '19000'
2020-04-02 00:21:15|   8.4|  0.3|INFORM|Reading source feature # 20000
2020-04-02 00:21:15|   8.4|  0.0|INFORM|Committed transaction at feature '20000'
2020-04-02 00:21:15|   8.7|  0.3|INFORM|Committed transaction at feature '21000'
2020-04-02 00:21:16|   9.0|  0.3|INFORM|Committed transaction at feature '22000'
2020-04-02 00:21:16|   9.1|  0.1|INFORM|Reading source feature # 22500
2020-04-02 00:21:16|   9.2|  0.1|INFORM|Committed transaction at feature '23000'
2020-04-02 00:21:16|   9.5|  0.3|INFORM|Committed transaction at feature '24000'
2020-04-02 00:21:17|   9.7|  0.3|INFORM|Reading source feature # 25000
2020-04-02 00:21:17|   9.7|  0.0|INFORM|Committed transaction at feature '25000'
2020-04-02 00:21:17|  10.0|  0.3|INFORM|Committed transaction at feature '26000'
2020-04-02 00:21:17|  10.2|  0.3|INFORM|Committed transaction at feature '27000'
2020-04-02 00:21:18|  10.4|  0.1|INFORM|Reading source feature # 27500
2020-04-02 00:21:18|  10.5|  0.1|INFORM|Committed transaction at feature '28000'
2020-04-02 00:21:18|  10.7|  0.3|INFORM|Committed transaction at feature '29000'
2020-04-02 00:21:18|  11.0|  0.3|INFORM|Reading source feature # 30000
2020-04-02 00:21:18|  11.0|  0.0|INFORM|Committed transaction at feature '30000'
2020-04-02 00:21:19|  11.2|  0.3|INFORM|Committed transaction at feature '31000'
2020-04-02 00:21:19|  11.5|  0.3|INFORM|Committed transaction at feature '32000'
2020-04-02 00:21:19|  11.6|  0.1|INFORM|Reading source feature # 32500
2020-04-02 00:21:19|  11.8|  0.1|INFORM|Committed transaction at feature '33000'
2020-04-02 00:21:20|  12.0|  0.3|INFORM|Committed transaction at feature '34000'
2020-04-02 00:21:20|  12.3|  0.3|INFORM|Reading source feature # 35000
2020-04-02 00:21:20|  12.3|  0.0|INFORM|Committed transaction at feature '35000'
2020-04-02 00:21:20|  12.5|  0.3|INFORM|Committed transaction at feature '36000'
2020-04-02 00:21:21|  12.8|  0.3|INFORM|Committed transaction at feature '37000'
2020-04-02 00:21:21|  12.9|  0.1|INFORM|Reading source feature # 37500
2020-04-02 00:21:21|  13.0|  0.1|INFORM|Committed transaction at feature '38000'
2020-04-02 00:21:21|  13.3|  0.3|INFORM|Committed transaction at feature '39000'
2020-04-02 00:21:21|  13.5|  0.3|INFORM|Reading source feature # 40000
2020-04-02 00:21:21|  13.5|  0.0|INFORM|Committed transaction at feature '40000'
2020-04-02 00:21:22|  13.8|  0.3|INFORM|Committed transaction at feature '41000'
2020-04-02 00:21:22|  14.1|  0.3|INFORM|Committed transaction at feature '42000'
2020-04-02 00:21:22|  14.2|  0.1|INFORM|Reading source feature # 42500
2020-04-02 00:21:22|  14.3|  0.1|INFORM|Committed transaction at feature '43000'
2020-04-02 00:21:23|  14.6|  0.3|INFORM|Committed transaction at feature '44000'
2020-04-02 00:21:23|  14.9|  0.3|INFORM|Reading source feature # 45000
2020-04-02 00:21:23|  14.9|  0.0|INFORM|Committed transaction at feature '45000'
2020-04-02 00:21:23|  15.2|  0.3|INFORM|Committed transaction at feature '46000'
2020-04-02 00:21:24|  15.4|  0.3|INFORM|Committed transaction at feature '47000'
2020-04-02 00:21:24|  15.5|  0.1|INFORM|Reading source feature # 47500
2020-04-02 00:21:24|  15.7|  0.1|INFORM|Committed transaction at feature '48000'
2020-04-02 00:21:24|  15.9|  0.3|INFORM|Committed transaction at feature '49000'
2020-04-02 00:21:25|  16.2|  0.3|INFORM|Reading source feature # 50000
2020-04-02 00:21:25|  16.2|  0.0|INFORM|Committed transaction at feature '50000'
2020-04-02 00:21:25|  16.5|  0.3|INFORM|Committed transaction at feature '51000'
2020-04-02 00:21:25|  16.7|  0.3|INFORM|Committed transaction at feature '52000'
2020-04-02 00:21:25|  16.8|  0.1|INFORM|Reading source feature # 52500
2020-04-02 00:21:26|  17.0|  0.1|INFORM|Committed transaction at feature '53000'
2020-04-02 00:21:26|  17.2|  0.3|INFORM|Committed transaction at feature '54000'
2020-04-02 00:21:26|  17.5|  0.3|INFORM|Reading source feature # 55000
2020-04-02 00:21:26|  17.5|  0.0|INFORM|Committed transaction at feature '55000'
2020-04-02 00:21:27|  17.7|  0.3|INFORM|Committed transaction at feature '56000'
2020-04-02 00:21:27|  18.0|  0.3|INFORM|Committed transaction at feature '57000'
2020-04-02 00:21:27|  18.1|  0.1|INFORM|Reading source feature # 57500
2020-04-02 00:21:27|  18.3|  0.1|INFORM|Committed transaction at feature '58000'
2020-04-02 00:21:27|  18.5|  0.3|INFORM|Committed transaction at feature '59000'
2020-04-02 00:21:28|  18.8|  0.3|INFORM|Reading source feature # 60000
2020-04-02 00:21:28|  18.8|  0.0|INFORM|Committed transaction at feature '60000'
2020-04-02 00:21:28|  19.0|  0.3|INFORM|Committed transaction at feature '61000'
2020-04-02 00:21:28|  19.3|  0.3|INFORM|Committed transaction at feature '62000'
2020-04-02 00:21:29|  19.4|  0.1|INFORM|Reading source feature # 62500
2020-04-02 00:21:29|  19.5|  0.1|INFORM|Committed transaction at feature '63000'
2020-04-02 00:21:29|  19.8|  0.3|INFORM|Committed transaction at feature '64000'
2020-04-02 00:21:29|  20.0|  0.3|INFORM|Reading source feature # 65000
2020-04-02 00:21:29|  20.0|  0.0|INFORM|Committed transaction at feature '65000'
2020-04-02 00:21:30|  20.3|  0.3|INFORM|Committed transaction at feature '66000'
2020-04-02 00:21:30|  20.6|  0.3|INFORM|Committed transaction at feature '67000'
2020-04-02 00:21:30|  20.7|  0.1|INFORM|Reading source feature # 67500
2020-04-02 00:21:30|  20.8|  0.1|INFORM|Committed transaction at feature '68000'
2020-04-02 00:21:31|  21.1|  0.3|INFORM|Committed transaction at feature '69000'
2020-04-02 00:21:31|  21.4|  0.3|INFORM|Reading source feature # 70000
2020-04-02 00:21:31|  21.4|  0.0|INFORM|Committed transaction at feature '70000'
2020-04-02 00:21:31|  21.7|  0.3|INFORM|Committed transaction at feature '71000'
2020-04-02 00:21:32|  21.9|  0.3|INFORM|Committed transaction at feature '72000'
2020-04-02 00:21:32|  22.0|  0.1|INFORM|Reading source feature # 72500
2020-04-02 00:21:32|  22.2|  0.1|INFORM|Committed transaction at feature '73000'
2020-04-02 00:21:32|  22.4|  0.2|INFORM|Committed transaction at feature '74000'
2020-04-02 00:21:33|  22.7|  0.3|INFORM|Reading source feature # 75000
2020-04-02 00:21:33|  22.7|  0.0|INFORM|Committed transaction at feature '75000'
2020-04-02 00:21:33|  22.9|  0.3|INFORM|Committed transaction at feature '76000'
2020-04-02 00:21:33|  23.2|  0.3|INFORM|Committed transaction at feature '77000'
2020-04-02 00:21:33|  23.3|  0.1|INFORM|Reading source feature # 77500
2020-04-02 00:21:34|  23.5|  0.1|INFORM|Committed transaction at feature '78000'
2020-04-02 00:21:34|  23.7|  0.3|INFORM|Committed transaction at feature '79000'
2020-04-02 00:21:34|  24.0|  0.3|INFORM|Reading source feature # 80000
2020-04-02 00:21:34|  24.0|  0.0|INFORM|Committed transaction at feature '80000'
2020-04-02 00:21:34|  24.3|  0.3|INFORM|Committed transaction at feature '81000'
2020-04-02 00:21:35|  24.5|  0.3|INFORM|Committed transaction at feature '82000'
2020-04-02 00:21:35|  24.6|  0.1|INFORM|Reading source feature # 82500
2020-04-02 00:21:35|  24.8|  0.1|INFORM|Committed transaction at feature '83000'
2020-04-02 00:21:35|  25.0|  0.3|INFORM|Committed transaction at feature '84000'
2020-04-02 00:21:36|  25.3|  0.3|INFORM|Reading source feature # 85000
2020-04-02 00:21:36|  25.3|  0.0|INFORM|Committed transaction at feature '85000'
2020-04-02 00:21:36|  25.5|  0.3|INFORM|Committed transaction at feature '86000'
2020-04-02 00:21:36|  25.8|  0.3|INFORM|Committed transaction at feature '87000'
2020-04-02 00:21:37|  26.0|  0.1|INFORM|Reading source feature # 87500
2020-04-02 00:21:37|  26.1|  0.1|INFORM|Committed transaction at feature '88000'
2020-04-02 00:21:37|  26.4|  0.3|INFORM|Committed transaction at feature '89000'
2020-04-02 00:21:37|  26.6|  0.3|INFORM|Reading source feature # 90000
2020-04-02 00:21:37|  26.6|  0.0|INFORM|Committed transaction at feature '90000'
2020-04-02 00:21:38|  26.9|  0.3|INFORM|Committed transaction at feature '91000'
2020-04-02 00:21:38|  27.2|  0.3|INFORM|Committed transaction at feature '92000'
2020-04-02 00:21:38|  27.3|  0.1|INFORM|Reading source feature # 92500
2020-04-02 00:21:38|  27.4|  0.1|INFORM|Committed transaction at feature '93000'
2020-04-02 00:21:39|  27.7|  0.3|INFORM|Committed transaction at feature '94000'
2020-04-02 00:21:39|  27.9|  0.3|INFORM|Reading source feature # 95000
2020-04-02 00:21:39|  27.9|  0.0|INFORM|Committed transaction at feature '95000'
2020-04-02 00:21:39|  28.2|  0.3|INFORM|Committed transaction at feature '96000'
2020-04-02 00:21:40|  28.5|  0.3|INFORM|Committed transaction at feature '97000'
2020-04-02 00:21:40|  28.6|  0.2|INFORM|Reading source feature # 97500
2020-04-02 00:21:40|  28.7|  0.1|INFORM|Committed transaction at feature '98000'
2020-04-02 00:21:40|  29.0|  0.3|INFORM|Committed transaction at feature '99000'
2020-04-02 00:21:41|  29.2|  0.3|INFORM|Reading source feature # 100000
2020-04-02 00:21:41|  29.2|  0.0|INFORM|Committed transaction at feature '100000'
2020-04-02 00:21:41|  29.5|  0.3|INFORM|Committed transaction at feature '101000'
2020-04-02 00:21:41|  29.8|  0.3|INFORM|Committed transaction at feature '102000'
2020-04-02 00:21:41|  29.9|  0.1|INFORM|Reading source feature # 102500
2020-04-02 00:21:42|  30.0|  0.1|INFORM|Committed transaction at feature '103000'
2020-04-02 00:21:42|  30.3|  0.3|INFORM|Committed transaction at feature '104000'
2020-04-02 00:21:42|  30.7|  0.3|INFORM|Reading source feature # 105000
2020-04-02 00:21:42|  30.7|  0.0|INFORM|Committed transaction at feature '105000'
2020-04-02 00:21:43|  31.0|  0.3|INFORM|Committed transaction at feature '106000'
2020-04-02 00:21:43|  31.2|  0.3|INFORM|Committed transaction at feature '107000'
2020-04-02 00:21:43|  31.3|  0.1|INFORM|Reading source feature # 107500
2020-04-02 00:21:43|  31.5|  0.1|INFORM|Committed transaction at feature '108000'
2020-04-02 00:21:44|  31.7|  0.3|INFORM|Committed transaction at feature '109000'
2020-04-02 00:21:44|  32.0|  0.3|INFORM|Reading source feature # 110000
2020-04-02 00:21:44|  32.0|  0.0|INFORM|Committed transaction at feature '110000'
2020-04-02 00:21:44|  32.3|  0.3|INFORM|Committed transaction at feature '111000'
2020-04-02 00:21:45|  32.5|  0.3|INFORM|Committed transaction at feature '112000'
2020-04-02 00:21:45|  32.6|  0.1|INFORM|Reading source feature # 112500
2020-04-02 00:21:45|  32.8|  0.1|INFORM|Committed transaction at feature '113000'
2020-04-02 00:21:45|  33.0|  0.3|INFORM|Committed transaction at feature '114000'
2020-04-02 00:21:46|  33.3|  0.3|INFORM|Reading source feature # 115000
2020-04-02 00:21:46|  33.3|  0.0|INFORM|Committed transaction at feature '115000'
2020-04-02 00:21:46|  33.6|  0.3|INFORM|Committed transaction at feature '116000'
2020-04-02 00:21:46|  33.9|  0.3|INFORM|Committed transaction at feature '117000'
2020-04-02 00:21:46|  34.0|  0.1|INFORM|Reading source feature # 117500
2020-04-02 00:21:47|  34.2|  0.2|INFORM|Committed transaction at feature '118000'
2020-04-02 00:21:47|  34.5|  0.3|INFORM|Committed transaction at feature '119000'
2020-04-02 00:21:47|  34.8|  0.3|INFORM|Reading source feature # 120000
2020-04-02 00:21:47|  34.8|  0.0|INFORM|Committed transaction at feature '120000'
2020-04-02 00:21:48|  35.1|  0.3|INFORM|Committed transaction at feature '121000'
2020-04-02 00:21:48|  35.4|  0.3|INFORM|Committed transaction at feature '122000'
2020-04-02 00:21:48|  35.6|  0.2|INFORM|Reading source feature # 122500
2020-04-02 00:21:48|  35.7|  0.1|INFORM|Committed transaction at feature '123000'
2020-04-02 00:21:49|  36.0|  0.3|INFORM|Committed transaction at feature '124000'
2020-04-02 00:21:49|  36.3|  0.3|INFORM|Reading source feature # 125000
2020-04-02 00:21:49|  36.3|  0.0|INFORM|Committed transaction at feature '125000'
2020-04-02 00:21:49|  36.6|  0.3|INFORM|Committed transaction at feature '126000'
2020-04-02 00:21:50|  36.9|  0.3|INFORM|Committed transaction at feature '127000'
2020-04-02 00:21:50|  37.1|  0.2|INFORM|Reading source feature # 127500
2020-04-02 00:21:50|  37.2|  0.1|INFORM|Committed transaction at feature '128000'
2020-04-02 00:21:51|  37.5|  0.3|INFORM|Committed transaction at feature '129000'
2020-04-02 00:21:51|  37.8|  0.3|INFORM|Reading source feature # 130000
2020-04-02 00:21:51|  37.8|  0.0|INFORM|Committed transaction at feature '130000'
2020-04-02 00:21:51|  38.1|  0.3|INFORM|Committed transaction at feature '131000'
2020-04-02 00:21:52|  38.5|  0.3|INFORM|Committed transaction at feature '132000'
2020-04-02 00:21:52|  38.6|  0.2|INFORM|Reading source feature # 132500
2020-04-02 00:21:52|  38.8|  0.1|INFORM|Committed transaction at feature '133000'
2020-04-02 00:21:52|  39.1|  0.3|INFORM|Committed transaction at feature '134000'
2020-04-02 00:21:53|  39.4|  0.3|INFORM|Reading source feature # 135000
2020-04-02 00:21:53|  39.4|  0.0|INFORM|Committed transaction at feature '135000'
2020-04-02 00:21:53|  39.7|  0.3|INFORM|Committed transaction at feature '136000'
2020-04-02 00:21:53|  40.0|  0.3|INFORM|Committed transaction at feature '137000'
2020-04-02 00:21:54|  40.1|  0.1|INFORM|Reading source feature # 137500
2020-04-02 00:21:54|  40.3|  0.2|INFORM|Committed transaction at feature '138000'
2020-04-02 00:21:54|  40.6|  0.3|INFORM|Committed transaction at feature '139000'
2020-04-02 00:21:55|  40.9|  0.3|INFORM|Reading source feature # 140000
2020-04-02 00:21:55|  40.9|  0.0|INFORM|Committed transaction at feature '140000'
2020-04-02 00:21:55|  41.2|  0.3|INFORM|Committed transaction at feature '141000'
2020-04-02 00:21:55|  41.5|  0.3|INFORM|Committed transaction at feature '142000'
2020-04-02 00:21:56|  41.7|  0.1|INFORM|Reading source feature # 142500
2020-04-02 00:21:56|  41.8|  0.1|INFORM|Committed transaction at feature '143000'
2020-04-02 00:21:56|  42.1|  0.3|INFORM|Committed transaction at feature '144000'
2020-04-02 00:21:56|  42.4|  0.3|INFORM|Reading source feature # 145000
2020-04-02 00:21:56|  42.4|  0.0|INFORM|Committed transaction at feature '145000'
2020-04-02 00:21:57|  42.7|  0.3|INFORM|Committed transaction at feature '146000'
2020-04-02 00:21:57|  43.0|  0.3|INFORM|Committed transaction at feature '147000'
2020-04-02 00:21:57|  43.2|  0.2|INFORM|Reading source feature # 147500
2020-04-02 00:21:58|  43.4|  0.2|INFORM|Committed transaction at feature '148000'
2020-04-02 00:21:58|  43.7|  0.3|INFORM|Committed transaction at feature '149000'
2020-04-02 00:21:58|  44.0|  0.3|INFORM|Reading source feature # 150000
2020-04-02 00:21:58|  44.0|  0.0|INFORM|Committed transaction at feature '150000'
2020-04-02 00:21:59|  44.3|  0.3|INFORM|Committed transaction at feature '151000'
2020-04-02 00:21:59|  44.6|  0.3|INFORM|Committed transaction at feature '152000'
2020-04-02 00:21:59|  44.7|  0.2|INFORM|Reading source feature # 152500
2020-04-02 00:21:59|  44.9|  0.2|INFORM|Committed transaction at feature '153000'
2020-04-02 00:22:00|  45.2|  0.3|INFORM|Committed transaction at feature '154000'
2020-04-02 00:22:00|  45.5|  0.3|INFORM|Reading source feature # 155000
2020-04-02 00:22:00|  45.5|  0.0|INFORM|Committed transaction at feature '155000'
2020-04-02 00:22:00|  45.8|  0.3|INFORM|Committed transaction at feature '156000'
2020-04-02 00:22:01|  46.1|  0.3|INFORM|Committed transaction at feature '157000'
2020-04-02 00:22:01|  46.3|  0.2|INFORM|Reading source feature # 157500
2020-04-02 00:22:01|  46.4|  0.1|INFORM|Committed transaction at feature '158000'
2020-04-02 00:22:02|  46.8|  0.3|INFORM|Committed transaction at feature '159000'
2020-04-02 00:22:02|  47.1|  0.3|INFORM|Reading source feature # 160000
2020-04-02 00:22:02|  47.1|  0.0|INFORM|Committed transaction at feature '160000'
2020-04-02 00:22:02|  47.4|  0.3|INFORM|Committed transaction at feature '161000'
2020-04-02 00:22:03|  47.7|  0.3|INFORM|Committed transaction at feature '162000'
2020-04-02 00:22:03|  47.8|  0.1|INFORM|Reading source feature # 162500
2020-04-02 00:22:03|  48.0|  0.2|INFORM|Committed transaction at feature '163000'
2020-04-02 00:22:03|  48.3|  0.3|INFORM|Committed transaction at feature '164000'
2020-04-02 00:22:04|  48.7|  0.3|INFORM|Reading source feature # 165000
2020-04-02 00:22:04|  48.7|  0.0|INFORM|Committed transaction at feature '165000'
2020-04-02 00:22:04|  49.0|  0.3|INFORM|Committed transaction at feature '166000'
2020-04-02 00:22:05|  49.3|  0.3|INFORM|Committed transaction at feature '167000'
2020-04-02 00:22:05|  49.4|  0.1|INFORM|Reading source feature # 167500
2020-04-02 00:22:05|  49.6|  0.1|INFORM|Committed transaction at feature '168000'
2020-04-02 00:22:05|  49.9|  0.3|INFORM|Committed transaction at feature '169000'
2020-04-02 00:22:06|  50.2|  0.3|INFORM|Reading source feature # 170000
2020-04-02 00:22:06|  50.2|  0.0|INFORM|Committed transaction at feature '170000'
2020-04-02 00:22:06|  50.5|  0.3|INFORM|Committed transaction at feature '171000'
2020-04-02 00:22:06|  50.8|  0.3|INFORM|Committed transaction at feature '172000'
2020-04-02 00:22:06|  50.9|  0.2|INFORM|Reading source feature # 172500
2020-04-02 00:22:07|  51.1|  0.2|INFORM|Committed transaction at feature '173000'
2020-04-02 00:22:07|  51.4|  0.3|INFORM|Committed transaction at feature '174000'
2020-04-02 00:22:07|  51.7|  0.3|INFORM|Reading source feature # 175000
2020-04-02 00:22:07|  51.7|  0.0|INFORM|Committed transaction at feature '175000'
2020-04-02 00:22:08|  52.0|  0.3|INFORM|Committed transaction at feature '176000'
2020-04-02 00:22:08|  52.3|  0.3|INFORM|Committed transaction at feature '177000'
2020-04-02 00:22:08|  52.4|  0.2|INFORM|Reading source feature # 177500
2020-04-02 00:22:08|  52.6|  0.2|INFORM|Committed transaction at feature '178000'
2020-04-02 00:22:09|  52.9|  0.3|INFORM|Committed transaction at feature '179000'
2020-04-02 00:22:09|  53.2|  0.3|INFORM|Reading source feature # 180000
2020-04-02 00:22:09|  53.2|  0.0|INFORM|Committed transaction at feature '180000'
2020-04-02 00:22:10|  53.5|  0.3|INFORM|Committed transaction at feature '181000'
2020-04-02 00:22:10|  53.8|  0.3|INFORM|Committed transaction at feature '182000'
2020-04-02 00:22:10|  53.9|  0.1|INFORM|Reading source feature # 182500
2020-04-02 00:22:10|  54.1|  0.2|INFORM|Committed transaction at feature '183000'
2020-04-02 00:22:11|  54.4|  0.3|INFORM|Committed transaction at feature '184000'
2020-04-02 00:22:11|  54.7|  0.3|INFORM|Reading source feature # 185000
2020-04-02 00:22:11|  54.7|  0.0|INFORM|Committed transaction at feature '185000'
2020-04-02 00:22:11|  55.0|  0.3|INFORM|Committed transaction at feature '186000'
2020-04-02 00:22:12|  55.3|  0.3|INFORM|Committed transaction at feature '187000'
2020-04-02 00:22:12|  55.4|  0.1|INFORM|Reading source feature # 187500
2020-04-02 00:22:12|  55.6|  0.2|INFORM|Committed transaction at feature '188000'
2020-04-02 00:22:12|  55.8|  0.3|INFORM|Committed transaction at feature '189000'
2020-04-02 00:22:13|  56.1|  0.3|INFORM|Reading source feature # 190000
2020-04-02 00:22:13|  56.1|  0.0|INFORM|Committed transaction at feature '190000'
2020-04-02 00:22:13|  56.4|  0.3|INFORM|Committed transaction at feature '191000'
2020-04-02 00:22:13|  56.7|  0.3|INFORM|Committed transaction at feature '192000'
2020-04-02 00:22:14|  56.8|  0.1|INFORM|Reading source feature # 192500
2020-04-02 00:22:14|  57.0|  0.2|INFORM|Committed transaction at feature '193000'
2020-04-02 00:22:14|  57.3|  0.3|INFORM|Committed transaction at feature '194000'
2020-04-02 00:22:14|  57.6|  0.3|INFORM|Reading source feature # 195000
2020-04-02 00:22:14|  57.6|  0.0|INFORM|Committed transaction at feature '195000'
2020-04-02 00:22:15|  57.9|  0.3|INFORM|Committed transaction at feature '196000'
2020-04-02 00:22:15|  58.2|  0.3|INFORM|Committed transaction at feature '197000'
2020-04-02 00:22:15|  58.3|  0.2|INFORM|Reading source feature # 197500
2020-04-02 00:22:16|  58.5|  0.2|INFORM|Committed transaction at feature '198000'
2020-04-02 00:22:16|  58.8|  0.3|INFORM|Committed transaction at feature '199000'
2020-04-02 00:22:16|  59.1|  0.3|INFORM|Reading source feature # 200000
2020-04-02 00:22:16|  59.1|  0.0|INFORM|Committed transaction at feature '200000'
2020-04-02 00:22:17|  59.4|  0.3|INFORM|Committed transaction at feature '201000'
2020-04-02 00:22:17|  59.6|  0.3|INFORM|Committed transaction at feature '202000'
2020-04-02 00:22:17|  59.7|  0.1|INFORM|Reading source feature # 202500
2020-04-02 00:22:17|  59.9|  0.1|INFORM|Committed transaction at feature '203000'
2020-04-02 00:22:18|  60.2|  0.3|INFORM|Committed transaction at feature '204000'
2020-04-02 00:22:18|  60.5|  0.3|INFORM|Reading source feature # 205000
2020-04-02 00:22:18|  60.5|  0.0|INFORM|Committed transaction at feature '205000'
2020-04-02 00:22:18|  60.7|  0.3|INFORM|Committed transaction at feature '206000'
2020-04-02 00:22:19|  61.0|  0.3|INFORM|Committed transaction at feature '207000'
2020-04-02 00:22:19|  61.0|  0.1|INFORM|Microsoft SQL Server Non-Spatial Reader: Database read complete.  Retrieved 207192 feature(s)
2020-04-02 00:22:19|  61.0|  0.0|INFORM|Emptying factory pipeline
2020-04-02 00:22:19|  61.0|  0.0|STATS |Router and Unexpected Input Remover(RoutingFactory): Tested 207192 input feature(s), wrote 207192 output feature(s): 207192 matched merge filters, 207192 were routed to output, 0 could not be routed.
2020-04-02 00:22:19|  61.0|  0.0|STATS |amd.permit_contractors (MSSQL_ADO_2) Splitter(TeeFactory): Cloned 207192 input feature(s) into 207192 output feature(s)
2020-04-02 00:22:19|  61.0|  0.0|STATS |Destination Feature Type Routing Correlator(RoutingFactory): Tested 207192 input feature(s), wrote 207192 output feature(s): 0 matched merge filters, 207192 were routed to output, 0 could not be routed.
2020-04-02 00:22:19|  61.0|  0.0|STATS |Final Output Nuker(TeeFactory): Cloned 0 input feature(s) into 0 output feature(s)
2020-04-02 00:22:19|  61.0|  0.0|INFORM|Successfully closed POSTGRES database writer
2020-04-02 00:22:19|  61.0|  0.0|INFORM|=-=-=-=-=-=-=-=-=-=-=-=-=-=-=-=-=-=-=-=-=-=-=-=-=-=-=-=-=-=-=-=-=-=-=-=-=-=-=-
2020-04-02 00:22:19|  61.0|  0.0|INFORM|Feature output statistics for `POSTGRES' writer using keyword `POSTGRES_1':
2020-04-02 00:22:19|  61.0|  0.0|STATS |=-=-=-=-=-=-=-=-=-=-=-=-=-=-=-=-=-=-=-=-=-=-=-=-=-=-=-=-=-=-=-=-=-=-=-=-=-=-=-
2020-04-02 00:22:19|  61.0|  0.0|STATS |                               Features Written
2020-04-02 00:22:19|  61.0|  0.0|STATS |=-=-=-=-=-=-=-=-=-=-=-=-=-=-=-=-=-=-=-=-=-=-=-=-=-=-=-=-=-=-=-=-=-=-=-=-=-=-=-
2020-04-02 00:22:19|  61.0|  0.0|STATS |internal.permit_contractors                                             207192
2020-04-02 00:22:19|  61.0|  0.0|STATS |==============================================================================
2020-04-02 00:22:19|  61.0|  0.0|STATS |Total Features Written                                                  207192
2020-04-02 00:22:19|  61.0|  0.0|STATS |=-=-=-=-=-=-=-=-=-=-=-=-=-=-=-=-=-=-=-=-=-=-=-=-=-=-=-=-=-=-=-=-=-=-=-=-=-=-=-
2020-04-02 00:22:19|  61.0|  0.0|STATS |=-=-=-=-=-=-=-=-=-=-=-=-=-=-=-=-=-=-=-=-=-=-=-=-=-=-=-=-=-=-=-=-=-=-=-=-=-=-=-
2020-04-02 00:22:19|  61.0|  0.0|STATS |                            Features Read Summary
2020-04-02 00:22:19|  61.0|  0.0|STATS |=-=-=-=-=-=-=-=-=-=-=-=-=-=-=-=-=-=-=-=-=-=-=-=-=-=-=-=-=-=-=-=-=-=-=-=-=-=-=-
2020-04-02 00:22:19|  61.0|  0.0|STATS |amd.permit_contractors                                                  207192
2020-04-02 00:22:19|  61.0|  0.0|STATS |==============================================================================
2020-04-02 00:22:19|  61.0|  0.0|STATS |Total Features Read                                                     207192
2020-04-02 00:22:19|  61.0|  0.0|STATS |=-=-=-=-=-=-=-=-=-=-=-=-=-=-=-=-=-=-=-=-=-=-=-=-=-=-=-=-=-=-=-=-=-=-=-=-=-=-=-
2020-04-02 00:22:19|  61.0|  0.0|STATS |=-=-=-=-=-=-=-=-=-=-=-=-=-=-=-=-=-=-=-=-=-=-=-=-=-=-=-=-=-=-=-=-=-=-=-=-=-=-=-
2020-04-02 00:22:19|  61.0|  0.0|STATS |                           Features Written Summary
2020-04-02 00:22:19|  61.0|  0.0|STATS |=-=-=-=-=-=-=-=-=-=-=-=-=-=-=-=-=-=-=-=-=-=-=-=-=-=-=-=-=-=-=-=-=-=-=-=-=-=-=-
2020-04-02 00:22:19|  61.0|  0.0|STATS |internal.permit_contractors                                             207192
2020-04-02 00:22:19|  61.0|  0.0|STATS |==============================================================================
2020-04-02 00:22:19|  61.0|  0.0|STATS |Total Features Written                                                  207192
2020-04-02 00:22:19|  61.0|  0.0|STATS |=-=-=-=-=-=-=-=-=-=-=-=-=-=-=-=-=-=-=-=-=-=-=-=-=-=-=-=-=-=-=-=-=-=-=-=-=-=-=-
2020-04-02 00:22:19|  61.0|  0.0|INFORM|Microsoft SQL Server Non-Spatial Reader: Closing `accela' . Read operation complete
2020-04-02 00:22:19|  61.0|  0.0|INFORM|Translation was SUCCESSFUL with 0 warning(s) (207192 feature(s) output)
2020-04-02 00:22:19|  61.0|  0.0|INFORM|FME Session Duration: 1 minute 14.0 seconds. (CPU: 59.7s user, 1.2s system)
2020-04-02 00:22:19|  61.0|  0.0|INFORM|END - ProcessID: 8668, peak process memory usage: 79748 kB, current process memory usage: 79160 kB
