2020-04-02 00:14:05|   0.1|  0.1|INFORM|FME 2017.1.1.1 (20171014 - Build 17652 - WIN32)
2020-04-02 00:14:05|   0.1|  0.0|INFORM|FME_HOME is 'c:\FME2017\'
2020-04-02 00:14:05|   0.1|  0.0|INFORM|FME Desktop ESRI Edition (floating)
2020-04-02 00:14:05|   0.1|  0.0|INFORM|Permanent License.
2020-04-02 00:14:05|   0.1|  0.0|INFORM|Machine host name is: coa-gis-fme2
2020-04-02 00:14:05|   0.1|  0.0|INFORM|START - ProcessID: 6252, peak process memory usage: 31652 kB, current process memory usage: 31628 kB
2020-04-02 00:14:05|   0.1|  0.0|INFORM|FME Configuration: Command line arguments are `c:\FME2017\fme' `C:\COA\bedrock\working_directory\budget_transforms/budget_mapping_sheetTOwh.fmw'
2020-04-02 00:14:05|   0.2|  0.1|INFORM|Shared folders for formats are : c:\FME2017\datasources;C:\Users\mssqlgisadmin\Documents\FME\Formats
2020-04-02 00:14:05|   0.2|  0.0|INFORM|Shared folders for transformers are : c:\FME2017\transformers;C:\Users\mssqlgisadmin\Documents\FME\Transformers;C:\Users\mssqlgisadmin\AppData\Roaming\Safe Software\FME\FME Store\Transformers
2020-04-02 00:14:05|   0.2|  0.0|INFORM|Shared folders for coordinate systems are : C:\Users\mssqlgisadmin\Documents\FME\CoordinateSystems
2020-04-02 00:14:05|   0.2|  0.0|INFORM|Shared folders for coordinate system exceptions are : C:\Users\mssqlgisadmin\Documents\FME\CoordinateSystemExceptions
2020-04-02 00:14:05|   0.2|  0.0|INFORM|Shared folders for coordinate system grid overrides are : C:\Users\mssqlgisadmin\Documents\FME\CoordinateSystemGridOverrides
2020-04-02 00:14:05|   0.2|  0.0|INFORM|Shared folders for CS-MAP transformation exceptions are : C:\Users\mssqlgisadmin\Documents\FME\CsmapTransformationExceptions
2020-04-02 00:14:05|   0.2|  0.0|INFORM|Shared folders for transformer categories are : C:\Users\mssqlgisadmin\Documents\FME\TransformerCategories
2020-04-02 00:14:05|   0.2|  0.0|INFORM|FME Configuration: Reader Keyword is `MULTI_READER'
2020-04-02 00:14:05|   0.2|  0.0|INFORM|FME Configuration: Writer Keyword is `MULTI_WRITER'
2020-04-02 00:14:05|   0.2|  0.0|INFORM|FME Configuration: Writer Group Definition Keyword is `MULTI_WRITER_DEF'
2020-04-02 00:14:05|   0.2|  0.0|INFORM|FME Configuration: Reader type is `MULTI_READER'
2020-04-02 00:14:05|   0.2|  0.0|INFORM|FME Configuration: Writer type is `MULTI_WRITER'
2020-04-02 00:14:05|   0.2|  0.0|INFORM|FME Configuration: No destination coordinate system set
2020-04-02 00:14:05|   0.2|  0.0|INFORM|FME Configuration: Current working folder is `C:\COA\bedrock\working_directory\budget_transforms'
2020-04-02 00:14:05|   0.2|  0.0|INFORM|FME Configuration: Temporary folder is `C:\Users\MSSQLG~1\AppData\Local\Temp', set from environment variable `TEMP'
2020-04-02 00:14:05|   0.2|  0.0|INFORM|FME Configuration: FME_HOME is `c:\FME2017\'
2020-04-02 00:14:05|   0.2|  0.0|INFORM|FME Configuration: FME_BASE is 'no'
2020-04-02 00:14:05|   0.2|  0.0|INFORM|FME Configuration: FME_MF_DIR is 'C:\COA\bedrock\working_directory\budget_transforms/'
2020-04-02 00:14:05|   0.2|  0.0|INFORM|FME Configuration: FME_MF_NAME is 'budget_mapping_sheetTOwh.fmw'
2020-04-02 00:14:05|   0.2|  0.0|INFORM|FME Configuration: FME_PRODUCT_NAME is 'FME(R) 2017.1.1.1'
2020-04-02 00:14:05|   0.2|  0.0|INFORM|System Status: 95.11 GB of disk space available in the FME temporary folder (C:\Users\MSSQLG~1\AppData\Local\Temp)
2020-04-02 00:14:05|   0.2|  0.0|INFORM|System Status: 4.00 GB of virtual memory available
2020-04-02 00:14:05|   0.2|  0.0|INFORM|Operating System: Microsoft Windows Server 2012 R2 Server 4.0 64-bit  (Build 9600)
2020-04-02 00:14:05|   0.2|  0.0|INFORM|FME Platform: WIN32
2020-04-02 00:14:05|   0.2|  0.0|INFORM|Locale: en_US
2020-04-02 00:14:05|   0.2|  0.0|INFORM|Code Page: 1252  (ANSI - Latin I)
2020-04-02 00:14:05|   0.2|  0.0|INFORM|FME Configuration: Process limits are 8.00 GB of physical memory and 4.00 GB of address space
2020-04-02 00:14:05|   0.2|  0.0|INFORM|FME Configuration: Start freeing memory when process usage exceeds 2.83 GB of memory or 3.41 GB of address space
2020-04-02 00:14:05|   0.2|  0.0|INFORM|FME Configuration: Stop freeing memory when process usage is below 2.12 GB of memory and 2.56 GB of address space
2020-04-02 00:14:05|   0.3|  0.1|INFORM|Creating writer for format: 
2020-04-02 00:14:05|   0.3|  0.0|INFORM|Creating reader for format: 
2020-04-02 00:14:05|   0.3|  0.0|INFORM|MULTI_READER(MULTI_READER): Will fail with first member reader failure
2020-04-02 00:14:05|   0.3|  0.0|INFORM|MULTI_READER(MULTI_READER): Adding GOOGLESHEETS Reader with keyword GOOGLESHEETS_1
2020-04-02 00:14:05|   0.3|  0.0|INFORM|MULTI_READER(MULTI_READER): Adding GOOGLESHEETS Reader with keyword GOOGLESHEETS_2
2020-04-02 00:14:05|   0.3|  0.0|INFORM|MULTI_READER(MULTI_READER): Adding GOOGLESHEETS Reader with keyword GOOGLESHEETS_3
2020-04-02 00:14:05|   0.3|  0.0|INFORM|MULTI_READER(MULTI_READER): Adding GOOGLESHEETS Reader with keyword GOOGLESHEETS_4
2020-04-02 00:14:05|   0.3|  0.0|INFORM|MULTI_READER(MULTI_READER): Adding GOOGLESHEETS Reader with keyword GOOGLESHEETS_5
2020-04-02 00:14:05|   0.3|  0.0|INFORM|MULTI_READER(MULTI_READER): Adding GOOGLESHEETS Reader with keyword GOOGLESHEETS_6
2020-04-02 00:14:05|   0.3|  0.0|INFORM|MULTI_READER(MULTI_READER): Adding GOOGLESHEETS Reader with keyword GOOGLESHEETS_7
2020-04-02 00:14:05|   0.3|  0.0|INFORM|Using Multi Reader with keyword `MULTI_READER' to read multiple datasets
2020-04-02 00:14:05|   0.5|  0.1|INFORM|Creating reader for format: Google Sheets
2020-04-02 00:14:05|   0.5|  0.1|INFORM|Trying to find a PYTHON plugin for reader named `GOOGLESHEETS'
2020-04-02 00:14:05|   0.5|  0.0|INFORM|Using Python interpreter from `c:\FME2017\fmepython27\python27.dll' with PYTHONHOME `c:\FME2017\fmepython27'
2020-04-02 00:14:05|   0.6|  0.0|INFORM|Python version 2.7 loaded successfully
2020-04-02 00:14:06|   0.7|  0.1|INFORM|Loaded Python module `googlesheets' from file `c:\FME2017\plugins/python27\googlesheets\__init__.pyc'
2020-04-02 00:14:22|   1.6|  0.9|INFORM|Google Sheets Reader: Looking for spreadsheet with ID '1mCG5vgN9SLyP1OOSGViOtjazC_lcltuuiTNRsHr51IE', based on URL 'https://docs.google.com/spreadsheets/d/1mCG5vgN9SLyP1OOSGViOtjazC_lcltuuiTNRsHr51IE/edit?usp=sharing'
2020-04-02 00:14:22|   1.6|  0.0|INFORM|Google Sheets: Requesting access token from OAuth 2.0 endpoint
2020-04-02 00:14:25|   2.7|  1.2|INFORM|Google Sheets Reader: Found spreadsheet 'BudgetMappings' with ID '1mCG5vgN9SLyP1OOSGViOtjazC_lcltuuiTNRsHr51IE'
2020-04-02 00:14:25|   2.7|  0.0|INFORM|Using MultiWriter with keyword `MULTI_WRITER' to output data (ID_ATTRIBUTE is `multi_writer_id')
2020-04-02 00:14:25|   2.7|  0.0|INFORM|Writer output will be ordered by value of multi_writer_id
2020-04-02 00:14:25|   2.8|  0.0|INFORM|Google Sheets Reader: Downloading cells for 1 rows from worksheet 'categories', in range A1:B1
2020-04-02 00:14:25|   2.8|  0.0|INFORM|Google Sheets Reader: Inferring schema for worksheet 'categories' by interpreting row 1 as field names
2020-04-02 00:14:25|   2.8|  0.0|INFORM|Google Sheets Reader: Downloading cells for 1000 rows from worksheet 'categories', in range A2:B1001
2020-04-02 00:14:27|   4.4|  1.6|INFORM|FME Configuration: Named Connection Storage: 'C:\Users\mssqlgisadmin\AppData\Roaming\Safe Software\FME\'
2020-04-02 00:14:27|   4.4|  0.0|INFORM|FME Configuration: Using Named Connection values from 'mda-store-1' for POSTGRES_1
2020-04-02 00:14:27|   4.4|  0.0|INFORM|Creating writer for format: PostgreSQL
2020-04-02 00:14:27|   4.5|  0.1|INFORM|Trying to find a DYNAMIC plugin for writer named `POSTGRES'
2020-04-02 00:14:27|   4.5|  0.0|WARN  |Error prepending '<FME_HOME>/plugins/' to path environment variable.  The addition may not exist, or on Windows the resulting path may be longer than 2047 characters
2020-04-02 00:14:27|   4.5|  0.0|INFORM|Loaded module 'POSTGRES' from file 'c:\FME2017\plugins/POSTGIS.dll'
2020-04-02 00:14:27|   4.5|  0.0|INFORM|FME API version of module 'POSTGRES' matches current internal version (3.8 20170315)
2020-04-02 00:14:27|   4.5|  0.0|INFORM|FME Configuration: No destination coordinate system set
2020-04-02 00:14:27|   4.5|  0.0|INFORM|FME API version of module 'POSTGRES' matches current internal version (3.8 20170315)
2020-04-02 00:14:27|   4.5|  0.0|INFORM|Writer `POSTGRES_1' of type `POSTGRES' using group definition keyword `POSTGRES_1_DEF'
2020-04-02 00:14:27|   4.5|  0.0|INFORM|FME API version of module 'POSTGRES' matches current internal version (3.8 20170315)
2020-04-02 00:14:27|   4.5|  0.0|INFORM|Opening POSTGRES writer for dataset 'mdastore1'...
2020-04-02 00:14:29|   5.5|  1.1|INFORM|PostGIS client encoding: 'UTF8'
2020-04-02 00:14:29|   5.5|  0.0|INFORM|PostgreSQL 10.4 on x86_64-pc-linux-gnu, compiled by gcc (GCC) 4.8.3 20140911 (Red Hat 4.8.3-9), 64-bit
2020-04-02 00:14:29|   5.5|  0.0|INFORM|Testing for the existence of table 'internal.budget_categories'...
2020-04-02 00:14:29|   5.5|  0.0|INFORM|Truncating existing table 'internal.budget_categories'...
2020-04-02 00:14:29|   5.5|  0.0|INFORM|Using existing table 'internal.budget_categories'
2020-04-02 00:14:29|   5.5|  0.0|INFORM|POSTGRES Writer: Creating 'streaming Bulk Copy' feature type processor for feature type 'internal.budget_categories'
2020-04-02 00:14:29|   5.5|  0.0|INFORM|Creating reader for format: Google Sheets
2020-04-02 00:14:29|   5.5|  0.0|INFORM|Trying to find a PYTHON plugin for reader named `GOOGLESHEETS'
2020-04-02 00:14:29|   5.5|  0.0|INFORM|Loaded Python module `googlesheets' from file `c:\FME2017\plugins/python27\googlesheets\__init__.pyc'
2020-04-02 00:14:29|   5.5|  0.0|INFORM|Google Sheets Reader: Looking for spreadsheet with ID '1mCG5vgN9SLyP1OOSGViOtjazC_lcltuuiTNRsHr51IE', based on URL 'https://docs.google.com/spreadsheets/d/1mCG5vgN9SLyP1OOSGViOtjazC_lcltuuiTNRsHr51IE/edit?usp=sharing'
2020-04-02 00:14:29|   5.5|  0.0|INFORM|Google Sheets: Requesting access token from OAuth 2.0 endpoint
2020-04-02 00:14:30|   5.6|  0.1|INFORM|Google Sheets Reader: Found spreadsheet 'BudgetMappings' with ID '1mCG5vgN9SLyP1OOSGViOtjazC_lcltuuiTNRsHr51IE'
2020-04-02 00:14:30|   5.6|  0.0|INFORM|Google Sheets Reader: Downloading cells for 1 rows from worksheet 'budget_sections', in range A1:B1
2020-04-02 00:14:30|   5.6|  0.0|INFORM|Google Sheets Reader: Inferring schema for worksheet 'budget_sections' by interpreting row 1 as field names
2020-04-02 00:14:30|   5.6|  0.0|INFORM|Google Sheets Reader: Downloading cells for 999 rows from worksheet 'budget_sections', in range A2:B1000
2020-04-02 00:14:31|   5.6|  0.0|INFORM|Testing for the existence of table 'internal.budget_sections'...
2020-04-02 00:14:31|   5.6|  0.0|INFORM|Truncating existing table 'internal.budget_sections'...
2020-04-02 00:14:31|   5.6|  0.0|INFORM|Using existing table 'internal.budget_sections'
2020-04-02 00:14:31|   5.6|  0.0|INFORM|POSTGRES Writer: Creating 'batched Bulk Copy' feature type processor for feature type 'internal.budget_sections'
2020-04-02 00:14:31|   5.6|  0.0|INFORM|Creating reader for format: Google Sheets
2020-04-02 00:14:31|   5.6|  0.0|INFORM|Trying to find a PYTHON plugin for reader named `GOOGLESHEETS'
2020-04-02 00:14:31|   5.6|  0.0|INFORM|Loaded Python module `googlesheets' from file `c:\FME2017\plugins/python27\googlesheets\__init__.pyc'
2020-04-02 00:14:31|   5.6|  0.0|INFORM|Google Sheets Reader: Looking for spreadsheet with ID '1mCG5vgN9SLyP1OOSGViOtjazC_lcltuuiTNRsHr51IE', based on URL 'https://docs.google.com/spreadsheets/d/1mCG5vgN9SLyP1OOSGViOtjazC_lcltuuiTNRsHr51IE/edit?usp=sharing'
2020-04-02 00:14:31|   5.6|  0.0|INFORM|Google Sheets: Requesting access token from OAuth 2.0 endpoint
2020-04-02 00:14:31|   5.7|  0.1|INFORM|Google Sheets Reader: Found spreadsheet 'BudgetMappings' with ID '1mCG5vgN9SLyP1OOSGViOtjazC_lcltuuiTNRsHr51IE'
2020-04-02 00:14:31|   5.7|  0.0|INFORM|Google Sheets Reader: Downloading cells for 1 rows from worksheet 'category_mapping', in range A1:C1
2020-04-02 00:14:31|   5.7|  0.0|INFORM|Google Sheets Reader: Inferring schema for worksheet 'category_mapping' by interpreting row 1 as field names
2020-04-02 00:14:31|   5.7|  0.0|INFORM|Google Sheets Reader: Downloading cells for 999 rows from worksheet 'category_mapping', in range A2:C1000
2020-04-02 00:14:34|   7.8|  2.0|INFORM|Testing for the existence of table 'internal.budget_category_mapping'...
2020-04-02 00:14:34|   7.8|  0.0|INFORM|Truncating existing table 'internal.budget_category_mapping'...
2020-04-02 00:14:34|   7.8|  0.0|INFORM|Using existing table 'internal.budget_category_mapping'
2020-04-02 00:14:34|   7.8|  0.0|INFORM|POSTGRES Writer: Creating 'batched Bulk Copy' feature type processor for feature type 'internal.budget_category_mapping'
2020-04-02 00:14:34|   7.9|  0.1|INFORM|Creating reader for format: Google Sheets
2020-04-02 00:14:34|   7.9|  0.0|INFORM|Trying to find a PYTHON plugin for reader named `GOOGLESHEETS'
2020-04-02 00:14:34|   7.9|  0.0|INFORM|Loaded Python module `googlesheets' from file `c:\FME2017\plugins/python27\googlesheets\__init__.pyc'
2020-04-02 00:14:34|   7.9|  0.0|INFORM|Google Sheets Reader: Looking for spreadsheet with ID '1mCG5vgN9SLyP1OOSGViOtjazC_lcltuuiTNRsHr51IE', based on URL 'https://docs.google.com/spreadsheets/d/1mCG5vgN9SLyP1OOSGViOtjazC_lcltuuiTNRsHr51IE/edit?usp=sharing'
2020-04-02 00:14:34|   7.9|  0.0|INFORM|Google Sheets: Requesting access token from OAuth 2.0 endpoint
2020-04-02 00:14:35|   8.0|  0.1|INFORM|Google Sheets Reader: Found spreadsheet 'BudgetMappings' with ID '1mCG5vgN9SLyP1OOSGViOtjazC_lcltuuiTNRsHr51IE'
2020-04-02 00:14:35|   8.0|  0.0|INFORM|Google Sheets Reader: Downloading cells for 1 rows from worksheet 'budget_section_mapping', in range A1:D1
2020-04-02 00:14:35|   8.0|  0.0|INFORM|Google Sheets Reader: Inferring schema for worksheet 'budget_section_mapping' by interpreting row 1 as field names
2020-04-02 00:14:35|   8.0|  0.0|INFORM|Google Sheets Reader: Downloading cells for 979 rows from worksheet 'budget_section_mapping', in range A2:D980
2020-04-02 00:14:36|   8.9|  0.9|INFORM|Testing for the existence of table 'internal.budget_section_mapping'...
2020-04-02 00:14:36|   8.9|  0.0|INFORM|Truncating existing table 'internal.budget_section_mapping'...
2020-04-02 00:14:36|   8.9|  0.0|INFORM|Using existing table 'internal.budget_section_mapping'
2020-04-02 00:14:36|   8.9|  0.0|INFORM|POSTGRES Writer: Creating 'batched Bulk Copy' feature type processor for feature type 'internal.budget_section_mapping'
2020-04-02 00:14:37|   8.9|  0.0|INFORM|Committed transaction at feature '1000'
2020-04-02 00:14:37|   8.9|  0.0|INFORM|POSTGRES Writer: Promoting feature type 'internal.budget_category_mapping' to streaming Bulk Copy and demoting feature type 'internal.budget_categories' for optimization
2020-04-02 00:14:37|   9.0|  0.0|INFORM|Creating reader for format: Google Sheets
2020-04-02 00:14:37|   9.0|  0.0|INFORM|Trying to find a PYTHON plugin for reader named `GOOGLESHEETS'
2020-04-02 00:14:37|   9.0|  0.0|INFORM|Loaded Python module `googlesheets' from file `c:\FME2017\plugins/python27\googlesheets\__init__.pyc'
2020-04-02 00:14:37|   9.0|  0.0|INFORM|Google Sheets Reader: Looking for spreadsheet with ID '1mCG5vgN9SLyP1OOSGViOtjazC_lcltuuiTNRsHr51IE', based on URL 'https://docs.google.com/spreadsheets/d/1mCG5vgN9SLyP1OOSGViOtjazC_lcltuuiTNRsHr51IE/edit?usp=sharing'
2020-04-02 00:14:37|   9.0|  0.0|INFORM|Google Sheets: Requesting access token from OAuth 2.0 endpoint
2020-04-02 00:14:37|   9.0|  0.1|INFORM|Google Sheets Reader: Found spreadsheet 'BudgetMappings' with ID '1mCG5vgN9SLyP1OOSGViOtjazC_lcltuuiTNRsHr51IE'
2020-04-02 00:14:37|   9.0|  0.0|INFORM|Google Sheets Reader: Downloading cells for 1 rows from worksheet 'exclusions', in range A1:B1
2020-04-02 00:14:37|   9.0|  0.0|INFORM|Google Sheets Reader: Inferring schema for worksheet 'exclusions' by interpreting row 1 as field names
2020-04-02 00:14:37|   9.0|  0.0|INFORM|Google Sheets Reader: Downloading cells for 976 rows from worksheet 'exclusions', in range A2:B977
2020-04-02 00:14:38|   9.8|  0.8|INFORM|Testing for the existence of table 'internal.budget_exclusions'...
2020-04-02 00:14:38|   9.8|  0.0|INFORM|Truncating existing table 'internal.budget_exclusions'...
2020-04-02 00:14:38|   9.8|  0.0|INFORM|Using existing table 'internal.budget_exclusions'
2020-04-02 00:14:38|   9.8|  0.0|INFORM|POSTGRES Writer: Creating 'batched Bulk Copy' feature type processor for feature type 'internal.budget_exclusions'
2020-04-02 00:14:39|   9.9|  0.1|INFORM|Committed transaction at feature '2000'
2020-04-02 00:14:39|   9.9|  0.0|INFORM|POSTGRES Writer: Promoting feature type 'internal.budget_exclusions' to streaming Bulk Copy and demoting feature type 'internal.budget_category_mapping' for optimization
2020-04-02 00:14:39|   9.9|  0.0|INFORM|Creating reader for format: Google Sheets
2020-04-02 00:14:39|   9.9|  0.0|INFORM|Trying to find a PYTHON plugin for reader named `GOOGLESHEETS'
2020-04-02 00:14:39|  10.0|  0.0|INFORM|Loaded Python module `googlesheets' from file `c:\FME2017\plugins/python27\googlesheets\__init__.pyc'
2020-04-02 00:14:39|  10.0|  0.0|INFORM|Google Sheets Reader: Looking for spreadsheet with ID '1mCG5vgN9SLyP1OOSGViOtjazC_lcltuuiTNRsHr51IE', based on URL 'https://docs.google.com/spreadsheets/d/1mCG5vgN9SLyP1OOSGViOtjazC_lcltuuiTNRsHr51IE/edit#gid=471930634'
2020-04-02 00:14:39|  10.0|  0.0|INFORM|Google Sheets: Requesting access token from OAuth 2.0 endpoint
2020-04-02 00:14:39|  10.1|  0.1|INFORM|Google Sheets Reader: Found spreadsheet 'BudgetMappings' with ID '1mCG5vgN9SLyP1OOSGViOtjazC_lcltuuiTNRsHr51IE'
2020-04-02 00:14:39|  10.1|  0.0|INFORM|Google Sheets Reader: Downloading cells for 1 rows from worksheet 'interfund_transfers', in range A1:B1
2020-04-02 00:14:39|  10.1|  0.0|INFORM|Google Sheets Reader: Inferring schema for worksheet 'interfund_transfers' by interpreting row 1 as field names
2020-04-02 00:14:39|  10.1|  0.0|INFORM|Google Sheets Reader: Downloading cells for 999 rows from worksheet 'interfund_transfers', in range A2:B1000
2020-04-02 00:14:40|  10.2|  0.1|INFORM|Testing for the existence of table 'internal.budget_interfund_transfers'...
2020-04-02 00:14:40|  10.2|  0.0|INFORM|Truncating existing table 'internal.budget_interfund_transfers'...
2020-04-02 00:14:40|  10.2|  0.0|INFORM|Using existing table 'internal.budget_interfund_transfers'
2020-04-02 00:14:40|  10.2|  0.0|INFORM|POSTGRES Writer: Creating 'batched Bulk Copy' feature type processor for feature type 'internal.budget_interfund_transfers'
2020-04-02 00:14:40|  10.2|  0.0|INFORM|Creating reader for format: Google Sheets
2020-04-02 00:14:40|  10.2|  0.0|INFORM|Trying to find a PYTHON plugin for reader named `GOOGLESHEETS'
2020-04-02 00:14:40|  10.2|  0.0|INFORM|Loaded Python module `googlesheets' from file `c:\FME2017\plugins/python27\googlesheets\__init__.pyc'
2020-04-02 00:14:40|  10.2|  0.0|INFORM|Google Sheets Reader: Looking for spreadsheet with ID '1mCG5vgN9SLyP1OOSGViOtjazC_lcltuuiTNRsHr51IE', based on URL 'https://docs.google.com/spreadsheets/d/1mCG5vgN9SLyP1OOSGViOtjazC_lcltuuiTNRsHr51IE/edit#gid=1888814977'
2020-04-02 00:14:40|  10.2|  0.0|INFORM|Google Sheets: Requesting access token from OAuth 2.0 endpoint
2020-04-02 00:14:40|  10.3|  0.1|INFORM|Google Sheets Reader: Found spreadsheet 'BudgetMappings' with ID '1mCG5vgN9SLyP1OOSGViOtjazC_lcltuuiTNRsHr51IE'
2020-04-02 00:14:40|  10.3|  0.0|INFORM|Google Sheets Reader: Downloading cells for 1 rows from worksheet 'deptdiv_mappings', in range A1:F1
2020-04-02 00:14:41|  10.3|  0.0|INFORM|Google Sheets Reader: Inferring schema for worksheet 'deptdiv_mappings' by interpreting row 1 as field names
2020-04-02 00:14:41|  10.3|  0.0|INFORM|Google Sheets Reader: Downloading cells for 833 rows from worksheet 'deptdiv_mappings', in range A2:F834
2020-04-02 00:14:41|  10.3|  0.0|INFORM|Google Sheets Reader: Downloading cells for 166 rows from worksheet 'deptdiv_mappings', in range A835:F1000
2020-04-02 00:14:41|  10.3|  0.0|INFORM|Testing for the existence of table 'internal.budget_deptdiv_mappings'...
2020-04-02 00:14:41|  10.3|  0.0|INFORM|Truncating existing table 'internal.budget_deptdiv_mappings'...
2020-04-02 00:14:41|  10.3|  0.0|INFORM|Using existing table 'internal.budget_deptdiv_mappings'
2020-04-02 00:14:41|  10.3|  0.0|INFORM|POSTGRES Writer: Creating 'batched Bulk Copy' feature type processor for feature type 'internal.budget_deptdiv_mappings'
2020-04-02 00:14:41|  10.3|  0.0|INFORM|MULTI_READER(MULTI_READER): Done reading 2127 features from 7 readers
2020-04-02 00:14:41|  10.3|  0.0|INFORM|Emptying factory pipeline
2020-04-02 00:14:41|  10.3|  0.0|STATS |Router and Unexpected Input Remover(RoutingFactory): Tested 2127 input feature(s), wrote 2127 output feature(s): 2127 matched merge filters, 2127 were routed to output, 0 could not be routed.
2020-04-02 00:14:41|  10.3|  0.0|STATS |budget_sections (GOOGLESHEETS_2) Splitter(TeeFactory): Cloned 5 input feature(s) into 5 output feature(s)
2020-04-02 00:14:41|  10.3|  0.0|STATS |category_mapping (GOOGLESHEETS_3) Splitter(TeeFactory): Cloned 859 input feature(s) into 859 output feature(s)
2020-04-02 00:14:41|  10.3|  0.0|STATS |budget_section_mapping (GOOGLESHEETS_4) Splitter(TeeFactory): Cloned 355 input feature(s) into 355 output feature(s)
2020-04-02 00:14:41|  10.3|  0.0|STATS |exclusions (GOOGLESHEETS_5) Splitter(TeeFactory): Cloned 861 input feature(s) into 861 output feature(s)
2020-04-02 00:14:41|  10.3|  0.0|STATS |interfund_transfers (GOOGLESHEETS_6) Splitter(TeeFactory): Cloned 34 input feature(s) into 34 output feature(s)
2020-04-02 00:14:41|  10.3|  0.0|STATS |categories (GOOGLESHEETS_1) Splitter(TeeFactory): Cloned 12 input feature(s) into 12 output feature(s)
2020-04-02 00:14:41|  10.3|  0.0|STATS |deptdiv_mappings (GOOGLESHEETS_7) Splitter(TeeFactory): Cloned 1 input feature(s) into 1 output feature(s)
2020-04-02 00:14:41|  10.3|  0.0|STATS |Destination Feature Type Routing Correlator(RoutingFactory): Tested 2127 input feature(s), wrote 2127 output feature(s): 0 matched merge filters, 2127 were routed to output, 0 could not be routed.
2020-04-02 00:14:41|  10.3|  0.0|STATS |Final Output Nuker(TeeFactory): Cloned 0 input feature(s) into 0 output feature(s)
2020-04-02 00:14:41|  10.3|  0.0|INFORM|Successfully closed POSTGRES database writer
2020-04-02 00:14:41|  10.3|  0.0|INFORM|=-=-=-=-=-=-=-=-=-=-=-=-=-=-=-=-=-=-=-=-=-=-=-=-=-=-=-=-=-=-=-=-=-=-=-=-=-=-=-
2020-04-02 00:14:41|  10.3|  0.0|INFORM|Feature output statistics for `POSTGRES' writer using keyword `POSTGRES_1':
2020-04-02 00:14:41|  10.3|  0.0|STATS |=-=-=-=-=-=-=-=-=-=-=-=-=-=-=-=-=-=-=-=-=-=-=-=-=-=-=-=-=-=-=-=-=-=-=-=-=-=-=-
2020-04-02 00:14:41|  10.3|  0.0|STATS |                               Features Written
2020-04-02 00:14:41|  10.3|  0.0|STATS |=-=-=-=-=-=-=-=-=-=-=-=-=-=-=-=-=-=-=-=-=-=-=-=-=-=-=-=-=-=-=-=-=-=-=-=-=-=-=-
2020-04-02 00:14:41|  10.3|  0.0|STATS |internal.budget_categories                                                  12
2020-04-02 00:14:41|  10.3|  0.0|STATS |internal.budget_category_mapping                                           859
2020-04-02 00:14:41|  10.3|  0.0|STATS |internal.budget_deptdiv_mappings                                             1
2020-04-02 00:14:41|  10.3|  0.0|STATS |internal.budget_exclusions                                                 861
2020-04-02 00:14:41|  10.3|  0.0|STATS |internal.budget_interfund_transfers                                         34
2020-04-02 00:14:41|  10.3|  0.0|STATS |internal.budget_section_mapping                                            355
2020-04-02 00:14:41|  10.3|  0.0|STATS |internal.budget_sections                                                     5
2020-04-02 00:14:41|  10.3|  0.0|STATS |==============================================================================
2020-04-02 00:14:41|  10.3|  0.0|STATS |Total Features Written                                                    2127
2020-04-02 00:14:41|  10.3|  0.0|STATS |=-=-=-=-=-=-=-=-=-=-=-=-=-=-=-=-=-=-=-=-=-=-=-=-=-=-=-=-=-=-=-=-=-=-=-=-=-=-=-
2020-04-02 00:14:41|  10.3|  0.0|STATS |=-=-=-=-=-=-=-=-=-=-=-=-=-=-=-=-=-=-=-=-=-=-=-=-=-=-=-=-=-=-=-=-=-=-=-=-=-=-=-
2020-04-02 00:14:41|  10.3|  0.0|STATS |                            Features Read Summary
2020-04-02 00:14:41|  10.3|  0.0|STATS |=-=-=-=-=-=-=-=-=-=-=-=-=-=-=-=-=-=-=-=-=-=-=-=-=-=-=-=-=-=-=-=-=-=-=-=-=-=-=-
2020-04-02 00:14:41|  10.3|  0.0|STATS |budget_section_mapping                                                     355
2020-04-02 00:14:41|  10.3|  0.0|STATS |budget_sections                                                              5
2020-04-02 00:14:41|  10.3|  0.0|STATS |categories                                                                  12
2020-04-02 00:14:41|  10.3|  0.0|STATS |category_mapping                                                           859
2020-04-02 00:14:41|  10.3|  0.0|STATS |deptdiv_mappings                                                             1
2020-04-02 00:14:41|  10.3|  0.0|STATS |exclusions                                                                 861
2020-04-02 00:14:41|  10.3|  0.0|STATS |interfund_transfers                                                         34
2020-04-02 00:14:41|  10.3|  0.0|STATS |==============================================================================
2020-04-02 00:14:41|  10.3|  0.0|STATS |Total Features Read                                                       2127
2020-04-02 00:14:41|  10.3|  0.0|STATS |=-=-=-=-=-=-=-=-=-=-=-=-=-=-=-=-=-=-=-=-=-=-=-=-=-=-=-=-=-=-=-=-=-=-=-=-=-=-=-
2020-04-02 00:14:41|  10.3|  0.0|STATS |=-=-=-=-=-=-=-=-=-=-=-=-=-=-=-=-=-=-=-=-=-=-=-=-=-=-=-=-=-=-=-=-=-=-=-=-=-=-=-
2020-04-02 00:14:41|  10.3|  0.0|STATS |                           Features Written Summary
2020-04-02 00:14:41|  10.3|  0.0|STATS |=-=-=-=-=-=-=-=-=-=-=-=-=-=-=-=-=-=-=-=-=-=-=-=-=-=-=-=-=-=-=-=-=-=-=-=-=-=-=-
2020-04-02 00:14:41|  10.3|  0.0|STATS |internal.budget_categories                                                  12
2020-04-02 00:14:41|  10.3|  0.0|STATS |internal.budget_category_mapping                                           859
2020-04-02 00:14:41|  10.3|  0.0|STATS |internal.budget_deptdiv_mappings                                             1
2020-04-02 00:14:41|  10.3|  0.0|STATS |internal.budget_exclusions                                                 861
2020-04-02 00:14:41|  10.3|  0.0|STATS |internal.budget_interfund_transfers                                         34
2020-04-02 00:14:41|  10.3|  0.0|STATS |internal.budget_section_mapping                                            355
2020-04-02 00:14:41|  10.3|  0.0|STATS |internal.budget_sections                                                     5
2020-04-02 00:14:41|  10.3|  0.0|STATS |==============================================================================
2020-04-02 00:14:41|  10.3|  0.0|STATS |Total Features Written                                                    2127
2020-04-02 00:14:41|  10.3|  0.0|STATS |=-=-=-=-=-=-=-=-=-=-=-=-=-=-=-=-=-=-=-=-=-=-=-=-=-=-=-=-=-=-=-=-=-=-=-=-=-=-=-
2020-04-02 00:14:41|  10.3|  0.0|INFORM|Translation was SUCCESSFUL with 1 warning(s) (2127 feature(s) output)
2020-04-02 00:14:41|  10.3|  0.0|INFORM|FME Session Duration: 36.4 seconds. (CPU: 9.0s user, 1.2s system)
2020-04-02 00:14:41|  10.3|  0.0|INFORM|END - ProcessID: 6252, peak process memory usage: 125420 kB, current process memory usage: 124596 kB
